<?xml version="1.0" encoding="UTF-8"?>
<!-- Generated by org.testng.reporters.JUnitReportReporter -->
<testsuite skipped="0" hostname="LAPTOP-6BHRP2ML" name="ma.Barnstable" tests="1" failures="0" timestamp="12 Feb 2021 13:30:23 GMT" time="881.565" errors="0">
  <testcase name="BarnstableTest" time="881.565" classname="ma.Barnstable"/>
</testsuite> <!-- ma.Barnstable -->
