<?xml version="1.0" encoding="UTF-8"?>
<!-- Generated by org.testng.reporters.JUnitReportReporter -->
<testsuite skipped="0" hostname="LAPTOP-6BHRP2ML" name="NewMA.v" tests="1" failures="0" timestamp="07 Jan 2021 06:14:06 GMT" time="0.011" errors="0">
  <testcase name="PassParameterfromGoalMaven" time="0.011" classname="NewMA.v"/>
</testsuite> <!-- NewMA.v -->
