<?xml version="1.0" encoding="UTF-8"?>
<testsuite xmlns:xsi="http://www.w3.org/2001/XMLSchema-instance" xsi:noNamespaceSchemaLocation="https://maven.apache.org/surefire/maven-surefire-plugin/xsd/surefire-test-report-3.0.xsd" version="3.0" name="TestSuite" time="883.788" tests="1" errors="0" skipped="0" failures="0">
  <properties>
    <property name="sun.desktop" value="windows"/>
    <property name="awt.toolkit" value="sun.awt.windows.WToolkit"/>
    <property name="java.specification.version" value="1.8"/>
    <property name="file.encoding.pkg" value="sun.io"/>
    <property name="webdriver.chrome.driver" value="C:\Users\Vchavala\eclipse-workspace\ma\Drivers\chromedriver.exe"/>
    <property name="sun.cpu.isalist" value="amd64"/>
    <property name="sun.jnu.encoding" value="Cp1252"/>
    <property name="java.class.path" value="C:\Users\Vchavala\eclipse-workspace\ma\target\test-classes;C:\Users\Vchavala\eclipse-workspace\ma\target\classes;C:\Users\Vchavala\.m2\repository\org\seleniumhq\selenium\selenium-java\3.13.0\selenium-java-3.13.0.jar;C:\Users\Vchavala\.m2\repository\org\seleniumhq\selenium\selenium-api\3.13.0\selenium-api-3.13.0.jar;C:\Users\Vchavala\.m2\repository\org\seleniumhq\selenium\selenium-chrome-driver\3.13.0\selenium-chrome-driver-3.13.0.jar;C:\Users\Vchavala\.m2\repository\org\seleniumhq\selenium\selenium-edge-driver\3.13.0\selenium-edge-driver-3.13.0.jar;C:\Users\Vchavala\.m2\repository\org\seleniumhq\selenium\selenium-firefox-driver\3.13.0\selenium-firefox-driver-3.13.0.jar;C:\Users\Vchavala\.m2\repository\org\seleniumhq\selenium\selenium-ie-driver\3.13.0\selenium-ie-driver-3.13.0.jar;C:\Users\Vchavala\.m2\repository\org\seleniumhq\selenium\selenium-opera-driver\3.13.0\selenium-opera-driver-3.13.0.jar;C:\Users\Vchavala\.m2\repository\org\seleniumhq\selenium\selenium-remote-driver\3.13.0\selenium-remote-driver-3.13.0.jar;C:\Users\Vchavala\.m2\repository\org\seleniumhq\selenium\selenium-safari-driver\3.13.0\selenium-safari-driver-3.13.0.jar;C:\Users\Vchavala\.m2\repository\org\seleniumhq\selenium\selenium-support\3.13.0\selenium-support-3.13.0.jar;C:\Users\Vchavala\.m2\repository\net\bytebuddy\byte-buddy\1.8.3\byte-buddy-1.8.3.jar;C:\Users\Vchavala\.m2\repository\org\apache\commons\commons-exec\1.3\commons-exec-1.3.jar;C:\Users\Vchavala\.m2\repository\commons-codec\commons-codec\1.10\commons-codec-1.10.jar;C:\Users\Vchavala\.m2\repository\commons-logging\commons-logging\1.2\commons-logging-1.2.jar;C:\Users\Vchavala\.m2\repository\com\google\code\gson\gson\2.8.4\gson-2.8.4.jar;C:\Users\Vchavala\.m2\repository\com\google\guava\guava\25.0-jre\guava-25.0-jre.jar;C:\Users\Vchavala\.m2\repository\com\google\code\findbugs\jsr305\1.3.9\jsr305-1.3.9.jar;C:\Users\Vchavala\.m2\repository\org\checkerframework\checker-compat-qual\2.0.0\checker-compat-qual-2.0.0.jar;C:\Users\Vchavala\.m2\repository\com\google\errorprone\error_prone_annotations\2.1.3\error_prone_annotations-2.1.3.jar;C:\Users\Vchavala\.m2\repository\com\google\j2objc\j2objc-annotations\1.1\j2objc-annotations-1.1.jar;C:\Users\Vchavala\.m2\repository\org\codehaus\mojo\animal-sniffer-annotations\1.14\animal-sniffer-annotations-1.14.jar;C:\Users\Vchavala\.m2\repository\org\apache\httpcomponents\httpclient\4.5.5\httpclient-4.5.5.jar;C:\Users\Vchavala\.m2\repository\org\apache\httpcomponents\httpcore\4.4.9\httpcore-4.4.9.jar;C:\Users\Vchavala\.m2\repository\com\squareup\okhttp3\okhttp\3.10.0\okhttp-3.10.0.jar;C:\Users\Vchavala\.m2\repository\com\squareup\okio\okio\1.14.1\okio-1.14.1.jar;C:\Users\Vchavala\.m2\repository\org\testng\testng\6.14.3\testng-6.14.3.jar;C:\Users\Vchavala\.m2\repository\com\beust\jcommander\1.72\jcommander-1.72.jar;C:\Users\Vchavala\.m2\repository\org\apache-extras\beanshell\bsh\2.0b6\bsh-2.0b6.jar;C:\Users\Vchavala\.m2\repository\org\apache\poi\poi\4.0.0\poi-4.0.0.jar;C:\Users\Vchavala\.m2\repository\org\apache\commons\commons-collections4\4.2\commons-collections4-4.2.jar;C:\Users\Vchavala\.m2\repository\org\apache\poi\poi-ooxml\4.0.0\poi-ooxml-4.0.0.jar;C:\Users\Vchavala\.m2\repository\org\apache\commons\commons-compress\1.18\commons-compress-1.18.jar;C:\Users\Vchavala\.m2\repository\com\github\virtuald\curvesapi\1.04\curvesapi-1.04.jar;C:\Users\Vchavala\.m2\repository\io\github\bonigarcia\webdrivermanager\3.8.0\webdrivermanager-3.8.0.jar;C:\Users\Vchavala\.m2\repository\org\slf4j\slf4j-api\1.7.25\slf4j-api-1.7.25.jar;C:\Users\Vchavala\.m2\repository\org\apache\commons\commons-lang3\3.8.1\commons-lang3-3.8.1.jar;C:\Users\Vchavala\.m2\repository\org\rauschig\jarchivelib\1.0.0\jarchivelib-1.0.0.jar;C:\Users\Vchavala\.m2\repository\org\jsoup\jsoup\1.11.3\jsoup-1.11.3.jar;C:\Users\Vchavala\.m2\repository\org\apache\poi\poi-scratchpad\4.0.0\poi-scratchpad-4.0.0.jar;C:\Users\Vchavala\.m2\repository\org\apache\poi\poi-ooxml-schemas\4.0.0\poi-ooxml-schemas-4.0.0.jar;C:\Users\Vchavala\.m2\repository\org\apache\xmlbeans\xmlbeans\3.0.1\xmlbeans-3.0.1.jar;C:\Users\Vchavala\.m2\repository\org\apache\poi\openxml4j\1.0-beta\openxml4j-1.0-beta.jar;C:\Users\Vchavala\.m2\repository\dom4j\dom4j\1.6.1\dom4j-1.6.1.jar;C:\Users\Vchavala\.m2\repository\xml-apis\xml-apis\1.0.b2\xml-apis-1.0.b2.jar;C:\Users\Vchavala\.m2\repository\log4j\log4j\1.2.8\log4j-1.2.8.jar;C:\Users\Vchavala\.m2\repository\com\itextpdf\barcodes\7.0.4\barcodes-7.0.4.jar;C:\Users\Vchavala\.m2\repository\com\itextpdf\font-asian\7.0.4\font-asian-7.0.4.jar;C:\Users\Vchavala\.m2\repository\com\itextpdf\forms\7.0.4\forms-7.0.4.jar;C:\Users\Vchavala\.m2\repository\com\itextpdf\hyph\7.0.4\hyph-7.0.4.jar;C:\Users\Vchavala\.m2\repository\com\itextpdf\io\7.0.4\io-7.0.4.jar;C:\Users\Vchavala\.m2\repository\com\itextpdf\kernel\7.0.4\kernel-7.0.4.jar;C:\Users\Vchavala\.m2\repository\com\itextpdf\layout\7.0.4\layout-7.0.4.jar;C:\Users\Vchavala\.m2\repository\com\itextpdf\pdfa\7.0.4\pdfa-7.0.4.jar;C:\Users\Vchavala\.m2\repository\com\itextpdf\sign\7.0.4\sign-7.0.4.jar;C:\Users\Vchavala\.m2\repository\mysql\mysql-connector-java\5.1.17\mysql-connector-java-5.1.17.jar;C:\Users\Vchavala\.m2\repository\org\apache\commons\commons-email\1.5\commons-email-1.5.jar;C:\Users\Vchavala\.m2\repository\com\sun\mail\javax.mail\1.5.6\javax.mail-1.5.6.jar;C:\Users\Vchavala\.m2\repository\javax\mail\mail\1.4\mail-1.4.jar;C:\Users\Vchavala\.m2\repository\commons-io\commons-io\2.4\commons-io-2.4.jar;C:\Users\Vchavala\.m2\repository\com\jayway\restassured\rest-assured\2.3.4\rest-assured-2.3.4.jar;C:\Users\Vchavala\.m2\repository\org\codehaus\groovy\groovy\2.3.6\groovy-2.3.6.jar;C:\Users\Vchavala\.m2\repository\org\codehaus\groovy\groovy-xml\2.3.6\groovy-xml-2.3.6.jar;C:\Users\Vchavala\.m2\repository\org\apache\httpcomponents\httpmime\4.3.5\httpmime-4.3.5.jar;C:\Users\Vchavala\.m2\repository\org\hamcrest\hamcrest-core\1.3\hamcrest-core-1.3.jar;C:\Users\Vchavala\.m2\repository\org\hamcrest\hamcrest-library\1.3\hamcrest-library-1.3.jar;C:\Users\Vchavala\.m2\repository\org\ccil\cowan\tagsoup\tagsoup\1.2.1\tagsoup-1.2.1.jar;C:\Users\Vchavala\.m2\repository\com\jayway\restassured\json-path\2.3.4\json-path-2.3.4.jar;C:\Users\Vchavala\.m2\repository\org\codehaus\groovy\groovy-json\2.3.6\groovy-json-2.3.6.jar;C:\Users\Vchavala\.m2\repository\com\jayway\restassured\rest-assured-common\2.3.4\rest-assured-common-2.3.4.jar;C:\Users\Vchavala\.m2\repository\com\jayway\restassured\xml-path\2.3.4\xml-path-2.3.4.jar;C:\Users\Vchavala\.m2\repository\org\codehaus\groovy\groovy-all\2.3.5\groovy-all-2.3.5.jar;C:\Users\Vchavala\.m2\repository\org\json\json\20180813\json-20180813.jar;C:\Users\Vchavala\.m2\repository\com\googlecode\json-simple\json-simple\1.1.1\json-simple-1.1.1.jar;C:\Users\Vchavala\.m2\repository\junit\junit\4.10\junit-4.10.jar;C:\Users\Vchavala\.m2\repository\com\amazonaws\aws-java-sdk\1.9.2\aws-java-sdk-1.9.2.jar;C:\Users\Vchavala\.m2\repository\com\amazonaws\aws-java-sdk-logs\1.9.2\aws-java-sdk-logs-1.9.2.jar;C:\Users\Vchavala\.m2\repository\com\amazonaws\aws-java-sdk-core\1.9.2\aws-java-sdk-core-1.9.2.jar;C:\Users\Vchavala\.m2\repository\com\fasterxml\jackson\core\jackson-databind\2.3.2\jackson-databind-2.3.2.jar;C:\Users\Vchavala\.m2\repository\com\fasterxml\jackson\core\jackson-annotations\2.3.0\jackson-annotations-2.3.0.jar;C:\Users\Vchavala\.m2\repository\com\fasterxml\jackson\core\jackson-core\2.3.2\jackson-core-2.3.2.jar;C:\Users\Vchavala\.m2\repository\joda-time\joda-time\2.10.10\joda-time-2.10.10.jar;C:\Users\Vchavala\.m2\repository\com\amazonaws\aws-java-sdk-elasticache\1.9.2\aws-java-sdk-elasticache-1.9.2.jar;C:\Users\Vchavala\.m2\repository\com\amazonaws\aws-java-sdk-elastictranscoder\1.9.2\aws-java-sdk-elastictranscoder-1.9.2.jar;C:\Users\Vchavala\.m2\repository\com\amazonaws\aws-java-sdk-route53\1.9.2\aws-java-sdk-route53-1.9.2.jar;C:\Users\Vchavala\.m2\repository\com\amazonaws\aws-java-sdk-datapipeline\1.9.2\aws-java-sdk-datapipeline-1.9.2.jar;C:\Users\Vchavala\.m2\repository\com\amazonaws\aws-java-sdk-cloudwatchmetrics\1.9.2\aws-java-sdk-cloudwatchmetrics-1.9.2.jar;C:\Users\Vchavala\.m2\repository\com\amazonaws\aws-java-sdk-cloudwatch\1.9.2\aws-java-sdk-cloudwatch-1.9.2.jar;C:\Users\Vchavala\.m2\repository\com\amazonaws\aws-java-sdk-dynamodb\1.9.2\aws-java-sdk-dynamodb-1.9.2.jar;C:\Users\Vchavala\.m2\repository\com\amazonaws\aws-java-sdk-rds\1.9.2\aws-java-sdk-rds-1.9.2.jar;C:\Users\Vchavala\.m2\repository\com\amazonaws\aws-java-sdk-storagegateway\1.9.2\aws-java-sdk-storagegateway-1.9.2.jar;C:\Users\Vchavala\.m2\repository\com\amazonaws\aws-java-sdk-swf-libraries\1.9.2\aws-java-sdk-swf-libraries-1.9.2.jar;C:\Users\Vchavala\.m2\repository\com\amazonaws\aws-java-sdk-simpleworkflow\1.9.2\aws-java-sdk-simpleworkflow-1.9.2.jar;C:\Users\Vchavala\.m2\repository\com\amazonaws\aws-java-sdk-directconnect\1.9.2\aws-java-sdk-directconnect-1.9.2.jar;C:\Users\Vchavala\.m2\repository\com\amazonaws\aws-java-sdk-iam\1.9.2\aws-java-sdk-iam-1.9.2.jar;C:\Users\Vchavala\.m2\repository\com\amazonaws\aws-java-sdk-ec2\1.9.2\aws-java-sdk-ec2-1.9.2.jar;C:\Users\Vchavala\.m2\repository\com\amazonaws\aws-java-sdk-cloudformation\1.9.2\aws-java-sdk-cloudformation-1.9.2.jar;C:\Users\Vchavala\.m2\repository\com\amazonaws\aws-java-sdk-ses\1.9.2\aws-java-sdk-ses-1.9.2.jar;C:\Users\Vchavala\.m2\repository\com\amazonaws\aws-java-sdk-elasticloadbalancing\1.9.2\aws-java-sdk-elasticloadbalancing-1.9.2.jar;C:\Users\Vchavala\.m2\repository\com\amazonaws\aws-java-sdk-cognitosync\1.9.2\aws-java-sdk-cognitosync-1.9.2.jar;C:\Users\Vchavala\.m2\repository\com\amazonaws\aws-java-sdk-cloudtrail\1.9.2\aws-java-sdk-cloudtrail-1.9.2.jar;C:\Users\Vchavala\.m2\repository\com\amazonaws\aws-java-sdk-elasticbeanstalk\1.9.2\aws-java-sdk-elasticbeanstalk-1.9.2.jar;C:\Users\Vchavala\.m2\repository\com\amazonaws\aws-java-sdk-simpledb\1.9.2\aws-java-sdk-simpledb-1.9.2.jar;C:\Users\Vchavala\.m2\repository\com\amazonaws\aws-java-sdk-opsworks\1.9.2\aws-java-sdk-opsworks-1.9.2.jar;C:\Users\Vchavala\.m2\repository\com\amazonaws\aws-java-sdk-autoscaling\1.9.2\aws-java-sdk-autoscaling-1.9.2.jar;C:\Users\Vchavala\.m2\repository\com\amazonaws\aws-java-sdk-sts\1.9.2\aws-java-sdk-sts-1.9.2.jar;C:\Users\Vchavala\.m2\repository\com\amazonaws\aws-java-sdk-cloudfront\1.9.2\aws-java-sdk-cloudfront-1.9.2.jar;C:\Users\Vchavala\.m2\repository\com\amazonaws\aws-java-sdk-importexport\1.9.2\aws-java-sdk-importexport-1.9.2.jar;C:\Users\Vchavala\.m2\repository\com\amazonaws\aws-java-sdk-emr\1.9.2\aws-java-sdk-emr-1.9.2.jar;C:\Users\Vchavala\.m2\repository\com\amazonaws\aws-java-sdk-cloudsearch\1.9.2\aws-java-sdk-cloudsearch-1.9.2.jar;C:\Users\Vchavala\.m2\repository\com\amazonaws\aws-java-sdk-glacier\1.9.2\aws-java-sdk-glacier-1.9.2.jar;C:\Users\Vchavala\.m2\repository\com\amazonaws\aws-java-sdk-sqs\1.9.2\aws-java-sdk-sqs-1.9.2.jar;C:\Users\Vchavala\.m2\repository\com\amazonaws\aws-java-sdk-sns\1.9.2\aws-java-sdk-sns-1.9.2.jar;C:\Users\Vchavala\.m2\repository\com\amazonaws\aws-java-sdk-s3\1.9.2\aws-java-sdk-s3-1.9.2.jar;C:\Users\Vchavala\.m2\repository\com\amazonaws\aws-java-sdk-kinesis\1.9.2\aws-java-sdk-kinesis-1.9.2.jar;C:\Users\Vchavala\.m2\repository\com\amazonaws\aws-java-sdk-redshift\1.9.2\aws-java-sdk-redshift-1.9.2.jar;C:\Users\Vchavala\.m2\repository\com\amazonaws\aws-java-sdk-support\1.9.2\aws-java-sdk-support-1.9.2.jar;C:\Users\Vchavala\.m2\repository\com\amazonaws\aws-java-sdk-cognitoidentity\1.9.2\aws-java-sdk-cognitoidentity-1.9.2.jar;C:\Users\Vchavala\.m2\repository\javax\xml\bind\jaxb-api\2.2.11\jaxb-api-2.2.11.jar;C:\Users\Vchavala\.m2\repository\com\sun\xml\bind\jaxb-core\2.2.11\jaxb-core-2.2.11.jar;C:\Users\Vchavala\.m2\repository\com\sun\xml\bind\jaxb-impl\2.2.11\jaxb-impl-2.2.11.jar;C:\Users\Vchavala\.m2\repository\javax\activation\activation\1.1.1\activation-1.1.1.jar;C:\Users\Vchavala\.m2\repository\com\github\yev\screenshot\0.2\screenshot-0.2.jar;C:\Users\Vchavala\.m2\repository\ru\yandex\qatools\ashot\ashot\1.5.3\ashot-1.5.3.jar;C:\Users\Vchavala\.m2\repository\com\googlecode\lambdaj\lambdaj\2.3.3\lambdaj-2.3.3.jar;C:\Users\Vchavala\.m2\repository\org\hamcrest\hamcrest-all\1.1\hamcrest-all-1.1.jar;C:\Users\Vchavala\.m2\repository\org\objenesis\objenesis\1.2\objenesis-1.2.jar;C:\Users\Vchavala\.m2\repository\cglib\cglib-nodep\2.2\cglib-nodep-2.2.jar;"/>
    <property name="java.vm.vendor" value="Oracle Corporation"/>
    <property name="sun.arch.data.model" value="64"/>
    <property name="CompanyName" value="null"/>
    <property name="user.variant" value=""/>
    <property name="java.vendor.url" value="http://java.oracle.com/"/>
    <property name="user.timezone" value="America/New_York"/>
    <property name="os.name" value="Windows 10"/>
    <property name="java.vm.specification.version" value="1.8"/>
    <property name="BuyerName" value="null"/>
    <property name="user.country" value="IN"/>
    <property name="sun.java.launcher" value="SUN_STANDARD"/>
    <property name="sun.boot.library.path" value="C:\Program Files\Java\jdk1.8.0_271\jre\bin"/>
    <property name="sun.java.command" value="C:\Users\Vchavala\AppData\Local\Temp\surefire5604745166078595309\surefirebooter4550814256844305523.jar C:\Users\Vchavala\AppData\Local\Temp\surefire5604745166078595309 2021-02-12T08-15-38_324-jvmRun1 surefire5710975892048581222tmp surefire_03735296500651186780tmp"/>
    <property name="surefire.test.class.path" value="C:\Users\Vchavala\eclipse-workspace\ma\target\test-classes;C:\Users\Vchavala\eclipse-workspace\ma\target\classes;C:\Users\Vchavala\.m2\repository\org\seleniumhq\selenium\selenium-java\3.13.0\selenium-java-3.13.0.jar;C:\Users\Vchavala\.m2\repository\org\seleniumhq\selenium\selenium-api\3.13.0\selenium-api-3.13.0.jar;C:\Users\Vchavala\.m2\repository\org\seleniumhq\selenium\selenium-chrome-driver\3.13.0\selenium-chrome-driver-3.13.0.jar;C:\Users\Vchavala\.m2\repository\org\seleniumhq\selenium\selenium-edge-driver\3.13.0\selenium-edge-driver-3.13.0.jar;C:\Users\Vchavala\.m2\repository\org\seleniumhq\selenium\selenium-firefox-driver\3.13.0\selenium-firefox-driver-3.13.0.jar;C:\Users\Vchavala\.m2\repository\org\seleniumhq\selenium\selenium-ie-driver\3.13.0\selenium-ie-driver-3.13.0.jar;C:\Users\Vchavala\.m2\repository\org\seleniumhq\selenium\selenium-opera-driver\3.13.0\selenium-opera-driver-3.13.0.jar;C:\Users\Vchavala\.m2\repository\org\seleniumhq\selenium\selenium-remote-driver\3.13.0\selenium-remote-driver-3.13.0.jar;C:\Users\Vchavala\.m2\repository\org\seleniumhq\selenium\selenium-safari-driver\3.13.0\selenium-safari-driver-3.13.0.jar;C:\Users\Vchavala\.m2\repository\org\seleniumhq\selenium\selenium-support\3.13.0\selenium-support-3.13.0.jar;C:\Users\Vchavala\.m2\repository\net\bytebuddy\byte-buddy\1.8.3\byte-buddy-1.8.3.jar;C:\Users\Vchavala\.m2\repository\org\apache\commons\commons-exec\1.3\commons-exec-1.3.jar;C:\Users\Vchavala\.m2\repository\commons-codec\commons-codec\1.10\commons-codec-1.10.jar;C:\Users\Vchavala\.m2\repository\commons-logging\commons-logging\1.2\commons-logging-1.2.jar;C:\Users\Vchavala\.m2\repository\com\google\code\gson\gson\2.8.4\gson-2.8.4.jar;C:\Users\Vchavala\.m2\repository\com\google\guava\guava\25.0-jre\guava-25.0-jre.jar;C:\Users\Vchavala\.m2\repository\com\google\code\findbugs\jsr305\1.3.9\jsr305-1.3.9.jar;C:\Users\Vchavala\.m2\repository\org\checkerframework\checker-compat-qual\2.0.0\checker-compat-qual-2.0.0.jar;C:\Users\Vchavala\.m2\repository\com\google\errorprone\error_prone_annotations\2.1.3\error_prone_annotations-2.1.3.jar;C:\Users\Vchavala\.m2\repository\com\google\j2objc\j2objc-annotations\1.1\j2objc-annotations-1.1.jar;C:\Users\Vchavala\.m2\repository\org\codehaus\mojo\animal-sniffer-annotations\1.14\animal-sniffer-annotations-1.14.jar;C:\Users\Vchavala\.m2\repository\org\apache\httpcomponents\httpclient\4.5.5\httpclient-4.5.5.jar;C:\Users\Vchavala\.m2\repository\org\apache\httpcomponents\httpcore\4.4.9\httpcore-4.4.9.jar;C:\Users\Vchavala\.m2\repository\com\squareup\okhttp3\okhttp\3.10.0\okhttp-3.10.0.jar;C:\Users\Vchavala\.m2\repository\com\squareup\okio\okio\1.14.1\okio-1.14.1.jar;C:\Users\Vchavala\.m2\repository\org\testng\testng\6.14.3\testng-6.14.3.jar;C:\Users\Vchavala\.m2\repository\com\beust\jcommander\1.72\jcommander-1.72.jar;C:\Users\Vchavala\.m2\repository\org\apache-extras\beanshell\bsh\2.0b6\bsh-2.0b6.jar;C:\Users\Vchavala\.m2\repository\org\apache\poi\poi\4.0.0\poi-4.0.0.jar;C:\Users\Vchavala\.m2\repository\org\apache\commons\commons-collections4\4.2\commons-collections4-4.2.jar;C:\Users\Vchavala\.m2\repository\org\apache\poi\poi-ooxml\4.0.0\poi-ooxml-4.0.0.jar;C:\Users\Vchavala\.m2\repository\org\apache\commons\commons-compress\1.18\commons-compress-1.18.jar;C:\Users\Vchavala\.m2\repository\com\github\virtuald\curvesapi\1.04\curvesapi-1.04.jar;C:\Users\Vchavala\.m2\repository\io\github\bonigarcia\webdrivermanager\3.8.0\webdrivermanager-3.8.0.jar;C:\Users\Vchavala\.m2\repository\org\slf4j\slf4j-api\1.7.25\slf4j-api-1.7.25.jar;C:\Users\Vchavala\.m2\repository\org\apache\commons\commons-lang3\3.8.1\commons-lang3-3.8.1.jar;C:\Users\Vchavala\.m2\repository\org\rauschig\jarchivelib\1.0.0\jarchivelib-1.0.0.jar;C:\Users\Vchavala\.m2\repository\org\jsoup\jsoup\1.11.3\jsoup-1.11.3.jar;C:\Users\Vchavala\.m2\repository\org\apache\poi\poi-scratchpad\4.0.0\poi-scratchpad-4.0.0.jar;C:\Users\Vchavala\.m2\repository\org\apache\poi\poi-ooxml-schemas\4.0.0\poi-ooxml-schemas-4.0.0.jar;C:\Users\Vchavala\.m2\repository\org\apache\xmlbeans\xmlbeans\3.0.1\xmlbeans-3.0.1.jar;C:\Users\Vchavala\.m2\repository\org\apache\poi\openxml4j\1.0-beta\openxml4j-1.0-beta.jar;C:\Users\Vchavala\.m2\repository\dom4j\dom4j\1.6.1\dom4j-1.6.1.jar;C:\Users\Vchavala\.m2\repository\xml-apis\xml-apis\1.0.b2\xml-apis-1.0.b2.jar;C:\Users\Vchavala\.m2\repository\log4j\log4j\1.2.8\log4j-1.2.8.jar;C:\Users\Vchavala\.m2\repository\com\itextpdf\barcodes\7.0.4\barcodes-7.0.4.jar;C:\Users\Vchavala\.m2\repository\com\itextpdf\font-asian\7.0.4\font-asian-7.0.4.jar;C:\Users\Vchavala\.m2\repository\com\itextpdf\forms\7.0.4\forms-7.0.4.jar;C:\Users\Vchavala\.m2\repository\com\itextpdf\hyph\7.0.4\hyph-7.0.4.jar;C:\Users\Vchavala\.m2\repository\com\itextpdf\io\7.0.4\io-7.0.4.jar;C:\Users\Vchavala\.m2\repository\com\itextpdf\kernel\7.0.4\kernel-7.0.4.jar;C:\Users\Vchavala\.m2\repository\com\itextpdf\layout\7.0.4\layout-7.0.4.jar;C:\Users\Vchavala\.m2\repository\com\itextpdf\pdfa\7.0.4\pdfa-7.0.4.jar;C:\Users\Vchavala\.m2\repository\com\itextpdf\sign\7.0.4\sign-7.0.4.jar;C:\Users\Vchavala\.m2\repository\mysql\mysql-connector-java\5.1.17\mysql-connector-java-5.1.17.jar;C:\Users\Vchavala\.m2\repository\org\apache\commons\commons-email\1.5\commons-email-1.5.jar;C:\Users\Vchavala\.m2\repository\com\sun\mail\javax.mail\1.5.6\javax.mail-1.5.6.jar;C:\Users\Vchavala\.m2\repository\javax\mail\mail\1.4\mail-1.4.jar;C:\Users\Vchavala\.m2\repository\commons-io\commons-io\2.4\commons-io-2.4.jar;C:\Users\Vchavala\.m2\repository\com\jayway\restassured\rest-assured\2.3.4\rest-assured-2.3.4.jar;C:\Users\Vchavala\.m2\repository\org\codehaus\groovy\groovy\2.3.6\groovy-2.3.6.jar;C:\Users\Vchavala\.m2\repository\org\codehaus\groovy\groovy-xml\2.3.6\groovy-xml-2.3.6.jar;C:\Users\Vchavala\.m2\repository\org\apache\httpcomponents\httpmime\4.3.5\httpmime-4.3.5.jar;C:\Users\Vchavala\.m2\repository\org\hamcrest\hamcrest-core\1.3\hamcrest-core-1.3.jar;C:\Users\Vchavala\.m2\repository\org\hamcrest\hamcrest-library\1.3\hamcrest-library-1.3.jar;C:\Users\Vchavala\.m2\repository\org\ccil\cowan\tagsoup\tagsoup\1.2.1\tagsoup-1.2.1.jar;C:\Users\Vchavala\.m2\repository\com\jayway\restassured\json-path\2.3.4\json-path-2.3.4.jar;C:\Users\Vchavala\.m2\repository\org\codehaus\groovy\groovy-json\2.3.6\groovy-json-2.3.6.jar;C:\Users\Vchavala\.m2\repository\com\jayway\restassured\rest-assured-common\2.3.4\rest-assured-common-2.3.4.jar;C:\Users\Vchavala\.m2\repository\com\jayway\restassured\xml-path\2.3.4\xml-path-2.3.4.jar;C:\Users\Vchavala\.m2\repository\org\codehaus\groovy\groovy-all\2.3.5\groovy-all-2.3.5.jar;C:\Users\Vchavala\.m2\repository\org\json\json\20180813\json-20180813.jar;C:\Users\Vchavala\.m2\repository\com\googlecode\json-simple\json-simple\1.1.1\json-simple-1.1.1.jar;C:\Users\Vchavala\.m2\repository\junit\junit\4.10\junit-4.10.jar;C:\Users\Vchavala\.m2\repository\com\amazonaws\aws-java-sdk\1.9.2\aws-java-sdk-1.9.2.jar;C:\Users\Vchavala\.m2\repository\com\amazonaws\aws-java-sdk-logs\1.9.2\aws-java-sdk-logs-1.9.2.jar;C:\Users\Vchavala\.m2\repository\com\amazonaws\aws-java-sdk-core\1.9.2\aws-java-sdk-core-1.9.2.jar;C:\Users\Vchavala\.m2\repository\com\fasterxml\jackson\core\jackson-databind\2.3.2\jackson-databind-2.3.2.jar;C:\Users\Vchavala\.m2\repository\com\fasterxml\jackson\core\jackson-annotations\2.3.0\jackson-annotations-2.3.0.jar;C:\Users\Vchavala\.m2\repository\com\fasterxml\jackson\core\jackson-core\2.3.2\jackson-core-2.3.2.jar;C:\Users\Vchavala\.m2\repository\joda-time\joda-time\2.10.10\joda-time-2.10.10.jar;C:\Users\Vchavala\.m2\repository\com\amazonaws\aws-java-sdk-elasticache\1.9.2\aws-java-sdk-elasticache-1.9.2.jar;C:\Users\Vchavala\.m2\repository\com\amazonaws\aws-java-sdk-elastictranscoder\1.9.2\aws-java-sdk-elastictranscoder-1.9.2.jar;C:\Users\Vchavala\.m2\repository\com\amazonaws\aws-java-sdk-route53\1.9.2\aws-java-sdk-route53-1.9.2.jar;C:\Users\Vchavala\.m2\repository\com\amazonaws\aws-java-sdk-datapipeline\1.9.2\aws-java-sdk-datapipeline-1.9.2.jar;C:\Users\Vchavala\.m2\repository\com\amazonaws\aws-java-sdk-cloudwatchmetrics\1.9.2\aws-java-sdk-cloudwatchmetrics-1.9.2.jar;C:\Users\Vchavala\.m2\repository\com\amazonaws\aws-java-sdk-cloudwatch\1.9.2\aws-java-sdk-cloudwatch-1.9.2.jar;C:\Users\Vchavala\.m2\repository\com\amazonaws\aws-java-sdk-dynamodb\1.9.2\aws-java-sdk-dynamodb-1.9.2.jar;C:\Users\Vchavala\.m2\repository\com\amazonaws\aws-java-sdk-rds\1.9.2\aws-java-sdk-rds-1.9.2.jar;C:\Users\Vchavala\.m2\repository\com\amazonaws\aws-java-sdk-storagegateway\1.9.2\aws-java-sdk-storagegateway-1.9.2.jar;C:\Users\Vchavala\.m2\repository\com\amazonaws\aws-java-sdk-swf-libraries\1.9.2\aws-java-sdk-swf-libraries-1.9.2.jar;C:\Users\Vchavala\.m2\repository\com\amazonaws\aws-java-sdk-simpleworkflow\1.9.2\aws-java-sdk-simpleworkflow-1.9.2.jar;C:\Users\Vchavala\.m2\repository\com\amazonaws\aws-java-sdk-directconnect\1.9.2\aws-java-sdk-directconnect-1.9.2.jar;C:\Users\Vchavala\.m2\repository\com\amazonaws\aws-java-sdk-iam\1.9.2\aws-java-sdk-iam-1.9.2.jar;C:\Users\Vchavala\.m2\repository\com\amazonaws\aws-java-sdk-ec2\1.9.2\aws-java-sdk-ec2-1.9.2.jar;C:\Users\Vchavala\.m2\repository\com\amazonaws\aws-java-sdk-cloudformation\1.9.2\aws-java-sdk-cloudformation-1.9.2.jar;C:\Users\Vchavala\.m2\repository\com\amazonaws\aws-java-sdk-ses\1.9.2\aws-java-sdk-ses-1.9.2.jar;C:\Users\Vchavala\.m2\repository\com\amazonaws\aws-java-sdk-elasticloadbalancing\1.9.2\aws-java-sdk-elasticloadbalancing-1.9.2.jar;C:\Users\Vchavala\.m2\repository\com\amazonaws\aws-java-sdk-cognitosync\1.9.2\aws-java-sdk-cognitosync-1.9.2.jar;C:\Users\Vchavala\.m2\repository\com\amazonaws\aws-java-sdk-cloudtrail\1.9.2\aws-java-sdk-cloudtrail-1.9.2.jar;C:\Users\Vchavala\.m2\repository\com\amazonaws\aws-java-sdk-elasticbeanstalk\1.9.2\aws-java-sdk-elasticbeanstalk-1.9.2.jar;C:\Users\Vchavala\.m2\repository\com\amazonaws\aws-java-sdk-simpledb\1.9.2\aws-java-sdk-simpledb-1.9.2.jar;C:\Users\Vchavala\.m2\repository\com\amazonaws\aws-java-sdk-opsworks\1.9.2\aws-java-sdk-opsworks-1.9.2.jar;C:\Users\Vchavala\.m2\repository\com\amazonaws\aws-java-sdk-autoscaling\1.9.2\aws-java-sdk-autoscaling-1.9.2.jar;C:\Users\Vchavala\.m2\repository\com\amazonaws\aws-java-sdk-sts\1.9.2\aws-java-sdk-sts-1.9.2.jar;C:\Users\Vchavala\.m2\repository\com\amazonaws\aws-java-sdk-cloudfront\1.9.2\aws-java-sdk-cloudfront-1.9.2.jar;C:\Users\Vchavala\.m2\repository\com\amazonaws\aws-java-sdk-importexport\1.9.2\aws-java-sdk-importexport-1.9.2.jar;C:\Users\Vchavala\.m2\repository\com\amazonaws\aws-java-sdk-emr\1.9.2\aws-java-sdk-emr-1.9.2.jar;C:\Users\Vchavala\.m2\repository\com\amazonaws\aws-java-sdk-cloudsearch\1.9.2\aws-java-sdk-cloudsearch-1.9.2.jar;C:\Users\Vchavala\.m2\repository\com\amazonaws\aws-java-sdk-glacier\1.9.2\aws-java-sdk-glacier-1.9.2.jar;C:\Users\Vchavala\.m2\repository\com\amazonaws\aws-java-sdk-sqs\1.9.2\aws-java-sdk-sqs-1.9.2.jar;C:\Users\Vchavala\.m2\repository\com\amazonaws\aws-java-sdk-sns\1.9.2\aws-java-sdk-sns-1.9.2.jar;C:\Users\Vchavala\.m2\repository\com\amazonaws\aws-java-sdk-s3\1.9.2\aws-java-sdk-s3-1.9.2.jar;C:\Users\Vchavala\.m2\repository\com\amazonaws\aws-java-sdk-kinesis\1.9.2\aws-java-sdk-kinesis-1.9.2.jar;C:\Users\Vchavala\.m2\repository\com\amazonaws\aws-java-sdk-redshift\1.9.2\aws-java-sdk-redshift-1.9.2.jar;C:\Users\Vchavala\.m2\repository\com\amazonaws\aws-java-sdk-support\1.9.2\aws-java-sdk-support-1.9.2.jar;C:\Users\Vchavala\.m2\repository\com\amazonaws\aws-java-sdk-cognitoidentity\1.9.2\aws-java-sdk-cognitoidentity-1.9.2.jar;C:\Users\Vchavala\.m2\repository\javax\xml\bind\jaxb-api\2.2.11\jaxb-api-2.2.11.jar;C:\Users\Vchavala\.m2\repository\com\sun\xml\bind\jaxb-core\2.2.11\jaxb-core-2.2.11.jar;C:\Users\Vchavala\.m2\repository\com\sun\xml\bind\jaxb-impl\2.2.11\jaxb-impl-2.2.11.jar;C:\Users\Vchavala\.m2\repository\javax\activation\activation\1.1.1\activation-1.1.1.jar;C:\Users\Vchavala\.m2\repository\com\github\yev\screenshot\0.2\screenshot-0.2.jar;C:\Users\Vchavala\.m2\repository\ru\yandex\qatools\ashot\ashot\1.5.3\ashot-1.5.3.jar;C:\Users\Vchavala\.m2\repository\com\googlecode\lambdaj\lambdaj\2.3.3\lambdaj-2.3.3.jar;C:\Users\Vchavala\.m2\repository\org\hamcrest\hamcrest-all\1.1\hamcrest-all-1.1.jar;C:\Users\Vchavala\.m2\repository\org\objenesis\objenesis\1.2\objenesis-1.2.jar;C:\Users\Vchavala\.m2\repository\cglib\cglib-nodep\2.2\cglib-nodep-2.2.jar;"/>
    <property name="sun.cpu.endian" value="little"/>
    <property name="user.home" value="C:\Users\Vchavala"/>
    <property name="user.language" value="en"/>
    <property name="java.specification.vendor" value="Oracle Corporation"/>
    <property name="City" value="Northampton"/>
    <property name="java.home" value="C:\Program Files\Java\jdk1.8.0_271\jre"/>
    <property name="basedir" value="C:\Users\Vchavala\eclipse-workspace\ma"/>
    <property name="file.separator" value="\"/>
    <property name="line.separator" value="&#10;"/>
    <property name="java.vm.specification.vendor" value="Oracle Corporation"/>
    <property name="java.specification.name" value="Java Platform API Specification"/>
    <property name="State" value="MA"/>
    <property name="java.awt.graphicsenv" value="sun.awt.Win32GraphicsEnvironment"/>
    <property name="surefire.real.class.path" value="C:\Users\Vchavala\AppData\Local\Temp\surefire5604745166078595309\surefirebooter4550814256844305523.jar"/>
    <property name="sun.boot.class.path" value="C:\Program Files\Java\jdk1.8.0_271\jre\lib\resources.jar;C:\Program Files\Java\jdk1.8.0_271\jre\lib\rt.jar;C:\Program Files\Java\jdk1.8.0_271\jre\lib\sunrsasign.jar;C:\Program Files\Java\jdk1.8.0_271\jre\lib\jsse.jar;C:\Program Files\Java\jdk1.8.0_271\jre\lib\jce.jar;C:\Program Files\Java\jdk1.8.0_271\jre\lib\charsets.jar;C:\Program Files\Java\jdk1.8.0_271\jre\lib\jfr.jar;C:\Program Files\Java\jdk1.8.0_271\jre\classes"/>
    <property name="user.script" value=""/>
    <property name="sun.management.compiler" value="HotSpot 64-Bit Tiered Compilers"/>
    <property name="java.runtime.version" value="1.8.0_271-b09"/>
    <property name="user.name" value="Vchavala"/>
    <property name="OrderNo" value="197048"/>
    <property name="path.separator" value=";"/>
    <property name="County" value="Barnstable"/>
    <property name="os.version" value="10.0"/>
    <property name="java.endorsed.dirs" value="C:\Program Files\Java\jdk1.8.0_271\jre\lib\endorsed"/>
    <property name="java.runtime.name" value="Java(TM) SE Runtime Environment"/>
    <property name="file.encoding" value="Cp1252"/>
    <property name="java.vm.name" value="Java HotSpot(TM) 64-Bit Server VM"/>
    <property name="localRepository" value="C:\Users\Vchavala\.m2\repository"/>
    <property name="java.vendor.url.bug" value="http://bugreport.sun.com/bugreport/"/>
    <property name="java.io.tmpdir" value="C:\Users\Vchavala\AppData\Local\Temp\"/>
    <property name="java.version" value="1.8.0_271"/>
    <property name="CoBuyerName" value="null"/>
    <property name="user.dir" value="C:\Users\Vchavala\eclipse-workspace\ma"/>
    <property name="ZipCode" value="01062"/>
    <property name="os.arch" value="amd64"/>
    <property name="Address2" value="null"/>
    <property name="java.vm.specification.name" value="Java Virtual Machine Specification"/>
    <property name="java.awt.printerjob" value="sun.awt.windows.WPrinterJob"/>
    <property name="Address1" value="305 Westhampton Rd"/>
    <property name="sun.os.patch.level" value=""/>
    <property name="java.library.path" value="C:\Program Files\Java\jdk1.8.0_271\jre\bin;C:\WINDOWS\Sun\Java\bin;C:\WINDOWS\system32;C:\WINDOWS;C:\Python39\Scripts\;C:\Python39\;C:\Program Files (x86)\Common Files\Oracle\Java\javapath;C:\WINDOWS\system32;C:\WINDOWS;C:\WINDOWS\System32\Wbem;C:\WINDOWS\System32\WindowsPowerShell\v1.0\;C:\WINDOWS\System32\OpenSSH\;C:\Venky\Automation scripts\apache-maven-3.6.3\bin;%MVN_HOME%\bin;C:\Program Files\Java\jdk1.8.0_271\\bin;C:\Program Files\Java\jdk1.8.0_271\bin;C:\Program Files\nodejs\;C:\ProgramData\chocolatey\bin;C:\Users\Vchavala\AppData\Local\Microsoft\WindowsApps;C:\Users\Vchavala\AppData\Local\Programs\Microsoft VS Code\bin;C:\Users\Vchavala\AppData\Roaming\npm;C:\Users\Vchavala\AppData\Local\Programs\Git\cmd;."/>
    <property name="java.vm.info" value="mixed mode"/>
    <property name="java.vendor" value="Oracle Corporation"/>
    <property name="java.vm.version" value="25.271-b09"/>
    <property name="java.ext.dirs" value="C:\Program Files\Java\jdk1.8.0_271\jre\lib\ext;C:\WINDOWS\Sun\Java\lib\ext"/>
    <property name="sun.io.unicode.encoding" value="UnicodeLittle"/>
    <property name="java.class.version" value="52.0"/>
  </properties>
  <testcase name="BarnstableTest" classname="ma.Barnstable" time="881.548">
    <system-out><![CDATA[[TestNGContentHandler] [WARN] It is strongly recommended to add "<!DOCTYPE suite SYSTEM "http://testng.org/testng-1.0.dtd" >" at the top of your file, otherwise TestNG may fail or not work as expected.
OrderNo is: 197048
Address1 is : 305 Westhampton Rd
Address2 is : null
Town is : Northampton
State is : MA
County is : Barnstable
ZipCode is: 01062
BuyerName is : null
CoBuyerName is : null
CompanyName is : null
**Split Name and Address**
length is:3
StreetName is:Westhampton
StreetEnd is:Rd
StreetName is:Westhampton Rd
StreetName is:Westhampton Rd
StreetNo is:305
305 is a valid integer number
Street No is Integer - ADD1 is:305 Westhampton Rd
BuyerName is: null
comma is available in BuyerName?: false
First Name is: 
Last Name is: null
length is: 1
Name is:  null
currentdt is: 021220210815
NOT Exists
Folder created: C:\Users\Vchavala\eclipse-workspace\ma\DownloadPDF\197048_021220210815County for this Order is: hampshire
**Name search details**
1
No. of pages0
Page No:0
MORTGAGE documents : 0
DEED documents:3
0
1
2
LIEN documents : 0
documents are not avilable for names 
**Address search details**
No. of pages0
Page No:0
MORTGAGE documents : 5
0
1
2
3
4
DEED documents:2
0
1
LIEN documents : 0
documents are not avilable for Address 
Town for this Order is: Northampton
***Pacer title is: PACER Case Locator - Search Results
Document No: 0
Document No: 1
Document No: 2
Documents available in OFAC: 0
exists
File Count is: 11
zip_File_pathUEsDBBQACAgIALBDTFIAAAAAAAAAAAAAAAAPAAAAQUNTUmVzb3VyY2UucGRmxLx3VFPZFzA6asBQTSjSJYQuLVQpKiSEJlXBBmqIdOmI2M0QAoQiVZGqgDRFBRVQcTQDAUWKUkSaihRnQEER6ZB73k2wzcxvvff++dZ3lkq4d7ez9z67nHOiohPRUkNbU49XcXjkRRevNgaHCT58hHfrVi1Lv4BwrzAtywByuBfRyyPY00vLzivIJ9wXo62to7N9+9HwMC9yIO+J3O59g44DxiLnKhrAuy9mzh1K4ekRfju1hj/FukseCO8b0NsdFJbtrVDjZTJ+f+/KZ5OITgMz11eomFuyQk/nFlcWTWo8ZF+ko5wF1sTJR9yMcH3Lp9RlkuWnEXNZbMdl3vcxubHa97c7bv2wqPssXcX+gCbzj7o7ZVtszN/bK1xRE/+YhZA80ei/NNdG2wSFGmYKLgUrVwzta+goI33y337l4aCfpbJZdYvZaZcPTcn4kwRLu4eHlZISCkNFEt9Kz5BclbclXJAiNic/IAyep2eoSk9W6WzmOY//sGFX2LVPexC/Y8kdF540X5isKlQNVRdZacdInH/2dtNtLt1bMybP9c6LNwkuBpda4Oyd//pI163vM1KxMF+gKwpeLHCt0bZpyZkutcFmPh6xIex3z6FsW3ilaNAFXhm56j866HX2OksiNP+obLyuifH6WsRrqhUX9+OgSRXbG3zmXxs+idUkCCZKR1s/CMkTVRGtr242DpTmvY1iGvS9OLrwVpHrNerustrUVdGIZ7oXm7xyTr+0nV5cfGh7R7KBL0VO+yWfQmv1ea3p+taZJP+rv7/BSb064dom//H+WlbkctjgZkyghS6ynxnbrbR7n4ZJmw/j5Zbivj9uhT5Wboo+ZVF6sNPAuNpESiPyUMU1hv7b/aabrx/hbznBe+53iqD6tq4Uw4d7kccKI66Y3cnGMmc1Qwq7u9/2Hip6Bp3raqDRbqw5/OhQV0NJqou9dYzwXL5fkHZgfDbL0y8sTvF66CAhwwJX8QBHgMRmK/J89vM6Fs6mthhdxH9tJdw6qRt0DHGR93lmxNSlDnnWk2u8oo1/hguU/HUA23D4Q3S+Vlvcx7Qd2WXn0wrn5kK4p6lKv//W99eTGtXGK37ekh6RL7I6L/hVXx+e0PVEPVz0NXj3fin7k4yc5N67xNnjmz+cdGvWsx9ZQG8YEtnayNB8q1G/HHK38HWepZZyNRf0CCt2PElcVPB+xQHJKZvQui+KV5y27amr3hKy/NYG2iY+/7SU9Nz0CkF96rqO2qGd2MMvcm8bmrcqaF4/0Cp7tVlyvrpDiExmbGm8tm0pXH/7g61SOf2Oez8NFZgYTkg9XACTrRSjQ1z77YN1HjpnGDQLTLQ+WNhdpDkWHeWd1ywcZNRHlopI4PH4ulzyYjbm3gu5DY4fW+feb/tzGjpKPCS71fivQP2DM3fP31La7T8wcOOmjagxiyD6zmukJ+9N8MoNn99Dz3dvExb/qrWlfmJSqVzbP2Pi/dF24sMF1a03z53nU3lQUvucMls3eYOVHH3H533pa/nyk0rn7JMWD1JGXMvvV+2VeyMR+Opa9aFX3KGfSp9Sjd1mHkS/LX4Rg3U8OeopcbrfT/Tw3+83XFUNSmP2mqpZ587w/zX6+dnxqeq7vI1bj4wpbfn8gBRAdcvUkD/pe0r5+j3RmIuN2N7Xe2o+J+BK4t6r1x8U3OGoMOZyZyv1QVrN2l3v9ta9Xsy+Mo7x1RqJL+7ty7t77FLVZK3F2PpNpL/HX5ebriF90gvg9Qry/BZs4E/s6KTzM0rtcMawY9YuLWetHeQIsrNHmF9I+Pbt3yF1f0I6kAO9jrqp4P41VDFsarsO/sTR+4lDIASfcMPBvxvgDDBbDA0PatmTw8P8TrixeeI4nHEHtSyDwwJdToZ4YbS1nI8dDoc/cR79v0TQLUZau7yOBh8L8/A6CrPZ53j4iJdHOPzJBofRZ4uzfbuWU1iwh7NXuJsWHKG1bALJPl4ELRevE+GwpFpsbt+xfonER3l34lxwvxHMuXSFuY7KC0enHODqQXHdInCt2ybvYXu0UiHTj9tb6e/NIpvFsyT3/37yieXGErNm4ov21w0ohdLPfvnv0ipQSNpvW08IHfmv2g3+/yQHPaNfBFIbDeMd0jFwxm3R34W0GQoTGOId3ezCkRGZlVueL5vqXcZm2cT124dinun/stzyk6WNyz4XFT1NbU0DVS1bP8+jboZsRWGMONbTMg8+FhSO0VnVjBOsrKM/DWr4k8j/1vo+b22M3v9SO1vf33XP+WG++sOGbQQncpgXzHMLx/3svTz9yP/xFvPgoHAY5ijGgAP0Q7ifsmnj/m96mzacy/8vulvZd3eLFPL/r+21df5P+FvRd3+7wfP1vzyN/r9dRQfDsdn/OV/hzPt/O8sv5dmvNtFaVQnMJPCoG1v04ONHMbo6hvow0YBjgUFHMTr6OoZathgN7e3bD2rt9fOEFcd5RPALP+rkFWYeHBgSHMSW8KdTcYTXsvby8/ENXyW2agQ3LXNzGxcXS/KJVa4Hf5SFhgaGumyOwWHOIWQPL1iqCD8PL6sw8skfJsJg7seIjSL2IE2RE/vPufnbFKzY3E5oQt7YVVsNmV78yMgLSWzioZznWUeiqybPpSJfl49y4W8HT0WmjXqAK1H8pAU6AO+LfP+gNAcnf2QSw4MBOvWu4+dB5mZT+ii3BbjwbBdAA3g0CapYvJhed4H7Kt/0g3AzJxVRRhOvaKTpMN8QauuW3nuIFdS5yAXHZi8fpGkdWiIymLV+2dq08Yzy/PjSOcY5BmVxzc6eBeix2Z7PX1Z+T3FcEaY8u/PblJMVV9O7W8Hyd4w1EwqNNa1Sb1uPzblRC2uvM9hcpwhYzjDH8Auau4TFYj4RpelGHqnrVcJi1QS4BE/oW1Fz3+7Nu+HJAQfD2O/DbOpA2Hrq/VFUGGbUI12aGtmkejJRVFfX7CIFgBW60bq6qlA0PITWU1tSnP4++iB35IKRR25Y7icXUcL9V6dE3huVuNn1cKhCaFXBnVx2iWE3YqWTkCYpvUbcLzBBhvTvI2WrTNPVlNCmd4lhMyYXY7fsUL1P4iDOsjmg9T3b0E+srDpkpIiLMuhhs1biiXoDuSmCoXsSP7pDWip9NDw0lUmWNRT5M8wYt/490/q+kNi6A39uFOPS2W7Fa7WWLzFZrKXQWEusFSvtoZ3btEhPoUtuTygM313gD/4xWMR/jUgJmfSrvplrR0N0135B/xxCkldTWqSjHuS/dRoNOq6iu2jfwJkrhMVa7EzZ5N/0RQbdQTuIbvrLSiLkOUmTPjGU6c1USeJv5ZCNKRvNTfASdJEJ1f/G+Ycy4nam6dKsLCXoMTrbfYkhMWuQ725YrcO1wmoHS6vMTcItdIw1WwoNm8aSEpFWxHCS/NW1qX2h1u/arbCGWzQFrQRoEVbrnq/alHX7F7EvxTCmA8gbKeZ8oEBoMPVAtgBlDutWbE+Z6iXNxohB9rdVyJQ5TXHSTAqOBPGLsd7VUTLG/TUq9S/W15HAU573x5xegYWTB9UNKEvD/iToZjIkDD6C6QC3frAU4zQOWA3mpKV4EHhufqliFoDB5Z4PuzpkSKCAAlEpS7umSaziQXDfuibDBCwdjmHM5YBeG8oIyGizAS/vrvegLHll3kkDS7JQI6Mf7GqT+gh4MszUqUUM0BDMesrSaS5jrFA+AlgdLFvCdTAguwSaPVMpC7B2AGXRXzUYmEPj5+4t9XxypZaDJwBMv3KlAHLF9GtV52jQaF8YJCkFXlsywgZUHGHQKwth3VdBVwWQXanxvgSEmpCMlWrLdjApcK56mckirZQ0eoEW92gKSNRiWbEATGZj716wQN0AXBlfq6pnQXKzLMi+zK8C5spIK8HAlgXCweBsxTKU9KTDvR4pBkkJZQo3GMmIPtMCTlHmFay9svOfgcBeyNXC2g3sBBQo/sOlJS89bSXTGcvUTZr0RRlxut4xK3Sn4fknvq8PCnAsrxbh9H5xx3Mj8wtbk9JC8ERrX+lSZW9q5dxZ26NGNqk+qwvNLUt81YmyYWMLCGT7dBzdkiufKt2K3X5Q3PJ+mcX0uNY//DwlOR4t/neUkXm6NDP36H4H59yjSc45gtStqlU6FqYcop3fnQdlNWplFql0UswS3RCI7hg9oHomKaEhPFDMKvVYMgd0mf7TjbmenUlK/HodF9dxTTKVdgUWDsUORgalRJL8nbHk1N3wEyabrMC54rMSPggLSwYUiZ4h6BKbh+kqD3bwGuWXHHWEZy6TtlbcsrIQK4+0R8+QZa36ws2tiGzXnvYofBBGEEC1vycbZOpcvBh90sHpvdNIXvPLgudG1tslmqVL8MGreskRPBiDesmesCXNnH7ZoqMhUNaiQ0Yy1SEO/mjgtTrTGbTMeqEw4o2Vow0c5ewnlCJ31pSz32w5Y6WAoqdVkT1g5Y0biEQWiMDTVfvAQtVHFAKwGGyBTIrkdWqayKiKf3JEFkY5H13Ab0hWEMd48cEoNCvrlL9laxrUlYQVDNgS6dEkd2R3mMJuDaAqFupw/540r5RqdjSAsm35ZgvgmYMJFTIiRcdYPqvtQzU7IC5VEkOFyzAEeVYVrE/QW6BZYP2atpu5oyVWfYYNkHe9XG2sIaF3wk1EDYCROBHCRZmdT5w8wzT0quDXlbG3G58wQG1xOYCcJnDXYV7acwywj2C6IgdIK/esy4EU6+Os/FXMTgpsrXoMwc8EDDcRPUPvYiR8CAC0yyHl9LXBHPIxcpgMAFIYleIOk8WvW09akQhPCbjDzQBju/jFKwB3aqvBIGg1wfMJMiBVDLkC2BgAqCDGdeMxMCdknww6ZAiBgCUdWr4BLBTlkIDTIJgZBEU3wWKQQJ0zf44rAAKqjTDgwn2MuZ0paIeV2seH1QDL6sfugSXJe2CKCH9gdXld9KOA055mRaHWwzKlunR4taTLqJGRMcctUcRw1C5hr5KA8/DkF+afeydGx2OVsjbxXMTnLbM1zXcHo1PPr4TMzNI4/1ZCkb6X7QWnA53sMHEHiOjRZVq9DycRrdSW8/llJunQMc+GjY0rmQT+B+JqcrYDXTpCEnLfAvjy4U/00DGiuaZIr1zlX4djpFPmR4Xp9wmtnnaJEL1oBuUemZL8Pc2YmLwKFLTyDH1EUNKu1pisr8zmV7FDI3LHdKmbNmV76HdEtJmotZb/yEvQhYkhjTd94h+60UlUhARzWSTOct8Hhw9xSaN51GgkzjHKU/1FQ5jynnbP8L898AlK5v9Iax1q900fPmnAUx5PkApDMsc7TF7anivDZTpVFwgSPhMETjvyRiiQfkFYKaiXLzWj1Y4iKStxgtYhOQ9rHlHm56vMe+d4d8iynsnktUon0cfaxNf7CfWWM/6ZRAlaPEq95p+H5AVtuvVe7+m8zvpQO2FztftUDFQ8YPI7Fesg6ndVTj0VRebd8E/MIXQPz0xhV5WcnO/OjsvpiL1rfRVDxW77vakp+9RzqHJgdlGXd0dMxBHpdyVND/K48A/WJnU2bhcVC8D8SwQotHPPxde0emLEZrUDyu9Sm/6i6OKpabTME93neZTlDuhNnrpgQppHEJ3l3Wg9SD0ZaV1vd+kFC/wCngL+NT61DyE+YSX+wLhnPaZfprmiRWhEFXqcUVrVWZ1czCR39v2HldESe5B1tCLNEKKfe4dJyyZZ4mQlw/Myeov72AVD/3+TbEztqqDTLxDCD1MRr4lEe18LWtMg3li5tQupzTOJR4jrRxgW5VDnS9qXIlRRHxN+xaWfVeq3WUvmhis1TJ2SsNEmH/mOpplT25P//toxNneO/xGe2xOBoc9/7q54/oQFPZ4Z9finbmaE/UyLkOfHckPJfD1vC/S67J0d2rIvd5rGHJJKYIb+MWOV4t57JM8/v4eU1p+h59DPU/1vjYwfv45EGaAcD8PxXF3pGq3L5VX3rjeskgCU0skcH4maU0ay9rlWX8cTamMHRMUimPKXJUvP/ptIv3zJeFAa8o6K2mqwtYgmYF+e7+r5MM7kKUH5SIzpOzRgImNQnrEHb+/nv0n6B7K1nRrJJa0qr4GIoRH3EbAKfz8uxEUh9Y74SDwJM9qUbHV3RgRFx0VerFYSOpxZ8RNxwvlWt4Iw7SEi+jZaFD1rv9v5wIBz4ggPre2ud9g26WSrq30z3lR+BQnzDPFfWUJkY8b1vW4ZBK46OVQXoV6+oOTah3KSnVKUPZLMjfJuHeDeN7QWgdX/BacKiXqksIRU6CTx1KLRynLsZHck2w/csOT9ThW1M/DI7KRmuwO/UgPRogDty4lAgIb6TCqqeqS+X9jbs+33S+xHI8TwpQ/VxUNqagtX2b8v2U1ryuzy8fQnlhFrBw7cirzHIVh9ygbxhqAocOxGuviBip2rnsd/sN4mbWrHOEJq5pI+jfj2HdN21RWaxnCTmAInZReeWkaYGV3NWsdgx6pkXy7Z9+Pxu2qRap23XvArjIu2yq6+2MMMpypt3czzUgFK22n0AHNIXG/1xcBGaRwVgTqqzVc9U/Vop0Rtf3jUt+Vtom6DnmKSaZGIhiu7ZioOyj/mTT8isPpuob2yjk71RI0rddqwjt6TqLlY5Clas1fk2OprlZAo7iZcbt6ppaVOpcPeZp32RZ7qCG5xTNc39JhAbkm5l5tJttXFaoT7k/mJ0eu4nlV/K+uHEKgoLC86bqfIwW2asx2KG+v3CCEI3APIlG8GWAiYFpPjib5uc6t2XBRv/bHkZZGPN3lL9LfXK5jInanuhN89iIOswKJrqPyoon4eHL1J62KqyoVIOPbZUL5bMjMuxcl7SPMW4w2GaGa8B4XHmFE/7Y4qlHR/RlVI++4SQ+gOWbWn2XhodkdntQIXgs+mksqLst3jTBXTwRWJTKal2/5wH1a1DNeh8wJnq6rQ+ZrHePzgSVORmDQxOZoALQozkvF+v/VGC24hpNpPDIRwG0NeuWTuVWc3akdT8VYDpHwbJhJxoR1LJbrr5xJD/BW4bLh+OnVD2kfsxvIjg11+xruG1nJ1cSOFyIi0fVhsOA/abCtKQehqteIP4CQj8zIFxg6WUmdnJ1IDH6X/LpKLByG0P7QIib1OfxdqrSb7g3JLSDzWuXO2ksqvl2NTeYkvP07VprKQyS2MIU8ooBSoKJu1SJs1AoWGmik/JwzEK9Nqa2/HbOrFa/PVccWbPSFwo4Px0mSFFAUqDwJL0/oOWFxuV1eDssd1Hs48hNKkq4h20WDByxIFxOURaaTvArfLuw4gNOt5KpmutgGYav6YirXamlSkghASQxWewqt8BwRlmHJ+HH2qXFDOQDzfqYqJP5OTOuRxhaAU38kjiVWjUc2oSCFrBcYPQb02IEQVGuT4CeSoCwhN3GXx6HazfBoeTR9DYag+B5So+VQ8AmWDsPhpGv5+tXikoScZeWtCW5mgiByqKINBiB/1a+otmGUYP0waAmWWhlRApQ7+QOqQFbqP0kyh48Je65kTQpEGKUTk7n0YmHaOINZBlWuXgEIqV4q1Aro7n07PTJML/mnZslodW5+7re+8RyrrhFSx3JKFZ5qPTqAwMAd+68PnMQUI5/g0HjwCdqj8SEKRuVldz087sOjXT9iNlsqnjs2c3p74dayNHIWU89zZjkf1vSPRLCxRNopy5/0QO3qdXKjIV3RzHrbovLCJqMhcNxL4dVjrqVubSjJlSs9N6nWNbheL/tNypONJ2DZZO4Km+g6ZI0gUXgHlGXKYit+MqLfBJFGl3aPXIjEpNgiUCqwftbwENfDP0Xej+AnqgNkJuMdIOLCwgcB4aDeCsK9DoE/McmmhoTZ/DIHGh1CcNjcQzSdUphq2RNGoCOqOSAQPIlK+LkHsn9SsMdFrucdCubFWt7vw0XzMQ6VXO33E7UZDc+G8+uTUtivPJZouXtW3MDPD788vU1B4TXwwhjKLtK5A3kNFrnWiyiHHRBR4EInreCj/kvP6HUzKud3D8uymR3834+210pIww+e67XiaRNOcd2LHjj3+gkhhYZWmqdSmXUO9qnVFKRjrzHdsLWLXivAeeCmEUEBd+xdVyO2Fx8YP0VxsoupyvvsI9WTnj2Rc1l2D57reobm+uokjhl+besMi12HFCdimDIG4IcT+31KoO5Cofc5OR/Ey2N+Ljhpzu9v+k+wbpkBIxuq+T1dl9jiLTBVyesGFpqoIiqscppql7GrEe0fuWHM0EpcVwqThY5VEflHjAq13Up2dwc3tXPbfNfDua5oJzU226sg2HhZI8a21hn1OdC1PXIhiksIsGos6zx1Q+Qv7s5tRTfeIssK7+z8UwPOwG1lNwittm148badj8AghHvdIHD6Oqy4l+AmyjsueyvWr5B+s8DMXtIXcNhK6us/2OrxUglmv30ZF9pqltmjJWvpiiOH8j/jCEGszXfAKdVRexk/UgbPqEoJGPevsDYnB9Ty7BQhkPR5uGN0ltEhCEPX2GFVFQpA6IfoToZhOv72lAbNrB1YDd/kxdPCFVVG9j/ziBHRqe5SVfF82nfrTTiLbFBKUIq19sbP5177tv/jq6S+FX6N1GGIO1kknwZYy2pRk+h1h+ZFGeki9NzlqTWuDisgCTS9Cz55+n91I+5Vk4nPOxxXPpDv8IO9lknnuEv5hNt9pzV7yWqVPKZ5Burqe7m2pmM2CnA2ABHxJ9o+q58sFwyNS7TuWAp3n86NiLhqInw6JG9g+qtBkKxfvGL3Vu5VI/LkNplFfIrp/R97myjLm7dvjRdFdDnNjKKWXEin+raNvihUMTw3+AF051Itx/cJ3Kp5kL352/L7ZDc2bzlU5+Lc/fWPoZmX83h0l7SSHat3xBx7nY2m82xtCAXLzd4CZ0JnRzWLFLvaDGoP9G6O7nA2fEM810XbmNVr8CPa0pnE3xeBD7fieQLdtfqWPvxrf+LDN5GdNp3a+7FGMhaMtviQKKVPZFXM9bsRi7g1JVsXsjZXG/E837fYMqLXehzX2NQ6iHxJB8wnApe/D8M/2XZZ/39Ng/oBjNX8wq63ZtfEiEtZjlFHXwUm3PZlYsTW0FL/BI0zKN6iOp74Pkpp0qy6wHX8fpk7Ho0TV2R7HrJFdJXKp3mqndKnyGPwWT0XzY8hsRAEEv1Qe30siXOQNXMuVyd4IV3ZQ3l+Bd71rSQCMoWXHYgQ/wh56/21Tzjwcj++Ty7R2XAGA/AdajWJPAUvIpCyhwzvrPsAw9cj94fzWH7hnYcwnmGbpzHdZIQLsoumOMZo7V9wUrkwgcr1tXdQ5GHhsl02lOwvWaIPolDuLAtc1PfwmMJUFrLEac9umF39fvT4hvv0VW/LOTeUv5q+8ONkK8Uv8sXLalJo6srgyN/7NUVfY3jWsQY8R72ksyYaL7VC43h+bCTGaVFgFuM7kxipMVWba6zt29rPf5/pItK6Ufu2Y+Mpe2KmFpj/yzIoptxRnp8gIWb17qbT0ul9+PVk3YOYUHCX7Zlysflj4Hf1jCHkADnkqKLqvK1mvq2ppqeTUNlcf+dZRNrA3W4imodxk0g8jgsEY2aJvO9kaTqcqely6HO2/zWG20n15J3s7q8tF0u/WXUzACByznrBD1t3FUZvvXNuxpkOxNSlsAbMq/Gdd6tmxFc9mBJ02zb70DQrqYwTg5vFIekyUvd5MN2WppLRIomnE8LlVVtPItisvCq/+FKnlmJ7QDVzgW45Q9eiN2Wh/ymd7523SvrregbCa4C4O7lx8vnaM/4ITQsw1qYvtteY0SA7tCfZ6Pd3Xr8M6sBs9bXoZjiKjxNQe/eKfGBPbIvjTTufTOHtdKL+S7HPZN899XVyZiTJs9xHnTADmI/vC6iqc3U+BX8aXceaGl9/3BS1Ksv2hGThnO3Q5flfpFHnAD14UesPY9iPZxwc5+5JgPGbFYHKV3T7YrxfISUOt51JgI+e/alxfg8KbAtZVfyb2URVcA0/Fn8BEvxYfQCrBmtsWMkkrByB+4pOwAJdnLx/MoLEyLRnMfJLGVICv1X7B5KJ6ADaKupG5AHQFHwUXutDbAZ694OMJnDscaoPrUn2FKKAnSigwBW6RuQlJfACifxhAk8D8XrBwrwfEnvSyZoAMkzEKoCJKQ3IAmNOGVxO6iwLG3OAoeoKtjGYbpXdwPpoTOlvCtkKzY1vMg5WZ06ZXLE+OlVl91Vv1GkhIM3v++K3lbhN77uxcWJG0Om7351YSHL+xhs6a/lBjDdu8cjR5gri9PunVG7/rfiVZd+1xUQberX2w9ieWtr7wyXpyUqLw+qWfurcQjGGr0JyHehw2GdT1edYOM4HpssPU8w8Ytt2FG9QcXe+TaJX3v9gLRV8MkixgZ5aNwvhS//nBc492m1R9qmevulL+0dDLyZZ9Y+yJvNj7q5mPrx4JSZZk++V3VZN2g+MR2RHZZFwmvsT9/N3EKuovhSAxXOLj6nYu3OOSuaNLyc5m8bRukmPwvLdF3wT0o9uNC+9nQ51n5yuauEvXbEnp1Y4JiM0cXlUz3le+wY0l87FdiB6TV0q5xdJr98v1uQvDnTK9YvV1ccYnj/Kd4LL8aLjEi2/7zl2kR6URUdX4krC7iaMU47+vjsGB6YqFK/Zn2qIz9Tmq8Ls5XhH4ldUv4GzPHWbY7t03NoLP9dFdXPm4qesH8Gvxb8diGiZVoOZe6XGfcnxuss/VxdW9g6t9rB+gdvf2cHzbBJ9fL+b/tubzw0fOdiNG0mzPCdsm7d32I0r1f9slF9B/NTg/l1d6nPN09QBOEvaC0ikGvFo4SYUHTFTn8YKaSMbKSBeYPw1WdLJLrgBeDa2FAEoP664s1B67IpKUUARmyV7Z6gmbdwEQTrOomNMdp0zsnWsxr2BhjcUAv/8K9iuIFVq7jfL+PhYNhOn18sVwyCiiUZZEwPO/w8HSvoplgSY47HtV66f2QMlk3mRWjBNSC9RRlmjOiB5Q6dXOWFIJodqCKipozEWoQMgCJmivZW0SAkMxPSxEaL0jYO43EANftASS32WdY/SZ05AmoIsntUOGAOYPDwA8L2WQBfqqQQnKLh+lC6oHSEseNiBG5/l28D6sT1gaLYNuB+CeSii6FMSjsgFp6AEFsg4p0znfAcr0hZJBQuhK0zM7Y2d/8CQnFBw+vhfyNHYoBzJNH0Hvji3QTUWo994KTKUH1CheDNRaMgf8VX92gfaK8Z4JKQqY2Mz6vECa7Bm22LsYhEwYDVcFw4WgFIqXAWPmFQMVo3nmoADEQpHSFkeLQb98gRhgzJJ6sca4ftBeSWEVjluxEsLWIkwXnyKFZQGeCw2eNI09Ziw5NY2DGRXKLCQMRWngeWxPFg5ZfwTLUmrXrtZVgAE7akaL6TNjDbliWwAZ7OXiqmDFpKkyYR9/H/ZYxxSs4HsPg3YHFGXqJQb0129g0YZM596sB2QnytBN09kuMGk638MqDLAYhPoPAhaquBSM0z9CXYMs9qFAD7hXCgGIASiA3VL1gFJ4Xc5XQwwoowdKB93VULo95eKTiwOkhdJq6FXPwgEc41M2KOwUL8MxZqIryZTOSsZntejIIcYKdnCjOImVtFdxreMMOtxTbuPOouJjlS4A0lZCpdDvVV9sW2cL1wJjxLC37qPHwNiJ5ImCFhmw1Gi67BmacWQXWLgziAKftJYzIumKELLd6R19LBj0NvgvaWU0+jFYVHRFPbeVLRTdd9Cecicol/LGmkVh9ayYa8jFS8hQZlydYmUXzBFWoG/YaidpSVAf0ORA4db9L1NIQFALbGTUrYcS9DUoy6plHoAwOPzYjaq1kgy+KKxFaDEHJ7DGZHQPJCVfZDr9WhQhrILgByM0VMUC9neC4whscsZ0lrHOLkcwXESvBUC+AG0LtXjHg07ZeQCXoo5j945BpotBxYx38bGgSKUAjG1Z0WNcOwbGTZfESHXobnC/YurYAhn2MVlQR6zmE4PaK6aa3a1AGaiXL2EMywDEQcp0bDGYQNlrzSFhH+BFEbxcGaxEc4CwsgUbrRyBP7yKiBTQL7usIdwDtcpRliQhUUgNZHzwAwieC2vXVEylMFmdgFKPpDTUV0wkpcOOJgaQ+9VsoXqhV4WUlb0LFrmilGHTjHdxsLMqGlSQGllnWZTp16qUYkixC1LM3Hxp+vVtMXNAzxhuWbnHRQDJ70s8E/ZFA/pgxrtSUicUiR6EaFhjwPS65Z2wORoMNZCmrO6knzsbC17v8COAlXtqEzmuaNKKkwcAlRY9wAOC2dGTGFNXVrQgxucvah0bnbWARgsqeeGSxa0jjCkqGsjCLUGHXylpIRmAxSBeRn26+25QZDrjpsYH0NAf9zT2rug+2gsphGstBrnFA4tMl7jKbDBDozyFQ1E15JYxDOIXvdsoaUUKvd3eCQD9tMXCduWeekOVzN6F1PaekQ0tYY2QKeTsa9UDyS8GFcGzrF5rubsCJMjOXFmQR1b/1gPo1nvnKS1hnapwFEv1QxAYC6Ce9AYI8wBRWCemI4fcqF65aMrC4JhO547dkJDoij4lP0EvdWP4ZjBEH5zQefYR+JK+aIS1UTSaO2RMwX2QcGj/HiFI4Y0xpcXwjizMEz0E+hl1F/qQEeaOC8mzION5HuTG46m2GLR/43EXjwrQKkczhdoxNMoX2ZYQFyvSEmE/V4enIglKGQSex9KWKdBbNRAM8omvCzZASqj08GrSsMaiL9/uxSCRWKBhEQx7gh9l4SkcT0wzhvwoLQFoyhBCHtry/v5m/y8kjRbTuRYXP8p43KFqypQ5SJ1jjJCGKHHeAlrwHDcsMDLeh1aDWKSc+gKDxU+ZBcA3KeEMCYoxnQcWqV6UD3CpRXmwRdQK7u4nrCAxAGVt2Uha9gCkZVAxge1EUJYsitRjQeUl2O6CrniwrALHe9OM93eh8mVHiNHn80cSfRksUNGYyROQG3WHe3OOwWYAVeXHeDpTQDT3AXUFnuw+BXoK+0KLSTc6qaqsIxopocTLLn74URlOVZf6pM9LKnwtv3t4VMVQtf8oJwU2+ifIUwMST76ro2p6NY3gvFtzzQMGTHOTPLe+2NKOn7rm0LZ//kfizwdpm/qfojeiEnB8NLj8gf/0OhEEh80RTZUvI0+ouH6DY5bP9DQ9fWYk1Z+afEuupKrJytPdO9rQMzQHoSvyEOcllSbfwU9FPW/8ZaciWqfDlblw8KyOg820g+W2fs/gPkP7SxtiRK21fqNa+4lzR61xikHp/vYXl91U1C8lE6TuREotPxs4O1tMYVEUFqVK+0fRnU9S8FUHNv1aWh1OPydnXXG9FpTe+sBz/M2K6cAuU6XRoB2i+zwjRCXWVPwKW3IVH6PKR3/4qZvyLlX5I7iDClOZHff3/3Rt4tc7KRPimJbfK+ttUAciovtlmASN9ah2v9KKBldlXsvtNg05M4/vH/y57QcgKrpBRzqK+4BSlMJcFDZvt1ID0ddXXE5skDWXo7CgOPsDciyJsy2B8pWIcK/3zL0sfEfjEi9Sga4StgV+LCd3fWNsRFRq8je7sFYucI4vaDZ/dskZYto9392Tw1D3O12lV2ms9gGQuiXnHMeayj+H0ll4bpGdioFfQDPydPoF70vs3jWmIRiYXwc0NciN+xoYEgDrSYMrWguURf9hMP3KBQ5scLTQmmnxItiyGhldF0yBfFmzGIg7kq0ouywGSF2g+Z2HJvFLju4LtIzMznD2nQdoTtiem3YFrk/dk7gMRRbYssyJ6geWK01gQ+aPSHJ08+ajn3OXY4ywskB62JVV70kaeSWwth6UsF0Xqv3CQw/9shPunqGXeV0ZRsHpDtK5mndqOxhs2CXl4E30E6eCM0wuITFt8Zxny6/1q+31ZCFZIRMbWyO/vA/fDkEOGcbmD6f40Qi9AXrG1krCeiJN1avVN51+xawFddG8nVwjmd1LfK0r504L9yZxVAdXiCojNa8zm8ZiBdN9vC19sZrinHMYCJlERVtuCmjLqjSvw/vVETaE83HMYUmw2P0mPSaO+YpZGDHiwJFppUpIybFnZsx9sPYRdpMtZ+YrROLdyFk4LoRpMznup9E8Y0JK+/Cx8pQWLqqUI1mgdkSOBDeSaevh1s2GgRI81bh9EeK7YvElmcVy56vyOKSG2AV+lOF7kYvVgUqq8TBtA6ycbr3Qgj6AupAYgj6gJlbXmY4nL4Nq8JeN6exH6AZFoHjBDUImgzmr3UAiaCjDdVYNzLQmSsAdWfgO5Ihf1hFYAzzRltEDnjkKsexjlInYaU1UXFORMCq0OcvL1FGH26LAi6PCuTlUDH37OhxGjh8rjKQozp3PiiHqWn984Pi495uX3sirMieSad0EBUM/mkyoeyQNr04NFaavXEJblz72PPnNm8HHW3npdc/crTGvL+zUng/IeSVDq8NFIXXXtBttGCWOniAaie7XiMOj/tZHbku5KydokSWie/eXJhuwQHrxtpTY26wY47LS9NYLfBkLCorMch5qGA/5kkQUQqJM9Ysg91HtCH+ynlvGJ3FftNzbLElv74BEiTvyEuKJSuBfo514rOL0x4fdmrdqBuy16/H6vA79LWdy9Q7hZrIV1xQ+ze8y4LkXGNTykGetQIyQXyWzZkL3CRKfRTMU141r1NXlIv2bIuy44mbtfrf9hTxSbiM7bOuP1+8pTymddmZtvYx5ik+aSbslpuz5CeX7sN8myfjDq0dzc/n1Fkyi2sOoz/+lBVhM9fBJHflPPFXSNkmqekM3q33F9/mmTJ4Onm3QenhMSfg2EN1pnQmpFUya1lZlO0288DOKeCtE+R+kkHCY8JzVisSZ9VRln73Nq5oyUiUl95pS2arIimf5d+jOWEeePZcQkXAcYXUMN9y7jG40pf9nfpx9FFyUoWeTMpeTcr9Ag97wUMM9foWXseU3lyMGbKafzheEnharPeEp91VwJPqf+K7x++j0PMyzXqUoewK/c62AnrpcQHRkSdzIFPPrC/tt8xlGQZXM9toWuehf0WaEedjta3q+tzQqASmOeZZkX+/pUZKn14WUDMDR7bhF9Xb0K5+d/DJl9fHGPebTX1Bn5cttTFbv4JnzC/NcP14jhzBnVg2VjD8q9fsQNzCQMXTnfOMPdS34Wtazj9ex6piegd4jE+gNh6kChhHMym8blQ14GuctLP+XwBKml1Q8jKrRoo1G86OikDplTuMXgpQBBIdk648QKGXtt3xHYSyRPkOMpRUruA6EWGdpViR61uYKjeahpaWFc0ZB+08dkq0/ZBS0748z99TZPxnT3LQ7YhZlmxkN9+SQrKVDgHLo0mBPnD9vhfQ9NaBOgUwppBThjWtNC9e640sXUoSdeCG3i/lRrFzELGb/nStdKiFgeq3nGrBgYUZZPFDpeZtG3QC6X36WUCLeyIwF0PacCHzqZoUNcGdzPKT0lM7GuDuuPPDsMiy0r6BU0ajPB8bD5vJorRm+ZFP2rOHK1A7zYq0kbSu6Ff3731Tx9QZft1h6m5/tT8Dj+rx5MFdWtTMcl5xegzYs9Kg6qJdJjA1IAQj+3hD6af4pF0Hz1mSnF3dc6N4KDiba6Jy8a319e1R/mAnOQBi4RLfHpe3AFH1FGnx29X1Y+KaEtwYFB/WTG5syzf/UbX0XQ83umPjL9/itgiuHC0p/9RAo9sOEa095gKtLtHFlSo4wl6KAARIbIUnrCCW+00fq4QXrUfW+Er/XheYIWkl8cURGlpy5kxcYrYOhW175p4Mv2c4VaIKR0b+XiMEfqq7npDePKY8OJyQrBwqf4kFFMQsd1LHmMUgTs3o5ppw3sc+gX1lhUseJaJN616TcEfx7LMdcu13CJD4VYO0jTbjIm/c80JldVHbkC5xbIDHJOmdPeX5GK4pvthiJEU6BCHaxIid7bd68VBn8DyFwc/J1tEzqE2H7mHTlTXWia6j5mcdZpFnzmx93H/skTrk1FyfoIBxep/is90xelcM6pq/ERPImiWnGQ4sqPsZ/ycG1iE4DIjwgF+EdSL7OLafXjr8dcMCAcL9GsqQpZJJ1048iWlXAGFwwX/ocS4y19w3I8neKpombPS/chNbdL6tjfKAjcDPlf9CFvu0At4aYtRwTyB8QnOpcj0oxIPzZW/Spx1HbtB9QGAzzN4GV1/Q6gomvzRH1QmfOkx2QIc549Q8nt/2H5GLQHhqRoJzoUEa06+COaxbmFSdblArodSUJGFb1eKo9Xj4YtGhc4WR9Nv+a8JkLuDgmbyY+E2GsyvfuXR3qshXNlW6tENb3H7qQKvsuNPELPd69DomzQ53Ap8noZcfcNDTENSiI26Q8VK6RiLl3II/nnd2ubF5JPleHuDfIS6Hp0rhchYMxwkgcTZf8L6Jfa+/URvMnUYtkhOfk1bxiHbmFUZGl+Y34e5BqXSV9JnhSsTDicmQ1LT3gsoHDs0bTX5FXiNqoPUIunI0vXVXDMxKbyJcyrlWWDy4WZEtO2CTt/MA6/fNgBbx/4LpRTtvcFxflkRC3YV3MZSZP5dznc/Ou6Voz9hdlv4Oh+elB61Hu8fziSgQLGlm7pPH2HSHkPomoyjgTgwwI+pF1NJrbe+mJH5qR6GxlEUNfPan2Eg3uRkyfoMXulClv82+iBtIKYKXlCZOp/JhmmRihmFvdXZxzxRU3mztF0VhuTvjkVxqEV1LARWnjApj+a0wOj4EeFV4MTmOoYEkAOr1411ZTwFwnKp0CoKJirWoARTjl8PkZuLDvp8go31CuBqDW7kOX7+VA2FCdgeGohySw3N7lF0gBGYWFnQc14AxxfjbcfE9ETTacJo9bH5h0sWSA6T5n5eud7Xi4okLIdNZaFgcowZ3I2GWSQkLnAXO4ioOET/YZFKm7fgyphzm12/e6T8WZTJ7mZvcrXSd7nwhMRZ2G+Nm/fXhLFSiiBneW1LEPGFnHeQ5drLi1/xmVXay9L1A97relaADq1ZF86ML2JZPxEOJZzaXp5yqJaGkSR58Ei7cXodlbw/Ls99uMHV3vnbvI8ed1adWnwCCb6PJB8Jl9JRIwih6zXq3eV3HtBhXs0o9VHZLGuHevn2PrTPWamxoRO3dTbBhsXdtq2MTct/0SlHOQzYp1oXJs8/KVvec4fcawlUV7oDPC91XNTP9BlB8bHnxBMUV8aEKWR3sibl0vNeNcWlrc4opPy3d6IarECN5rf82QY2BIHc+tTJTf0D0Q6HYQQz/7UI3TFk336nUEoXrxB5fv2RcXJfyey/H7Xl9UvW1PYHXQzc0cL5piIoRoOcs13VV5yoOcB95iPMj9PeGVzMM5fLSbHCAmP2pz/XG3QJyvkupDNpmVOx8iLxgdXkMIDox4re0UM8CGatjP44n28y+unCxCo3Lu3GhJDbev49SjiwGXdsWqhZ4dr2QiZW4YSKXUIceIHHHQqIx0sroB+oxlbrzRxmCB7ImFUPbzmZw6UQF1XL1ZU5l85qWzMaJxWVfZaluR3y5F6yWr4zzd6+jyTufLcEfoNzrYb6CL3BMatI1NZcgoXrmYFINiFOd+4gI+QFI4qZdaF3f6JS6dX94MF6W9Vomjtxbf+/cPn8CeKMUmauPjD8vlIU3ZWc01JhL1Jq4fL6kiMlWAgHVCI3xVskqUU44UhrNvxrMzo0FGUkk+ur83SDibMRvwbBAwLL/bXG7Ee4Q+d3Rr8pHT/LFhUwtnTB3km6aR305nGyxRd/dpo0ML8pvDZT+7dBnlwjSyJt6e3pos39eKyfkeUKrKnSo5l72lOadLp782/RUGw3qPZLXCjGnIhqN36dPbGavQXyQFar5F7nZauVFtCEz2/JO+P/4KM0z2kafH5r6Qb/lOt+7GFroZzQqNLokiaJ22yUm3d94iff7JSGgrm8FznzuS36PKU/IQovfb5fQEe+fqpRxOTbFStUbjD8zqET3clb+GS4gvA/U8DAD/YwrsHypRr0i85uKR1I1vy6LiLPkHDJ/rBsyczLTArkpQvfbVQoC+gBp+5subAQHcHacdLVSV0fy89DsRDjx4E2XPqW6R5ovghyIKNvj4dTELL3sO3cRF+Srfx7fbtwdFFTUaVNhZlbhHcrsnSvy8RgBkKqmb9n023Mw/dFmen/nVzO5wlFB+Lm/CYWFUzg7hLl+ldkeeoV8SVcbvFjURx8PFT1j0hguTOjU7DOU0AzM31sZEXRXe2SklJafuLNJvR/jJ4EupBXLoca3XBmqgSsmrA9sUXI/fE9CTK+m3jjkRXM/vTPoByaIitj9dOeNStSE4PO632mPWqjwzn4ZquXnd9xnrIBk/4ELwggWfe/zBQZ53ZIPiZHtPjweI2wW697Mb3/yAgXrxrgJMEaY99/jSwcq63i6+sJAOuddKo1fwG400eW7qYlE/RZxDKsNV7bue23vvqDZdTT+N9gzBiTlIOnXxGBQ4Wd/z+E7T/knGe/JwSmHdWtUvqGeLT1Wb6/fYdGHv4+PfjhDa6e43dL8XCQuTVD5rTCyCk+CIkgo+iSk6obYx6Zw2ctk90VmkBu5RrBusLEPiLrDXbSXe7zAW7nPdVOXxO9blYrdnje7sE1OzecjWi0FRUG8U3Wftgz24RKedTFt2WF72o27QHNDSmTDo1eZhqvDulJS4s13nGuLbVVrHp1PxRVvybeq9mPY1kWL8wgYyat92cTquNlWRVRgBpXyUN7VIHNPuYfi3Cb6/pZnyeJhxx6wtGzcf79YNvt+ikforWv3suZAdNgzL47jP5Sy170az+HubB/7BhreKHwmLN/Q+e5DoNt+OAqEb204/dCJY4pccRgevzCdHfBz/+A1pEhcTWSLuS0x6KdmL556dCTqylL3drerWd3PA6yQ9TKLjsFhIe71I3kBNil15+eFk2VWek5JSh+v5UbisM9mffbV5mo9J1q6eMUPt5NWrUH+3YuqofiXxdwOKmjgH3dNtHaKt2AeYZy38JkdyfC0KzqCi9ERNOawCFCLIE1Jjaj1/1aAjJFL+jFndlZsvEMdu8zrS77gVNXRtSHBdExH98qlNR0j9t/um0z0Ke0r6El++0PGiu78OzXp7vq4WLyVtSN5o6LMG6jz5Yy6Q67GC6ipxJZSue12l+18h51MfReHT/EKeZLzBfHK7JHGiHmkgg7jU+1038Eg8i3BMqEmghnQYKn3qMqOzrt4nr5OLp5/AkkMsqPwBwZ/6Gyn3RJV9FVgffy4euAbRaHqjvfvxcs88LUrcqT5jaObao3JRLdulXR9d+Z43FkY8/ccp7WTw2dlXCyHMzxnbrm+o2xzE5MHG1oTtnn1Yv6cAZ1aXT/3HZuJUlC+m/6Ht8ophIEWWcSlRT5IbE53f6OZ3mycF0iN8zR976Mlfz/crikakixVBsoRfm7drt0uXJr+b770wxVgBrSr7YewwFmvdp/2hQaser/gTAy3J2TBsDnunYnm0VuMLj/NhHctAqefyJxsCneihm6bwWB7s973IftQw1omATRBWMjSnP84qCZVq++vrSfqT4C05ll9PXWr7q+OPt6HC0FNEJ+WHMUxOE75/+9AkOSm41bKjAQZvK9bOaRtd/OOPYIN49DXPUfnvWl0e6EauRnP477m2cm3xiYZgbfGEJ7r0t8Fbrn8DYzGlXH98/a2OC67yWqRl9BNbaHAVd4JcdFmNfc1mlgKWI6RsbShgRVz/IAADIexlzJrAhcOWfyt+JIMBIHG/LQyw4MWL8/RS3VUBZpt0eE5RwORQFBuyllsc78++/UDla4U5QwOpukgNOZgQEwWXlwNCSLFisCxDYS2BuTdcYDJ9kymk6uMhBjJoY3fNqnvAyr0GjclOAMld2FAB5jIugaELV4p6QPweBuRmK+m6Fwzljg9RIIkFNRvKiu35ekeQ8eYmZcWtgqUnBGpjwIANZeoi5R5pmbwZvAIDSAVGi0F8JwxgrQy5EjH9JMgA5QgxzaJIQ5U2plNM0gqujgtEYelcpKGUxmjKezqX7Pv49UC2B7BYZyovMBpZZ8Hs/HQXH3g6C5hLS8uHkAWDn9+np3pvLgXoCoZ6+t4FBmBR3t+lLGE620Qh13ASpBDqqdNXbDrdhjHqdTLmAy0G5HxMU2vaNf6Jbi0wlrem5HKqg0hzWU4cbJgx+f19GGmCnG2sV1iJg06Zaq+uJttDoRTyMyPzWLmr3sgA6eIPJvlmX3E0R2P+dIt69Ilcz3R8SdYb8vcv3WSQ6X8ShQ8rN+Bp5FYjF9WGy69sJsLO3MA0pwVgnkWifPE0SbLpqRs5goxvGDNyJfP8RQSscuKnAlq97z6iON1sKiHn8Zt5wc5NpqswK9vu3j3v5B2DFvbcsbMiKwpJlS5YVNm5R2Ytf8ZWvSq0+VUX/2f12a3vWrLmvFEPnD2v/7KwBEq9a2zzo/SjwiW5M3e8YWbaxSQiukr5gkP+osfqp3ievGQYgJ56R7flV0DqYfnl+KUVTH9iQxLqp/7y23mikygeIWxX5E4df21PRm8sMqE9uoEWi6xMXo/U06RhdzrUy2/KPC3wa4QBMa2CrS2NennR9zTHchWxeElBgo5xYYrP19RSfAIiiflikeiwv/Jug+Rti4eWNSq9qVvg3k9E2fuhcrjwswYd5Y1zB9NP7wb/HlAXTYYquFJ3S8YTPzNjjLzpEoLfjot+cAepJ8mvbBezx8Zzgb4FiVV5RzN/cBIxzmtfEBi8b/LYq3a/U4HZYv+l90VZXKH7MAF7s2nnuMmxzPMeZqM4ER8F4qWOLVXq82SJMjmyAhZOFtRg1rUTNeVXb4A/5OpJ4/n/oTSXtQVp8DIFpH5BGjmodgbViE/VBxGnDeM3qOwr1sMq6GPvF5v8QXM7AZLy5oSKEc5vnHmiz73S+jedJ6jk6hknKWRKnBWBZG1AtKszayBawmU6znhAKqhm7tPybsTI/fv0Knn7X9GM7m2/gkWctrZ4UxIVgZQ7c+3qZIQUdxA5J4SsG5hS2ZXqoIlVN2hk/MRYsFbX72qm6iN5tJEpGQ0Rcj6enfzJF4aiJDcgdUNrkFLcjdp2B2NqsvlfoXQc9o0Gc++b8rRSREi9jPqHwO8zDbyeFD9pwGe603QMW9eFxJa8ERpT7ctwfirftKR7ocyaJl2ucrS9/v3J5zzcYboSGwwRGTmOQ/nkdXiq5PdoiEX8w33aqYfZ1bkO63Iv2cm7UD7yXfS+JuZ2ufF1nrmmG7FYeTQ6QM/hNZEYihb9vuf1hT9XiZR6IMbMS9DAQCUGGYbcT7OKikkqY391GiE/akcjxvjhIleBV2Di66ldKX24KCQuyxA/tBq+U9nNoufCzZtUWCYpCsAj+3qFmrPBzI1QwKMPaNHAhsJDyQj21WIR+EAllbSCsjgxCA6jQCXjyR/Va4qA7GAT/+ZdsZTh6NOLaxKOsyjJION9hz9VEaBXauy6II1F75Ty6Tc7pSx1hiXRMmJeQ7Aw+1L+HMaaxRqIwE1Kxl/ueBn0n5Vt6A4cA0w10VBYBJEqSFi0ya8Akzw3ZdY0jSXxCUne2iti5KLWbJfBdj4acZSMbk3SMRSXT5FTMKSnzDlfMPLIasEUNzenhWU/ucKe8xiRiKfxxx5NcvqbliCth8VahEmHyafkuKlWObPf7+TP93LKHFLE1tJjrNZxtyan9jUo1pqyXzUQiQ70JDr5glXCnXdNVoIHxTxD3vc1sN99wBLbEwuao5KswwTHpU+h0XJ/hbatly7p5NglFI02TcNutyKIp2+yIp5RJ2a+J7uoNgcKc9YMFut/HmuIOqHzpK2INhqYddW3jVO8QRrrVMJy//TMQy6ndsggUFQEtsVoZSTzKEK18tp3+3HGvrFaY0UlITiVRiIT8pwuWemMTetZonufA8439sn0IitiuB1RrlDk6APzy7zSja3dCDY+3H1lWoqmdJ6R8gz3QySlnqlX8bzK2V9nIWNQeD6FIWSfjCvCykUE4y2c2TTWIdmoSR9LTkWyqcugv+8PveYIcZAbRTxmg+6oenHNnB6nrH60V06TGEaPQ7dxGTns5n1Zkqr8LUggiQeIlnZHk1BqSKWDnsfQqg1W/JgbSeLyDeHBhonfvl6w+t3+S42CKIvQLVhDs4IaEVp4pBKKeAalkn7H/IKRwYVvS5hzZbUQiaJbCF6wyK+zyNYxVmXrb4ZTuBA3yxcaK7ehw33LSklsbQ+TFTCRPH/UKlpfVKdwjGo9Fo+mHcGvh/vrHah4orOK1Z3Fjk2kVdJ4QaJPMPv/YTAnNoyeuQ7rWAFrV7uxS1+ei93idBW26RLaO/Bxo+R4/n45dDaGUz8NYw3xOikN04i6tagoZaSVlQVbohiauboJQo+mr2zxNSvcylL+uqrp6lw3JpXdL0sK5K5DTxvjLzWNpaCS4o/KcRQMYSWemtXhIgvQ6zfuQuiMyaVW+eVxPIf9f0O0GmK3G41aEWlIEQkZ1Wzek+iOUXcNCue1JMpn+imPwoQ5agj9pUDImAeP7rjNKWqXlD5Yr94qraxDDEmMc6baRZozXTRQs0PLgi/wNEE71hgMgnbGEqDMr7SY8EGq+gAMfnKTZqxQAMt0jhHImGUpiLEAgLuuIsYg5EawBYoJYkCM1A1aDvaARK0Z2SVQMQP6/BRLgY7cvmpIdWNmpy2rRfW6OGWhZ9FHxRHE+ZwDX0hvGW6A1AOomowBD4jRTWnB78BT7lfS51kizbsoKweKtYDs9BtlUPIRau+Zh9lT9kI9K6YTJXZpYLhnCQwukT4vWOdwM+aloH4WXIqb0QHrQtNeUWBxIfwm5QO2ecv6FWVWRpo9+OKbxHjevadnocN7jRzUUG1RMR2gywfijkQqMaZ7rvmBhbwLBRUrDq8oYC+YBzZd4E779SoxqD3R9GXNxVPgtj8k+5kPYhxIYrw17QbFAFTMgS7GWA1zNzQMSpwPXwfT7QbRWiu2+zRJSwygEaJOWYEr0BbfNsqM6TI0RNkDPs9XTFR3l6BlKDP7M6I3AKGudbZQIXifdV1jPQnQYxh3moV1+EiA0HzkBmU6QCEafNF45mQLhDrd9kK9oONQD0heYnxigGXKTUrFPKWbku7BC167AseVqgZlYEfpRxb0LD1lDX6CdQOKKQ9J86yM3xngCaNl4yUgAjdknSIkSJ9FmcyYYkxia5vlY8gyFOj9MbMecBVboUZdewXE54OJIgekKcsKKbt8sfuGGOisWwc6RfGg5l0UmJGFnOU2XoF6h9ZDF0uhJcqsDXh7hbWLsuQHRrMpoKFaNIh9Se7/Ye7dA5n+v8fxd5m1MdpQZsgucqkwzF2xGUNu6fIqJcYwhZBGVy/bzFyzkHshUUohSVG9zG2iGlIuKbeKQpQkYt/R5dXt9fn9+zv+6OLxOOfxeJzzOI9zzuM8ztPu+vJkTKnlc6GAFQnan88nubcGXFIVzFkcEswIZWxWyKq5u4KO8MeCkasLLy4jKu7OTt+dYwkEvK4aLcEF/51uC1qLq1hyd1YifPzJXCc5fE58IZbq4cQVjGYu4wS4RAHvLjBOD7URt0C3UVwVL+Zdl9MoWgrTLsablVNgrTp7hf+cB7H7eAr+fwnX4eP6i8uvLnR9riO1eL0z1JO1rNNKBZGAEEilLFbu/nJOK9PdAnSHxO57WqlJkiQBxWOOr7HqikiqO3ZfWr5rT/L3CNYPRUK+V07hQWoeGEmIZAUj8sTKqOskRCWp68Wu3dQWngaVOJmhmVy0IsBOLZilFGfUcs/36RXqdydw9OdCJ/g0kZqbgYZYSqDTnuY8Ey1YSxXmResZEohECSH5LJcVI8vq5qk9zDPGWT4z+4Jhwf469CSnFhCovswosNMV1qUk1H1aHN6QK6xVkfPO1F++RdiXGEKSozlEg07CWr+/AZ6Emca1dMn0MY+dXGOV72Z4/xVHeNINx1jpiHK6CoTd60gyJ2W9IXz2MFNOCROXQDzGIG6XpdxxhTXsvx8BCEtYwZJ4JcJpcJeM4A1kgfaoKzgbEj6FWCn/Ym7+tmBfi1OIEXGheQbwB97k5jyr45zFkQ8nsCs8MXlwwibvFi6s9R2GgQ/ck8Ae7cYs1lnhakLgcn+bQmANJLlAfRbdBDM0+C+Zz5lfErF/gnX86GelCigQe/QkgnKsClXfGrgo+IHuJ2XRo4uVazL0MLxBTESNgs4yp4QVzK+4pO5ZM3/gi2MewpQ9PIg556wlT6Kn6jJJxJpT+viIJkmCpH3LC7OfTuZFCNfwOvumUXBv6MlJwad98VpKGpbJLlZuA8KWL5IXK60Im//PHPB7sSm9/z9Xc9LV1zc0+v+o5rS4EkiVTSS33BMLZoIh0f6whb/ql7h0mn9jULBAK5ejHPrUnab/qRMpFYY8QdNcscCYwM+Yz5uBhD+OXAqA59blLeU56x4TupDuvTqG5DZSQLI6fEgw8sDQ7qqNQBALx3Na8wRTXQ5cnJ9Q7WhbCIQdcudJi8pFIAhfuL1wu6k0eOHuU6xbOSegWNZrjy1HcQ3J7i3smr4uR1Fm9DF7OJWEAQi3RRiK9/mgWRp7+NZXzs/nVe7UJMkktMgpCPcNJZBguAZBCcaUGWOGQo5izlFvCSXRAsTVgrWGWMspOBtvolC82QhlnU0kK+F+qylJkFuWthi3bPwif8iwDZLmz3ihqELRrh2WClWqrIGSar0zK0VvWpyiP2Ub7dghD+5SU39gZJFSj7c2fLHr6cg9hUtacQclt4tB8ryWyRSQHzhv1QkX/Anm825SKawyGIwSSMGw/jbnTSro/C8nYQWdowD++54HpmzTngQxMqdLgb1YCCmEJLSfTzIyARg6XMeQ1drgCnvXD3pJshLh1OQIFUNIGGEyrtpTC9a1RpX35idCVBSyzTBxv0LcwQT0C0kro+UrkJeNJLR5cIUYo6gNwVLgk8lGUZotRlm1ibVneAlB9xQG04IDCQlEhfguBUqQdb/1S5Jlq2LmcndfJvpXwGz8gdIC3C4zg6kNQL6Q3Jr8Ml20r5TXiKLufLGLtDHr4M2Arae4UevudadbWcrHZ5GzuOeNhJ4V9OAuE9QK5AkjiJGB4VCA05CsAiPU8JVCKQ8hqsBaISXvYD7hpQD/aUYz1F+LTH0FhykraoOrPETWqpXpxxv+BwWPs4JdxezKub/rcyWvXyLPGHPOL0GdeQBDdQCYxr131svT9GntsiKJ8kZvGfJGKwmfFOEk2FAQ7KcEnmnof2hB9klWzFBqPzN9v+jKz9gqARDsogHeLACKQ6AChujJV/vciwTZl4F5IKEFc1+EJIg7IT/JE0vaa7TMef893+2rQKfzLkSfphWeXDQNleMKH5R+fsRm2nEUpc9d+6p748OE62q+r+bw/g0rNvxzGKAj5SbQsIAppnhwQAnEtKb3fTf5ujlehkS83qIj8Pn68mX/y2FGGYVJbAEZgQlrWV0Q2cSH1ouR7nlY0AWillQ/AjTTF8GSByUPVxs2ktzfX1iaJJcF3yDdJEm+p1DbRfU3CSxJ7LQhQFLZr76sQfs+og0XJq0rq9hYwd8h83jpFJy1zxvYeOI5qpkF3XNnKXS8kL3K2MJmi7dzfryFR/kZxyXt2jcwIuWZsmy5ZXpNNtIPbqOct/RwhzWRKxpLv0S+cmExRrow26msIk1NUZcreiK2/0uS3k59KOGpatdBm430pVu7D9DW1iiwFCSV1EMD59eva2jqXCLQI5lJVbN4GhhRVJMBZSkt/tcpKPoq2P0iIDcxnJ1PbI0kLHF0To2WPZAtsZyxtnQZrKTi7qIwVW7ed4Hh4Q2HcYoXm/j9k89Ck9CfcvqyjMYAD7xLFsc6o615mRwFsmKf2RQC+cKZ2B63Ab5OFDozaQEdFCb45HdadzLfgdTgKwOZOmIYc1CXcmwWp2OsbPmlhAR5KwCOL4D6FjAMa4BQFoiYxNDVBex5ACVuTLyzORofaB67YcgMOpg4QeTfXe98XX9VLn+rttl3GdQgK+iJ26YRr+4faUcpqnQjQn17cwP5fBo4E8s+xpRj4NMk/e5f0z+eEtTgBO2S9xFF0eEgP6Nr+j4cTfV/Cn8qgSK0H+JNfA0tlKbgSPfKS+ODhrrkIc+bYLKbYu/8dHakHXKMsAI6huPjEGQA6e5PPdvHTOYFtKSRjTncnHn0jgWHXu13tHncxYsmQXkWQziTQX/9vJ9pffI8vWle36LGpKFE4LtR+Ynv9bEnC51u45n78xv/QiGRczfOqP7cYyHy1RTX/fwQbqr9r9s6FuP2ozeoNmb8C+xP2pO7d8t0F61klFuHf3wysvbnfkuuJZsBQMMJcHugzNM08w4Rv2oV45XlXIph//YVRcc9OAbB4Cvo8/UJDvT8Z/mHRn6kvPCDYlNt2UmA5LaY24tUBa9ZHth/GdfuV9oy7Lzv62osng+SX5rSgS6RQokQHpI5Xw7Lhb9E9pot3hnbbm7U+J+Vf5bPOX38VUH3bi6AnIlNV5VOx0sDj6cC9K3ebdrM3ESS05R0v3+ti46T+5YhyfVvg+hnu0gYWkqmW6RMd3YZAEfQjSomxeKgSggalBPJVQKpJqbhN5yRpq+sQ9nAF+9LjR4QFe5n/MRlMdDJdY4jn3GG9RUZoRccEKHeQ4m0gPvxGaPV5zyTmiVe0QNay2KDDD+G8H/m8mxPSPH9qZMrK0fvHs/vtiAsgKCVfQkez56tQ1ADijL+IjuFOxzV+6mLYFpQ/uRudtPJhLBj5JhywyEX8fJidamI+NTixtV1e040Kv2w0j4rPW954LSKC87f3vmypHvo+YYwcrMSNK+COHmtqo89h14+SIr6kbPkS3dVjK0ehD98rc5P2/3WEbQR7DCsp4L3fHFLT+bGbnnGscwnPw5mjtxT0la4o8PfZGpM4PbwlWodtyiAyd3I4I+fN+lfQfixrcDOwB9IIraFIlbRInfncG0Kfd/4qjnuGFU5ezbpWFtL852An6RzkenKTAvhoQg6wx5jaovxfbvlVyEk5al+zopR+Bpm1QfW2W+tvx0V5fJk4CqnHmiWaveRRVW5aHFaCm1epc2Ngs9XxKrDm8078y+zX25JosuDHHQQmi28EY5pmx7GdClyOUEGgvQzdJMUm6pqVHrsyVlUhCTkvam6YZQIkJNjUef+ldwHVjeXiuP7YekO3PKefd3+FiCM5xnxmOBA+e+B6dkcYljQPEoyA0C6euBJd+gh36lv3J8XtZ/cCyXETWXSMbfhoY2dCWoPPsRoDH/7PR0zrO12Ner50TXyLxUyp4no05GEb3yNe52L2q97l1+ud/zk/vuW3f5uX3lnfXL42WcD/7NjsvHyZ57NXHFkjKjERmk8/zYepsRKhzH9jpJb9pfC9j2f68Dc76n9XtdKY/lwAiNhoRsIIQAk5xyedTtwVyAkTOyj/My+tqj793rKPYLutRKiAkq4vGnR6eMuXYdhFjfl6ci8tYAQq0IBc9eWQLm0CJ3cs15kgWBK45w7tc+36a90J3Xn5jzn+5xdzQcXB7Zw0Wzk5nPnsdKeHRS7B7pfAooCDdHlBSS85pAlwiyVIvR3xonTrsloY0wjQGsNhcaOUn8QfDmj6miA7bPQ9nHl3mXfhihkN3pU8c5QlNeosjw46rQFueCpBdsUtZY+qwvlW2Cjb+Y8TD9IdIRUW2MGMQ3RsENqD28aiIg+aIqxlhn/qcbX1Bnogb/at9+pxHd35bR6N25gHExNUMO4UyuZ9u8NDzf4N6qwakGlnQQIejVZRtRQqaUhzHlyEuQPjVLBB9i9yASfmvumxH6Aio9PYH0xgWk3VrI1F55dncotKAbMIezLyBccAaN86jX3QM7Nph5P0I0gCeAJiL59bYAun8yEpuw0ALzw0f0NnUBwpVjj9BuYpafTzYaVV5+8BSUURDnx39woPH9CIvRjfnYhcaD9IP7K/Xj9RPsoykOIMQZ0qSV0f8HZP6ASzF6w1k+0ze6/vXC3oKqosaIX4NDxMur2pTd0ccHbheyV4f7xxfvUkRFp3i0oINs9mLDu2FZ6plz/WTAqrNPt1IAJLTD8T3iFakJCjXIJr21FL2/HKCxwwRyjHtnjpWCOKaHKPgqytqDxaMUpP7Orbq7X31tM7Ql//fY4jLST2D//dp+0PY5b68BlKuAkzP6MWwAhlMIgF5UBfK+8xwpwJrx2epTgQBwrDT1GoOxi2D6e1+wwsUG8KSwhXEDONbec8V09JvfuuRPnnCYzt6oIWvQ7l4Raw33Jt8UtnTw6b/Clz6o8ewbybovgSyiH3x6YDVld7+ev37/jbDdRITDnJwxTF4iWdUSi13iNiEy34PPROYnK2fkolRPy3xrMoDfRHS4QsTV6VXPUD/77JOXBz18rVRt8+/0Aml8AsV+e1+6giKzRp0vo9IP60Rqe2iYoctffX0gtoHfpAEE6AbApxJFQxZGLgIrielwtmfsFgXCHCt184I46mVxglOBDLkypBjU7KRC842udDjSbasJ57XCWc/LZd0kgOO8oaiIdIerlpRgtpxt9Smmx4qae87SWJz67Q5+hR3Ry1tVNaFtc+alI5Shk2p3ZDch9tCgvD5PSRVbPaiPkZob8M2BFRlneg59ahoitTO9UZfS6I56D9n4qxd9usObFwZGgnein2AzqTgLcLisOBGWBz2IGkD7L18hIY6F9W2s3ZiC31ppxBush73C6eA5r363dQTxNtYq8H5PTiXmwA12q28HK+QfsEtyLTtE3hFmeZMbX5MMOaiHWSqw2sYNyISgyDm4H82SAEMgZuZkZAnRrRAsXMci1MDpTzYjrWm7ruxjx/gkW6Dag7WK38y+qOEjjV7/evAzHgtrjqgCne+zrVsc/6qquLJtNNFD1T6qIXwl6YnUsu6RI2kFho20QHlpBmND1U/+HVW9o6IOJWAnAiOL/JKRTZT42a5mJF2yQibZQG1ybtRRe+fSbKxWKWspvDhWr+g4bXknqKB+ufjdZsnscFmJgREOoGvGM82G5BReqIEiu5Mo/YRV8sAGsAmQR7Nfmp4gX7ToYOSsYNggHhQnufO6MuaLUNisoXhuQfcOmg77KPVulK6z12FB3rNKfEJmE1KlLdawDnBJ3cXXetbr+DK27R7LNofbjrMqmufNvLU+Oc4sE4YLtz+BmLzguLuE7/jiczzvtVFirru20RxblEoqKzuNLQaooJK7YDpQpj/KUPXp+v/uFo2T7keehgtneJyzBhJXikaOzf8IkPP1B2kuHDRB2EXdPIQ+Kg5vXIdtLSnrAK/z7Y2boVR7t10saMkZKQwN73LRv1dqzctc7hqQulhH5CSwHYdbfXVfKlBpoPQyCPH6jwkG9k7IHmuSgjm3gJQ707FBU7f43s2Us54LlUqQMyoVBa0BetyCqkM+ZgZ3lnR5SK5ZalHAtQr4YpsoUswV4pIdZzAlIQZeb0udysTxjVTZCl/jUUfC5HN58oZIy2gNm3mdk+siBFGYK4/rT2AOJf7/suqZKDKE+JA6fhL4j6JKmHrzxtnH7NoCSmhvWJtUTezYOTbLOehwNbtRc8ypTSz+wE7f41BD1TzxhIjsxF9y/Cf06BpLlHEQADVMikuLiA3+aez+M32YxMCBvU1h8Ad9vMk6XqOKu9K/SrHWQ7wkjNkrsBlVB0P35UDKim1hXk56umM62YTtga9fx4oi/FYqSwt964i/qNal5w7Z5wPB1yocY2lxPwP2EbryI70b9xABOWdJBCWStOYPa2VqaV2mQFbyhBr3T+m/vSr664dnfONysNDm6zePjluORz2/Cvaze+MNDj9w4rp9ywGXQ18JmbsdI+ZXOlIiciJJ2m7L+cxa/9Z9VMn053mp4fPeuA4JZSPTGhytnHLFvP2W/mb71HFhvHaOf1HHlypyvQVRFprXeb70FC8dp8oKAfaPbxfjHj7Gobko5byHhpbNut915Lx/E718oPtrzrAN+5PjJ33p+vHGlct7b9+OtR9OKsofCwaKF8/NaAjRCs+e44PmB2dn8p1vR16V+p5hLB8LHcGMbR1XOFJ8/PmJArl4Lmvf33X1rs8OdLqsRg9v7BcUh88aF+Kjfus6wWQx8T0nEdRlGFWTrKpnsHmuCQ/txjR7bK23+Kv3nRxBegoBszObC7U9282/m7TP7FcE3y20FtAn+TBFkw0pjpgDVY/zgzFo84DZLyl9tX0RFkq9yhv35M8kfDPxZwT9yf+nSEQGDdpJFoPGinhDC4g/VSIEhQ4/xkFLY6fDIwPdL+wHD2EVjkA7zSpAGj1V0Ri4+Gli8Pj95cmFXS+rpQH3pxf1hWNjS8hBwjXFNaDNOrTUnY61oDNYqcCOkYvFi+JH6wT3Zffmv1Q52mtdqFKbrkxZRXy8tn6pprMgW/nXu0NV+1t3FilfMRrFLUceFx8yC5Pj4/Yd+uEU5c3+q82y81kMaom153Wwxa/n+kmuwcHX+yWgccIPwJNT4nxuTkLhPtn5SlsdsipSN0jH5n3ACXp2+M+TNf/s/1aF5P0wPDLlfF3KY0zKxdXQQK0kzQRKdmt5/TegVjFQdCZUoby/WM5VdSXVC+qeSe64l7NijfziNbKhbY0+HervHy703JQbWsILS41pQ00FnvN9tu5eks83tJ8bcUP849XyCeLQho+tdb2gpqzifITGMDus6TMWVMO6L3nmKHlWo9K+4YDqA+dR1DgUzBmf8EmMQTlC55/zV2m2ZLbs9i2482sSbSGZsUuC7qvqvQyhVjBRJPqbTGLRHqNDg8n5Y2wpVoswoVGG0Tcc5/FdEgoLMQ88bKrqfrCkV85lk7jFSpWvM7/Q4xXHWI4VmbjN8lhR+/HPcqTl7Mf1HzYHEsFE90MnsBN7O31+gCN5a73EGJZx9+VrBqmxSUJrn2d2vT185J16ud0x18jPWNvQY2wUhVIgTp2R5dqhhGFa974XI01akn4q0zc1t2XWRV39DKZgHkGzsP3q2PXx54EXV1V713HF+rmD+2OP0ssi6Y1kn1nsO+r945nfQNTWC6VoSG4VRPCPu9cIQJzfBLEFlkbS3mKL6LLRXEoOYBH5cugxUSevF7j+e1UJYYDr3rmNeXncCat6jIej1f3uWqym46FTlem3BZCzwbOuBZy6c0Cvr/cI3K9Il8t4XJBp68bNv5iUeQ082mVjWxlJ4Kv05D+Wu4XkusO1lM1mSbJtTRtpNdglMVRke5j+ILkJ/spFPpy8MSwAFZISGjEzD3U/5mYRwP46a4C/5+heevdJ6u+nudFtBx9NZ1ZAFiakw1Y4UsuYlD7PrEpfl58sVDoe9ZjhPYMd0eJqdVg2RTznwkugERbSTTdL/QfS7+xyPh01DtUWjKs5BQkvrtXfUo4oKQ0YK/c+Tqw7ZmwXUrHroFPvwGSh7ak7gHiG5Uex9TThnVWG5rMPF6uoHhvguDD1gJ+3uf9D4qoLUoSyozjDjSTkX/xp+idwZshE3wD+0yvcZfN/CdFnAHWgylPh24+3UQlCVG0tx/G69fWFCl0X+xvI/4P33PsmCnUEAQd0ZEJNRP9dL8g5QLIOcOVaD6zURzIGePNJ2uVx6UTAv6bh71U8I+F/mndDpkR3PVobrqG6MLe+SjtQWy1fZeK238Phcj9s3iUhkL5U+Itp0yWfhphtX0XiOqDB5lDdxKcjx2YmwpOeiCcYlQjNcQ1x5bWAeTOYulxOUFJdIRVe2hgs25D9uzcHiE73DotcL/ebPOFSdsZY8CNeVXJuiYnuupdjyZivFOW3RaP5cLtOXu+PKu23dJi+bKybGW1LSG2iHgWB6+NJgXuRsIxI30Bf8fSJVV0GzCMhYplKckQ+AhManv3g43b32kOLHaa5JBCR+CyihBi0nc+Gzh9iPV44+JYfInWRXY1AVGTFaJ/03V2UMhxzUFbuglM72hrZsbuoyJedJM7AJ0cAFlKy/iClZ756VezOnxJypu8xB5+WRjcgWn3RsU52md5fpCeMGyKDRcsgvwa0lqAGM3vPTr3dZaTu6I5veFejjV3UwYYvooMd2JmmLefyD3TXSMYeH4ThN60NQH6686P1IjhpxQOFSsg672xhtcS+MjQe80KhIiR57Us5nCUUnCsoFVRNFNcVydQZBLu5Mt99pCqHnQ2IvaotdtGNV+7anIc8VBosrZMEvI/J7lP9m7d013hz8rPnvF4l7V6gGIKwCsfdZElEgJneNXxZ0Ilm1flPcYKsCNXqXpaP9xt7aDSFy4mQ9xloZdYqsAmsF1RWFNoI9+SNVIUzTMcX7VOPKhhNOX4YF7XYUFEY7PQHI7D+aP5ELezLSbs8/UOj7dr/PNQvvhtjqajKThM866JRdDrXspOoR+mGt70EKB6tMIFj3BzY85/lLmCRVAkmjXflN4KPShzqB6Qb2qSsojSwbPhlr+Z+D+DqU5F3rLPnWs2DA2YOXG0NtTObPgxKK1//lPwIemHJ8G64UCXZz2/z56fOi3pjeBNT2oZCkgNEqP2i1+tO0D8/FJZWG/8p9e9vyxIe18DcD/zepiVrbzi1gJkjaHkictIsO6Ly+Vz1alqnZUYGwXw9RYXf0PjnQtkJwad5+9Stk+N0De0EJOXwVzTs3esaKxSlnHUVVD0w5KF2dFxyTvfpnhn6DPj7J4qsikWsEwM3bD/iX2u30DAuoYcooRD/oAY8UktX8zx+B3Lrea/IBNL+gCTr48WNbqeVqY/86zUux/cMmSVGCEYF4q+rH4N8fn36DSdjSSxsqUd49gu5bK1+1BcxRQfmXjBkKYqJmJfQfImt327aPd+NntTIRC5Glq7NcaBkKOMPK4/WFhUq/oZtf0jP3by7GBV7bxvP9sA11yHqg5jSR0B7bBX/zFpIljcxMjdh6OzfnmYZElR/qh84L3eK2S5rHgkXmFkKQR4vGgoSOSXNJBBNO6nrp12neIqezDGiLSmJCVNIlJP9Nn5+Ux3ugU0BsMi5zdZpQy325SxRixHgdB6NgMJ2aJ4I4VMxnm5LOz+HC9s06T07T/fpQvIXDSkI99VYwX+5gTDXt0ffuuqZP8+trkbumv9hOwFrXFiDNXYnvN0WOqi5lxo0+yMsrVlFnpeRkqfkvarAZc6bpqhisugIWzgWQdCc8iDWLAxsQ2zmK9uSn0EgB3YdO/fN8sa+D6rHAxAL12EOL7wKnXrdq35fcA1YLXbusvtvUTLBY3foxhnxJ5fVQb3uwRWXn4gg+77Fw0BCPZScsRjWUvRqiJxHyysacBEZ6BCvG/X74t0sK9peFeHE5+eTzgggOj265lzbZrVsqtC7AWCs/y0eja9JFwwXz5GvpKl6WAxFYYWNXruXAy4N2dX7E+6/KJkvF0JsCnc4D/HxaM4yyMMdi60YHU17RE7bde/fIZt8PJU2GXVXEz/SIg1QUPuLX4ezHpa3+5hbmEGlPb0goo5h8d7q0x8UrdizecCcL/lN6rgBMjloQXB+48uxp++3jwhPL+SyYa1tlDbXIUPgpy/kzrrhzf69rt01fxsic64Lg2IHzOkpbTvyoBub2oRjyrxs6YuZux5+60SNb2A3e6lo1t63i3080CPyIROdF4VbDFzCtj9pv/6u8nwGBIxNsJr9WXZk59vVQJcF8QKeETj0BpSw7w5/58ttPy+iyJz9R/0rHp8tB0uR2UdRTqLfW2V2sczEeshcu/KwP5THFeCf6zc7ru3EyhYk+nnZjGtmnl0JBU32dxEQ+tXQ/CyYpaen+FqQ4PEq4dj2C4ONO3HbOiiauOLT1+Rcysxy0mgxfAb2GaVEWOBw1ACZIMW0S+ygu0HPB5hb9tgBkywMwkzAHQhvtchh1AdSLHCwvCAWdZD1oH9ulqL7OEkiot9fx/jGHeiEdq4DsZcJUyeSOZjaxMZC+YjjLkOzknh5xWMxuT9Q7GZR4ZP8JUj4LNZmxAoeO4EzEGUmBiDCVPdK5ylK5jRgb43RkdAMzbqg2cQMrPiezlJzDCC38pUjxIhB78w4T+1mOFvuSc8sOQ26DgSmA48CdnGO1G1zayt7FNoNOipiPljRXNBuFWk4ETwqYrnOA3QxQlTzUiavcL3QVoThUHwPAlcCLGMpcEAPhmXhkZC6o+GL/WQAoqoFEiUjn0CSpD+RUMOb5Mq26B81+H8QS1PPrd0Q9KY8cfLsjqns3tG1l+52Jmn2995Dd4HsqAVwJj2ajY3wHOZxsspu+623ZGuZeo1BIuXQFLOx8D2UUy5tn2orcAK1ph9YAI9sksOmltsvPgKBY9tZDd/+D4kJ1xpG8LcePS8VP38gL+tgpeDIgK/grvNd629mExLbbU5nWnvwYLvhWmHrYG8vKfbEv5bDNeBNqdkkTTJJLHO+XvqVsSJb6+/l/oBcIWk0l1wTbJ2bRyWYctYGulea8uVVA87r8J6xs1X1X37kH3OH6F8/JRPcsbN4Td+jJ5mmYTChP2U1QaNHZ1j0yuK9XLecIv9Kh2QD3nyQK0igbGiJGd6LBCWMikoqx5OVUhSMsjYcrKA5UI9CUPKo5xgOO9KHX5/gWN9S87rrVLdn9sYRrX6PXlFvQu7+7zPMvwWPiodHtgj8IxxLM2UM3EC1zpQzYbI7GWeTD617uKvZ89wxojQnxZQ3QXrKmxqDcOtAf61sA52PrWep6mGVwJu/Yal6WRWeF+kYO+rLOeC/rlARHt0al6FHm3BDrTys28FMeSYSIBxrtwB62UAuOdcIScSSGchYUi8/heklerCppyGShAEKnFogj7AIYx3ViVvPQpdbsgO+vQgULXMJP+CA1zDbzGjJTAbtomM54QNkX2OwMpZnT0exN8L0uQEx1zOtWGW0BF5wJvqyLWobHRbOIOnqnCkJH3w74LyquSQfbvlc+/cNa9nhsOsebVgqThySTDi9RGzMytabQGEwS0RN3MoehPmAlV8rBjehzqTgFQ6K0V9IWYDs4pST/JQ2gW/avV2w9Y85iH5PaUMNEpUcSNy5jWkQcxLIi7LjeDH1n6OiwMlvPOMaqQeFx3IZHDM0ucU5S6lbqKTwXs6a1Q3Qdr+unW/JPoXmjOEdUkpGB35MABxEKQ2XcUhE2kz/UyLQ7sj3wkSpQGkw/DFHPsdUnQ4fRuzasrVOTg9LRxCEGzodv95h73l8K12P5IYdxGteN2prN+Z1FCyxWTTwhwCiAWi7vC5AosQuJfbU6MZSCuRhW03o8NdFXNmaPr3RIdFV5uglZltyzIw3tOapMXUUIbM4hquvAACgpnBoRCooaWM1EExG6CNRospQIxtwkmMZoOojn/FqY/iv4+kLfz+wVzE3ZzxVvqj862BmGNuQ8awMZQLf7riDLnnFUqORKWKInDDpRxLE8BwUDmpUJ2UXZhEmyKDnDlTADEPpXpK+sWydiCDdVQCsMOSLjmOH/IewxSZCq7neTH3o3nh8zKFJVPCB4Ex9262jRNDpjMOa0sU1vrzhTPvXkCnfGNeBenHQQ49oKMsCRAQwqIR7eEtYFPYoxsWzkVHH9/wO/QKC62lKhSh49uLNcwwSQrxrjqi8PlIqPrUi1Zx0Yf9kQ/dyy53oV7WMH7CTxOf7uwo2CDkF3QsvHHvyOKw1JLNBO58mGlhdVZGDtBp1PTYP/SWa+ICIGCB6v3VK3TmJvGrkUXNJziIwlmtbh2tfV5tbpkgfdudbJsF79danmV/13+p/f75eWtLvI8e0Qc+RKvduljwtC2n8IbSzBor0SdzPocS3kMmFDYoZi1sGY0xZk4LrnteD0j357qPryq6BDyrxgjzTyWhDCl5fVflCCAcgZIu4Gq1b5hufRBE+ODJ/F/AH9lqDvd7dQn7XmfCz+VIeIHbIekHjgTppH57m+sXYZmJh9lQwMJAeOF24wy3prR0T3v8XGBfPAL0kYiyj0cq1jK0r6I29fQrSTmd1fkrhm2MwlI9XKjpxCEiR35hSphzPEGicVyiEndW/pIB88dRNE+Veq0CjefmP4dHC6i1BYqirzJlMqOm24NNo+nxCK34NGHeUHb+K61FsS7i5RPdcPWb5GzGEtZwB/ClKFU2aQGo4YPtQxIaJ7rFviRVGFJi9DqCXXUCbkeRNw9mN1J6L2D9MGrpL16GcOQFSYWPyFNAC4gInwatizswYI9anNBFGliAM0B4oqR8ViEmS0h3DaHtOa5Q8gHFTvOaFYX5sX8EPdYyG8kNy4+sXNgK6wIZ5mlwkkBdx5SAv1zBZOGe7cEd1g36a6j0qWDfOvJD6DGfgbMm2GmRVpKGBWZLp4HfSmOEFTuiyM8ICqbshMKyCD61UAuuhAFj0D0yVhfSvlYiPncqEdSkWuyOSnOk7fYfRKbtX2aubUI5jSPqfB8sxu35HXO4caG2U6P1hoyTv0tYEr9kZm4+RCyiHxojlV1Gq/mE2uJdH/BExwNfulA7maUHugGEy7j2GnArIwXA88pt53fqcFNh+5Fb9fTaZGAdO/bMV/yfzzvC3m7NmjezYNXuCQHI45CjxyMh4PqUjsnxm45VncdytEH0TVj9Afb26gt0nSA/yaXsgmQ421sqqseyFxxloZWggttSzcfgcYbaXQExCPvPtfhAQz/CDY8U4bqSNFZCPtnBeVvi5Heoh03kxdFs4BoSViOXjgg2XP6bPUGyeyw93efvjsMnkn1TZKJo97oh2w9Y0nHvYKwsO/tZzV0lP1/fM6LkFOu4dh5CoJIIgeqI9fLuaRVj5NOI7T1FxnAi6hHMYNtNPG1ygskIrn7iZdQBu3Xe+48wk7qzx+947jVovjC5gP7AXBacNbceF/xj5pysZFxwPa+0+JgOBI743dhTcN7LF2fq4Fo1tRDsRcqXoaSGEnEQ06jSAnfkbVipLPQ5949DLA3PYeB37A1ZUfUs9tC7pXXXXVZapRU+78H4ksYJa8mxibL0/TdG54eq0EuqCY0xBZaBoTviMRx3OTlS2oZ+lb9NWiwqIJsgAVPNYi3lDoeubidYzJzIsrqEo/YhxJ4a8Hfc/4tMGh0dSECy5NndiI0wBDa2wdFL2SC/coQn25IxtTRi2pAphPIOGeQqE6FybUWcLzfIFWIiH6Jah28hWZfOOVV875PvaGv2+mAj6P2q3UAs/gZ1fWmOGFf8yeOFs4IhiZ9bpw8vNxs6Zbf7/qUkD9U8iV15E3WyN2+ExLnU4DTWtxkfuTWHXTwuO5HfJRcgqxerOe3Zg1b0+o3ylSKOzrsd9JDOmkGmv1cQ/435dnEYekISrZwMCnqwiQDJii1EvvmOb179WD5L6zbLKY08n/eKNKgtm6A41q4pgydTCQdB2LlDJClFowB4JtXR9mAs4HETLRO7PuRYyu88JzrGhbOO/y2R9/XLVChf3Pwwey0VFUnT3OfwdGpEUAoQxT9Qysugqqr99IE6VmueM9YVMLApRggo0GOnm/wsW1IrS3SYMQ+FeHdaI2GUhyT3yrJ/IvXDQMfn52E/XYA1xB4KNWm2pdieiBploI2tgrAYQOe+bD2msQ3f8wwFLxlnYtKHlFX3RlUNAW1b/jtoTh6ZALYoHO5ix6Mh1AYLxk6IrBVvoleC2XX2EKRcvQX+5OUr1mgUpXXN6ZbV8KU/qV8hd4xghBYc8GjT9rCNxmYilpHDjjIZYdcyT4MLOP7k8nr4g0cPpLt5yP7KRMaYi+ECUntSHI6HcK6PGgLGq1ZDU6AKG1QY0Vfx+35tgGizYQHB21OkxdVq4s8Y7V30PoMhzUDv1J8nJkLiZxBMwiyBf/x1ZahEeIW4cO1ZLb+QvGtw8I9havHCip1+jYEbXTXy2nzWVEXy5Ox8SJfsD3dPB7ZnrOQ8jTWg3RCb/qILz0P11j5zyoptVhxLHaPcj2U4EdWKEe+29KggVo/toEhDnDfqzGhPUoadzheXdFaqfbjoW5m5t23w4va1Svca43exoepLBVySHq7QfHbdEJuabOFa2h25MeIVJP2bMcvOYoY+XyKyjvIMGT/8ekBLdsgOrAtJBeEXBZgHpsYoRoQQ47HNj41AnPaTsqk+Gn9zQ0qvg5u5fFKe05ltgbmgR5PGcv3fhhfoErMeMyYDZ56U3F2d6Pv19OfoOlyLhOOf7cSznj2OXoBOnybJask3nknNi0ZUMmqm4FC4WGAex8WYQZ3f7X2IjSgGCPpKSQtvARl33Z52l3MmkXqmkFrI75D/NuTz6b/QeV4a/qwov3CAWTAEaDdKJMcrjADKBTH+O2bgJIWgKI5ZuP1KKwW9EWdtow2VUoU4I9Tl4ixqN29ZmLTN5IorVvoR+2KCXSfkerwa/o5wq++hl5aDQqWUVoX1i5ujNACDKWPWyIxTMR3dVQFqK8BuqACiNUsUk1YzoQqe/m7kKZP5295P8sVi1j4ACQwvXmDIAOOYePLXG/K2wx3wB1gAq1KAGNEYyJx5lNM/XmiE+3w/gCvkb2RbkuXWOdgmju4jfYJIAGGDxeBABpZRKjUpuwLL9zmDwA+1NW6K5TXz5Uy1R423q81ZBaRb2xL4D4essDo4Q5TT5L2l93rd+ttUAapEl5u5xoQt1giWHx8+8T3AVBpRGClksZw5xgisiMwpzZD1tApseQY1i2QmJy9Fw7OHKTOsTbA8sr03yw+MmV7/zFpkjRYKhu/7woCKqkAW4dNkQ8DBUcWSvc99GtOfeDMtAI5lOTSmpE/VYJJJ1aLq1YwaLBz/64vCXl0AConkanV6JqRWwzOjLGJlJC9e5nZI1dAyhyYDWZiTfVCbKGRkCLQI5oZJasDrYpyev9p6t6YlZpzgD2cIN6zph6WbKq/+rV5Lwu21/lfQHuuk9tO2oa7psPga3CZaBP+hZqTu8HuDo+22uxQSdq3Wh2SWwFjAa3HDwStZoBUMAz76cRpVXc/444AwJZBXq7VxKlQH2JOkogW+gJdE5cXQgk1C4ngQUlBhU43a8bvfjnnBig7KXiJ/T13Vpp1hYXbrDrghBDMfBHVu18X1Wbip1yFNk4Hao+NrZRs6dKVUJ+QzzfchBU3VwZ6M5Yay+/ApJeG2JfC0rrz7dAAMXJIiCs+QAXGEmHdBqqfM+F/HWi6IDVMIY40N/GZIgxbLJpExfsPAsOR/m4bYkdmx2RkMwIHFth02nhHhO6xymQK9SfQtMxKceeKR2ueqBWVSes1cQvnU05qOohr2Jy9480BBNkfCmeHRQszVMRj6nKOd/pqtEyYKalOKs5q3qoJ0n+8fw7be4phcErH+b3oaVGFnpX3ibJZ/TqWx/dEhTQzJdRITI2SqSe/TPymkQDg50mKWSRDVgGphgI3ZelbU3JNyZuMEQGD8qursMpMoccmB9YHp3krVUzKKrl8UNVLxLHXW/jOq/utX2UrPHxTf7dXQdGfhWBr/CgBu+0FMA27EuvX07Gptlp0RgY7MnlRGk/105PSKQ1CkBIQr+3hwlNcUmJyy6jLhKJ0zh1ICgu0L86Orkjl+q/23VrEuSk24031OT9v1N4f918/78v2qQIQnGaocLNOzr3TQzDqbjWfxy6pKKr7KFJqJkolYfYnecoUtZIP/phwIBMJY44UaO8Cd3+E77ynPyDmO9v5aSdYUAnakw/HQiSs2BCcrlAcBSUISojZZ/Tbq0HIcQZfJ35glBRLRaghnay89FoZ/QwUfdmAPSkYAEsDkCjzco3uax65WUdjmfe28XhWD9ofi544ntBvetiyuXRgzpvhFxuxxcwotZV+hWJnlOTc/VKWazc1GweYdNAwtDPSG4TxT3KUgd6Z+lsUiWUDV/MM0ZdZlobg7Kb/F5Ra1Pa46TtePlby06ZIOMinn+fDBzfYoLP9YXx7f4pBYY54esS6fAaYJiSpm4EATXBzJXJoPLjBmeIG+XKqYnkl6sqt9XYlvT/IOsTgU12Z/RVK+RoNV0mq+EXTSRaQ5MUcnvCZS6rkaUV9OF0YNpeVJpcmS40ax2KSnBitFGtWiJirOWM0nziErwA1vF11k/05EytxJwpCMzFo85bJZICf/Auv8Lcdce9b3ejJS+tsKbutQt+zrLuy/cscBG/L0LmfDrWW6u11ZOMgxlKyPqeQlZD9G7hgTADYGSd8CSIADqLgiIRRGwE1IaLjJKikSi+oCQkk3eQQ7UO3mmRwwFkZSsPBSXq2Oe8APimXDb7jfg3+PzXvP+RQ/UfqBTq9MfpLtgs7ZHymuYixfy9ylA/OR3xW6oRLFV5LQalfk+lXzLOryyMqyWP565d1guwDhzEMyW1StKQZOjIGijOaigAH462iyr8T2L2huRwm+OCu46t8nN7X9sFZ6+SF7xpiLSsPtFtI+a4bZLbWxRf8GQqmzeeaM+ycypbLlFmjZPrJE6yHHf6MqMHIWmdF4MksFnoQIX4bpW+2P8KLQihBnoMCI/0rUMSN+GmEO7sE6hRbJZlfQ7/7Q3oo00IlxPFOh+01jTLdRZ8uHqqxG32w9jx0lWuIT17Jx93O9260HMxYDcfXyGd8++3b34Fr5sWdExBRBbcmUjGpufq2bBkxxmcWxRlbCZ0gCFTz3P0LeedgKxF29HtsPhH8hLK7TuirlcRx6tGxs73hne8QXd0MjOrb0R6nP3vaSzmIn17IIe81+mE9LqoArrlU74GZeiey5SoRUmi0FJHE9+jJWJATKzFRFRB3UZ99QIcwj+fsSDWTuvYhh0aK7/z/KPSL4gXGF83u7XQ/ZkG3QLumvFKCBXP4f1Dl4SrBzDAQKg+Ckm1ZFm0yE3YekCJ6vq1sWHswBrARdYPtwwTiT88XPOKU91Sq7VKRDywr2lfSb3B0nXRAlLYRKgd1EHskzOnY+p1FNw6ne5qiMaRms15CSczsnPi4s4KRl3s0HpRjoK5LSBdlwfz2bH+4YLRLTXJoiD6YXCd1EvQDCHRnO38oj8sCHAK2BWWs7XG5uHSCB4Zq0xzDELzL2zEcZHV3dihPVAykAGAtLh9ke8ycSPP2lx8shF/rWTtWrzYHgKGTemoZYilpXOTjmAUywzygkBZ38MBp/E5aV6WBgmG2yIbHfFMCRxu2F+fLqHx7dcEsvYNy56hYtcPoIS7+H3ztG8RmNPmngaF3iKN6BYam9xkQSEntIOwEbP++5sSnClfg6wf3zpIQ/Qj8tTG4hMdUeJsVtw4Ybd9+aiOEpD8lS27/sfyBIKEh4f5vcvJAIiKNIa7fjAE+yTqS0G9ZmRa3qIsLKZqm53GH46cO3nanHz2eU3SMu0ZrLfV5olCSi7Y2mJARsyGqa+QaIlkxeVmWhFOLvU1jyrJUJVYPYoOUIApSicEvRanysF1KeDslPTkL8s1HBxaaHMrBGSxpXnleGeo3SnYM90t2QkP/vlqe0+HBF1fg+AxNS1J/TiaULh8V1W82ndtSh6ksydBOl0B5axb2pLTEv2vqQ6jONfkwwsQ21dOP4UeRqJRw9bUqExM45YkSIJVPgxspCXiad0ApaY4hPaoHeynczE5Uz/mbmiAwdQ3HKsrxIe+794130ZPljlwNZrgWyCqIBSEbzGpgA6GAbQSHa0YWEqaxUsLKJ/dCvioizGPAJAU0JvcjDmjT1K5QBJRFxfnmLjJ1Fo6PdXs1232iYrgmJIBGvw76LqgbnuuP3L0tngDzFQi+h0sDO6xN5LlgNCSx764eww9vgqBjKADSDgCs48hrkCEo1CjNkGebPeIXImDA3KRptBLIBu2Q9Oy5aiXRO4aii0sgmPIVCERZIbi2+7+vsMXXJY9PlbEFd88nOc2f+v14FR2IbN7H5xpeKROQVlRuiECWLtBzLVIS+FWHD7sJbdRo/moVlqQ5YRfdpQMzFRyP3PvFu2+6DppUJYLsbcizZy7D2rozvidzhJMQdbVWqu4MlMOAFrXf3xcH64agYd9nLpbfikkn6DX6NhovY25qbKwuOejO3tkBNAbeSWT+UIy8jSC5kd9bjmYbDSDbca66Tt0qx74DwoCQQwNhTqVOEWopa9QmUFvqj8jWaf8eFXBFe2C7tlRzJvOfIea6TKDvybLanErZlUV3/Y/ZpX1zyo13OHZOnU8cuJftXnzW87fF/hcLo3lAqWVZWTUXIFpOTx+rWMOMZjiQOMd8tdXh4mgD4JLySIAAsqloBZfEsmS6jIYuV2Y35AxskdvvqJD+vZwds9EdE+ryZtgJ9nbV/8joeT7gz26GSi6A8QQh6zmAsXgDmk5RNMGXrBQFaL08Ikl6wi78aWwoMVECZUMP3lonjx0InN1diTnBOM2Z8+T1RDlTN/9a/f/OgNVyDlq58HlnK5MTHrgA5IYiTS/FEdmEnPFTVUY7MRJKSxvOMEJz4RIAzQlgFAsw46cQ5Sqx3Z2YBt4IXQocV2pTaeH0o9olxQ5KlHsHQJKX7yywgCWJuCU4IFGqySWm/PZWLfF10rJRAxx61CINSTN9qWnHZFIWuwqjVHW+0RZJUPqa0b2zukir631DrXa1uWqaXJesIAqZJJ2IbCcS2u7zK3kAEL5nbtQZ6SVbyF3gTdeS8knVPaY2Pp4LE5zgTBponI4bSt2SN8CGl+tkpQTce1SAOVc8lnvWMCXcTajSKorc2KrTXTFYAZJyxxjrMVRDhaf1DAiKBC65Y4KXTcx74KebQqsDfIEIAEkeqgeefgvX3b9L0K9t61iL7aZX01VJU4ymK4XDcmpxcxjirKBsf98Rj/FzcfYTEQkMdVAcUYykCg8SJloJIlzyAvcBfBBWfHs7XNzOqSlUQ5N6Yizv3B9FnPo2Ye3Odzz9be3G9wOK2YpKstTJj9MsvZG9pGlS2qlxZIeZbNio9AJCgo70RYshjl7FEoG4fp5WxOTkWwI1Ow3OfI2v1sYPqkW8jn6/PWiHmsKqqEXdX06+h/fgIjiqSn5y1gHYk4TC6Tf1EkMgeNLaLZTchsRmrUUz5LYhujfzUXB+424zgqJjf6pM75NhfWuo85aCqX0/NxwKnJEa7OSK+pqSFJ54472HXqaI6PIZ4jvT+j+lT63Sk97bEQpRJtF+CTeX8Qzf+Snm2kv8uz5iEbJyYvaCWNbTAQ3rh4KD5mcWqqA/CMsfvU2Iw5Px5wnbqmNIkc6WzDhvbHbegASMS4AQtZuFA8FZFvEcCXHaNwdt9ySpQub/uo59eLnAYz2Wz5Ar0Oj9xND0D2sVYAsLKOEwZJGvEAaElHLK4Ms/xddkMWczoQk7LsclfNvZvjChriQbfUwCXbM4lcqiNatHD71CZZle4VLK69V7KTqfZUQIAt+QbgBMKAvOR+CCQYMzxKfRwRELWQqfZhngVc779hxYD7m0ejoWEumizHlaYFAUFcWw52yCezEF1DsKPk8hslybAHnUfyilfPu0QVChP1yJkFZ9zSe0Nh9qTdPL4c90k2GtZHoy7++0ZqI/ocsFdjf1Z8LBGfqajMtsphYK7oMKGoAqqMmB9bRkHxBxidJrd3CM8uC3GOyEnPuU6MDCTY3pMgpRvGA2Cj93T+uURn8Pi6DKe/1IrU4qSqKZgu3rA3oUhba/hKygUJKIIYp5SBALsc8zW4GiZblRYsguWflzJ3Y4Sis0FbSUYNJg7YDzGA4HdAxlN8jdfzKuGonrxZ+EyCx8vcviHyMN5hrP8DgHiGLNL9xnszJLNzvlbC7DYgwaw3rrcXkhtE1azOGqypieRS+a4WVCaiarrosr29jJKRld0lEqiIRtwGKNZ/I+aMl/ua2YP7Ex/235+qtk9e8RXgkHS1xagxrC7b0dEgCjIg5JPrpNMQiq70gOlSVEK4+HFIuG6dD0kKoZq17/gd0TENvQ/fU8CvZV+rWCXZ5sP7hqoYP9Q1evbtLnJ7qQlmLEndLHrR5frUgW8VS8ZA/qr6/phJt9gdEM2QgioVSyUSTAR8lN0jbawAvocP9Pvo/eT2gMbKfWh1cF9s4DaM9c1h46qDcET4fA1vI33pZXuIPgdtFD5hOxSGbKvEivvl4KagdrVsCW1+ngspdzQummNZrS6yAk7PyOsv7PkkjGa6JlQ9V4JsD2svHrnQYqps9K/11aIvXHFpLBbEZJmdgGEwOFRuR+r/cpEwZOZkwoz6rtb4eaTQFbTLbnB3CVMY9WI4MlvLloApg4jpKkTffA07Sf3y+Pv2jeV7GWo7JuYeE5am1ECB1KtKVOo14JtwOt+7r643T5toi0MVbTctFn14iPRekJWgNrLu2Hh5EF8yY94IE509O8Cm0XaIkQSnc7t659fWCuJJr0cnWwSqWeQU0rPMeFCcsoYkjXKZ+aLIyXreEztqac4a2VXFQAqMMZMqTAny86ImeanLbfNy/PC14xwOsqQGCEKht4NXufLRhGRq8DOa0h2e72D8Sw/LLHlHc6d0wdEoy1ubA9+UnPs3tTyVM5k2ydsrpgDv98BYAUAJZmnU4NXAigolvugf0Bh1zBiDRq0iqMi2EwChR4WZcwzTPup+qq4s67XcfguS9blq/9a91yIHQsV9Y0A9qWx11C9ypHtYP5DskkptfNuPDapLkq9ZC0AFwyz4/mFIc2qIklk18Fvt3dyCxsR4FgWIj3gSpUjbwzgjdpbQI6AJh6ykAVtdTX93QOYJp8UksWP3W7yK9gJcTy0rs/+vj40h+7t085PRqSW4Iw9cERGkMdMQXSSb5dZ9mSuykFLgBYaZBoiwXsHD/SVqNomlcLREyetQMlLxigngCToSe4f4xONi92tX11ttTZSk3TV1pdyfnuMDBBBRqvNHAcNvUlKnqdvJGYCqEh3+/KdGe05LQXDeWmuCHPy0X1rqeeOhP+EzQnJVMaVA4WhplGtjhsnrNuuKyNyeq057PSx0R6gmRUx1Fx2fnBUqDiIWNfqT5859Jv+NAxkWC5NDLVtCk0bsrLC6gAqNuBAtRArdHgaLjd7vXKEvgEu1nyc96km7t7664kMRyCG96M263uaj37dyq39EJxpcepQ3jk+QB1shp6VEdGFI4xK2y0DwGypuYC/ZIzCemFazrWgPkpVbI3dwKiWwIJtrECDVo3HaAxF/lHUl3f8L3dbMwNOw+pGy5rpaOajFHG0PO/M1857VxDNtYSdUuQJjzsVxKI1NxWB6lndP5veuX/HxLsS9BNKJwXNGDQtEQtr67KOgKpDpieEfMQtjGe+5XNe8KjpEW+i/6QO9OesQSOvk+XqDMVVcFUve2T4FigISmbdE3k7q2GB0e2uC9xUy4Oc976r2y68bLmo/ZrXNl0ZSjDwFnfdxb3oNPfXnVMYNPBkGTNsIciHiAVLYoqswo2y75eqg5168qoLWNJp94wezrMF8kgtaphuwFNll4+IPN/ceZWHNepxMbryKTQ/j7/DKbelAkXowO3U8cxJRFZJPOEJ28cwPZ26KAjs4k3Kqt69Wf5j8gi2AuM3gpP63cbL56AZeWuKMptqYrrNWQescvraSV1hpq+RTdp29b5BdEBkLDkHz3fBANJvoSguQnZahB+dCZzQ+ZAFSuRCIbZcp44KQr+guDz5WJXhAkZM9LZu5zvU2rSOn2eu3QwbLTmcEFBAFi47oCmyISz7UaSu7Rd0DoEzR78NLVG2Uhhu6JZKmS5+G/C0yAw9UmoT/e3rhKwXXbQc/87N2dAxEj6Y+jFI1dKpoSX/vsg+JvaizT9XFqGq7l/tr7c5mItc4gZaOIwRuvj+Xt026i+0/ATPLG7gc4Lq86beIWPnFRMCto3DJ6gnue/8bj7m/k+XGGnrdjKeo1nJyhvthakL4akryyqvz5mkdKj+E25RxUbWqAa/mHcUfn9x+DfYerJHb7B8wnRY4p/l6yV3hYRD/xXsWyO8qKiMPa5KRVFqjpyOggKTYxIGdgvbYt3LCyBjqFWsXuWjnQoa/xUBmx6gAZyaCo4AbaweUwuVs/FTf/UmwTuOO+UwkLhNArcc/CyanZKT+rLR9XjMWXZ+LZTnN2CPMaaIh36K/bRQjZSwWNGOud+UWLep0jnQuT7rRdL2ivzBV0RC5AG7snN9CHAu89ppXrlhgIxso3mzxKwrDsIfcaaDiKro4Gbw8N6LWhaem90PRTftN7NvJ9ldcOyZ7E8rd8NMpr+xcBfguAK5Ng0M+Ew2CCFEUF+h7dQnf2tmqJgJkeEPXnSjzg19RGI6iluiskFb+bJc1oW599sf/USvE20D3pGF61hKwfOhSCjK70XwDhkA8jq1ss+oaj0sGUsM28C6hjUUYyQ1HKh42ydNwJAJThojfPtzqIn0InbsHrwM1HC3nNxq9a8/0VAapEhPHv/uqnvM42mixot2O4HNVBbiNy4nxvarLrW1A1xNBr2L6nHIpz2AAlRknEjhHIqz+I0yGotfogpgjqc6S1xaS4zsohFO9v4sYSe7BRDfQEyud3KZ5GvP3wmerHPGO4e7+ir+mNIw7Nl0D6rYqPqkMQ7okqXca5nc4DsEaQkUTTkM4Hva71ee+iO6l3yKeV7ei0LpmhUWy0pEKW6yg6NMRBhPjnFLCFyEsVN64Iva1zni8KJzeHtyuFj5JWrYncUWtr+DGR3fD/6noSeKb7/38x64thQ2zOHRhFZuYWdrgKKTpVjBGFkEanbDNz5qrIERK6npB0qLQNTdRDOkSHiaKQPB0U9t/oeZ6e6v959ar1+X4+78/9/rzf78/7eNRZ+vjkvgY1ubJ+zkhD8fETTwmKJ38DZwQ8uhYsWLVDcMcKrJLMx9wrcSNouhU3RY5VrXq0d4X8lTbsOVWY5ixVCDvyLVP0lXQq86Ko6txvIM3EgTf1baamBnGIaZDN4HhYpYlPYHdEqhdpf+/7hnvDOGa8n4IF5VXUyXGPdRfn2oY9NtCL0LZ+jblDC/Ew/wtt4TnXhWmgEVpuOg53w+15WozXZRlQSq/iEuubcS0M5IRRtj3Zk4w6gLcxA9CqAOt2N0UfwMJc8U48RRN5vlpibfh/rXVlgX+ORAV6B4UNgeL3gdDwUqr3jusKYNtQXEmPO5P4fWcas0HGI+R/LbYplIQuOwWWJ0NexAU34/znHHuPkS3mWkCI9SHu72fgBjXZH4rdOoJhSxBblCUjsDm79ARRRQvn3BNqqREck+3VfkrPvPbSPOykSZdN8s7mCMU6BxiwUfDVA/lxuOe5WkWYSfPjhoX2p9gwFN+bs1p5y730qwNE4yMcNvTzqR6KvuzwSpbBPQ/iRu8hKLWOSzXDeCT9w4v/9dX9kiUs7njEMRbPGg65xieqU/tru/sTWVp4Y7g9tD9gwsnpHoNm5sErSAKSy1QLgC1JRNXXRHm8Du0B9CSmwOnPJHNoUdN/VoOkJ9hsdbYq6rlFvWuEng5MO34V5Lp6Ojpe0xjGWi2tgKZrYKkvJHyQqpcxklge2aUaxYP0nHmwE8oDuVpTcU4/L3A7ktjW76d7TpXQnBDQa3piVcude+B0LK1TI9SAb2Dl5vC42wQ0PRWQWO9vPpbbithHNmbQO5GTccfzvF7+DEwICvngpXzh8sFzkQ3K06gH/qI1/lui7zxO2pb7qfNTS/2InO5/KwxTsz4TcdqVguQ6A4Olj4b1gv6A1u27X5WgsNes8nhb1tb6beaON5WTz+18lyDoXz7e9FODy3LKoPeHtIqTG71LmJ5Fii0oKpJiCv0LNZMyJr8ehQxnGGpADN7kWTB9Xag13KWNspv9n2qrZMxBKy8UeRSSflKXmEMTBtDlaD4EyaOCiuBOXPDJcEI+Ae4GRyuZRa+Rp2FTAweggZlSm6MXC/I1whnkBlQd0PUDZzdVvtwwGla2EHECpoVY6bwoF76PQpbjy1ZhE1lwNBuy8DQAloOmLxUXZM0b4ExxUiErB9IkupEpGFQBXlZUeh9OwYJDgyezKAhU7iKIlC5eIigQ1nQ6v3LuI5Ipb93QjkBRlFMJBQxJK0AdbenatjC5X775PzIr31P92Zk+ne1dUaCDY9rpt3XoueERymjf4D3V/xpU9daSPXw5SQLWPur24GCSS6+xm1VoTnmNtlAKNaOmsuysnMrfRQtenvOwrdRYV7ssODELpQCOBTg+2fbiHcsIrOi6DmU6fyS5lRBk2Wl6Jrs39fywTt80DMZAep7V2S65njGRvOU6sLhutgoAR1Khr3XiacK2ZsqKHIa7CSK7tCL6gi36kVMbOBZOMTQqOptS9JimrIFd88DrfDKcwnblgWPRIKPbiawd91rZobT9P28/8XlmBI6HIRNrjuWGAe26Gl5utcFvd9aNpwkoY6zVcBqrpM6shzJq6fHVHuCr9ozclK4X90O6hpVymAflgtclWSoxwMCmieHkfJyntH4zCJUvB/2NoJi5XkzEub2syOkM5WGPHiKd1LZNVfesyd51TxOw7SP21gj4Tly6mhefbyLzijLG3lwA2KPj+RiW+H4pwT1irdRYPjmJwORc0ZvWnBDc8Or7tQlJuhQMftwCwuVcMKyEhha/rN9ij17z5eJEq2hJQ9aJI9SNQVUfrad37Ysna2wwsCwXnkZnliELM1iDhQFZHjZ2Cb+BOJUBPqFAq1ixBHkGxcNUN5hYH6w4c97Sw5eQ+/zgMbNayo6DVmjd0w9zL869vXU9Le2T/7eq38gtxGRQAFvFj5qdySwBpdKwad2QpEktYC0KYkU8y8cNkiuGDQA2+IQHof7pntXLbNUvnI4J8oywwcvfxe4eiqjgnHqyLuI3DkMk5JXyAbLlTFb1qkhAl5pxPR0GuhIsVUtEchJQw8tJHQR0T4VClhODAfaVwstKZ9jI8/LTPDiLKQZyl38ANNnlraMg05V/GvYwcF7Oax2suDpUEYpztw5IZEDUUc+lZZgA3FQB54ENhXskX57C/SBgOkZcVIJGk5EamxaTUM3eJPSC1595c16OmDmIZkfno4mq4LDD9ku4ILSx+EQbs/6ylthHieY05uDlgpDga7rTNM00lMubfYQ2VHHn/bFcarXAJEGMYrBB9wrkTB8WQsMKlsiKySCaWjuyBpV/T0oVitbVHyBjQ/CIo4REDhumT4nVLbdiNS1sbRZXGhvhveMZkYGKIjIgU2vPo0qTuVKo1y4xarTRehUxQ0LKOVwmq/UUBsMlgeI8El+nqSI2VzySo/37GvkprG7v8YxKj8GBtNa2FeoRyvS0BpidQoO6EteaCh3RUBw05iY5qPYvP2CEg3YiifmY26+pHi0YouxhNiNPRnxRyQ7aCDZlgwW5KA+YPcObZbVZ9N80OrE9YeqhQafQlkzPdTN4uje4qu5DY46mqcbyLs3wYr4xPoqHjfTCvyoXsrx6KKVWUcOFPAPrMJbboZQjFZ6fU24geUqAJfy3lviRomnHl1uH1zuK/HeJGkfso+Us/U4YrkA+xMbR+Ow8K+OY5FKiIPIE5KYdNgIZpsxO+QtSg49/aid4+TtwoiuqSdh+ZlNud81TnN2+LwcThKlPXp7zf3WnqfoVyfHVwLuyDNMXV3+tp1aGYFYW18F6xRfYI/EdJgX1WFKlYOdlYvHg5p5Nxm7F9St1zmG5Vnv+SOHnMA5zXsZVsVzejRf6iX53nHKrhSwCfDW7mE/ks5c0cE8u9uKXgC4zjRYt10pqYAZqhW+GheMKUVM+apy8nSm6aUFEwR3BJfeROlladGCWNVVvelnCz1AHCN/fxP/kbCSNlvFUvXS6PWO1GTshG6O6q1ThDfyAxBZcT72OMC3UAH7O84e7cKYOvkTia8fN+m+30yjOJe46KYkWH7aUyIplgpw1iSx0qL+ktBBs7P29nMiqhpYsL3Kv1X3RFGScZGbuL2SVFujjq9sJZdpJL0UD49NbqEc/4kEh62ltS+pVDF0uGaJLbTDzYuyhLL9Law+WY5ckzwH4s0QMHpQIzker6y6cSSeaPCq6cHsihKexGAuEojRgd/HTGeA1GnoUVetrpG7Mep6izxXF19EKFWVSFGEuOKVP4d8RCcGy7nz6KHq1B1p8A7xQnaqmHIdOQa4hOyBCXTknlgMQAk1MMledLqENFDBA5Kf2BmAXrYejMJCGPgmKDwofTt3rVlJtZ4FJQX7ufvQvc/c9WXCWRnze5o2FZFEtE22xUf1c8MawU9zDbV222AgVbXGTafXQMBZX5fD7+j9dccQSVZgSXrc0sTQgsVzn6SWA4XVAq8NoogzqhZohV3YpXTAw+rkJSSA7+1tNj6pP95QKk657dWc/0yvcGTwEeldO5/ZsrYujCWoY4nuiZm90LofWnPa6zVnl8D22nrCxAWY4nFu/ZeN6mLUfX/aXIDILCZaw88uBPKmDK1akLuG8AxL8tCKG9zSGSTvKaFY8svw4Ua/bGbfXPqqmDWqChdTJd+xrG9TL+WUexGnuRPi285sVk5iADX2C2RvR567S9CItWT/R2X3nZ0OXlYvCD5252KJ4rumT/8uXG931Vv/GF89MnXp9iTYYIf8qFUTqj4G+JcUE1jDXBb4/p2C59V1EUP3Zvp2TpOL6T+9po+qfXvayYJxp099ogUlkxWnWQmnTtUkrtfQGo0pOVObPiim4YbOwZyxbmgqATY5DQeRuZpGoVWqN6uDmIvms/O71XOnArPGynyJvSyJgfDeUVYOyoQFMd2n55DFpmasJSnQND4LuZRa/92M+618/P5NPfFUpzijV1X+/liL/bIolE49ZexgkJklMnz+nRZUFsiRnjCf6QAVDjwwYkBMyNzNl8Jsz7yZ80t8Xan5TV1TOY2J81iWIT4A5pp60V5m1GkWCvsFIY8nEw53FmZLgpjPQCabsTQYEGkpGgb0Vw8ncu4df00K1Ohmo6RNP7XcikAs96lpWt1tfQaW1XdqAEd9lFWP2/CqlVFvwvCouRp2zBVkERyZ87/sE+Y72CstWnqIC2Iu6OHgQxwzJyG3opN33Eqo0YhXUfyD+Px8a5GyY8o9fJ/qUsSGO+ED1nw0WdMWm7mByDW9t3OPxJ00z3bNyc01/f+OB4ewWgTPNVI4T1uMJ5rKOUhkbepzeP12xlB98+W8kOVrpTJGIByUx7i2uUlSYgX8MHGEYNKKDPLNW0QUHkBm+F/9daU4KThBKCR5RwFH2RDZu05gX+B5zQoF8KS4SycuRKWIlN+GepYbu1zuTkUsv2slz/Mzl3ARFe8RdVjOEKXoreTRLgqN3VEA7fV47Pc3SREmGKTxjXR6FsFvZGVcJpbviOIEkjRBn2qYlsAVTzplQW+LbEfX74cO3YiZW1LSR6Zyigp5rqg3uHoLzNLZsHh6hirbFdHbkpJ//dzfxNerzZw5d2Po5b7QCaaIxMOWRngpbjG5OeznG25Gd78QEKJYIZaDsByucoSx/GinzvMmDL3umGB6qHWsPDzM8cBTlw20tmMBSKrTx1qBscVn7BWS2XWhjDHWQl6m3uWDkPxeOcYqdna+p23531tlW3s4cHZjdZLSCe2YfkMuDIKmLQ1rD03luq7HB00o2+ahS1gCILHQ0xLuiQskfyEVbWBX3CsoZlQ0lfWutQIh6FYsApiIlHG3Z9uvJE83urnuscDLuj9KsK/UYk4d7cgxj27uWmRoih4vrxaQ4u63YmlJqfbDX4BuR5XGICRxJLB1FQa7pILTV3SsTGeh+C631JG0WWShLUpcRYKGJgJ6YryOBQ+EgBSh5z28V3UcunI2oOFoB3eZmv6o1pCl6+OBAshePTtkD2D+Po30oLcJTc1sZigjzVDFR7tVDEzyAQfB7yDUM/UVCPU5wnSOGDsNG4IgqWpZLys34PckJv2tFVLZmfYteCxrwhrub+HjNqiSXe3+K39Bb+1UkWnOh+47fR404pTVCZNYBC3W1tgy12PintirXEeupuZMHnlr/DuAUlegjW/qgFuj0Tr4aCEdGC7zUGlFTeZZwvSvrG5pWJei5Npx7aEYeXbfRDVn49eK78eu/M1uQqJlS0QEpLIQZjhGOVaJrmYWTgGQp9MHUxsD3EDKFAl2ljl7jNt5I21sB96xc2U3FxPtouBsfM9I+1/B4zmXW7lfjopl6dVff737t7NMiYAREGVi9ie2xh8qvmWjpjVZkQGCLizkRZWXBXFW0ukytQlaqYIuqwDWsNoBzCNyy9Udgc5v+10rfvJhRoLscoq4YZSOUg2RxQhtxGacQuv8q10JUbGJaiGuMuHm2AYk5yhE+gD6TKfucNafhxff/cdqQ342Z9VSf3u3kcBrQhvMC1hQpFLY5QfT69QZ4KmVv9l/DfEMIP1rL53C8zXZ1VYlKh2hkHpmT5WcJgtGEAbyg7v6jDTO1d1MZ23d0jAa07V4GOeN6QFyu2fnUpY0pfxIP4rKBYI/tQSEbVFxpEiGPmETC2xwjHS6tpN4lAUkGlEKLgbUaBjndvmtss+qd7f8Af7fzFhN2fiCdRIE/GoTMQ3vkCfxRD2AhJBAKMEC8K7gUWtT+0I2o9yxHjOGsFF/+M+vdxOMZT613tGXkkgEb+KhBtSVDgcoAx9t88M7lQiZKOQ7QSihFBdgMU14phUii2DJ0BKv1bIyy2W5ceHDHDQulEBu1pCyPmPY6ezJ0EvmaFOo95BuoEKy45tdntpqTzO5P9/JWokoj1Ee1jx/biDjEN+bGd9kpqHDoK43zrGglaYd4NSmZOieeKMgDOCILMVHmYwm31ILikqFUvPXpFhApF9KBRKs0/4ZsH074+uKi9sFborlkb6Z3gwqzu+IxInT58P5uA8tNbX1gV/x6nj4EvQEosYp6mB5PKW5rdX+W/yXMBiu+FH+rRXXp0NJHawzn6si+F28mzLnYBs1u+MPOHfvpXRUjLZN9YaLdqWK59Wp4ZG7lt5/erubT4Mt1tFh5YMqW3mwDZCWxC5GJMmZE8MnwtfTzmLfHRO933qSxqtPpxV8nmmaXXXyU+uWBMOEXKK9gbcniDobiOCPnvCeYALR+cGkNA8UDPLYg+vf41VBMutmTKtJexHbmkWwINKub2LY5p57PPsr66D6ardkF/1wRVX8m29/71w5+9kEXzT+UqSjr2aRrLXFXBOBu+ePFZxleJ4g1z8MJzKueV8JKqZxwP9SEjxpM9hVNeaRKbXRLRO1PnnxTwyTP5a75kr+xj+GcFE0S8r4BDWR8P7EoimLGBuDE3BWsbplqKo7pXdz3z2SJ2U2NhqWGhB9s+2NJGNFcOYoFJzn+RSzBiLpFV3ZsUk4fvSkab5UtfovyMUfT6ISO9C5L6SbRzEZiVbiBbHEPK9/JIxEmH5L9lx0ySzKJA5vkXbTetk2u0g7JXpHShfVcUWhIXcGfn98pg/5EFtE+fYc3tB81wUKudbpX8Gppa0gHoQ3sXr41BxMV41YGEFxusrTrE8tBz94X/rMsc5tkGe6NPCy1ARbpkrtc+zyO1A3ASTxkPqSfUCQHTS5Iv3r38GFOdEUotMOIu3pxVpnFjvDgRVKo+66koJy9HUW00C7FLS+i/vsg+06XeM0+DKyuiY3dOvhHyoACehKhChwVTzisLdOv3qsP3URnYBXOyZYHdVpHXNuf4VPjgYpHcsGAjgrI6Zrjzytrjj66/mTEnj733pFU9wbZs+H4P6caoMIRVVuFusAzKm+YROWG9rfYSJPdYyr1CIJKDR/N6zREj6iw25bV/7pRhlPtGh6tTa13n918cDj/2+ye2aU9SU8o8nPWF6syNw61DJy1BALzO4V2pouI6v4/1x7KonCoWVtC+LXEyLs1tfvCCZ+oFd1hSyOSRLS3+68I7T56PjuicmG6OCPuSdK5z1k/159VqOgh3gQzIwg93Q3LArMBD01VJskka4600TaV4pSYFHhqZ82xOnIp07ebcicOOzf4Sv+ld4HTg5/gTFsbxpQBnFT9iJNSUB4EZt/txMULpeVreEThVASYEe4dVmkiR9J2YJIoiWvVk1ikjWjrAU01AWkA+V+FHRhs+J9nAhIpNJEBpmI6smj9BifCWG03zDOhoRr7FAgaoVbEv6nUwJSa0nL0v/scVaEuOuYcetL47Fr3jIS5Yk7ACd25h64TyZ/6O3pljIqamhOMU59Gi6pmVyXMHZ9rVZ/gbhhw2GBr8i5ENOHEwopYCogvoqSLotZPdmtVL9Q5kWLsgPvNeIl+X6DhqKpt8DO4IVLAlapcmf6XnuS+FVZ4jZcdT58ub+M/tI6knf+zYAsXinI/YXe+I6/rTMFau86Fns5EvWER1K9fQaVPxIDcjxNZFKcLYO+xct+I4me9xIdole1ZqEKEIWI9sLLFY/RRTp1D2A92BkNZAfcN4Cye0g7eRmIpZwrJg/5V7RPwRuqoVAHD+Q1DCwTAxBSXN4tn1l4g22wveE06amGO17BA6Hbtr9c5IYewUgSO1BfuzMv9aR990K+pM1Cmp/TtTB180UbBJ+Y0wDdjdHqx6o28OA06VMwIBvEWR7MgE96kNrfd7PD7YD7oAFl6ufmArhyQXKDCQSpj8XDWaOcqU8JkUKhWFqeb5UYJpufKWqF/b5A6PV2coxXN4YZGrLBsNwuijecGjBa/okyzXRj3vbSuhifpIOyoKfe9nuWtIHgN5z7pq0nhRzJ2srTF6OW+jNOAUg96rkoqHyNzAgCYHwDP2kLVImuKiqCEOL4lgJX7W5UoMXbq6lmm8GjV2SZ/0FYdxpN1e9oTeMO2muYXKkcMehN2BVaU2dX51ieqe7JPUMrKJ8WntwEBz0PTu+zcihu8nhX2YW4CwcOUaJOXdJ6e3ewW5Pi337Yzn94+yr1xtOKxe++F02VVeu/HHN4rzX6teuInWi6X2lr7zYvB6amefRC/FdxTYVJV+swZ1WzycjGksSzs9XbMfj06Qi1Q/v8D/VnLR62ZAIEpMd4HgUhMrc2V8HqNdzWPhb0x0Zmj+orwVR4fgqq9Ou7Pbhxcq8r6crHLQOR10Z/y0jhj/+mRP0F3PvgWyvv/HvZMHUQBguSBz/aGlfJuvo9yGu+MhJcyaZj6Hk69jSwvtxsgzPpsZDPDym3quWZ0vt/l+tN9tA/UPcFK9itOU4Lei047xAKi7neXsZx3v29D1L/g/cyuhCvtkAgGyExAvKXbHnRfpTUCBI2q531hSfU62maxggMBibVEaGlrizOFYEQY2PgtsNO6AVUIhYaNpu/D1HSGbg6beKoaewJ5g/Abschscen5kjuckyRUuVXKCUxN16NqHCWDy5BgEMbXHcVbO3GJI7U7SooZyPECeQYPXBj2Y/WBQmAeC0leeLC3AIrzsX7OFK0IGsCartdQIHTXnFCww9wmZm/5W22Bo5f/r65ARsIArRh3IUk0gBkqhk+HgqF5kKRsO7sib1eynTxtq8ZxMeawkyvY7U08sxTTWqAJwFTPpzOMBHyMnJlg0ONe9PwKfdXfba3leFZ/0di5SugOJlBS0a+xI64MjtioOupEolHCitPN69a7tgX93esvoTDZQdTQIunrWVRWWrXXWEUI5QM7JPJehkqrtvo9UO4ZVCOl7oBBvUsnajEkM+GHAXM5lOJy8k3H/e6Or8SkIXuLfbKmb8/BelLJmdcBbFZocNszJgOSrF0dE+hZyrRbfvCHuqJpmgEUF4qcYOikkHtDEeQdj+c8hV129Iab5y2NVoABDfUhARdEnGJ45oAs8a/+ZI6cAJkDIUYfVPQAGGjSFproY93sZfwfdQ1JGsq2Z4LClVQd7CkwiHpofLlqnCaWoHE8KlenNcXP76lZu05KHyTVI3KM7UaAofoef873zidWHvBmRiUmdYpxF+pniHNpX6hj65V7tVXkPHmP9LV5gMPH4TyLd/WWauNtL+qNVxjSuADSFbvXTlaFa0n87DE41t6Ezuyyu/wzJPFse/LlBHqwTK6NZiNUYD1GwqzRVs64Uu322PzNCfY74qUxB4dre7+KbymPjye1wgJnUXdqipGdv3K/rR8AOw3kjDHUvG4stb6TE6qJPKZBhcaCmLKXIcvLwClBG1N0mpqe25jdVVCWtfApHeIBGb30uRsc23W/WD6J2pGrqLJFCHg/J+Qx3KcpR3vjDvuJY1BzM2nVlrAylBbTH5oo7YWqLGLVhG/aW5qm3cr0slVoa4FlClluUTR6Ua7weD9zbbS57ufdBr/xIzK/w1sADoftlyTH5Gojeb104oHNPTuf41our3xoWejN8vWBMtUAZk+DsZminR5XrYed/iOEr5In1u8co3s6nHiiHlJAQCxVtQzgetPeUgZDt03h8heKztQZAmjuEq7rgsq/JEA3RnIdboeekp9VIYOBBCH4zreLTwHHiWZTY9bkiqnMTfKXpOYA8rRZWyDm4hw07MhcqyiySe1GwuQz9/jc4PD366ZDzyvzwBvgwdHyor7Q0b2jqqOQu6Vsl8o4t6OIzXhJDInZXPbqNRQotYZXd1GvRHbkedYpZHlOYBaLSCo+ShkuzWz9fvA/MFA2LKI1a/3GwS0oQ2c30rQsTZm2DuSoHHPfmRG/Vg/HzkaSAkJYIVpzxDddtphKHsRAqHxtZQRPUcjjwsYhSK70f98Qe4k1lEPCW/lInhgNK8YpgKBUgCmbBCJFUQ5AqdLE7BacORemGg2ZIAvXJKM7OOcZVFkSkqAlVN8uufs5JNmOIrXyIEN0+jO3uvTebN+Kr20pcoptfXp9YQSXQv9f13SiS5P7PPfKcpX7Md5dqnHozIaNg3cqn3XyNTDa1zHxxPIogos9er0mhu6qLlvf6WFKBU90hkHIxDJwPlpHphlHLIJIgQ94Z2u5K4HWCErfSJ0AOUBzoTBFcEpzVj753LUCPVc0A7s4yN68whXHWE5JLMjefe/lrz1ZSOVxmY43M6/2PHnRU0Xr1FPXUWwxXgtYeNb3T+RZydqQTwhf2xhTjzHoXdhIwZ+0coSe+LpWw5PZKdaR0ANbinBj6GgPAxVAk2CPFFZRieAkhoKK9ghDLWc7vyz+F0WKf9OhuWXjRw/unIa8mrX6IAqs0q7dskGbCBuvt+9JX17IKmuA8hTZCIK5ZVtf5Ysltnpj2h3T8dkOyQAvdnVRERmriEKb8SE5stbUyo1vmaPrH4F+1Wv7Jw2Hp9rDlJZcU1n6JdRZ8JJKXwXyl3gkQ5Mbxkzjc7UMmvpS5y58+vb4+Ne3F3pOD5Rb3BpoqqpikHrJgUBUZMEKVC6S9P8B58lm2F0NJ5hcD+y5WsrZDOnR81HXRGYZWYSl0csHV2ulHKGV9K3kPH/XcOadfnv27WWzW2+52Aw7J409OrpYlGDMajJ4rX32etj/8+QwhzgPO2vUWeJ2tIZHKwOrgBCq8Ttk+xqY3cSqiMqRmj6FJEWTtMBs2QETminHTSOsliod6MXtjfakWOpd9VPXUHzElDvxR1HG3T3hRy/qjD8W/rYZDidTVcJLK2/ZOOzEVcZ1kSEq2CgeBEvT2l8P3xBvB7G3E3oThDVCFjS61r1Mwlc3kOJrOGsj77Ft5BPL1Tm4SPf/gJzluKd8+DECogvrJHiPE5MNpVXLVvVGdYu8ZlK/Uy8ziJjNFZtAcj9w0o5TnICcmVUoi1fHol/VVKcmCPFZUANoMLX4WsElc7vllAa7U+Ka9LaU5xF2XFxFRPF5BISDUgYZAlE+engwDdpmfeYS6vu0tjuZeYJA3p+34Q8gI0ie9fkUN34y0sN2e1h/GYkKzideZPFohhkFzwTI+/f+XespYul25tt4NDKfrK0HMldlLzEXdnBRFapsVbQsyTw7c7UBJAPwIkJPaK4MtYTpRj0ssYnXEybTU1SAtHubD0ol/GdKGlIcjKwmSoryp8JaAbTDVWKpU5IQ503kngTkt3O4JdCncHOnaoaeqqLmRcoz46MMXehUxStzkAPKTg/wxVDKpKks0m4FcHGFq/JvGN3Bcca+Bg+8YQDnq/4x4IitmuBO3ZqeR4yaO6pqPW4W23hKl8/NDSTp8ahggMAlQq+hZUDOdI4B9C0/6xKKtJsrz3gtnZtEI19y2p2I1UJ2cUswoHBrCmET5vey5DfBnf7TetuggULAbGURNmxUJ98k18nIfvSEBjbCKtZL5RYCddFjH5v6QF/Kc/goGwF72Fju1WVY0xslGOaDXNcX7Yzile4MJZgBOtXWTb/dmR+yXQ/1hi19y7+8+knu+3dVZ0VVjbHvn/S5FderqBSR4F5cueta2IhTLrzcG9D263rvGzxi7ngUXzPsF2bfdst4UZgcjtf//yy8A7u9TMB9KHuCFkvrVHLM+o+ftnU/qXv76d2TjZ9WTyLerKFzMeWf/Fdfztj3KdLG+rRfY4v7KyUgqOPjKt22bR6Dd/5f/mFnzf79RAYYzgY0wypPhj3PX7xXvgOtDrJEPUt6p8YZtTRNG0ThOkNxhVvcEmgHacmGMUHsXr+Pzy+/FPmONCfs46pvEyp9Gf9//BDOUCjim5wRB1apOdP7zPGK7EtaFLMxIrkxULNbfNMtDkX0px8sV2/eFOWCS6xVuJpctDjrmEY4i164M8aspdS52R/YrBTQLa92Dvw78ENX1/xg8cEpKB9GXAaROSOViYWCGu7xM7juJg+kIOsUH9CALFNYrGBxw49eJqxsaVkrJkf6rVJQLVY7uP8l5ebmHVzVl0tIi4Unc5wzgLhxFhmcS+Rj8dBYLtjVrpMAgVLBNe/9v9fpU+UtmK3PC63NFaGcrAf+ojljlGozpWf1h3j/tG2bwYBvQe/t+820AwzzOkhqc66uSOQ0mogsgAPsAiOlAM5KmCGFrJ/o9QlhzWYgQCHe2+MpCfPw+YoMJWpT5IlQBzixssAcoEcrfgTVLd2eKAW9J6V8+A01/Z3y3ys8OH4QJuhMXCmF1gXCGSsFlzyKL73eE1DJ6CrawjcYO2MdM1buDdNd76WVP+52mLErUk7YzYYGJH53Pv89tULZMNBVrwEeuJEKvQQ+YG1A5ECTz0w0bKEm1VwP7FxxH0TAO2Uxh43sCuo0MSRmDmYT23OQNQrTtTUvK4+jFbcdAWz+E/JPknopxdVU2CO8eXc82rESupOr7smV0lBaU+bvReChJswG9bhjWgCQtH6Cc2jxG56G7HG4Q+OO7hLVojYpXCFlmverBLnrjhs/05MHOYj3lVt9/oTXyPniGxpvtLrO5TawoG56rSlKRXvKyd2yuD6mqkbc2WiWhpK/u2E/Z5IFR8umE02hv/HhOvAq6HOVtgXIda54b/LO6ugXr6M4X29Kub2qIg1c3ymr7cGmZmV1f829ExNHGbVmZOjdWtalefnTr4A+rtTtjRo9clntiobvx9nqpS1mH8KkeDv+PIMZqMltOLKLN34cq2DwIDAL7XAGC71GL+cfUvgVigJzOVBw+xCphxmWCmhotrYIpUcNlqSABwAHvI20pxRlr88BvW2+6YJlj+I9L9tPjH0JD1uK7X7rMXVe87RC7q9IhU8U9nlaEc+59+0DDvggmdmuZxG3k8lji6P4ZfmLLRUT1YXnbh5XqnXTWKLazG6J0LtAlN76bhcPs13lZ1Cc1Bwop8JZxaQbJW3EA7sgNjNoylJwJ16oxo4sz3U9YbgZw9X3rSv7Anupmz3xCncYi7uX2NUraijUFengrR3/C22u82gZ6O97GEdWRXOep8myeNRaoKx4k7HiXd5ZGe/E3M7jRVFM2bdM+YlH7DLcD9E6qd415awF39aSlAqjXOAEMAE4UuK8DksdgBNLXIjOAEfywkyN/16p+ALbv/gsu4mB/EOafWO0Rs4eOQN1JE6hFycv2uOgMsH8OOsoK/Fn92Xk69dDTZIQVC+fXPn0btrzqOmzQ02fb16cvXhxJ9/5Svvn5N4J3ucbuG0aEwJdRXUhy4G+Xl6HLge5Ra/WGARh/YsvgAOmRIMyeccXrqk5p9Dk/sTpRZWliQlInKG20qS0zO0byXWWTBESh6z8H7eMKxoEQ7k2qiP8xaLpReAMgou1d8ldkJhQoIWpeSfvB/wmxGD0szp8jrzQRCUkiETCxftHtffeXi0SCQBi5bfIkLUUq51iRFz5mOKprHiTqbQLwj9a/4YmcT4uHkKGXXVjX9YcS4JpAMIfFeW9Ibg/9CSuWIcsYaexZVYHpVsoyLuDLgP9J8WZx3opfscMYwSx8IixekSqhB0cAAifKYWyt4Q5JsjnuuKWalYeEtQryNN0rAkcnMS84Rjo0XAhG4KwHntGeYy3Xh6qKln2oaRorahx5nbSYko14i/lcmxI2Zby+d0/HXKs/MF6dbX3xGT3Up5yljVRmr7kfv+8V4kBaMRZkw+xUS7QnNB+GPGCswTUTGWa3krqZYOBJZXx66FZAUJ81NlHrMGC+ShXcz5kX2vioH7UWPupMgMpHRXicZcOnhp+IZbYTOVliN9pRffH70l6FCgaEU5xY0FnFtwFTZ5o5YnK4ugpod7ExQ3DOgts2V1adj/XUmXr6VBnKfcXOiPS/pLcIbyBnmaES6+wDJ3I0WNexX3wzBPMo5bJAqzJl3DCeXdzB4XOlTYXYLf5SbLZL+fX38fWIml/jAPbqLwCmgXRH3BRqDk7fySGzJdMuL0q7psogpOc2T0BnUvb+ifaGd/1B+8GqBvGnWuxatyLzcYh3QXwCw0jskp10jYLOzqPa+lKUOxbnXWSemXq0hEF5pAr360fKnBxWkAFcyxLzQ17ovsi0QrJYO0qRQiURNebhzyZTynuo9e5hadkl6eUchuOI7eWzcdRmI44Xc/TF/Y1pCV6omPjszF71LQf5Xu8MggsPvb96PpRXRWF4KHb8YElIy2M5ftKqZdBgIvxAmE7HZFOMV8/5hfF93xBojk38FirF9VQ9bwWaQda7/BfgDBUT7sr/XLHuDCzmKFyyRttXKwHgdPUo1g2Ophy6+Dilfe+Y7IJyvLFPdR7Siv5yRCU81UbxX2hBpBSQA+cW4dBLrQ305DFaOuw841Xitva7FampZhrw30SiqRZgrK5p+9zN/zdZ3INxfCMhlQkcCOFX9riB85lp/JViCQiCLLi2VLUBKaa0PAdRc0Bq+8r3zTrbaRmu5IM0QoPAtrkzeSA5M4qQ5ygv3s79ftb09zd/vqTvY07+CnGnH4S8R1Ek3VfWkqfe9HO6LtbgBnVtV9vzVBSMIn3FnWrcbMtFHjlhEGNz1aQV4yFEvwov9PsIspRlirUkm/ugaMyo9rZiebgDLn5zx/UegKupqxlCK9mbfGwDE7ELCdbhc1bMAbc9yApr1RdKdvHVHbQdyC5GonJlDOeNZLF/YyPWUr2/jyWUhqb8r+rKdYhEisYIUPZ8E8ZRW1+wGBr4HJE89VgtEkJSVL8gz5Ci4jVcYCwYpJbEOXD/cGIvGsy5nVX57UVZlMXh2Z/RoeQwiGLJ1iOkgl/k91V06rpXdz1cRAetnVy98Kym4B34/g5VjXX3WzNwVf6YPNoWpv01nhfDY8IjVk0r6p77Ok5TH5EdxYnD1tt3hXrqueCaC86E+Iuc/9htnbC/JhbeqmhpIjTMGjZ0sUNsMVF+SCQrNLCSp8VDGdeidjFk81DOI9cptPzeBj261IcfYfuwmyanId8o4fcM3gMp9DSJwG8TVfzFMWEamnALb3+3eb+WFt8Jl6PEl1ykaXQWwmwmWIekII2+4O5gQApt7VeUvgd1BQKV+P0uXvg2kNDyhWf7RCk17PR65TIuZW18O8Y3W+pJkzWYpdHz3ZNjZD7T5+TvOnPGQQwY+XCyaW7rNqUnMROCa9V8BOCRaFuKyDChZqTBrc/qckBjIiQUNSh7psR2EEzdy1g4dNT07qGNe6ra9Zc1Xv8DZlIK6s9mF1weMEVz1RmTkC5x3JgL3BhpPvW68TKhSjG7bRrlVAMLlqLVPd8+iwliA3fHBfK7Fw4arRoPgh6bcOfTk78F9rSKYl6F3qd7jnPfxrzRgbS1ur6Js297a7s25Ipp1Cw4Gx3Ovz2xqO1dUrIdTuPfP7SqArNtobtgc4vzhSFrtWnvtSZYgFeJ7B4P4TaXI/YDMwf1rnE5m8qmEXnOo+3ya66YVHbqECWgWQiQhb0+557Sh2965GpYAVRSdYh5jb4jLfIKcu2RtGi5w/d7NvUu3gNStQT+lQVVkGtV/F+hDkMWDhnwjJK+t3saNTx634KjKdRa/I4wl4WHE87Nb8nvCnnrY2Os7O1rQCUvnwO89r9fT360RuzanwXJickNDMG6lskT7EMv/RID4Nu5MXTT2dGd/x1xeW75qFJ4fZJ+EMt/P7Ne9F/UWsIowE8WCBqfj1mwd5h7BBkw8fHnBve3WV23mBJb0cp1l+vkAT6UbycUDHKnLni4PpU/gwmaEMkeaZMXWYi+BJIPFkzfxzPUCv3JQOuaTHr+yq4Zw5X0CUWtXNoffuhq95xTc2r01zcdSXTzT5p0vraeyj06wM9qUQJEm7fF1x9LAgRiaSC0eHrv8nnQyS9KaWCILCtYblvtCu9FMfKVnJaYbR5w2Huh2VJQjA0Djdw+q2OwHqc1QmX7MGZTaCCje7Rl4hmvaesI5w5EdccH+QysxeeXk2ey4XCdJalp28J2RVdd9hFp+uWYDyddoDyCq/5J9p6YfeIWpbuaux+pGZj1jG9xy9ixQMYQYFN4X8PYGzSdd0dWlt8oVzo+LLB0gxLbaJavg3RhOQOxm7RdFwoM/nsUb7X5hQPLhuaHd6Deuqu7qKgbPC8T6GF0AVRp145ciZqkKh9QdpIG/aPQunVTLQ8Nn1UIbvVlYSZC98ABoLTI9/zlKO2jJ5Rl4mZ1ga+F+RhSrnFMK0zvu9bXRE6MJVqn1P718fX82BYTYXkDFAG2BW0PLMlW2tJe63yszUJ32t9JQXZM1CC9VCGgYvrYpi5axJmMBbIf7Pc+jwBvWoR+/klAGqC+V/OZ289i6KxjqZ/quHbuZXu7rKTy+XFXCOchOeBv7TmGLzRNCuTsdy3cELTzZQBxVWn/ueU90GbDU3pv01t+HyCZHQU57NwUgHrLC7D3mORFDbI6VpsX3SDcsxayEkJMjkxdLa4bcyt9k+ZzDVMxVVtq2SZS4Emz+sCj0xO/4LF4Nuoe+UPN0Fke84AnBxzqlD2iXJUVE+FcBnWZdF8WLgWdnaq125h83GZZncQllb6PBlkRHELM5dw7OPIuzs+jpYuwzOFygGnE2sBI/DjAImEEnr3qbtMMzxmjB2FrwhAPNTOuheiKs53C4H7pFPeFWRw1mrnixlnBbXq4dsdA9aM7dmT1jbS5lwKToJSTZzqgc1q9AvHGYE+LfdQjvmJEiQydMvYDxv8dF0g2qdVEZpyBtkMl+woyGUqiuKFIwiWb4lEuyHq0bSNEjajpRlt2AihVairrMXUlNNDAUfxKTkttcTjalKXtibapp+rUWe/hVyDi9zkKdlXk9c2m6z15oPJbUGYsu1aZQw9N9XU3eN1yZI2prIoZWUMmDJcHTOAjrt91pMtnpspgWugQU2nKynO4wiMm5XJShBNm43T9bVkmvMGfRHigUC7ep0YTmXILi3VDkY2bY9EAOl2HR1wviCvU3y5nd0uvGQpsNqiCQJWSSRPJnXR+2PPzyCOG7kGCtJdoBKXS8d6Tb4p6+RzkLWSGNE2N18kyIP9kspHMymxEfNbdoJ3Z1+g/i20J6zrdvOrMvHZFw2oTj3vkwWpKBzbtVpyiepBcCfNgNQcZZL4OAztydt82ympS6vHzcf56maWa6CYxp5iOVMoq6IIa/AFyFNUMdqVovSQzAYPoAuuJ4gCAWSBR9fFofoL+SRHzrEht6wmY0XWgZinZ2Bdlsr+HyCZyVMzB/6wmBIdbT6eAptx3Hln5g/ghvvLo62lojPxCfBDc45i7mPN6VdZSzS2ied6UEb1yd+CtqGbCZl+7FvtNNihLOKcsaPRKf87yKWEGweunP3QHp3GAw4WyXBezW06teqOmCWRyzDVFSGXgm8cOFyt8UEgl3jR5I6odSbmsfeNVX6OWpcV0wICZ3w+34iRKvVvejlns8jb8V33ly8fmyRlDzV9E3NgcxuWvvsg4XTERPrO9t3rElKdn0zNHnAUTfkrCQ9+m51NGBGJnrwUfZvyT2C5+t/58l4ohRG17D90/Jjw4qedMwfcFB6LxF2USRjblyD/ACM68k4yx8C66fDE2nJbUdjF1rmbjgmzpglN/nNzNw/NXmxaUHV+8Fn0bfIx3n/g+MsmEZDZtFrUdDFBJOb6d3Yecgp8IFKfjBgxbatHNY2JZMxXzXUlXpxieewXVeA472aC/sJ4P7h4/zF3vchOX8ayCeR0HsRoYoCD34lAGiKh9GWRbKOodCSBlzDHVPEXsXin55irRB6mc/no5NWiSro8J+CkaFI3C0ryF3WvWfuSsk1X9HE0+2FEwlwNybiM5y9qptR1YefyuTDRzNgG2BwP7ERlbU14SzetSUqYpZjO4Sj7RTtnsLP4ZNGNhDHRsYBb3m3mNtkFZMx+8QEhgraBdE7QocFuPlsoHTxzV9p1yZDHNyUCT3G9I8+HjtSjeahTYR2WpEty8zizXjnjvGsrq6qivwh9WXCkxqfWcgEjymyqScRkR2d3NIcY0aklxqof/GRAri3BPSV6x1S9Xxfj/sadY5gjN82pvOiwfMVi1hTaARryiupt9hfRkxOfCSIWppWVWem2X7J08057Axk+gp4isb5BHEX/ps9nKq9ZhzaCXJ/h6t3HZ13SGk4cDGPxwpq3ASwtMmC+6BFAxbHSh6Eh/2Me5nIVQQqw7oQf6osuK9lue6e9QfZLPCXWC3Hds779xpK37TfQtrnpRVKYis6cfcYHiqwLHrXZFcWTNEJxxVv/U108AhfHl5d739YmnBVp6K+ofe+xKT8EnK1oS7ein2R9KKeTNsXlMkZX1ep9HlN1/G9VUdiT9XaHPnd7ujatezSbEKIb1vbnjjPhMJ2xPQzMy63umYUZP7+09PLUCnc8oKZx0nrONbKLknRYYT2kll2+33yh5Fm22rK5jeOmRYde/lhlimoJOZuqhdYxRpl3INsyQ5enMmW+hbGV6YWqKoGdaT0ZkXyYMf2E2tneM6mGPxpd8L3ntWqdVe3nZTGlo3g7j8Lc3a6QK7KVNbTlMmfVa01aT/ovFJ6DEy/pZ//whLLR3V80inwu51xm4i8SstAM3Rlc6bmZMQ81tnj/Sx+ZoC057L59+mlpmMxMO99xas7vkah7btnY3siLq6bMPs82mfCQTwagqImTT55c+ewUdnbmyuhw0FQuy7jTYmYq+QOkVO3WBj2yKHPT4cn8tA8Gd2Gx0YhTgsShSVvLjPLh+dD04v5Hw5RdSBhgIESrgBHp/YaxPt56yEb36GJGfAzj/A0jmb2R3tuZQkku0dpw99P15IChzHWKNus9YrL2qQ5B19zVumK/xJzrYxhT9Ono4t025DybeO+QutL0mGevSu6+4iCzvIc+bDckJqV6keBGf8oQEKLfpA//uC5Gx3M4KZedUulygDondCekTOAGZywFA2VcNDnrFaMbxxEOoNEeUfM+L521+BwO2hoHU5NIxJiKxDswVIONQp0cQ1kuJhk1VXZ/qLTaPO91zNWsN7xD64pizpeX38v7b9Nz6B/TfWKnLCiVWXrRMAbOsE3pUDYSbDq6SWY76g4yfk1z1gA59N9IMjBx5g0dOa2yp/Ef9/88EH03t+a9mhR6EKb0vo1au9Yb5AMbaf5aeZuJqXXBEGBBaj2/fyhuoRWCkmiAwxENoG22msRPb1329UP7wTVNk9eO5ee9MJ0oTpg6UiVMEjOjr123AQg/UZ7N6hhpw6bZdFf+Nvv/OYHkgiNpu2NjgqkRkl+7AnfImZkjcUjJD3t7Uy9qRPBu8b8rqXSqT1BMWFQsUvJ1rYODqTd1e/BupJXkf/O/PXfRgk1d9oSHi8sFB0ea+u6NCjYlU2Op4bu2Ozj8A5zwL3DvmF20PUHBMYZhvsHxsT6h1JgoJGG52XJLZOBepJmv+UZfI1MxVAo1NtiQYovH4c3Ef/A4azzBzMYEZ4HF4bBGpmRx12PDdkX+rhTu71L/th8fExwih0OaWcjh/klISwsLcwtkCPKfPDML5MKXyL/zxBB/k0ew+jXPxuanPLyZuRX+l3IW1rhf8ixtfm3DypLwcx7e3OznNnBmNvhf4Im790v/8Hic+U95Ftb4X/pnYW1u+UNfYmOoYeHBMZJFc48M2YWcX8W1pmt37YpFzm+XtaY+YfuCxdNq6k5B+tkH4S1tggLNrXB4y8BAPNXGikq1xFtZmhPw1CDzIJtAB3sbnGWQFZVmaR0knh8zS7yFGY5gQwjEWRJoZuYhIVSHreI12x1LjYmdXzELa4KNuZy+vvNqF7n/A1BLBwjOHLdDncAAAEDmAABQSwMEFAAICAgAsENMUgAAAAAAAAAAAAAAAA8AAABOb3J0aGFtcHRvbi5wbmfEews80+37/6R4OqAz5dSRihJyPnZUkVVC5VRJzpbjDLP1qFRCkVMOUyqVTHLenHJaDhmJMWYxDLONjTGz7f+p5xA93+/v9f3/fr/X/69es8/nc9/Xfd3XfV3v631dm/tnLc0kVm1dBQKBJE6dPHYeBJIC3v5287dlwC/FPvvdIBASdOrY4QvBxIk+fJT9bApziotawO9SubW5Ysay6dud9tOSWw4WP+NHHSuWXibVcG79Wp1VOsvXv0NOeVkYZm7LM7x21+1GdRLtzGYMOcd1Ya59NnT869j4+PhbNCFV+pW1g0Pg+IVAp2ReIzdSyEYIN4D+/vm2bSHC6uclSMZU9N9ciLUtGiaujQyfdwIvusO5LXLo59UVkMS/uZAxlf23UhdfIEUK/7cFHvo3F9XtkpkmAipWWVk5jz9dPLuJ09TINhYOPrMS+XuMPQs0z1ZTqFxgNSPgC51DUCfeGD0+Pj5WyEWLTG/3gHgaoJwEw04NEP4UuApCfiqcchKOJDEroZgIShjlM0FxgVE5q4LYDXZ8x7/rOL9XAyn203ZuILifnx+tK8dA1hTBHqJ9nxqPD74nOhq0jAxnFlY8NzIsvqiHmG5Pn7KjNxSFdqXqQMoBXbCX3KumRmjhKbYSmQUcu4JxRM57zq4S6IKhf5Co20+DVYm15dz4IK2ObHUt3yo6Ku+0i2cxGNZfDnP26+ur1CrobS0Ze65mKCfeQ/Qiht4Rb4M1JyG4SUGJjuHc4dKt0zrgyv6JXSiqTjNo699Su7Ei00OYdtB8pnibr1eumpClNsPh4EvhI5jm7xvnGNuts5rganEeS2WyHaIkpsWqti06kepOOdNY6aR0+1nBzJQtMOEptjMINbXjo16Slw8pREvAxZnwjdVm7Zpx+JQbhsdbjHo3RHd0M2SIVoUoeSljx3NGd4OcDR4GD0DKuSGC4D7dyskbIwkZFtbMtowKoyPGvCHfBjo9KmgNDB/kRfKAifouw0EPku80Rh3FjUXja1PQn/ssLXmPOcnNseX8k8btQx8LI5tK3pCeVYwFRtjhL/IGs2IZAZFEyxki3mN2c4mUXeXhKQpsbDhoFylWDYZgF3yN2e/UPLSCQBCoLR8MCIziBDkfIFG2YVP8wktsmAWcdaysfsYlhHovgTL8OsmQuNCLmYz+6a0xcJARLLrbF5Se9Mxb6E3+PEbFMtNj/BuDW4ADHtrM/chkEPb7fXJ37hcOU4sgw8s+yD7scv5U5BI6pI972Eup8l1TJnjYLEu9FR3fVuoflmPkNVtAatBX3Pd1nevsNeVYTacr0JP0KmqPaUn2J+eYW4FNWR7Rol1hO4kq0QnjNTQ76uoJ4zWeiF2JHZQVd7FSdmEyrI/+Evbgy+mN6Pl3XWyUNAbN9Hv3GluiVolWod9hQvr6+8kLF0qErfanYTdADoiCQVSV4LMabYrKNDeSor+hcBbg7qysoqF1411VvPoJ45fmCt4Cb4e5hp/hJNamHO9PZSRCMsLka+tChgmc33ydKyz9W3ezG0KE1rzWcg1f+EJ5vmPfLGACsOU+XEQepRlz8fPxwP6LtjVTBfREfUbLzjdgI9jjCcZh1qde6Sn7724ARY/v0ZZy58YFdxqEskeiZZIBc7mPlepJTu2k26lrOAY+G7V07ICWX5t9YRhX2secC/Hf6GhiCKumpLyThvhIGYfvImIvgb186mjZh6oEFFQ42cGnzGhkrisPjqAdMJSEhNcbmCBbLyEUbkJJNN14UmefspAq4Rpye0paU+2dIzlzd6y2sPgAjPITYURHhZfsRqYPSqNIGJ0DTOL+nahEFR2of2Pjx2GiSAC0bLCP0or3cLa+hFLPK8dy9vqNY4K65DxbffcZ9Rek107VfJkZpp48JOiJeda/PxFHvwBZaPz02TMtxTB06hP9Th2d8hjXcw+qqVyjaauKtiJyVEkJEYRKF3X3aGW68eX81xkLG434gn3fctCW8swL8jug1Cqj9rezr8OJthKPk6qqYFpTd2zVjDtAISwHGSmvG6CKyXVKThNDF2H0rM9Vueb9uojZv4+vGjQfWeQS4+Ts0p0bqqxcH7jmafPY1OnGZvE2iobfyL5mTSkDrlU8OH/SlXZB3zY5h1Hm0ZLeTLLfhWe66Qiu17UUyp8oN4Dt8g0N3a4+KZ/0yjcyLImCkvYdJulKlS3EILrwFl5FthJPnPf2GufMhNSSIsCCK/CW7q4Sgm6rB2VZZ45xcDOZPHdb1eQWVc4UHK6EP4TMCLttDambM1l5kefGhtBqdCT/PoCDSMFV7y2E4WgHrxL7tJ6IoN66lDeDxWJt38EcCLkGpJZSsoGMKXWPthPxbWjrGmtl/HgXAGtHrjnKue69WwO7Ohb8IITEmF/m35xBeN7PSIDizO1xT4oNnH2d+/rTnwcZcl+VYDu3BBxguT4w85x9WO/Ng4SaYQjJVqSgRIyWkDULbQwTpgGQ7uUbKjcebD1SJDpaFPt+XCeEpd/jqejd2YtZWIQNazLBDQ5jeQh2824rkvkWU6qGFoNc94n1HDCyeaqiKdi4xkesLRAnp9LJIZf+HugYXYp9GthKpu3DwKEjIf3UPlcCbQe1swirol9C/ZwSahA449ZLoB8asUPZ5rYWSKOiT5VNxuyG91UZXZjV6D3auR8i+ApoiRUdDc7nnqatKpd3DEUvUGtEpmvMLs7IkuTpNWZ2M8UZY0u0RJSqH4jqfXBnsNJBRF9xAEDMIbmggXvck2gQiR8sx8m1y2v4onNgdbrK0PzX/Dz+DCRcLybBFa0YZgN7Rta/8fnlzJD4BBDluPyiiDF0h5zmaPnGADi3GfeBvrECSG45r/rpIpRdhc73cOVPVEypsOadD8UhVdkzZ+RQvj8cdbOjSMhAVm6InU7wkqALJ+ha6rHHCzRDu3aLjvo0YMJA8kcBa0mcaAGchmr9gP3NNj0++LldiaM83lRHo/KeSEA5fMZlJLwkQachpSXpUl6O0SWo90j08KYk5RwCKmMheRgZytogC/ncYuRatzIljECsbRAqbOunDTOZmwF/6SdScJ5pfY/xazJxWQ6C33LCsyhxA1On7ARumhDaDYjcz5wM4tfKFB6QdnbWZ1g5J12CoLaY4sOgA6AQP3BKx9BqedNYAt8hsEWPNnGiVk+jtTdJKrMKxgoMXZ3odZQif795O5T3LcRZLsyykdL5+RCjHFcrq4Yy7N+vVKOZGxKtmXSvVXOzq4ZxhWuFR6DjqRAWdobkJBD4eILSYw0dV1VgXR+SaJpoDJVllrzwZGSPYVd/s6L3iDdpYsnxOl3UGfFTz84JPJaKbcGEpSua4mq7zHVxm7ylJTOdSXbMrow9OkV2cqYlO1tUjErUWJj6mcDhZnxOf5B0ZGUgrbP8JcnV8BYADXqnnLC3YrJbo9bizkWDN+LXN8/YT1tKWlPe2DqklhmUz5dnpV0DhxuOc7k0Sh7ReSSuFHvhpgGbfpbdF2SLRGdjHD3L+ReMymONMVYmJaRNmb0m7G1YFVM1BAJvgvSRSkVVzAfQWwJcP4SfpmmOGLGLcBGqiNv2eIIrHlyf8q+SkCY51+BTmnKxsJLT0au+kr4Z5QkoutXHpF/hhdGFPv8BEMbgbmmlFw/Sl6zSyJbKzOIE8l2hdyjfE5f42lkvJ2pELHmrzrtUiUwC2l1ZsYAfXHKl1XraSRGRcLQzxItip11Q0VrwFS6jRGXqaTC+1s6NZhnAGlgf2eLKeO+KE4EGI2n1uNRkxdTgaC4LK+Vf3lD+Kjj8NCWjrM9hTuBjiFTIiVpgBNTvfRDx0LXFgTVkxM4qmlzHkhlXc1jQzBauVvy+L9aSfamIt+XLMIpT1RNzV9f7bgTyVUy0M+MMBGBVClcHQPrabYH6W8geUutjy3JFAkJTuKd7EbQZJHaLr2U8xWfGjr6FpiIf+R44NHp7g7lBLCsOQ7pcmM7GSElOjQtmmUJC8NhgY2hr3/agHHp91/GJt3i7kp2KUpWkZ/AvRBFqj6fTV3Pjksi3qNogHxxuwjiHbkwX8f8oh0tjOqg+pHVG9cLQ5mTO2RlX6coqqqJpiZlbZMX4u2IztGJ7UEk5w2/2Bf3weJ53ZeLu2LUUVpAXDEPM8Sl5GDVU9CO5hv2McyRF3lRz7F1WZ/p9kdmWGhnQIueVyJytAahrJYx9oqJmEeOXMS2IFR0FzpDPCM0u8akgVk6K/bTfFdBnR6lME+HggCyk0oe/5udSIofEDy7i7aBFFPu/uKhexJn/i4slkpdcfN/IT/WWyEaSJBc/4iT+p0XTopJJjgiaH0MYLRLTveE/q5yugLz/rdRfisf/VKCROjJc6VTcriX/DVpAl3+59eXjddD+X8aNXdFAJi4dFhdwcIup+S9z9ZOL9ZDhrBLlnwuD7K7/h0Xl/1VhCiHTCT6otDTDhYXF1SQoUh0pGG+3VVYLas+jCyDMElc9ODWgMR1bi+UTvRcfsC5HZDo6VQeTN3sVRJIH87JFlvix8KBGax7lQXM2M61YWMyr89CDtBgQiCRitJQJopvEZuCg7GeOCMrM/M6quW/SsJLgB0FURjfrccfcRtKd571HA/Gy0Kh6/35lQYpOA7j+qDfUfdEexNp6AcB/r1tcFQheoOKFaSWEFL+wEsEVw8skoxJIvXSZLQMNSpdaf3SIMTmObzgBY+1VcrKcLc+/HZPgf8/VC5qT5bp4O92zIgGJteS+3dRRPW0c5SQm5i6tKCULq0iO3u7nSCyTNaXeK8MusN9S0sIeBEXKAlXQ/kAgY23xp4aoj5W+NLoC3eK1yOB5ABvilEhm0o4/dkWD4POtY0PD8djtfv0w+yuEQL++AuMLctQWq7rOdKBCtnUQwciaYpctsqAcB6Rv23zOJ4nmksxeh1E5RBbS+T737BEHN+PVj7VGpod94WYnl1PnyqeOca0W+8HNK6Kj7NETX2Sbt3/QUfh5f03mbAhIXhoSVO/y8+ZBZGX3fyuKlgZOta9U5u5fnf6I5n/o9Gv+MVfeQqztl2Fxkq+8JTOreDyo10QjYiE1/tty/Vs/NSDVtYOIC19X1q1cvmjHEpmfwemmymt/KgoM2qjc9i8GpZkuGjQ/yJ9AhQf5+bGGq8Ldw5sSDG/RC0jGA3R/xvJlf4/Tfo6VMUWwmeS08u7jUplYVy/hQq2i8CyE22giGPrGwdKT2XO9zT2fry4stOJpdpuzMen4CFlTqCISjJhxDzvZyj11cWYbd6UX+MnqkSANKSgI3rZI2YPI/usgeVlc7kMlgmTmUQdGQ5im2JOyXMNMvo/Rt+8iJI9CtZExVtBM0dF5Bs4EWkyO7ggcFR09avLTNEiR6RHR0W5WA2EmrkHdu+WZK8+mT7mhkiKmk/RYdk0mVsJXrkHAhNIG9VqvGuX7oko1Aion53bgL0omYVWuxmZXyJriEL2xVBAG2xBkCAnTQaFJyRBfeVYXVFOBuuNVBWXlhONl6HH63MkhWvrCi2hc1fiHPi6GKE80ooXrgE/yLVpRmLAIDC2JQI4J5jCs06jTDPrKNC72MVU5zza9SovSSaacxVXJLlZ6tehoo2dPw3P1PDYxV4bm4uR/XzaqIThNQqxtBsUDmIO7e3rkiDp1R1lForVdb5B5+llqkx6jx2fCkqeL9IG6gTdiVEwJOjqVqQSxmNCRj7ho3yu+zqHdJGDP6j6km+CY+72HY1CFKRSnQBEKxwoWl7Qm0zYd0HQ8qMqyn4LD2ebnikw7plenVMkGfiDzIfsx+PJFASJjmqdo6qqHeyhyLf1CEHvUd6439yDtt+AIYFmzfqrI9FugKigZLK93ifC/jPHw7E2v7ku2bL3uv+uy2Zd8j1zpwVyA/Xc+jSDN/0bqhKnNL7fx3ecX20uHsh81gIlDU3kkZlfkZQNkhknglBv36usIimENw9q+cYOuELqz0gC2d3oK/NNdroAqBKva3ji+1s1T6dvv+x1UevVRAEhFTMx1CZxEMKH7A92fGrTrVszQAINNzRzYYkoYcK/Q9XVwxucFK+edKE9VMcXZBy98+zwBxYGJb486YMmf8XZQgQ4AfymKrlOUnO6uTZmz1OVoPlZdD5mxIA9d8RNEDyKNe0Hz2IEP7ygAeCUEmlzOU+2l+2Bd38XKebY3mlcr1AGPpfNKDR03YTPS0h6CJTOxmqisL0DBaZjDtUwfW9VWlp6bd81VdJSxm2AlbabhaAD77lBko09v8yFpDcH9jRF6HfUF2NUpBDy3XuK7Kq1CUrKcaSwKJrpYkwxZ04IEkUOWmRt++/tusu5W01SU/i3dxcFRKFLIfbNhdFFYywCDBheDy1+D7i2SJTcFwhjp/8Sf6s0O30CXqe5hkCFg6i9I+EkTafxi9gSgzJ6lmBZjCMRqyL+c0ksCzd/dfIjdr6v3fZ435+pSMHV4GXQIWXzc7qLRuZkK32UAyp0lztWqLpGPOb3FlGk7kv1DAP9//+G3w2nVeGPeBH+WHJtHRjiGwWlduZxcTr35yyCKUNjMmnavyMeCp0fbs4KoHHJw4ZyrsXto4tzH0f6KUDqKfhXHHBF1rAqHd26IhkYB8PlOTVnqVf9VVvYHw13eFdB+GLUXUpVbUoio5DGwArL80sTxFkhpKjwSKa3arsQnULZLH/8Z22ntORGSXm3oABsnNrbk0ZaXhQ5h1lRCmY6SUbTE+Z6oVIoPSL5jKGwnMaKQ6i2MRhTn4Vwh5M/izIzXldlTZ7kP6TTdr40iAQrnQwuDOSHOYY8wqC82IdR0KLGMPxWLSJMd5RznuWLz4c1C7M4lGuHiRabDXUAVqRsu5jnKyXalYboaJ0oHA5cVXFxZQhzzcM2Dn4NWU954zqLSVqjJmeJI4/tnM6Rrhzmk0m0BsxOUnUOEwMvpkdKz+FC0vCnuNkbWI1YKnTtNLyELRs1MmiQC0KjeaJLLM37Pk8Xe8CIn/Y+VKRuSVxPSWro8ZanDKNoRwsqHDBJ2tme2npB/kmHpkIN+jmPrSWYqI7TJb8oN2RXMqI++9iF6qD2Vn26Fzh4LHMmIJTMeWY0EJ363gJ2xnw7SR9gS+6jYjmSKz0P9uqxK2h/LFmyQkV4TI+FJau3KK6AR8nBF4enVE+1ZZkwTtTxReVu3GGark2Fo5wFuzwMAYlK/7I915suRH9S+BgDQhD+haotsNcDbi2AsX+NUTBXx18Jnh8VCwvkT+FdLnX7g+5GLjsqjqsvdpoY2ZRbMkhFkUEi5v8G5mVWfZ8oDRUdLn7KGuPYaSDQhsVVnD+RhswnYUQTTZXQOC1Y4GpoW3KLvEmNb6AHiv2sppUX7ypDA7tj6/3KxtGqzWIXhp9pou4V3Ez7+Srwe9qAPZW2X8kHLy5YPKCGN3NyQjyOlFXwdyJujQ7tFRzk7wSjj3Fl3E2vbdrxjecBsnEiA0ac0H8Jef15ImgZUOtTHRIZQgc4rUXh74DUEVbLwLyNMrA2rd4vC0hopaA82lyfq3/ryEZ68lCrZ7hUd5TcBvCdg2ctcxH/rYR9+gww5TnJPVetSqmatiezPm4CmV/MNfwGnU6FfYsTa8PbGnIkk1UC+g/LNPMvMX6og40KsSGGrsP8TsPjShb88dgXBTzKj0wDE+oX1wcTaIqf/5RRoPmDV0Z9wC7ILuCXq9gtrPIVp+w+ppNI/54rHixT+MuxFhHuq6ChTIJBfjPNb/sP68R/sWVoxbO4jgGdwZxMPsy8xrqwXfdzJ1rHebKzJC84L+hv4np+F2DeWeBvUuJzdqIxamDXujHGVk3Ni+FoqrP8p8D1NZBqYLKxApGdkMHp9i0Uny37SWqS5gim51NdZSryN/ppD18Ud/Zngfqnbq0EhJmJtBLQDbzBKbc3SB82io+JSCuXT8LxyVlO/ZKbTPqPwheACUU+1IIHW1kWWqBYA5HxuMMqTgB42mQ0DVdys81q8fVt/EH9uiiK3meAIG04o7WKRsFBn5XRbp/DJb4dV7+c5YBMJzuG03JJBWrKVU6hjn0bB7f5gECnDZ8C3uJdWn8vG+iKW1J8vRKaH3OZyS/qb4DcrjAMqrgWsyfR/3EfK5WtCv+jZGAtBGMsU5dgC0nq8gSOzDJ4jX66yWOGrAGMfYEk7hT1Osm4118XdeU7TyqDFzTHYDbgxRnECwN2WYR0FZY4e+sJLasI0W7j2ot4HUlTB1CR4MtMnCVCdA+wsxGU4bSuuvBQOlTMFAGf+d4CmquMoLdfijYxDW7CLDf5tm3jbTFxjLmDZh9K24Qtzvlj4yKq2/ONockWbSIChg+E5aNoMquw2w9HBUYK4uBcjCQHB76e7g+CXIn+e9S9dAYA7P/jhGqEADTYrguD0fnWbdClmGKtRObQo3AfXEeORF+PPevRzBNJBKjNVynjhG5B1KvMVi3a64zRh5xlhwdRpegdJ8XzoeZrrz9HdSf8bXRhZif8H9aP/km7Vgcf/rc/xbT1BfItfZQcl/wvwaPwf9Ia8gXAZgiz+HkPxp6U9Oe2ljbglbbj/rMn3XUb/K6wi2UhPz10YuO/nk2+PxNqcjObHh+oPzBeRhHQ+RzWbmXagjB2dqjOeX4RyCKVyHtiQBjieJb3yCuGCtiUuGgyCU0aiGbSKraa4V2X8TwseMDpIfzFsVn8EPGxBH10ql0oJQl3cT42GUS+rxiqGC94DxUI05ZfGkM+TPu+nNK237MODSMoUG0YToe60cBTRD39PGnUW/7ly5CFkDJ1FJ/hAKSMmCAG1vKL1iX9MmolMrA0UX6bNeNVIeqBPaCQNACxhwZX3XMFfDg9wCFrHEt2sZUxd8/3CWYNFibS7wXKnqBGFsrRh1PdWUK4nhdE+bhlSvsCOfwMUeasvQCMdmH0V6JTFrvS9AXNxky1QePFGlAtskcZwamG/ZqAnpZxdWs040A9shnL+88w1PCndmSwHbc2jdZQtbv3Y80UC0Im0zieo8uAtI2G3GTvaZhGhiPI+v5LgGAc/4wldZOu4Bay82t/w3IJmlWPoiiUHrpssMg0L2DkWPXygR1bq532xtlAjZIzKCXI4vRi6KKOtyVS7+d/5Essv/cabff/v8jEpYXbIRED/DUUMbcpAvdwJ2zBLdZnP/TsGriRlaX2PgrSLom7M3zdILla5sP7Z7NdLfsGLtgLgFNLNd7RO37z/2CJLfs+SEpm+1yQyK1Zb6i6ygTTTVThdEB8fryacaVY5yLMTXFaVPKNH8FB8wfH1UNwnOmruywIqO1KaxCJhJXpIwQi5Sg+WH6UgAcV3C7iRJoJn/ax4xELjis8C4k5qgddBQxKQ8yqqv/d20m77V36xlopzLTU6J+mNCKdSbSHf+0NBOkB1vLGIuD8p9JEdbAMFWkbyH4iPqeJhFU2pKg7h3XYmcdaISSr+BO8Raib+79MD0sIdqUxnz9KEqdGa9puk3voDB+++KMP3zoPyLaV6EVBtJDrvgKCsIN2nvD9HH2k8vQFLAcj6GJEBmd1ded91qylYwGCGg+QRpn6miPuio1NSlYs8IFIfGbPFPsxBLXkru67PsxhSDzfmd2aT4H4DSf61BZKZ7KvOO2Ui83PTh0sN7FkazgtJ9Z4pJu+n3mC1XOH9MvAGkZa0Rt33Ia9JEQFM9/LbQXhMRzqsAsall1t6Z6CnBvt8X5sXf5OuSCfFb0hFUeevxlCbXL3ITWYZhuwZthOqInQTTKY5u4SbERTfNXWJFYyJNatsKD/KuE+DmPX5d+b13oBcg94f5Tyc+UbRxcUXc6Am4JPwwkbo1bAHpS6CksxQaZYDzRHCN7UMv5Yk18vaeWlGvOr7J39MdJuTcBdDQFD8e7+io/eN+oZ2u7NP5wQqP9XsCeH2XqyvV9VQdI0QCeBTi8Xa1Leklf0+Fpd0yamZJRJQ4vvQdezGPdJzX8N4X6F+nVekOuLZIMdq6rLfeT1hCFu+pcfFcoCG23n3Be8gsj9ng4EmstV8K86KapafwZXj42Jx4lrhYWGbXOVNqRuGZ+JoSrrkJjlTQuwskOdLvioyjU8Cj9RgG7B7/fnNa/PcWC9y+STFPFgaQU8BPzmkZ9IB0pfKEnwNdhlmVCggeK2wXTmCb1DEckyVH8l3EZt7Lw242DI0WSLJiCEWE19Q4/NJprksOg9kpGnTf0UV6/EY9iqpbLzoHck4KPIxttcnOzVSJ6NRv7m1WTOPNNYV+db2gcNMCK1FnZzJgLkGlQCuycTfT99iCo0aN3zRWH+TVDWyLihv0MJ1L+IjjVpc2c79RkkgYGNxQ55pQhTYa/jMhOBEtOho4/dDqgrVI614QTPbHR5UPmyhVuBoU8a7PXQQvlBnKeCkU0/a8D/iC86BvcKRuGfaf5+PvQCE6Q1pSMxPHQ0UxVnbIhmcj99NZ5yHFivRSMyV/ugt/EybOwBLCRSBdQGOXhhgmK9pQJqyQGNGmcR0nww8J9nTiTkECmElMGq/t73qugoKe0D6UE68J4lhnTa2qi2+ozNFxRQVCDKC5Y4O2yIdWUpBqE5ffUNhQHwVj1RXValFKttqshLWzKIdgCKsbRwuwcLyqMJWr5u7chr4bECr1oeLaOn7WADg7qrExjR/YzqWT3o47D4xlUwBYbDL3Xmu0BVd8xvt5Eyham8dS6ECl6Akif4rICNjCLybw8KZL8S4fsDa+ELTiZhnE2If8m3sWSHK4m3xVG+wWBvP/5qy1I1GUIihgPGMiM9AAPPOwRMZ59t+xDUrwx1UMXnGPnAhnlrlaAUTQBELKyD47gotOoqy3/WpPM5qyPVNxvj8RDyqm/EJD9vlKd5G2l6f0qLs8KHkbyZSDZqvEW+z5a1RGLAKBZc9KSjkaLTgOEoMfPO03SIkKhR5Xv9sb3bBtMn4yyQcbZWsqcFPivoH7p4JTY+sNTYXa1sCvd//vaqQMQ1NCff8+zZAZEwLdaczfsHv7kiRgNCAnxkKuR9TLTKtfijjo3OwB/MNZ0FVvjG11EStAxK9JNG4u24xhQjXKNQCW3AB0YHE8njJc4fTYm29JhG4ya/9Vlt+aLI0TyXFiUxz8N/UDYtmL4i1Ob4ib11KAl9eB1XwNYPXgOlGCSKFSWMlJ5aSv73/m8tTJ/jUTjXJ+X+Iob8jSWSSEUJ+UiWzAG/c3NtL8KWwVl7BsjuywWwUIc8Jb+bjhO/rTgA7MA/CKENstH5Erl2JTyehNEInz8gh9MvcfHuW2czZ3tXuJXVThMHf2DMn6NlESvmhjWrj/RWhM1pdiAaeHR4MlexN793vu2tmL1GqQQRaH0GAdIJPKlgLNBXKQqswZjSFm53Z6FCwsgmGntAVr93vz+rwKxIGTdAHolHoBZeed3MHIbT2YmNkBpdnhZgZp/pHVNVGzsAeLTXMyyAgBaldu7XViYyFQjr1YR/smQDV813Qh1FW57G5SC0FZfF78TrokP5GzeTmT/JSmZRPtEvRoq9LYlUG5h3rpLpqGY7MBZD+iQbS/hmHe6dCgKyVAXvtCwpE9Owv6wUPQ50Dn0p98ADJ6zScupeHTepTuL6wPAZIhQHDV0uEIzsLQ7s0b3ohDDgLk8Re6Ksqbc0iKDcti8oQLc7tmSJWmcC6Z/xDuwDt5/6pvQ7A64oe6JSe9iHtMUuVyMSaK+EEEFaDNR47vsY41PcrtkBHzcnPXqillEDqYbSe4jO6Wd/rRay/kbP6/RgcBDqKBqWb2JnVkkAh5Y+8Fc4bfm0pxmLVwZY6yIywRGurVkOHQBvH2CZQCEoqT3CCamANaZE61XrP9vPvOJGACqWAsLTBx+zz07CxqZA1U+6xapiqg6tt22WF/DdqYSq2Kjq/1Cr0d+mSmc7LLko3qCVsPmAGwA13G4w3FF2EKfpsRBuKzsmAdm4JCzolOtoX0IBWF9gpl6lVXJS7KvAPW/AFkYyOGPvxbA6k+vvLZeGDzCWzAAEzHkWA9vb51P1TZ2Gfx7giAfJGACoyTqFyu1uDFEn60Z+zPGI70vuz5nvzqZG25KK+DyUlqv2VC0+6wJ/ebvJLN4BWKXFVZ+aHp1RJipE+IHkpO4Sadrh04gK/UZk0wZz8CFdYGjO2b8xLlwUwVmM3jZVezVWpVYyB1K/VY5g45mtBJhTo4xKZzh09rVfLb19UiI0aStF5ia2t+c7/TQgbZGK7Yt7CdXzeAcnq4/Al8TZ8Jfk+eqtpLAr1WayNrUia0qXNzQQLgia4A53Q/SaFvnwmZ8snp7R52CfFRrBXyysckHvIkfOwHLCtomaerrFkprJwrffkgXd8nlUsgk4eyJn6h68cuAriT/BcvOVbjVWw1dwbYm2kOMhIg+vw+vczxvE6rSZMwZpMSl0/FqqWoV/52plc1NHgE1R2E0RykNBBqaPQ6dHBaY0qpni56rnHn442RT6IGml1EsHImxqTdJEKKJcbTSmKJEZdjOIa0VG4QblvcX//7Fx5vfIuhG+DyPTcYbpYG1fFpCzOSRcZk0dBaL6frC34SEYxvunwDMJuosSXQp61h5noaDYYNVKTh/bzf62j6amg+LafDcBHmbc3eF1tZaOsq0I2dpknFMCZ1rSPrkk6yBja14bDDYIPsodiCd1oXI88p0YkAMqnyJ2NAUO7gLfywxwr0vBLNg1wkTAS3YqtjrvjaZTvaYJRt/1sJsuEGf6IQ4yWf6gdO6u3El2ly+0PRCwfFy/i5cQpFofRdGRNcQVgQeNlwYGAqk8zkCv83VuZVQv/0kFIDiLz8zM02J1v+u+bZalqlnL11Tpv44f3UO/G68TUX8jH4oeiKd9BcsbvkyYYfhjiGMqZf1E2T7cM/FppDb5gb4QxJgLYHHy/r/wBh/vDUSJiXCuN54gqplSz50ZH4NVTpDTD/HhFUsg4EPWKrJ3c7x5OgNvQTGgPKgTrLmodUwAiLEoRdcs1VTKTImkukDkg5MUD0TELX3Bap7pgEHbvn7aHio5S9P5IGPJ9oPltW4XSKyJZGvyuk0ubGImLE4d0+wyNQLPulRr9Z+pQFR2lo/7IomsyKyyqtJaWaeYAzeC5TspkEEP3ibr9I7+OnddA9gu2GN7N5mQ0gYgAM1j6KQrmCVAsIcRiB95UZGsgOf/Q88Du/+HymO5/QQx+LTZ3Obj9DwrVf9X7CUAv+eOO3Rr/toPzX7RzvnlIZKL+WCSrRXjf9Kd8F5c/e0utacINt37q0tz0py7pekLlZYt4QsKfeuv7C8DLF5lX5c89BowsoH5bZA+bXjlTE27v9z/S+Xb6qdBkz5zJuj+1SpoROrn/6Bv83df7UV//3Q78483frYW/2gp/FeG/PL7yqyhbGIg/yY5UxmN5Uw6oNaBF30Nbk4nqKwXoCY8h5Ah8HIdqlKOx9G8nK0OmrRm5kKqg3uy1gPysraZCEw6jVqV9+cdZAdkX36/Tx+4nVUBdb7i+Ci1WDgTPWlDTrOrR9i4J1jYJetS0TZtEjoscPmx6+PDa4xcO7rxRn7ZJ89TxYfi77FSX9+9SKns7HDT5vAx8yNpTNtYE1ckcs0HY1IwJE8J386R53A9tVPnEi0qaDvYasgoGLf6Zm5LMJJG/qqqo8Yxji9IeJZv2paOtZm83r5WelJoU9v/dmDAZETnElevjT3ccRBpzV4ktkbIQLN42FBrNiHJlSVjOQvUbmx+JuwdVEE5mbJNuYdCuEtqTP9Ewkq8twkJYcKtZkUJaHMMWCj/dv4J78tOnWTMjH+FQdCn6SHgso8S0X8nXgFEyFr58NB4KJepY9n+KT+r7cyGEmujo8RLEo4kQxzCiv/+srWgfSjUenE9SOyXAerJeaXzQ6Ms7X6fq5zAxFLUJyN9DZ8oyMjbYBhh9VEZlYIXf9hIoAYh11YGnWK/6EMcSeDuhCO+hUJ40Zcl+ZExNxkhnWGeMWXSj9VyxZ55hFpa372s6UK6wHI4SDO4wICIYm9ah3fc1wZUuc0Mih2AERui12CxwGTge3C9olPU1uhwbCjVpesJbl+kgOorrJ7mTdf+y5WTsIWSQkPqRETVQ3FqsbHjJmFtIhM9ahDXCPYAXym9taNntTgd0uSSjIBA9xBHc95S3WlpBLaD0Ve+QrUPeyVJhDoTAxzjKTgVvEVnyhUoQMvsaCE4EFnXaQTbYZbnBFdP/PgDR0c6nH40VNd69S6m0yjnki3MsiE7cgI3RowuCDSUXJnx54NJ1rPY4ZlWI3LLx/L8U/kNktUkDiMg/xW/smXIK+zAxT61jCK/1zGSlfJLebJ93JNiwIKhi4ibx69wQiDjDzG+kzig7bb5psqeIZ7IMWrFjoLIxiJ/qOqsJDj0jusTK4e9Fpjf0GwdUuI7N3y9Bd2TTkWCF7WMGQGAP/NaG4IOIgRc9ZyOOlLXaL+QAGk9FA6b5y4TqgBdSUvucdOaiwIkO4BKS2tigOpKje6WAtyw1LE6AMESGTxSEz4pP+C4f7ZCkL3TTli1evFrKBBlUYXXyxIG7JDLVH1E1OYR/CZ/A5wTKO3FXirrFGvCjRN0IBlkMcYigGLgWNSgT7umPl5obIl39CxqAoJiOBxzQiHPJkLuG5Ayihx/3m5qYGozAORvAdKnKciJESmnrEB1btXkgZAdz6vItHPwx9NZi6AVUsdL5Cz+QilzQfFWN8y4+ooVvdpx/Jn1hi80So/38TOMKiL/fcCD7JLwklj0UW71kdz9B+5vZIeTSYP3Zdj/4y5M1mVMMpT/fi7UF31/ycNHoJRkB+GHaXvu7TbvkoxRgsdhgUPTaI79tvw28PFM8BQj98XbRy/TROyKH/r5TGfj/d8iMg2Smt6Tsdwfx9HUREdJiftxPh7KEzTXmy5fse/Jobs0Pq6zJXPdDwpI/q/zrrMTafgj/xTB/pBXknwr9c+L3O389rVn8icZfJwEc4w+dl8b/n4dzEHni+8SQJvE2djObIDRkhc12KHz97DFo/vCamABlt2TKD4/4c8oRk2qQ/sE9bZTpDUt6738ebXXsLGI8A87pyc9XjxV+XB9Vjw+Pt8kJFJ6/cOEJzbyu/pPmfbub6aey2i2xewcxsRXpRUVF8Rt2DC5D90KNLsw2b1BEBTbzfdfHDhSm7lZ8y4vYpbhS2+6HslvF2orNxMOVwFhFEf3dWvWBYW5vLMbDS90IIi+M7rYPpdS5Azyxlo/OKU3sqJNPD3rk/ss25qdE3VjRJzQCC+Z5XMnGWWOj/qPpThk4ptH3Y0A3soabk0hq34ibzYya4PoTTzdiuxrqUtAw9bLwoCoXVmWfGsV3RnlNZmN9AZChYtN0ByrdlXA9CrbQKgOCzsmw02kNf1gd3Ah6mrZ3A7iTBKSYDbBZgoRhDIh/W+RQT/UkkhZ2NeGR7pm+db+cqowpgiZSyFuVEjb7eG4OLpnZqGOsDhxlNYgIIIe6mZJyDXpssjEXDJgSd+65Q8lkd6051qcNLkP37Rut0kUqgU2CQo8Zygx23Vsd3BfFAxG1YpUOjOV/+XFy84eBLX6aKeDRxJRRZcIZwBTLGJEIJV644+9LvQvxGsjliS94vdFD7Rl9UrxjjncNa+Jp3uYE7DO0YgBNcIPaePTEOhQm/AEaWGRG86YDJCukfOB0vxrXmkBa54qJuQxnGV1gyduwguyZhGWgajIBND/0vjswBvAFk4WCnOYktdB3aY3+lr17UOXpuH6Wk+GyQ763XBWHfZl1XDTFwiQo/IzxvsHD63WOO4qJun33ZP43AGaVmcXKCiJPwzQYW02xkkNhRNB8Yfa47rIliAkcJvka6IwCq4f/2ZyQGoM+rpGVfDjtVFgAwik+TBini4MfoV/Wi0/a1RpA3m0SBDpjjyzdGYfzfdFHhu2uOt2X6alwJu2mUTDLIlbxWdT3MAUk4oE0Z7dNatzCsSHwGxWncJGoBVWqPGYfV+r5R4BPP5HKdADjScL6DzQrAjsgFoGaCA/svR9hGq/zu8g/NPz4RxpO3hVbOkHc3Jsx5+xNQlxG035rU646SgAWqwD7gej6mAIccJCeSvhdirG4lq0mR6RB3xSdQWcyKMYaSpWnLR+AZVeZHT/uXkTE9dc0ykKrDtvGOuz7fr6zvbvQrAkUlAjMT/jTM00mfgGLb0xnkDePfVS9TKleuwRlbo6OJoFR2khjWN2rqhvA+nRfe9dZLU68eFusUbdmDBD0k7PGyM1R9QxRFyBs4f5fs/p0mtAi+Z5JFmljlzXj/a/P2ikxm/kaCrZCFfG2uqI+nY5CMz2wXMz8kC5vqG/LH8d59R/wISxi+mAUfVPsFeI/9ajr+QSZwAHVOVTxW0qtC4CkoYspcqahcq3cvC2mvQqzOwO+R8ccVtYUa9YaRYrNmlDfFvPggR+8Ueuskk7ddQWcX1DV3tipQlx6hpwp1uTg4NVgewEQ4wolYazuL4BezI3/VpWkH8EJrhV+/QP5f81pom7l2JXfR+78Q0B00m+gXwaA/gZ+gQAww/BSAZUqPxD/T/QfhRj8ia+LXp4x9/1Y9g8lt0+TqjKRTjt+SUm328h7/nujbhI3ZV2LOOAo0DAwscryvMFuKth75+PVqS2Xjjfd9Ukgnt1JcDe427Sc1b3xgelzLx/aM83T4+NPNm1adsv0tTd9D+XCveNf/Bx3F2XuUdFU09u7U3dPDV6ndBvqccpj8MvE97C4hR0KCedGKNJ+1BiIfVhTrbhIpZQopK90eDgQh9e5p5uemHE0TXFT6vqNWzfIydGYils2xG9ev15682ZpGZlLDtZJyY/WrVPgddZ72ub1sTCBzFY6rw7nmQS5c/eYQ9lEIKWhYnR0qK6uZW5u+t695U7ktocPw7Tt2ohEh3Pn5KWTghh91oPmdSvupQ7ffHs74fTWrN9PU47jbrx8senVjS9Zgx88aL1rav2zrF49buwcc2HX1dgwP9nPTrZ8+9o0OjjynHslzMXVh2RclZ/jxtiXZxMkZcGRxK952OJWOD9RPqifUPxkp0Xzi80bD3LDToUd8bh5clesmg9twiXJ9sELVplLvG+Ij4f78d4OlSfN+1yKOmea7hZzLPkXS67+Pncc/db9vBZHVbXn9vNX77w4M7KHmYib3PhYn/J5ljSzKnSYZSs4LOI+0+QDp7rBUl4XJut8NTmwJ68ykJ+Bgrg5RxRf6jjc+FJHBxoT0+rlQxQXV966tTDK3JOyQZMu72Dd+eVR2+SThxOVz9of39erbdPNtt+XoGO2e2guUik8jDOyOi98WhFfxVYzCR0zCec1VvEn0pOcysLG/OZEyYWFa4KunD3to5Dz7h0GG3rTHZZ7eV9K8kH0uwOqeS37D3z+YK5X9AUTXtvWVv0a/bIAbWPdMKA5+rL2aPy1x6r79r15Z7EnXmtm+qGqqhf6XTJP3DV6Q47fHcs9NmcsUmwsOF3aES+K8y/1GulqHD+4Rkb5lXTx/tAbqc7N5VgXUgFDMZfZrd3CaSzbXdvW3TLY1P11gtgq+XG8u/fDpWJ6FylLtFnAYLRXwvEf8ivGdft2y+lKUROp0jaJKzEMRv7YGLdIIr4HQwtg6KUHZcfrXoXqZt84Q+RU7nvz4PzZQcWNcPoIP0cnzCfYaFrinoVFo8uH5RrHCyrxpe/LvYvlMzjk9naKfoCCv2HrrQ7uRbNsXV39AF85hQlFXY4crxgeWR/+3tmkr1je65I8457/J02d/TzZkYqZdIcaYjHcu4ODugeuysdUlHwowpa7OxHf7/fqdhgheN8u06K9a9QouLZd0JFs37/dIvfiyg0qXVMuqz+WXtc+cAm3ef/OqBtfJmskr7qFpx7SLTm+DRzvtKP0gIWMw4e1DYm5sT7jnhvMe19M1e+n1Ix0L4gJ3potifMM4mLG2QYV/l7jbvvu9XWnqhlri2uFhehXGJvE5DgY1fGK/ZEDTq89mE/duiT3yWIKVnfvLh9vrcxvSIype3FIMrL5ykYrvzf7P3s/wIhJYtMsncXmIkdGzrrfsdDP3bVX3UgZ+8jSOSFx1Z4LQTfCT1kaa27XSm18+/qN9atX1+f72BK//caagt2kzNM9bSEkxNrJNp09uqra2/VUtLWNDh4k4pR1DQ3z378/ZGQErk466zc25q7nig8bhlMPXzHtrl9tm+eE5bcpf+t3IFdXf5LVYXDnls/P353nRYqLm4mvOP7y5blVq5K53PrHj++fO3dq3bqVx4+71OUOD6urqNA8PJ+uOOLio6CiukPLUCP39YWLl20+X7kfQMo6SmmuOFpQa5XTUBZdmX+n9eObW43Dz8qK2us/30rpfLOJ/bDxbWfsBRW7oWh60b708soiy5fR5k1KlR+9Tp/bnmVxgLAnIderGNk4NHwuJfopR/C48bJLfKGlVkHpW0WFeC2Pubit59Kfn1dCXbyoIJNylb1rxynRrGNrt2YMsrcNLtRjndLKZnjS/bBZ/uoSH7HIO6+ow4my02zz1TyreLsIfselMe4droVx3r5De+Y7wK1c7t2uxk7razBrawc43NzcnDA9zSI+dYHBmt3SNGPAJR69ddZaZRs9QrRfPjr39EmG7PrHwZznhNWIMCoKwaIhuGMQAT1FWjg34ooInunI81l+59jGtpQmDUerqKBrV8eu3OhH+4xLW2vt2Uj8+PF+e/4bx9orrq6uCIRwZARz5NmeT1kabi2X3UlzQBB+fX5Mtbkl80niTZj9ucsejIpQET29wsTEjPx87rNn7hEfdQ9pOKlAXJJOfd3Kr3vyxg7y5Kv2+tvWfoMED7eAkHD32krmoV653kSjKH51oUvPB0aut53OfmzDGLe1/9b9nvrGsnrv3gwXBHkgwKdHlTbi3fvR2Pf3K71Fl71GdlIHulpf+Xp8QAS7hcNcunWNdbXVC0o1sBifNLtDDy32PQ1o8buqEDFzcBtrxJtsblsBAcJ79cPTp1++L7vmEoGG3PQL84C5fMY4G+1QwKNryxDBhmeNcxWDQHA/Ufr8Vy2kIIS24DZfXuminKaNdOzrCySbxmuOUiSm3wbeqD+yYDv5yVms7Xb7S5NeUyzA9bIBes8wd/MT/U7tRRCdO5dkXbA3olfkkC/tz4Q/KTXWqLYnjXP6WHT5+Ag9J/xj5fGXu3ec8r55ceKMGuK0MRbz6iXkZn6R94WLLy1PZtlc2BuptDnAAd6p9WBV5esXhQ/P1Z3v0lmnyF84OrjhvOiyHX5+bo2NPRZKeaXJzRRr8137JPP2qWuZ7E7NeBSX+jTBqWaEOtxx9OiO2iNZO3ZmWZ3/oqHp19HxQTSiJs+hCk7NQJzQ1tq7N+rmLBpx9uyFEyfCAwL8LCxOX7xof/PsV66/LZ9fc+15fAVzbp57d73ykaPXduyMz3OsCKXGIG7e9HJzCwsI8LCwuHxkme/qW+vWnTp1Sq/OXRF1hWW1L6F+f96bRO03W7HLj+yOVPncdPXLA67vqSd9NRpneqvb5vyyrz4vCj3Wq0nUPKRZVt6hU6l7qKTLIF9X1/PpZT3jBW+Ur2P/1/ZOk/YvensSdN7YYcy7ExIG9VOeX+rJjFcpdDHcW/H6eY6rxbYLG5MujOuLH7oMt2W6lVy12GVdGDTT+dVz/CvRUExlr6aatjqtSUKxJhLlWBrcyCPN4h2rxlTens/X7XzcvuXwramnShUXv16s2djsgmm4e8A7arty1IFcm+N3leFzgpTVVJ+1qAfHAk9QjjiRgy+llGKhAXBPSM919TUWTxKioh70TK3ca5sHg8+1U/FVc014FJeulsEnCRcITgtD1KpQPh3PEK+ry968UePOqkCpqrf56HMmmhBFGUfr1yEhPCpPjNqrj1N6pT16fKHwkId1QtzBgwf7O3ucdlqf3B0YcPmUzQkf45ePTuxfv3r3+nxV7X1TAAV6s/fSLZF1dcxzPgcqPnx4lZsLuX49KCAAXQK1eOOBbznQ1LTXxjNk+u79rZf895qdfJ0DoY8qPLXrS3O4WMA0sCXsl+3FvpLIgc1+Grl5mZPWWyxKmb7G/Db6hZgII+RXOpMO9hZ7h2qam1utXk27wQYy75Qv2deteEJBLz1GlLrwhTjZfSH26ut39iedE8+tSlk39aa/8iOBMedYOsLvjA4tUVxuVv/Sauzd/An63NfBRBiCMNBncHO9VLVz0oSuPidAMvO+045YoNad73EGVVS6wIfURYEoOnORSNyp6sNYb68sYOu2KdGm3945NFB2SxBSN/H0cKicOBHOnxDsnt0y3T0oeatci+XWsRyYVe2JW0p1rWS/VykgoCj8cW+e4XRWl/7gC/Etchs5pwRdv2vXlwcX1ae2GEvtWLWqOcezMItCO7M/YuzSS3e93Z2sxPaxTsGAe+XZuDN7VTM3d3ZpFUJHL7ksTE4Gk5GTWCi/Q4O9d+OJldi4I3tffdGTi7lXm/PA/DPlN4+o09yNHntfZnab7FlIJJBAwrUmVcjbt1+sV8p+Un/GHM8d/zKzOslH7E6DfVV4Uunhwa6FhZply3bs2Llh5fbt6gDJVYLi2x/v5W5Uim6yPNV05uSnHctX1F93US/t26efnpRq9+Tx4aj7p3Yaf7iYoHHJ/8wZZxjszNXtqUf2NgLHrnKlQ2bT9I5wR5HszEepqbjnm9jO6/2SXTrjMDZvjqi89tmT99Z19fVl7s454YWebiE3u14oOsk49aQ4Fj1sQUtYHug8NFr34dVIjAgM7mmeehjtNTaqMC6b9kSlsPPLq8H1vgFelrn2trvb6+pcqJvfh4q/2iQhX6961eKI9p2mSsYwlJHTK53Xxx9/O5uQChWtfT5o9SFOc4/Gcasy05rr1mtiWqalzmh56Hd8YaWmYqMe7IuLZ784X3SZVK86qNzgen/f8PbD+bPMFbh6l0mu1hoxqLNzSdHnyTaT58gGpbkVJ+CTU2UmC1O5QGIb7nFFCMlCnnChMy9DuRX2TdpSbeTli3Nbdv9e+SwlZTf790bjCjf1Vq8Yy9ySmYef99PdCu82vZ3v4twSO6Pjq37JwdMt2C8sTHsqqkUVfWEfMSCX36TvEHTjnL2FUuzOKwlPEjYWlKU9+PqixVwaTcLAdPZr8dAl5NxU4/X3P1SQMgmxra3o/apebzvl3VMu+MDOWBVU5jq/rnx21J50drd1p07xm6/0upLyDze01lh4eTEhjAn5tYi7Ot78nfHOVqut2Dm1lAK6kejdZ1MJEs0xpKs9BvZkPWPV6aYGzt2eYmYAUSpNkjoVBLt+/fLLL+sQC3Hn90IZKzKE411mKEfd0Hba+OfI/sqBc/d7AmxcAh38Iz/qlnhcsu8hajDXEz4wFC5Dq4xbND8Wm+nuaM3vllLl7Byc/l7D02l0VokvEfS07/yGTxKH9JDFBpL3IulbTbEGekglb69ehe2WE5jWAInMMwY8nOaoPI7FMb7q7okP/N1QdXoB4x1El9GLyLAvKoNkrnRutqlplJh2N7zbjsPdcuxWkklqqcstE2sbEnuKrBpft6Sazdb+FxUodsZhekcD1zxJcU5898uRtihYuEj+4/ZLsK8PPq6LP9JJGZZvvWJdFLAm2jIvSOqh/766lI1bfU9Vltpse5v7LjHqbYKU6A4IWeK3aIvnG5+0pSxM2N8QSZfdFL9uXXzG4b2Pv5Z8ubTw/vVQ8lzhvdHb4lKi5T7k1ZNSsJtkEyVtdePtL5GXp9tMhhj8al7ldh2fEDJ7il3JO7hdfb+2tpZJla6WFoFs0tfcrGNoqK6qul1bu+DFi7jmBCAka2rj/f1TYCu8fAOzzne2qm5yGd5oxeo5tZcLFNDTz1e5exeg4WchyV5noUCycd9yaGtWeeG7fSXIhONX10up6aWfTrNs3PNEq3CvlsPzy1pVmMrKouzDBLtcr3Wd7sT5Bol4czglqiMncao+V3D/5bM3LjCryItdX40Ovmkfd2narGReTTH3pB2SQ7+wz3wHmRi22dO8Yt+tk+kZ9eVBmtuUMvyGnzJ72I6QCvYwT9Fxm6XhZPQOBW8o080OiiiyOKw20JbsZbOl6tkpc7euoOaEp/MnvG/eDACyeLqjzYW6nFzrDfoGkT1evufOHQ8KWpfeypZ6WCE8OMhWy3PA+DG/aKFcM3gUSAaCr2wiJOUhhMQqE3ZNKjN8alxWsXKqwSyvnHMOCDI9p65OzRv5ekAN2Lm/AtM6UIx+fOsxt2w3+2vfSNOr2sGbQaM81822IeJmhzCtCrVnLRV2HtqhbqiR4HQpKTkNFe9w+Rz6QufswzUpD7NkX9Zf2+709HGiQ9PQ6GWDVXumabblz3dQ9pbdkWKIc3l3Vi7/Mj+fODVVn7DJ385O8c75lgHr6Idqa59Ee9NJR53jzfm1HRWiG5oaYorRA1cp16w8mdMLI1/7iKyncDcvdA40ICzExdsTEuQbXzrJehoID0WEu8QfvJ62NSVZVia9LXDGxoawy3XoWMPLvjLZMKrPp7LV/bdlS5ZBQiNPHHsZ9XbrPWZJNsTPyy/waj3GJwhNl1un6B1Zh9C1S3SIpB3E1+EqRKkx3hCCr2F2EEqJqagPrRpeNg9RRyrptA0dzowVbwsVHyFFyGMj3nv3QgGK/Fh7P/a2REF6oUs/qS8/vgvqFSsHyTwT+y5Ffnl8fb5Hv1NPT2jdYcYzB9nRshlnTSWVq03XUUCA4jMbRQpxYkRSibwpODf51NCarf/kqEu6UFjE4YFCFcnYh9bmHj4w3m2zerNj2Rs3Jq4QU969a/PICHuoKeN53Lh4+FRgNCk6l69hjb3s6kbb+uSTbNOc9dbcjCP7o8GtV9lvdzh3XNtQ8Htt/LUN/l8+jG7chz1yUVoeRVd8KhMfl5RhG5d8OPpUa2ujc52ySwgZPgqf/Th1OBMecaT2eU1NVoHfm/yVb9p93wDwdqpxC5TJ7Wdhksz3vugA2K6aoaFgsF62snJg717uoa06kee3yic8Tjystv/N6ZNN5mdcN262fq97Xt9qrSx4O+NJw9qhjlLYCnslO9Vc785ASRVrh01HVpTYH0goeWL99be60/sibC/bADH55YGKhn9UrCJs1R3r7ZtOXrgt5pCHhhZaduyN0wmUwgesAc+CVc/kJptRu3AjOkqbdexC77q/XJbxGv3h9LnsL11d7retH5z2la/6YKna/r7p+sC5Mqe0CnYXVvqAwwyPlTZblCrCLIcKGnKrt6bYnCNnpDjExX/euJKWkyO78e1mpUhphfhHVqaUqfp9gSpOe9bde+EwL6Jte3N4fP8g4RnA80qTU+OPZnU0D1IK4GH/h5K3jGoz3Na1qUELBYq7tLhT3KUt0KLFHYq7e7BSrHhxh+IOBZIgIVDcCRBciwanOCQEPtbaa51xztr7x/7eH+/Pd2RkjPu5r3s+c8530td/lrJdgu+GHOjQp/Nk9xuzPPfrujxSVxBdmFGz1w0ykG71+ervjOpvGh3j18ClN5RF32TrWFk3sXvZ1z3ldRKB4JYcHhjXF7Jxv4jOTOfuns2DvvXKmiqfAGe7Khdfx+U2yUagFlvieLRS1Gr6j7/N1UaYkRyDoxbPnjHHyKlIGvN7NRylMiH+jru/zU3OyejjNK9I2Yudyhn4Nbf+xttXbyR3Ef+GZPrwELOkoaXR4zP3rKXVxGQjNugQ2qi0P9pqsp4QBy5aFQEtwW2mrhLw48d8zmO9qfoWIQrWZE1Rav1ls6UIYX8kM7O1jo/j2Jbg/ma1nZmVja2j6vKk8esUphLEij85ciu8ii4w6O7Mw9S42X0/JPjDBy1r7vBs08/qnbqCApSeThZONEU4SuD5Z8ML2wQh16pkypfhgouTfUfgC1uLRetFnwMascP4J5CNAcEP3iL3jhgqOSvS7rTUQfv3vB2Rj4BWxz+WZCAzsFp4LQXQ4QXUaX6R7ziJfwe3cTkQA2q9YthE7aiHP+sU6TDzxB0Tai/1l1wG5nIwVrM4uCGjlnlAS2W7ER23uSAj7Yd5WB/EHMt19Gpg41MyHLGrjRMiEfe/88lW3Ng3aelXoTkS8u8ImTjfCIoIyLHaJ7GJ6Vs1XBd3rWt8gv2uNhD/3JUqALoAeeNOTTWxCtI0clibqVh4aqi6k9b8ClPjINnkH9JsIB/MPM9gVKTNVShI5dcrbAZ+u/ZkzzZlULfVsqfJ5ji/wGlHbPig4tUcjTSUHTXMNQC+WuaKYlu+crk/aC92Xk00HS8lxCmNFfFFKWyRkXutCnMKSWXrs3Na6Vptp0QoWFtuNXzHysw2TfuhbPGr8hTnJmr3fC7s2/nSpHtItD7z1sk+Rw+uY22bxmTPF53UU/solzCRSFNj0y6isu3xSbbYnC6NdYHX3IJXQV8s5U0Isnle05aVLo+XH6qDPcFXFOJYZVpioUGezp7OgZYLAo3mFLkmTEE02DFD/B4xu71t7rK4Te8IifLd1rpGeWArzb43dwiES/B5rwrd/VyGr2JJc73LF+egieqZnWNkGIlGiyN4bl8Ho/G7ad04CdnZ8LMHYJdgk0y/nivcTxyitJXLiVa001SykRe6GEpdzA8C3BUljAXentw8kOhhesctWvp+v1H6fosuCL04uxKAiiG7vzaxtbQ3MaPIZkll84pYazm6Y1vfeAi+qwMSJ/4EpMnqq+Mqnytbi0E1bHbnxSldlPpKIGDUdZyqagnYB0/JPksrLpfGmAF0Shq4aqtbV1CiMju3pPGauJepxHpLI6o/OU87I03WIi2aFtk3vC+GhUpXyhR8EGS9evIPntRZdgdGd7wYMlLq1Mw0Q6baQFdpegHGUmiNDwCgXwaH71q9eKFPQaElpLtUfUhLm39II8BOaVjlQCWXhMRUQRysb69Xenma+9k6ugUAnPycfOaaBQRaJZosackz4d4v7YERhPEiYlLD0iJH66mQ/AC3LWjCWD5qT+eznvk7Re6aDJaqWYF9wENCEGrK7Tupab8r0U72APRJiIKWpYG8Ig0CIq1fFjwzDsficrtpFk/qc174K+Rlb4QWvc8OdOk3Z1YVx8P3vqIGG6NW7kL2H6+Ci46zUBiAqz/j4OAdSplkiM1pWAzKrCBB//Kj4XYdPs6h1NeVX2JCTlhUlwxXuOdDYyunl0eTaehsBpnF55sYAMCyEMiaSTmLc/MlIGD6H5eHLj8l+8Zp+0OYYYw8X4z4kiODmbHGN5Hzz/5XHunthRsW1hOA7O19TJmtuLFy8QIH+5OO8MXVJezs+iKKzTPVwIXchDx/+Yewpye+Mp4KJ1vWwnBvtEFqPEulhfZHHKXryrQ8ZuOO4lpB9tcsQqI83OFZ77f49LTnn1m5e5VV14c2ywQR1IUxTAG9SSYzHoWYhciaPdOS91Q2t1aVddXjbCpkl8xOSzTcQdAlJWZmZ6So5nz/rood9/3KjzwrT1uvL5mdUixJw+5ONqok54EnVxTdNAPYoT8/6hmuanPbc5orDT+9mD4VCm9tSmHhsYzeFwzssbNKDulM+khCs6RIUmU0MzVTZr9bqQ1K+9vTa9VlRBkzSMJkvVlmSYYpx4wpzziuH6AfmjaaPi76TUylrNXip1Gh/XQCZSwOuq+3oiRXCF0uU6g4yNqGoj9YGEUdB/puXzRJBd2ArlZ9NxiO/V8rg/WMqgZtUmZZvS72uP0CDf0Rrk0r5cLKS5d40fGqVvXs77+Z93aJvdPUtHHKZc7vYw6yYg/jY1Z6RZpJTJR/8pvn9iCcquN2GocHej6jFoxckkbDO6SulvJN/LZCr1al/XejYf35JngvlGoTQcSp2LrClw+mEqtZKruRNL12QJXJEkRGvMftNPsxyE3O1hOgOfzlfVGBSUldhVMVsaDnhXIsZbqokV1JeV4fK49Z1PNJg4dz5Z1EUnvnSVTmjbWxglRNeXlKsgJXITGv+Tr8SPL5C1w1VeUxfDyVpBmwfdZLzWTDvnpQyF0ms9eizKqrpgUOJIWKkpiCKPM3+9az68gG/YBPoMIC2SoNUERYT0nJFkdqjWOtr7ddoG+At6sjwNK8tgxWvk+9Q5eXZ7yUoz9nYAQa43QkWlWygX0oaX4rGZP5Q/niJO72fLgqP7flcgzL5oWui9TLlyo/P8/LlaSq1ECHHS6ZkuOubRd9nA1zHQzx4MhHJ6Ngn1g6ajGWMuFIhXREOpchKYsbqsfKGz+nlGtxAby8LWIifUwnSoOl4B8f2FVwtjM4/CDNbvST/iY0/tk/UDVH6OvdcDXqqTsG1G7ei06mzvBS2AnL8LJ71JilJURIn5pD3D+BRiYZKyToAAM5SGWb8Ai4nzG+qRs1nE8tA8uofvrvnpj/43oS/4PrVVWmvCu4jZjtNvBTWv2t7Gqr8WDu939uz5fiGwoWEWYCTYXO480NbfUuC1Ja+y8bObaj2a00rM10ZCsqS8qCHdtrbKpdLNuNXQ6O8tdf7M+TuMuCskynPxakErFQAjGjFMumE1gFjT2t/QKLwLEcfy9w8HBjSklJIxV6pelVFXr4Ff3C5ZY0nK0cjRrygz8qBxjoWb5z1WtLbwr2DNAxU29pqNd841BKoj2pVCWnkeu2YKRnpFKAI3goX/tZ5YfgebTVYc8LszjVwp2hEm0hewX7Pf+9qcDbPdIS668s9pWaV5TyCMHcJ5yyKpkfTUpsdcCewl7n/MNVjdj6BW67URRT7vWFGgs/cuQ2dGdnhcCpfx2atYeS3NnimGLVypARzEZXeL5nofzB13DIcaDn3R5uPr606PHWFhVBoueV8xf1T+Ey1Y671FqCXjuofiqBXD4rnJrvHKkVVFRegoKV+7NtUOdlngEb1+GnTHLU9R/TMnJ8bpChHMK07fcnvYigsz21e/RVh//d6D3qHj2vFAy4P/Cru1oV90EvdAub3AtIxjGTVtgXUypKocaWX5VUvldfNSmzN9WrF7IFLLTKY/aRKpQp9xy/Y1MT42uxJ89TKuLFilNi6BN0026sdao2KaEjN8jIW3aexi2nhDykzcUFTEVF9ihpDGVrOTm5i4GB879/p+bmOCMZCidE1tai7DKn5sJGhmePCIMlHn+zoL0OT8expxTM5WpdyWwZLSGp6nWfmqhFpOOAuA6/Yat/dflobmQPMBhz4qFzzvzM7cDJxlYGn6+v3xUUjNOwe5+qNS3NV2E3i682hq8yMpo9wmEIITqjwq0BYCqlpMJOcT61unP8WbLKb5Juu+7zJxszbVG7HfrQU2yzTXomF50GDur+c540CLbwwKMia6pRjTzzvWprszZdlZqbE30TJJhlgIt+jzMjiViY6Zxa6ts8AKyOp7jZ+znad4pISgtCBMTeQtvALf6uzU6gzEPwMhoq2X9015m34Xr/Z8BtR4KeRhSfbn/xLtLvvEniucCJ8RyNwgz6/f7JS+Tv3FG3D+73SX6zZuBjIm9H/zCu/XqV4RNCwDLAsXuPvnqR2mEGrX12NBSfSy2TTLVTZzNu6I+TDVFaRPVEtdRA50eXM3EhDk8kzRaY/DgLjN/bzM7c7G9ISrd+RRkAHN0iedsdM/XqW2dg3NdVtP9PZwLAvvv/7ghbReNglxknDhKP2y6J+4QuikU4QlTZ49LTZIXP1XhqjgRtAe6nItAn8NLDbq/hiaGZdjNLb1tzO9eAt6x8otyCaitz3JXaDhB5z+UiXC7o6GHoN3tBNT0ebaD2MMjqsZyxplpcZU1pPdTGtnSUV6eLwP1mciSn6/dP17pFKU95Ozc2YVaBPVkZcmhYdjLMMkXrwweW5ZYNpQBl1WGI36IwGxcPK+dbhrKP01OjNVqkHvZ7lBeUyxmlyxmmjLXl9qqD1mXbrhlLYvrv6worTAt3CIcXwgXF8sorQA4NOiUutjRpwpRTrRPf1itzurDDSw01VodYidSVbkZO7eU80oMsSxUncnRHYpRgaqNmKdpDTwm1uePeW+mM66c2HUUGBdz1DbsEX3ZV0d0ie5uCLm73EbW+q/ix1inP31jwn5aXVFA8a3JBMTFtbW6TWtnA4Q3YFXKO3i3lBS3Gywts5UlWlpqNbOEpEpR1Rtd/Zf8sukDVmt1v+hD5eX6H003BJyMx0qjemI4btDgP9HYCYeor+Tfu0ycuReVSsFcs2Ce+pHTcvUEJ57SFGgyUX+jiJO3tQ+SI+lSFMXEjhsUh/crZ8YknWy1M/AXBngWKM5yVdpR5ehUpAhq2RiqLGKblhLrCcRSzkItkbUKVwPc2Hg50HQ21tbVejo55nX/kFcpKize1dGa+9542NwOrOeUV3R/l6tBSZCoO2gySGLDnEhHkrm8d5mclzk5Nzo8X07xVzRYa2TfU2bhWNnLUENX9PMKqojT48kXswCj79yjVkaGRqsQZ4XKD7Gzx5KQGRcXrN+o0CbpcmgJX5xThgkPsLa3Atuh3NtIv49t9lxEHW+L5OS1B21XiCG7U0lnMIDcrQ1Adk9fh6GH3xV7t4PwFiCvSC2YHFted8RH2xnsQKaRbtMPRRK/+IfW96GlyyeHjqtZTyUb13CgxDw9cd/1yCzLzcrB2c/IL9Df3NnMPCgrys7I2C4K3bbjS6l1WY41199fm35tgjvtHYl0Scdg8Ptm1e2I7zPAAlovg4wUZ/5c/VdIkH4zRfoWl2eUnWdOl0dIDWGIi6/dtrh4B+x8VSGKO97dTyPhTP6L8l939+7XDhv+PvqF/924GXvGw5nj3/vkZNv6jeHGlMxp5iX5SJlM+wvEHaIvSEb7c13LyqrykyYZ77xjxi2/r+Dy34Odo5FhsEVAtARZAfZQ5HSjzjIRiR9injFuPJv6Jm9o1NA9MehJ2oWwS93HmjcPelOfLSiASu6C6svR19jv85/Gt9/T0HOLSXPzSr0U5pERZGCLzst5z/PRI0mBrf5SIf9sFPXqKGcHMWLpdZkM28XBeG3JYYlNwRmnNV9hTlFc7jVo9568gieXL/DxTOonXdKkMorCmWpR3oDwHxUEvat4/IaIyQAu4Mbu1ygq/M0rqS0v5a2VlLucF1ZmvJBsSBO3F14awWXkkAE3STY0IsnPIcjP2yZJcL5Oujk0AiIS64Nt9slVktwOdScshXWZGcioMO2aQde17+DR7yGcC4qRXdPmDa9+/hVrA4TjsvoSYoRzVSWR8iuHaIGNkiHwctxj3zXYNxKTpGHrfyZIfGHQ5PbuCHHywug50UzByHhZ0F2MqcXbK4dL+d128/VFUV2Wae4jiqvhqJc3uTo7GzNXfZ7hcNd1rZhRhe5XMYnGwjSENTdsel5lM/ln4ZHkvU+pGcpUSh85Gz9A10A4Q5OHq2V5dKF86RYjPQy+hrgefmxbW11EfZiX9aG+wiU3ToaHOpe0hov0mcdLWqLLKIT5eefAjbHhkoGxzUvQA+5FpF1dyWpqWNvZeY2M0/+SuRoUYVzJyXHp9+xBrKbpyBuxcYdRiu6C3vKQ/v3QwdZXGKzqqsjByTk0JYuXjTHOdRRX80uCTBAEdfCqnndzc7BzB4/0sIvT0Q9KsyK6tRZegv72GdHmBa6lX3xOOgy+nD1Fmolqq4c0mNYcO+xRw77gdLESfTROpsn+2DmK9MvWaqLnZ3kRvfh5Mq3+VAw5ELKRZBKJ+H4lIPRY42T2/nfk9cLuUlHnt2Q0QcVkw0VvMNBGqcc5yii+iQbX7ucAaIE0WjQvU3sO0bm/X1Vq7W11eS4nhXeHj0ygoYIVt2NWfjaPPN26dUDpUO9CNUBnxB3fyKcP96dST/h3nVf6RmHe88LgpHRbSF+24yIA17jAT6I6h4ppLn4AZGPBqJ9di9eVPHxvhQ34q8O5F3YP4zuct0AdvAVJSI2fCHjazGAtefhtJmX/nHgm4/e9KoivNR1R/6KgoctWZ1OtcaAf2DIZ9NaBm5ma9bxIrsOStqVURl7VwYKN4YxvITFJgrHZG2Mf7Qs1xPveMucrNexToIZNDnssXp1J3kcDNmt0KQZYuAvpSVQCYVYq1u7u0eXDPl9j2lEPsVpWleAYEiBDT8jpT13fmBjKuxFXVDSbLY+vRZ+Q5Pwd63pR+NdFyu7ytwTFdHhzjuGinS0vTzIGxwkYsytQVY0QEA+w8/Lw0zUn5U7tUBzgnPOOvKGYxWYRR/bMvDNDA1sBqf9uKFgdzX0D29eROdYuPZyq9JlVxJXdBW7j+6xqHGXyVukpP9DmfGymIk+8tojZ4hAXh3Pb3NBJ2vwudXRE9m77AejhsGYvVkxt2pghlNVFfVaVnxAU4yp3LNUFuNyBOVW1ZM31b2wBVPAZRUWFJKD1DDT0TW/owSbgCE+bTD2FyzEZtvhs3ZHfn8HzJM9j9KdH6Rgd6EwG72xPmaT8fqqqDem0f9BoKQzmu189HzPHqapWkDQdeVWZjDjd7qWQ9StRLztKptttVUy3s61dvhfRZgbgeB9GAvjb3f+Dhuf/6NSMnxzzUzNzSMfF6dG+XJj/HJDtDv+rVjKDQVQ+LJi3mhyYv3Ct8mLdn3KuOMpLHfiUf7Xby+V4qMzJvz0wJDG1lrZs7p+qtVNFxc7Eh3ORyaaDLxk+SN6oCIzILOkXlcuP1jdiSBfuZrP1QT43bvcs0OKuIZ78zgpQcsouS+VuPnBM/DLFvNSgOFb4xny9ZQvmgA9oCi95scAzJvRQz5EwybvXcj+FpR+5x1K3ebqvBJK8mlXg6zi5RNs4rOIrKPLGKI9zbWtrDhnuCkg/nNru+h8Kx7+qAhFvWlxx9YSdx4RrV/TyP7rZZuI3jMW2W/twcmPZwLkfTg6pH2GFhyXR5jipfaJTTcZHmH9dy+qu5Gaa5/E6OxzQHYgmICX8F1eG79sM/f37vLkm6UovgD16cHRUEdrcFbXpKeB/dXvF9XZFekRE/xOo3irHBp31iC9nYuf45kSA0vl0nPN4fPwtLwBzfTwtMeCSwO4GJnHD7Oeq/iQEw85i1wFAhNwVJmaFv8yP97qwfRJchJYWYOKf4T6M7rj32wqAhJ/ZFZ0+N7h3bXMkvTXg1SbSLdUio5fFUExLmX+JfEZVR9L48ePbo/6DmfSoZsSqkEAb9NZfBGfL5La+Av+um4/RFTBWVEPgqMu6M0K/7tNXvarzFeV5YPJ50xntmxN9pGT3NN428bO/eXRKge7D9phqFKirvxuX5FUkNzdk3SQJAnwTvi/gr3FH7BcwFJDNi5uq8uxEU5yShbuzlZKFKuxFiavvOXUcoXJWVm0tXYIdSILdH10KT9XFBQ6zuWW8m1WDF1EjOJKr97SMzttfqFCe7wLCXYrpaPJUOoxbY3Ku4qg8wZIgUi9jGJSpdOdF+B5tr0BDWq9o9pDaxpcuBX6pwAJ/URLBB3ax8nSElPknXKc0Bqm+lRaSEeYXOttEDPNyrgVeNDjwdqC2s/NVmsldU+Ypqw2xs21PAfRatUXS/0pGJRejM+JKoVo2tdjlEsZkwU8NQR11zLF1QyEtBrmSp/ZBsh46EmtwDlXZ80zgrffd3CYen7a7j/iIz//626R52f9GxEoTagEl3XM8Y0vn5o+Q+9D17GmHcAtjvUzn+/WMgu+mIudRSaYvrJnxrCdtKziqwyjtMV71//SNR0qlezt72TPsUsb01MxTir1W2z8O93ahX+OOn3vpRrcmlaiyskpRDXBwLtLCyslK/tZVLsBEgZ+XkP/tFgz18kNBzV2FBDAvw0oLDQefUc/VPsVFFVLzq6GCB29w3RdmL8Z9u5gFpqlaT2NH79toRKwShQY4BjnZWg5MTQqyksw4CxgQEn/IDvTuHF5taS6UkIw1Gtr0oMP2RkSRxo9qTrTvl1+dT1UsHAQCzkxKcWan7zYMbj/T7Dd0O/4tUn6B7iDQUdVSmW7vUHrTMws0deh3OvvFJf0twEpALbJdkKisHvivdJT+gyHp950uOEGImBWOypEWZuq7ntAju32ZBgx2D/gsYPd1XRKC2Cw1OGVekKouB7zVpJLudjEORd4MVLXEXh0+6bhv8AgBWbsuOfItCh/2RPivAYy5nxxonQ2/vBzwdcTDMtoY49TuDDw1GZ3JBuPCCZCNpaTmawGxcYLcfMHiT8Q5nGW2NeeiOxEB+/bLoo3d1OfhIwI/a9oE3nZeZMqovLVaV85cxx70fi341mWsgsBY+rH0k0BLCjDVOS7WTDEHc54gH83/1foh2hH3pXD0KVxf8L/67Ba6uYiwEBnNWE7YK9a92Y2RRG0p7Lx1QyhARlP3XSMq/AJXln4C6aBLy6K7+ApeGNPvsz8B89bTmLjU8AgQq0tWpEzqmfSV0iIKoInLsLAKCKj4tCkK/LIBpnQ5Evid4R3oMuze3WS+DxR7gTT5KZmLcmTxn4kotTrU6VjVTDLPUv4+UhEtyNPe9fW5BaTtTwtBLvJjRETZlxdEKlykdLcVn62IVbWxlP4x7SNPPSBIn9DsL2LQM5ITCc5P7C1K/N5yKRmXGclKmM2hYjze/pQD+bK7WqG/w8DRxMXrdNEbz/uyp1yy520Kz5WG+AV3GCnnWMqUxLxEiJuVw0O8Aa62CrO2xdKtr5N+VzOz0tm9JDUrRfg0bRYox08Zoj0MkG6ZSkqFegf3RLDCOdQqKXPN7yIe1R1pCV0BvPF1Fyv3p3GmQSomjG17J5hmMB/q3a5/n/iTX9Bblcn/VIXV2j07Ib79Bsri03+2y0AWSkCZ53h2orGIRTCTa3dxwBt8PFBdTm67+9UDUmrbu0RDlE5Bm/shIWnQiL+MbYrDgZ2qwDvmsP5aO0BRl4lQ3eQT5oe69P9P9/TsjZVyv+Ql8kjWgnfE3Dx+fxO4d9M8bMd3P6kXVDhWbs5VarfPzoBkdydDOmlq772pDaWxZXjTo90XwZWi3Rwyzl0f/5khheevRmOTq+Xlb+U5Y2vZlXwRpRXF8f43yp5G/l63H/tKuAPMgS19zX1t3Z+/pcfHJiYmyCc+nz+SMoYB+Yfqc69FCkrPrN341hfqc2r3M1jcSL4OOlxNWARvLs6aB+/OmUlcddzdlHYFH4WcI7o77FRaXtrs7cZfgnJwcFQl30iqNN+psxFxEmsx5v9ob5IvGd24IQeB+25zFLP16Fa7DjBGFM4fLTJLhnvXtzcm0QfeP5LnGE/ixuAlq+1jy8iw26bOjPfnQ9rWoiG1vY8Tvgetvdh7BVoFNmtLMqcJNwAsYjwtP9eFIbS0VgjRdyEcHzAUfruKgEi/lOiudB9uBH9TVVCOEOro7yrNYbPOQYJCSkBATAwDu3kshhfDaRYcuVoT5bdPhmA+EmfkhYG9Bhug+LvnJjmDM8oMR0mIj9y/OwE52NunUMjAXg4fYB98HvyAyS//zNtSbTlI66Op2xyBsUDt7OHZQDGLNMFKzOEj034stqLyH75tlLJPBespCZEM27zJE1lpfiup415QMErFVsNXGNaByFryM3ZuVjWKvUyQQjKft34clLpXXDWLNI1AYWde+C9DmMU8ak4WLmpb2PQBw8/DVbC8mwb+rrQV0sH9UcE7Ww8V9nLGm2bys90/yGhptRES5XFwtKwv0Z4udViU9nTOcFv3xFhM9zM0GecWkhEC/fP4ILOIJ+1x+T6BahFAtooaZh8FbnxdXZpfsMwzn8jIXjfT4YDxHL6nSgdANXJr3t1nyTjBb/+MMDbgsx/o1lhzADxUR1u/liR8bD/Oi6tMzcnPVUvyoZaAjJC5Y0/x1KCG+IMXd3mFfDIC5TWWIhaMk17aH+e6zkY67ScXHaWa7vSTQpT2WNSWkP+t8oycqrZ1t3WJ2TgN2He3sCjZYNv7M/EK1OOcM+/pP1yG/MLpW6nuzqzgjN0SL3qWq2kEXlHCp4nz+kgdf2fHXDXuJ9c8KJ2WtReZy+8QqgLg/gnhvZV7bf/a3VpyGLvMPBP9QEZFH8iR2VxFc6ubgdN8lCLnkwSN5NnJGBlu9/QPlkUZfd7XwC39Db7x7kmx700YKei0OvUaSrCqRQYsY4I18MYTrHsfL+JDdLTWjWWleoX/2AqWlaU9Ec5gTeWQ4EiQzvdJhi1a6MY8qTGH44hEeIrsm2qJlb+bmF15u8IYouvguyOx1iHqU2y52Zhb9HyXFjLY+zMM/v5sVp7My9V+RpBLT5C7Nle/v7FDR5tnvH6SyUfkG1LcHfzcZuTsYuWkLECsqTxldn+aYloinfy3ExM8l/Jb7AknCE24kKCgIn5iYnp4u0nHAjOyjnOZKVD+JisoMCiF4MShqmtdxc9dPZhKE3kCYAhAtiFUA+hAmdbcTI2zij+pqUbJpFwk+WUqFNNF9kOuLjOzNEfdnYudLfGfGmymBGZqd9G7tpLLRI1O7QadeeXZaepa/mRdqaTovZdAoQiZMzbGIBR/eDsdFVd58mbHUXwI6zSXojEKorFF726r33+tdfB1dHRtqFseXZoomgTXOBk3V8dO4qPE5o8ZateXCWS88guAfAMw4ZOIL9Pj1ZIQV3Ju3A9zS3uiw8OYu4CjzEOXdP1E6b70qKeIuNpjwjwmCnntJQaodFurjm/ontl3t8JargaOJiRXhMicsLMaqbrP5VZbMq0tOyH0UtUzyEtZ4FSlVpyWobt5bcgYW1uskbhYEV8T7aSPkyOiOIdlinW+0yNAM+2mstNOvmn/viG4DC1s1QH7AETdxxmS32gn/zziWJChQ7Ynt6Q/YZnMmMTnxR9Wcwd6/t6cSRRlu7uHK3FFRHkssU7Wp/H6f1pVPw1B6N4zu3w/uyB9+RW22mN9T21kS46t1MfgF/aA4E4zRB1ZbL/iPcbV/DaOhn/+z31XY5WlYBKOdAWC26fISP3e4lMaAoJ9XoPRw6uFwpFYtG3RspBYZjS+KCt8K2ij2WhWFfmk4oKEDeHe3Nf1qFWzydPRaFoL8ktUT0j8PlF+Hl2g3yjvY8sdexPHYimEtoORLhqxrf4oxiN9HzEJxyOo0sMndSwCuloU+4x8t0rbIUnM7ALM8vAWzvApcxGEKVqfXF8tQ/tyITHDeJ7tASGFJU61+vjHjH8UsTzT/Gyt/FQ8X2Jx7/8C71U0DxI55TWk6g7rN2+srBg0XZF9ey67PoPimiZ67MmboUCqh6fS56g6mjX+fbqs8KcnCo/WNuXXVbDOALaAmjKWssSoMNEoTqCn5pPGbPahynr4CTsAy9DQ6o/g2Zpa2/XJl/kq6A7Cbdl9m4+IrHfuT/xkxO2ohLlIiDwjUekWXf/ObhZOVnpuPMzerfytFEZvV6m2ivlknW8hd/ctWev5QArp0IoLUu+1F06V2si7WipfYSue4sYV8Q5MN2C5+KARZWgoOY0//9x1G5pj+jZjQbwynODskAeoKZUHm7kIMkv1XZuOjVCufTii8TjFBisNcRB+ZhlK34go6o4SMfQwot5ZuhjMzn6GfFOXmolPffXpdJCCeYMBWa+bxbNBuXtgF9UGOxXXo+lPUbq/cwWTSaex5m7lYZD/JM6wPaW7XEibPYnrNeaMDA9FREFWVYcAVNME08GI53QSwkTorff13I+YupN6MoGLW+Vrqb8xombuGpvstLWYpo/US5OwvPKE9Nk6xGK5YWERIK/V8bLSEjCR1a3PcViBer/qPe5XGZDm2V7rRsiRfy4x4A68YqB3o92Xep9aRLgOMf8HALxmqSRSzzz9MpWQ4o7IYYmfjA2938RBJnwHHws8OJZ+4a3ukm2VcazY5oe/n/c46gEeBa1cJLVcSVzmNMNpWH4j4wZjmgoBdVoFKlp+qsjnmhgQVwi+PRFaOmOQz8QcCgqeyWp8/EGQ+1frhR5sKSelbeCkJC3LOPzv3giHQAB9oO+fMm6+/8fcvjmx0G+2Mk2oZ2GdUFOP0WXXi1UZVTz98k6uwlTNzRzqt0GwWOB7RnxZo24GFzredGt831js1tP5IaIV1pBNjhYrLbnasjlLv3IMwkD9D4sl9AzEO//rmmqyqtTN/lW8/XeTGP8XMWgr5iAwoD/J2WYDC+qXv33xdcfkpyd6I79YREm85mrguyvdogURfARyJsxuKFCWUqVJp/56I9OveS3j+HzPBD89t3o20xCPkn9qPhrHVibmJ2KIaL+me9id24+lOYFFvDvMo+wSJmgcVOAaZcZ53/t0eMMOC5zJQPx2PbNwm29amo70P+EX0VPZV2L+mfP90rD0Ln80lPxNoaiMczSTl4axxcjScmVpo2BOLUhYdW7droml31XO5gLw3K+IQ4UjUbytQadS08QT4dOMF61n8itHRevi/RiEbp5EE2q1ONStvtG0P835Mk7z6ntZfZi0gv1jtm8rPL92ZZV1f1gK/rbYRdXN7sSwJFQTFVWGDZIA9WaS8ZQiNxpiJ3B48alHxjtbmNj9LR+tPpbOUbRzYDP7yQlIgrfnxXM3oQj6yvhYOj2HDb6k1E2zq4mbAn9gkySbuKHUkaAeIqm9x00/1Kg8JORFNk2kvBCmlWM+0OarXkrEJISwNCoxYdPbTQX2pF4dM031J7g5yRWScbCJnhBJ+xMvv2WvtgrKy0Ixvz1AxTR03l5PzZ1dqedDkFP0T1vpfoSKd6Y7Kz2cAFXDitO+STQaRezXOPYSDsVkAT22uSnD7xtoGUEFt0vAz9JrW3kSVpPLZ6rToV/mL1HRhuG1OVutlTlvluU0J185KNGAEHjaSF6RogSP0lqmMRmmHIZ44fTqvw5NfHEI+u2yqZeQmvPe6PVJEmiXvi7K2zhQzU6mN5TZQwAJzUIvQTQ9Iv3tI9cfVJiN5qcDMQN7aWYnDOlZKtHcNNsaVpjslBaAWFpBQLFObngJaWpMuQciI6PLHzEdHRjitLIm9PV/t74srRu+ps94mK9h9eiFKxrMk4oHsZzClfR9wT5ffdpLeEXx6otvfLoq+0F1dOwm1PL2eI7cJMonuJXRrfiTkX1vasLuwZXh1JNEetOV8Di0j8sTLFiRC04OLi0sbG+sKHuX+yOndHsNVp1CpyYWGrU28GHvqk8bPkPVnDDZS55i1nCfjO7z+1iDQvUa2QnDHSTVd2nIJMrYFvHl85+qr0ijJ9Cqh3rqHL869m1MvZXAGtzD14kXtR7DzB6l8Uh9f4+Nx8hyJtaFKg443s98ZHbqYMgMCh23PMg6ca1aKp5z1c1binBq1CmaynVY+z1EtXTz1DriDIkVPjZ+Hv8Pan61HqbWmc9/zH4X5mO5yJO988RX+BdnA73h3PDYGu2iUPlfMbc/38vX5cVw9SvOhHUxatrp5bkgtawkRvpvfgotDvxvirUZ0lzX6EwjCntiCpkPLG5oZKkf9KYALm5qZS+xFunaebE2S0U5lRsdJVNSJNV1/5C8PnHCPTDHHTVLnm5wvGew5H/UMTCFCMSgJgvYe/YfE//gMB6tjBDYTSpE/p9ktwCfc/Igf6ItuxUB+AZyHdNDKKLRudt9ccDzZGUButYxhbVTdwzGQqd15Zo8Fnn+jf/qvpRH3uDysbUc9mynuR+eVnTvGKQNb+61cjS21FNp6OtPTaiZG086ZaIDSAJQoL5XVpofPVORg4YVDbPyFEyoa4OCmwqDuXM3qReozfrQ4TXG4qGPDSy0kLrGfvWjInD29lWwnRKqztZlYv6tfYCs7snYqQq1qZmYGAAB8fHzkrAS9YleWFRhxEz6TJ8/LkRj7uls4+KjKquC0JvQaGmhTkBigNoGWtspfD4vSZ71mQYQTzRPfTi/P2/oeZJx+JAElyH2VbPBZbzniiILG+rnfmxrf0TdJlLpaeFGT7OpZNj1ZL9otrT+1/ALX/1wirrp41+Ls7WVcuGI07YSTttWt7GzhryYve1MTqdYh4bbtchx8mgDrkDo9zLRQ0Dl4j4HxFePTB1mtMh7GEmIzscioUOpbDEhReqf+VO1OG9HZPoPE7nVOgLVfI95yuunK5NIKGdV9dQNpaqqhm+Se3Se5M3ord8ec/KQkU+2JhVCqLuCFWf0TFRXjuFGRlQNFosqyQlr+puLi2Iaz6MoTNDGeS0FxWwH40Xvq4tSUWRJiLU8vAgODRR6T1ryknKjDno1W5Lp5ckw0h4YGf70xFB0mu2mcTRb96UnKWzGi2eX8vET0jtuSSCiTsfblZaKYmP9np1xtbRVWLV0bG7o4ocxM/ZS0NGmBnoz8dDzct3SSimwDdVDvi7VM+KwU8u9cP13u9fqZpkKHWODeZkKTi5yNFelS682fwY0PRmSvWSDXnegyhqkXL1vF+Rmktz8RNiQLdRkR1uHix29ZkqCvu1OJ+ttdKhUctACONqvQcpbe3umLC6d5vxJW5SvyUHgUg9Y0WADk3eDX+FLIJ6c3N2O93u8shgM7daZ4JvOC+SptsN4OuP/SumalfGI/MaFwfo2Um0OOY7/RvPd6qu2Lenw1lrxe4OaJX1Q0i5Gx+h5ZMWW9clP1HB/EG1doNW0iXCJex0V9FzxNJW/p5AZwcpY+zTw/jiDIbf/pYuMS1CJMDIZI4pUtIlB+tX/HpDpO5VC5T8cTczv/1gYL/1nkP/92b4cBlb6+mX4EnKZoEPmGeuTJSygj7fITTQWjsq0ZPYM/tc2+InkEnG8kk8le8n903u5/cdbuv3v2muFJQX5C8J0VhlNgfVDEf+zGeHiCYLezz8ax1k47ZbbIHm999A74p1TDX48PjJm++MmAPjHzBCw/iJUMU66Dd+wmmPlr0Fr1R2ncR/+DWIHn7IMNK7vytJ2l/BlT2dmCcVzq+BbsVJ+r9g6dDAc2nxtC1wYpTpYa3jk08LB5cuxxQZfLBEVnBQCHYKfFIy/MLvlspUYroP9jPJdXE+vneyo64dYW+i2qZspCIFByhIKYGAQbO8bQwAAbG7uwqIifj299nWg/KytmiH3YYS+m0t5Cs8GekncXFo2juGe3ITEx1Oq4XD4BsSZLFeSSjMosseGRlvBYu6uHNzkvKY2yyZHomCFZOfeKvzIYEQ0KXXnYVLlaZbNMcg9ekcY4MHcmpUlChDrTx1vexLtqN4MFhbiYJ0WMGQFuXNt70Gu1BPTfu/RV6NXuifAK+nZnN8aGe1l1jP2IzvwLihWXNcDKy5/H7BvLZzw4wh+zFGnL7ziBrOyEmQq6pgunTYFX1gYXdCTieZNyDL52ElIaQuDuQ+O5Pcjt2s7X1irG4tjhdRWyiG0dVbWYRC+q0uDA7hlpGTUYF4tGRlHsbkrsN+T2WP0LE+motIwk+Nzk64z0qekCAwMxf//Bq6Pe4lJJBzmvL+PGbvWDGd5G5orWftoWsm5y7z1QTx0AsZ0UNu55W2lLzYHS3G9DP9BmfjkZrtrTnPSIGbZ3oFrYo1xsdFdkE9AxkD+5ifE5lvx4e9KV69IBOZ+eaDxu89kMTYinkXa7WduI3Zxa74uovTNRtFHgATe6RHOV19h9+q7m8t6rV+LTuxl04HuVuIycg/WesJeEiQvxu7JNawuLrRyK++75JKvQi1/teNNLUyZaelH7b+hhHUCgkChX5AdaKw/EQMrJIFvnq1TZEn6WUt9GHI7HE3yZQx98Lokw+222dcGxtXFOVOvg6YqVcR7FEkep/M5tdwRjl5WgWrPYRwt4Bn9AovIvVl2nhR/4Ee9sZD9c0kdbiSV7YN1QtwaYZYvbAv3OrRFBSk6T2YcDZepQMxlngxzaSOEvXn6HtB2jh++9m5dMOlY7IGTkkYmHY2OqlmixOx+s8fvdJ7S1hVePd3LHhy/Ohh8B4WQBFUF4Umr5oai7N1/jbb3DY2uhr8cJcPHu07rJ3Lq3J4524XrQB4ftDS0XgsxyrXTjnstioN9d3Z4FhRq2HMpqUUDt4SboakF//FaESkwwfO/9UsMNQ5ea5H8DaOcbHtyfsq8eGPjxf22++nrPTEZs4mNub7AloLZ9Ev5+7dfoYXLFNAkIt/6TnRVoFEcjTqvFyTtiGlBmq23hes2kyJUqymWgLf7NTE3E0fsZ9d0vGxbHi7C2gl/TWx5Y3kx8Jcol2rvn7iAdeiMjbfvWT5uxObfrp5VdhUlLbd/6+vpSUlJQV8emLe5bK+gdIU/xViJd7dWUnMRcbb0k48+kRPnq+jGFse4L/gPhJCps+iXpLlJBZ+g6F6mPQxxOvZcTqMjSDxyY9UsjmbrPGfeNEh1jG3l5hVRKcTIC5m8bzD45G+sJjtbtCPaNZ42JQqoLVMdSBYEIbSCjpW5e6+3fXDVV6MVaVEfw+TKWaR7Um6cCiLc4L66T8EbA/PmFUyDj0FShZ7LQW93p8XB7KlZuh32GBr1bUIU+iY/s8KsBmy3mzqxEjpmx4XPNMz5l2Cs334YWEFYoE6/IOwFnDL9t/RYS4+u1RHXudhfGjl/g9vb3nPp11c4cFba0Vn+x7A6GIi6nDia5JVp+FgsJNrp+yZAtqF9PzrPaIlb7df3kCXBk5HGP/5U5JmbF0u581l7fcXCz69ppjcLbTw+eQzKtInhRXjoz1pcWH7F9mXTamtE8dVs4lAbmJrVJExPLTMsM3vA+L6lSJ+Ne9dvPVWsXQ3bT3V0fBd/uQiMTNPnzU5mYEbo6RQ57YsjnFnGj15nzoE+Xb5KZGC8TlPn8Yt3GiA3H43cfFKimNOp3y/qa6UbfXtH7AE5saWykpW0ayc5TxcFWa81/o0bL/BCIyecLF1137VpquHKdymvr33orKLgYM7TSLAqzGGTm6fNm5JzhaGBmS8sUbCAxX1guPM99T5NNmZ+Ta/gDJ6yh12q60twjEN6TmUlHS0OX+4Wrjo2s2J7UVIK3q5DPdwBL480qMedQIlecaHeOScYml6qr3INvNpgrWbhmGfvnv09ehli50xvGwB1+iQABRIVjX+SlkuWz4Vv4mQfcm0W0zyMDC3I/HrRBIFTY4Y9DMBrQFzwL9xUYSNcr6oXlKPK55ZPwbyu5ujsvwvEe7yBazoZpp2DSWOP+uOdBaEePQ/qsnKCi4QTHK6odjFOGr+U+SOFDkx7cKjWHs11OaeHxfdJj2SeBvs/PcZY9eqD++Hs2jYifQfEPiROC4Momm987lLquwPoPFX5d5XolE0r//Nurf2+160D/M4fmfx4xV3oHWfutOreFPy+Rl9WX1u/2SatvainJHeA8vfmc38987HYoohdaPD7y3Wq4UuUizQ9+ICCKPvo8R/JyP9a7jKd4ns/+gjnE1i5DnqeqsvcLxGabjDTNKnkpExxfmxS913bblbWALC0tNWxyNoZ4H/bTBY8MjiJc/QpLUk0Ib9Qd15OvNxXqB8nqllsA+3epVPjcK810+WnZWcaAm5kilBrcfzC2Yn46U45kvXJBSJAFgZ06bJ/8sXTj+ax82QeBmcfJPFs89oi0Jl8cyvXndKF0SqM1LQHCl/tw3Tv0KP49ejThfmOU4TgQcDmXWb6I3zi8B4jol1sSFYzhMdXRK3safSeL5/dBhiK7bDKcM8/TV3l86d3AWJWcGSZL87BkqONRYcRrveyMVDWu6kaylJxn021autNhD5EUT11va5p16Cm+QqEXgYKBGBISBSRAegZ66Aa5GWN5f0nphA1wOxy/PpPjq/0czfQ5n9EGkS74qxnHTp8J/eT8xaWjyhNmZm6a5YlZtcI0baGUlClGFukN1+05R1lzDeSJi1o/k7Wy6ujFOe5Vsm2v1UUUm+iW9uh1EHaDKoy9slJuueXqfDu33wa26nscypNAe7+2U++xmg89EWFGr4QW18XnQV13aW0AdlZeHqrl1PSNpOlAYH3mbVdEaZoJbbAKsHllkR/IqW47g8v4BlT+iw+lr27kuJe7iO+yGs3NWf49QUlJZdC53IWDo0YOZI71kYHx8eFg0SbVLG1KupBWimBfv/WPj0WsWsK00mGOiWQa+nCxTkJeZpvrRkI8lxDlZSqACk22+a+nShqHWfaGwGLS51aepTLsq3o/WDOpH4Uok3zvyckUHZrrOT8oNLBZ4Wv9cbj0LfZjaXJEn41c1W2LlaV4RzOzpnMFkLmkr3y5we/xmlOjA/wL/4P13Tu7Ch+cP00EdVpePfVWFiobJnsZ0e3d1L91FtnlP3HfCUR8xKB5iRmcT/QT3wdGECpeAD2B1T3/6RNEe3979gtB5uX7JHIPYfoAr+cUE0croNbH1rq/15ccfsbFY6yDA+tCVniSrgo349AvRsVihNeRHvjC45EKsgqtiCezcf72yrRxgzWC/sKcK6GJMECVcGHnNv+cRCLX7dST/xDg72PS5/90wef/2lv2dfXuW9e+ahtV6kx4Edt0aY2TPy+1fHWlC4A6/QOFDU+t/RZljLLT7ptxkTOOGIesFys5ttrQyrfP07eUHPYXnLLHbFd5RQUw9ycr373R5K6rsGQ/nHvK8VaQgaMJY1Zp5/XLh3jAcB7Vp+MpZ+XFgW1saOh/sTedzKKWJxWI3IU3N5wODS1EXG8C1doloq8vmmy4jaA0yT/SEjWnxEVaK2c0KdpSbJgSCPMEfV59ZMgh2KYOlhXtqLY6LdlzShgj1Fv8NabktQE3p7YrbHuUnmVIlq1zOV+v5BLkeqDmEnzjEozedKELCDyI3BcuJJo8tc9eiKxHaz4RmCA3HMpSd9sWcGyPfstExOn8ii1AC8tLvtzYQDAhlodXdPJFGvmiyihXOYzN/g2ex556mFkfdThIBFRuHkXMP5yVyQT6UG88PZ6ZqSvYRO+yTw/88qJY3XuV90koS5Pn+QZWnzt25bG0Ije7AzW5tRDw4m9YFV9NlCiD8zHVGGdlfLxKWdxZ5R5vS7ggDqGVP1k9Rfh7n/PpqaJfyz0zOo4aGjoeHgqBgYslw8LtyD3IegMynElOU8lHyfAquYxiNR/ifbe+zDF7HIwenceXFkUe+pDdb5muivjcXTYuNaQAu2xESfSoW6r8m3Hff4+DtQcKHyFHWdAfkHPXI7yp4jLWcWojam5MA+Cq7IVl/tJlV7eWwrXXSAw7RuGyzcGNnobJhZHY28WmwrOzIbGFk6gXFIFQS/bwifhdu/debqIefqJbFYMtZWom1XVy6cTT3j6447tGApQJneeEUcCQAreu3zvkFlnyCKDFi26G5OaV14OV8mVNDIu9W14fVqpTutN3zrmPYosTBIS49ArflmJWWCSqxY99AYm917jpW/rmqF9qnFQL46l1s+lxYJdsIJpn0KX6kf0y7aswhyyeiYm2g5CyqhpvWECGT7fzavww1emzB8nBHH1eG6bz2Hq0HDonsLz6sDQ/L8qax+DxEx3UMbsfuHy11YT9MzF4L5U27/x2qALWmTsecpf7Q5j8b5gJ7/nZNQLxCNhN5VsRdMf2Fez/GBVh8vzn4ZFxDzRkvParV0cIWORbIiblxJez3cPvIVzZ0kmcCny2cdM+zSFSS2J0QkkKxyqBdy1Bl9SV+QwPvO+HPJgH+6ug/kcgDcGg/L8qshjXh//Mgos+Gnt7/t+fbChxKLqwVo/bN+JEbyTB+U8V5VmeUcnzZApJSozBF5/wHYK/2KXyGJAOT1lw0qqx6s8ahg27392udzXEDq5xCGSfxSSNOjUa1TC9xGv6KY6txLEgBhFvRf2QQzYulW7P5OWtJBWuK5FxB10dRm30JwSjDn3ygy57I/ODTi6lpQJQ6ITgtgBoZTtF3OHu65eXSRGliPQ5/sL1ytLN6q7oPm9P2B8RhbABohoVZZ5Ldb1uosddA1peDjA4sOtMmC4YcLCUv3JzK72CvK3BT8iHXIqwM3MwlbWCa5qSeRfEJT4huFVHB/3ecIVC+kjLbdJfKte2+fzgVyaLtrKun/pAue3jmfB2bvhxore5fbjymgXELrRb82K0eXOkoV22VKbaJGWfgl9DzCWKy2iDm72MjNiD0GuVvqi8UK6hVZYGoQv6olAW/qBHydYygrj+S/WhSgMXuV6hAgAmW3Lg5smnlfXfrJCi/Hdmp4ndlAsAc033RbHnDwQLdDO5xwj0WPxETk1VyDeYEvVAmsVTB6enyO3teNRVPq2o+/pCnMJEgka7iPv2GY8a9OISQRdwjttwd0ZFd3tYo+ayGud0TP3xEwfjjz4rd6gWmCnNVmf2vPEsuhXTSI6kFBT3I8skulddDBJx83h+b8FbOrEzW5+Eq5ZBPEYxq6x5/QuvhCSXo709D1tF5xfA3+vOrq6h/gQiSOtzQUGut28HH1C5/q1QiIxsPAU1deA178kuHIiFv25o6PbsmbbWHmO2pEKZx01jkuBW2pcgq5zB/C8v9HL8sOOm4cKxbS+StJerbeM+Wo/33TS+EQ32dopumlIorGM/98Bxf5NpYjD9e3u00hMQA4cAKxfmwFycw+FKfKnO/oHwYn69RDnLmGYr95HnTANQxZrObbwhYrHQwSOcIxWBK8wu2vvaYBuXycbuDR/U+wf/W3cVg0qp0e9cYrV1QitgBZ93XJ/EHdzgPtkxzdy53Run8APX8ZEvSDrSN4fu4Bze8n3FQxtJY3m/Ynh03plhU8ZzLhH4IMQgE+l7Ypn7KZnjWRge/mlp+GHtlw/Z/F+8nnKhsg4fJY92mLJgnetIr6f1RjavyqDwKHfIImQ6fkgpLCnlqzgbFwcJQZo48wambIqmbYB+r1SkS2DOjU5q/7/4VOLj9h+UvIhEAeC9Gg1dgooi9OyPm7uOVDzvm1m9PUN/Mh2vsc++biqNdl6fNik7C4ElRZEfCzg8F5dE3Xjsnqsx4k/09Wr43f/+4SsHbigtjuM/CQv5luS+Tk8CD09QU4W4nR1t9L+drVuVOO1Np7vdQHfcbcXxSKGoWyiIiFDXn5Z2GxEw01aTzwb6Btq6+rNTsUcfaNP4xsZ4qlrokpVprcz+bpbGS00+h1S+yNbUoMvOCj5CdvtIoS/jgqlvgleu/yS4BF9OVwzPHrEwWqbOgC+S+m9y/ML1zDIMJxS1+uatRndSbAGynSTsZXL7RHA+5BR2A40FV2J5wOkOZ2jjOwvOHxF+njNvorpoaImek86wASmUWUSbfnl/8W1oJcjWnRxXoWTR0B9479Z7+qI9rCuHghYRx/sslk1d+z2Lh+KHUrchqsVBZdrwwWMa6x8KZQ+Y+iC5klSuFHVVbZpSUPJvEsUTS7E0kTc6+88It26jWyvrn7RUNbdFKVt92jJ8cIWhrNpSWmOdeWK0yJqJ58EunKz9/m4ykYFlBYBIlr49We6AXuzWiNdT6FvB3NmpsiHZhidqedZ5N2vyn/TPBIIpWkSFpBgMtAY3I7hCbTSPaUpw2KsWn3mcSnX5ejuPCphG71NQ0Dd+DE12HEsysDDVnxYGnR8dl716zpCcfLu+vtfWxsecLCwikpWV5XFs8jKb66cGi7VNerHGxd5eqwx9nzmqsQEbB6eqzjT4s/b0t15CJaX9k+vXUqYSwk18fEK929gQAGb+VprXFZ6K6iiF8pHJY1A9yN/NL1AFpGKDHSFfOqAlhKe236PeipKXp+B/ObOEjHjmhwWucb5BRox9wYvoXvnsa6cNagPX8uuRUEIntk8Ow7hU7/vAuPOhnB+SBEtmfs7zDc82OarmC7+6jLzcszF15QmUP8f0CSyAhk/vTjrvjnpHdm+ARHKcE/BvsA8kEPShdyT/qM/whI3VCWhIKzy29RkPHvgDa2f/unKFwEB+Rt/GYIjxoW62MBa2X9IIjDNnB3eE4FE7//zHBYQrklpU3p/160qDbxDez2B9aQaDA9oP/3tp6elPy9GuXxLIoz5prb8CFVfuncYtkoDibI2CzeXNlMT/P8reOqitv1/XbksLxVvcKe4uwQK0eJEUd5fg7lpKcSvF3Z3grsXd3YsHCe4QeHl+e5/z7rP3886cdyYzyayZNfkjudZ9X+v7WWv5843ssg3MN6QjBvtp5hufBcKAPfd43PFjaZvj8uNh9j55r4eg1MFSBVFYgziI4d1GTksTMIv9ZAeZ4nHH8DHdxvs7fP2Oi2Okl8b5dNodLXL/txtVJOP5euHsJfzMzISZ2CrkpOXa3K/6YEXB0Cjbe2q6lqxtGW9HFzFZS9eNXmLFUMK7Jhqe+ZN+35utK1C07/Negwi8e134MRogcn/4oO/zUrlWk176hNrjh1gqHW01uwrL0TCWlrWPS5WIvWEsyWPVlfWduIPqc6PDltMzrdafSzIz1JX69u6DCxClCvsXchR3H/++bwjmC4LlR014OMg0marS78aFCFJZ9F7iJgKcbn/31a+91GAeFj4i2QkA92eyPd4sr5hUvk16n68D26x4qrUR8u9vu+rO+1xXPqR3bUeDwit94mjlTj6ZYq3KHB3nznE7O18ph1LFtoltcaZ7+MoLtpQp2fDTFvbu1BH0eIGUfiG8dFH+d7OF43o+z1sV689Qph5MYWHH85FAwPoTOy9FTWNtVWXtx1mFX2W2E8k1jXrbhoJ2Kx6eN5+Nvnz1dfXlObceVKk3l4FMt6jN1fcld/12nHlrZTj9dwvZZNZFY2PzfubyfKRVrjUn3QA1JjEirbqEPYLTzNx42sUFmk3haWFhIykpXA2DQts8Lj57eADJRPg4OIAiHa2tZSSkpnUNW1tb0zEtIQHGmOSFORM+EjTohJr56PK6uc56TlYgTQlZV1uagoAFEEluhBy68iJXjRKrHfIy18waz/fWBtLGTu7t24RjNe6q9uJgAFP80BUjxPRzTlwpOsZJ1OAxrwbJS4scPFiaSHXRfrGg0snNWn6fAYWW4eiQMhZXzGrsJtkWC515wkd/+08EGEEY4wprToBWgPji1lXLil5iP+zM48XrVv2ewq+188ezV9MRYsCOBgaACOj6osRlICVXhhiS55vO7mb4a/W/NPBshBspYSSq2AwbW5Gc1YuaGOA4OhkBchaVAFDQ9iaDVX1gYw14ekcP/TWIJzSQ1WD9JK8tanVBXlR1TynpuJe4uuA23YwPOoSswYun2m1a1o9OJYTeZxm++Z+jA2P/vmjGzYTt4n1RRW/GlioqsnH//cv+fiWw3X/j81JPpFcVsIcD0smkM1m2P9L6jsHUKKwX3xU7GKnYuMziMxgkUh4tTlQw+r4XjiAWCYGeHzS/OFzayiMxwM7PY/vw5umss4HOj8/h4Kh4Gqw8XX1wQEQm7P24tegkknZHdrYdelJd42RldZhL3ifkfVnbWtLekvjz4A9PrZGtpITf+c4k4PlssOPpDiLyeNXm9zAs+Hxe2PB8Hz3ecX/cdZN43JePW2skI04UzMMkgcOExhigDUa2XnrDGKDcbjGd0nZgk9i3zeHVzZluqlTZ9ZflrJdxm30sLU6Ag4tvyNAevyCQ87rsJ3/bnwzNA4rIepePAvZ5wRwMNLiRkRDdukiYPD1JSZv+p7jJJC4b3bzfWirGXiCwiOmPhu9dMRnUYIDR/XWQKJfZt3Tq3TjzNJYyW1iJZTcLQ0NfU1ezGkmogKbOWly8tqLuekaansbyVGAfOlqUPLI6T+yPfP+qYtY3kJxy+OZV8Hpa62U0KBoOD6DSJxe5GcRfT+fzOQu+AJAJfWWGmHuf0md8MdZrd21oLPNVq+Ud1Pz0mw6RoWxJkjl5SJKZ1e74iIyR3oK+wtbK9lBiDgjnFnBSq9lPMmD5e8qdIWrmFohraaVrDHipeJr1oSumtYiJeQLbFlRjLAMx/QyllpAiW0JCw7BeKxaW9MjIpJeSOTLyBq2gsMKuKPs1kF106wI/LLxUW7tKw9pPxwjR4lfMb7WkBEXvF+28HPnd+iNl6KC+z4wEZTVRX2N5ZgooTAGFFVKEMxxTJjb8bE2OhKze9bqAsDNo8rYb3NCVzFvPBptYctWLOUprE67Qw2dx3//s5m1Y31lHPvqZnpE1u1HH74Ph9kqzxUew3WBhax34YTHgKPpygsxuYG8d/e3N1F76KhDzDRR+9XS7/Y29MWCl40GfXJRcztNX9xWpTKZ+eaa+QiZVO+t31/sfD0GU/6wxjMK8dF/ZOMFaP4i26GQHvFqKWjlc8tB91WZ49az8uvaY5/Xl2s/9zD6RE4vaJrk54EYh2X8HyLdB9BX6j0/vv/yvu8E/Xv+zcOCAnCJtNMvjbCTgZZWqdaildQwM+2zspSV4Bop1CumOZULZGsn50mRKNZl0tPhuboTE42d7bcmvCjvuWiMlTqfN30of7VaabnYmt07ab57W131vIB0dTpepW265xyKRkdHy0vIy4+0eTCVZlbW1tY9D8VaAct0OcpeTtdUipkTWf90NHTc+rcN+BwqgU/Dxe2qZ3nu6nXd7OjtL9LtfbvHzvWjD7ODzvdyOTrQVbr2hzq+va/FLGkyOfRE2edQdpbpkYMucYM8xaYbJGHO4SapSpERBzXv1ujLNwTwDmbIFnTi7EUhZzZ5awa6pWERylC9ROhMR0d7m4OWx/6QhIvjrpwzcCpbycllVYqdwJRUpzHK7yqJW3opGTq4Gdgaew3sIkos8KRzB+RyKU29HD2zgBjYQBMIytX9TAbjOh6RnZBClBpKweLIfGK0EUjjgV9CMnJS5zqpixWtrJ6/1gbfky1wqWou/k5V993y9HdUcnK09vypY6Eh29i5HC9/tjiyTk8KhA8Vs0emCZ/C6msQchYw2xdkFf6Hd223mmBGCPLkRtnLTvfhhnFTAiRBrqbURiG0obvnIgiOABwQeKy+OqHV4ep9eOKPheW8xU7W/JGmtp6gLvpn4FMjTkPUHWzLfsc11uHhuMSFPgDMesug8EBd0hb4c1Jk/p5l/zvKU5mz9AyCX+nWQXnp0oNsVGyl4X0wFMZGt2WPP0Mz1Y2DfEfQA7LT3610skIuduw+befMU4UwmOTAffeCw2fNC8TJ2JghPBwwg9MgPeUmz7Y3BF3ZsrJuJQRQYEZjoHDEuqM1IATSXmBGUbJGcQ4YKyDF0oULdV+gP1dYIHkZfIycNHJoQWjDs2AkwHr4YJrJBLxGF/Ent7OdhmBSAGBYjE0zH7y9CZsnpyJ6zjH16/+Xpjy3197XMV234QKpD9d2B5yN8WCZLhtg4+tPUQN5egOF48IrXYMiArJi43pYhFZsQ5bnwURuX7/P4Ew7wOU34udoX49jOJ/hSW7d9DxGjtskVw7lR7OOLj1H7RB2tV2QiSEqZL5NFzIyHpKqtb7y6z/KVVEkFVqiAzyhsj9Khy9UwmhlPL1G7G4mvUB/gx8h/f2bkbp1YlCoa44W5/3z9fWaDX6GiVLRgfSZNxmUxRwpOun3K1sMiBFEC3bGIE9N8zyRnYnvABCRN2CJfsuS+zjfQuXcRVs0cnbLzP24oSlp5zUO8MEFp/DezVdiZpPz3sOKT6EwhpwcFFWudrgCo1BmyDH/T3SCDxQ25UPvz6f5qEXSqmhGtYGsyl84tJuB4BXjTvchVqJD5sNGPKfJ4u3oj7H0BcVv3eY41pht7dL/bncReX/f4oKwZbinudhPT3+jENLL/LsPcxlWGp6Msn/3tTOhir2p3mbiUMQu32+/iWKeu2cg69BajYVadWXZ31FxlpzCW5a4U219jMLI8EBs9dKX3YC6jnozT9IeU8RmSJF1LSJz/R1qw60eHpDGirInDlOWJhYwfU197DoISUu4TbvMuL8G9uDyQVXHL5wlzYAlXaRYzVcXbQJiE7fUvyV9Sn5SSNmcjfc/FTeX7t2tN0qgsO7EOJoEDTpJbiERa9jS4ozfkNPotZ9CTE5+zfsDac8cTfFTkGb7VICx0Dt8R9NhBJ23D2aahjGbnZ4mSGbnb2FxtnfJsly6Y00QO2HoJTS+tS+aGCOHOcNmRLxnwWgPN/LqXOruSbBrLkrfqOMdrJCF78G7QEylKjniParkxTydbI/Co2OogxQDVxTNRC7xc/7aHSWtq4qfrsCH7w6Pghmrv7ma15fImz+IjVrJWjQUMSisUKk9IaFyX4wCnPijR0VbSu6GnDeWTLrXrKmMAfEs69s+uckl3kKjP0FchTEzzODuAx+6V99PsREwUCtoHkDxhVUvoOQIylL6pzM8Cf3rX/oKl2UMgEMC94lcHzbZvzG53XWZeotUlW+MyuIdmhQChjiKN3+VU44YS5TEDcYjhqxvot64vWhXcf3KJSPnZnjrIN9tfUk/21AMc0cou7mdg9965x8Acn2NKrOObSLCr29Mik9vzvvkevrfpiyLc83Oe333yiZoZDw7fC4DeFV4uEos633qLhK88LmZO7QUsjo8jQNsQlw7Ojx+U4dYOni92568Ghv6BH3uAUrkMBGv9OnwxrJcDkF5fJvS68X0X1hGp0G7tIPvXXMsN1oE0YltDpTvlAUSvbZZ0savO+L/jdbv6BvufJYCk/zPPKAvSOeU2Jgm5creUsZWneeTlG44l6PJFZEdZR1iKiYl2ojj3Bo1Xqor5GZ0EGsrubS9jyVl1muyvdvMPG+zWw9tvTpGrI32xHk4nY5Emo5WmOTlrqo23sM7PUTkI5GSttPV8zyJTFRNZ9Tt8txQ8PXcB+uQPh5lPjw0izzv6zyd+d8vEfvCj2PF19y07fDZdJgbIUSf2GTzgjEHTQlPChtTHJ6/qiaLvh0rumnOluyxaOYFiYyuhYvZFyI6XWNags7+BDNO6cxHasUuudrtFvGWEVSpt5GLoQNrH3DOxnzHFZOfi8lb6IvGrXKLkZnKYkQ6Ud+fUIHFTe23BsyYJXJv026Mf1Rfqtjv4qnMzDXGqcy43v1G+WlppCwi2IH0jBcIan1o3z1MVJx0G91UEYvuSvtTd1LuhMw/zIgXRoQ5rO8CNqSKSwYGzN8ZKuZl5ZCIeZzVsCk87FeTtZw3Rwk+3C2fY+BlCo38MZF5sZCjo+kXPUsZaC+rs99QLAzn9NTSnZ+Lvy8pS2cM6Y3Yst263rS1Mw7+VlRVZsBSbtzo8KDI1g+M6yQuclpulvWOsl8m2R1jBu+ooeDtMX4Hxnal/wwhIDKmIRNgUKfoKd8bDcEvkiXNmsSWPD8hzmAAjTEPyVXI1OTP7ENuA0e60jMMjqoOI6yt57Ha/EHEyiI05MaFxMTeiicPmTLQNDIg+Cht4Kkszun+rXr6UlpLR73w9x2Pczu/w1Ne2YEspzzxNMW7prPTpwxAtf45MfWUVYWK6Nj9fD857tZCeqpmZH0MpakTpkFntS7NCubqqT4pjIxVlZTZEI8K9zTLFHCmw1+mdjMoWVK9r6XDOEcVs/V5xTCF5vfnc031lb+LzQVSqQPgBoUVPf+AQ9faxU9QeXOHrK5/1OO47+YT/BqofmuGXLHzS8edvuWBlAPQ8+IMf/wy/O59DvddjSEca9HFaZy8RTdJbT0jqAHzie/MYaxZ8IhpO5f63UwPaxnt/pxDLZe78iCN6CPMPMOHH+ud0ofdLL7S9fs7rLa16i+FpDlks5fLiZV57ybLxp63ut+b/AyX4m3/Guf73wPbpsv4399XQu3csbze3p6ol2dk+hvSooqM3nIhERIWq26R4SufKEPYCcrCOhRX4XTZ2R6ELpYqYbLodpLG/pmbm/HuxEYOktCZINZveFScvcoC2yIBRMtJyCl8VJOrv3klERka6uKAD7CR8ru/myX0vF1tOvO2PoGcN6557F9EioT6P2+d3qPhjGbLyCi0ecLUv3ijtiXyd2yY7OPpNvuSriyIdRQYKyFK0t2mLpp0/jGxWR7ZlQmYYEKU4aTSMFSrGwgA9jjXOq5/3mFkG0M7lg72nC9ZcIcS6h7T9QaM1eUvfoCxGvbQeactiGX8ulYjZqafo3b7zShQ4SeOoAWKCyAmICQxjimL53rybXdNeXyGEU989xmsnL9Lw35mCtqZ/czlehFuVpC5VuSuJWUk9f8p/FxAJGnRP0JczrjwVd/RwkdVTdHHwuOhOuuTaO/HxoziAgzqA57Cmjta7yeBMsueNFfme7e3WHz9SjPvHeLidMTBBUZEXwZILaHM65B7eETxM00l0BfhVcC/j+uVKhEkQ10sTB8U6IjHEfqmqLsGoMbRHV6J1RGHMJevhqXdV5XFVmTH+5ZQ4x/vCjqmYl54F/K16Hgefamq9S5uxattoujZDmfmXJ+8B2VwOMF5eChxx6UfXtTKhzk6Qxw/BUq4lyNr3UfyV2oVeq68xzqPb519xLMNX52fFXlrgRpn94v6ixyM3P1dLUV4rhocYPTetoYE4ZHVtQjsGhAqqDGmlIyfnT05TFRrU3g43yYl3wdNvbWxl1ZscGfm6J+E4NBBn/5mDb0A090FNrRZr/z7M2sfWIXk0NVNXQ9FCnnMH77xBT9Vai6QzXzVeza7K641Z8PLuGZ+38PqxLbWn6wPCwNzOhWCbsAn8C9x7YRWOKPBhhfgd7Ordo/8Eak0mle5556hfgh/v96f447ude8Kzf7Kpg+TgUfnSm89HuCgZc99r8I8TVXcGcPwqhTQjhLblRrQGaP8fHHn6HVz4L7t2dJ4pvyItznTBO2E6BIvHD8K/ztKuo1rKkfW45BIvWkaSpS86Nf4MyvT8N2n0bxHCjdc4GEDTr5wC5fDmCmJNTbU/PK3sO+FnUhdIARWE4VuQQ7etw2/AWZaFnIOC9g1FOfx2wlWZgqhNT2QCazd5MScLU3kzBV9XhbXYpIXwxPI0IZfd7cHYQlCmsO/jLTjT5+wJKfNl4/V93bJpvuqiJr+b7Wpks0tLfvbZWQDUWN/HZ2tpVBaflY6mgGem4fIaPS9vj5Ya7LYRTFNKPP0DV0cEUpJdU00mm5qUy7nbEoqdprkzlZLMVWp0tlNG+E69KKF8+fK6cpGYt/mm3lPK3maaWs1S3Irx6bdczhQbQ4NZwgy2N7KDCZGDQo6mxqSCguxSSzDjwZJVSvM32M96jK4/7FwVRbwMNC/MNmcVlZfgqerNeu/5Hm0t1Eqd7aNDSF1GCXTIiz/OksX+Irk6HYxPdQM92T+FV4DgG+Mnj3d25G3PZ1WAdUHP8yNIcFWy+YqomYKHhSlqLI++jo6+6qRWkr7TnREOSqCdxb4kWWtLtACLRkEEyO1vcMrSA5K5ztObc0fqonL/IrriBT1GlzT9+bDUxCKtibYvVb97cfU64NCDUSgtjm2SMI90KgmBIeXy3Fh7sIOFR36dc/13fpa4AZcS+eFqI2Nvy+u+tiSMxywwndAgNgWr9KxVCkzSGRDzZQ+ZJge3d6RrKGjRrLJlDl0yWbKQJyU+1TP0yw5mYO9wWFKjCqepTnOBjJwHL52WzDhjCGgIJ9Q0hNizdHbjRa4IYltv48oqOgSjvXk1ftBUeXe3EK8NV4CpUbGu3vt4mto4JQ0dHxGlJWvOWUJaWjZsavrNHVjLB8R/zwaaJn9taKuyCZ8ZT10eI8wWL+ZpfBR0jV7fv2l58/pEYQJ/6TAJqNexvOXEt6qWirAoeS1+vytqT0ewFNnYgUHuCKi9WDLxcKsIX7sDd5hXeNVOHI8x+egePzrCj9CPI1uEhW7vdqB3OzHjwZa7mTW7CJj542yIE2bBDy9axL3k61jhX3+HyS3gjWS7DP+IHpU5s4wQksr73OcL9/6n1z1/fQVh98SRXHeKqZNqguvkWq1Cn4p/8nrdmH3R9j5VxvzvNHVof/qO+NLtKP7XM1d9H16sSZBDmBVAVcosvL8IK+pf93bbzR2P9vbcTh1Z2bytXXnp8GhREYeFLpsMztc62AWFzcirc6F+Cfphx39y2Vd5rop+bJY09kSAhJ/vu3qt9MmBZzcNz2ed/zw65e4pINjteKXJE9aXvozpWB1OLilCms+xNLmQ82MzLm8moWB3syvnYs+31QFmZm3tjY+Xmaj/yM27ryinJOc9B3lANo2HNuN5K74rQZelRatCLCJ5/GMCDBPNO5WkS7wfWNmoepEosRLXr3Fm8Z0QTj5c7Wv5VL/p43hL9Bomq5C8qkGGbPECrnBc7TehYZ3aOS+i5fCUo0Kn8a22Ftsx7MAypVnAPkC+iEzIPwhGeAClpJzjqc8VvPdEngnaHcurbc2l82t13OqsOvEV8tx8qIjK9H2ARz9fRds9Rou0no0hZZI+H/ezdQjHp+qvTgv+/qWzsAisbWwVZtE4oIrc2VaXkw8NQ7WK8rnqbhPkkPDg0dwPvDnuyy/Y5dC8EOdsI5tdDemb591asg/4Mng/kvNDLpUWo0a2dJnaSruJxkUFsaEtnE86WUN5/8VH/Z4VOW3S6BL234ZXnws4G0ogeJlV5bRD8pqTx/BGwubzSlh6THsR6+3oWQp/ypku+Ri2S5dwCTTAfNvN+StqUzo/R+nglg80XqDKOs6mmZjKlM8QjeptU5nUve0y9KNn1p3+5Ke/Hb0cBQsHDVlbnTCUWptLGhYW7PUTpPHsBLlOr0zOighxxqTFEF/xffTI8I4ZOUJhAJT9Vh196zVncB3BWVBzwbS05IUU1CdPO35su2DuHNxlmAiotXH59PxrzEDNsiGCN9HbZ9jkpsT5focnfnXrBvYz0rWF6e8FLChND2ROR/L++BaBooLtr7MHs1rL7K59U1sIWYUI5987+5Cjq8BH/1UDKL5ypj7ZY2sHEj/P5b8KX8fbiWCnPfW58ZhX9y5XF6j7TiZrFxVIEzEbo8HEUOlXPnw+vIury64Vk7scj9vj2Vyba3ngPT24tf1jmvAhrB0ucZr4+jKjAi1r1my8FME8V70dlmDnlXmoRrDi2Ib6UZO+AfjAtboakzwRg0j0767NQX078em/DO7/sfP7vOFClyHs8nS+s+x2IiwM786v6AA6Xc3BtTGNWkJrDQUacsGNBcWlLyFRBXH7KbwaSE5GZIgtfZnSfA2VYthjk0x/erp/UYJoH6/Xmuttib8SFL03ztOZ5nNLLFMlCWNVZ+vOkBkS2dYGpZmaPflLanIbmpDT0+IyEtW/99/Q0NL29fUJu5+yswqfja0iNeSQxanPzgMMj4EKdifZH4P5B+pby8PF0zMSrZnLifhqzv0/koUOsZUcWXdHOYBdUGy+ZV9Y1rcNM7aJN+XzNEWWZ40dKVmnqHoe3tenjyWn40GK0OubTGdTxoQ6cvR+WQT3LaDb8HFHDSTrHtBiJM7XRUTUJJO8xgMREGZaW/XHMBgPcPG7bVgaWfbVpSqe+J7utJB7X9n5uT/kgqL8zhdD7Tpa3I+7RltujMf1m+G3FpZgOgpAQ2teHkZgl7pqdljYwb1M7X7yO1onWg6K3Db0aIu+DD7H3fNkJh6aSIfo32GoJU7V4cQpgqXE34oXe4F5MR6hP6QNr7H6JZMv5K6nRtKwgguvLqcbuTZL7tXeJC+JEaThV+i1EepqhndeKZlaxhrIdCbHRsmNjYThBuLKc++u/QAwLda7N/0IrD7oY2j/xqx6HVvEuHpdMEmGFgyotxmwOiInqWr2pm3Rbm83vHkrjsVgGkHxIXTnsFl1p3lxXzwKLbCbsgrHA5sgduUBM1NtnucmNsjqQPtX6sLxEweiNjubnobWKBujnXWnTqujIA+TftgjTZehCdOHrzHzY7tjg6qpEvk8l8jHYXKmtXykx9/7O8KFqkf3nR7EQlwb7JaN5vcjU5fNSqe30I89Ayi2XwUsYi2gP7h98V8lDe6HnXvIm5XO43OmWHd+02hrz1Y6tHYFOE5X+xFV8ybDMAoBShRU/QukZOKZfv3kCz4Z4kiUr53N3fay/Nf0g127Bf2/sTu+gCjlegwcUIAGqtzHS4YdIMTUYIQLWfd0TxfrF4p8CAtpRY65vwt8dR94eeeCnXUTLPBsVF6zuOHV2aY5pjBev+qV1bk7uezjWeo2vLta68kLaQ/R5hWpRmqyGt5YXj5uGNMeX33IRLce4K00vKI6nh9/3eNSI5KztC2mYuuFg+iWZxZF0ORhQO0m/K1qJ6Lx2Y+ncdbzprkzIISZ8v/H4JRpqHWaMD/VB9wEFb22s7+aencBSZe2XdDLlYOZEU43NS2tVTWlyUfmCs4LzUWIIIhNp/lm9OwCnxU4MFg6OmzX+vwJyFXq6W3ka+2Nt6rAXGpeXGQ7yMTcjY2oNZFU5IV5sub7OyXphl6A40FT0VZBcWYVenvbs7R0nxe3LajopjzN+fXrMJt+h8tBMHmNI0rpwVIKh3gXO9Ky1AmpyQYSXR9/+GVxYHv2oGLCr8FY9kL1ktR79lXjraNZiWIbXfI4+kumA5a6TjPnd6MZ6fKlUlaOlNom0V/tdGcJdtXjco8IEwwcrL9+X8FhHgorTalGYaz0EdOFbx/lhI2sGKlIgZZqWiPSfnCB2XxvBxND/PxuuhvWfJ79HpczfVudAfxtRVlF7SWI0wsrqxM/S62geRFyLm6Yq23EqfGqEf2YpgX4em0kLjtTq0575fh4ajmCp7CkjO2fctbamCUYTte3TYWKVTZ10LSZxxo6tk9uuDjqNKa7LtjBDnmGOiffwICmqrrCMqxIGFmsNLoxmqGeYrqScc8msqaHBDrEvNxgY6VXu8j1i4cN0rlblWe3Y3p8p+6vAYCVdvMuDSOe/sgmyqyA0/PfEI2SS8QuSxgvyjSNrjKxTQZhtomFaj5AsNh5N0wHMpsat8QSu1pnUWteX8+iEK3UMriLnPc13w1MV4nt6vkjoDt3oEkRM8N5836lnXS7wEBPiKuBj7NPpdwOQ3F/oDC/vZhlS/PpvGTJwJEyxWYNYiPoiN10czYtvu2+LR3vqmxXbat9ZNbChPOvM+rPGNWrDg8IaoXDBvUEEN493+yj9UXUrHQ9EHtreNmqbyaAYEGwt2PL3hOhs9JankeOUHfeWsum3CPb3db346IF92JeKcr2Kz+D+ePTo6MgXVuRTVu+iJXDi5P+0ZYKgjdtHWuoWVROKZiYjhg/f6y18c+0PMdeXWx4jLMBJtjmx2PmXpTsbucl82oy9QlFRSoyn2P/NXHx6AS3vrFZvH4DRS89+QPv8bDLu8+IuWJDI/lngljxodUrqojTk6rXySTngqllr45lzz9MjPGKtSfgmFCxbufLz/97EeuzOQwa+5P5kZc7127V53daxnrEPjkYVQZHDbuZraWSlwJyuqyc2H57PxK7UHtfEFV2dH458psXzZ+njl1uZxefV2Xe1dGDCWLzc8iSGwNEizHFWYPqiBKGKjuccwyUlh/0TVBd+LaOR574Oz6ZmBQOfYJDLy8vCx2q1tMF7rbuwqsckKONsV/cLEpe2s68cxOpzxOpL5W9bSAnWkjB9NRcjsw0TXk+7JA0DzuYrpSo+ZSaNrVjCJe+cA+nC3f0h1xL2VTF/ohlgHH35uwywvLYxG8jJ5/lwWR9imn+I83B7YjGgrrSqrbErr/KdGYvCla+FsXv9HR91VJF7nO3qr/2tA3yg/+FuIk8bx4qg8d0ZccZh5jKPHFilVTDD45oMaf54hRtdZXxm9M1lOdjUvRU5ic0lQOiQmU6/ESixIlgx2TMDMXDQ/SM9EUHUChNjNSD56DEHW7dTmSgJg1ddFqzH+yzsoSTmpLCSMDtckOO0/nwlFO4l3RcxmdLJkQQUYr54ae+np28PHUMRQ+dduaORl8zX1MPedVvWpoaavxCQ62eXFqfdJggfe9pDvFAGuDzsLwl9NjCutjKAo7kNEGlO0ldZaRIDly0YBdtvPDV+bm1aVmC3XE29EnaAjC++jYRc8anhKFI3vm++l5iFK8fLax+7/nX9lG/4h5cQVha5g8xA01RRk8HbvlinfYPIL5T9vQkenEDQUWXO6qmqjbYoUK/z5hFhBmALFz4i6Erh9cU5CKpWi0we6TGx7u0Ryzv56zF3foFIGLN6MaZ1xvBAby74DcthibEaCf3Xz4H99s48EEUEuk+iJO9XUS8QdkntWP/WYZuFj68J0VSMBmzt3X5lkqsuC5VcjvzL7J4iGT49NZ6fKkzZZWzLlg06uzdzYFJTe+GBJm5G9t3DNjPm11+kYqEAMFsfEozk41rT8oHqn2u6qi3ExXWWfqJwh2sAZIZIWw4UY0i0PtZSjvFnvlIv/rm1orLncVx2hYv/ZPwpceQ4Om9EKTXlwWzNYZX+8x6PQGI9/ZYcJ1nigCkfaeelyJqpT2GTwskFx+vlu9HHcpsSfxsJ0C1ylUtqmLN9/f/eg2Zsrx0vtHGVE6OJt/M72x28CLxpKcQL60N5woeKDh/0icJ/Fps21MgwgQptyuc5CdZ++JhakVc4GcSJyiXTomuUOuGUWv4frYOhqtqQ++sz4WiraaJn5nmutM3ygQoLzQxcd26X/qWrjK00A1NkorO6OmnW2vzAnBwcNCwXB1cWWX6OWwH1+BbvjSWmoy+QnRFwtg0D0QwhlTWZYwFDChOYhgimo0+AU2+y49HL6KVA0n4aEuNs0tVUsaZJ6/kO0SFcHVUV5Yo78PwQAtk70vrSR57eUyYEuycrxWtFPlQAkBZnMa/ndhW3N2ZBO6gg1bkfnfdD5kZ99Dwk/WH25bodj6fEwdPD9yCrEbkVZmu546j1mB1bfBa0cPJSo0tcP3ObCxuxISTaz80nU/BAau/zcj6z/fX04IFN5SeMaJZQfRYOdLvf76iUIn56XnShj/hY9iP4pDadLg7Mtp0IXyo6dW2tKTtJeuowaQ1fr+RmJDQUFjAYIrL8heimLAYyxVn8QZSVFZ1renmdGjgYCEmrwtWVWU6XWvrz88fP3Uf2qTMbfCqrbBLk9ajHFFy4HJCd7HZd+O00233elodb3+8TI1oia4h21aLn19vu4Aqqj1RR63MCYrr6CwaXMwnrXCgNVXmFTeWIfBILywqy28UiRlzYdjZvwn3U9L4kUGr2+6qz8xVf2OkBnD39HrfOt20w7JJaeztubaNlqr7ceicFq+jiHehrPy7pF0NPwJcDDqWQWF/zHoi+kmx3A62MRieYXDJ/flJ0Y6eCBj5uzs01obdd4ry5AiZgHg5drqHbIbdJr54hoD0+M8bl1kTF/nRX5aH2pw1FxVrjV6w3TaE5KH914W0kXgN299kk3SPYOQfQzARNt5iiXoFfDytDlXupPR0JhEUfiOJdSZKfYT8tq3zw29hpFwOk9f1G+5fwJzLq8L5cxOzgtLZk/MAt+aHoFtKwsbknTr00u5SwKK/rb5GNm+lm4dALgsOEBEzOlbG/1uO0qHxWewlYXJ7BPdEcTs/zxFhMtzaTaDVl1zDy1uv0j3bUSEZJUt/UaCj2lcYPSu2Ai1d3z2EIIJWT1Okg+K7MNctv3uBr6/Nq/SDDNAU2O1DyIgvb5OYaJ6v8LJoB+t33kbKwqck4UOSj+J1wIii6sDvbCPuvvyeCURC4HjCtvO9DO4JSX1GH0RGNL3bQrI3/qKfPrx/+1/efumzsH8P+pL9jR4ti+I/t3U8YqJUCFY1Fm3K2G7crK8/nsayCfM/j462JBM27dzyC6R68f2gcMOUQ5f/JX1xGYMsFFsnIpYlxFJuYQmj+p0os81zPeYPFe3HLqKllWmDY7/8lpvVS2VpP8JSwPN26y/idJH22BoWVlJdHRYTUxURURYRETE3NzfSrwkKR0HNwAOOjbU53x3sWAFaPJFSlz1rMuOUEpOxAhWolbH2ijXeeLwJT81lBcVKk/r45BIcFU/brBblVIO7t/h2EwwShqinNZzrf3llqROsqJ1UzaZ+YCiTPfTicopIyKjS3n+X6etxFRs+v+b73OXn94D9t4ntRKdN+Vf8+sRasBioQh4bIDkx05qDh+aa72fuitbGx1PzJduBgHjzLLS3JKV86b59JK3aFqegtjr/hadccCt+oIW15EdpJgNtNTW/G1s1VVUnqX4DRUX5z59NZb30JVyM9U+k3fpF79NHhvX1W9xgnfDD/b31jtPVRPWwTDVXN3ThMRbLfXHFOV5wsdX0WxSXwLYxLOZvi1Rb4SywLW1Bx+IuTvYfsynWxMtei3eBUIupG/WTSYD7dB5PX8IHQofR7RCvoIJmRHZasH0w2yGUUHH/SDR/rp7tFwevK/g9KibXRV/h+zehStk8qPmMp5bZ7lgEIFqfjQWZGG/vanukrgF66OmkIrujSS2fQ88dx2WtFnj3HPMFLAWQfUZ1dVXvJFHZlTxsEYTCpt+mqr2O9Z4OzSwR8MHtoUssNynhmiy/772r52OM/SOfp/MUMDOhHTmvQSGNeyIU6sDsiIPe2/1kT/8BOQBs3E8HksCSGhfcz+szQJw3snHqTP8O+ELNxsLKoaKFmsi2anKC2oOSymVQ24hrGatSHt4DUri5Naa7Ma6tbrjB+QoR+YDsb5WpNnzW47BJT4gihZBtwE0mSCwanPsx/bOd0wJVVdHwluQbqDrvhB3BBYlsj7570vnOJSHyC1lJU/hRVJ5iHFl0BO+aEWLmLW6QQOiL3p2Zd95TF8WTccXHd/H7NWuEX4udpL6Db4QA3n3k02AIMCLEeRwMFiFP8ebMxR9M76SkURIiJ1gRDX3qAZhMoATgf3wqDv7vaH14v60+3MH9fWx4vAVOIhD7VLG/hhiEaJvZacCR5oMnJH69JeN++o3+4w8evnfXP77R46AgmP/nrgPPqeQvkbkZTJ4m6/fL5e4cEq7//CtVPypTN5kWEmEw0OJN4xn0Bm94BLiLZxck3RubQFu4R2aGlwcc2T8mTqVgLpto6MQ7OjkgPT4iZKzwvM7Lyisqq87P5eKiu5lra/EIBHU+z+t3+PIICj6MpQvenKyfHB2NMA34aanc0lMd3kcKWkRX/9GE6SLIQ4Doo8C/V73BRIFzfFK6n9Gjedycje0bs0NDpw6+dj0+QrdNpOz8tN30ZXZqNkL3cfvGtkco02n+htRSBrqoFyXrLlnCJEQGWB8ep2DrT3dbz96H3R0+j6MA9emK1eG2eL0JHj75nEq32yCa+9cJA0a2pfMNcT+bSDkDpwX5BAUUbGwl1OevGmpzFQPyLIQQQAb1tdFuN/KmOwkNrlHctZd7+LP+Em4n4q62HiByT5MI0ewyfPx5PBwVMxMcnY6nrNbW7Oby/NrNxdPT7RHupjPNh3w21vWOO3Yulr3YG2GvpITVlRlVDY27U0NbNQUKq8SOyq6yEqvumIR3SAKD2fGDv+UV2KbVbu6MbKTGB1hBJjdvz8OHGS1TbVcGNYyPT05xrI+zAQkqBLoZ5r8rRe1ghKpEJMMjuhigAoBXvavEDwQeD0PT+M6MJGpvrzvayLHfVnK0Leo5Eyys0z4btxZwErc7sYG/YOrvkp5QA6FjdHEWV5CPsuCtHoYJY+o0gDuMQ1O3VtVMzAnJfWFy9fmqQf14xY9a6Bfdbxk/6MDBabSx2YSye+QaVhhZQDqrHf1vaUrNi0HVzVCVdRLZH8TSr0CcUHESAqCA5BJ0j9B5ysD1VILT//bXF+3MwjKGGdoNf6WCCatL3ikS9MdYBLsPzAVnF0e6/tvfrNhbdNZCdExVLFi+xq+ZV/diDxrQ7zo+xKTwY0X2b0pl23MTYPjTKHFRGadCXFMlC10a06rEhXCQg3NjYg3unc0uD4OAHZzOwkyNPdF9esQCHQafsKS8deFH58H6DFiimfKZkLU/oWBaoDYwJk5kdrz81W/hwjdQ8haw1If3eFrqt+iva8c+Clz1X2oao1pkuI2HoMi+SgrL0E+6jMAZF61aeydELErVT04kxIY04diG9P/JIet3SQFjk0i6DeXRs45P3yVzwNS25XZFfqavImsn/yMCCUTF/nMf35h/6Ou+7DfNn3U7FvJM01bRuUaT0lrbYaIrwA+erJF1xgitjupjub4EVbr+FD9XwrTkZio8tdWS1Ab7rf+ht7TPKavGODo6Ivz0mwGdBUaDO7szy8NCmn4n0bszq6rr0xYQAA+U8Fj3fRily/S+HGyKJjfLA+/tbouwNCY+nZ7XpSYv3nUbLyAzV7V5Nda4tZbaRQwucSWR6jy9xgOVFNtZwo5K7Gw9LvlaIKUtVXUwQzUFC1N5WS9yRNkug0FdH+zoC6tjcIKPG/Cwe7y8/aITYPAAj+y30NwBHOMLuesoakYTfWH7gKcRgH0xLEfhpS+rja883xOnOtkXZWasLqGxkJF7DDs6BNTjmgyxWv5S0Zq84msoyCoqhmDLJ5keO4KEIznQCBcmpkTCMt6RK2rPS8tobi28tbDxafAzr87KOu+LvGRSP8bFn09QnYvOdpie3k7YPa6fW8NcA7ptxFaU+7gdpqKuu9XdREfLJybM6bXe+vgo7/2BUhvaIkfSjCsDBsLlKD3SqygWd0oGUbWd4iKb+8o7OSK6iZkhJfDTlV7tm2o1Ai9iQaSaOHQ/yuJ69x3EvT+3aIaG8U1USRm6jp7GXyGRVYPpueyuTVhz9Vm7ml5e8xNTSwXD5HXNbw61vWrCuU2wnC75CPm/3lM5hE8j1P+lWJCMikao0qBMVilCp9nh+Zu6E25ytkWNKMuncsDtKYtpmdQ2TEyW+ni7gv+SiO0GI/vIPy6QpCb4NlvHzC8Qc15CtdObM5r/Q32LT+h0NeEk9vu+qGiFQ7B9PJWBkIf3QbRypnH/oMH2wO4lZKJhAJUpIlIXxQbBu+uvTt3YGD7DYktOcbLH1EqYaJmWjtFmiEopFRSdJJSaKHZ274zuBcdh0vdSUVGxMn6fDq7fKpjxk9MZ/y2RGjRnfv02vOfsoxIjOU30KF7q6sb5XUDV9AEhCVq9QSTzh61QY/FKkTrp0FbrIWnuDE6S0LY0Yarsi+F9J8bvkgcvRx8F+X9NF8O7/u4B8sZDwLngrElcIcEHTSdJCBPaDF9AYZDezEfF5e4QRm1xC3QqRmaKpispTJbPyfyfOO4/YKKtxRm17ZUZYPKJWp4ORvj+zWb4zozTJ/q1qRPzp98BxX/H8u2bu9lzNpSsfbl71F4u96TEzODLfoMYAcRktPSS/BgJHzE46kWq8iynoy2jLSJmDJDtYaiRsOn1tvjpzKLxWFSU7wZjcfoAMNPHqhis7BbeisGHzxvyX3P0l1/mv0A2UtuNtVK3U1eZ2cNXW21KFNM1dJJI2XE5pva1IGlhD0pnKjMnIeufBLidUX8Vc1K/ju1Ka80Zy/Dv+j302FWdM8UoZGGIInVESuCrpZRxTZ+b1WiSInoE3YcU+83Nzi+HHwyNDfI9L/br6wj5Xd3HI2FOo4aHOzpetLc4wm21+nLLvGf+9hAEJcVrOz4b+n520MW0TGNTGlKVZNVH0SOUSkOqSEu/udRUtpLCPGght/WGw+KZ5k98XPbv9Z88j0/IdYTczu4B6mSmQsUWRwSZSZoZ+bZs5Y7FzmRSResi7BxuGOq84qkkvexmDmHS/aNV9k7aVsyEViAuqS2luVvzFS2f4YWjzTGsdLcse/trHnlIbj6ujTykW5TEwcZJvbq5k2ps8qym9Gq0KONJZkrIJ6av66N5YO/fgvui4dSmpnzMF+tTbzDZwSkEC2maVoLNdm1XpK2K7DpO7/KH19cGPOPcbua6qzdT6lTxXnd809DQ1DpDA0pYW57kQ6puAhkPhly199yNhwmiBpIoJjBVed94NFWWhfnZL4hwPiW6ifheNtrH1PM09Czh0s/gVczt7n3lLlJkDhi1OiAxgIXOJ6VlVyXj9mFYSTUO7gK4b7IKzRzELZ2kMvvM13fDaCt76tBdhZK5l3SknV6CxdlM+1PKC3S1tKWjW6EkmSN2CQy1L0fTF0n8drlg7nCMSn0Rh1usw8URamUJIxIDPdvDrs+XgqaxVxaxnZ1vppOtA5cM2AWtFTL7yc+CjV0b2HAEp1JtMkTZSUCvfLIrB82iScnTFb4LI/9Wfu18dEvtg9EPYoWh9tUiHp4SuNqbYHlXRkQCaa303bMQn6kvaW9Y1d/gEbVtfbPAClEVDQfaf5oOzddqYbJm93qzsWXPZ1HVjCaZuriJ5o9KToPQSc+JdA+97YmVOCdInkDDY20AkISmxw1t0J9bMwb4vmghMbBDRyQzMkMZMbdq/gXaJl/ETOLT+K3M58FX96M1mfoYWZHlf0XQsmajspY+8q0+rWQe7E0svroPvNe0PO/g9/kP3GfHX4Lv38Sln+STxGtuznPC0NSPF+cXv3oIGYLQ8br/TPwZxuVUwgoAgrEPVHYiSJBdKcNrqs6Z+oU6hJwEcEUL9Q52pIkYkjrR88p/LyU3y2znDCjkeSnIpwa95sZBCex6RfSf37B+ivTP5XCKfrCDVTrQ0DlqaQbeLHo09rYWnVTWJilUkm6PFlkFUft7L9sUlPm6PKu5fP+6LTiQJn6fkP/lsCxhGp/M7+ETQNWGEIBZQybimaarqLw8NcnPzSsszD87MaWlpPhUS39yaNfRaH/2eDcu0nQ7i58cXfPHELPGsXy92e+pK58ucOeGXNhin+DN/OhYqfdjXk4hZjd20fxLpjB3ni7IyXr5LXWnsXU0nR8j7T3fH9PZtcHX/ODjIunPj+f5J8dCgxW2FuTp+ZU34rSBwu5FVzU3dWjXG0/+75gbjWpUYDuyNqJNrJVM7N/mbi9ZCK30eb5n2MFSLY9SkpKN0XIGEbBruGmjm+ulNHcq+ZQ+JTcvzopozi8I8oXZWZOnUE68v0B7JGkraSfm+bFsgNrgisk+jTqe4ik7dMih4eijfHOljUluhocWqZCLSHeg3XxK/VVNYSNXCiQs+Oyivvfqg/eYfGQ6cFWMFFbU1ze28qhkEuWiTPyVejY8D3GKBBu0VAQ5OSGnLC93klCykbDppo6ijhuqWGnNjNGtZVPJBdMfLn9JXwU7v0smMdSVHf9ANL7yEVq2JrEk6eQl4t9aNico0NIfJHVmFEoG0mKElOyhmMpapab7dB8BfflinN0D2u1XyEMDXD6lnAYaZ99WLRlE0cTGbG3dctw2bHue0qey/b4TOxPnJAwjM3aoEciF+XrieaJgvh1f0n2qu4K8HHoh6T72aHxT5g4CQr6gTyQy1Olrop+w6ppWXBvocMKlorHav7F/eI0vJxmtvJWJHfPScQWFi6ti/nXtJgkjeu0sBPf+WiiwqrZryeBCU/BLlRy4+g52HNKNfRUMikLCTNYWih9rb3N7tebIl+F8t+lvPkUcYnWJZ++lAPqwwu8ub8eOJZIuHalDSRB592VjGk5ROm1aL7jy9GqBMIouR6q/2GNWOgH9raB/TM/kMKUNgNI9NaRw8gKUETca00P8dr13vFC4f/wAo+dDerv012BA2nme1zUSpL2yl/irxfXb0YzT5Dl+I+fAj/oZ8IiZ8fE9YPBMVNYQ2StGGEU+8PuRjMf5jMwZiZJWQGFGhLdw6QiJaDOY2ueFXMr0h3iUOtZPGq3sSFq2GAUqKT+kX/kU3XSKXP3PnPV/tLx7dn/jfMCQx4JoVYld/CvGiA+XhCo4HZKjnHduSs3nG8C2N1n86v7o1GybsXh/7P3LZ+u5x67Wg5qtTGXB7P8zVbv/qce5wU0NtsIDI94psepz08F6Wqu7YdzhTMsk/paBTesiQYdH5OQE6SSfxw0carBjGx/2NfV17w3drauL60pLyilgimqaqi4eLqOrSPvqtitvDxlIMvgA67PBjMVFttY2TYmuD7swK4t9t47H+80XgIdHhsaYmD3SHi77YJctFos0uOj7yYGmqiwukcB3vePnKFayw9qHxA+o4cRsvi5bqzds7fCxQj/4Axi/o90TbtY3Kkh4B7JaEpSq5FK53KbMaKxv7dPWwz+lVsunMLmhqUtYwNAfX5uvvp7pEuvHU6dS9JAby/tCHnf45m8SMMa/sSdF1yxyi4EAyya+t59tKhTHbPy9q0N8ZKfyn4TOXcX9I0JOSKldWX2Tm33a7SjmzaE2khrAPTfWqejjCn1KbRsdjDiNqHuk3gWDt+56Q0ZW3U7o9nFzZ+0pVBENgyeivMzi4IiwpNxWwO/pMGZjcINCzkxyra2F8AXiXglVTPJdvSbHvaVRbkqP4lxwXkF7uKge1SgHfuI1XqIrhwaRT0AwFUu+qYnIGNN2aP78SR7YBH9/9ElzqO9gt31pE4MutjZy1a5itft3EWWTXhn7qfhQgFibuC2UVLShHnMwXi1DNJBKCTXMCs88QnXXdfzPwi4GwDONW1DIFSRKH4+AMPlzdQsp5Yg1fNj0xhP9r4UfNV2FeTSd5JBZIuBnRldAxdNagBxK5JoI99rEyms8wugLs71EI6lBUb6PoXSReIXSjG6eCC8Jjfx29QWg+y+G+vQhbyc2bmXgJLJ9AVXf6PEiScklorEwotWLefiAn+vGWuu68WVUjIrVPqmxsHKA99R3LFHd9fGkJnZRwvO0TidgII10CtBf6RJ2xNxBsXhC5jgtYvVP+IMzSJzojX72srSlslaVP1Jvgo09a9BXfrPhoPdj8yYSE0T0/VGzQ6zAe9+7WTxBmByJjiFILJrJkqGvKfIin5mF45N+GiJUry+T7/nvh+7vXF7XwjxewZXgJEKC+/9aotxZHC++v9t7fQkCXkYL2jzt7V+EgqfBTfxJKfePX+Bo4l/25kN7JqQRWHjSuCcGSMzF+V4T/ZuTr88Mt/jvJsBMGzOi5nnBCjQD0inervDmVwI8QIEd4jfQGVkKfE+xV+lEOPAunb2Z2wM/AtEOxwWutFfogV+y/3d43wEe/zWgs9Z+Rw9o2e4MWCkFkF3msI+wbLDqDy5gsTLXqCc9dBMoaZ8M0CPOi/wgJEtNS6PFS1BZB42Xe8wJRdJF5xQyWmbEq8/PABp0OnyQXqwuKjOdvNsgfLjU8SL8IVgqY3vPTNg3KcH3ORck7HuS+6KrO9wNV9dZfSd5ponqDfVu0QnqDflgPJ/TQYCf9970egd8/4Hc5yaxw8flqQti1+717QItMCPnEt2o0D6OgcQlSDqVdqKPffu4naGL2SmeImuCr+cdnhUIeVuWBaVNv8xeetY2nmPg4wGhNcNCcZ34tgD5Qi5H8A2mXJwLhk3s8AIuxTIub2Jtj/URURK1YkozkuA3Y7ixsnLPu10MOx8vv4Qhgu6x7LMZJM1ensi2F01sE5tGhyHkKm/jIoLd09g5/e1sT06gZJLoRsIPm15CFhZRzUHJySyQksw/WA+IfRVrjdHdo9jvw9PTEfS9z3QdHFxcXKYh2vseHvlNTb00Oy6XkW22OM3V9cZBlV911+jYrFkqztwpR7n9lTTUrnYaRKyd7hqmOU/y9wSEQmkECsHvc+v5AvoHNYng4XYV45NJnqnRVHFs0w0vf2srKSEOHin9vTAM5y9VrsbhSLYVduZGoE82h2QLi/hausKBc/SqlgC362sJLLdP1k4PcQK54tlqUOfWAIQN/zS230AG+pjSyz+ifDHStMTaAp3qz/D4VAhp20vxvSEz+cF2ozgX6+P/Vujw9LZzDoZpgWbmxxeUN/5kv+1ce+HwyRFLNNhoEqr4xhoUzEQugXV2u5+1A52sGjNZXcVPsrHN0jGNY7h8UVW0BG4eLrYEy0Al3GC2SQIYZ7y/nKbu+tJ0cjqSI0SleH1hTX0fcgSkWBhc2lFWB/wxAoO2MUkXdX3zEVvj8FrNHvmK55J9soumie3vfvx1pE0FEkQ2efumDpOGkfo/yKW5jkufvSR95xhUEeuj0NugrX42VAxZwghaJUTKs7iB73uJPobXFxb3JPIv6EyDE0VQvK9uwXYLB8htQg93I7d7A4v3i7fe2xfDNZkxr7R23lOt1nThebefZhLFaSOIAH66myOTpXQz5NM++w+y8d5/pwzAp5/x+u4NOYw/51YwoXAnEy3cFaXKzVIm5P5/V0X+q7bGX1SgZilvOFpmOVqKcPIRDkaNl+vji3awvyU68nZ6BQ+KGQEjQFXKvK8Vnsjlv/tuMOdl/vsKfAsDADJ21Qvyd7wf9/NH+vNzoYtNNHimLsFMU2VV7nF1MEO0DU0nsJU6eYycBQzalpqgOj/xlJdV1mIXwg0i7DYgB44hZjxvbkYKuh2mLn8Ty22DU7HAgKbxV7PjRMOMQ9NTJ/otDvDNRH0/t537yGWL5EUJfhCj8OPl1LKf4POySCuS90luxZju7UZwKiE/6DBsWMBTsYeDO75+qJD1BOYYj618UYN6uEo/crtN4uvqgiIF8ZgT5BFDGDeyZ0KHGVuVIVy3p1DNWLF8jL2QNsYgp083gHC/JbBm8LAAx+YubFh1vmaMzRxaOSTrnHL7uT0buYhLq03fzVL2bb5BXcOL60LWhyoppSCq3J+D0Tigadj0JLzfARWbb4jZNLeylYGporrUzzGsUWV+SiqlkG1KI74OYkxg5KGq7KPs5muo6ra+0Hf9hGYRw/7/UPJWAW2wa7Ywxd2lBC1e3N1aKO6uhRZ3dyfFSoHibsVdgrsUt+DubsEl6OHbc878c/7Zc3Hei5CEXGY9S56Vt3FmVWwJCECgwCfka6yr62houNmRlfXzE0pVsHGQdnPHvL5Gt7AgUrMk0RHmYWr0RRfpHJnl5P17nI7EmBnJphX7ceSO3Hzs916XhTs9y/LeTyf40rgjuryRqpqWB/pqYmW58ysmzqiQeno6tqkgEtvcRXK1Yls4iWmNpbnbSlPgmMMZcUIJOkbFqlqB1h9wuOmwSHeQuPMB2sAJeQBlmsrRL6FHWG3K6pH9sD8DBx99zd39n/g/Cv8+VnSvH0fvUJkivXmoeDQK8NkFsXVAj6awNmCqpSlFr0OU9kjDtgdeHJndfXElKEiHV1/EaZwS+BUzTAakNz2ZvRPC6WOCBnPMzm3ZAS6PEoiRhszqJxA0SVyE5IDqtv40fQOygY30ZW8kabovuIndR3P6BmsqPRCUi7/O51JPsSbn2La7gPi+wzfgWgMxhMt4BEYxs/sgV/cmiKBeU7eg6Z6aeB9kqeiu+nKlmLHdWQCLVBlGKthXsBnKECeD4aPUARYpmtoHVVwx5e0TtVicW8H40fevb7wBkSw84wEEEdgdueHyHJlTN0p5fvoM8wx6WCT2zvVXQgAP3r/pWdHj3D6fUgpV89sPWa4TSRTSoiMKuQlsRROwmSSD0/zrlLji1BI5OFiu5BFr6cM5Qf/etmqPd3L/xy4THxH8v99+pRP7py93rD1dypjGyKQPERscGWYled/9LWJEAi8/dXH2cHGXpRL/jfZuygvaiwLs/Mr2dF20lL75zHfxIwZAjyqSou1JrSCT2ydlfA6rTS5EzD9HyuSGbbrexU+DFCv8DomVK1dbHjeL9l+ux9cDXueE9kVf9047/Z+SOwNuw8QCrueW9ysNJmxtia2PSc8kFRUV1JH6kf+GYIyOLnFKrPBxR9KWbw+OVohAUV0CzIDy61vqcw3dz+eYrpkMo6Ckl6RKp40F7i+OloRMditw7RrbCcVkXXCJhgyNxQr+pnau/aZ684zyTXUdYqH65ZaHtKx2xjLyftv8wiGTHOGpX3W+rm5xCvSkQnf3snI5Tk6Y3ezi2JV1lz/jMSDsRnG52GTCxSc7CDNW2MM1XpQTzK6JCLZ2paSk9SlMYPwyHilNc74aoTATMdS1YGOt4tLJaIAE9dSm/cooagduyzORFHdH9CdBcj+Mjo6uzNDUlNSAiqtrqxxcrUJ4hJUsbcks3wxyP1eDgNxlT1L/xmS6CFVqbU1FWU7+0zJTI6fLz4rx4lkyhzOSXTl8RlBefgNHVT6qvJ6BiVORRXK4i43lSdsQIbcenHBQWkMtSG4dL5wbU9nV2DWuo3l5KiKuxNU56hODZmDFuG0kfXyHI7NzAveiISAPQZhbgFQwrwJkAVPMo8PjHTl2iCef+Agrq2lnovR1kn6fzR86ttsRpDpF6mZjQUF6giHVFaFVtO/aUWvEEDs8m3Yw6XRyz+CdAKOfH4TZ9+fNWcr+oY4wpcT1gAbLRcXWjxnq6RaBD8rQCanuLRo6muFuT05QVjqqhyAN0GAth66dy6NT1tQ5x2Ku4LA1y88mNUKw3yzYYclbejkSh0p5lw1eitUsJtNIpdIHyMJ/bMm20m9g9GV0/J7ddXkIRiyTcKgBhoxQwJ6JYCvCm0jn3jvxx8JTRR5cDMHiCKPBh7WXi+EG6K7HrF5FrKnMEEX79EizHWPSYht284OJwz+0+F6ABNs5JM9FCutaqcO1lOFRcl5LrhdxRC8UHn4VC2ieIhfCHoDis9T7uP7M7CSmPXXFQ6DcfkkAoAUB8ZN47hoS/kGbeMcc3I7VigO2ACJyNJFVgEb5ley1f84Mtji8zf9zmaC6sAJhdk1UY31heUVQxnCxkOM2dBK0iDC7CowfGW3/cK0gT1/aXpTd1nRdXnMq+0nXaRG0VbtUFyaA8GW3OHcyeKs2ct3gYSNemc2wIy3dyMBAy/DrrIqKht/L1cjrfsDTxZ1D+1V25+N2wOMpxesjxVqz//HmLpOVFVak/cr40GilnsESj65JGfqndXZyscY1sZ8UpNmnxJTOIXQbly3GP6unRNh5OkeXFgicf1ze2L0Q3hlH1BjOT80vccl9XdJZ3VA9aBWC5XHRlrOItFIgjxheWtI+sP3WKuZV7MKE/jWKlkFVqAtWOP+MVAHbkps3QDp/kwww1xByTYZjlgnM1O/GLrn/8oCctLImxivSqqCjQ5bRhUM0b25FooFY5IDPx/7p5EDCqPWqqfoPji9nnqXaF0WSoLY3UbgMnhKS/ibMUtl8fzO7GXHIEm3s+5M9iHZNMeBpt1E7fcmHyPLX2ktNf5I9IEpXfXolBmACXgTC4cXH/9XsHz+BBdaO9uPMHwFCvVW46mb9akYZYkk8vy/SRF8/16ef+V/rOnm1d+NW+8TQoUSu9uLJxYsUNVE1Fn+P7k+hUjtafgjtP7eNlrS5Rsaso5Nnx5cVXEWpn7PykD43tbbRDrBYZ9dmqGl+RnKuH6FoaGmDiPNnKSyJ+ANnnXA5WlfXHFPaR3zUVGpB9AvbEYmAvHNx/+KZQ8XbqZ9LJI3T40b3D8M3Qq0GuXPGhusrNa1PWeILth5WUYRGDKVgS+gW8GDy4gosQB49oHZ8oLo14CYcwWyrtI7q52Lqa+0Ir2hobnt6AkxOLLteJn2ZGm75bAfjsYvR1zOUz4TvFmai6hi/FqhgUw0NZmYNkKbk5V+JNcUV3o34O2uePneEPTQjXLOydZ1+8hXUu40iVU/nmKlC6Q0/tyk5hfdrYUU0jA9GNEicO1YuIzZEDBdJiFpa1tSC0e8lrOIKbdVlWOPgqVbm4dfMBGYA/kUIBBpyDbV9/gUPnpjep4A72L9xOeh7gHrB+PH6IR6RdmvAVNQiqd1c5fa9OsP46Ym9vhd/LeZg4IAff2i59jI69S5gswB/HouQgfM7bwtCDObB/h+2mWjoObn/d12A7RXYc6xkawc5O3r/kcmGmdXO0hZipPN9c//gOe/+di3ihcNgfdBVy1/2m66imeH2DnpuQTs9X2ddhQu27ce6G6dRhfUNGX/Vw4F9Nt/LRaKztsduo/Xng38wlb7e/jy3TNH2upmsXSX2dDAdmZ3R6Qk9ytyqtahLtLveedq5xrX+raIzJUUDkkFbhjMxnUEOambJLYeg/4plv9esXCiuD50xz9Yxo2PhaAnjUFx9ljxi9EtvZdMcH2Xjcb3FynGSHyVj9mr2MEUUauXs7DG3jRzknqNMk8xn57vL56wwUS5/pw+kLuf21qCrUrGnmmwAtEiVpPseFTrGV62sJKPhE+ZODS8QODjSgOTT7xH6D64N9rtMXSZkJB5hrF3N42T0zS765EZWLrVc7iyVVE/v+KZ8wmqAeD9+WpB5UOxwN9yutiTzCEdTs02JQU/U3PyYtBmO3539rE1L1feERMoXf+M2C1kEAsY8Ddg5glpdD5e2y4NnExWpvtX8+dOR5+PpbB7b0R0/bLcBV+IA0Mu96u4ds+teQkyXWpcZ8XxqFXuu6GiWrvA4Q5mV/1Xxs9/8acvZ/JOsrt00vtM35KizE4rsD1PX5uuyz7ZodNHxXwOmvqNF0nq3L4JAbJXlNvb/6ErXLOMZY7eHHicPypNzRNjJH2oWkv1iV5iYzKzJMn88zxn0C8F6ZF9BY+3ihma17rOCLi76dz4UWY9PWwXXvzLgzj9LpauZ1LU+uTcqV/DpkkJUTgb3nIWE1/4JYDPRfaLpY2IRAalwZMp0XYLvBZy9e7oHZWEqZlKKLq6A1AeLUFpHlCwV6zpBBd4ig4rtCBolB8oMmSz8oQgTZZq9qP68oXy2JPZmYfPGZBndNP2vq3to3Xo29cDT3PEcbj1JznoDE2fP3pfBGr4ER2jeBgv1h/ppop/k9NTS9NOZ3SNvI6MaIVmc0cL0GG2gi5DU3f3oSmxasDND1CcYZ0NMXawI1rKV7TL0GhrysLiHqr/yDURveQnbK55Hn4Cbev3ku+By/4tt3F9K0vyf6Ca3DytBL7hrHgGMm3f2d/oAKn6mHJE/8Wr6j/6MYlDJTgHAsoieZvUZY9xaCp8ri/y3zPSNu/SM/xW0/NdmAPRf0ecgtrsturaGRny8ttY8OKI/TshHWr8lDFHa6UsihleIZuOZWGWx3dHnqHJwo2AL0jRX1nWO1HKripeyPMgZtfJr63OR2Otp5/P+WcBrWOPr/Nvzl73GAN/XvImqde/7uqbCyg4fT/z1ucXsRPX7DdWvPvPYyjkActprjFHXW+MjAKIWcXDq4o3sk7MPW2EAvpiiHnFq2jH53/hkd/cQQBlfLndzkGVPTw8gUlxXf3Vr0NW8f1w0qe0HIJs8/QOfO8ZNzCby1S9awbDaFq7gDx7XJnQR3E+wJulV2EwspLHe2sVq6X64FX5WQPk/dptEur9EoEuVv1o+GpjIa+xhn4FdLc912gfSfcJW4EQyWcrtiAc/lrIEzK2CORJitTmEZRH5pAprGK5XdZekXObPt4OHK98pTGDTMTXuPJbdQUQH31FMopoU5eQfWVndjHd4htbJZBRpitg0+z6zBrW1KayTEw+I2Jx8Vh4T9U4wUp9empmBE72dRBG+z0gXDLUwP4xk8rGttCZtnZkD0gV51LXwtDbV9m3y1Lm/QJQDjqWibKKyBFDVy8EYJhbkoh/bLihBNXlVLTVkPD8NFzdUtBdGWYLUjs9D4gilJS0u7ewoim8q4xXmDqUx8pZbkD5f5Atho9ArNXQvOJE+gWpadwEiC4h/UIJ2wJYu7rfo17cxlhhzcKnDuxi0Si9WzaQQcXP3l0eKzE7/Y39DiTIx/ORhHvpcl+sFop+wcLFNvdvSe4LHY4TJExTRA1tD2yrMR5defrmUCxQicgur5EX0xSrpNGF6HTLRfWOzc43fquHz+prrakUFg1ZX9gYTABEGfQThmWuBQtjR5PRwEduOnMTCct5UNeCLoc829TbMvFnXjulsaqnlalFfLVxQdxk7FHKn9BMFR4IMji+lydaqJXNB/O0vMp8dnIoxCJMpntiGhkhiaLvDsKXoxKm3M2K9JoyDSB0b/P0N36jKw/9Tvr8oSk5vDR88mG1mwgLuIEBHTAwrp5fu7PBkP4AqcE7gswNmjvrNVUl379tLUX2xSLeqzOdRTQGjQxLYg+Rji9wllNcZif/GXPCXZQiI4H+YK+Qd9/9hs+TXf7JLpZyiMCmOVT+JAoL6ENrEqAqyzPbndiD1rJtiajNCTO0lFznRWlOirtrcwnRYc/LtzlOfg+jDCajz6fn59bLz1ej1Yt3/zugl+XW7sRM6/XiW+Xi0lShvZBSQkKWtphaWlUaW2bVPoIURNfbLJPxLgZtmfYVhex78Jac1spAASEd9XVNtlVM2Z67+WnPOA1N5TGmDyGJPG4ku/AcCoX+sYn6tIsSkcqZrIfHcjA4QL//HPhx/r+JZghHIFWEEkJrQmvXYT5xxu1Es52gWMiAGCIlxS8EICam+P1pifZOKK0IrhKXdTOeYiqQlQeLLVKxnzBwIpDXfYjsmdgZvou87ZtDnbGyHegDJ9VVLBIcCSC3NBEpi3u7WSZ9yzzC+mbeGVXsV3BB7EcBZfp4H7/wd7bnxSW2EmPk9r46d0BeQrQI9IBasKtpvozpTRGLeXgxbjpvpV2bHJ3Rzb8jeqsK5fwjuKipQXW1yZo4n7uXASsv9o7WxNSwXn4QBHbP9dXRcKB1R95f9ZAE0Jh84PJCuV6IObhR/YzA1i5kwq+djFQVvgyvJKHmHTHMfgephuXRzyB2nM735njMqUxj4XgCAV76fzJeAmDyLt0zAcH5ls/Hne2q35Q20Rzpy5NhPAu9t7Pcdzr8/VStY28NMIyNvpaf5PVhPN9Ah4108Z2Ju7rDmdXAxgGkKCBPCj6A3kZZVpiznW3a+RHuj48ifR95LjFz+6C/tXl0geqkY3xdjdvwIyW1jpwyF4NNJJ84s/lukz7mOGr6U9YuZG7ox8w5O/H7dCws7o10MaUN7ti4IVKnOodzrIYC0nolo5U1ejybCIm276vO/tSrCJRx6K0HVfKQNzX7iATQQFCluqTLJ3HceaEoWZygIuAVrW85I3zEd7k2PoxcyPkSKwIiy5tfNHdgpKd+rlLg0wZm3jkBuEfIiHJ/43TOuw6g3PanwI5HyOKoRjkFY3YTvwyW7v3WoLJCgB8Vscdu/yHpQwkLAfi2vOyUqDLRNdtX714HaBxh9alUbl2FBSkYHM8jYbUSU9+6BG+mCF3We/vYzkOhMAIcAUEob2xZjHEbl7PyYrDtBUPqA2/vFCrZu7iZunEHFDO1jxacQWho+JCzFd5KpAo5L4tnM/j+zlEXYPfu8leVix5/z9KpUtt9RkXEZ7W59zOzyC9lGaHYW+l0FO9DkJeeYgkaKjl+6ShUlne/0rk+vUXJbVKU18HuienlD7/+wUwz6V6T5+RsMxv8JRncD/vkZVTtcLwbLaUgBgW4zlIBnIrS/f4A9vjh3cyX4D1tn8xMEaX/98bxnfa39fL8z43X1TOwl5tV3/6qK1bDd7woCvK7qfNy8QjMKcH85vn4UEPP1aP2Tf6Hq/Ul6GSZInEwCD6DvzWSd3k93gReff1lKZ6y/vwFeULgB3VZ21BTyavSBeJkjlrh+HIpHRRnLNoUk7iqO08RKGe6bDJHs7IoUfByM13X/8mCXZe4nXTuMi7qbhBFtaycvqbs7Ot2gQt20Nx5bmOS/dXJ0eYSZ2MDDLSWOoehxoxxtPCg5TBfJlHy4ekx6mKTCwvfYSIuYu1Ti8bebiaLYkDMzmZr3DdYuTBk4zG7+bg6RRYg+P1CFmlhtjOqHNNVSH6dNBZVLjXRWIQcDo1O8gkgcxaq2qma9IVWVK23p0OfEZe3K9ce3yTachngJW9GO5nY619vSX3kL2UQihtISKCazrrNU2ZvZXpqHjyx6JQLz7oWslKfIRexOSYfYyikyDXRM5PeInxQ7koqq7U4+HgghaSBaeMYZGMwaaNyi+8a5RF67ZAdc5ef8UrKoqnBgqtsj5rx5JLkj3yV0x/oT0JQoGpq5ukVufI6mIUgCLKq+M6tzw1T+wyP4uXIj9rNJFG08GreUhE3j4uZ0aqZc5hcHp+Yn1ahJVtUDz+8C8WOri0RoBaVpoQ2Va5Mq3CVzujd0RdN46FLRvrnF3d8742/PpyfYkjTnTp1DIkyniBTge4bE7xcowptWvqavHt4grJCvO3ESo0pvR5hUwzyyaAl5HqlUzpAoGMcMmQ9smSMNsOPptK1tbUSYceVDZUmt8Lnah1feAE1eeiOVPrJ17R086UiFwr2U8WI5QxRt9SvJMOt3y3BKXmV5OaihmQrTiEqduMunprkHU3lmi7/kR7chVGLjNrqb6r2s9xNHXp9fMTfy3zBA+5cSnpTTSnEa8l90VBF54jRppRmxB8SHWRMQ5dkJmX/2gE/qMH6clwL4zkhAMQTwZjbZq5wRsXjnn6AXL5hM6xzFcco/kziea+Kv399xT4kXHe3DAe8QjCbFbdpl4J6x4Cz/ajz7luKRsvHb5XQHlFJFoclmq9+AZMyA/0NLDhbOkuG/Lg/gL0dec85b8C7yQx4Kb5fvyP09dh8qfLAgYqNt7seQkCrW5707h2do5p3/69z6y3nRXcfTw149ie68w84OwYzpHuGKz3VxcfmlrrqNEmRaPrkyEX9WK4Fnpf35/mU1Y69flNk9F4nnq+701MIc189ukXEWbzUVLdXVBSCALCvFHnJgcwwodYAQZ1Jh5Ua4sfj5UU/H59NyB9X+3Sm3Q0khFQhtksqxtUOr0xe+2evIUDBhczgPcY5cOsEjBXjAyw0fjQvb2aTV1VbX8rBzr85yRQNSllZwo7+ZEyXx0l/IU7+/fIj29DIxKvRgGnuRiFc2v66FZ2xe7PQwTrBccQYalTurzUMlGX1MlN+xDovVBWeqVSDZhqAK+enLfV0j62dl9yhwbh/ZiT43FXwg7LSwtI6rXljje6jLv33ppU90GyMWUBYTvduVzv7qq2egaqD1vCZttNKSPDsTam15yMJQ+bjp/ZBZZ+CoDUfdZI9fWGDCLwIqrq7Lbfcpd8AWEmyurmGyOC3r+rIrdcZr1Lc1XMCYrmC3viRyQCY+P+cxik1ovyr3epCHRrBb/zn2F31SVQ1/cuVah+OhnMWrp4SQdVSfGQS56bvZ2TmNU+yngjPL0a+Zs1WNCD/CBKeeSte23r7Vs7wNyyufiti+u98H19Do6GT4J4tZ13ndwqud1x7r+/BBRA301+sX4L6X6NGoEnfj5Hry+/s6Fj+dbM2vG7Vf8N99VGbAkFKik/CBk97UUSuZ8vILcqRxz1CQMkEJoIQnf3j6lL5aMk1yipncbTl3hE4HcvsW+xMAyEr7oKo9T5R8CBvhG9QQCiCXVsYbTDCrVOFslYln4DYPGyCKBlb0W7pBuwnigiw/WzSQDWrCDn0IY1vaOnf3oqpUodM8cjMvGoLw6Pl5g6RtXEtc3cuoLV1CSSHhy0R3YdFtQU3dJ7AO0pVTx794Q6Qc3Lw/11A7sMN+XSb6SRVxtQgDKPfLZV8oPNrf384GZsXPCWxh/lUDZsS6E4ebgsW8C4NeLGAPQFVXbT9eaoKkYA/iER8KYAAcBOJFoeIkGbkJFtMWklFc13+ikd9o8d0bMrMrsvu8J0gAB/EWN/4148nWOeqHXNr2yl8mZHCjRn38JWAwnkr8tQS+MKarWIX8P4JQnilrVXHE8826vT6N+wQ8Xa37P4aJPR+ynb3sOlDsiLBUVDj4pOj+Tsoy0lnRUdExMpjSM1jy3IYA//z8aT9j3L/dxqQNWel4Zudr3XlZHRCIkRcSki4t1aMwI9zdSRT5WMxQWVzmcNiSnWX49aa8qbwhv62yoaa93aK6zKG8sgZNrDO0W70U0NKCyC6vgBnSIW/myMvPWbPU0YPLNnXXGHJEFmtuJs/fWSthgdaMtEQW5JzYl230LcZ4EI8LTcKSyik2iBosN5JufSTY2NDHP3WJCuSSX3xPSg+J4NlgXssdIpTRe5YNGpbal9H2wCw+foKrt4kvo2E7G69wRE6o2FXEeQXLrSdBkN1Ia4LoQYE3M8xwnYNp+qvvtNf3mEwFH3PXcrmbutyEHgeQ6B35p9TkB7qepQVCzHi+FPB0QleXrbBclgQf11/vtyp8dJWztMZV39djrK4bNr9Ck7X3GRSmhE3wRfT1FqemOIQ5eMRC8qb4PLcXQkJmDRldstm4TuXRN07ZJgVsIZuQl1yNb/jhBHjxP8ozeij8m/wuRhyWl72TtOeILH9FGfrraa05rD0cAweUi8Lxo1WUDAxIMql2E2cCsdTtLs9pluzWcsUL1/E+zqWQZi4KtDZxin5B7o+DiCuY1JVh8KYO54DTTrPAWeLW1S1BG4E2jRThBXpDuf6J3eZnqMzuMb1kjo8S2/HT2YZPLe2tbCLUFjH0DQJwQec1y0TKGZITAxd/a4Zs3Zrb3cPkK1UisPJtrt0y15BXFldJAOQVlSUkpIBDCYzySofg6QI5FmXmXtzBdmCevI1CjmTuIpFstxaDJkOdVBFb/lQ6sMYkH0vr6Bdph8wfFR+JSeOTQUuXIR5EZXYIBi2zUufiJkhQ4o3p8Pg5l+E4Q3A8i7nf0YZttFsmAkCTW7x6GebpJCg5wMkfI0SSgAP1bqo41JzuJRL0TMXs7PmJT8lirksM0gHkTNmeDzMucEEUJAfGOxSIYAs62eyxnDyLffHsBDAE+XzsXd1kyHvELIycWAFweBVazuzt+SH2wTkaxjUTvXgnO8ZDCAzAKseISLxoysJUsk78dLNsZUJk8eOUZ6AMTFT+BP0NaOrdfyaZ//WP/+5TDEZOd5nEv8LOkH8t9lCfXwscXt4cY6dk2xWkmYnvLCDgZq2ZjbX9dSjEpvHMI1eq+gd0M+KwoTLX59DLLaqdbPWgdnj8bVrKetnoSdnre6wzmD+UnVUaNPtXlddy8DUKi3WW1ps5Ro+mpFBqajUGZRLwsBRo3jQrjwDShJZaH3+OlKL9HJZntJFnzN7dSTZqvakucbGMclODaXSPsYPIYrlBMKJ/9e9EzLpXzlTX0u6QAe6dt2H9wsbiHa4INBCR5L+SD7AojE1V0wASx8nfZ7/p0pvrXPmRdBU4dfkRW+YsQYn8zUEbFsO8EZJH3HrFUifr02/1PAyzzfCoI/BBDUOazrR0l5esSW1KhvvTvD9G0qko06pb+pOqoYC5DutvUfL5td2wGbX0c26YCmpzDbo+cRwnK28ekW4/sGmQ8ndyq+p2Yn2FB8XONWZO+pLPm7rWWu/y/OQ0lll3QuLB2fLQv9QaNk2+6/cAvbM8EVbOryy3c7A8LKq0ZauABLIEtfGKCjRWj9JN6yw/OkeL0wpyV3A0zxDccvs7eUW119YKCMiOjnpfDg1kGz1tTXEnhdOPVnAupKQuvuGj7fku5udw1ilE3oJorus7ugR8Y2y8UXO9D2UScdJhK2NmPNPvkVnCiM9IHWOq6EoW7ox15kGSzSC2NSKy4OcTkU1kb6lCzh94Q2+6MnrtQzpX/tTSHqE2MUkrpkeXqdvQbIuQFdY0udmFZBw9Aq1v7CgEFTYzy/KJ38rDk0ypSq2AK83WPFKCMuHkBLKNspM4e/OR+QXSfl16ZGGFxemcLby6H3EbgoRa372JAVzuGlPrKtBtfUp041Vm1j5intzOn9vJmdS9HjN0NDEPUy6cQqFxbu43rm0F1mzz32ufYjC60UVNHsWQIpnI5o2Z1PqwROcskp+Hxbt7SNq4DiUU/qtiB8OGtlYiU4g4YKnIm7nIqmp5TRhG/77eB7bDkbTNxog/9CDmL9wkPHZ5e+6BVasvFeeMAAGfkN+HVra4qT2MZd9uLsRA9wAwDrIA8Jv2QTZqzgQv2ELekqbihSNQSurT64x4WMU49nmACsxz/Bw4lzacG2yR+N6vajSHNlTcGrlO3G+KuwhwAAJlxz7oFl8g82ywT7go34bXf914AyncpsPAv/d3eP+xZ6D//8Wf383smEziW6v/+uqp+WyWMWFxXtbc9y2G1A+lQq161Gz2BzeQawr82krcXO2dijqsNkx/cFkXN9TcTKOtC4+zWJ0BrK0PszPz7vIKW7zpZHbqm0NuorNi3yD7gqPgIj3xd+bNzPW39cSFJt022M8ARzPkxVaeDlbmBUJmQRp0SU0rET3ltqj8VKe4wM4h1ZNwboOS6D4hYe4mGj0hOxejSo9T+fpipxUwjZW/m01IfePfhTW8j+Am6F7lp3z/wqmGhwf6VtWDbtWVHk6f796xTdX+xS5HpzitYlaOfZKMJPo5gF5VaJgWnXTHkCaE7H0y35fj1rDviS4htIXsnm/y0w7lypSw2iWyKMly5ZFze+qB3Bo9Jl2/L87ScmVrGNEjjG1f3k2+TH+DurTYaoipHJBNQ1Y6+kN36R/BmXJzPRyFdLraayy20OCK7vvY2y4dE7lIKutzZ6n8SmOzb5wm3hurdUDSFlEClX3CtXZFXDnfGd3aawhv6DevvbUqS19efoJCE5daCkP7G2y0HV4PKzpFZUYOjqTsau8EfIduhA4DvO5MHOG8QRb4ijCRfrnBYzjbFtqCPgOJemEKVovbTJiYN4yZfulMpcV21pane6hmn0vkKFXlEh8M14LWtmDZeEKy0+lYA03enKny+gqGVJy7tmdidyErVwVm1equxelJZuu5maYhnDLNR9aypGEeJeUFCKr3U4QllVVNyw4qhkXMxNoa3s/88orVWR46c+fC3JqbN9R5rD8WQ3SnF+5pmq4uIkoK5yrtos/FK2lHWWI/lnEL2pj4ZA/tqWml6MVL+BarHlYY7z/h+oXWIa+sbH50oytiw5en2x7KHzslktnZkkgUwq7hf+44jx2CuHn2bkhgy9YjRmpbwE7QKPJ29m/AY3WTJDC4Pv6RyFky/iQlfcyCeR68UeC76cmQBb+sAcn4mdudRdSyP30t4On8h89Xq4ze9Q+fo5TYlLgQ8FsOH75PwSt7qOi0+Cs/KgAlJxYRUJJthJyjCAGX4FDGfcrGyKm/pVQ59ZT14d8deVfXQ6jEA5ZBjGL+DfMQgvhgyn+dCqNXfEH5znU4e8LfXx2GZaopcKPz00YMcd0S5r8nvLEuGADqf212Bj1d/qu/UltKOCXs54h/d+B00YyW7LAy1KPAxsxsN45tdcz8zg/Ix6lkf9bDzHoKca7fTglJig6aq3xBSlUWFX3VJ05chIEJhJGV/KQxNh239LJ5SLx1yR0kZbTucAwQ+ehtQWhzJHQEaH2QZv/rxWhn115c/nQR31bYMA552dS/o1hTDPClZxHaltVV3wfzuwc1VdeM4o+rNdKj/OKZ6yY0GtoiG75WaudytXSs9ayVaAcO4RBp8bhh5M4vPOIj+nw3j66np1HVGiiSxRgTGbE50exX+uLmYnF2D36fVdvWt4Iz+d5HSDjE4CzOikwuL4yN67fVSR9P9NTB8pK27ZUmVYibnXxdB7XATLOuATRavKIG/uYWeUFuBjN35Q8ntFv9qq5ir3KTh1D5T62tM2YX0/aeFofnMH50MKDH3j5Sii58I4+ENPOr3iosxfi6KP/dZnNkPL/z2YbnDcj9XODJUeR0eqITIXv/nP/N3iWMxebUoBn6HfDsveBHL62I6hh8NVKbTHjOrwNZ5Jd5JEgt7zhKcnG5kKQLUfce1EwOtSz1Y4ndX4Nc3gykl4Mnuk11y9VPxo6nW8YmUv+k0P649m6T6o2IBM4CBF+PjTUaZzyd9xUd8Yh6DghGuj4TOQYmuDIJ8jbpPrCHhNLVbIIalmPXY6tHD3MZwVNnlWuIQhXROb1kOPKznri7KiVoUtGFKKD9zntr51B24Who56LXxD5/tE/AHVaL5l3UMamRfoOZfnSc2VCDLZNORAJDLNUXtVGa9+K4MLEueqYn34kWMlzGBfYzXPpZqXpP+1SY3tOYZT+6NLv6PZQoK95c315fXwcyzc6pr48/tsd60sVXaR613uxtZz7TiwbQAOTp1b2Eg7zz8q52SkAm21yczXv+2uv1x42PD9KsRocHEGJPsJDr3ggaXC8e03vYrB5A+ldKLk9r4BiF7Bd1hDc7W92Cg7VMFh6kTqfcsyXfHV94qcneRaTkHewUxoeO2PQ0OZY5IINwoNOiU2wfxLHRXNtnnls7veKntuibwmJXiMZzrtoxBd8IM4HAiiRizMhOP2VkB2m03T5tV3Mpqm5OrOKLjLIDszqcBlNbAgNfqAXOszxcZjOrQIkV3NmFLShxZTxdGsY0nMtibOIUhw5C4N0xQ8lA+/kg/0qYzI/Ut1dahS1ol6+KgZj7HtGC4AAHMYoSmGdSpIcuf3s0cPiBr463KK5+E4FNMXrwwWS0DMJfAps+krJg4dmcvC/Y95pY/22NiD3oQcgg3tv1dsT/swZ+WfX6afMLUbQC8xhrudHpgYDT0RRJwMPGjVjbuphwGP1VqsGuYFDnJ3z0aObcGtKYzhwVHxmNoSfOzb1VpDO/eyh4gdSoXILFHrukh5Y7hG1uggWn2vN2CdHGDijQ2XZhbBwnaeECv7V8B7nDxPw2x3eO378Yqc1m0H5zWOKSnd3u3urzgxYs4Escz/VRtfWCu2+FMZOaK5af04N7H7lAk5BN+dvOEMaVzU50ZdCFF7d8+Wc8Yi55G8yAmSMUq1El9GjrBuiisNc8cBID14NAXl83Ty6RsGKRbV4QowGMGz2OayVRwqhsztu8Ragcx8KrwLrhhJ/bjXMjJR8kOYszGBwqZHDeNxwyRh+rIFF5l7IaYeokpLlQWF3AXWlQWvMRo9KM9HS0Tx/tPWfixw8q9yluiBF0Bv0qa6/31/XpWOZE1RSkYtBpow73469V9O/PyDIetk5m8YpYfd2gvADpTs+btYOd2pHknQhXOOqreYebIATlXDAcNYh6+0rbYeWMIg3SJiZDyc4NGFm4H/1L81PKLPLLzxLZmZiAa9CxtsPtDWZ2q6OfsevDNl7RvrYjNR6ayDOei/zxRodB7rAtliW6fR5P19bH7tEajUQFImYTGYi4rW2LZouQevkxS+VkCdQNt5dCVjXlyZg5b0Y3lF7lzP/+kMZ6kUgJsSfVoCaVjaeaRKN9qKP+0dPRdesu4AnUu/2G5k4HR2b9Yik8qJ5JZwu0uuaZhnDEyes7VYSoIG9UH84nEysvO2/zzaWbZeo8dbVUb9/vhBy53YGR2oIq8jamiFgrGuXgiB29vw6sGo3cUq2fbRBrmoGERdndBECMXxZyxrKIZfqFvMGJrU+qb3jT+rrsrbPunzCY1E1jHoYlTNmUb7DucCI8lNxoMzZg3CPDiUXnABH56ADxlkBp7ocv/Ox7bGvFZWQVLCsX1e7s0vkGuAp7c0Y3R0nug/3SiYoZD8ySiQpTpmUkK/NhDGxJ4Pgs4FX93cPii4RbjsenLCZxi8gxaljXwhY/nUClJA/sd4Ca7M4vgdGEHm//o2jIxpKfYMPNwXlsZhFvJDvoPe2tgZcPU4OvCZG7dVwkqwqmhL1WRxLUCobl/jcL+3WzHBgMuH8Own9WYzpfkEKIDGVyIhxpyBEnRN0qt9tjJlb82GdnxYQ4Q3T/gpEGJuFMysqODaI+0iQsI3Cmy3yT2E5tbEGs8ri1Gf1aPzmyUwZV49K2TSjNjHchKTajks5XJ171ywPxQW5jDwxqDHg4uIR4eURE+AKu7O/O/47Opt9FB7zsrq45IRrJbheTdrxhWGob6pr1zSnqi+lIiHXZ1AmOjR1VFIHi9+n7n6r4AEXT8ukm+WN8bO4sOXMUbvOiyc1t1AT0BngF3/2XDWCQLPg3w6hGoaTN9YHdO1T5BqW9qo33uIkY3K5J4vztER8uC5PDndvpU8q9qL5E0peAQmb3AmfTL/uGDy87uFIi9xu7ZSzYTZz6pqCFMuY7yDPGSxeHs0x8LURa4VeWuINDIL49LZm8aeM8QjaDY0D6lwlW43X/13vlr1C718GEEYpTkizfw911gyZnpKi8jtv+ZZo08N7PSjv2IhUbT05lysl0u5dZnq0eTsz6wMODppjPFd/ZJQFRYX04RIST8FR2fkBhXsHnKawA75cVs1gV1iQrK4V/Ckb3mZ1knZ67mPHUCFwGnYsiXGE1AhJ08jDAgjLuaAzYMHqwzE5oIk+tSuEnlgo/r800yRLtwwqIuIKD08c685rPfBytf3GGFd3PWin8Ub8m9ZIgxnM3ZJuiuaFH29a2ZGRtDHHtR2fyW1UvsBkeU/4mjnDNVVv3u9+J6CVTtS43fp9Jy623Qh7A/F4WuLvaPO/xaH9WMY4UzyVP2BrTTag4xlpljOwHxDOJvwLmFbtRyRdylrm68xp9MolI1Eun/w0vDd6L5LFuB9KrFTnf2NZY1UJ5EC0o4yp4KLRJYr6XODMk3YVMIUbyZVUGEnep/+Wi/Vc6c5st/FGjcapgTM2kqqmZZCQJ7oKZ33xYn7LDkjeF4cBOtKD73VKQ5xrFSGL6I4tH85JcQwNCXJmDGN9gERJ1NqD/cBhTpnTFlt7QilL9A2iXz6OL82j5cWLvi9b1J/dPpWNkvyUwr91r5pg1SMJholLAUDmQ5kHLdRTc8w2nHpp8UoM4ZtlETiaDHUVNdm+IFH8nwTBPLDxI/8UV7m/ykmQww/jEnL+o74OGn5KGvpdUoFSbRX4LV1ynR05Zg6M8kBfp5554Lou4EBUttkf+r4QAKXjL/2fmc8caRY9mUxzf7Gjxfp1mq1xt43swtiSvVyBP7eH0FAwZp5/3NgNghRTkuMx+L3Ajlm71bvVAkXdDAumBjErdS9FFpSnRRA3Fp+/VQGpnhIwKHj4DbOsnPdP8chW5ZY1nPYllZB4Qwxb/47n2LDRth8xOVxtvJz/7RH72hvBulwvu1HGAZjoVTWEcHfg80dyCX56o1JFb1Mhqi+mXbYSW3cXljmDBUInHvSoTiYc3Iv2+tnQhEeTm1y9lFoyYifVmMU/I1hhWTPbXz/Gz3vNbjBFMMwvCKM1zKElj8e9l0FGMrF3D0IzrpSwUzC4jZzGj/w4mpuXrEenbqqTDCafqVt5JckZ5+pNw/3AGrZKBmv/gh3qakzd+2sKMYVsLYBcN0SNJ/foBHIJmiapfXOCSiJ6FWjeg+r5+Laio+qvf9oRHy8Mn4DhOkKbf9VCqG9XxTuqIMXmjGI9A5LsRE2cC53rFgnqcwfKC2Sgo7UmF/ioR60pKpmFqqi7klCwzS1dHR3KCrZxT9ylGVPRiMWKas5mOdORBYsgkO+vlkKmq42Y+BrJCYuycz11Y7OD4cxg7reJTycrJJY0p6sjgwh+Nb/hD18I1zv4IHm/0K+egecT8IjN8hMpQZ565uDjLR6V61EzVhzSgTOeS6Fugy+AAXDDsDjEzoDI0dvpS9bpZERthBRvy0hgTnV5eGaacJUPgjZrJx9H+i77GZCh4gALtCxdlToCjaUuRg6unbdLwBtpfxoruysnlv5wsysW/B93M0z1srQ+3ZscXEZiV8wtBtJKMWNLGcYewhMqVPC17SXPzvAclBqskCodjWTqlGUx2Qe6UcWPJjfL1IvknToXg8zAuQmn29yOBZvS1u0tzvRXP9IefKxqumlZWJjQbcaHW/Jrh+ZGpl1puj7Lc6hH5I4itRnbO0D+6DjQmd33iyvzq0abyNb60quUFTFEGfq3gBRbeO8xHMFttNhb8wakE7PXcJ0A4CgbrqANEWDvwRQupxU7MofHU4rea33FXkD+jOJAS1rV0QXyKMCd7zp/VjvYny5lAmkMgJSy3TBOYn0r8n89qDe1L3HKFC+kK2Qo3yotSCHw5sbBoCy6ekB4Wo8DJwRoAWO82w9ZxLdVmL3/Jab/gRH4q/XeNUSE0/Jxvxm8n5/9b1c+/5pz/QQsrSqLfrzHhSiHJBBaNrwr6HK6dVg51O3HHss7r530vIPu7Jff+9FvN1DBuqQXhhZFh+5vA84uN0zhWIwYCXBbwKrCJf35hlrBAOz79UNBdX6t0RiFhp7LIXHkwCo0cUMo4aXI56944aJafV/J1ehmOeiwjQXdcR8EnrFfId9YcNx7fUQCcOJWJVXD7wJXI8etbyLpa4lp4ZX5zlr6OplS2xy4dRbSAkTZfh5ADMnW/UnNCcWdHYVtaA+o8LGFBSiSpOgdkGWmpRq2LAuBFntqfBTglwYk8R9ekhKBx+JG9oV/jxv1HitWSetGSDs5fVjdJDyYXg61BMePak57DMoVZDLZDN6ykEfvnf/vUqJt8ba1D+tTl8M1xFX/0cyBz40Tl5bgk4iZGMfFulWwJcNeXBSztYbbAxV4lC/k/t4oFh7B8OxeBM6l62rszlpUwcdER7j1CZ8kdEo5N6o696hOMWGHvrOsI/jDGshUqpfomPCkydWAwhCPGiD7WIwopF8N4PbabiN13T5jvT8Z6sqYNAqcp2p/KWg0lNkojDnezOi7GH4GWzF/yXPpwCTCVzTykumur1k/ISb8MzfR/ue7ft2B9b0ceOX2G0u+yK9Wi4gLNS8EYRkxdnFy8goRlq+nCnqv11vgypKH9UN/4ap7u449ytUQSIMlSaTyHMiAmVMC1tCB8sTOKm05fLxi87KMcl1q6uGdRTbsBwW8J7Eu0usasJheUz5DR1tAjcQdiZmGihxcN15haEUvo6VLnOWlQJdJrpj1tKnDr1vIH5/gd278yJtUqmUaYeieOY3qLBzDOn8NPrRnTkbIFhY4k/ypiKlgibxreQx3gKtDoQM1C4O7aYopqP7rNsy1IZZzr5tAtDomD6jToraxU2Yqwztw91QTTZygmN+BBQ/ni0IrkIDJLeBMPcVDjQnyWGVxjC+vl1AdMfqoodyHNVVgrr4ndVQ2rosQqTZO/vEpJgDC0zxalLF4tSysVdqciTOLAl/29M4SD08u9uW/vAKrZy7DcnjF27wDwzBuUyvMuOoH2NuCKuAkkL70XqHggpnk2ORYaeM2UjNQwglFto/lUkLrlavNyIvzhJDzxU1Z9didhpvzE2PyRC1OSMQ4q+N+lqK9E/xMDVqp7SoZaOmN6nLq/Eu07GLW9GDuSioi2BhXJKUa/1y8ucsKnCvlS6fL+5FMr24UxstvVWrVQyl3fsJxE194EQlw6RCb1rxZLhUv5WsIa+ZQ+UC3KLmrwb9x726x764HT6OU7bXYSEtOHITY2ciGnhlaHDJapQP0qHP6rsh1a0szBhCFXiGWDlWMfaS6pYfHuRwWQ5ZSgpS4cxBFToaweOm/lG6pSwOu1N/mjZpGgZtjU/V7GFbLCSUhKlsWQypryOVd7btBEnenOu98bySLFoG9UGDPSAqfkc8UkU0J6olSMpMnA9Bf8aNJR0hEebsLOseQEazJEaR27Wy8qqIYV/W8GYH3FdyvXQnwDJRPZZA78xPEhvMMuYV7lYBkiZTZbWxV4gxpVCxQO+KVHuGmTaTTWAE9f8wtpscebxch5Iq155cz26+3s1z0QG6u//4PaOrhu7YQYoJ+S1Rt8jZVnKjf995oznjozzbB9dtGj08LU01aJZnbz/FeBZvDQEagZaBB0GemSbOT3zFZmI5nOZdzgZRRwVcX2+tTIXTh4GFGJl5Jc6e5/uSiAaihOc5VqCwVE52osl7heDE0nV640nV1Kv80iH4pMY8c+QRCepINTkFL8KpMmsXcY3drTlU/RhNEhhEKTxNY2y4B5mp7LjDQrVE/ntG39cU8/4PSITKd/g/VNlE4vGGIh1iP6MOuG/0VjdVCwcdySPal3A4RL2ucEz0+XWo0JYDfNcrm854xyqEFKADC9/5hgiYDLEklv1KeGDygb39E6PNl98BfsjKBm93mgR8aH4KYN7gx7Ut1sMb5Dd/TcOvQFGQTsYJgn6L3pccy+yyxxziRGadw+RyokcnhJG2cGt6SH2zydBvQ4xjm0m0zbAmJZIr/JcrGkMnuxj3wUtGhjGjWa2C1NUIZYh+aeblfaBJYwl0SZDgDLzPc+77a6VAY+7FWoY1yi+Z+6RGb7gHi42feybWBx0gP3qUSt1YOk+Od6uPbmK+yhRjTwBD84LFK8cWZfzQ8pX2XVuxImqnjCWITS7p1g3LIk7nDj1FzOJ6EUO0oUU16cx8X08kZggrtU237D8y9ksPSJhU8d/Bv/TSxNhK882WIuTlRwzME9Qim/SOfDd+h0OOXk/ifD/V8ylOR/AuH4N2T8SlNMiZaFyStoc7pI75VrRyhbI3MVqHwN39I4nFRYYhC3TAHye2rnaWdmt/uCIJ3Pxr0A/yFnNpnNQcxp4Jg5FWFC6wGXAMhENStIo0eSSK3bhU1gPb0z2tPDqcSgGn+wEqOcIeqTCydtbK8CfeM/7izZ/Y+8B8FDIW6kIRPxqW7R4cOkgGx645LP6KkOaKY9h4ogIbppAYxo9lSW7RHFF8tYWo0J1u1DYWLt/I2IRE/UyKF4mYSH2KFmM3TZUm6n+58Fmj0b5yuIQdN87KCfuWqWVNHiFY2IX1AjhzdwBhV0qLRLG3w+C+SuKHwb8sSVoNSqbfou5bNA9NGzF7pICxvUQ/TzRq1Zt8BJJRW3iC+Xw9O2MkUoZTbF99h0E/z3KFFfQrhkdksJLTFJfv6sfHNIL/50FSuG4vEE3TvTd6+sTOz15nj1OS/g8R7UXHBT0U6vI7w9/tzdpwnLvxvpFg9KcaNCWrH0Tw2krvZBsthLOjfINXdKpNFePulI0bFv8QrYCBODns5GswpHNLdIPa2SBHhtx5z9tvIFLsJlvSlAyEzqSNHE19PDTFIyozT9BZjDNr5f3ap8MraxBiMbP5X9vZy8onJ4BHw3aWL73519tnAPDjs7IoHuljko/Unq5kXNt85S6SNgyMyq1silIM5u9izYHmt8EQzR0+mzN2jzzguwJG39NE54ZByoZmLmZAZCO6b8XBLUHTuiMRcbUWDDR7HSwQcfjcdleY5Mk4btC5+FXN/07jabbc54zkqSUbkAdCVpDZAf3QpSnleN5G8U+/TnItUgdYwgieGXa4NkSf1H7lvHtoxhnhtzsabIVbIrRC61AoRfJbzkCH+soibt3RBWgnSYDRVMR1506JKqTG30mx94+QuH04NMu48iEeMKjEtJ5bRx+8wrb9nVF+Xx9XYzQDfPCnZYNIariprucbt2vyWtynYFKeqWRS6+48EbJDKckJK+stY80W2JU5ji4eRwzZp7uTROLZTYndpBhG1PRGE/kVqCr1ZmGu+OhITqT+1+W/AcqPmh5bNI7DONuR5afaURp8bk/i4WBroxrozmB8t0ffwjSn1RRBJ+dyI787tNJtCe6IeowQtUH/6gF7NOQIU/oegWxKMhhUgNW8eiUR0WWXmujtRS8Eni3159ccarEhga9Hag67TiE2Njfmc2M9Y306/3BJGnSmB/953Nl9siDUYCK2B/jckApjICwL/z1ScAixOu6TB2/O2cicC9R4k2jrsli8kgF8rx+7mCWV66ClRY7rg9Vxdr5YW55A8Ts54IdQ1GwcoWfQwgmBgPtR2Pbe19fQ7+j1uuhrBQ2VocrVGYVABNnM8VWbHKSkbEGQa7coqM8dkfZ6DfzUrmauSMUTWlKsbsXKFntzHtAU/MIQXsgrjW6jLf0K1IIwyuIsTazc5NdTgj+5KnBD6jAvXtLuR4kpxmjjgB66tCnBztgzvhRfva62K30LFxUUJl0egehdGKb8jM9UMSu0OqllRpg3p9IHg5pKwPSDglhsw1QwQfHWmkOlZgtWi1lru8mbOaZsmSi22pQkKYJmXxpQiNBHnb2QV5OkOLlEZZOZo5C+b6t4a9H/odPDDHc6r94LiSq9akx6q4mn9i4DqY48RQX8wNPeVG7CJwh9CCjc9PCnjSFLbZBagUOtK61VFM6TpmkPsZNHhhI6Qt5JK1ZOQqenflGbkxqTSRQ4MurPOyRxOMjt7rdLHTWjfy6VFOIxgZNn+ra34IHZj42rbGJ+z14jww0unphtN+AU1FI/PwVuTtNLBrXppECKZmn48g/X0owJxiUFr3NlhmtqQGMl/qMeiy6LAZFcy14eHrP99XUTwf3ZdEknZsfb3bmPC/WAobUJrS/R6rMV/7e3++vyjp5QFygZdtRJquI1U1iRiq8p551fbKB3YIg/NqDfih+sogtmcTw0cCpWLokwnaIqxuoU6nf+txclVHCe8C1ZBwVk9c2ahgXuRYfJzVCtIzdXaAE8TD4cXKDriweLMBYutoczkLEi9/D8iEHqkNFJRlFo0bdLhfde8eGzZCMP2vhxYhHUOxEbSOGSmf4g+psmSYEgBgfkHkWMaucq6uFzQavYpJswYkBvRcvhQ5c5t4UFnxlwwNK+dHPG/QAJEcUHn7EBV5ATt3xrIOkSzrh9rxDioPQKKM7k2rwMUHSsONNDQDa1w5Equ00h+DPHmzbBYnoGOZrgWxJbxoUasazYeR+7YvP0R+X/ehXXym1lySJWyc3l21dRMzXP0yY/HXX+rtwc3+cBypSEa5fBeP73szy2/PjsVxFwRLbMd1BTchI5uIkXCY1RUf9GB+8M3p8z4C+vL6yipCydlJoHo+JbdMQQ3Qc+I0GNy35J7bkvhRTHEkiJWatlifoCTbGvyl+rKiAS4KGSyTtTTR/BB093QdnhBgvzwRDhPlOWG3TRybtXzagHv6S1svYlb86454I4/lX39e6JVR2YTxzvQFpqOvVGAowb+9RQNydYaXU4B6GCHx22rHlBcFoF1l+Cw2udThh7sz/RLkf/Da/R+MvRk+E1kXQyYUGt68sdDwE4tpfAJWqiHEGAyjXf9snv/anHQeq8T++u3Dfbj5Mwsst6UruWMTErolG3lG8O2bzieOuF88bQ1EIHUvjJVdyg6Gxiq/CX/OoUZkcNhZcF03yxJJyC8BX+n/fWVAtxhD28Fn0sSCmhYFiMrZwgoRkb0ia3n8ImpQz3BiGnNWfjeOeQSPXnoyi+rwddJ0siDkRknw2SuRg3n6wXDzJ30N8fgpfalyWwmd0XFcqq+3hY7JRRnLVxATN2e767P5XarLfKWbK0vlhsPq6etJZGTv9pVrgym54vs0A52euI+2F107wkk9dLU/jjXeoSrSu9T5huBN/AY2TCbiD54aywqn6lpdE5Oqtorl8T5A1fKGN1QPMmkAAShAivSvByfkKbrieFak9eOVfM184eWTESHE+Fo0HL8Zgn0M86ZBNp6cMZJ4TpKCNVNy+4w1kqwRH75dzpoWJvwvyt4yKs5uWdcO7u4SIEAaDwQPbsGdxjW4u2uaDgGCB5fG3d3d3d2Du7sestb69v7GOe8+Y5z5t0f/ekZVXfesu2p2/gZ9WRBhivqkp2vmTxYn1BVNOG5VXbCgSiw6Kcgtk4vMhZhigopXE5SmnSHLjPlDOplXp/zRkdNOLff6F1CtiG1akNWhzS1yeL358c/5BN10Xt5oy9WUvsttRGrbssPDMsc0ZTiVor/c3cHFcQDe0yCPLgVX5rkssbpABMAFQ15lwZFYArRqALqmvbZNZrZwFp83XDn0e9mbK2vDCSbw9JLwu+tKa3u+kWCME8up3LuWj5IUpa704PuqMHa30iSqwejz7ZtoRjks1QKw1LbSC0E8z+81z03MsWR1A5vB+UVSOoPDCIk9cfHu5rFvTLcRKygXXIFK2P6Hgd0TIbU7Rb8ztcn+embu9e6NzyEJibzX2/cYEWl3B5PXVu8hbb7XGGZtjeKZFwmkBTo2Rpeq0MF61GwXYos9qpNXpPghZjaR9bg/NayuvrNwX5igmnwLeEugvvgKwVTlZgSzHTXGjfmb8oIJwkb2DOyuftwIvbx852+g9CaNCZnqvenqmA9v8sJm00U2WRZEWhVncSRJGPXeiILA6ukPqjtpvGDSsOpkzoiIDwLdE+rvkuMtrlvWmWP3jBNkMy1o52LCMa7oHptIYIEqLE/SGipBarRkBRQ2E0fU95upFx0c6qQ1EWwGayrVOOGNHrsti3FJ1XZpV8cZtZEdS6fbt1gGgn0BBsNZOy++RnYY2R9FT6uLzTFZYDaEwNUmeyIuDOpwdfMDarXCk3hn6yNADxKHdG1iZwsSWId0LCieyJKa93txzykl91PXrpiPC+/LfKPLZszsPHG2yuGfl+s3rs3e75nJCNcxCFEdVFEh9/r5zIDe2WAQvI/CzhR43ODwyySTnBFaV/+nIcw1zRc56DcOYWZkqlZ4RYN2fhUSpNR+gwr4t4M8PjbJGbvEkYy1CH/2pi4Cy3hcjzS0TWz1r3Vk7so5nxlfm9+hnWQKrAeNyfGnt4SawZkb1xzfYEERFx9LBpgaS72VZ5fnrTTMdIy17aB3z0dGIv9OTgrPf9UBtgZphnRZbb1X347tMonFwphj0yIuNr0NsNT/A7Cimz6Eq9o/rzzn4i0HAHY5i0/Y42h18iT5JqSzy4tcAOAGXYlsSi6EmtF6qhgcWjnqWkm7S9nMuCYviU+6x3x+5zvzWxv3MnWfdJuafuWUu1/8Oe8J4ToZ+WRQQa122h8qa6Xbjlm2cmwWgqYcFsjE+uXJo4ohp04iW2tuEN4LqS/mUJcVomJysdgiFTwIiExkPHnT5SJMG+PclmZz4/PT2GCqj0qwMgzUAO1SLs8C589hHzzGuTj4mzjBnTfoo6hyjFayAiEM4iZDwc6fuScbpBNnR9cLTOM4y8VKF7c0885gHbNW8TGH5FhzpBinllI+vGEYYHpPB/bX987ISEJWUql0TgRu7CydXRje3M+BHcoeykwKxXz32z1eGD8FuF8WKInd6opO2/zOojEifG5eJNLCQrPs3XshXjAhDO7L8EV+hHC1eGOYn0qVALv2QxoPV53wAXCmOyCDM+tyvmiqTNbGrMTF55eB07YrBsoAn+2DEfLXu3i71ntOeNEde1x4cJ8txuG1bR0XHvIOQuDu600H3Vm5QY2axPifcOpKkyidx7dQ31W3x85ZPTr7+tvDj9uo+sHW9eb5oaauPRdpy7OIzbgWgR0+T8cEmC9nCbnXktjF8Hu6ZB71DdDS8dhU8Lt/Jn9xvO6FYERAmh2KrJDkgIe62AGab4HfwzPMY+SbyMJa8aOnyhnAHF2UkCC8OcB3hqWQHVtQ/GL/CZeh0Fm+PIdTffog9Ltsxiy8+M7RCSEhReSeJl9Ox4a6+VF6H45k31SNtUPTrDd2eLwLgLw+fnYPTexC3s6fSvEtAfAlZnF5tVcuQCcuGqDQOG6PrGzs2DLqB2eH7EtTtTXE03NtBnhm1u8H7zCuJlBFogMYMoB41AnFX7oWwMQDI2aX1auXc8H4lhNPptTqEVucGJOFBaiTF6mX6/ho2U+XIFdU4uT1hFJrEyvegDK4vd6TrNp3PkDP1fud+pZX98M/XSUtz285wen2w57Fm1yoEZf5XjqtfePk4pS3LTRXizwjXlG74pqu7ZKujX7FuSFUR5wDMfagUVq0RRnPkD0uh/HR+H6TY7lqPBOdT5o/ZiL2XcBaUHAOJC6/ZBRpOc6ExqNnsTBc4SgDDo/TQnfOnndM74KzKjdH2mZCgGa/W7UXLyo1X3lf1mTIEammkD//6YlUEggOHlEsRMeWt+ss8/wHF1Vr1ZM23B5VEiu3DcEP8Rhzsd+2RZM2YKLIYYBwRNem+S2FUbiso5inaC85fnrUuSLCj3+pEEahukOiOoWlgOg0Ula33Z2d1lsOier1LiooA2pHPu8vjvFdFLN2j1cLSGl46RHjsyEYySOB5Mia7xJgC2afit/5ZPdeYkE9lJP4bBFFFURavGa883Fvr4K+qkri+M+2v35yXD3nP6xR/Zgy8UjVDBAwAQ98Hr4FKkgz8zqR36J1MhTApqpGI8qor9GHMTrsd3evSa9NN+epCQ1ZJXOEnVRuET1FHRrxVajOZIcz8UxbgKwzhGKHrZ6cMxtVZOFUZeE46ae2vSwUoJiNrT0dbEAqgk34okL0smRi8aO6v/dU8TT9FAfg76jb47Ax+IjSgoY7t6zkwjUYp9jnRejBCBIbFiO+tZKi32QGGJEgeZH5JTqJvr5hzf5Gb/XeFP+8SgYWW5SVo621Unwz2Bk5TDSznHYmXBW1pM7P0yIA1pb+N1FgXhydzgIokwmrcLgIdoc4qqTuvjiVUCZfZ8nA8DyUDtfTIZYijoQW9YN+trMHVYE1HDiLtaHSvtmgGj4ICBIyhUYJMeHUBYVOEKEArPAVlG3QWWAtwzUeDdxvpqL1dRt9d7sHmL3IUJ9ub/Ufehja7les7G6uI7o3709OoiYm4PBVwjXNlDVYUzurf5kxfUebaOQ0N2RVkd/MN91F4oY2c4i1dvpqU2rPqKsjvtn22hXf15sX4Xdx/3rt53caPdYKzLdGjl05HAvoVAXIbGLEQkplWatcysye5oMvDbyOTyQZNS/gf3+yQ232D+dtgQ9Rp5jQgnwol2xhGr83OJIoaw7PQ5rtJ42aPIrAU76nBzMckROrHw6/5zp9uVAv8706z5srXfO8bYkY9XPZPr4Nz8AvNyBJhMZTLzZDYhcpEGbkAvF/c8Tji5q1xnCAtWzVQBCB8tOQRrlDdH4Q0czjyuDwFOJNLQX14lraOOJTRe6h4QsSwgu4PKqomYnlVvpbdWDpIMrjFCQJJsyQtHhG86YW4w8ukfmJZNRi0umg3/FWuXdk0XGoJbMBV7wJpXBlalokG48wzFi3mfTZD8/6Lmt87KgJBmZTMpwZ58ofVXi0WSJpebs0tSnwRmwByCWGA28yJG5NFlebk42QdDTmVeBrNpa0emeiJbcujFH7Xdxtih01SjJFgSGVrmWuTLoSQp93jmYxP9O8js3JbN0tCS9TnofVKVb/aBdNU0Qk36pdDfnpsSAUBOGYRtLL7dTBauskKw4JzXR+Ea5PyykPfWd5uXA2aXsRv/5rRiPcCdxvBq7KWIAyGo/6ipQ6+i8hguR+0a9OTI9fktZ+bSVlDJvyBt0+TYNGp1v2f3HpXmYPpgLxsnM48pLGeiHz1n3R1nwjKp8bJwUasU3UizdC8SETrNw8lB+9uE9R8Tom8D6BVPSbXRXXG/4oTAtHqugXo74If+h1YtdFWINZJyfG/h/a3HF+0e98uk3Ff+xQ9SRjQTUycVEB2Df4qbDZWMnOU6M60CM2l4Yk/0MtO1/x0pd+n4TA7lFRpTFphQI1bed8xQEes5IvcU2C2pv3aQXvfOrPnLQBtmvo3rBq0DwRiONjWtMKL7vQ7MqwD9qwe2bXtrT/dmVftN38NbjUi82nh/SEkMSU8ZCltExyfVbIOh/WKRA9DVK5l0YN+LoTHES6ymebZed4cxwhmKafk1z8uYXjCDXb+9x/dofDI9OyaA2H4fNXcWyVfdQdcx26gC4u3uNDY8Pd51UcmrGW51WaN+l8PrxA8gyuMiyQov78k/JrCJMsNYp4L/6Y7t7eyftkiITCaLHz7ZtWijRnTJTenSRusWzRznD7rYkdpyhn+GuOLgWNPr4Tv+orPbQKS8X3Hux759I4ms8ZXNxvaGYymYCcOk4RQ0yHOvBE+c2RmI2nlZ0DnDEuZtkSwjDhgjG2TiSCrV0ZlDVavH7Onjq78ZkHWiSgw/w6A9+BoGzlZO8ISpPmcwwxWxgdZpAqX0bnSbgGqTBfooSRVI5l0wLRtUQIp4LIt7MHQxNMCQoGNd4EEbTgDw2ORY/zeXmC/B6Nl/JzCOTeV5MYvlf6a4+niftwOZ3tptLh5IJDpgXzOiN3pK4B7Z1sOdTh/sxVI1lEh8YVspuGl9WkoJ8DcSTDZHk0Byi9/bg7GPqe93anfnd9gs/38W3PKw0oc6rECJCC8kVsfCtlRhciJgf9ckOnXFP84L9GvItllyqG7p2B41J77jgE3qdFEjsVQpEits4v5dWfYWe9yNPut6ZNAjrk/vQ3KMMo2JY3QndoWNpi8YdpEZMSP94ztL1cl+k1eRyeEOSNtd125MWXreANobVKduAMJOs41Hxpx7f0oGRKUMmosApLlcy0rg1ExW/jSvh2qbou/kkfW8zswt83j+tD5N6A88QwH/oPhunv8i0LNKpa7R/XHWNHkTI/1wuTkAonD0QRM+nZUezf9PC/wLrjl3QUKGq7i8QqG8Elb6LktucZhBgOKPOpjuIny9sNHysYI6MpcNtci1HuW1LohRpbMWFwrzkHOq2adxAwaHkjubGTD0zjNAAk2VVgqIwWeBDNSbO9ab9iin0XJ92Lewcp6XWqEWtF/z1qZ/rr2toCZytdiSGGS2ZmpwqafUPolE/MebcPg5xfGHqRIoJMEOq+Mc9EhGphcRXBwvaYI6kpOSwORrfIDvRdm9Q1/fKNJpRxeFRWefIln4Hg8G2ujq5e5KWoI1fuJUQTzqgsQd1bQBEI/JNZBe6LfTpDEMwzBtye3dGuMUwBxrHcnBC6zoHWUKZtbMynJsOPZtV74fi6UdDYtx10G/wIOMkK0cUgWOwZ+0oyqRn0o90R49qoQY6o9v8JTx7fAn8mfUnkjReISdMYZKkaL6PIWO786P+/HkUjGiUpDDpK05gLJG0peL793RZV9yG/jsZb5Jv/oHo5F6QTAmuTqoVF8dbaIZgKAY921b6/3MDxFQGoZHj48AhhSh9ukMcNoAxkH/ElYPd2bQH/IZDmfxEIMtRY1IA60hUKF5lOvUB9NQCT4VladH5LVpnbkV6hUTpd2R0aOuTSwPmgpm41WTtjP/RD6TwtMAF6QJlCc3wRhjp8OD5/Pf93xgAHmKpwfEkVUDTw7bDea3c6sWxUv9nhfnHlkKvp1CXsN61ICNPgRn68ugWKTDcHKY7C1g2afJgCUwY+i0pVUQuY7dazdy5YB1m0MjRjUoOVR6GiUl5iMxG3NmYwylqx4RAXPXxYfHO/iCQ0Fm1nmBVJbn1jHxtZAomYkM8LSxSi/WGiQZo9XIAt4vAAwu3UClNTP1H4iZHtxyReQ8eXluYJQU6/Ji9jIgkiiCbnwhO6QgyV4icjSVh6L1sir0t5BYW1vTcFtt7PiD7GoumToYE1/A5gPcPn+uOpwr8Hr6pxU7mkC2/QMwsOwpTPej9jmrZA1INJSCOf+njoRZ7C63U+xDzWcjHILDwKaaHGpT1Zfc/tejRUMYFHmtqHfzhLy0evP4J76MHK5o5cq3iKvHVUmt27/jnpmb5k5DikqflDg8jjkH7Lw+SQoM/hsZt8Cg9MXB5waQAYvIC/G1LMYyRG6UZkI5WxjL6KbhlwFlgXITdqFEPMEFjWj08MuUVY83jt3tvKFDEikEbDrnFxNr2OL3t2McUil4zZ9iTQ4Iz6CM8bOaiuXn43QQdUWDtj9n1umvO9DeRg/OZLBrNKFcIQQv0LpIHEVza5F22eItuaJIaTZC2czFA42xQ6+310640qCnS69uW+e4F8zwoWyOiBN5U9Nme+NKbj3NDaBS6wlB76tIdn3c9/SM3Nw8jeYOVGze5mYaUib6d6IoeDe4HvS2o3fhCHq/o8gSyIkEkvcVIs86IdJreyRqMSN3w7OtGST/ezRnOrIo+2NfyGhzoLkp5K5Thq7mBOCU2ULH9CMXXI0qhB71YwnDKeXzO2/JxQO+D7D+WSg1GFIT7BkbVYf/hL2KkZzL2x2cwGHmVYHj3zL+OSWHvAitXSd7r5trEH2tsjx5ZOdbU1c/P3vaDVVb9l/HSsfaKBTZq1rXLUlqZbQmOz24mb0a5aeDTlUpuaQyEqKJtIHRca7QWBfMkV2dg6YcxXXr1liy/jDYDf9rVY3LTQaOEl4vB00Lq8QNhGXw0H292v0OyICR1pK6hbxBQlC78V3ptjKhRPh3PpwSNlW3Y4F02ySVJPCUHrQSmffomy8neLp7OugWn7xzHj0Qs77PQBdscla/Fs4+zIyzrEcUk4c5Z6fqQNHkErti7kcZa/5zX7nS4j/lJrmVaJrXaz5IBxdpUuWmPJMRmZB+z4GplCjvLSJZ8H6N3KJwKfrdbjhZc3NSI253vBJ3G/APcUDX0VpTVngBCpgKEwU6r7vLxivgZXHSXBSykEfuly+/HvBin5E7gz5BO10xf6kNjO2OUj4oYVftFvRKStvwRnz/osmehmN0x/bWFDOjZQUGUz9bwOn1Nbv4QJpHM+mGg18f7m4IYhTUztVFG8t6ztbhbHnXS3RNYejqbL2t+C9ty2I/d1bDPb24GsjinontTPCH4O0NPK2Aj25yAlqevAk5HjARMobP0y8Yye2b0Sy1O0gqG6zP/6dHY3WdIkmhXNQDXFoG7Ln5DSN+mBnAqUMUSuoJ49gA/rx6RFK3UpfFcj/YHVhD5a3wiJNaBxxsX0da8TcvJ5XEMkGkF8R5wmvukRIJxMp4ikalrTI/NnkFBkhifA7c/D85+CHoSuqUOxuB6s7KqPsMhzR2dKmv6prRNRDtPtZ7Jup/M9Q26nq+QdxWxirJudyA7g7pklaHQ/ZQq2/RLhRHRGPoKB6bDRoAmikN1kyyz1TM61A++zkLXmm9m0tfulNYG7l1u/s6W1Vtfzzpr9/Zw30aIg8MVt9yR/AvumTwY1Sjy9EmnGNbi3gBPBOS5SUKu2aVMra87g4vwHfdiqqdODrOmj/svDKIbfxQXvqZ/9wdAlxkPftFaeoqWzh5MOSJO2Qgb4qeQLo9IXY+LACawk7Y++VwuaObO5bI3+UdZz4ImhuVOX5f0erPk3/WyA4Q/Vdv/cxAgCRNKCY70oPSp6f31gMbf+Q22ZyKzkfbGwv/ZygqFetlLZ9PQsGu3mBd+B/wWGDsJkfkG9HOVIPVVeb3gohq5fzLYkatgQ3PublduxZhXOM1saJbmsssnoj/sAwaAWJCoq+GO5S3oe0Cth2NafLGf2WyWcUUGhrAmcF4rpODE/ugKpN6w8Eq6ARnMPmWI+k2x4DLPyoZxt+dy6A/b+r38bkpgRUFkS+P91t1Pv7RA7SvZrGyfRkiI1InuoQ4xOfQWFWqbggtO919yVLaUUJFGOMNUqNnCg0JTVI5SJvLiuC6scq1j4ixSM0JOaRsaWo9gIu7hOFVn2fo9nQ4iK+GoOmv23Z27oXv+Isk/Rv/uktoIu6cK1N2Q2p4KrS34/EMcDW3apLKzGJYXNxcDihcJgIJeb0GByU84DOvY4/MCcaxTleAnQbSr2/dldieX4NsTdgebvxesAx+sbTbQ5pWtvp2lHwzqGGbQibYzVAt6QQ9I7GBnbrxIZW3IGHVlpLmvBlHEuaLtW6xenZAYof6xgQ62xGsJwvCWt3Y/lO/NPK7Ug22s0QuSly6HzY4FDfDJ4k1RvwU05HrThnY3IXn/QTx0YVkfFkY0VT/zv1PE6xCBEzutarMvbYPNAqXYeNbobzieijeV7Ecq/jB+AoeB4J/7dNdH4h5/4d4FMRph2ur2neMRxiTifrQl0wWtB3PQomq+zrndREcCEn///RDH95WjVXSSd/Qo1qxEhPgG6iheIBkgKF1IzuQmaho8T68WUaj7fOkYAt3luHlu9B1un6pW6MFzJJwt+ABKpI8oyxirs0M/EsQQXkKbo9EQtkLDnKpe1zC1d7hcwly3X+21M59StCrxsq9edXIcqjJQOxYSL3EcNJU8kerPHWRsYo4dlbQyQahVBVyQxz24ipiTeX9PhuuLJSGzu6bbgvHd7oDH7jMJwl3hfswDH2D9InPgRmIVkHded7ibuEo6obrvDUGJca23v6OGJpGAQFICMYxnwvZctvhyIrWJ92atpODKMTHa1buEv1FwvvO33dN+wsH2dUfGF5Z4naoaLfWRHykS6a4SX/xB25+qIOACgpZeDGsZ4hT76KYMOh21PlVEut+bQBoqlbYAojiRFK3kOb5RQ91syM9EYFxFfrFCpvkZvy2NHn+Bfn/3TTU3a6xNBWfPF0GZaCp/HBR+6xGEz19N9gZVIsKYVWnmOJ5jK2lkcCGh7Q+LFLMss/RwnqY4qxYAhc0p0iYl9JuKS8/lzhddDBMGnnqKylz/Mp8UG52pmiKhVX3C0nAgVYgtRoQKZ89gfEkTCekhgDvfJUpqX+EnlcEvCKRJ7/R7t0lxd0ZiKMY9PEtgik7Tan2/CbusNW1bSlJN9DLbXA0pVuLlOb6/DZYNVf+q/nkSUvZ7bsMcZ13pE+Dxsb9B/IGQifP+BRSO90sFkFq1RNrMSLYLZnwsxF6IP+L7J+rOyUlyXxjEICLUHVWZnbg3VLMByNFnzaPBdejeUetCAvk5w+wqg05otmBJdZCNu9S7FE0w0Xsb12O88cXdFL5EeUzBMmZjaEaWcSEkZG9jD1m71mzYUOWzG+DL5GOoM626ooqFT3k62kB10J2JRJ/gHlXqjQYtFSXqLJMp6hEgaTCOHWytbmi8G83IUgq8vYoWhDf3Frjhn9yF6Jg45pdDjNxPOols6r58PI4Kyif2Vv1Eh/MYYEAbhwpa6jmiEyzDANHPemqg3pwQsTqW7MKDq9qvm2BVr72HWdglkeyKwvOh1NYYyPjaTLsxZdyN8MNKiZUSwvEHxWFMS2BMHs1IIsyKf27gymc7QFDxpW1zuI/b9Ju+QIvBolz6IV9PhY2Gp+/PSZRgqpBj0HeUtmBVgcp89X9o7buCnXCJhrhscyr2S19NkraZ+LfXD+6/wKqYlJ16o1Vbq5h9V/9ImJ/3zf+mkoP49w25i/z1i6uWr6D4R8GJMmTBa/vGgtCMRoYsBt1be5lehHBaEqZi9YR+aTo5C60MkO2dfQLhX2et214IHdkhRlgMQtxZYWAVGeYtePpVQwLmG4dQB/OnkSCsvf9fcqSuaXCikwf7l2SgtTcDteDDshG2Xt/Ext9uxapRw/cwFuQal2wAJkfqnKmPYiPpnbuWSiZxpnhpxZvX8bUR27AC4apu3T/Tt5ADizsLybGDgaG6NXhMEQ/TX8iscNpxOMJdIyEougQPisN82LZ0WMpQiguYIy2OfB1uJ3fAlTbOxV/3Igd/42tpZH5Slxf8ZMsOsnNRDPzTIcz1YcqLt9ljm6rzSyvWOGLpikFy6tEQlCPdTIj115B0hIwwpFtPj4gjCuuZPQHx7tU7w6E4Ysa5wxmB+hedVePrg1ozGk2GOak7VYWi4CerJdtrLhoSg7z2G390UQ9nThd0p+eFe/WtPvLo9SXFyXSDPaUSyjhKEyvi8e+QkoRcbNY+LqRQWnDdByMca62JoWeNn7mhpqVTy+Vf3RXSevN/p4+vzM3nb1QGJ35YMrq2fP/MsyCsR4gDQZ5iqDx0ldLfPVcxiaRxOLV/dabLfHp0+Khwimdp73/bXy6gxeEWqRvtGXwUoc6ev58cK7duc+sq5TvSothIscDdbrlzzxTULJkdWdi9wzQLlJAYM8qkNqHqYEsUQ3Q+jRvtsDNNRHoYSc93DlGSy9ZXib6hg3NhvcJ53OWLtwIvLgE/vtU6rqtX+fSHAJXa04HN9h1dKSo/BLBFjKvZV/vWnswTksPfNJnYsOKH43hmM5uAo6ODU0TgHWGl6lR+aeUxGkuakeJ/X48e7z/dNzhgNG4TNHFUIRVhQj372rsOi5czunImVjEZ2kUfsWkY5c8QwSlRy1PSg3HyJKZRmd82Y3EA1U437PknM+ViVKjaSXExOqg2oplGy0BzdH6zy0Bq4a99DM+YEIyCfcqE7Z5gIUgGcGycdw50QvqYPJS/F9qJTClEJw+6ttAQ+YpBToV/V7UrSvdVz+IVFH9TJZY/ped/6BvCWg9GtVEOD/vIy0/Rt5JZV04KWFX8g3J5kKdEoJ6YwkdSSl/iGNPD9hF0Im5pV3kdRmsJR7vpC1NLrXKsg+LDpOHgSOH/JMYRVp8v2dvjk2SC/FqOCC9fCZVipOGLJ4wNrE179JYHI/rTZup/6/7Rdz9sM9J9Yxf0v88Trw1/5nsGECdS0pmV/0dptb+dO6uCSntYLn7e+BixHVc+eABOGYfEDGdT1mpa8nq4+Un4tVPQyJiZIBWi0K5uqze5W4IYPl0tvuWIwp7Ys+2wMkcTbuWYgbXF0ivet8Pp5PoKndktXjki5/fZHjzrFKZRZljKLrGRTxylUeIpH86V3Kae+AnONkeSmCVMYQaa+sbLfBmBZcQI+fHOMxQ7QzHHCpn26N4G2hGqqlc/6/NU5zh1O9OB9ClHqVwVGHAnFBFXKZFQ1i5tCRoEQZmEC2vhZi0P2ly1KWzK5+hV+9nDL2NxUiehu+pDZjSpPQ1N1Y/CgmaPJ5RAJjbwut9u5qcLaXecFfDSVmuUwXwZ0oNkw07qZIkkRYW8n9r3t7fwA29wnnQa3bfGxvDzmtteBeDDOpTuxQm7dBJxy8KzxzQ8PbFEZOteeoxNJ2qSKhmazMd0nP9+zSQzfO6rIgYIv8KL2JVlWjvhdBkUn1/II0bHGFihHtaP4MfmkJwarm2NSeK5VHNmzPIE/Ffn5uwhRJ4xdyxOaIyJ8Lt4k/P31YVnL84uEBvTX4nGsAr7W4Xa8w0RvjvnPUYO/Pl7CIleJWcEUsc4/J7gsepF7i+eeu4jPBfYpRO/7m6DChWUNuYTPrT2sT4aRgZlgbUvYPadN0ybwOBuosvJjXZDzzMwPwupW+d32f0rbvSeECLwsNPw5v9fW7SLg9XwAxElZx0ruqiSKrl/YN+NKxcjVUkikm/5rDqjEreGZLmq4vlykeY4NXg/nrn9fjpbdFRMkFkFzGTe+1fDxqRvV0xM9RNNsXEMZs1VjjqxcfouF+wINO14ST5HQcBzej4bBCmhvWX7X8Y4U1PIrBwRFnRQ5og4qas9CyuHJmjGrRUhZ1aBIxciTrrDmx2TW8nFo7URMnd76hRyL37Ca4/QDF5A2S1T3UzrVuAtS/MXQxKzZUbG33j+/PVBZ3NEAfo6voJGrJRixlamMaw51t46yx7S5fka+sjm64IQS2rmgVdXiaDqJCaFRF6Gx4dHezM3P7nXipasvCP6ZaSY9Yhpk+ybioyGBJdanguKVNa+w2a0t+jYnccRePSMrMDieCMXUKivwRdIxtUYBgA2bwCqmR6KKRuHFVbZMVvA81Sv3Gu0EAsleaPwiOvt82uwobm0HPkgMHXvErgd56dzQ6mPwpFrmstBfG3IK4wzbtnjtJKzV6Jx20xz6/+vETYDlCA/E47HjbIHBrU/JPXixiPNrvXL0KNmZmMqoPdDKTdHdPwetc6GoTvDhiA++76NythXs6nq34e2Z7Fj/1fUjeO4UQ3eftHmGLeBjsBj94xafuJlTJWzzaGoqw3u3t5rm87Tf4Lb6SloTRDA0Ql0olnVb4aHFI0MXkxCrlad1GkfPlN+DljhIr6xxIpBggMSOHWvj7Jjj525rbIgUYoZF+5ToQWoJFdLFJgkki6aC66ObXuxHTSqrRZlR+ykp+ofuarR8loy9Mcs7QMnqklfUAjRZLbyt13RpYO2aY2WQ6WedKkTwK8Y0XKOItVHYC0lObDPfIIqcTLClWjpBPANBIlcKKH/a7r77LIwsN7yRr0rMFfspWR8gP/ZHkn2iG9WUNMDjdpO5tdn58mmGV0UmASQ1/UScOhh9QQ0PZjKuhg9TS5vYqOVeLjJflhF8QOpnaLtTdRv7voJ3FTDZpTK0ApM/pb+iTLiceFDKpcXSZASsVaaoqvdZEMo2qITFo19qbwcqjLFEMDs0ehuzXmP4eR/SCL4u8JK3vp6bpenu1/M31TfKG+7JnnxkxKuRxR0cUa6BDEc5mnimLhvYw88GyaZKrlwbXGVt5kFS9/rSfL/wB2INhIoaobgnrT8K3o8sIw/8kXGg9izhWEc1xRWPH3ifqNFerMJt0OR7vsRVunYyqa0DNmJru19J68DPUEM06Lgx4ExamuCJpnfqPwpd1FEC95z+C3+VD98xKxnZg+NnVrgaQjP6Zzir+I1dxIE8b3Lf4DwmHUGMYgJsD2uJLCqbibRvTXQH8+6UuHmqY+J+6fZnb576veF7jeMNeiRZOHmsOSIdQ4cfHeSoCZbOjkSo8H5kwFxYWAmDIaBpEVv2Z25+kDG7yvmPqT/AHoKRkGn8n4of55q6LUmCRvFxrY6lrcaPxniMOOwKkcJn7Tvw6RqxVRUKX0Lf6T5rfS/9O1lDkXRaBe1cO8kIJMl5UPNwamISAlfD/S2zXo8Rix6lz6iTs1kRxq8D0S19TGiNNiKnfJYmTrvffLzalpclSPfK4PZMC5e1jNnXhI52FXfSz5wy/btjacEUB1VUavAVAa8OrVEZWTkwTo2w/ojjIB0qreXg+Nv2lx/aH9Pq0BfGmhA4b9QqJ5+8oBpfwt7pWlFAs8/zU58V/dM7JaeM/zEfg/5rjHxL//WviN2SNEaxOuQXVdn9tNbi/gxSPuX6gm2doZbPkh/qWjArtH0Bh3zd8pIR73f9aOX2kKv0YyK4hgTSlTe6Vu9a9xoSwnWCJi9XhknLhxebty3N+OLeQz404CwOHzHFy7fMxu6wMRyrvva0lLb2aA0lh0NnvYeWqmib51RjBUumbg17+7vwGLfWOay/9zc3bBJi94mcls7ncKGqeulUkRJN0m/4Eg6Ho0JmZq8l2hh33tvDwwexDJA3dYlA5cQO+sU0UzYV4J47jy9pUSzQQiW5PfDVMqTnvSlSrE6wqbPpvacZs6UJjMQO8ZFwERtl5J4U+wf9YraFJ3qIj6Pp9l1wFUHZ8j55UqufX3qe2d1qy4vXLXysZeD2q8ku/9oSzwXf2uvGKtftKkGVl1nX0ZVsoIWCG6+2Mm+/1G8bOAYzadyPv3DBkp93SdsRMf+uGIGPgoGR9Id1ekcoxKIyyXTWb11rPXJ0sgnpq6oTGLstyJOH8PQ4IbNYp+1ePnnjcEOnjQJp2cN9x4J6PlMoacxTyol66VMhq8wtqigvxajoOFDxX/q6dtTwajaMWboATvvvmhd2kFB/xtKvLDgRrPrutti18idHJW5eoMMHZnZEJdbaHpALPjWj9KVoSMJ2Tq2Xprz0S7J/Ul/q0P+c9MxkMz84uDM5qSWgkKl8cHBALPC0dxdIE74m1+Z3spGjspZ6KL4Jp1wDtOiMmh+TJkmAjh3c2wiqIa6SsLCX5MCHhoxtDDRAb+/bMc9NZ7Gm4XLUGcFLmHa0Pu93RbuxXlSbprkZTBKR1j2Kt4iqOIq2jR4cdiormXdGd1ZupvmqKi0xxlmcmvE1OB/rkYP2yVN/7z+o4rcxN1OM16vupHfgi+GalUdz7lLcZVMjO8mJquuqYEikwz8XNHT3323sdU9ePTVOHNBMfX0D72FUdDmQQ6AXoTf+G20PqPbP1LavU3PH0DMRg4e2SWaIVwxjA/oxZ+q+ke3EGPOX5FseQUcshBmx3Ek3jIIAlR10LNCtggblEcOxtKF/+lN0bKCOtzqJ7+jRQ0dANli0csqQlSPiAwwxdnxyfdvJ+acM82Xy4Oee7fcR9zQbQXckQb2R0r2SnzfB8kcURWVI41ROBc0AIYWeOlM1150513jspYoaNGqGw2QrkqWB45aRlV1J9OPdLspxO+x0v2KBNux0jE9ilZdPPTcvTtnEV4s78oZWbj5e5J8z1Llc42a5CLC11+NM1WqxEHhY0wgTNYkSdNDlu9vVvpN6jlEYMAg1GxW4ixudRH1Ud8eCdRZqR0R0vGEmvhIjLXgXZr2yPkw/T5nNxzn5UvPczNvSzN/SzNFS+bnpN9/w8oE4PQNS5P3MdUCNsTUTkYI1Y5mdf3vaP/XufCuE/t3Bh/+vWb/ItNeAzuRPMfuosPAkAQDVaRfOjCD0025F6p33CTGWjIC8PEFMVu6UXl83Oae+Aid17abg/E8PsYeac6c7QE5n5BgAasCKqOESjJFjlkSmCwOab85EUU09Bz5vuIinlvLv1NjX5+ursdbWO+4y/1HVoZpPwYNSu5aq8IIBOb/zScUf0wfXT3rAXumIW721tpUiuzEWpOine/13v2f3vl2qEvKhhJi53So/PpizJ7Ub2GMHH8XF6RGrAGfGw3JQRlK/hXDJ7gyihUeuYhnIVIe35wONovNHeIokSqtACIxFlvj0qOAoj7AFNoEaazc0rALojGkK1SQgT9MMVj3k5u6ybJTfW+dsT0nP09PV15cumm4HxQVeRYi+zuGeBxpumIu4BArUPR5mNF7vCA1ZA31AiYFPXBUxuGBX4yqM9zz0PYE8NkBaqGNnDR3quXW+OUgtBJwy+7hvjKnbLc8kkSK3rJyQV3iKM5A0MS9L1nkGEszdDI+C/px/DBuQMRrwzsiX3twTj6bDJQMP4JzlyMLX1da+dGFEtNx2PM7Zrjy9bGzT3Cucw0orWeDpZx/tZ3HW3OzgqcnE4peH5dtC392h4kdo2CrmM2mJCibTtHnsTqw9HQtiFjSPn7GH5D2tb6ooyByWlH5zs+/kx7xGlwug2RxV7MYjZSq1FMpA2k9sWNNvkctmYbBKYtZr8OE9jhIxuoYVf3zOMlXXyL1dfFa6XS9eJaaY+MET3XdMDpOceJ+9pSfu68SrRs1WeC3PMn+KBK76tJa/kKqco9roGy6EZqpFmjER/PEtlMUYubBovfkS+/AstyyT31hAHVT1px/6rtk69RtkhkZJm87awuN9IYzoV5wFiA97nGLYB4f22/JWtKnlYAQqyhwiPtY7dhdA/MTBzFLzusM8JRokb3zhWZzmjjUQCIjQOZ3Weh4FBXdkQV+5o2KlY5DuzWf08LK0OEZyS5rTu44LMkK3xDmmm+GUwe7N90bA7c0/yPNVBBtzNMTOLy/ML6wt+7TW3EJvcUARb/nJfxc/ECWP8fcFTYP01lZlTo7sjlrfSZ3wKVgf93DVdowMl9m0SX2HP864DT36yXUh7SyevZt1f4qb3nV5GPQQSt1Y7UIrRIWXjgXlaerxnA8DmUz3w0wXjlObw0Ighn35x+ckQuD+0w5T/O/brCdm3FXnjI4/lOMNtOwFDeB2LCLSVaS19VA/98H3xBWeT4C8pXV7reXWA8A0b5+8r9v5ybZVRNsXr7pcJNHtftlSqJwCctHtgbBP9tmsCBAQHaiTXplYFWClK6Oy2BXIdcLf+MjyOlgyLI+qS1GFuK3mZp/UMRUc+6xToZnrYDkClbE8jG8ZjBolZlNSfCpyrfwVOUTDQtWclCc6XmiDo8bA0lKxpWU6Kal2Vs1ZHaG1BW9q1v/kOOt3onKVVT8bbuzBkQYxOePkggRVFXUqSNLAnpIb9z1p4o4MkJu1qhTra/aF9ahwWMdHpQTIKlbOrHA2cvVP35rRT1EkCaQWZjQCNHlbd+djbS8Py5t9Cg06X+6mYLHTxLBcbycTdD7Wk1fx92PlT4jVFggaO8MWkCKp524zXOGWip0iRhJivwWV2VDVpTRbFcpik2ciI1ngUJvv46jgy0la692DdoVI3vgSnU7iAh682wtFHnddPn2qd0XzuaO5s17B8elBhrK54Sd1KUqHLUcqfYoS2rIWv9NvpqazNGneNzdLdn/fIb3at7Ndk2JgpKX7VEAdReR2Kjg6xOBxRtuW3ZxRnh03iCkdCwhbBfVO0jpDKeRvhExbpz4t92gTRaA0dziEUF2dnDMn89g/t35O5j1CDW9CyGz9Y9Hkl71G7ntRnV1Zur3kFD+qV+9/sNfgQ/PcVEVgdZhUgp4mYqSavFzwa0U5mo3wGn2EuznLuLF/m0TV/MgjYCbg4zVr7HV66U1+Fz8pcerJ7Y+SZxgDRYqJZGuocajAdZV3m1OXh1ED3HtGZ4zEMsideJbdjtGSprDkmPUDHVELBu6z+xHf7+DzjlKjSgXgU+lj8q2BtSkMs2z3lpS6qOKe9oxnNR2R3C0aWhIYUQxAUPkP6RCGbnyLemxIhmC/OqEUI51ouloiH/prgpf5JD/7cUR3OIClFTclCIQq+wlDvk/4p2lcBIAvmTBVkyRJDw7qvT03Zx1+ooJYvPLNpbO1lamHFU8r0uJ9zUpAtzxfQ9PvZfHf88vCg4J2xy2TMViP9+artEJt3ufRC37npFuqr0LgVY9UeriWmrq0wZehkRYCkqaxubpbbO2moWTe9Th02L2w4B4X+6WsqqJ1IvDE160CrGsiunvvaS9xS0Gq7bQolcAvuOkq6FdFDwt0Pt4Gntv57/hbqzl8DQSpoK8wFp6Ev/vGLsSOqKM7e7+HdUiPV4umkMSzuVP5J+8c8z+siLlsU3SfCuDR9pNR1xfW1JVTKRvFrubugtdWtLA/KP4U1pNbm9BDzAFhHh5meFhJE3jo8kpbaUzWnwvC62fU1fAkSP0AJCKi5JBLn/wC7/0HrskNWhTf+VsBLHxTaU5BfiYlP0NbevGHW02mcMr1X2EUqyDN2I4IxHHrjPN0QPWIOUbFD0vMUg2ME7Hi6sqAxR1X0lg6k8ptyuCMLLAQhT0P7/n799yMP3uzQ3gWKxTS1NjrjGLF63jZbQ8wNHXA3okZGXBhHx11Wu3N3ScFWWxZmgpQBQKZD8VxUH7RuwDGNNjhAUHG4oFe9SSiVFN3uI3fhXbSK6obeYCqqkM9IVwR73k9NroJxlJVBT11gMDJSIhKaqpSO5Z56Ox35UNMaTT6LBmr84NigVyhmeAsIwudUlnmKV5YVhxwHrYk6uxLuljpkJ+asqIGpXp+6pYg//m+2am3O3QAYJjRTsPnW5VZNz+7FAHtmF4rGqeT0ev2ntiwIIsF++MA8Js2CX5YbrkGJaeEhvaU+/PDyFRe2/1M2cs5GEPg7uGwbCzlAUC1ORFmVUfOPzw6Qmdtc7jhSO3MQ77s56LLG5GneHgEiCZRMLz8QQ+QoP99IETzqjnz2CdwuvdhU3J57Xmf+2f3/m0YCOIWAHiAwQrroQEmHJ0YqFiZnUxtjLUJXJ7TpAkOeGipr6WcszDQ1EV2bIFofhcoW1auEo8nNK9rNVnRcrPDcbIdC+tJfa0CWiChyqP/MIuctcb46xUCbOL+1Mg5dLsX96AsWRKEV1M0P5I/RUyAh/+IzDav2rJgVf2Ahk9+F2pMz4BYr2N2nkwKY5klUeC2sPyNWEI4Pbjc2BchaXZVFEqfPqoTenSw5pkRlBsxnMP6EZgbRKM8NIOf0ZleUx8Wni5kC0uOBqLrnPihXNK1jjhwLR8wsEJOjBHGDNe72VER80DKU56GkHUOKpjvHx48OxrcOzrof1qcX17sfzqYX7Z0t/1YGUOqPU+YqI0xVpKLLDhGA8CPnsgJK7ibPRq8WT5A/31fc9xz/ezu6GeDY0wg5ehlZ2RGXpHmppx7UfQwIgG356fp/OLwYrkYkuWSnga2Pm4TI93bGvV9I2cXL7sPFWxNjWx4a3z0QoGA+HDk8aAHb1p+8hEF5HE/h/Q+o7f/ZyzUnD097Hlb9r39LAF9Y+Nk+eXLe4VtRbA83o/wMnKe8RCGQ4ogeLR/XonfAw1nTvj30P73guAXAmS7xkimyBjgrGC/t5bqnAULQlhcZO86vrQLZYOWWe1+yawe38tqV59+isBtTwGK28kufmyty3WlFs+AR09Nw8caHyC6TOYxoNLmRZIWOz5fV6MQUdQwg6U+Th74VXcFEno0nLetMESs7dVPGqxU7PhL1TZAwMA5dLJeC1uloA7DvMQ3uHc1wAxT0/CtnJlKkyw5HPPj2svE1ry3LlWmmJSihgeoDO7SWxYtWRZpVZjTm5ML9BcVHIpl0GllLR2TO92LuwAwwugOOhSDcEu1zG7hJAhRhZWU8BBjB3M+wynn5KzhmNpvmZOq2F314+IDCVpJ5EpLbOzsTq1sTz5gasjJQSwsEnfHdEfGmJnoSxg+Ffmp6ehrrQ7vFEVC9+JLmJt7C9tdVsES29cRsmKMYf4CqkGY0lnd75Wp5kX1aQ1rPRo/19PcB7hNkWcLDvL57V8E+r0wHloMzFvzsbZx8iSfhQ1r8IlCN7x4auGDPsHeYrB+blg+Ja7VeKKMyq3MzMiur2xCmZqedtyenHFb893dykvz8XvpDDgdXa135X/8NhtdnPK0LAIAywDGGQatKnxwcZFV1LSKgMR4rFlimWyaLfQlYQyKv/P5OPXPVyVonFAKHVPVXh7SBLMdjTndBt0wQofhJXbflKBCYd18ywhTPq/bVETa3V13cERIiMyMpY3e6tRUXquVxXH25LwxcTzzbH+1q9Nrup+5VmltjRtWyCBxyFAyLHaL8qHQsGmg1zxBkuIhxKDJX1TF4PCo9MOrEG716np9xwaMEx8I8W4d2Oib/PedSkRu2DxocDSYqsoAUJ/SHWmfAx8nOYR/OFz6IWNS5E+/dqOULrcpV+rXTbqOWhRc03H/R4S0/g5/16wZq0qQaNkK7xZJ0rSmz5sUn9x607LwfQQdPAbCFbNkocMYst1C8H1G4ImcP+bW7vQCPJCLVJqduT4C7Ime6z1lR0c6orCPgHhsnJDD6IqRvcneu06eO1iVm8sOUpZvPK1fSNYS9BdEKssbG2LmdaVOALU3kcV2p3ZHR+RxfgL0QuQjr/nvnqFTpGJ9X4osvMZu9ZHGEVzSMRiEyBHHtaustFWGCmigMbh5mi6MoBZ58QUx06Oym812z6D7laCIC1CfG2H4yXhpod+jyDFhjBajj318UYXyZI1Dnm8hvwAjvZcZ7cYOguEn19fXkKcE/fN7TYb3+gxC4Jl/XUv/93mpG257EvkjZ0fpWd5dedC77A+kM2ntp/2diEuMoJ6vfCALS1xS3XixcX1II/C4sZxDMiZ9qKV417kRp4a7relxCD7KJNlXOFj0kiK1YEjKZH8E7lCAPu1KhrKWxHZvGAbdTTYuXqrb+fldCiupWtHEfZzyrI6DYvzai6U9kwvVOvxBqak9CHi4JXnVIoYezDSh+STv91Z2Xa8/21OTgSgpft9rtcgA2P6cW+OLpkSleu0cnp6ueDyx8N+eZ/nHcVp7EVQQDO0d5SD2eIIkJXLPv3jDvYHjZSwucl52dm5jI1FglgV7XCqZiK8wh7syS2Lvb2JZvTzeYo4rtxtMBvokc3ZhdYKM5uYoMUOpnMWHxlq3NX4l3RUt5dXxyXAly2LOXYr+u+lKrVP2eZgsFYciKw0T+0NrKGQJeWPp0GcYygA0CSzEHPF4Zuvq+noRpCBFei8t4NP9/lTb/SbvbeXF8EkkFx8He4vlDapV8WrFPiG47OnF09OEadD8mmREoExwwxHt4Pr52KaFYybMOzWhZyPli8sD1+vdIZu+D+SeYvMqXt/H+8j9fCoztBrBZGzw0hHZVq/J6/iipA/jUrrjUo1Dqd+aPjFPTevhUVQkOG4Uu6i6Nif2uIjrLYHQ9zPlPxyTR7wBTQvHO2xSCAlEzyEAcMXZtrDjGZPo8udRhtzH+ak3TNsaMGRdvawg0+bFGya8a/AYxM4jkcsuidvbvp7dxYvs+rJ0yZW8+NA+SsgoEFu6dkweTc/EmIpNd1/8ub694E0vJ5ySB1mG2QZ6adjdPIjgvEXwCkc2m0e7rz+WvXSBSz9QzR7xBkqnH8tKChUpLM8YcZovEcu6TMxoTsMbGSxjcvFdzcI5BKjGAhpVB6lIRw8Zo0jGAuzsZQtqCkKfR9uDJrCqPX6+B010BAecN4i5s54QpRxhiPF1qcDghIjinGcExzzwsdbwcVYhA8QIlHsvhy/w+4WVdku6hkut/TveyqqxNVVjjOz+BMLN5ZayoaeFDyAuJcyuuVC7OUVHayWUpvYNc6kbLkkr0qKedKCvLne9Cp5qnr2B31eXV94ULTnyeMjh0lvdrGiYyUjcHt9SpiVGQBKLV0F3Nr5vt9C7Ce2NQB4PRL+aIEUep0N4QINmlzR2wDHeoJB4vzcwD5gfLiC/IEDg+UkNxUogM0xuPk5xtvL5nx4e1TD4T2XV+N+ZeAaNSfW6pGcb7Vi3e5SMJ5YulpaRmrgtq+50Muzv/uAWDMGXu+RLApki4nlvuOSyXuwfsuH4CngE6jU69VF6ams/zX7VO2Z1fOnGJG504COVkzVGfKB1ZoeaW15x+aO12JOMMUHdKrv723LZO7EkgnF7iBTao01yf1IT4Yshm2h6zqUqsBT6XCdHS8LAHV5mR33G5cYwseSYO6q7fZvegRsfDDg6oebzjFS/KM7NzEevXlj4OFLiEzay97sSkDM5uFvEy2Pv3YodkhONeDQbd1I42LuTK4+cWBJ5WOET03TrSG+lNIMQkFPjGa9sU8cD7eMOD/7gyO0vnlVUFtG7Kf3F+nNid6MP72Zv2OOYdCEb62U99H3/3dN6/9V6P6N6/j7VOWA3WgWFZF3t+c+XFh+hv2/e5E6Lp8luKh7qApLHZk/rbppcAEWK9JtBYm5srC87bS/PC0V11q0ZA/O969O/OrfiDo6kwUa2dInaiuc9BSEA7e804+bO8iWzpcAkKTFTB6WvJh5yVk5LfTQvTxNep/pt7vc3M4f6vhcLYTLqlWxkPs8Lu+rMOr5PFFXZ6dWNxTsdK4EmPar0DRlNMDJ5Z+CXCgOWTgOZZpASaVQPXiG9pVaEjzfPs1KHYNttsJAt+6Ko2py9gbGrtSkHN8/cKTlH4nsu2+WHkyYn/ZSn5sJM5eHdCcmtw/iyaVXVEFhDeEgXgSQHMUoYXee6JhrTnt3oSr3rIdZedbq97hvdDBUtke3GmPL5qumuSWUj21PbKpDrUkxU3dNjy0mmn5nQM0ikw2ewfjT1Gj8mV9l/+MpKNa9aMAkt8i1owBmrHnY5YyCKHrO04m7LM092bgzbQm5UuMoK8UpYjJ5B3RKTdnidF+bBOljNTn7G9wYjVAZXvGKQOjIPX4k4JaN/+Wxrcv2O0n0+IzhnoOdNVW61dxtK+4T3StDE95mpZ10G7+eENWwf38dCcrpflA25alsRsBVO+qLT26pilrUls1nbannrGtnqmpEcKfjthvs48eOiQxhIJOPUooeskosOy2DfiNdJ7LuAc/pf1+NV8+vTx9+7zHqtUs6+RjduwphoxIy1t95ubn4YxjTbQqcfoK96R20dvcx8zMxsaD4KjX2szVPnfMNfGJUK0IBJ5PqWNEsjfoJkj2ArsqMi8oMLwkM+vE81YjVX5RZJxHP2u+dC9KvO3ox3/ERL8MGfbLIPhJhtZZls5N9zZMTPYsC87Etut//4+T9U4P/T0yH4ihLApZsAeS0ur+bZtfDwcbL7ivZLDEcqNk6P8fgEPCyY9nRRVSa/JuWXEHden178c0Q9KFattV8ye2hbi0AmfYChhKHIjqHAJuscDxlcFEGZfckB21heAKO7NvlSnb1nITVQcnV0dWQY28GLqZnpqGrDj/rGyZxwwrTWHOqGH6rw2FOJA75dYX8hDdazcAbHotWmA238UlTUNJSZ44iRjMPFMrs2E104jtmR2wozE7+bRJ4V1+I7+/hIeNGESxPc3ijde3NE9dvafK2rvpoF1ggM0Dd676uJ+nhpWylYyXDFds8eWsvJtbylgBt0ER8jjGgm9Xxr9tz+TXKHx078prSBqLhYjnV7VL5wAHY+w+Ch4OsGO7Ho3clRT+XgT0lnAT7OQ+dAfhBiLN01mjwoH9W2YnGHLEh+uGzoWr5Uw6468IeyqARG1CiWJkSvZELkm+NDEC5P4Ot+gd3L2QsSKYSLpYKFDw9DgTlCvgcsqvKGj8phx1v7Ic6p/r2/DZGGSz+J2GGApL+pxqgKDgwWlNlwux7NN9m1RT/TXp5cJ+fJ+zq8zkJkzMbqOKqX22LjfB/11MRv5mgUOGZqMR//F2VfFRVHs6ibAIHgCe4Q3N2dQHC3wd012OAe3N3d3WVwd3eH4O4MDpf/nLPvvQ97P5x56JeZNatX9/qs6quqoc+LeroMIT6FCMjhuBGv1A3dBnZS6E8ECFQkLBd1DB2tbjfdQRQdyicZW0J+f5e7awKmh/emhtJHMQtZODEZtJ4uX5H5+a8OanO3t/160gfVPzBeW9NRUpLTUADa2WgfXKxc7/x9BH4e7GgD0qA+hnctBoqgKmLFZvK7aSvJvdWlBmKwBvwYQOGSrPAX/LszzJtQSWgF/wBcTvdfePtc5PxnWOU3lAW77nyYsU/R+eEPf6kuj5q1/Kkl7Q6Fya4/GwSsXDD4b0wV8wzz3FBwdeM8xNNLKuRR86jsYGQfhvDu7xCeRhAxP+wfAtkCvUoGcuvchmhjeFg3LgjvAop+xijnnAydrkz1xQrwsjDWYGmLR0oPdIl9SwmRG6vI11rdG186lrXytCUDtbbUNDWCvKPXCWs7Y0fgo/ciDvQmrv8ZUsbXXNXQkBlYYE9cZN8JkZmqLLetJHNeaAIuctwvNN3H8kxyAD/8snjjva7fh7JO6rZJjvzxunoZtLbYv3klbII5Jabj9DAWuDg773Dx2hIUEIMyIx3OeIX87OZg8ijoo6OFn6aJKDcIU2jQq0Tjr0QDGVeWM9zXZUSMpQ0vk6/RZ//h0DtV4Z4+yMT/g0Q+8bG2YmTqEqqLE8BNEQX9s/uEXL8zktFh/KfXVEi+9j+cU97mpphKzKwvJf+u/IH5b8ofj7qUbUc9FK79bHfWCWzjyyAy0Bd0JxltRDo+Y5VxCrms1ndOhs78Yzsv81+e7lLIHSWQQQVX5nhfdG0UUnghAkCV6Bl39bmFoKKc9qoc/PGtUVdFusQ+l8uH4fVbGBWnu6OU5UUb4zV35eIpTiMcmEhiopkCnLjNXSyUklMzlM68qOUFKfOzHwB2IKAplwulfQFP3nz9Z8l3se0E1UYjfirqCrO+rWLHxGgKZWUAx2Znlor68tqCn43lUZ68Cym1XPkUFZsqBuBnDnwzhKstw1W3P8W6dnPjQqa7ecrRfZ19XRY6pmoib9nxUZ9KPJuAq2JqnBK4vrqwAHF0vyxeI2idbRdexidxIjEB0Ai+YxIhlpHDxC6/fA2gSWLQlZGbNLM+mioez5lqXsVnT/UEv/0ocla2RdQL1gLo8TLXoWSGKrjaV/SXsYPWc+zqHHz60FZ4/Tt8FUJWloKP55OfCQ8w33svNukrzNXXXbl4QdXVLTxomZDqsh2sIOgOTnc2kqr6loKydvjNmZn12Yh+fXFEp3FHahIenoPFzsf1i80nYQmFo72bpA7+x3nr6jpz5NJRi5kLXs738QD3ppnJTH5kDWnMRFkD9gXWxYRFVEZSuBDqBMl1G4a4YfK4knU+T0L8593FTteTNFt6jdONQ0cPIl4WTmZcvFT758FgNPoAkc7r1/5JAX7YBVtrm1GvdPf9OWddL7vC6uyX5brj3NzU+meQbkbLy9mjZkC/jBmEXHm91Dwws49UUS0Zjw1nMLdujzilBITvzkDS2dbyq8KZcg4jRwSeP4+edd4IfomPhN3ZhRSHME3jrwQCTlwSzQK8UWFpoA034OgyUiNdeGvqKMonWFk1zoGRk/sAeXLJM4/9InhgO88efeuEYpFHCB66IvNySqS0hYXzBAfLNHSOuICLkTuvxo0u80ert5EVkKylGYmfKF/gQ46563j5OzHw0jK01NKS1SFSoqoYqmwrSJtQcVupdF2fiXieq8hA7UFGnpYcNaC6xpoIqFuhWFyqI1cHS1tLd2dL3LHN9TVPLyJCkldlif2z1wOiVgYdv1Nebzsso10zsM6bSmQmdzPp/Pk5n5zEJMzZxPmbfqMzONLEAX5tFaN5cv6s/WFhYntlYezazdHO2MPri9XQ4enIg5aBlY2nkYm1GTcTL4ids4EdTSblQ9lPOg5LLWn3vzIsBR0IwT9lXhlPHRGqizwRnYvj3a6TSPke2lOmopQo0fgUmCz01g3HgCJqAuiih7bBDzMTIlaYEo7mNHvCDPnMoOYvsfbZyLGKuUmx0wG7fT8h6rOzZrJ30i6L/l3PRPff9EwOvHMuC+E1V9zLLDSHWOkTuifHqNpSwIyvCm8pdYBJ3XbN2TUVrXlF1VV6Rc1mZk++0ipEmUqzQ4sjcqYAHBQpDY3ZRE1lpc3Ao+5Znuk/16mFBLQ1HV+czhbW3bGRHTIx1kBZV+sBmnSUvJljVeaHhdVGFnliubVUjhP0eHV5URsrwpUWx66qy4qzfpXC+sNWKRMoyhZa9g0ZDAtsDXfroCzPV1U3oM13aDGT6i/MKZV5eQwcTfU1NfBBhjktl2rEUpSzX/uo2eVWIsjhyCzoAaG90y5aJcq5rreMHBxFxc3VtTmNEbJ/2efzztfHW7zuujN41Je5jLGj4MpOeFIgVEjgylg5YR1zhjGquWDUaVPGMaxs+1VVWesb6jdb04B7M/Mz23AoMZWqKWvn1bIH8TTWSAfVIvol5RczyXx5SleXc8QpJI3uvUib4pwtrLibta6BZBY0/gxNLTBdGCkZ3ToQO4vvL28gmiat7ktpWiZedkvGx3z7tGGm7JqHc2OBVjcGqWJmA/HwxsaN2G1JR4pAWeOjhkC/ntzNl7eKyY6X47EU207Ox737A4aNNq+TK3/a6KB7Ar5RGrcXoueRAMuDCa1mp7uJODFQQcCe8Zc9rhTQeoa2TMTdvAp6FAF/cUmJuYUFl9dp3Pttk7fz8a06u9jSBdKjn+HfadcoW+nCWuAdSinNSaVux/Vb1sbJ+ak+i+uml8PbQ01cRAQ+wSRjCLFLrKbd0Yr/M/ak2/OS20k2DaOxQxS1ow2EzM+d4mA0JjmzrhgXLF7c03zB3Iv+GSy8EhEbIgWlUm6x7Pgy68qu5g2cT5ufp74PSXOG+gwD/G2/SGXXgHr1ps6xP+NCcHuUTB/Dtv5EhYwJ2DpMN/3NzMgMr1ENQPBdOce9CzIlrrNEesfCgkJd80dl11Uzt5eoZy8Uxw8dQwyffBYrLDLAjQHNXz02dB0iHEoPcgh52zhRcHfifKi4mixtZXmVzSleoumG65u95cWXIYUCrOGNN1+HtvsXeWb+3xnOHE1AwWh+LN70zoZ7wPKGt5ey81vSl8M8nFvd1UlvWHuWodeX/E8Ra6sD+0B7QxpjK9tzetvzvlhNeMvh5YRdR949DH/psSoSpNtDKwMjNz7ehE/YqbII41ZQhSgfyD44nFE44irgEdveCEHXdUSHcuzK5qhFC638cA5BYBZiQTGMpo+Ung3ptzQpBnVoLeITSY+3NAnjHAB12/31fyvo16UD5emmaNxytscMJeWdv/cWMp6XAbb8LopqCss+1KVWojlUHgEK5vYlYzbEUmtLvgyVNmW2g35gBRtzFUOAJrKv4AF8/nHLPhK5nLLK5gf5h90zM1dtdjhcHUeED06KMKNmjtlanaEOSbtZfpLa53D+VgtfZqnJhEippa49mNd2XSj7Ex8urGeKkxgyoICIidQqJpBm+q95WyE4s/Z44CW31kS5SdS2F+Xww3KcZXDSZmprL25E5HwzTydACJHeacyd+hmiQaromz1NiiF1y8kiwNDU3FGYMIpyMpe4Urq/ctxYGrpfWwvNHLE5L1Vabr0jyYrQwctSlZ/UhUWQhv9VjirBpGxe7IcdLq48uT+opfZ4zfnAVqczDsiR11EpU1J//WjBrVTI4WZMjeufh5WphoeVhpuefIIc2Sy8s1NX9vcw1tZM0RAcrR771KgDmiBXxpojL1Izdrvow3x/2bgi4HViZKZLxI23aJXWZ1N76fh7ZEN80gc4YFVtEq8cH6Uxt7DCtOt3Yos4qyhOXADL8Qs8lm2+PI1xbGZwXl2lsGx63a+D0k9fwm/HKNRd7xpkGlQiCn4luMrBXawPN3vuEBzu8tG/nI8FhN/CqEcRGgtMtDhznB3N9ohFEXTenAe9/xV4O3De5Ak8Ikm1JqihVUlbNruST4lNfWKvnrs3ncT3flfTlOJRe6yT6+S9uwOBgY5eXo/OBzY6zcmqm+GJVPjs98WzArC5c82nE9+nrv8EXh+DwfQopWlj6BZcEGxq0d0xOBU6rSxGjK3j7Fk/Dc8Gpro44KzgI2gomPoVIyJIFhSXFNNM1Syv/Nbh/xQJjU18VvIWr3RohqHwM6z7gGLMEeehexBFUG4YkepFtaXeGnboByy71Rlh0iGukOXMx+iDkMv3gV/EXnunr5b3hgMaUtTsvYwtDWyM3czxSbk74ZCETO2MDfW5vmuuiludWV90isSihCEr77weVB08hgGEkO7BukRcrFHf8R8ZdiZ1iciyYtr2ud/vv04JJGYKIdmif2+IwYNbE492mxcvOO4ttzmltT2ntT3tj2sNO2mFD8l4bFgHzWcM90cc/rT30CdhzsJLWxdkZm76nrmJlS4BlUsFWmZp/Kqx6YKAB00B+KlUBjlrKS5IGO5zBXnnamzm5uRiQsebhpWiSZgh5yeCwSE0kNQoSG6wSiROeJXpPTSg/+VQ+JmLuZWdvc4N6387z/wYsDcpWRqC1qhlbCV6p9PuJHAmJKutBEDORJqZ8+2N5qxoJ2VNMQQiz3wZSbRRdPWkSO2zFlOSKtXkYZybSU28bmFn9v8AVX+s2T2hcdYTWEv1fLb1CLlqo1lTPaxna3kdq0XZHH1IWqsmsy+aNedSL8aGF14MVZHz+glIK5x9/sNuCo3A90eBw7xISzPMZL7dHlx7Bl00Wz0wo93lzs7mc+SQmc0JVZWFqNPfE5yWspMV96fidc/8SBstwkxoWV9YhEBBIvlgkdL9/crTcr/9QlnqEJmumZFQS+6VKSNimPy2tu9hBaMqJrQxv4xDWU0A2pZyXhKIYtl4aWqMaXwNDWfsYVH9aLUp6bLKYrJA+tKKE3DF82b6Iz9LXXZDQ9RANLUykFtzAvNk0BQg8/qjob/A+aHNf7qg763n+LxvbUXPaOMUz+xswFlviLTwm7DBcP2CpTPha5L3y+tjWdMRL6xuuZ27mKcvrO1vAyPuc4Rfsl7ONSBUS6ALk2dfYyISd4iCgpaOqqLOovz7cpJu212RgNf10XCUwBsrHx8JC8vH7bhverr/OJN1++Uq4yrh5KWjMFwXOhLaEjqT+tSSWHodyMNx4f26B0iJYl7RXG3h5m5tda+rzfS4PsLsfAraJOB5M1diCWVQNPitjAEwaXwUYSZJ6GZgKOMH/xUr6uD2fH/zv32OstkEvS8PV1VtSnZmgB/eetsw0GQNf/N8PD0WK6cIEIRCq0PfX5yCuniijPY5Hdq4YRU4UuhM8VHMky6v0D3ohIWFCwI8gozptHXWRKwAcn0q3kR59c3A7lmXbF3F9VOkiLQMoTDLKWxxiV2NME3bm+egPOEdeH9UB1T4kOGCvstdlEP/CJxMLawsXdzQCdyMH5NTD0JOBwmXygi3MAMmygNe7eM8WClsdzC8kDFe3pys3HzcDays/DDQpgbDH4GaJo0BhYdh0VlXdpxhkpaeoYJ8kd256V63qtWjmKczUZjwSd7Ra9ydP/0y9ZPnnK8otwBGnq5Dhi5Lpu5N5sc1Croma5G9ERCnSVQyMQCWtOfpqIn4OiU13N5/py3ik6mxkq61lqy2Js015ZAWhJ2yipWqjZushShi2B2yt2Xk8dvC+rcJG28awmQVIdZMCdCFnom3LtJlsreOhurO1YuugJ+BdACDfQBjUanFwYqkgH+QA3k1D+JW/+wgDz0b+cvh9FFCTMnepRHe/7Lw9TevvAh9Xoa10IcmGjBXv9GWpq6xTBp/7AZLWzIQSF7bWn0ri9deAj+JZvFgryRGiC+8X0JHEKkM0JhdCO7Zx1BBB7B9M8dDydDUUHEGb89fMGy6JCfEZQCiAfIzG7/Ky8+KzQ9VLZ6Hpc0ZMmX0h6uN+COK8m9U8EJ0LO9QsQxyZmbEUL+poRArFTI/IkR+08wlq+2jrQmlir5DMeOYJdQBOVTVVhbASJ0PyHMr9acpfIT+s4zmRLAOcUAECTMjlr2SEgWSWJ4iKCNDjV1zzbcnPmn+Tn8IrxHLUSO1te8noj95ebEZNX3lHqzKwlu2sjnEj9kvWLx51c2FIES6mENm5usW7kuDmFDpfAXxuZYV8hC1mDSlh4nVwbeHQcMPhIsw6xKzsDUaaPBcZvrCfsvrnUSjXHur6dravVzyMGI+Jwzmbif5yI9r1tpKmGZ8vgqXgLeHjSuBNvfynAZLM0dy5u+4cJPYFV4Z6wJ1bSrKqx7ga+skb3FaxfgkVTZlDmAjMDoEDQH6ZvmA4v2c0MvppW8wy9uutLY0UjzX2PigYH1UvDUtBnihr2kJcP1l7amNSyCHeblnUIMTVICBEZ/J7bS/3R/GxeVKRmbMx3eYmxtbJef5TPi2493hsWfyNrvd0tKYmGhD7T+JSfVI3DDLIq+l/AZevfC67BY7mNAmijvUe2XofCrsKPHvT/Bth4jq3aLpHjSt/hKUN1opOLcTZXF3HknPHFdRvfTTqnLkLx5KsCNcgrUbe84CD7dbsFXHT8PDxbR1dtMhoxtXP31oMep4czNaO4bIGb/jsmLrxDI6oPPUOU4196te6izHIWJkhCzdWF9sTErBh6AW9AGtPJHrUR1oMn2np0sKXOydXQw25i4cvogFUZh0p/vWpHTHmOtSEkebdevihdFP0Ff6u39a5Sdcxfoq51snRbO6+syw2KTjFxOwt3vbM9Jjb/ARoGvSrqPudTtG0qgF3zmDIG5zXj1Yg7fbGpq8k/MGbqL6D70bxm4sN24sB26m8VYmaU7SqmLXQinYuwmIU3RXM7WX0yNtZfvZvb5lx+3An+zA4wZhp/1TNgksAsAU7WTjZ2pLJATraEURfB0X56lpxlaXVImC3smDD5kOYJsKoa0ogjYcnvvzIOroStPSBrsyjB5tPSXHNXU1njdzYykUqig3ViVmspj9b49cYCD8T3LbdM4/5qkhaXw5zHq+fkvBcWFiEELbviyzN/TADJlJ3hXNeYYF91XOZHdURrnSj2oueA4DR/eqPLekPUlt/U+p5dnPnRLlRKKi7IenjGfMqrWX49vlNj8U3hB1lUWFxTn4n8aSKR5smdQiqJwiLWr6v2v6uasLZw4Hpv9kRxkGX0oziUGItr36Bju7zOzD04Qj+WqNfqdhMlrZWzWPykRjbDbIFKeLNjOnPYp7qc2daTldI1bGxPDPgwsY+bB2Dg4Aff1fGhr7daYJTTaFTU13zIcvPX7Xz/cEzk4G6MyGFHCLq1IDBkdqEEoFDVxakOymwdKYW8PpjUhWv5ykTEyEbGzMjV1RU/pQrslQYuorG0tqcyvzm7k5ig5vj8LMzdWxaJVKGnfEtSIFz7CTpzTaPqzARNywsqp//wE4KsXqM7vu3m9kTbzPIT3Bx+SOt98+oJoy4vF2Pd608XbZvcObMczGysrHyFrB1JxMbKznGDqQhCfgKmlrFx4pXW1evv1iqo5MkKuhQUZsN5AH0/l2ZvvPugeArreSjoIwkaLDDZyUJA2h6Z52i0ceZgTmV2P2tEVCHMQgCr43fV9B32PxBA9+d/DL482m99PR8O1tuPv9jMDjbdj78/tj2tggyFMNxf9Hl96Q3n2qRqudCHQz77v59Kpt5/MEz8XeHmb00C1DJ/fs0ox+I6iZOGDhEK2MNsOznh9lkocRO0V7Uf1FqyNwXOX7METACAFOeiFTPv1ksOhBPE3FbB3sZduHropUNiZb8Vf79aLCIUVJxbuVzVY1cT6iJPy0LGR85GSOo1AtvVV931Kj5GViZWdjZmqNXYsYox3vQ7FcZRAU/EiqvEyYhJnJGbrLapJWUdITMD2ohrNh7HJfHckxVQ3KeBykhmOG8B40HcJORkPar4YLtuQdmTqwcTKhdm5qInYXRh9WzqeGbrvEHYHmdJlL0h+G+bRDkFrwov0lzO/FMOdRhi3He8aLHy1b1yFb6E3l81Pxk0f9v4Cqj5LGEwS+sTeAhHWZWVpZ2F5Z6DkmX+pK2YsoWXraVWRuaX4rPb9WHPHNVFuDCqG3LnjZD7gb8jCwskGE5YRyIDdMmx1dDUoJtX2NHh+GXH/sctmA4prKUErRWBdlbm/0d1T0vxo/WsKI9e72JciSCh8v//lvT2DQ5fzXCQzvSZ9eVzvJ8ZCS4uMvXdoW39ChB5APbsHgt929IAB+Rvi3sP6u5TwHQZiXnF4nwfcGp+jHIK1WIOKbKdx//5f34j8irK8qayfhKqwJ01ife9Wzx/ORg4ttz8lmf0n6x5EpO4hww0mprq+tLvlS1OS3i8hSJPoWwDGi0Svl21yQ1f4qneBXVDB+nd2+7pkZ4TmKOucbewKvJcjJZtJXWeTX/bkn5K8oPTk9MnQ0PNRjSxT0L4J7VMwTN0anHHNzl690VuS0b1gua3ziZPZXvkApPaMOW2ThxQ4fO8rwKhSPzHMg5e6dDS3lwV7WVmNOIPkryYrScGeucDdrqpKS8sjGRoeP72nE3AoCwd86OITBw9PIU0pbW1vqEn5Jp6YqGR6lo6cvLa2wnhyj/USXQQ9l7aVPFjKiZG6t3U5K67u8KmVSQ5rt+VS/PRABAxfweX5D+AcLp5W+jeyPkD5F6ggVFToKWQ8VnfnyaR4EjChvPS3Ta9aGu7vbaTtSG47AwjnuwMF9f2EljTx3Iw+73x9kBA9f0GJa4KRYIGF4WFVs/bbjPijwuC0N1DH3ftcjQmNb9ecFRVZNSTnth3HMlFqkpSNFBdNYlRf3Ax1HAwxK5H8/g8ff7wVez7yfn72bnZ4JcMSsrH6ty442u79P9w6CHgMKfhWowDX84G5nrWvm5kJ1cPmJAkIKd3QE7++joSUpp7+8nFxMeHm/9eyher+dXnjfpdW7I99BWxJx0iaU1HDaa7pzIHrwG3xJvmz1dju5TbFNoZVVBW4sXzDg0r3q4UfKT6DScBmwZSQx7zy/5gnH/ALopQ+rfgvRwpAqlFfz8LWr2DBuhGblNnWxAjLyGjtB/UGhyxyLoQzXQ4VCqZg/amp97fD9TYlXA/Kw8P9l2uica8fJjC+nz9j8s4hhFxYJMeLXYNFBE1g3Unp8oqqSApg12Qd4/VvTfTW8vNcQ0LD7tBF2tCSpR4qSma6+vNLw7Fc5NXU6o2F/Ymxl7G55snd5ODan7OFq7ez5+viwGzt9OIOdAQmJqufh5oY9hk2oi4Wf9WUV/b8isS9p030jWIdohWmb8OKcz5vuedJbw+dtuHaqZGQKJiH/w0R/X38sxvLs832jeX6U2bjJefJQdhNtMyUtG6YjDf6Erys1oLqYpBpXE//axtdZy4a7mRxJUWRwUnI9WRORskcX/V/9FNTdLpONzxIlwzWIIrGZauI+GLfdQ2vHE6cjYP0ufWrLVhaaVZayNKI6S03xfZRVASQssUJfAW78TRG/NdjrA3JMjmg89OygPKb/kIETvZU+c3Mw3C8gz80v+n7PR+bmzkNyZFRDQLv77zYYAH7q7++Hw6GoL2YiZpH9BkGoSPiHvaPdy738zO8N3rDEAzd/HxQ+t+z65HFcXosFsv7rmN37f4qfjDRFzaWNdK/6GyW29Nqdr4yvCl4TsyM6tHmQwgU3aNIdLZiTonHNlAgVjej+RWGp3LBYzFUFQeJ6occa7lgeVClkZufH1hYXIxPeH0ZxIa7oF4eNgLjUpIXVETV1BU2JmY3N4FX/UySBpDtyQUHc0vygHixrhhq0cHajq9gfSfiEskNkEQ8SFt6AEDq26wTVgmXDK6T7IGKMzew1PWOpeLRMH/Jve0nKfGXFZebnpVaCf4tfFpCsDKXkpKScnTkI6l1dyZaXA6yt23kzy8vLz49ma0NDA3E5zr0f/hY12ZpqvbwNLF/Q64JiE1PULx/s9C1pWlpa7jbaT1u4lQEMJfX1HeXln8MvHyXJlV52JZiSlbS0tFU11tf+wCFHNTUAh424a9RkiO0IeIder+e+YAAKOVpl2Akz6E5OCyhZgSkjGtqbywsS2TX5Fu1KlGyX/dyRgkeEWMgIskYHCX6PszeW1O13cQwTHk97HHp5VuydFQLFcyukFiS+wyzuHmQJDRcev6WHMENAPbEUj5O1tWVhobilpZW6rdcLmraeT4vtgJNPn3w+SYgIKS8fnBXbVEz7HYs25bpZHGtSW+Kkrba0TLvU9eITZGFHTCCKFe7hoMZR1LT601VkkPWju0DsjcynmU5q896MgwTaX9+8H6s6n24Gs5wdc6mUEwUp48RVoIgjJrZQgudYNj3uN54JM/lv6AqR77uvoursszTwCcLWtRfXurelEDGQdQsheRiicT+YYWOrWTA7Z7ZfNE+s7AymYpQld771gx28KbfBASl4VBlkjZwQ9LpYvDxilEUOIvTvXUu75d0rAqwYX6wpcACq2pNbcL/s2TSJ/n4tkM40++1oYGLnam9DVdPQVJ2Il5HpgIzwHCh2AFiMe2YQwk3RFj/lz4qs4HzJCXks8BVHCxcp3BclZgkLk8iyJf2GFTbYBATq+E2cnpaK5LKk8cUMtS3iAkHQYmKmQkWb+KkpUYRwU7g8z60MOuedL1LfDznmnUTt51y88hA8q3G2BTsTvdV9+MtfP8D/Zvf3IKs+S0h1gSOKvCNRS0OClpYCaUTAdpLOdmJA6SPv1gZgjWVnqC9zlZ/w1tXCIMVcHT2QbwuSfH4FDNwgf1j4j5ulq7wgaEg/WHTWGf1pjwnl+A2Gu0CIcK0r6svhYU+Z9FhV1CSZaBGgJ87u/7Ww///ILLW/KesjqnVw9Gg+BUNHLEgI/T8RuhPvM064Gm3iYuVPj8O8JN1W4JkuerYrTBvvNsf77m7SvyL2def6f1VUAPIxKa+naXWA93OArXbrXXED5DtjWXFuYTtswEV/nTnelxh68pp8l5biiiRRoxFOFL6IItpSG3PhOAUzRVNCWCljedDLdeqTmNy1TSHfkLuqm8COxIclVrK0ldX5paMvYwmTgzlKW2FlfUTK/GgBIUMan6bpPmSGAsiv9esv0Ajq57O6i3gQNXmQtCSUyXeA2hMtGhcwgEdwyKemjViXKozlbCtEYg0ZnnS5pm3NftGXhdUtr1l++SI3yokHiyNjYXU6NDY2OUx1fEbm99ZgaQ6oXJOQGuX1fsPB8nhgvJ/Oa0vjmLW00Ih+mmrn+1M4EPnShsKI9OSChzgfeX7c51enh8/YmfNZRWH693YfJhkZ293dGRSEMP1iWD5ONMumdksGuBh5cipNyxp/6amQPqLbuP5pVf7hxe8YjOT305hFEzJFvb8APcIjZuUI+/j0BxyZBqO3h30OrszL3cXb7XTIpCvvLzNKblbuvLqWQwgqpQ+ZvdPNekqUzP5tVj5LmPXyNEmY5fKcgfx2ucDj/fBK+PZ4PxjlqaiqQ5JIGUHOEzBhfiHiDN7SVDBjzaReTObtrpa2NAlTptNuLh2IjB15mqm1+MbrK0k6TVN2bLsmzeO5v/Z+5f2mu+nh3lFbWlnYWFOEqbk5NTO9LFXAaKc2U7Pj/faq6T3kEev8NjMvx/9eWtckR7x4KANE0oXGcHb5aQQdJY2JRUtQsLAwLVxeboVxrfIKJnL5VjAz9ncoWKRRrTyBSkYx4Huf2dWQskkSwyls+DGdbMrMFhgRClq0zfeHr5pddW1+ZU2EuP4HPTRMlLOpqWt9N6Mo3McELBTtG/69Ktm6TB7fW/V6Y+Zu5WSq+6a5Giw9Pk5Lz1BlO96vGkQSl5215tpRnf7bFYaDPbOq3MoXaHqw1yWY3ynwDS5CvYIgRrxAHgsBOkjDGtgKU1hkGHP4ctrDrGZteP9FDe97pJD7Fs17FOyULZyBwHsz0j+bdi+vrfOMKRw9TtlDC9Xv31Ws5/lv/ba+qaptqfE3IgMhQoApMpegkJvrU6E+P4OqW0KUfaC5HJOQWZoaYZhbW8KSp5SulNUPQfMVjw3WU7KDcXFSsFMTtLZjlVbEO0NUpPAhGZAVrob0NbDMnR1faqPXRP3wiIu60gHqEsQE7IqR3C3NgfGpBBnqkWMVsvQ2+ZLyDNaRHygvTOyNs/uPwk7yGecqjctjwlJxJQfd8+SrEfWjfCB/27eUm1R2RMh/PjcCPwQJ/eac3mo+eZqxv7vsUpTxk7zm9RnUCOdgpwBdzGrUvBQdoVEjKz+9Eb9Mov3PrkOV/zXTFRQFb1PE9wZea1Da1LK4IIYrCNy+Lixfq7WhRRX7Ho0Vy49S9Tng5DAvjxEhGsjagDv5804hrdXuznodOXN3vr7eFy1R1cdon1dm1MXjyEJDR+gXUHb5rHUZOyqs9Jh7tHRFkkZTs1VcT51XhTI6hRq39WS1RpvTxM5J0xI5ZSzxCo08oT+s8CsOd4hyB4rwnq/8gyJehvCOFA53a5r71LwMJURG2M84fh6njubSX6b2sAHHtTMrT0/gcxsPYcjSysoKFNr1iIvDw7JSC0m5SXq6CmuL49PTvoW5eh80TMDBXoIygIMFC4JeLFc1JRlBaMCfohhYP7+9b1dglfg1nc8dPHI0i3m+4amsuer2+tRe1cHtfro0rFQ0cX/7TUPh0MtZvHTq/XG2iqUu6zuVFo5SPgfowUC7k4I2Ia3EkQljkjz20cJa4PDmDzW7HAFOaKjxU6VOrKIhm4YWa+FWXFzR+yVYzNgY0f9v8fD5ETKCvAtEQLeRg2tZqeXFZsei6urlfA3qxSu4ibD9bqGm6f2haPMdnLX5VOS88bYFznDk9h/dkXqAoApiOBJFpbFMtUyTb+eEy6AQyoHtV5FZnGWGHz2BdeQHEA3+pbI+W3fznzcCGhkf6Hba3Wc4C7hdvBpu6ralxmnKK62q6SgoaS7eEvHdgM9aByPfH5G9PZ7jJjvd7nt3NrWb58SIlLDXbFg7GnPweWtFbQ2vSWkrwwX/Njpvt0wbpYhM5odRkto4U/j2xm7/Dj+3IU6j++X0V3OFiQ8Lbik9k586jOIgjI05Qb2gQe+3ka9atx68GyPUt6BRZFFu92qDFJzbO3Iezi/kZrcYur/VrKvNwhcuH5QdgXYXe6MxIUd/h4wo8ZY9H5mZ2TjYCDXXl9R1NjU0ZCYGFxX9LnpS189nT86mD3u2tppVLb+cvbwcz8xwB5H8QEnBCFvdg7u7hxkYMDGg2fKWS+xuOFl91nwuaRnlgWFLu9/U+uzmfPH4Iax5e1m6oxujAC7H7O+ITzIQt/vn/1RMqbkJVd3eroZyrv5ZSFU6Gfz6sghxO6B7erA3vpxgnQ++0TcBOMe8yMO5nWTzO444QdNtU5JA3OZAIq4QUksUiZqoCsUGr3ko+7+ZP7siajUgfcQZnwSKJJTp/oaQAKghRw+WluTSV172utB4b4JUNRw83T//aS0HB0r2B9grNJscRdffByfcORsSKlxbvYcznsdTuDwnjmyaZBQniClMcU3T9Bi5DkhjBYlEUCA+o/wMprWfwEa1ZlxaIsdCSMYLII0FSZ02pto1ue+3zjuUmlrw3c2VOle1LywssBfYnz3NP6d9PtR19lGdHBzoJ/6CICicI095m7Xw+ekecspiztS7CJJVkeil6LPZ0v+MMwy9F2LCba64vOe8otIkFQEzx7BsDC29pQblmeVOcbHoRqqoaS1HxqjkJEcd7k1F+037yE2f//Qtt8KAnsWgRQdgWHZesaV5AMiqipJfWQYEWOd4iB7OSWhaco5mTc95O5YYfMwvDg8Ix0KlhhC+hkTsGZFe973l2OUoSCjYmdtR9eyGtyHYmWOFpUWTy2ImGImP+Bg7rR/lKjJmRWf26pE5zPypkTBP2f6pipI0LoO6j5GwyKqy6Jys1fgVydDZETkpiYP8twv9xAbB+duGjpBCzOmtY4yyRlwC2dEFYYJ4fvbQOMPe1a+Y6fRseRMDAzd5edKsLBIU9H2JfO0MyHHEjDf+nKbKTeRL499KzOvrLwS81XbO997XuylRcuL2pYzkkZbWJxbAvcjMv8bv2V9hTKPQdEw8DErzwg5kwsS2ti8Kk3A03VZ5xEoteWhKV9yedO7u5FgbbhfnnBIAjX5pVid4p+fusIkh9gVcsYq+xURKyfd9K38Hwyj5+FgUbOw2p9QWt8Q13/XUtYWNrSHjsIUpFD3T122w03I73jMjRXFjv6pFZDmy0ptrzXV4nniV1JeWtxW2FDIlJGGjx8mvTmXGMRjbNU9qedryVesPFCUuNjghtlucHsJwkNNVGVJcdvVCRvVPRtkdnJPgoxH4k2msuV7uhiRERela0aYNSt3f3XXa7+FgiBF9G17hVsNZ7+qeZuMOxO/dfngMqt6JY6mzz83dFu5Vd3Ut2NL0P9DS0dlcWNFUWlbWnU2loa8sNyuuMC8pt4IiJJ2gKbM9Pj/2/PEN3fU5iML+y2mfNJC4s6SBQlPrE4FeZH5x+wmIs6q5pIGGjoSHnP679MJc02Wdvdpp/p/deml9GwdNZyfh0YfVI+QwGpKqjXKrc6QI2TYvAXdHt5YiXh2NVYid6wGk5BQXDpYHe4/T8eejo/7IyLfExMyaGmdPT4aVlSdyCoGxCS8IMDjyU/fLaFJcle4kLb2Nh8b6cgw+0ZFpgliW78jO7A1+NnKU7DdkpCjf494qiKksOW9NUtnXE4TbC6hs7wwvaGK+nHniz4faj92AEFOnc1dPU126WC9RiCnTowN/ubSRgrrzCdNHExUEHCqMSVB1ySevtegygynToJuT52A9lBQxDJ8UEBv2by/DCw8sHAnx90pT/OwmoA88buuN5apDmaYp9uFZ1Jb/glFdFtA0EdjRzNHeDP/vV27OXhcdfno9+cSKkux1tz9ve+738x9Qd7J9QjRxc3fvXGno6PDyai0oKHBbvIDJjtE+7t3U8oCD/J9dT94W2+UfFgZ47q0qrNbStSBq//SfrTNY4Lrbw5eqX72wCinY/ZIilusxMnX5UrOt1F9OmhMm98eUaHae4yWkXUwebZWC06935yAxnrzw4ydQzS6u2q2eUYJsX6O25+acvgT0gZq/DNozNx/Fxtdrmf+SMnyW11dX6qjPKW5T19LSVJumrTDH3AcsNIKbwJHs9x20tqc2Z54q01OaqospuhtdemTPQXXlp9pnWm1rLxDt/thURz27rEIeioF7Skkwcnh1/WQSsNjdQjEfIHe+4LUDXtfWOcEiRW7b183M1K6uPF1fSwrRfUO/fMgltTFRBfKnjUcEB4dFyDQ2Ah2db3b6igZE7E6t0m21O6uk2LzAc3sb2lLwYYO0qoriX1kYGYkjsgb3jaCg62it0201eFvcdjLjypIaKvIiMpSktbYTTpwrrDNMDxZxUt1TNZ40V6DLLHmkRtPgQy1OcN1xU59KLbiP01rKLFafoHXoKk4xkhYeoUXqncDInR6Q56E/OQqnwzMy2k9wVkNHSkdOcGdrHf5sa9EnWZaXvR/uV6RBQxshIkLSDkQHU5hZmr3eQmrA3Oxezfq+YS7/DCkK0hUhLcvP5+Zio+ENtTa8eBobToujxsJz5+DlvzOwB58F7eUk2fK4i7o9Dyq6+JXTSsjKxowrwSDK3PZLreSEi+PiapqaAqBJ0sdNDvb2lpeX/16JeEKSUMtsLsgm6Dg73YSa1OYZbscwUTL69f51ckbs8OJj4WRkZ32wuHwMO488gPRk+IINmo65sqsZ/imkAwQK/fql5L4o77wppS/L9HBvYXORpMpqeiAZwBXQX6DSHV583LLfHQPQbvfvapzoWAlcQNMhj+u3+w3+ZIoaO9vn2r+nciech5rh6d9rWNX6HNT9YAPeybx+mH0CTx8d3b6gJJdY2tieHbuz3H0ux8P2fLVx07exMf59qSIsLObp6W5tbSk3yZickpyso74cMxwpxMf9BNTXx5+TolkdiVMSeZymQuGHzts+vHn8wIynKgHe53mmwxuZ7PfZT7cAbLOtJoipY48bwJEpaTqiMkX+/OfDG5Cp0606vttb1Mj8kelWT+CL5STz+PEtC4rbW3WOJK//9xIVuwOZx7VUhBLTReM6mlYlGh49KC+tTbEWkSxbNE8d0qe2tryXZe3logy+rRnw+fb+xuAdfj767SkzJRiTIx7+JPRx/hWEvnxKgY3wb7O/6X4Wmo+qaQZmImY0cEKcwdTpE84wdxnklHjnQVVjF9KUPCUa3OsBVHZMOHOsiyiGkZHRixtPcUz6rTeODzSbWja/UbrdG7Ss/qd/CXvLP8L+MDeBamZ+lhofq629qaKyqK6+Ojw6ZMoYV9dnzJReXn0413fbFnscObYWevinfOrQKOvbAgkPx70PI4074EIPmoaqn4ZzqHeSgZWamoh1e1hpkLRSMFrbwPRiZ/87Bh4G4TcUXPykxCH0EHjLUlz3UUueNB6x4xVoydLVB66ZB+WY+kJ8PHZgVPyCs5/cMI051KhGixhUbG08gp28Wr3u7z8FFf7+ZaZ64mhTgwJrqwyn5548l38fY6/jRfgpIk/Ot3FR8NC3CDHQ0FLilJQ1NNJSqfVqlIjzuI5SttdeZtZ6agcaM19ymQl0h2TGXV52j5Rwgy7lTdTk+2YpgI2JkwTrTcwsHTh4aEgTgX9EmdXxyopkZek/K0xTjWHRc8jEU43VNTohIUY11jjU1jbI7ZnyOTi2epxNTE2d9PSUbmzULFYduD/psLHeoUvhWpy0pmnCQAdtToxVdHjx6K5OcXFei6YDgDvgnZnQp5HU/eLkP2kYUays0yb7i8uwawe9eTOp3B2MYqTDqF+hziMnALeIjgqUwngTn8JyDOUd0yMnAgiDsfxawziykl7HJtAP9/cxMQZagDdvvRTgabsPPjX8Z5bmYvSAYUNWmi6iUxcv62Vpagb+PMd2S0XJUk7KXVfN5ZYMce79hsFbv98eK/w3AwMhBybAvdW0hEoLAADQYsiRyt85Rni0QRrkLp829/W8xO6SbjSMNhGsNRlBiZnAkz2C+n8FGMvcWU+6BybyV3ZgYWW4scyuX2nFKiUnR1MP05VU2draEg6N0shJD0vKTFJ9vE0BbzLqYum9sBu40W5n01oUmtK0XMM4EVB/L8NmW8bT0up7bcOOq5Ad2bUcBgY2QGV1hoNxZWH53cvkaq/Mme3OGjWujjCJPXER6HwfJTS9zgEB/BF3E3YSd3HQBERmd961THMnTFrYkJmMiuw8O8U+PDz35mFr6iCDLGoEoo9ars4SYpgeCPga89RCLncPV26biXl9HXj1N8x/ZZn5rKGSJSVAEx/UVcU8Jf70iIwgSPJoQrodjqYH/dUG+qoM4TZRGvSDB6ryAr/8jNq3jAdua6TxhUPlSzYHkvJZ1qJKyEFd23VHi6AGT1mG7maWepxM1XAXZ56kwKipioTZfPDYWOWFf50STetFonPhhMFUKf+UJfOdsa94lnm+2oqi1wq/2gaX1jKfxjqPzjqP1iqgfAQMMLYnhW2vJ9NcgaBRWVWxBMphcMQTJt6bJoI3vNe8WFqR/pMDmIQXLNuZ+Cq+oI7vw++NIcH7Ye/fuFEQIf+bFS6+Clpm7HgUYgtleL1ZPD89cduDXwygfh+XCX6Q4C2AMLSvKia6HkdKSuph819DBXm6lB6WeXdKzqaLgu5im8HFpB3ZjBRVubmFJJ3NEwKs9MyJmL3DcCHSE7HKCw2IewnsxsGjhnF1XG3pIh3JCekYWN319c4IJqKgp8dAEdEBMrL+PgquZjcxRtQeYhTtdeyaU+mObEr6HyxUbEHfU7AIetF3E8Ouy0px3K4lcWNZrl96l7poJUBEVT+VteJiU3TXH3h1V+JTlFITNEcw0Q/QVPPz4f17cttf/FPsYGGHPbxU6QVoGBhJV6aX399ei4j1vzOQ0fCyDmxSzE13kzATT6yvC7CwNOXna1COJSUuktmxKLn49cRS2wmZtxBxsGl3GdnNPP4UeI/GBdCdWuEJQ/ZkrjXN5GE1czcLNNTeX99OYkg2l2BLaHVECZCkJqwsrU1KjI0wlJZaH4bv5AeK9Yfaw9uue24d4W7tH4nNsoDvo4KDgxnorHev+mpOHc3VlZSkOsW1oIEJ8ewTDDYfHAG8b8dLSzY/w9Krja3r/5W7ZiAqUi6u7PKaGtDhe5Rw8vEivQzcAuuKTJU0LX/9+hVDOXgUgq4idUKdYBHcLc/KdohlPX7xLtvzLVOdRySoPwD6F5NfShQBv5P9raPd1Xc4+DilgK3hXQzleiDSIut9431EhwfL4gyTsrzi4syGADf/+vxzLqiiqbxtf5ssw/v5vpOHG9Q/SPEnIICJJI93nc8qS2Oz1QEzoMfMUp8+TRfZUCQhSbUdi8DS+vwrLJy74+bIxoJ6esbmIl8yDbUe0w68Q9hzKwyMW6DFyIkbT2YTG5B1rlE5cX5BmQOgyuroHFXfcBd2MwIXWjZaqnGS6sZiL7kdV5uq8Ryo0zYxMnFAWiDGuJNngAIXSlN2otHNcoSLhY+XUmx7DPWu87k7pr+ADX/dH3Fc+0wb8oMfSPLitn6/jI9dr9BjpWm4d+0ONG5f7jrKeTHzdDI3VTdW8WpvxsqM01MiyflemPJ7PTS/AC0qG3PQ5z6Yg73xnsN51wGeZse2kHzTW01jeU2JwPaC0Op0hOMerfUaktQ6nNVX9c6Xf/EZG1awjGXqHfBhBT4Mftxk1yasoDdZM+LeFdVMDE6I8ceX7iN5+I9XiS8uDu9fH06wbgH6h3t08oT0tgTEMtnew3xVFyQle48OExXDJovGSmXuFwCgb7a8cTYHeuntjfo5drh4jg5Le0vQPwHDl5/QR3Rm8uQ5a/E+igMN5sS+v0UL1Filtryqu5FAd0GknYvclZqQsRNlef2o0j/Itne7fd53S/3vG+9yowJsn169yVB8PvIBevi50D/xAPn/uYw3Lga0jobpkYFxBp+jHcyjv/1fDaq5hnvS20b8Yt3IeXZSpOSJ5VBwEnr+7mGo1icqO4WEnZBsz8Q9xIZrmRfmU3IJ650dnh7uPW6VJDjrZQMEu1hMnW9OnK2s+LTWhXNzXbHVyUpeeG1aSPnKvmlxsVJTcWdOTtJTVZqFyGAQjeejzvTJaJOgI64njLejmHsqauioGYWmYfYu81Em9jLEL6guNlw/5EYzmthbiCooFIgQy0h8Z8Sq0dEJt1w8f34OvFGsRVkq0UO4RDbsJ4X+IuoTM7xrZIqpPN+YX2hadAmFDSFRSClAzR7TLyu5fV0Htd1HurEDsyBXcZqiz6T/+W8T/SbQ6TemSSgf34tPbvpLT2zorbSdmshPFRnTwuziHBCMGmlFY6PTrvHX41SN9fbX3GQ7FwgVuQt7fX30JBpJqVEZ6bGRoaEkSdzaWjgWFvjQUIvNDyUm8GLh5JxeeWrLzZUgphodia1vBCfGK3OwObm6f9GzM6KNsX8PcUok3aSgpOxspmRnB7tqustapGLHOAb8ZOrTM1vBMTqTSt18Xw82cVw/BUrouCp4Pb7yJJ7beKHv3YWEHOnr21G1WenL2lHraqksLi+wKS4+aRFRQTqpq1g6nHQdPjhO3kz7/r0abmLhsNlov8wb6IVJjImRhvaPSYjBxv5uYvdc2FFJkFEqVXS8usr1K1AMEK8MBt6S9ZG3LLXyg2yPLueYAuI0qComdmFfeCE91l+Sc6Z/dPywAdvYRJ43VanzNj/3LXfzMRKtTXIok1Lj4bovrgqw3xrYuzger4+N3PbsH/YFDSRuxMQMn57mRkcnPz1N1NYG5uYej4zsX18PNDZ66YkN6ikpyQkLY7rkl5Qsb7fVxtZ+eKWFyHP9S/SuLzdhpYqzDuSbDOW2VN1jW0O48nLeauqryh4PzS21oOen19OVxtP108HEiY0mlhslhzC2iAo+SJI6+FEee5XR3b0IfHl/4x3bImd0MdzW6/kKvmpjzcIlJbzzEWTBK4fNvbrDG9dJ0+x3ms+HeZuSAjRRch3oPqJ+ixaTYlkfUEwsYZ7Kco7PakKnECSFrbD56smP4Mn/qb3Wqb7Ntbm+UksNULz2UIBez/2E8FLdyNJeGsomV3napr7h1drC01AjUFeQvBHvv/3aghB+/LS+QoBlqux+fwBQ8dKKg4yJUluTJ96Z2e++biytumk5dVTyainhXJfHs6KM/0D9SoeHCjnAONt5d5SnNJ312ykEpvoG/2O908vxq73DPeV/AnwW66fX43GapQtsuICfOYz/KvVdC9wH9DSxu7kHBQYOgtyg+F12t87HxcW/FxqJx86SUb20pd1nFsAXfC9nFZW2AArJCD+P1q5sOCqY65ijAqJ112cydFWxv2O+P6RkXN1ZAi42QHeXV05hzyKlNTWP65rOpz97YvMMWfIMH7Fzme30M+pLI9JiCHukt02Tvt7QuPbkNqPpk/LQFRUXOu9am1sDJKyLiqvZYyiGx+i/S1AbcL00/wl/yA+X1hdSM9IS/G3kaBWrrNFrQKauzmUH6iku/rO1ZUYj5a4jqYoD6DIgbwY9cS+1DtaBasrz//ypf3iYi67GIqeJyUo4wcSaCJfaJi2o24m7uZbq6cnzh+hdS2/Xymjz9+yN3VZ85fUj2GyYmBiR2oGloyVodf8CBCPAOoT59S7pT1NJmIO2X0aUO5pbcsbHVwWqmq2strULGRfH1wcXJkJEWYBOV7CmffOLzqrKTSKDhaSFRrAiv/oLnMzNudrbSYSFd+7uzhISImRktAMC0D/7ItjZ6Ku7ysAl6apqGGfbXs/+QkztEHJTNdFWIqFg+kHOXZpXUtLeuA8XURg2Mz2YjfgVK7aRfH9GbqAl0CRwP5N+QxY4sRCV6eb6AP0QGFx3k9ejPgzbhqfQQdpUXGZZ3epeXFlDIqaoKC9P/2337i5SOlzu7g4J8bbz8Az7N9D+ffH9ngFpEs8fAsKzjW/ZjlYsyPT+Yv0Hyu8WVu4E6bqGGnePi5j28TqKewLtl8EACgzkSuyUTZD9TepfdKXUKxVPB5bUmh8KF6EdIP6YwNmBZNxUHF9cFpCBhcfyyEzk94GxCXosLIIqy1O3V6CXiZeh/fHs2jb4xDnMEJVlC9y3vd3cHH98vNDRgVmlI9Pp8Wjj4WFiYG/j9oSqJnBrcP06VlQ7Ulh++tPcFdIlv/3V8CMk7O8nDQ7cuHjYmf8iSf58QmOp0fqs0+F6X+NtZgD0srYAmhsCHu1cPQF29R11UfnpWchRft+lIQ4SVbtfpo+Oug9m++fHh49ACePa8j5KWQtNTeDdZ5hBwZTrr1RoIzt1zSyxf/gf3zF9RHMnxZ/UXT38Hio+1V8/3LbBUBy3WwhkGWfLeZ1Dej64XhzWnW4ZHWxheZzQ9f8Fv3UXvuhJFa4tAWzOqRbAu1s0VadDC43Go5rPZTxinay+OoBSHJaqMogpeMvng1ahyYpzT7XlTPXlVI1l19a2O/AsmOd3c8e7vlTl8af2H0pOPhvRvm7Am3Lk2yd178OIV9CmxXv5+aeIem+duAyrIbmm+KJVmKItVQ4weldD++u8tgrMYYL1Y9HZ6x4+mRqyjaG+dk3tjauJeVWlNeUPGYj/lBIOzj4hBvwzOPh/tf9l0jPnsiKCf6NbSCjmTei7qpx2uZW2esgRlTqIwDeGviP8m4miHhTM0D9zbOdoe4v5l/CxM/BSlq0rTwOB5CYtQYNqVCUYiapNBAJMrdb6jq/kocXOmyPDMxOrG2ysTA2Ucis6y4xqytMxSktTS4/EneXqylqYBGmpP6jKzI6H6UtlR6kS4tlCChCN7zy1fFn5WrWiNTPjAL4fdox4iMqkRqnf1dj3x7RcFujp4U8z6FFdjbexEQjVUGVbnGSaHdHAJ6CdHD8UZkympr7CxeMe9IcxLo5F2dQTW8/dipeBlZeem52MRBgPBW8i3KjAjuXGIcyVSl3oLSYGQZY2Dhc9BmpshDrcuKi1GcbliXmkTDOUBhe/7ScxyuPMQGVh5ndzbXdRGyaalEnUXTBSpKy3mqPdXai+HQF/dU9u8FuHkERIyRGEghY1Az0ZGx0PhVL8qITs+BhKQ4MzYJF1N/jm5DiNh9v9JjQ/s+Oz3m7B1YnlSez2ssDLGQ9OgpX1XX55PSk3cRulHO/MZlpPCEuhQvUKzpNybErO+eb7q+60RhKl0TZ+mGaTzVqbgcX15Xn70tBQYWrLRiJ4pCfWCCMNe2xI8i+61HW/eg+CjkakIBYqAfZ3PJxjQiwCNBTsnq+34AbP692FBJotVCcqIwdDEmFt6lyChHwpClxcbKzDk1gJqPJIdiEpTcwgDnKFMXFlbetbY+Yzcpl3Zl8D2dyNORYov8c0UXI3Fz8mlfuFBMvJ8rPz9f9D2Tt/V/ZuW79RJRVVKl5xVWzbFdu2bWvFZiWp2LZt2zYqts27vufcs1u79927tfesX9YfMGcf/dPH84wxPe0OL/ruyq3E/eobSyoqPLNb8i6fp4V05BfWjvdLVvYzM/9uduYsPxlV53eWODq9na+VxAjS6XQBPF8/+mZPgs92bw7Wdw5eV/Y7e643/VQHjO/Vc3Pfdk5qSw9aC23o5/jePI721xKj/db9wy8O8yCJbC2wOXve1o4LVoIWJniUH1xd9N09vM3dDQ/Px9+ulk+RIqgs12qDEhCJjxBO3vumwncV5agrrCptzmwuhpse/+itryqfXRCMIvFejsQ8JJBly7FoqOBeUnzriZR6dgTTACE3NyfHR/nN3h3TFfWdl3/k8PhMjUQ1wtdFyFiZWbGcztSXVLErbC/y2Y9nKWU9bHM8IEYOL+eYFEEx0xwjcT2Q9YJCmS0ssm07Ez2E6yYgA7jPKlcIJmvi+Hg0Hh+V0ReVsdugTY9PuHsy2TPaeDNX6GWv3VjdyNZVC/lWXcvT1srTVvuqb33Yd7L5Nrg5hPg8JJ1Sqno3uFk1NDDxXhAFtEPu36f5svOMtTA0Et2EXtQGU8R1U8fFjbq+13pGXdlBs6WS3p6mqb7G81FfYnWOl6G+WmJ1VucM+x+OHc39wM3I0eCCesH+Nc8e4/NPNfjZgzx1po2vzuvodGt/ffd4hYQYI/ktShohYpcR9dkPOb34yYmUi4ice4bNFx039g8p+QRtMUXJRfEloPjSDX9EnLnVO97C4OTo3PJ872N6MWXk71pbCFSwYwSV5+rrJotTJ2XJ8QSVZYU1DkXJObXlUbjMKIJxAdpS/bWjpCKUcMH9RoFzh7Byxtn8W3Lg2ezJw7o/5a9otEhl54yVFmMGey3xX8KNzXthDXMdniq0tLyTk5tTmS0rKy3+q5OLI+tnHhAhY+F/6QXyIN4EK8px4+Ke8PHBeXl/QsjLR+fPLxBNb46kjUhER8uQ01JHhYeG6QktKbHuHyYODF33YuHay3Bw0TKRKFMnKhXmH0Ax7Aj07i6Hvb00dg7nI6ikFh8/m00tt03mhC1+YB5zBD1Sn1tgr3lmIh1iil1uuh/tbYf3bZ+XW8HDR7wLCgL7ADUUIwULC9LW5xwGsGkT4jIHGuor7Bwt+UWmSsoLaOgJgaJCLCxNrE2NX5+Oy4erywpFTII9XG11IhAQ4eBvqsgp0nEJpA9JU7COLT/uIMFjSOPt+Lw+8aIk8mfEE1WQsrg7fSbW9w7QmWxNh9BUpKiJ5pdmZh42O15VK7lbvd+vo3CapKSlzJUE4UZ8xbJz5YVopGujG2nBYYjNLC0+n96Rtt5xsEJY8xXvyIU4U/iJ/oqzM+NXIPJGCPXHXQNQMISHDBBgoVAJZ75GME3PtojkahH9lmZoLhO6QaR8x07xSJBokyhSrG+ouNx0bGjqcr9fDYBB8vJ673iHTF1rvZUctUzjHLVMvYkoIzKMgwMloymvk3Oc0hLr8e+hWzITNLS2d0hRLo+IHQDPOTbmxdUFviuDnfPx3rPZg+F+J3VrS3FlRRMXfY1CIQU19X8W+THQ83KwcTL8UyT09qQ9H6+mx5qybU6xLWwubc9x09M/mjvz3Fg4WD5cPEBVwsHDBlQonC1t7Z0dJQu1NNY01FaSP+uhZfw8RL2by9g1nuo72xs7ajq6WohgiOw8ZVvI+FZBxWL4G3+OSiH7pmrm2RjS475Eyw5YsRx+KeP0kKgo2ZCuwfSQxVTclGhXireIkMDUcMHvMvDYg7kTsLukxKmsrjs/XuhM42wk5AWaAp+6sruPnp9yhdzLiuRTULrPRqLe7XWfWFhNjzGNxmR6QicVHbsTHQH35wELFe8JiM/hpUx3m0P3WdrLv0tuJjRvZNfg6D8Ks/7pr2m+hlKtOWw/9zVo7wef2cGvd/dcX3z8rXzjdzY0xTqiSTFwlK2podLd4lLbVLCikinitVFiuXdw41gvJ2Rlg/n3k3hFX6Czc/5pFEL+60sIfB//BIXWllduLyPpBZZWG/utDTLy1D5p9IPnoAEoEXsvQHmI7MYbwH7Tb4Yfg4uJqai99sNd3lhTe03OcmtssRO5Us7ptGY/KiTGaoMbl/sdgtBAsfYGf809iHEOfqztRpJLotQDbozLUjPYMjWke3B10TusnvcnDxkFEWa51Bhtpc1FldURXckJysEC2dVNxKhmxGgayYCzgHhQfj5rJpWTE+IVbOjoZAJnyzNfrZPbwdH+MeoJzve/22f729v69q9+KcfKBJf8fFvboVcAexm/Kl07B4nWJFU5AQHsGLrwfzp29hD+Kd1HR1DVP0jD8XC/J6b3mwZWu61b+WyRmyhJ2MsDGdnIuIrKs/Oj49OxsLFeh1cz01LihzFhGFAtNF6xOV/HTldLsdcixixprM84YLVy+LXkdXb/Hpjbn07ej6na6HZMRkaiGMFzjIhfw+KKe+tIS0vbRCej4gyFhQFNjA1t3+fHBibWNvrmFs6v+0RXIPSB1tpSbs1tHRkD91TMhJNqMS4T44B52ofGRpWYjg3t9HNrZwohIM+JsaOhNmeKVK88BRSqIdDRMOA0SVoa0cmcPZIiykNYVRUpirX/ry8zWni0CM532FZ2annJuUgZJsL4uyt2IMTmbwHGHMWoYiNIxus2n3fMKILPX/yWilcAbFhZMtRhN4RvBUEziz8M5NEgEiW6/WlIjWopwowi+9J2vzYde6iGlYLdTdTd1XFkukludUdKdRZWXZpYHlrd/hH5sdHQ3Gc0qLbGU2ZtNvE9lIPCy9z4vXs4DeTiiNJA4dnVt7fa8NHW1JfGlJb9pKpNlkYnPgLctOT0cxxcGBkZmmjZSRZXxAg4So6SFSwOEj1D08uIh4u/IDB4OcicCUsB0YKy8znPuyHdUJFue+oJgTci6VprMIjcBrcmvTW2MjQ18Dxv8dk/zRHFuW0vKFRYXTFV2ZYajTUZSZLTn59gcf1HngcWBvajEu4zFqK06SGWmozSuByqTQ09CcJ+Qbo+IsWC1Vt9bkt9QQkQYZw+AdwlEd/NqB88yzkfqB4f3raY2iE3DEeelbvXvV1BifMRtZhuz5SM9k2R8RNDRxHnxD7Tmfpcaw0d6dbObNfe5Cn2g3DkNaQrUpdU9vHPkOnPY0FlfA2X0P6khcoL8kWXhFNPmK2bt9Fbf21+Zz+o7KYEUVARUWd/FXtvKeOC4RqdSxmoOCnMbOysWTb6ZeCRKcr/H1ZVycL/930eNOh/baTzeYMPsrWeZ6NvcD/Rs7+8XsBxpcZXc4emf8rtTc53qvzBR8oxt8lDzqreLYMB5zBWdupBZdkq/Oy8Xp7bG34QPkhrbi2Jm/TZ/ZASkPRo6Cla9V3EoZDdP8NjapSFkDWvup2JqklFYZby97zSPN8UnSXGnrIS2yPLYySaatMTo9p1+xm1uLu4c1pzM29XfUOtPj1XV3SSspb8krLO2sgYJZoEpdCXBHlqGzUlA/6vYwNE02t043T0jNSMmQMyUZEyRjWK6zxeBLzV+XMIVbp1V9ffjEQGONrcVrmag4NqkqWiGyrqCqKIQDWDQxmAPzAyPj62fRhaC+/7V5+aDMY2p5r9h6+54Xnm+AQoblBU2YxNJkhQnZadpAEDAB8//5qnoJg++lLLy9t4l5A3sfMoKunIpw2OOTneS4TKRkYZkDiiXGw0Vns/PbWuGEfgLMWjoBAR9vpDBuyoM6SUmJ+FitnCYLJpcpGNFTUi4W92edy2xl5bz1EZoa3u3DSIul6st3knhAvHV5PXHwjzwCGbj0gR7dTTfjwdZQaFRBCB5wX8sjyeHfFoRWOWQKVAcC4B2X6bvkXkUrPQ7Px8n8ExJ+cglD9FWH5MD1hUqNAPvIgc/Wk9IYjpF2J/fGTZPn1ywPyjz/vYPxYusUtGCV4m+fNEXlyJ8OIQjFkEZh0Jq0JQNC/qyo2JcOQPf7sA8dYMU7MEcdpuWJPzfU8+OLajouwnZcaFsaWltf1SsgCJ4bXqxHhHu1d7O/AZqzf1BQNfl/np5n5v3kD2U830cYxdJrXK1syjtTi/vLG1Ep1bwdxd23VLTNtQ1Rko6m3fIKaQ+odyBxYOmwtatzMlTWc5XXcVotONRVlOQVFLZYvrCm6EU3WxkYcgFQBwZ3oCBf+zm7Frc3o+TgYmlkdza82Hj77e/raUKO3nk8XNu7fZg0wIKdpyq/LLs7EYmZ63t6KGlgJleqam6torc6C58e3cCQYjbZU1kbsZMWxHRxFUKdO0Z20AT4pChp8KOVICjCioVM2EcUICD9Rfnp+ONGdMq/HsZUlF4YihO4rY3yjBogLTYqa4Od8jQ4lz/IZ0ZYD7qrFmzvgvYPOmlLLe8vZeHm4vY9zsb3G/VRqCNrkdBV2+DtI811A2l7M/J+qtVAmzEmL+cpgdzi+FfUy6Y0Lx5b2Fam6mXePiztBdQT1IOExgDRwqDKaPp91q/N+CeJPNlo/F6dPy6ORJSZ9gmSkINf2JVsSxOLBaZsllNMScDOSVHe2FJd2tTQ1P+XPq/RJ+XCFFxUiPS6BiFBqFvgvk4fMCDw4wn4YXN2OQf1KSP5r2r3K8MiW3Q5h7Wi6driZipuyUnr21Osmbgx5pe2dZYQOdqgYOAGtKj6TIGFMy/149TkLP3riIvkqF0LrcwuObCGkI0mSiUhOsw1jdLVV6hwD+Wqv7qyjprYNQ3A21PDIdURPo1WjO7+3bCBHKnyl+YV18wGgiAGDpsjJ0vJylrOWJNrLR4G94mu0eYH3HS/uTGEs1mlC7wo1BRcLEREdMPLjGFTkxYucA2+w4xUqfrKy4Jb8xTTpOY3Z8loAmjiVlYqfGThQJW3m8c3Z8ip7cL44I9xURKfrrA3yr+35wUtprwJqrjU6n1e1RLL6fmEjOMXE7b1CuJOnRDqyJx51moUkhGpywYFppjnkgSTJKaDCgnRfaUXvJt7xAuDk/7PkYAjGkx0JrnmgnyhyNEsNa7Kf8FYAS3LJclCk7li4NkMtMB4JiCBGYmMXBnPpQtfn7scKlCWkpRCeQmzJxnrf6gTcXwmbqBQ5gGVRnLwrmOcuT/0AMIjSzkJshV6YzpRwIlFGOmJtpv+vbip1nyZDK/l69/YKN2bn0cgyTfkCCIpFWnie9MMPQbRBl75YNC+2aINQi9QMEHWz3dz1feS9SKy/wiAx9REXtkLYDIkuYDbXfh5CyoL4Eub1C5RsbDfWTNLlwVxXbiEtPgSPxMZBEDKH6hWTpKpHQ2A5jJBEXwcU3+/tmJ/t+VzGDIhNU+6OrpbqxzPVhc/y+PpiWso8EjxNB1bYb7wiK5O7Cys7SG8bKE7Phg6uDlZWdSWLQL/tPd/1rzzNhWMptRx+YQKJdRQLVRNaHg0Q2VVc0rtEpAtWmHva2et6O6tb2hq5ams96CkFOVLpyK5pKGx+NLe3NZUgiwmLVpoclV7Q0TxjNWkF6woGHzlKcu8lOB1VvX2KQAStZJ8R+jIpVGTvbmmTvHMl5F0swBRjz57cxoTx8weSo4oRBwPixpIT/GefN+8K5/qZ+3jQ7ddj26zMahozPszOKmRHSht/ei5KL/de6Ij7RF5RIFde4D4nqM01v8yuEzHyUyNIQCj6loqwF8COefdPtnuPj0UYHb2M6oqL+FbL5nbB34wgytVTY/6XN3t0i2ds5eRq8j2+ObHD5/j3G3CEYl5Iak5Eaq3G+h4+Qpii7JK+wmaIqsTU7tj31kFdYSU2nDTuEC3IvKFE3mAILrohoS9PNHjCkgnHdeptdNfK2UXOCCxjZN0F7RJxgre+ipralK7WKF8Nx7yUEwXJRs4aaXI84astzCNk1yZd96SD0ip0dD3FxRxt7ReW5253SB5CyvUrVtLTSVFe7J4aT0JZqUJhwefzf/HNbjluCZl/ibgrHzwTwdf9MYkI/hbi5v6Sk6HQATzsTCjI6/UoyO8NanmnIyOgwXflwuDDptn4Pm32LyEhNjkNHwTg9x8PGGTNkjN9FZZx7cp8pn+/+bdbVPZzcvJc6qGJuLG0l4GAnJJSotre/a22hJ9KjgFASzAyxf70RwjZehRXnfB+GRgktO7/I8CN2BpMOoFiM/fmUNrjV2WehxZz/G2FYiBJbGGSDwjl38maoCBcY2rKqgmOAKBYB/TvmBpA6iKgn/wi15pZZChT43g8yh7d00upICmYJdR+bKVyBgusXOEjOIJHe07lhDyUUrJic79VC1KP9/Eu+Iosk22aAenwMzxSJBcE8aVihK3UPTnLUN/VZ7BCm3t0JCrTS6G/NWPmw9fjIMV6JKfh4Xv0xPq+u5xF8J1n33iKzC6kgxX5ce8Y1YqhZCRGnfg/bJp0IJbbrgzZDAFTJFYPE6teEiEATGWWLg7XBxNDQ7vIe3PlhzPnO6HbB/JKR1oSbybHZ9jo8sMDEEKaqIa+rs7A+vd63G9FzmyQ2CuUP4VdMzhtLgI1/eICFhouNiZ+SHK8a+5O61PrM+hy3pPi01PL40ouXl5n19mTi7XVlP6zplgYPEqRXdJaKli/oCQ3WeahMdDrSiJ3JZwTeG4ss82zs30wscNr6hfcreAKqNoFur/rmLubvc4UI4gJ0lZedKerJ6dpQAy+b4LO/1dCDN/9U2JxDLjXu8+eLkILEitM2OtEBSV96ircSSwlJ88oBFuVk+bGDHBfIixrGS/DO+RIZWOT6kLDG+GXnGYy5Vsf+7tnr9TDPtt79Y6JySvSzAUS1gkdZovvXI1UKM1lTQ9noIUU3eVPDxdwKE16W3ATBIrmzFrFo99FvchWUF14fKT+YTMGPFjICRlZkb6k8WwZYli7U56RtDcxJ+U5+b8vy/Jtt6z4aH56Q09sn/6TZ/2p1//P3qfrySofWeU/aO7KyMbHBlYy8f3B8uI+Dho2FitIzSkFNVWpm9wC3ExEeQZl6U4DYItxgzZNHtEvA+aIjXqbp7g9R/YNE0Oh8++DoeBf5+xkOyvGUngqLy2LTPdlNv4A4Ope6ltqiisqa5tZDbiewub2TLIwOeU+Z2HjPZD/B/svzBThyC4mzewGie4G0sfOGnrGxoM8vY0txa1NzoKu6oKzgUkTuyQOCvbnhIb3aMQ42DmAy+hAu/rllexDFLTf0SIju0nf6d6gaxtDo7CL/1l5J1HvDKQZpoWqVVgf6aCgcQtjNHayM1Ige2VX7uwAWshVm0w9PUV3Vx9/fodeW+CiZqXm5w1FxphDhjP1D5NTXfmeSuFl8Sv1JmlteNNK3h3+Ph1ZHtfTNM6Azm5Zj10bwsxNPy43KzavB9nmnwotiXSrQ936TxwzJOTL7y0ILcaxWT4shPZQdecUOyZzqcoyiLdgnp3kI5+emKXsJHWUiQqxDGi8NC1XtGy6CXM8SxqmBhhAeuciwtFSAbB/sBAe4LyFmEuShBPc8HvL5XkMOIRIi0pt2NNejrg1xUeuX2UKbkVthHdqXgiy+NDxPJcQ4m7PyNSLP3EKe1ny6vgFEwpCEv7J8l/p2u2mJIa2FSBSvki8/7nVpvT/ZeOBiAwUNnZl77p1ptbOznRBgoRyxJ9IFGEhipUKFDBeAOz1mvgM6S3NtxmZmIqRbDAw1re6o82xOzn5I4+O2R6c48eRJ93dVqckbLfr2p4N4bKpVtTeprS+JO7Ops+Ev1cNPX00E7OgjevREhYvcPEL8fCBMEFSpS6wssIqLj8WmKKlprc1Pcc/xPB5NPKzfNhy2rtYuDqs4PXXrnRFZ6u9YGx/Q/8x/HSDRBtIV8ZZLydB8i+nEwfIEobnC1vrcHB/0YPl63EdSfIDhZSv0oAkG20Fik25HGszAGtJYfF1W99+TyZ7Vi78vm8jk3X9vEneoklgfMJeM9d7qKXRXVPyN9aBuTRsENhCxzQ29MJaVG0R4T3W8mou4X1Yg7U6uxsan3mNiMYbFMI3ykW+edYaHCyZfxH1U8LMIwc0adOMmPsV3Dz+ZwYCJVrwqMaYZpbLdTwtvSddMtftXR9TEQFZ8vCztvau6naMn1V3TLyjJvB+ckFHzuvjzM0kmU0NitF6un3ai0JmQbrxDbTeKepZTEa2LhwGGigvSPLSdPz0O2EaCk2qYiZ4uAP9mjwUfTTUk8z+S1Ycx+59xOIJPgb+aODzcwArrzBbP5zWuFhiokLpl8U3wyPJ0//bcUtPKzp1ci85iNfIS8hKr85Mss0u8MouzRBW2Wyh3EmXpGnFztgse+0ckg/7+/SSVIqNQypM1S00PCMDZ6sHhmRFywEiZDa6ZD6+8ylIGyCcPTA7RVEUHb5Nhj9OZ5c2kFDS31ILVFs5a2juLGo0B5BWnHrystxYeBQWXyvbSMLLE0pPDlifYFGWnXgcYR38JYkmpI8W3AwiJKX/9VqQeT/xa6wABKUBEZBCJMIFwJ22jyV3teeD1uLkrGmPNDfRXP/uz7GYDxZSJjAyqSPG/CRFMST1fRW6Y4LXX/fHVOdlbXozgHMtOU1fCKHr0/8aOF+f/EcoRsxvb4UwQ+GF5/J1Oi7EXxbd11YyIO9NBPMLtmnD6a8zcx0UV59ZnRvSv2AYWCk4NYhpE/wMSbGjhX+YBgoooM5Fi83MzOdqtRqECx5aWOIb0raurexGYPRSCuBjl8s72pDvKLaa4IgvzWCE9efV35EKM34B/L30W2q86wngzIofkwtgnsrzlWPwGDSPvzYLR4hiiDKQIj3ftCqEIlQUVdSWHcGXbZXK0iRSlr7Zt7Cmv3TixEXkFMEMWyLbvxaEgGZEjSwHMUW/vup8QlUhwECKir7NfIhuDT3aL0f7h5AWwiAILc3lmFvPVVSc8PEMI8EjVY6cfyVB5+1E4JkJxWPif3f39J6MsrYmNld8OSjP9eGMdTkcbLE1UpSPHabKWSw2O/JCRspY3mt+fUvJUTUx+CQiYiKjo19Tr70wMdX6EFSb6RVcmnW/QUVlypWmEjJVxwkukwehMSvmsY/k0MV+75FRYimnMJGvK/URLChS2fwtIAbGwYZWpbtcrO/2Nyc75W4SqIgtiBsh3N6ZExyw0NT2DYYY2eXyuTfTuzu96X3pXN/vne99Gv5GrNCZI4rzqOdi445TENt+681Ve+NfpQd0XST/fJEJEioE3Wp3h2pxRxtpMg4iYGBKRG9NYpaUD6VuCJuPAP3CrXJRlDFN6d2sLnd1llM2X9ejKON3VoLqvXvuMOQUxLQoyyt2tu6c9NDent+erIyjk+e6Avt0tJfc3ZxizqwKlrVMrfHOIChm+S6B5ZBRU9lTm4czkx6H283FairGKQXCardovdUFnyaaEvJCPfU1OYs7/JfwiwMYwtnnsXvSR4fN+bHr3ePshmLLpimJeJrNXtrmGdtTpInDRUGiPo6LtSeIoVWQMFIAoJUzrl4qMn49YfkSRj52bFCCehoIyJkyWgrJi7DtGf/WcJmfwaeoLBCD9ZvXiYfN6M8e1YOEctoTjDA28WSmVPiue8mt4KFXV6fBk1TBKknj46U2B9P15nzJNKek0ojZdqofILVUq4c5c/0DD/r32Ak3HX/v1ZChvOSEvIy1KIk6K1D7UA4wwhxtA5FV//1519VdVTFka6buoNFeIAMAFfqfJwVIAljwWhL0YgCk6focADblHSmwvnDDPXc+IzKTg+hZX2wsI2duNeVh4Q0VZtpL+FIJ0yed+czS5kWYElynRf5wzc+C2g0648jVoZmE619zixNwiYAYsilS3Xazdzq/UOawyT7z9ieh3+KyQ9huMzisZkFEFM6b3464DX2MtUirbQof5px4iPaeTNWL4gXBqIzReXkXEQo6+XDBxLkOQlUABIFa8FQp3FgY7MlmS71jrCbwoz1ysCHCsEAbAk5sLZeeERRLC5sCJFxMRykXGMPUd1CKR993m7dkgZKKsUcOGEx4y+K+WML5WVvSQv7zy7ytAhaTPZ9Pn7RxfJ5GBPCc2n/bTkCsx9ehvfjDdlMKKigiBY0MlVfqfKHSKJa5SUkecnMHsuMk19KwudbUeXvsnzq2VHH52orKfnTkM73GFyInZIb06MyztJnoOlwd4njghaUsX3M225sb7epd7IzLbQYEDcFDCX74sbHQYTlRAVpwLWuP1vQfEA9+ruDyHSDdpoyO9AR4MilucUB9WoxatIoN87WnqWJ48rzsLSp6PdvbqPFSZMB/dQnEK9t7uJi4/k9MzNc+PsEaoSktLLS+9eVPJKsrMzz2fXT4mQhLCUmQlNUelB47ndw6G7t9vaa2G/SLSwpGo2hzLPA8zdOPBeyiMojxI7MwlPwrQ76as85cev31ne4z5zvaQ0O2cAiHP85mAUysoJGc7EtOETtYGU3QCxvxPEK1gnRr6ZIAG8j6+Ke88S3Yd6ipNZOES4BOU8LBzCnHzhX1VgZDlzYKIBdRrOEO/gETKUSaHD9Gz99HD0PycASxoXU4gGEaS/d6TfyZ5pJ7gmUhgdT7S815Vfml1MYw+VGSpqfd+/NFz/FZLzVR0VxIfk2YLoEohwE8yu/xrqW/+Hz7sNwfx35fAg8D/f45qyCH+jfai8dvkI776pqeZ8yLc6u3DBtmFTg94jxQVDhtZE7+LASmX8O/fIJmgoSUsJqg25ZuEJtuLI1Gfn2m3A+TtZfHWBYgMf8WOj01+x8g3RXfiIyDISIY3JXVkgrstkE7hKNDzTK2mp9DGnZoYpSj/auzg6yXPkCyOimYcNkZ54qHRKkKF8yo0wELSkJEhWGW5BrPMLS/urAkc4vd2F6Rn+knql5WpDeUCS6xg4mXBzNWSU5MwJBkTbbK/t+fh8aTD2mVj4k1Dzh6JnqZnboz5HTczgSYs0iQkWLTNHVqIHhUQG2YPm0Jh3vJ3nNjOzPAQBR2VAK/v4e5GXEzs67dv7Yb2p+ElyBlS3WaWxQKD7G/oEMhmkQI4R0eAnBlStXIG6LyT0/IS8YV2saXFbAttQss3qPwjs+0GHwHzN34h7Vy9htBVTHENzHsGkAbq8SUiKvNgVfxZPNj//MQyFSBKlRsxcUptocWLFDFCQQz5aWZpAKJncXLruwF4kMqcUHSyJAizG2pWsUt9GTMgvsXSTr5AtYPj2/oOYGczJMESZ3PoOPdtyxEEQZfmjpP/KR1hxofJ363pEusNKNN+etX1ebrYquZMZf+T+FAA7/YnkSEMirY4pgfw99rEqJYjyCFIpK2yKGQv01mevDU6+v39VYdV9jItNcXgOuka6spu3B5qh8+bfih+IvTPaauIiRJP2qusViYHT/st+XCWvJLaz3GKyN18aMZkfX177kw1jUXiYVoKCuszIO+HjYXx08D80x7EU8DxeVa6V9fLzb2A4auYi46zuvTQ2PXKSMlACRIVKI02RGmfb/R1XxzmzYaL2HjImLjoK2tzVdc2VuSZGrl5ldZ9Kh9uPx21xShGpMU7ls1JaoKUmP1UXcvV1s50a46DJtaPNR6AZVf8UEZ8V6U4Q7D0yGdNOdX6i6D8AvcHwxFTgliqekaIzlo8UalpJ4rVLyiW5VCjbNc/pYkjYjBmzmsHtsJZSHxZYD51W3WcYEBeyPfbN/Xy5zLA3eWT8hEW8jFkBTc7hP/L9pWbbiWUf987pDKqWcrNVy94O6SbPlTi6/Jv/9z+FkPwcHa0/Ny203Wv7STZWufR0NjAyXi62lkYb0M6LUn5Uskb6Zn48Gh9dr7Oc7myzOtxAPa/leTy9UfPzwt8XtdLnlaX98YNJjIyU6S0om/e3qUq05FfXRRK6Ym5eWl/5pU38nB15cppaKpsDI+NhxmRqK1ytrxCCffbUeOrrXC4P30R9R0YaT8LRNPXVrS1PLQTYx+iC8z4nZqmmA1Xt9jAOxW/KDxY0PwSyO4OLdJPOkRqPEhiel0L14L1PIBuTZJwnhDFM7BAI5wAopuqEy7op524xs2kCp4+EFB758x4/5I3T0HRc5dWtAgmDxt7vIeHQ0S8vb42ZDS02ah1u9pGfiLU2fzITW+/CjVjk+26Kl7u/h361QT3d0b32DgtLaX1nz1VR/edwEBmUTJXFWoy4kBkHBwctKPPqwu8gLpAhgRfkuwGZ3s1Q9xJqAiW6ZmZhfb8ogL9wEWGntwoBvLWxmBwkaHvZZTk2Hw/xc1qH0hQJCRPZ5Gw+T4yivNKIvq2WWhRWOhS5kqUaKTDC6GlNSUxI1iJd6Zyp5SYeLBn01Z8xcCI8CJysp1COTX4GTVggNf+kwXwRrjYsFS7Tswg92QiAhoCOZsFeQh1GjBDmLjnACFsPai+ImrpvHAgE/xJiJfdg/kLYpoZF/or3NWXHuOe+67PU9162o9QUUtQAgXJGvT6cWJbCxHrFM5VHZ2kzpnxl0ZHUwQJzC16e52nthUs0LRuGkOMoAW0CfzQGUCVdpreI/Bu91qkfIULspHIT1FApL7kbgdO9A6NddXlVdWZ/mDh4eLlyJg4CAoaCBIeFBUhC3co+DKwkLBwPjAb3NmztI1U2N7a4bp9P708fhvriu6srYzIw/O+2wFZtTlFq7rkOs/2CNajqyf7qWZ5mM3exR1LtQ1/0yNlbYiZjJvxNn3thfAGy+KEgCjrlZysk/lWzdpE+Frv/KTvbmtiDsP+ao45DvaLoaGapa7dc3MlgUdoz+5l7psc8KSv9Gx3VV3wCHF/NvFm7qEHE73MM6Q7YSOAjjLRdc+U0ke3GmClFY9nPSzbuDdUC6ksBxjhJwJmf+aRhcKQDem+vZ2yTh1CTusW5MbwZRUzTX8WEN/NhK0G9Bk2iIFhm79Rq+IOP6B3A1sUNlbdTXWVibaE8YAfDTd9ebKWp4wD15lvRqreLzYmwsQlw98ximDDtdoB+B/IGDFWzhOV2i2eWVZGuT77/2lE4j/2dOHhXBwcXZ0cHO2cgAbP8zuTkGtF0TNSLgAiUm5uVmpqWkpSCs5oTIwEAEb8uIQU5gGGsWR4X96uIJEhpECeV0BvX7IV2yW/bNf3z99i4vrG1GQ07JEZmnIJo0n9JEaBIsT0yeulwZmx10iI55AZ73nWHUQzuJsTr4s/5a/DzDlSDErqSyuac4U1FuSVNrWUZuaXWZQ0lr7tRUjGMQ3oAdWty/gJgXrWPp/XTJdg0E/rf5z0vRw4Y+jqG2ucHRyur6487o5Gztdcu5/mF/8unnuuK/HyCR7tXOwe7RzjfE/NpEAJvck1QIlTEPbHpSBjiBiQiYqS/OcAVFp6t3rXvYRiyqr8mJgbPYI1N066GE0bNzG/xDy058jCco72XajT6ZespCBBhXXobKGl5XQ9bQqKvQkxd7E4pg9UiAc5DYhZ/RuhNW6LJPneEIvcZ34LZR+ZITPT6hTMHXGu8mv/iQYHNy222IyExP5+/V8Xk1gRA6AJYPINGbahyQFoKruEJ0UEM6mYsWDMAHE1tC8xLQYWRgbZZbIkM6Hs2gvCVyCspQgzCnzngLQO7Ts2pPcwU4ZOjRYpm5sCYRmgR8SOwk4dQuN1Fsmn6yrmsp5OuzunPhSAB8md6Y3hy0oaW3l0orM49yWmN1QK4nbbnLvThWZ27LVmxXg0hk+bTLFqR1z1uj+t1N8sO8c4P2h2bnp2SQBnN7TVLO4+Q5QVyZqaYM1O8Ql9AbE3XUBeR1wBhY+QkDe5B2JK9w/VfmFYt5qalqrCptLasqLKgsbcNIhi6ZlZ51bfa2tzyhocq/Pbc1y3lQUlbRXXblcHabdBiVIPOp2yzIKWsqKs2LzC9uL4mADH59P+bmKosDK2tHAzMTOJpy/+PU+RjoyvM0MzS301RWcduvOz+dnGG5K9ofrLt6JEb+Qwrs9CUFBMejxQMbotey0lvms10BeMDu3P9pPUvHEc/T2yJZ/hp7PFt/kb74JSqSL2ESk6FuFOHeHFq/NZzd0rX8XeqZidU0QJH+SbeAEfo7tTZKFd8X687JxvA3XNTLNnWMiwPAHi/0zHI4MeTvNfnoGfgCbj8IWJDO1n8FnUF9WWQ1Qhuykcrjau2gCe57CdIyd99yq51e7IfZDNAP0NuN+ILrgb+2YRppVaMWLzpQl7szz+z9NR/o/6brD/bgmB/Wv38FDXPysLfogk17WFNERVpLUV1cW3taw0rLF98Lls9pWUWm0sfbB1tj6md7i6rkH3hjtO1DvoxTpGQxBS5vr6++6l50GBQ4ZDUP7IhqAkJBT/nf4rNt2R2dlzyMDFkf1io6hz1XXpo/UER5aH5QTPMDrFqWVU475siZOamZOWdaGvb2llZWOOi52VgYmBhYzxJ9OHhIzG4sTZaZP2Brcse1YH7vcLl54lOnpCWgYeRlL05FhnLm5KDmrGY4tJPDlM7uIrpOjHu+h23Zsz68O23NlD4QLZslIcRgebDCd72fY4ZZ3r2tbGhr/SBNVH+hPvsyfr/rWmVZt/+IAJum/E3BcSZlIK+td56etvw81ohvBpdYcd/gJ5uQbxEIKEdDCBIv39nq9arKAfM/PiHNPVw8P9VbPb5oSg6lT3eu/gFN/y5vF8mCItfmbntbi5fZiqTFYHGD4jDxMdPf3LOBbSUh0+JjftRrMLz63ECaympnSNnJTeqkEstOwPI0ehr5T7dswt+QjGkssIIzpjphyTsT9Df4/8zsHlif1OblLnRkmJgiEZ1Ydck8wurexLyB4gMm1+olUJLe4fcXT1lApVEv1Xbx75a/2zF1Z0BAcuRXAJMpScTJzen+3k3wF2KQh2yI03DP7iSb+bW39XDar21z6zi4oZaDiUSFGi3T6ijGv5w/FbwkKFk05z4zczAlhatE5qX2dMq6Pg+BWPTe1+CXtrDCuiXreQa+4fTfH798VFfEkVAHcDXO1xotT4aUmrSsN9qDFDhcMsxosJ0Orc8ezmBsSLcOdkBDe28Bv0oifDQrV+LRwQYj6yCoPL8FFSHtwDjNXLJq94tGqxm1+eHdmN0tEjvD0PFeV7vkLl5xsVFOpGRIrLiI+JS7VoaGmo37fzfn7khZtWlVluMTc8dFlc2Jx7Pz659zW07wSzbRTE6PpOSa3Ep8IglXXDFDYYVt+4AxUtbUWn2h4uYg+atvvmEK1OsfFT1J7oOzY52NXnlpWV1zTW1udm3/GlXkUPQ8gSS46YituCC32z3fg6WLkbBDgYO1ov21IaAubeBzro7w6O1hdDns9rgiquB863NlLVVgvTtTblm2uFOTpern3sTM5R7VxAGHywFFShm9jYVWnts7r8LGScXfIw8op8yMMH6crrs+r6iprsncOdHFjYO71lnN1zd0q31en17rwVgJjZZXkrNZBRknzTc8boxnpy3f0VH7255dXdp7W1hamr/cH5UkfSMs1Ss01v3+cIrKO5dLm94dXZ3tjTeHfs4KLpcXfM/Vm21lESoi++Ak87qgL32cHa+Ft4mDCzP2TX/y01d33ABPFxMvBQcZHw9O36F42tOOJf6JgUqrRqBDeqfJskmwoLPDExeaA9pOXI5L48xsTw2fd4S0gfbv5z2uK6QfeSrLHcqn3FA3zoJdnarh4O9N1OXg5EsGxTxM8ED6NYiWUoeX4cvYUn8HwJhKyr3CqruCT3VEDFz9ixH9k6dbg6dsTcVWQkUO0otb0otTyzsDr2Ufs4sVcGbr4PFSTQZSkt8ZVURnTFoSNnpbqfuzxMcNt+6hUxHaLEzSnO1THV2ep8Q+BwnHzPPSQRFRV1dnb248+vsj06OEDGwPh7SHC0fdSPKRYpTV1/H9XdKNnpB96D7PczdjNJMHd3ttJo/e4alpW1pp7vAg0bFwMZxcrcihrz6skqESDI8uxF4X+thKU3f3DLIiYQWQtlxQlYoBca1YdNQcCXVo6XPIkQXvXKDB3YKykOTZHC8ieHmAbpFjc+mzxJJulHaC4Vk4yFHT1PHAycdpzpD5RT2MATQOXgr4XH3Kk/FoG573Vg+rvMykLHAMnjYjBhtI7iAgMWXtVQ+6+BYXVYXviTuwbc6X1bll+lWfwK4xY1uDOj+bNJvvuqZqNMvRLJiVCu8l26+ibCujvU8Itqk6LbKUd/lDs9kdlJS6ckr8JOzn6HrScmpPRG/LDr3k2xtMhsrGZetXyzoogrmVNTMcCaDiUmGVKqTw4FH2Qh/aKAnhg5UiO3tIBqme7MjrqNeuR1Uz7WAi9fI/4ztobNZtNd7YX4cHCjuf/uTz3uZ/Zw/TjOkiP8xSZVl3PTXk9fKUh3k37Xm7HHqhMbMZkLXW4LN3vmG6eFk6mtKtU/f5K8eosbT070XnwgAQVRBS9NfbWBedvlmX41fjMtmbFYeoJres5AUcfD4e6QoJmU+5IC7dKt2+E9ic8jr8Nt4u+4Hmx1rMwtXtPv3Hfb/Sj73U+EynKiooVLWxNWb/gBm9zb0HZW+o5b1wWI2/OjF5/b3ggeNrtjIHkOVNCVaRIsNfEplBhQmra/H9+C8ynYANcL3i5FPzUBqaP8BFJ8VIU+mB6FO5MwRTBpPJ/AuxQUbvzv3GRuGvQbz2/wyZVWVmzt7pqaW/X1jbAXYg0+0BFtut48bhe/2FxcehRpKq1srHwyNFfxwX10dy3pTlsrN2ijZMYXWXgrrY1I5lgUBNibhcr9a/6q/vsTVz0w7P/PlCHE89Jn9pUoWaGJEa+bGjYyFnBw4H7nyyVqdBGCk/SeAo0i0Sk8ficDg6oAEUre7qx/Xtx6h2BuPGMAkcFs5cETTNAaB3sW97lL77OWmZAXv92f3ZFbv581xLoX204XEoPSdiofHTfl6f7JgdSf20/FzePt/jft/rPJgZHd1clHgVSDGC6bHznmqrbKvFV0lEAdLRVtHfnH4toLjYsOyya48LEyiSxu6ZHhyc6UpBTgrceFtiqbLMFnNpW5KlHeDiGh4TukPy5uhtZkJhfwpT4+Pj4qKqquri4+vq6qKqtpytg1JsJUaxIHkFoK8rVvCOLiXanpiVh4SeleJGsTE0tjVF/bUwuCMuJ3xT/HvBcPTOoNQxaCvGCjYdWowQN+GhAyQs11P3Fy56RLfpUnjRn4/oMaOWTClMFNihPgTEKIVyOX8aPbu7K09PfIn1pkhniS7Lp+XKnoWELotCqh+DoGHoHsnsF7+k5WAf8ZtR8s2+HzyLi4s4TPjGgJ2eQLcBqx8oMMvGnCzr4YBrjSNd/Jd2MJcfdrU6xSGYNr6dOlt0N9+4m9hOlMT6jtWqFjiu49wTQyphTzsx6jFfx5tgm3Uw0g4h1gGWKmf4ffNcwLa70d5RCYSYgGauHObxcDBAugKtmTROHEB0yuQgxz8gxLKir8UBlJ16SIF4TtZqYkEgXCsGSLQ+ye+PAWjfNIAwkBFT399fKVBVqiIXR1bA1R38IeHuGv4RHGJqikJsbd5RWX3gor8stztz/6YEhi/Ptyd+Nnu3XtLzZgVCs3h1vti16UFaUFNTUv2x46H7tfSRL20ek0V2F0Or01r8/uz99CQPRkeaLxGkzK6bkV45WMk6ZxcYJjfQ44u/ic5qDnZe5kbqyee9S/lp4Kic45roxdmfyb4ne978qEIxhf9m4o2ZEHz3N56JcN5i8I3B17R6V6/SZVCfFrpsm1+LIbupqXu8GFHrLjENquiuPu5WjdVsHdbPtpZ5HvTm/oqCRhY+uF39ZLY0WpXoo32W/z5enYN3z69uBisvN15vCz87xpcpqg6+Pmecn2T5b3szLD+8353KHu4/vTMaZEdadPqMbK+xN68/t1UoXs5/7BUNUfnDbd7ubOW/WZWo8qaFnetmYFtbur1fu0DiDkGheBqwsf8ONm7GVwMamqyz8VpRyyqdGVosvrtbG6lrMLavNpbX3WxfQy5JDFuumS1/ut/HnyPXyXjCfQgUeBVFWA3QnC9MbuSfnfLR7NwgD4BgvkyB19dkFMW7GuzczY+2hoaMCpBIeEPKriPvp+Cvv+vwrvevv1N0bm7gaWnNoj+Xeyx0V7W9EhienhHKlIIbaDtTaNIIzn4enS5SZdZXPG55XNzG5ov1PI3KFhvAKRgQHwLQA3fTJZfVVzhbPAeFNMqsVCz2r/7zGZ4lId39+4lAxXEqZHGW/3i4wQc9VbbmDvW4DhTlxlsAhJvpHWWKv9EBv9+sAE1c97i9kES9nMRb8J8J/XYSVLAX3xvblxfbmoTFUbMhJtJwQoCapqfxKdUedNp3SlxGRkx9oxcDHOMdFAenWf7JsbYvtBTt4/Obm5uvrQ+2UqArMjXSaT4/TEm4OemJtSR3Lp62G415t/XdXWZKvL2KvD8MqtzuEGN537MwlZwZenL5lOdvU19IeOywYQhng8hHo1/VaNviJJ1eyMUIqGORa4WpLDSXG4yOGhDN/khvUl6aPTJQGjxquEfgjCz06cMSKK/YWPMjBUAqSKiCTE1KwftwyxlNqYh5YO9HiRMCLWfyyHMU/iILDiaYx/YLPnBOsrgWkgKx7Ebos3W5EKqOqX4u7mWgmXmeCXDJL0yIP3iij9sQsUz7UCDxP/ooUYy689rBqYJq8U9WO+RcuaNwtEzVduSrsgQoYtCWWJkLu6+tr8lbxbKdSeOZ9QW5qjeVvW5x0JQ1p9nAw5mLJBN9Yb44bYC2V+G+PFglHV87WusVEEpYRXNjsg3oP9sbkwGh8mqYxxjxn7ue8nHmvpgNCdvEKuwBJZUDBEWI6Qtmyp++Jx+RiIkXiAVYebUdJiX7KawotY6CxwJEYpLzCTyApMMJJ4Szx00pJ0vai6ji7eZ2vDT0CFfGhKl6/KsqTc3EtJXXNpGVxKaqLE7cHj6F3KUFIWRMkHTcCqNM4QUdOiQ7bVNtFUDU+Q9j2Ci4IHkwoTXfjGbRC81ACZahe4mRbH3luP+p0+ViWWRo3Weihfwy9cHbPNTjw+HykOLw2mX++351en714IvmRvTZTLd2Zpv/LAdtQkBRamCvrwRdNYUbQK0dlcBuW4PrT+8knVXtPeXFbfWFdfWy2AmP7jmXJAl9ZGgNRaA/lwRonNdHlvssk9nfz8eDGT5dr19nKcpFsCdjdU1QXWE25wfVvFlYVOYWoBhfn89sVKDiq7R97C+HFXtbShbuflE933I8EBeEgFYHNBpylbauSruPDWUNsAZGUAn47sPVRcJD2HTg4w3LjtGhIWpOkvzrzBbS69oG1A4L6+Cl5pe0ldZTtRVe7zohzrnZm5pbPx8dBcex2p2S28Fdodmr87efhsgU1IYy1F+PQLFIsQSP5DCUj00QVrfXCuuAWXGJUoPCjk/7t7esuXv9gtXw1zFgjO+w+Af8BDTr+GmcoRIPAHEBrFBMT+C8j5rgN6CTKOcL7jYXmScNKuLGzs9ouLLt2aRq9pnh6Zqaurt6Q7jw23Y+AlYSc53Q9u7Kx7Fvy9Fvf+5XcdZo9J657Fcej98DYACrS9eSjxVVoN9Y7cwMmN4d7e+dEHnZHdq2aqn8gUTReJOi0eu2/Cl77Tw09/7qqP3PSErAgBU62e/gxEh4vn/js47o8Qgrvp2rStntDpHXYrc3TjXPSMjH/DQ2TpAXMONwKGcXfS5Vo87XW2mzS0VRCFJjowqg/X8C48p94Hf8q6dKurZH1POWK6fw8PNxN3bdtlZYfuTlaiSAPT6TpwAeh4WTb652joCWioqEmJHvv2x31H03JE0jQUSdsMABEHjiwZzFksA1LJYLt5BlxyUQaWb5R6TH69HQ9TKJFEA/JYfuA0Tg0NgV4sKDARUNJfxL7klWQoIMz9gKUI6csruTFjhu1d3LlmbtnT4dZATlAhs8Pz4xftLmqVgOewavGlwoR3Yw8p9Dgb/kuQgoAe5ltWUUh6CA/K5gaE3MrQHkKw8pyDhgwLz9w0sXIBQ4pEXzlA6fs0TChVi9bNSg5HomDQwuJFIJYziWpvRwCcAvUGjSdHXAHvbMjeLvH77pF5iaXliH3kRDZVXXIpe+8eanFqYIwjQG9ePml0wAsRWVewm+nPWOT8QuSCETRKTaZYMdn3I7gv2fTfw4gRgsWElQXyLGs5VnGl4H85y637DrGhhY4vNETuaQxqvOj7/cW3yeRYskngLQ2XlkaKlhimIZ+kogYVgqXZRU2tt72FMjbbTSdl7oqJFnu2a4nFirdc/7ghFsQKvbW5VA/6Lz5LC1WpHtCDmy7f7pFkXe6jOs1PCZ7pHxsdoZZXXvW9PCpM9XJ93DwMvFGfvC2+sPM2MTDXLPMwr7x6F16+a2luqU0Nj1/1MwJ+bfCyg58RaGIDdPHT1bBStb74Q0j1EP4e5VRUlOtKWwHbveo/Gd5bbStxlij15uuo6bqxsUCX2pKtkidit6QDgCpF1Oa6JVpHS9LvzVVJAdsYOhtZaiAoamdofTB31HJ11TY017bUtza0N3a01rQ1PtsDT+cGJ4uizqdO1wj8QPG4e0FaWMbDGGjqfHp7s7jUcE5Htaa76Np58exu+Di2+eRu+Xj6QBakxIqtZcpH2SFc8cmrcLpVYQWEatr8AlK1biPfR23L7djgQ1Va21YjH1ATcnfJNh7eMiKNq22rU7qCdtNHSeH6Rt1BRURIS0pOqD+gtrbgviJoYaJqq9PvcGX1Hf3peoztymK7JmkR7RSV6daSoMvK64W1o77u+nrt7IbusqjxRDMYT7sdkfqchNOjWGwY47cVuAyZOiVAG6ugp+rfd+3e0iCmlV6eXyZOXxX/BytUwY9mZ2d///4ux8bK6r0EzklGVmSPJNf9SfI/sxBbb/8kh0ESHVnxqShZidur1r29M7vR/X57T3hURaCkZcStDb4qo0PcbC2k4K5BXJXKIitaYmKbp3s6j+vqYs/mzHNkwFxKRBKEw+3FFh3tIxIsW11NrNmwc1SUYm2lMImJUL9x8FBBiDBZq4dbq7tHiMjAJm1zlhvJrn9Tlq5dc0VeXZGt79L+dvbVcmS65jPSqAHKHDftc9Yj3NUVLK/nX0ZymVYPaGHSQpONG9hwlOLjYCEy3Q51sMIZ8RT7kpUaCnXwnBk/cP3NTO+eX8i/epA3kwLWO7zOZTMgMx+/cTv2qM51C5Ta2K0uUP3kOLVw8fZ4uQ9sfkofr9dcqrUal/5eYOiAn1RWKvG6thXoFOwrglkyO8AsjJCqMGwU56TMG/FzQN4Zv4RiW97iqiXYAUstFhnA3m88/TV11FtMI5JQTz6q/9cvPAjVaZSbnjAlPezIeeFuVjvggDr76BAy/uRPu8Co6QSlaHr1UsKfqpralRQoY3YK4XoCnPB8peVHrBMG74s3z64sYgoRexbbgbgD3cV9u6fwwsEQsY1y5AfxED8p0O0WmvNxVfNb0a9t/LdrU6A5U1c1HDDSRBR5oC+ofjBcgaH8pEC9dWI2tiDMDA61/ZE00hKIO1TfokUzoC2GGDe9F7ft7NQvoB0mFjI0R/oVL3368AbBXQuSFlZEMfa7FAusQrQfH3NYR0LGWgv8jDwsiTG6c0VGg+1qHsrcegdkbeX+Rqem066It/rKHJmsDre3FnBXRV/JSkLLYbAjbmgCD/goQbWjyAgfPup4yev2UKvv5tRYWbNrv1Cminhurd3XfbIKwuc1Lg8RGBGTzXpE1i68I5zUI4JMKK6ig8WipEaPYLLUVZg1D1GYIUzOENJisLvtZYOt1xa/64GckX2/a2NKMKCcRSwcvyKV0tLhJcR09vIjP9hLVwn7vmuP8MNGxC/bi4HspiEMl0FMV7JEXhma80la63G6CjpqWzkGM+F+kLqz9b40tzciamlsaa8/tdc/j80eYG7fLKpunywe8qBHpbC5dlqdK8gfbEFMp3n+Mh2loTxqPySo8Hp72d81FYbwtL7dPRksaojSXWrsrLD1SdN8frtea5IFiZ6mAiMxKYhUKMOJD+87npbcyw8GJpofjL1c7MXFZwxuwQkTsmM4BKqsndRVPjoaG883p01R1nJWwJf9tSTbrcQmXjobYIr2e/vD9dr08mDHbOt8uWdhY1GDNPXziQN2D29wMa7wn2910fgm+Fy9/njZ/65dd3tji8jvk+Rc2DuBptfnSpNbdFBYudXeyVfQO0diTAIju9LFqBYCy/dfQNGFwK9onZmUmIiLh/eo+hDjrfqvQtJCgPZx1D9e/ubvKVt5uAnyXqfV/fyytFt1VTIcTUc8HmtJKhy6LN/QZSPbrquIJMHLBFWdtngCAIaRiX55Tp716T+rW87+HruyHLq8LJzOwI6YsLJiuLgEmyQWbdCB1LtF6eZE8hrtI6YkZOU/RKJr+YoKW4KFn0RreYzDlcnpuT6y7+/qW2QrJ2Wg4eFi8xFQ++cOhwEWK9NbX+fj76ZfbGfPjHwYFkfT5RaNxxkBxqHHDB3LKYaa0+M3h+urL57dREEipM/PQST9RcKBQ7qduB4jbMsfe+o8ipaKOKI0go7ZtnrNAXVlsSXSEhIq+vrPG1yPfQICshnVTaxMB7u4SsLqk7vhK1aw/mIroYEDGEzqelD/D2XvGB1p+7R7x8nENia2jU4yk4kmtu2ObdsT27btZGLbtm29uR/t/a7n/+y196de17fuXlcd9Tuq6qyzARc6IQcWQ86YIWfiEMyIjIGcickPgz5G0C9vLn7SOBYeN7r/+1EpkEy6IaSwdsID0z+/DOwLN2jAO4jyC2Nnl2rywrrZfLfhlQIq/Qws4E1mj35LJtJEh5eECrOANqMQ/5QFzRCmKoFdtgANh4QITO6L0U8mWYjYBbpDzrepx313dPEAj1kSpIgLfUJl1qHYkwM1pXkvn9iHlf2rqiMqqkGwFvJDBfNbC1Df10fwnm2+mUoiwL67DWZJUhTNwISVVYtfJ3pwdt+u4dtPtD4fXK5muBzh2BePToZmAumj7XzQKPBIsRnVbs49OEPJxuT+aXQxMr6YLzNBeJFktcFAVVbqOj9j+7rR1zxXxnytwuDyrNOKnhwfj4OO7nidm/W4/yd/ju4q5foBKfK3ZLhk8019YWdBXlV5bmt28duXDLySJxRE69TXI8F3pllZHLsqqqnIf+w4KjgbSOhIvMqqbKpaeq6uTuR05oTmPLKC57HSawkx4vHqsDs/Rk40IkU03Efed6YRPFVPCfAIMHVysXS4MV23ZwUUqv9AkqmQs8wpeZhUxE6FFSRCL4ePrMKHBxDxvawnPBboT23VQhtMocGtxsHhsYafdi8XRLbsjz8nfGXk8/4Ggt+yROj4GTqvXF0Prnrvs50Sp21foYqRsjsuE3YxvZr1JQogGJb5vm06VJwCXuvOp7OMr7TZUPL3AxeHGZM6HM4YGUU9BRzOXssrz401eTCCjJWftc3XrlaObTf7ZXFWhw3j8HOR9RHnYzsssfY31iZ7GxFiv8eaY3hrqvnq2ls+rhfnKyZ5dTp9VWQDMjmdDhIXDxOVVZqcOPk90zQ+udoezKzOkyp7ILum2F4VNuQtWVMqUYgTpmAaUV80QF6Q34eIX5j/R2+hAIKLjUX0qNX5HM0jSGSB5VkNztYgvZ9ZUtbz702+zxYQBwODvLw80vkDVwEQz+prezExmOTeT6r/JIRZAaq36VD+pDyrtVbvXeVOHdmt4zrpCywtvo6J5RU1Lh5u/CZnB27n7TNXxqTbDZM1Rq0O16b6k+X7VU7p9PrFqWmOulp2jjqOuvrHTvzYP+mZrueF+9e7UMbG8gjnu0WaM3Y3F2tVNo+I4pMTFZamDHQMjjy7uBhZZ1j4XmvHd8JE3gq07pyTo149MaEqtT/zUPXjZsB/6guRxv3MjWMM/vsEJQoex2qtPdyZ4XU+geNM9Kpgxf9DjpC/R3d9lhEevWhCh8d25P3tWeLxMklUhKJVp92jh7f7SxCwkKyzb1vCEScqxc2WtflBU9VfsBifDPMPDQtNRIOCikMh6ZTI+YPpyW0Iw8WpaE9hA4H46GKOsgsHNw7PYF8GIW5yMSGk/hcYdzS63RKZ/4DRTD82tKRvbsdWbcRfSJjwQX0QOQxy7qQlJEF/uQgSMI640Wxfdf/J+S9UKJ4g7ZEj7iUxpWmeYSaOA33QLR2xSGWJYuKG8RdRASPBhxLX5cPfJcUnDJeawU6uLYX50akQlNtVkPUNjK8dc7ggU0eHaiZOjM1Qnz1FjAGqqhsSj+2bfPjgLCYsOVllVQWxChprMo1kUJjP31+a6eG1tkE0p0d6UTNyVwGEiIighxPLQKCZnSya71AyI9t3Vzeuksht2EdcAfOcZEw/IDNKNmJ4RbANvOxYCFmkCxgCegJJsm8qBdHuivpqloNdaIi0y0Ppcc9uEaDPgKCj7zGM0EhrVEJyrNnpXPrnz9aysqJVSJ3qnXMit5F7P2ddl4H79lXIfs6biwR+14/Sa8v92xfRhIZJYOpI5hxbw4PyYmdJqVWrzg16BMYkLq7Gy0rrRgK/1/TSzG2j/ZGjwuFp4kXhw8fLQudKYWXjBxI94DKVV5QHigKKn+6uM+0cN+XLUeTOTL4bSHgSYfpmc2ErFwJLXW+n9mi4fpNnUj/OTvobjELfTkFDFp21EQVBXYiWfWrAuzkZ6Ht56ns5unkZ2OlZGuvZu5kZONmaG7vaW5m9EkWu2pdlPaytOwsQdtR3ttV+2FoqxGgVaq6/NHfeum6+M7HZeL+43z03CQvfub7uaoe9JFWsW+OtdlVafbS2fzje3jY9N0RbevqjfBPHFQlKpXBzSwxyU4Ya1ML37AWbcGkVLSqM53dfefzoG9obKzt4+HiMO+XVSeJER2Jqau+sbQFPV9NUW3/na6nnZ+L4bG3oenGMDhcN6WxBo57vIWeJku3esU/24Ig0pMqhCT4a/Ch8Y30r/dc7CrsYQd61OrkZ+C/aQNjY3yv3b3tA7noeJtEB4ACmJejAnzlT3iQgCLCiooMFBQX+tMTExGfgPtRv0WD/WWx4/6fYYAr0IvnORUHBQU1Gd9e+ijOItlAkzauunoKLi7tCIICCSmjfMyrwnW1llvGvAN2B2XgZ7+OFm6bDlxAoz85NT3HMzLC3uVBvic+HU05qN+u05pvo6+uboSXEv1TnUnB2vdWnWf+ysPsx3Ze+xls06Rog0i/cT5nl+Ohg48TcZHv3DQYu8jdMVAgcTOh4p9wfh/0V4cut1WekH7bcTCPz61gRmfzEnaAxjYgMhYlRG17buhr6wImCUT1Cbd8tOgP71/Akv5GsuaenQJ1mdHR0QveR+5+GmiP72SFxDIeAjvf9VDeRgQPcE57EA45+pN9xu7HpBARkYAwj+TF0QSB64bJRf4bR65ZZAoQgszFA9fl1RL9P7VzvkZX0HJbafmMe2K7BVkwzofY1g33WRf9OhxIG0iLJowpN+rqEQl1pituR5Vv4IgjXI42okSEKDIfY8tP1x04f0gtXlcwMgy3J/0VFa9vTj4I5kDtr9ptmRDSKkDf/N29QTkjyZNzNMxhi2PRRSGytT7+8gyeFOLsfsj2XLs0PZJp3eBGajgpKZLAfoA+mYsJ2obJCZLKHHyog6hLf/1yLVU/s6iuCpAorGJfQoEjylHpIZnQLwwfVKKaeEdkMX0NcFvUNkG0G7OGh8ZGmw7H9bdHtj2BkwQpBYJInIr/jbmbAY9e1j+BKppZO/aOpBTE7YMOMNo1RNizMQkCvlcR6yOj6Gh0xjg5wU1d9O9Ie3j1kR3gXMpjM6pKWGo+KkoYy2Pa3q3ah7Tr6YSbsdZ2nEUgOKbxfI35MjbNYa7UWKj4kJjbcqaD6cCXHfjU82xrE2TGp09hudVJZaVlRYk7LUDbRoQCPCKh0g4zqLPbW2FyZneNfWuB9ebHcTLuIWcicvtg+jhlO2HCuIxCK6/uyCHctzg45h+985MUlZGxUD+ZAJBsXfUcbixZvB9utPlSq4jtWpU+hktlPPSi3rtU7X+y7l6W3gaW3lb9vB0+9PNiUmJwUWI0PgyX958MF48cFGSX79EzSVWcT5V58W4g2TsLb2hzq0zypQEipbydf+Xu0q632fZ9Xxbnzokx1+bm+8T30t0SVpbea9md784utLUZE1uDhQmOXF15m8kM0TNKJWWj9/F5QKhSHiNuCyIF04wtH4SGjDo2rstLmxjQ/19uWuNH6qlO1q5fnad/Zz83XmqaO97qy09vTNFbasG5ng1VBj5PIpT1NvEE4N4qHfNW4IFSHdCHK5FJsqZQ8uwDXO9H9Pm/AC9r/KAbUIFryyrWb+S0m2SYCmx5MIFLsjpmpaTzNet7X0amAvv+83wBsarOCjp7ed6fNkYb4vxqOlF6yT3loMpmtR/toe0TIsfGxZ0RblobllkBjXSu9iO8hhUFWig4/XRR3Kt5yx8ybtBhcyAuMKPIpeHi4bQLB5L83cl+cHRPgp/15OBPW0lIIT8oiYkDGd+ZxbGqury2sqc9l4G2iIj1U9vi9sp9dfYvV0Ze7q8BSq7XGgJuqlrLKlcnlubEb25V2aMS4OXV1FF9dbPgFH18xboX1Hp1lw87CawU8NtXVN9ffzi40yy8wqTQ33T9GA+PI4tpH5AgQoeBO5yNCiUtNsT/cS4Hj/0D58hcm64zPEAEZtvdXN99CZMRqnLnMzMwqivKqSiicbfnJk8QgyXxrjiDiJoxYXekK4QcbXPhwwoCoZAWYw5C0qZqV+IPkVDSHMUDNn791UfExDPBprun2qnuGDJifLCj+ZJfJg5oexGRBWhRiCz8YTCkSmdKA0x+ipoIRYvfEy4/8eCot3ZvO+1tjkNsRNUcW3K+oBJHtzX/HSb7fBxEFLC47BgLFnj3ie3QJFHbq1LZS2J89EAiR+Da8QHCLj8Aj9bcwHFw8LBmQ5raKk0VDnvNxs2gpxYWlcVfDf8flt/5hRLt21YTvW8Ye0Z+OR8EgJ4ZmjhWbW7LgpbfkNE+L43kRgZCJHq7BGKaD8eWe4OxzocCfwSaXYqrE6eGkhMTUJEbGZxGBQYNg7Ydhxccnd1guJpQOUzzWRyxkXJyLN3NpdtW+eWjbOl9cW1C4fRlf7w3uXnUO/y1RZmcPx8pqfbAPaFa5O3Kz+vEw3qYrpOBuLbEo6LofDl2AEdgfXbnJICnddoGH/I2fMLSEe4sRcOr2kdEr2nQ7CkuoiI6ppN2lhI6MmpXpyMu+S8Glnhsi3wSoMneV+4oWgYcnYQOh1+7VDSQAKWsf2uj5+66120a0ZJX89OGFs70WaV1GHyuB0Gz8HDoMLJMlXrIFUTrY6hc3fDmKS/x0qIeIsftoBrDXDcYziYq3A9+Bmc3+7Me+f0ZwRA99TomMP3ue9LwMLKzsLfTs9fXc9c3c7WxN7Mzc3YywuBra6w4XtJnczIG2aBGso6twtG3h5rxfLkJQdqzqnK78EgyL8yvj1j8fZytyuHn/7i8soaWr8oZiqPAEU16Ye4yOckaIDBjoT8Vvij8ZJndj0ZLwtKc033IVkBFtml2EvWS7d+gAemrI3585yQ3f+7kzpqmru78QArxj/sRsTG00ttcBGupZmhrVVudsV8YXh3rVSs0YZjn2r8gcJFF8lH+YBeOIeik+H4smCAmU4D/LPTP9nwDhcT3j8XbcZ2Wx4dNm8mPHWSGspIX6P8qJXWQgWurqqXFx9jYEkj0kb13/BQaP/9aFIEInQMZ33M51VpTM9/ZpCi2pTCgILQgM9fX1rYzKibbO9pY1lLb6+FKE7GLVrj/IzoxICvZojpYEUgRCjFnZ0OQJ/QUytzfhbdAiJLuozPyfsTq6Bhoyj1OGJp+/rvOSho+5UWpCTdYBXyoA5t+bVxGVNcfayFbnxMTUwH96sHty4b4t/6dv+JbhsMOSQDNi/Pzd3+AnCeqXWejhuaovSwoN9I98x2EtQ9P9invK85OKgPizt9doq3X64aFOPOTMIwJsAkJncoZjoKxLeXDRJjUWp8CnrkCXT/3c3dEVjPOi/SA9vTAZdbctChYlMgWS3rBLPogeWmkpKkSMHZcbWA5idJX4H1yuHGkqRVIY4TnVoaRbMRoQBJFSDDZpBRS7pezs2CkPjjhcnGAklC3k3pXL63Ix7sv51xLT6p+QeRglphT+7mfJgsLCY4a/uWGaM5K7u3eZj0ZEET9d7oZkJCm0SDC/hCDURTO+/5cpG3Hzd99RV012Buofcih+If9M9g3LKiL0dRuY/8kf0F5Qi/T3E+KDR0EujliDA/g/9qJzm1UTvXEPkf9kbmZA2o2lCq19xm+Eii4K3EXFSM3aHWZKsn+hU0zyXQqfuzO14K1cCkJW1/OwD2Az3hVEE95JYep7wgyYAjv0X4kPVLeByf7ml6IbQDyRwKwaEFta+auyrNLMxH7t/E2YVmMwVWV8X6b09oZQUbnT42ZPWEnJ0spKT0TZSv0gsi0QCY4oXqCipKq80l1R6bbRPLuypOLgPm1x/FyJUVvARTXBEUDkwYGqYE/IX9qpomnbtWe2HKfOxF9a7n51pWYs/SUOtWmuwot2lxiYAFf1Vc331nszy9HRgQnoaJ25pvumx2hneEkHBKkOixOvjanpR71OdxfMJXa2WW6u9Q2B5QXO6RXWhZl339KSa6lFU6FVJlVFC0I109Msqwtc85O3qRXeZW62RXY+pDXG7qBM5/COyyQfz7xR3TNCrZPn6nbry6WRTs/dsnc0c/C4U38FPKHZNKHZ0z5WvL4680tjjiBjZdHCxS68npehtZejtYXXwPGawIyawIrQgvPr/opNzaU1Z6CriZuRu5ORiZVj0s1j41RbnTns4YIAoYPXLtp+74HJ1gf6GbQJde3caVYiR5ckvdVDRxoQeDnebEvLwU7PTrk6Pji6ctzcWFKZmBK1JtZ3El8Rk9fyTK1RF+dE3cIt9Q54pCUULSzUhoedaWrsRMe/ORJ2/C39EHrLsOxsfR/ZcYqNfULopXOz129r4pyTSvyHcVYvxoNCvNoVG6HoU1LgLinP+/20hshL9uUZuoD0qozwXx4h/yz891pCjnfs/9qotHn7b5qwjbPlyT20sf3XLEnBRDP9LCqtLdOxsZZtfnFxcWGma++cCBcXDycOP82BnISjZ3uOGg9aw1yjzJ4QC1+mVbMd/Sr3Qcp90Wa6L6x5j8368zsCANC1VX2mASmO05KyeJnB7718HKGh6tAuIxiSVhRdkJG3uC8owUsJbbJYffQ3ZGnPDzqa1f7Ch/nQWO8iY0ciqU863Q56dlCp6iJJkaLwgEyrxenLN0xc01FZHQpArFZuthLhpqCnJbueWg3njaysPhJCihZixitqdbginXUpyKJi4mARosQlJm47TrN2P9rJS46ROzsDWiIm9STE0g2Zm6k0fEj04fdZU/QRBwVJpneui+/q4LdD/q2cKPvPbEBzfrpomGzAaD74jx/kOSVrrNhGZNL9efPNEKp6hM84SvwUuqwFXDQ71c90UMU/iH+p6lcT6cnRsoApHMbohhHwhhHykBnU1Ntojsj9StkHy0wW1bWAmod4udoWsuCII2OK7zOuw4aABq363sN8dSV49Sd+69cXp/zJ58iqGt4vPd/PmWfW9B/c9U3bwb8iyV44uOnmHenpYILPKQsJ0KwJCc6hQzWCE5f8fcbeV8jMN1bhEc2bGgcGTgEMskMwCwGXAfpflS9r0mKaTZDQLeWT9zaIPC80d8cLq+Z6SMQXqYra4KWbSPhQmwXFveArZgwfvHmoBsW5AXH1GTZXZi7uSuynp4eHh1U8PfzAwUnt7eFoaYDaHW72XU/X419/dzwftYes9uqUuqKy6+FGH+d5xzvpbsK84zlAyHLdfx+DkTazY4KWCiFUrF1FE5Sfknyf8QS3LWy0dDRzDjOBn5Gu1GN+auOtsaq0FRTf8668ssVgS8n+sS9sZScsiR5w6SZizANNqeEuktVuylBldYabUujGDc4LVbjyQqHeKsDm3GltQWR2jgPeeU4AbfC+mrNywF/9j3DwM82usT+8nItpndoYDB6tdpZE9ah9V4X2y7U3vdCFaj19JzF6PJrpfGU+6oITtEaUrpBDlKyUf5Apl/XDLVcgPo5ZHne217g8bBrEbBzA5BAYo30R8k7WKMLP0ErTXMlU30hRU97LNFHhvyjIci5KbDJWFpgovziLdtc7kplrTgoozJ3UKVavaX4xczODbq7++KaZb25z98NV6efL/FM9vBCthMTgLkUjJq6IuodjTmsNhYzQ94U4tcya2eop+8493Fh8+7zmK/XtjK0n1awr2ZzGwhb/d/8wu64hWUtWcMom1m8qCnC/iQ6S4ikKD/Gd+RkX2RfZa+JMT+yffmIghg8bsYq9oBxsd+G/n3rjf4x+8t8tfh4Gd3X/Dw3J/36MoOrznyGmiBAxrtMTKyOj/Yttt5HlnjnFxef8jjz/ipTQlsgGT0FdVc21hKf8+jHzlu2aGsrJzBrHensHnu199+dYa11DSaCLIVDxDANJpmv2kG/MMsocD1tjhXugQPv+LlysIzUr3ut0pcJv5GSld0e0CndzgKxQ+C+FKKWm7W07ftyfmHQngghxlcovM6mlsJioIpuZ6Xio93xbNI/gDDe6g8patU7XrqMZ47GfqqM7d5tamKpCb73x0FHsac9+KP175b5+THPTkCArBATEB0T81w9FH7HL7qO0QKMUTljrTXeH+5X1p/yIrT9DIJ/ISbMmaAa7dnV17wxuxdctEFpKIjtAj1hDZhcYiSE5iOx9spLhw1PYwC9ygJI+K8rqGTJhgaRLJDGMyENFBQ/7phhCLIgyAcqe1QeWFyEq1sLlKJZtmjsGxrlTl6IfAY7+na5Ugq0ZJvlLTYDokaVUzNFvY8vhv8OPHajjqEWRcUbkHBxEuMHQt7fxeaSOl6aFRKPeJIvKcqnAfiFjQuuJi6WPGop908yY3K1JFqQO8i1qmJpmnp6aQgud+wbGJyAbRKMtK6nLQkhN+k1YDHfbNEbTkl9nYtcOuzRsYBICep+p5GGSBGJ6+1oLXopBbSVzYU7BwdmYtnZCme4GQsXNL16V+Zs9LrDvYIWEz57HeJjMwjaHO7z+lwtH8hYXRX2fCwf+DG4PHfIcRE+EnGZaP0rZTIHFLxUa1vlpzgXWsHBpu2qBjNRYDJwYm4v0JP8+HJnL7voxPHIjpUlz3MxFjkQlRX+Z0bzS1CL2e9dA8i+RwJjUSVDpBMnKCjOpMj9dJVRa+JKESKmxdq/Tj4q2AqV5qUmdRj6Xp/IzccuPd0qleYQKAv9JYOoJLq92k8M/Q1CWJ61Kqtof7Z0PUo9plc6O9J4JjBo+DfQd9B154xmXeCtB0Px0vmBLC5xyH+UlhTVFDSbl9jYvXwwh8Ri8WOE/f6+1dbS6YVv6aG8waCr06s7kZ2Z+aajx6SAx+Wtwy2Lxii/hn64F7c3UJeZK8OEG4kT9nQyoBnThapAxr8hBidUUNOm0Ik2rtR3CkkBDJ2NDbRc/Uwcofvoyfuo6bqpSfThhphZBioY7Z9eHBrybFxoXfxd7TTWgpTlP7CfjuTT9pSy76po51vsqF6hyolMnHmWSM2WPV3/zq5ebpdszKZcKSpH2uitnxxYRToWeocfM+vzUgGQx8f4wJAl9qJjEmNKurzc9CaAmMaHy+lu4TwDTZvJ38yQ0K6+NQ48OSQILIygeMCn2NAXK7pYXZYpUCjfBMrSoIs319Em3ZHUeHp42nOSlsH117KzJv0tsUSfMB9tCNAJv50M6n7dT3h+D0d7P0USfUP+PZw6uy8uCKzLyGhruxU2Cd50SGxsLi2S4V5bVV5bxm+psxSTFvJ+qb6z0bN0W2D+npuoIraQnKOnK6SrOojSWeVI1MpjqbOwcb6/hIqjoGMKlfrOz1UWIS54TvlyVtrTt2Wq5TXSYtzxm8pVRV3nIqWlhZcW67p9E/hly4Zwc/ehhzokRpz7mZKm9vYEdyZpvL6m09NS8fwFOZJSbOyvMVIr2a7tqz85xcmUmfTK9unk5b5ram19OtR3PiM6rsFgNUBjiO/O5vwWU7aaEf8PhnHSHVFtKr6/ntt0Yvw3YpQYQvN8ymExm8OzvmFqbFcs0mCQiwxDl0M5MYouKoNoRqvgPzu7ZfWXtIJs9Kgq9mkDJwpB+1GrVMBC23sQtbAxn/uL4Mhj5W246GiQE2O9LFILLEHFBs4owrTTD2bYpDoThPSasJU7TiiC4c7ooSnL6BAB4EWGTo467OnzhfS6KfvSKDGEumu+yiHGFuR57S9N9bKlhJC9jenXLkhzhvtNKGDkmP6ehUw2neoSAcIFQLDiyMiTTKDBz336ObIuhhwIVg3blGXIGDksvGwKhrEvH9+VATT3pHfl9ZxSjiS1aQ8LhZCHaGxB7HFkbuCpKTHxvEVKo5o+Xw8SXSPhEJQ3Hv9MpymkkkoBYDnfTYzcT0DCZxCjj81NFGfTuUk1iEleoFWPgsRsYUMAUDu4Vl0z1swXhD96TsZBKAYp2JygJJgd+UXRUmpe4TsuqqyfEp+7vo6F/MSUqYVKqa0f1k9zFOnTKotXh3kGRoaa72ubMAuDpzKivI3bQGXYUd8NhcaEJ4KHoufvgn54W6AxL9PVweyd8e5tEbyQDDB8tPU1rS918+EoY96U5765ao++1RfNVq5kLje3AY7ML3AvsZNNTPPflOS2524P9tMyonOGmjl36daKgAZVUno0OKwKPWfaX8sq8Dm9UdEtPNATLPt2OGk8IfOAXZDg6CllLKXifp/W0Lmy/NDpHEuRJZRCltg0IfrFhz9IM64/I+4w8S6E6xZdnqU0yZHRdWEzeTXpZp4gxBch5qlZnfQwXJnAp4ayS/sudafBZc/9ZWv/ZUSFW2r66skuTRZHDBdFDDp/dWw1FKDcdYGCYqMKFY/RH1nqK1jsPR9O7l5uBvq25g1OBgSkZE8/A0sJA/6hUYdXEXu3zCVhNY8APlgRummKIQ3M4Q4oTYCEuIuEEZpHlc6u8J54CPStpTBRUDgWFIYmCO20bK2W9pGOBm11MoaSUxuzfmYPmWTNWc2j3IvtUNwrNGHhiW57fKvtU1HVIRDmfT3E3mx9uT1Wf17s6H4ubuv+1fur/xxDt/xNDsHHUTM1y1tfUMLNyskwt1jY1celZWwJNt+xezr5BHz410zpfYhYVmgQLC7u7uHO3cGksq5aWjIr7qk5O9X4EmIupzjTgPYZLZGEmKG2MdDHOT0kPDxHipplbEU20qbjei0yPt+cOyuiAWe9jQQYOBv0aWOXNqHO0aXE7t9IHSmv/eB5vj92rT9Ntz9BJdGKvOtKbn0/nJd7+BtrDXHWymqru1s4Y/AwpEihKfniAAaAqkRwd63As4mIjkRPdJCEjYabeHciAjubz/AkvWXEfSTc+ZnnnGCmJINm+xjfmcP8XAir+gnpgWTOxNJeAJTr+tlmwoaO8OnkYlTn5BJtBrwYSPujP8N4l9d53ltgtYknQkUJcAQU9U5zoP3DNupBzW8giKsTJbKXf2H4rUByVJpeylOYGzCoWP0wqXqhF2HaL3QdABXONDHZLM4eJLVuwI4oS9O1xifzbCQb+iZ4leKWEPFFEInkepwBpFSOWY7ag0tJSlrRC+A2xnzsQcVGzipAwGhmTrIpJozb47VE7kUySY9shyL+mR1L7Yra21m375Wzg0Ge7vzn6gYS7pdoRYw0yc0SHXzMFDOrjlpW48qRz5ZQY/B1wVEwWoRuLCAU/5/Jwl3TB39aYtpXANR7d8cOgpdAb7rZEzoRMayPyady1sVQLQIBr0LcrRxmD38au5VaHL1RVUyr+Cd7E8ccsvZEX4wjtxO3gp+vyLNb8/fn5+zwjXtUhpuF6M1paPCFmBgw/mS/x9LU4zrGKNQWZiXaXlqqmtuOXv/DLvfkyg/+owFzDArtTvRO8n1l/XZB7v9KjRKY8JHaZ+SbIl+OAwvvig01G95evdOFuWmtgg7/EygJe7s17tfelFEFRX0G/ctDZmug70XOcJNWh1GA5ecIzkskhH5m1+kp5uonI3hgtO/ulC7qTu1jWWe0nLgtLr7WOxZXv66dRj4KyIHit/GxO0XKkCY5WFxkgHPdSbA9R4D+m1wSejXVhn5xcGh1NjXWYLPFSwJ2i6R8jqjySfKHke4667Fuc9WusgTXeQFcbY8cqvDtrr+RN/qOjtYWjsYPX48jHujTSz6HtlEjvo+6ll6u9hau5ldNG37HVwJxv4hwTlA2SCPd0CP2t8v0CNPxfjD/1DdffkIQkgFwf9YSLZndIaq4FF8wofUIBy+4Xmf+o3jVzQLR52gnuaioQ26wUDyjmYMhCj8BOr0UgpEDvafBlvdnpARGUikasSks0NEPMGHshqKeHpHdCAoSv1wLeL9ve7whOPkH/ogA5+d93Any+/DOM9EsLQNrSWpiQkJDYqElyoKaOm4qHd2Rmpp6qoaaxonUDe3WNcPdwHR0lcwX3rdapOmHoLx9oViDqilshpYy74T76WrtSeqoX6ecPtflwlVaRQrnr4fsKANKI9t6am6qqfEaKfdHd8G1t2Enbo4QCaxV04KB2Mzp63B851Tsy8veBr1Bv97vhDYy+SOKTmmxFI8hy3V14P215JMlVmKnaAFoSNSvInjiMEEgKkaJeYgCoqd2V32tb7uQavGUddMUstD/60lyFhY0SQlVqwYRISPN23t/9Ohg1W2P/OIxcNBeKSTIdv23iMZVdM7Hzl9BjlF236MNj1GK8Z36FefKw/G62OhlWBAnmaRPilEUizP6QC9lw7i0yxfwBDpXgsiKaKdMIpOa3UD0HjPhCSUd/KMjo/i2WYzJ/qHywqa0FVHxIeXFT0F6w4GKXepLEcWNx5Eb4/ZAeOQ68taRR4xtkTCyjOtOR38He/E53TBmFvYYzGDimqbATxkOQfMQDPUelQE15DTr5w1u2QDDmYNJ+pt/fwmgK8RGVfOQQ+rpXS0ipsI3cmc2/ZcXDusqHCoJo+wpDq9g01IW3HhmNYBzNLFHA6AnDIpiFMEfuiv1Ob5bHozAT7/PhOPuEFdRgCX0Hqf/JYdb3tyIFP5sguHp7CxO/N9m/pIwFQjRhLiWkRpHhAIYxs2PvEMOhK7v+w9FcdFBQSEhj2/8mzfnCH0nc1lXp90BDyFF+9x9TxqzsqZCnq+T8+vI0Nc4LH6GGe8toGvNL9EQlJc5/HzJwvT6xFH8Ob3skxMJU8otGTk4ElICK0mYtLnI6/9NRUJWbnePnetLrLDgkuLK8hNYVWt0aLbx4eeiZ2C5JHcgMatzecL6tABhkF1telBWbWV54bC7xz3zZgU+nECAYgrJPWMDd6YVJZAc7vb/j+eUJr6ivIohbl8s8x8/AHOpTns2uC1zIBWdvEI67CDk9Uxqo9TUBceFcDaiiEjKHwyOSq0uDKWj7ya2pS4b7CMY7aYY7KQYEySr48XLEd0J/ZbJM78f3s4O24wrnuLS+uP+oO25yczVwMLW4TX2EJgAW3TYrosY9n5maNBTlTvcOCiyNc8wsyGYXFdncF/Zu9zR5fvD28pUH4Bv8kYQSV+lJSP6JmyEjRGaBIX+PLYqDgVbKJYRjxNRigTvxPT9fTIJuIfEo+fgE+5QrnaekskwC5i+2TL65IYXc4sDTm4GDkdIvYUjuXL+38r8vz0znRUTR709JQgIfl0RePjr/twvYdT7/bbbA0JAk4XdkJPzcPioKESfrAjPrDCc721S8GTZOMk8W36HdAoCOj6fquwAF9cTK9MrUUnfvyEzvwRO3szVR15U554WJ8XpkhLinrPp16/N56Gwlccy1o3XrzQWgRUtVSfaNj33X+OuFkVPbn019ib05vMgEJUYJ7TeaHKHV1upQ/pMSl+XYUd1c3rr1IzDau95asP5xv3ruDm9rhNNawEV9fctr+jOgTkNk4bw16GGAc73iHNx646EgXwspXNJN9ePN7aIjYK5smfOWpc7a2GjT5ebJTO+jo7pbVoDRGiFHzMfGhU6Y1AR0JPEahiAFmwrr6i/2iAmLK3yQT8/W7LE8R674nxXNTPz+X3SY86Cpo4YwyI0Bf5/xMZEMwFuowveYfLO3dkN8tob6PVL+hNcd080bUCkkCGLr7tXibDmRpIOLyMbR8TSDzfOohxArsppV/6wYFdMMqf6Fz4GMPucpnviTf+KHmkNrbWztjByUFsYPVaowG+QreDpmX7keKzhwAC8rGiBF8fdW17P7Cw5Vny23uHyMKTu8wqCNFDr0JRU4HpOiFN2fkGdNVKPp+ALN3vmNjdc5M3NHKU9Eq+4BOvEcyIlFFb2UOhhRef0WLGeOohxMh7FU4S//T4tp1tONcQGZbUn9lcnRmgxyOejuuIKrhW3MI5gGxQA8JIDCXGHRCEh5z9CouPGS75eym+GgRuQJ9PTr6+t91rwv5tpdw96ymLgJyJgZqi9Hy5EagQ+UmumTzRqrvO5aiFDhw8fcwgUyPZTQqhqbyg/5B8+jByOHkV+GPx5QMk5LBZ2VGxwNJFTpAPsn3DdpK5s9q8rrb4wkFsUOu12kFEw8Nby/gv104WPgISfKNzTzsU6LdDaBcbPT4sjs/OWq0b28wqT9+tzGUcvE/rVtZWAjcWI6aIG4emaOAyyMk+Cy7LQNl1cEr3XAN3IdTVB2zjkKNM2NouepdRe8utLzzuh06LbQtwjBs8HyklqnIXrBV0gXfAnq4VH6fHWN873Qu9BIt9HIptXTpdLAsPF2XfPx6OflEmq1tcczb4njdwyfi0zNL0X3Zy1zrwQXNW6iDjZpFCnkCKZsCqLggB5chCrigKJYpH6lXHg4x9OBfIiqkH3wUN2wb/D2aHvso6AiXOy8R4ieZ25S5FzAOh6BUAejyJrYKt2RR6QxJhJCJDJ+kySNP+YzagwZQJ3pns4bmjY4y3Pwsw15qIP9LdQcAqsR6Du9TAaHRmIHKGmNSm1LCo7yJR7AmFLFz1GUvhLmii7rVSy0jzcbkiMfiBZV9H46XtLx5npr6vpwOGIU+ID/f7T8093dYiQxpmalZaP9LMyTc2KrEyNrA71rx0+hcZTSWfyuH+mngX/zaT+DMx7hw2glZh29N7icL9KPS09KY3uEVjJaOmSyxCk23Ckhfn6HEMP+Ji4m9v2yI4DvZuP7JWDDHal3hKTEwzFrltlTOewilQet6ODjmFfO1gRw/TfMuuqclVOtgMDaA1oimk6zlcpL2UPzp4WsmI2u6a+VtXRhyDIOCxq1Jr3Jm53IsgVrgMOZop36QK4RrTWgfMn96GwbbfExSXul4/LX8fCtqIyWy1P5y8G6yfR13S2cslarG9JY1Xqzye2DP17TRZfN/sZ4276GEz6/3dvM+OrkJX8xFZWm+9bV8W2S1fgotWqd12BNXBKDZqfnp9x86KwKyyHjhJps8+dUSZ/oJAG308NTyW1a4/lah8lnf3iSedlpFCFd5Ldw5G8rf6/dUplrI4S3xkkOjRbcNeDdfKdlIaJLIRvUZWILZaSyx8mMkKDhcinHJQuzGvIBIeUF53IGcYnQuOz4SyqjcnGgR8Ni9WqUqnckqvmy5CXKTM1hpHK+gvd0kBOmez0tNogK180ADECK+wc5HmBZaUX7kwYE4Kod8/ccKzSPrbAXHbZAMVdxiElRWA5CyrdOQRe8ekGBdiAAAtRSHaFIGQd7hUFYyrith2sZbWWsViS1UfbOENpUNtnsars6UyRjOhu0DRYe5+Cwzng4NqHF9aMd+++VLwRayHQnDGGI/LUfsS9nAFWIaUT4TzVdeOK/sSTI6DEQROKh0xEcidMDsysuI4Q+0mQt4mhUDJnbBtgMAdnvigFEv5/lfwawU02xUlF69qzFu6owbJxdEJaWAt3UtZ1fepWu/lisdDrr/Zh+0IJ+OKOlp9LscP6cfoaD9YFLLFfVbAaOB2Xc3iYa7aPT6bSYTc/Mly1eqnbajWa+U0ZndcK2fzY/bOSl2idZrXuqup5u3KKZjERltb1Ut3eW2BfneFbn1pR1GlRXWtqwgKyvAVbmWNU3ljy3T3ZrNfY5L5QEXBY0tVffm3PPt28TR160ZRebEOc5kDico9gdI/xyG16NDA5N7SdXXy4WHbWqgDwDZSsilKxTgrIyIlmjacEUlD8sZX4uPoITzd+D/mBOCYBSboxU9hlXFxW8tsY5urh+uUhCAOxGdjCmveo0wbebEXjwHjPmHOqscvBN899YfX0n7oePSy8Ip2jPx3AA6aYzgufq805aVI93lp0VQfpTAz34pc/4u7WvlKd16ssG+71XMRASC1y5g9t139jGo31iEAhfjf0GX4/CdwFjQEbvK1IlK+POaSonjCs7k208BmH0d64dFU1Wsps8OX7rm/SkVGEWNYJ0WPIESQgUv5Vx+/zgqu41mZrvATvQz1AYNE8uXamEOhTf0VaFi0eikLeVm6u1tee/6OF//+gy+e/rEf5ZX1RB8P4GZsGRNj97dm70cMMWAOE2HhH97eY2g5XWUttY+vfM2l8c6sBRFUw6xgipsAx254Vc8uc64yKyid9SaWl1zbrnYTsV/WWN+/tVQ8M6jc3VXBy2Czu9SiYMmytydjtDw3jBMpoAh7ve1MhV5zNuu+eV9zTnLPKiCZ0WJw1Xx9H14PmkSv7m22xYC5udsXv3aOAjIVeH/WVNrXn0REZbZkIDlUCX6fEMOw4OnPMlv7y8ncVq4zunFZ96p0dHl/feSsNqNCGgy3i8ETxYhpAOkKlT7fAapVUkkwVwf1l7i5DMK57/EyFVxlqbnnJooR6pVHTNZopAIlGK8aBbI99Dha6Ozxmbj9gXwaVncI4QS4+OYBzBBsCh4LihW5rOxfI1zgBxyoIXlDHOpjSY0kWFMTaFB4Vlm9gF0ktJNnosrPaNYIeTRKh/o2BHRxwY5p/KxoSZ4xfa4QkDAcJI/mUGFeqhiuUqiY8DkhfKDgHW1tc191i+lYqIKY6jUuWJSIJhmd7ePbJpsPllFnZr84RBnAx3mSEB7NOVkH0erKbYwC+mg/cr4M2zFs0keeRIazHrNjZXcYkIWxuzsw3XX3rvIrh/5FB3gsrl8ifrkqpJ0RWFkwTCpIf/WhbPY2IIQs6lRhkTRfWAwKZmDlr4K5fKFfv1Yyinf5IMj2UvQ6RGFyyJhcGR43izmynroixkg0joerjoP6xBpnGelVdYAjxf7Jbv3Qeldda89/aG7VU4rFbrzE4z7bGqiPhcwNALKCetl1rdRyc8yYOjsvi9PU8n/LfUeFTdnDZzFNwfiDbb37eC6F+VqzYbPPYxmSo3NcE4lty3fh2HhgdHZfI6NZ4NvB9G06bR4rUCV1/SWoPxeINp8dwz551AiJSaNjw3bHa179cHER4z2ZTn7tkaoxU5HxY5kBofO6Ec7Q9VPU9lTT41vlPxvGw4dCSbnqeZnrgvLr02YTtYHo6mRl2fPNSUNk63YRBgXSpmtanZHluNR1KORwPde/bignwH79+RzN2J5u5AvEN/yDz4MljjQEkPZJf12PKImvMOnrSKnLYN4rrrcNx3vPTrBOesare/pnlfggDMXkPWZeLQvGW4vcEt3K9rHK+END7dba6/oj8NeoPzXgYE73WD/a4TcuGxPYWO4pTHxny96pygpE170dm7+NRtc453eu3z5STv5mhO0T67irm7N5mqAmlSw0yzaMY1nPja1wuls943GwGbggabFBFWXpGVJxYdBiPQJ2aemcufhaTfFCZd6doNFd2YMTx7NtVSu7yYGJuwx0a5j5qZ+/coSq9WqZ1dgpSjQxbPutEKG+WhmXTlVdG/mlLYpP/chMrumc753y+q+Pic+XwK7LXuCL16eECAgXlC92l0Sa332khMHkKOKoAMioyKCA2LQIKFn5xQS05rYjIWOev1ezuDdB2FDee02KjRlZP72JmXgOO0Wqn1Pg6713C6GNVop6Pic7LdLjUwGUXMaHa4u4vso6xca7+trna5L6xoe7gQsNu5C8yPj/DrnZcZPc1U4dDqum+ubdwdupZoe8zwuMr38j4OFJZYNDZiVOvyOhxJSLu9Dc/NizPQN7ZcqTcZTYztcP+SAjev6Vz9apgwAl5EQj4X4Hqr5ZZ+IgM9n9fd31SlMjR9fddYdJteEiA8/HgpMoKvO1A4rttMNazIBlbYAX2YCj1fcYQ4pFj+G4z+dxhruTtUCJnEBpNA1w0FdD7hDYmia3a8MR5QrmVQdUMY978pvd3Fu2YIgafYMwq0qmxvhtlqk/JxNcbgohoQiPh/u2X5Skn25VFEISXpY7GXoM4gOQxsMCSKffmskvoU6Ur152CCfYXjf56pWUL1KdqljK1LESfp69L75sFSl8S/pkYyE/9QzhD5zmTj78shYxONGak7C2x3ULfumBjMfuRMAwPQ+xrXRUsfVsxDYcP7iuRVbfAT7RkhXDXCsunNXW1/dIaibPfDYWWutT2OXXTwJmFZjjKqpnPR0n/nGp7lTdYFj3fJNYUdXNJhmZrmEliGwEVH4cISXrmd0mWO2kMT06Pop2QlwY7jGocXCSlYwmaySxWMn2n9/e6qoKmraKF7N6CUxiJfV5m4rt4AnK2JwyIEVC3bbx2dQ08y6HS16d1mvgdLn606e+yPRFJK66y4Xy1NxPYJm3Oc03C7nc3t0y4S4XPZHbycU3afvFRCy5xMaLXa3+0lnLdJSMhoan+Bg19/P+QoJ3rFRq3bbGaF++/o9Fa7R/Hz3ZPEogZLDIT17kGlCufMOVAiZbZN9wVZ7VU1tc3VBdaN2513w4sWdxt9FvB3sw8l88fRsNbMl4Wcg0qVh8KhrJm+8XdviZ+cjl1mZ25qs3wO+8r7UZ4m4ZxnkFa03K4nMx0aMiejeC9Zc4/8pedesuvfPFRn75srD8UNsjq0HGbhmPitCUuf4n0rX+ZgWwsN6gvN8yvN6ytNLGox7vKzXpi7zC68eZfzWxxteje6XGGeKo0M9Vnu4OsZO5OrzTfP3ouab4MTP5DGPR+Q7Q2i3/0oFSbifhzKUB+qsGcwnuccZiY9tJrD0yk7Ryk7Rigu+69b02jo6LSoeN/tZMyEcxof7j8LB+bg+tUx+UWidHSLecMCaMUz1K/yuVlLdgyzB9iB7KSiar98R8lpkOLlyswS0K8FqTEmsmGIDdggSOX9pCWYyicMC119d1z8clwJDimc5WPkyS8o5Libh4p4mqVSdvj2T49nO+1sfC6j/pU/WQfj/fey5P+qWr7t6lC9LUQxy00LxslZswA92wHg4O2kpH6RFJZ28voeHuUiebc3D/fXCBFR4skJLJQMzK5eF7FGtAs6DO7VxuuV8dyuwmVNGVz2lirD17H+lI9EgHM81F0C9BrTL2wQnbygBdhf3DRoOFsRUgOYvL2Uf/9m4ZLL9pYVeWkXfpZoslpucL6MyXCP0mx1u9Q9fp5Nsqpab2TsstG6XhkvW7SkV2+wneycmbtbuxsLTLmFxcQqBzjseWz07uzMa0zotDq+zfUbUDJqdt1fTe/exAJelRkZU3HwiM5OzRdCI3CnZZ8M2XBM93BkKnSRBBUgwlfQBqDCdtDtZvr8Fagg2ClymzPzK/wGKID06bqGOGiD6sIbNLUiQcg2vybl3Xwhgaq/JeLcEqHyBHX5ovzoAcI/hLbif06UItsYplFJN9ovxDZnktDxnVbMuoT7pRTClECTJ/kp8VN0VC1n75qhKuQCuaXKHHgGRkeRt8yv71m+XIugThn11CAmGiHqzqXQLpCz6Fg+lDaqhBpeyc3lO2roD+S3cuVwaRNWXH+PjjcLzLygJlxHbWNwbAACbpmc+aX6+PRWVD1Zjx7Ql8KBr89fJsjkp2eHf3mmW2w+Gap2JVNsfhNV0IpFqJ4enMJsuD1m+fD4pIRkWNOSHza/HxqqwwC2SEhvig07Tkmhvo0XVF7aMLaxXZBpejQxty5d/yCqJr4VJ6aBiewOvAhr3Cz5TauLNp7wbQ4Zms/sBhkr63ey3gOVeJU/nM5ebiNrCf2nYeGcPlWOg5mkX3jQZnt4PH8a3YPV4fmas94WjU8DeC3PvV5YN9E1VhmeXn0cZdRssf8yEbWr0Zd8lW6ay6qLK6/5pcd6roBi5wsB2725BM+CwwntTue3tftZrMt0Pu+y9sa6CpO3j9mgqE6V8QxSR3pwLXBrYOqLlUC5q+b8S3Xu80hGEVImO4czAmd9B4j5atvgSqsIpaUZkaUFTmn5JX3VeSXwqMyMoPLYQ0ngqrP11dF1VExrsSyqJ7piveo0DSo6q91ta6olb5Dxi3A/1/pP05rOx0cZx0a0aw+njoP3I6XW+zAitaJLNbIWHOM5H5Tr4fmqLmmtCcuBhJWmOJVA3BIgQZkZTpkFQYkFkdcGB8RAaSWzO0mLuwdLON9ygitLM99yaUvNJYGNXc317I4hi7s80+YSJ2j5qafO4ntl46ml1CEe04Ljh8buSWrU9MlDTGmjnq7n42gRAiDb9AgHGkt5mQcmbGQhJ/VhUamiSiYBoNFwrus1HdRczxaZFMhSC8OYJ5V8JHzNEcE05JuL0ARhhk0aFUoDSZ+A4o2V4Pb9Qr7hS1nm82GL/6LDVCLfpTv7RA/DZsKg9IjF7ptm9pmi7yqm+/51DUxNGGLCUnGHWrFt/auXelpfpVXY9y+3q3o1/feW5j+XT2rwBgUGiAQEu7mrgb91eHqWU+RxUC1x8pFQsdHZGMu3e+v6RGdVKZuEhWbExLVRsTtqq7/0Go1yZnA70zr/sHXwWJnBwJPJ7PC6vagDBEtntniYe33Y+S0yUqu3vW7VvPUquSMRtHrsrzVansbG7bx7VOBGDSAXSCN78nVgHTKuq9g9/Q2FS6raWO1su7saHi1rOhvXlnc4XslwxGvCqFhxuRoq+ZKTgtFFjMolh62pZbU6+x2TMXpum52/x7Tk0FH7jNQ8HndzLbdJSJe89abaUdHT+rPHHZFuMX/PxhPkuGW+16uL0BjhF6KKrxGqDdigUNZTjVDvpf/M6T+fNgGV1I/3PeihQfhxQiUvEycSxGIfXySo1pCeSHEHZo7MzZQKMaFA+1FRwOaLpzZAEaaNG0k5maa2IIH8Bg9l3bEwxEoSBdZRr5+fNRmxlf3UDeLdMfF3xjgToV7Nz8OSokNQgUo4zzh8YHQVG9kUDvEBEfEK8a7Ot6HHS1s5b2IRyHH662eBrNgajGYBimuFyJZZmCByJplvyC+/kX0wIRaIMBoj9MJcW/ZQEojS7G8YQqU9g4D38MnOjyTvj7PPZ2vvtx0dTS18dDukmILeNw9J+L5RjPw62t0DUEVubuqMdKZQ6LJflrn8M6OcA4OcI/qRU7gkLsx+aLmm/LGGpLI0sAW7NsSZyLs2zJi7X3YG1iT3G6YpkqA3EMwyCdP3OgJ7NIw5AnkcBgWeaOJGGQMzd7YoSLhAeBCDXjOVg/VccDjGYHCCnnGj2e68Mda/iIi/whqIA7L55AtexKjVquH21lvRNlm57uFwNZQSbuRcteHhsCO5fFt6sLHNWQHomwSqj5yu0ODx4PJCpboHMWx4VJsd5uQVVbHXd5ieE7orr3ud9H6xDu6q2wD0YCcoa+S50H2F/5eoTJrzWG1Utb4Xt3YaXG3cvrTJAC8FyqDDkUbxzPHcy07bfBHowSsIDOi1diPPSdmlwOcj35XGGUvbdASAbtN8d1KjW8HQGBkN9H2OkeDQSOkAt73eedpH2KSKqLCIzRbPyXf3aKQLgVoqbzNVw970scA0Z4L22+bSCmf49As1S1Eje2utQRvh3e661o2wASyl8b4EKaEHbIfVo9vEnqKuG7XT8NKHmpUvGDIeOzeYJ2A059GZd+qAWnDsqll9xlXdvIfi4mZtcbLzT71wnteyLuPZVHJaEpVVaYr0DuOX4VFf5eYwkxq0IX8ybO0eG7ot5Jdlu4viLz92k3/MbTe7E/f87GFdNDE5dA8MPH7nEwfP0yUvFhFJQ1lAyxmH/W7y4xdeqPkcDWbMDirSHEEEy0+aQcO4Y5MAxdx43JCt3xi+1bgDFnWpFZ3ppr1mE4Q+mNjpP5ilxc0U4zGJf0H2/jbKh+aKD59xbP1rG7bK9qTwr855X/7HGjkqeMH/vG3+45oR3ct8cCikunpKV4eo6qo6e+oPSN4PePgb8bQ4fAK0zNTE9GQ2Vj4Wv+/LPt1Tz8twhxPj40M0SzWvfyc6Bg/3GbIyOnW9Nm5m0LAu+Yq5nE5uCs/dnS8Z2Zc97G/gGs/W2spdxgstV1XQMcgoB6Ge3XHq04Py7nN1507APMESMcqXGux1xMWPP4SKEtErdRpsH3uNzFnt4OxuksaHh6KkxNSaXYQFbcb8hIV5nRIuqLmZWV21BWU1J/x6vzjpcsXd5fSLUxnjE854673mW5OrYQqC4wWR6UVnsXsVkoPIG/D7UYGwSrBs/Mu9apPVPGEcdeWUoy+mbF8+oWvaAuUXGq16A1Td9xUHN6I4UM1i4S06kl0TdP+OMV/+he8Cl7oClyDWZV1JJtnR9EOjJ5dmHDflvnVN4Y0w7SmH8PCW+tgyctWmLjZOiArfIICzYTkbjUzWaVnDuoZmmgxyvzW5cWdPXRJJmTRD0WCCRr/91MNKKEEnlFcRXSzR4fZ6bvlr27paTx2l48W8Hy7AJf3+m9i2TxZDXBdeioSlRJ4mprnV4/7ZRKHrLa+tDnxJ8OIiN9YVxMhq4kJ6li+9aHQ9Q4mwMkCy9MbGPvPhvr5Ep7WFZ8Togq3ygeMkkq1CqeQ+ZCUuOwI4lsniaG+ATF5FUc9lSYIDJ/zKpAlCCVGnifxDWF4ToufXtiT8cL9CKoQ6Xni4HBWeuAesCBo8NuWrIOXUw8bkwx0ruQ8OE5Gw7XQEMqmpARuPdQQ8OrtaDevOm38YFpZxoREBt8vbdl9YLDjlwSH9at3n3njbfl8eURbAfK3ZS0VYWMFV6bagtu2RSGmew4HfQ97+Y6biS2LM8dpaXweDBzacu/4/yt4yKM5uW9dOCBbcXYITILi7uzXu7u4uAYJbsOAujbu7E9zd3bWhcTi8a+3vqzq79jpVe/zs6p7967nGdc9njpoe81yMG2wPte4P41Nlsee++b5k6PuuhJNWKyer0NBDPWMeyoeKutb+2pcaYr7mi1unIeCeD31QjV6fl+MzwNTwUZl22H0D0TYRJa37wanNs94HNnzQR46wr2L9Ayz5H70ex+oEz/rEb57zobP0cP61daO0cTvmLVwb2eqekNP55WF/ps88ea9qy2L98P0GU+Jm65rf/eYsGKTObrecmfHH9A4xRk56tdp3c5m2iViV1RWh3e6MoNLqpMriqMIe3/YMp8oWt9IOr9KauOHe+AIH4k8TEq/l2Rd+ayKPDeaHdk9YjWmjSxzdZatYafWGGNWmaPWm2M/nkdmQZTRaEiPaIWUrQwGY51U/920ZApIIq8raNlbyZ9ar8L02WO86rC+yLQhfpsA7vs+/fc9w3pb4wLqj3W0n4NyiTvVMMmI8b32BEnxOVfDZzvjNFyqGoYIx1HKshTxXIV3MctHhljI2ogJAT5pq1NeeBiXMywC4sMB4GUZvK82Y4cRfECRJgpjBPwFypYx4Yt/ZqCVjUG7zJvaGraMwqNC2hg9gpbslAdEgOKV8clGowWGAWm4BppLOQdGNw5+2/63CDA6Iw8A8pkZpEdtPVk99IraXUay2f1rD8H7yNNMxmhl7wP1KLX6M+CdVqsTS2XmGGetcwMXQbyOCIhh/wXYlndt9+2ncu/GS3+fhYfkRHuuSjgsHFT07NbOp3GJ+BpO2yWY1jZNlYXTUoO5ILGbOoV6zytBxLWe6iGIyNfV3PCtLQ46B6Qc/KIJPnbGw9ul0shhZfrD56h28vEyFPVT/7bflQcaqXEpMSUxKaDLaPzlvA//BqlghIMDCRyGAYh8d1/Y5ErTc3jEFkKCSfA74rKcnjni5awkHBkGs1I12NlYLblYLdn1Qo6nHYvakvUFLv4P/r9FX0DVStUca1HS/dTl0QvLGlnkj5ArvKx1lutrtXHUntFzO/JEtk4d3mg0lH2etnkGPBZYn2aQWa6DUFiTCADkRDYf3RIrSX6mWqB5VyFJB1O+lv6dw8gq/Bgh+F6380+zJqeDu9rDSty5V+Cf3l1LwMCbN175iLq1xJRpo9Z0w2YsdztdIAZ83/3d9pGx/8L7A+yz2++1mke8bjDvwWLqEJ1cNQI6kUpZoYCIlTJFsGBbfq8Lsjl3YL/cj+RNm5UQCqtVh1fsRky1cM41WIaR1od0Ejag4mlUWZfdAJPWItGmerGGPFIt4GE1SXFGQ7UL/1VFK95RgHTBpt5z8XKZOCAFfdMYQA1+eERUSXeaaReNVdoMziK2fuRVHDX8YLg6DAzeo8T6g6MFjZOMzd8yb9ifum+RP9WrE/XC54rtR3b/nipfO6scyxtYCxUbt1zwczg/ydSkknEGRMrG6J+e+mvqbmtftNY2ttiYmO7ct1gqj+OKDAmu+io4XO+PmSXL78z+SGmx9GfRiO5/MHu44yOw7Cb3uUKN20QV8QCD9Z4nNxcbbD2SAETrO/a6LCr0LOm23AGLo1R32L562z7sjB5U9i4SvDM/ilB/yQ3PSI7s7e3IQ8TTRuvBWNJE7GIOdcHzYmHV9cDFdVInKyO4ey3EXpe4eo+YS5RLlNzvF5nXSu873rEDI53Wtcfz4kGJSUvZSNlnUzOMp++pTWhY0GnX0kLnqrtvscbd0DBpVt4WNCZtNa4fo3Y1Us29x2UVtJm+rCGqo+ML2I6j7CbxdVFkzstBzMrG9MoHKqNbQUWzxDyWuijuBefsDJk8t7Z5Hi29eN56z8FssjOzIqo3Rn0dX9fjtCWEC81pPbW0vV4s2wg/ewv8E3Nsy8Lsh+K+yPfneLyHz7W42IftaXPivcnNOT4FO5D1BhW2YsVY8bUOd1oQv1X731/UZvQVRUI2/GRfKqW6jEkY0h6WSMtqkXYZclEZyvrkw/3JOQqMv/ukzQitDnhIKkVxGDWk6hxMZCEFHwwQlXULFMmVArjGz8ZC6iIJQ1svEKBXJWSg0H4VRnEcBSyFG3RKoRNOdjZIbbyT9vxWZD3/p/kTcIY/iMbI6ena6e0y8lZT2JzGVjcpQXPYl6ldKs0agia2eHwuacrwSsxn5JC31Shqz+/XIXRsyAReHgP1jef3ZS6DqP3sjeh2GxxFJnwN6nGdYZmYORYcG6XRbyfnpZ4bMrq5ZIxB6lD9cMUUlhFZVj7JMyhrc+AQsnBidoNdod3E9aA9MrWPucZw5mIDJj/VfikhKH6kUkExjE2DmNr3sTOgmbEPGrljJyEpNTuqwsFOzk7UxytEvbhpX6LO60woCTpssnL50VPjpZaklEH1gAWJcq0IQUI53CBgTBHjFs9ZmxO1CZQjvS0MA4BFGE+olZ7mzmByiAnJvEexyHMkkmJsjSBTRxObgvv9WpMXVkTMuHfbeZmwI7WNN/q5fwrvGmCp6svezxCRMifTawc017eSAFzGuFVAcTzH3S3piGgdFdRQgK+TMOZwj3aACNL6FKNyH/aKA5/lcAiUrR7s/Yzmr0/U2Yjuy6IRN5WAi+z1/ziqGNEmaSxGFMwFQheqZL3RoOTfdrLWzE9bclqfkjafN7FsKStb/xFfkJze6jwdhPgdLCupm+mUKG1cYxUv7Dfb4YKLZ8wjVm9ii2gJ94Ff1VMFRs2bN1+Fppum3NxJK52o1bFLYXASOVCckqhTqiEhj16/thiEGEbuI11rKURZhO/Xb9SjyDts48FG9zZzSLJYIFeFmZ4G2pB62xTl32AOfMpn4SBzdfJQWMjy3DZl43Iks7E67nLtePljBc0/A5dtaXudcXNN5urEOREQkNDV1J+Kltre/9NfScz98qxtJOzDHvBu37fiR+ZoARuwg8Lx7G1hanVbfRIhpJ/YHiUhMLs1GHHjHWmUlcqguurved5XaX3jrzXvdG941aCvga8N4QesFIZ6kefXQixhfwkhsIMb6f3K7X+URbwJHqTXdsrsiN93FNt1Gs93HNNxGc7ggqjeBF91jG5C7bE9w+bzvNi58qc6w219zuhSKT13CT1k5QhkITSrRdIqenuoYinzBEvmD1Wbng/lUkxmcvoZ3reMlxyDhfLTuIFsQ4hd/ZuCErvU5wQWul/YmtwZgUXV17Z+70lb5NVbZICdUF/kQJla5HxoLL1U/YozxvYbIoYfvkIbus4XtqqTcqYPrqKIqCJ4RglZLL5EDGUIIsMxtZI+6zq+3fo1mcfllnUlv+bG26FDO911UuWr9oPP+xyuxFgx/Y8fDEv8tYrXzXtvTxaKcr70WDNUI0Vzlhp/JYVxkUoUIXz6xgk4rn7E8km01taYaxe+UkG8uOL0yqoGQs5KwmVFT3x0qCGb/KgpV7pwhpmM268QM/wRXTtbDQU0SVyaWFAhiBvxmDUjAiSgLoGET/2kaITonDUXThwNZuM/cUBfokGBIT0Rj7t4/8MUxubQQTYVkQOU/vflh/IT4zxsfnP++f9vJv/BhKfrECjEUUdDTZmxezxrMzMrJGHRj4+NZyXwClPRq+fNDVOTj8uNhcpLDI9/H/mrW2I326H7Qno6vy252I6f6oVDM2hkbq1yrw8/PrbKry19SUtLHx0bDwsFEVFLU4mfsuMF0JES0teVM6SwO10Y/PF5IHS5f0KtwXu+uGdAEC9uehmYlIy2rrd3j9YxLE1Aj5chiZr/qyeg/PNKSGpmMbZuV3EHnrCdkOB2SWH/W/tJbfiZWtmCnVd/MyE7JxEw6sUnFycxrdhBVUBwmSVwG1CIZQOEqTcyF+07qeu/g5JTKLrezVQ7+7WCVKJQYJS2XT10kuEeE1iA8rFgfsiv2B11T3EQSMTiSc6RkL1GpNw5HAZ0uPI5auDjJoEARUmJPOhx/aaabCSNPsJCIrhQi0Pm7qR0YPBmmQuKa1Mw1QkFv1QKj0Z+oVCGI78orYswZwEgnX5OCl8RCLlxSUDymer4t+5c8Q7qkB/AjINfOTpqKqiUoaG0YcLFT4OCq1txWtsfs7q6OXMLTp6hV8bemXg9Yk3ZLENymkE3j7CbKtyZVggFyUObignDkUGcZhdYYY+/4MzgvGFfISgfVCftZyELdXYi0Di0xqQARctuetah/kHxo8q9sZgILla+brGwzcD4bG0KTPRE7D1IOsk/iN50D8zjBwAkprm35BEY+mzhcq4M4Qv6DQyB83znukYV0VC5bjcEXeZh6YDYuUyJqrws0QxriFG4CWT6L+fiwZCY+KlGbx/DNSevCds09cvYcr5+a+9lScBCMAq+vkq7X3m0waLG0LP1yw/dpT+ouErvqBI/HbtP7qb12u2d35DmWpvRE2xpv1TqdW6sN+ucXsip9hZeH81j/8wt/VdXFx4L2kryiV0sxZ+XVbxo+D/Vve8unphxEixz3694qzvtP+UWNb+Gx/k/bh11+77P6m74vs2XuAggIXecEHvMCb7mggdOL7SbbLwynPPpzru0W5/7L/A94UbvEfpU2J/w+N0bH4ZGL9nwbzY5ANUb/u2WM8ASVHfI4rhYZAh2+Ih4pQl0TJHp55SKpwpt+ze+hsQRdXucLuX1Dtc43fb3GgYFkL1+E+/LNTMa0m8v2jkClB7nqxB+OtdymFtt+Sui9yXPT6Xz0A0e//fFtoOzSS3zTPdbnCA86Af08yH71abPhtsPqwnN9ztheen2JT22VS2mWCa78nKDs1Auq/NzrNVJVt6q0VW8B3Gl75Hsv8+lp82UOpdX69rmo092WYeO+82Vb3tO6Z2UdlGy35P1yM/+M6UoYFDqpdxse9hslhZbGEdBCrREeeKf4FU2HlsIF7luJ8jR0IkuCkxIlWQGzCo2qzM+cag4/Sgw4FXox8i7IHCYI1dy/VPOclpMiZFYtshRx+URo/cuazKpCzVJz9BPMMDD3x0gXSDEXEzFK7lSpMP/zfXbu/8PZ9QdsuK6G/PlZFKwDbLSd/GlFygSDGosoSjkzNS3Ade3+aPIPeg1mY7O8+QM+Wgo2RzPptajlSDiOPYbN+sOt1D6qyjMark7Xw+3+vagXCjGulkdQnTMLM3NgEMSLj+00wNBQ6I2yY8tyRmucO44ER2fAkIZI/RQnQjU/EW26tl3MHszqPS6Z0mE5W+n7HIONaQsZOjKiZ1H/YDYxOampeESM0WFy3IqYLt14yVvrdT7hiu8+Pqzxu81huXyufEAmEotOq9FE6not6uyhuaB9TQyfw46ehkZaLtWWHRe2AU6VRrFlrbKfPjpHK8JM1QoacINTaaoZt28Rv4OjV8Wh9SMLK2G5fBFXVH5SCQ9idx4OL+4Go3LbIvMTexEnHJAxSYskqaXt77ouJ1odnqsg4aRsYzA0qRKHUsWWJMYaQ2582T4RnDoVx1CJE7ZE0limcBJCCSUTRVH8thVXMJl4wIwSNfwHeyiS4cKUYo0pI1jjC3LUdomImCVgShKCZsah4iQTlcJlSVSNwjaK637GqgKvaz1DIB+05LyqP6MkS2sUxqvTWCAjj6xnxkmiSEjwyaVCIulwieR4xX3hsDDBnekT4RsPcHFiKmFSCJzJT8mWT8bATE3608np3jOz1l7/60EwfzqB3BeXWzg/em/A4Q8y8LwiJ99Ttz4nds8lNwqH0iIgt50yY/YXixEkWcisMDmF6LQRa364YQO4+JaKTPOZPU5c5rca8cUxJjFBGr+zm7wZeO32ETeVq3Bocr31uaC26PG6Ls35sFKvxef0KgB9KDZzudV08VwbmT6Doc35HvDeLWmq6rs8r31PzMvnc4txdV1XGnESwnOfzeuh83bkqSpn7C0ztDXatIkc6+/Bd238PpU+stL4z6k0T0XHV3DC0ORp1YbPbX3e9XRd6y6waq31vr2msKnNew+Y/XZ3mP3OzfrUaH+0P/XQtr242f7yMHu1ah+64bvKwj29xKezyLS0xrOyIrCxxDY3taHvdMTZvFKmfjkxqlX8u5SwqLWZu1kqg1z/FXSYEqokKJXMAKTJWINkO7gaUM9+32ZRd+dgYMjOy0tKptflcn7qHdlpOHaubbfx02P3F3j//ZHZ+/due5NOqzY9b3f2RWXuFd8f+pfaiEN7dNvf7M5eFT4yHmLHo93DOHJ37iKY93Zr9BJmsAsX573S/8x48ui5ctudkGGjHtxld+I9P3dfVHKp6/wuKjKZLu6982jrO5neerHYsL5rAOlqPNl2cPG+ntXU3Qp2NPgwI+PFUXPXDh7krOwEZVZaa6mLWjb1Cz5u53NxI3Fu84UyqI/OdlacQQNcSyxPX9mA1AoJh9MJUsTDrBggt2oaPgJ1QeUAWtCUvzW/VgGCSTnDX7k/VQyq4OT2SrFJU6OqkCq3tg4TZlAoF9Jguwfn55ussC6WKOsWybtm8c8vO0YkfPnfgmYg7/qOzcsb35MIpmGYnJEuKzHjd3aXwdtLeVT5GC4Luu8rhNEuWm9vvvIM82wdPNyijX6tkfJwXB1+0wWDVocpQMjRyElrod1GcKScPAGQHo9BTLRTpSZNJ44oVyzrFUAGIFTA9xQX2VbL/JtHQzYJx0kyUw7siWc1dtuunR+FXySnmhwf1T/ZJd7BRyHCTN/bJQYgxHSZyF2X2uJzXNJqtbAx+Iu5bdRGecIHONc5He7vVel38ZGRMfDy8rPQNjVbyLm52Zl4/Oq+pmlBiJNUUfpeolhrlaGOTip+LPknkVayUIdcMkHemhmnQatC3rxaoxw6SKhq8bQ+748pGwbTcoimzA5B+LHYhNWMt2YUe11PAbpnWrcqHEFckKqemUh1dpMmVakJUdhcJtABSwxSdrwEVes7EIOZMd7p+8m2+F9yGg5sxVNNaQlUA9S5HJSvmIqCSe1aPbTnEdKF0EI+rHjoYoYXF3bKnW7Z3FCO7qqjJk7I7ubqVN9JZ/Fd1RgUgoQOd3cxUdGOzOt+pvcWoinR7GPAqdEM6OowSkjMDQ/vgyYbyLdNpyy5tPqmxSs+wclXoKnS9A4HO7mxlTDBi1uoWulXuJmZiCrpCLuZLcS3t0cVpBqqlXGMQsP5lE9jCNflsuL3XE3nseuZx3Bo5LENMuphCzoHIBCPwX2AJnBR/JrbgLUq8gEjpPEwt+evFSnXc6kDANuOdejhISSlgumzECDAMNIJ5OyMRTGZVmczsPJBinV/FYCW18FZKq1rwziMdAydtlL9N/PriP2yJpsNz/OT8+f7LJ1mj7uVOx4DXt+DncZMikMG3Tav3YtUkPpI5WaLz91CcC3+3Q/dpAbbD1NZYHVpdEXkq7Dg9Tl7GahtcydWCxw4eYoZXOhcvR9VyGyDVsts83hdnk2z73qcnRR4/WeeR9l6MrKmyfiyk/j9yvi5W+O97L7v0u/I/7HG+kjOefJvQtpC7Wpsk82m8/7NHVmogqjEoGfziG5Rm7ROgR0SPTOVe79ckYOTc/bOt8yDArekYt31whh5mhajlXpL/4c+YsmMv6OaDrcGx9d9Q+DLjeT0JHRUrHNTEDwsAiIC3D0YOSJcQUujuv3s4DVtEJxbc8+w6SfwdtB2HU6sp/DC+wQOVSd+u73ZzaYcur73x3u/Au1x3oKfexY3wdH+R3h+i+y3RaafHipNt3xFYvm+ri/dV+ZeuupOjq5cTKdVxq1cXK801qwsOBrorsq0ZTtNZudNGlf42pdph9CkQwtd5+R1WPR1hvW7bIY1R70M4EZiPUpIpL3Y/vlGezlcCtmS4ZQwSw83iGlIQSMfUu1E8T3OkOhCmiN8RCREej8Fobh7H7ZSBRX2Q7LDUKml0AUx1Mms9oEI9cLR35nQSCzYpP/uh6W39aIe0aRf0KXyr58rf1rJ8sviHxjeth46/n/Hpql3rc9H4eFfTy5/Pi2WRURG0tLSvus3Qa7KyhPxelwlE/qfpvx/IDL9V6za2PDKj0OCrbZoKKCOp0z4iR7WFHuYJwavrKxsRkklJi6x3O4TGCiiPMs8w+J8sI9ltl/xN6WLtctATmh7hbANuVK3yXPjpT0srDgsLOxvWPXV1k9B4rJ56hMPpRwAooIllFaO4w8Jz3RW9qAcU0YidWvL3tXiQykthiOziZSGdof5kR1E5wOT0F9DD9C/tDqCIETy0BNYamuTy6k3aq0na1zxwQUTmiiomfUmy2l9EpPlm/XoOrJq4N6PcHXUbJKucBXVn1g+lnF0pKFQF9ztEGdK3ZCm9t2yUFiBxezPIcqYJChRWIqMhnB8mrOnLnD8wJbdO20sK7BYtUQFp3QHVlhkiy6ve10HtzCjbw78ZxhPz0Tyh4T2LR7hpIE0bsrXmzs4+NsvLHQBNxjNQlpDitxoi/nUijAT9Ek59BNbnBnC8lK8sO4cjGTfpD/okZEpxcHhII0u43UKiT+JIzWWUPQDA4oyoFzFrMiST0oJjuuLm5BqsU7lb48rUmA3SjTAmhWfOkIQJTg7GSiIbhXOc7Id4+3ByIzLkAzPjLv7oQdchhP0ibJmB1wMdT2fLgILu6OraURjjX4lwG8f2SgZs8cvlAAU/kRfgRA/Ho4b0H3T8sGELAJ7WrslpU5ZA2mpQcRX80fGEHjSYlg1lj6TaBYtESjdggmMvGkY5zQDcYT9+rhA/ogm/B84pBq23wZ/1aQZRCDnBQ+fG3f4OMXH1yUo1SrPmlFNRESGZwvYCy20tyfWe4ZKK+h/YGZsWQYonwVDxO9gY7ixM/Aow2G7lJbecdX9RvYsjVRBp9fmPhkgEhqbyenZaHAckbfD9pFRBHwPejtFClfdkwl4PC/AHUDsqjVu38qzm3mebm33bJvVFv/DLJEhBV2fm3bwh1J9pLBuk+NrZ29w0sWK98Nbh/mXV7IOPgZu7ueVticeLxiJTT+WB6s8X4MCawufq/nQrDiOO1tfzLtzdXv+ldqOvad57bbGs2pcmxh9hSHM5jFVoxmcHVKj+Dx0tN58NDLjWqUZ5gQz4CDFQcGE7m8me7eZsbnluu7sgTmGLqcHK+li/62LitUq3XafZpP3ENVTJTTzx8eH50doKEjoZ5hfDzChAaH+albQzY1PRRPhsQK+D2+T9pR+Po/gZ+TN18lFYn+/+2uFS/+H0bbLt5ub19gq/hfLnaGu9hfw4eLmu+fZbuwrg4BbrOxtlN8ZwWOR75HIauT9JN5z+tMGrz1es0tXbXtDlefVfP5TZWgSoe3rZfb8nb7/lMO95iroKeADVjchb2kL208xTIz85VZtb9XQUeaV/LIjGhbXyOh8tl72xEFV0Uw37VRVIKyvVz+dlHIyHOIM6WEpkorXM0yRiMLaRPevmwYn/WP5v8wXRJh9/2PePQsvfjXJSjDEhNDniNGHGi+Mi2XOFWg0b6VjZg/xw9HhJgXaxSWdf9xzRB1J+Y3zvExAPv1m/7bkPx7olfp8RDWZXfB2+TO1sZJd0Wal/WsIKOfDjZ6ysX7Ky8tnyXIFoc4lJJiamiZc7+vD5Phbf/iJPjU9fRadXwfFf206+1//o0/GLvVdXV1MnEvK+T2c8hWLdeSFSLC3w6OjqWyjWX5IsHC3yLBpcSmJ7FQsNOyObl52Jmdn3VO/9pZBO2Zj8lKjkKBlLk+1MjbGboalzaFVq3o8sXQp45lpghLmE48EvamrxBAKOa2F7gS6opx5ZrS431ZQlSpaCIPFYUfLdQd7JodA4CFkqOiJXGP131+eXJGzLNgTo9+XGnevjus4/pk0av7QA6+LvEBV7cbkcr0m1+WI+fSm841m08szLq5c1GvUOEfQ4f7+AX1YeEQR49w32IRjc7USVqaMaHQxSDa0emiyevL9Qo5jyDhzKMAcGrkcS4ZwiVKJYsg3TYJFlGYsse/u7mPzwaokdAER5PRTv7IKo/E2lGnT6gOBQqfmdZ8QSYe2rL5JGEGEOGXHD9VH0jIkWWFEDNMx44hEi5NFzNjZBYpaCap4UZA2y2hwuMuTzMcVBwg2UBvlUud87pOFJKFONEtjn2FtxiEUCahTtmKLKSl0GmY9PJZGIKHWyf1NIu3p4fAzFih1sfOruRXl4iJRFGICVh5xAmJCsrUFHS08ILcHKhJBKg/W3F6xAgKUETr3K0cP0lbJuF3HMK9YUEFGQ9FBfCWjQUxsdaEcqc4j8BRhp1kjkyQQ3Yi1lVoIXbrOsBynkEXcIlqoHMe2MeQ4iqSdXXZu6OiHo7h1/SDOSBgJOfKgQUQsCmJA1FY04HMGrDxGwTwVJFTh4ODhhFQ2B5WzmpL0U0b5WPkaF26LWBn7xar/Xv+wM497os1Gs+3iwjro0OxwTP93ckJ21h/N5nqLuxHX00Vbeh01HZ16s/ETxBJLXHgQvNsFDZfHETUOh81y56XicUldMhIxn7LT1lIPGRCJgN/zZmw/Wtvtkp6r9n0qvIzjQr/T63CkoW3Rno/3A2pLw/BbOrFE/JfneDbWF1aWFzbWlyW2FudHhCeEfqqLK3ycb5XuD3IS7xoiMpfXyslNduvuj73Rve2FeBmuj07cU8ejltBqdV6P0g5kmt8tW47BTGSe4Iz+vf6/Kbio08NM1z1vnx9buL4y1dghyf8iAHC3WTt4AczAd3XYDNncbZbjIamO4Z/9At7eAj5/BuO4aFioeGi4WEiq6PjMpDWkEwmU4BD7C1xfA7dr3C87H4937/09n7cPw+3fXs6z356ugf6+j2/PHJuvLxfA9+uDUIHo9ne/rXkO311iHgn+eoR26zNf3XV+pQ1ej9qzntroNrdszvf2BmBtRVWe46eH6trTg/wQ58Ws5PUK6Mh7Wi07ActWUPk1eDbkFLls5EJ1w1PN/+JpN3BeO9DYDBaLtnDW2YyvxBiWUOzY8VdSXiAE5h6NVh45BVrDKsZhVZfTi1JeLceAm3Kz17cLZpXSfoyEjuwAznAAwrDDlkI09PsUGSzEkGNg90+M6Oko3QwlkmJRUne3u5SLI/675E+3yUj6fvz7sf4PJ87f/kNmG/V3gzkaJr/doYg0/Ib8z/jB++Pno+GiiS66t7aQ8S7yrPegH++7RJMdHR3//9hSp+JD7JepHhKs9OSt3TJTTQo5Wja8CLPq7m+bFDJY+4eHk+N/I8KiwMiw0tLyqdmZ6R9o4mNhsBPXEnVRMjsI5DoGYdHp1NYbDLS64i+UaxESYQkb0gRQ2GBVAIasOOdyTEUDFiw9A4Dd7Xoi1p5RFJi80T+FTRgJJx+8vaFgQsgnM3TrjcZvMMteX0RUcM6xcWocriPO2k1lkqtW3bdcht+U05uINOrssDV0apxmD2y9OeyWO5zGB9lOm+g0GylZjcSFe8/C/jZHtYDq6pzJ+sioEe6YcDnZeknhPgPwpGZEf9eH/komC8SbBbj8BCbPG+x8RxqSwsh38WKZjDSrA+rNMdI05KjhM+rQqitWVnrFmwAwg6g9CeZRmiV3KGPu2PCDOmwD2BXs8zfIHegCdsJ0fiRvKX093e5paf0CFa6SOAKZKgtUxJs7KfgpKBCDvUYhWCdsGk+mxfH1fE+4mQtkFSxegYHS8rnvp1aSdGwengMi5OcJJHlzLE9odTK0r3mJo0nM6u7YmBGfTJnDtQqjYmPCviIDWltyiMC3LNsXMTxcuUhIv/LRj3dIqRN/iZIaFAvV61ORgr5hMMtXzJQA4OVXHEZ+5eCl9uYIf0EIWdrKwa1xPK5TXqyiXlHUwLGrfZgpRw5RaPSPwXQV9Ea3iEc0C/6mdlvYghLNr2IdNoVH5lpkkcklbQ2369oThSPqJFSP8hfWkNv4tziM7NVdbI1nECieiAiDk2xULFi0gHwyKzMeKStv7BE+3nxSt7Xc47Txg0j7heNZbTYAQ6uZM02W+Py+vHh0waRWE0DPW/wXLpAz6AYrkIGbicmyJ/BFLr3RZr3R+DVEjla9YrnW9fAj7H00Gb0mx9UVRO2AVffzL7sbrxLSsdktbqCNlkj1Sf1W6AiWwyoCAde3DxA22a/ZW1lUlBZXVJbaW57TVVWWWdoQ4nguc7CqLa7prc45vgMGwtGx6TO63E4eggPbCzPiHZ7PrJPy8asEVemJ1ADIE/UefnayGnNn/ZrO8coJO2jmFOQBpD8s2VNS0+NbzcQcn8qXm2XDPf8Svl0NHb/fQJEACqjIz1fbX5+WI4fuibVqGQVI6dZWV3m+ffs7NLo4ekKIgYKHRmDIvuzT/qXRdv3VyOJll0MAjBjjdh/dnvZwsYv8vjseSrzhC5qN9X88bftwq3dQ9ub7rcCmz/3h9L1AhwfId/JoqDGA48eXy5M2fb1O9RY7dUsfLzu96afnBrl5Qt+Gc5HYspXs+VveqlN+3+Pt49H7np2k1Uk7gcout6qdtXkYiUldHsfthf1VBfp1H6eX3mgK2sXgfoopr6A0Y8wCrYjRwuZ+QldHVVmQIpc0QP1XPGniWo/vk/psl0scZ1vAkPIFJcDrr4o/vOAuOXQ/bGLB1wP0BMIcAIZqGSqGqiFnIDpNhqCibC6kQsvavNwOa0lk//C07ZMKsKorAzzEUOTz9riY3fMfzvO8AKFz/I+/8LU8nCJNvVcK3C6dMjF6Nt8yFveYMXb8+2YIyU9Pm1CJQohmfh0PMp+e3pspfj5hfpjV+4WAD4zA5/d7iH+v6JN7RQyZI2emZN9Nl8XK8I0g9IpX/jeNQpnjxVqLp6cnVwu8GTllcIgY+VhKaiqb/0fS++inGWtioAMGjXaTx4j9MmmZWEJOB4vxNLZkBl3JzEzRHLg0xVTE9hAqTrzPUONbeD+orHAA5K7c0mTFXNKV2yp4SPNXKWBl3pWcWWBBgd1qq/V+6Z14JMdwWADJdAt88g8ajQa/2Yv4VyC77XKX2Tq9IgENX5vrUECSNfuXf+a4jO/fxlfBExls7prbI1FjZ8t1s73Cwnd53crNVQCF4cIoWRpqjDylEgC1BTaHEA2QwglRHDLFFiszQHGbOiI9aiFx+VhTE8RyaPbotSLZEpj0/S5sJW9Q1mpOFNAuLTa6Xw6HClCRQTPLAjEdfeH7sSHeoQr8fKLpMAunQlKYBLcyLkelnILSQJ2EGiP/q46FU7Jaj9iM8QkUiC3kSVqsR4qtu3ZXiZZAYFhwgadTKIaq9322VGXL6rs3tjmyFg0UFSYjBsHmqlGBY0P/vBh9AjUGs3t4ulLhb2k+3jVdVSdNWQ9JGwtGaDcAjQsONP1SQpEt67kcywadNeV3JRpTlEI9g54hIwXL0cItvXIEa3FHwmZlLqPPxGHF0dcgmZiYG2ZNi4wrpjTSjo4KcsJTS3jTZsEMBGCLBgC7ik30xgh2HKZOGLYKcY+tkxW7lK0/1baG0ro5B9lMlHHw6AdAS7l5cGvoKiAPi4B3ZNTbUGtlprw8sAUXwM8PHYHqQMrld1C6Mx95k0yvX1NabTG+Vq5zpVih2cbkraenNtjuSrtYqd9AT+GopmJhovQyVm/i/empuzPoH3ph041MTEDp3+eJyahV6nSUOwzsUMhg0+moNLcXG3gycc7Fmw5EwqlhYFR+NCnd6dI77cZLLqczl+U7HvMJfS7365Mk66aenYt4ER73JAJavseHjYTQ++y1tufi2tKLa9AI1WTZRyAM1e+0vTxhoG2r89+cThiaIF7y9DAzQdshT36fBjwWfrk4iuGRKdDn8bhZQX9GSrpYR76g4CKxNAQH1i8794qQzcwyH5oeiIaIDoRIXGp0fReg1b74Zzem3M0Jhvv9XoD7ZdbcT2t2JXBfXSG7y+36ZrDhFG1n59XHh0yEFMIXwqeC/8O4tjiZANdfHVnQzcdo2pzyc2tsrwY0JO4F1S8jOYg7n8HArna/9/O2S/+Mh+PD8Oy324tQga63jawAIo873/u/oTHbsbGnXuxnj/pna+a/yRcNqR4YsNta88nRusfqGfSTNry1NTfUGyrAG96XbcA28yIgcMgbPurLoAHjFfnnwPij+oKC1QRdW8mV+R8iBaIwAN7wufPz9WB677TQ7vMI7ydBJpS2S+x3j2saKtqyVhraL38fhto42lpWmbh5Omsfn6p8jzMZ/M+DNl/WGd4XiF8XLt8f7d97uvxBHZs+D4PYG687i5edTxOzk37H0fedL3vr+t7XPbPeChu+r6Cut1vnrusJ7K6no4p7dvmMEjvLXQR0M8mUHqbPQ2IIebw42NUSAts9GhikJMmb57ctECmbSL9gDCCEJXHyAfGU4NVJb1pBgb5aOql4nJAebwjYk6Ygo888sCdBivafrj2+yAucgZfRl86ROMvaTTEra+HcvzbPffn0f1c31QJD5acOffe34rWXWKyc97ronE+IEB91I0Ur6O9DNuRI7P+kbd/R0NAA9bYK8a8fOYhsd+n9RJJIsYiKpCJn+XvE/SOCXCy/lURdXR07cqDoQI3nR8W525mUs4y2wn333N7a0tHc379L/Ut7+5HJExncfEz83Bw867PrWWGhkFk7njqLnn0o5OE7kFosJuOJKtGzrmooKGm3DlEKW98CxFhTI4eE5x97x8bWBuDVFxdi/6Zhypm0PYsvsscQr3LZH64FJ9tt+j7dRiNXbvp4eJzu9d7EfbTxDvDgYVb728S+NYMdEd/y1NyyAKOW+qaKrm66fJHJn3lPdtOTgrIIUIsrhtoLP08acQRTeUgciVBJuHlfRPgTU7yBtXXEUKO7vY6/pfuhCX2c0ctvyFyrT/K/ZcV/y0ZNwQr3MH7tEyZIZh8vN6VwXa/XDzYVjk9hvA0jpUWgmC2ggIvftM9LCUYH/3Lj7BfMMcBZZ2PjjhDXZKelBTP1wVZ6vpDAytW2Bwpzi1CT0+R8xhwywTBsJ1rZpcyQ7z3/I0WKHTm3zxJCSurw8xtYzRcJ0gcnZAn5O5o6ZGdZQ0m+hn1XaDWdmBgT/Siu3CiueIPlyrBFK2wfAQR+rYFEzteApWdtBIxk389fhFkCdSrSodbLI0VXrayt6h5/m7Ee3BDOzwPSKhbH8OQt4hvMAOdzFVkGBXLI7CPimXmLJd7WAos04tOwbNrTRQYFxZpuZ54SdKZALrRJa/EJRuU0NfTI6HvwGCLiOPj+fm4RKCeTm7oBvkAfcjc3x6ICHmCpsx8kLywuNKktsi+qscfYEPH5n6ydn3Ikm2EDxam8V9pCn0MoJSgXsNSHxAcPzbEPzA5CoUPOZ83s7AxtbIxcXNb4SczPH+fOXm7SMpcHkpL6tOFpT8HNjrcPNehAu/UWfxC44xlZ3/d2BR+7amNpg8/W/xLoPtH+9nBsvvm41hcaS9xlpbDpc3Uy687/Hszge4dfxef7PHGuTtT1sjdzMSDLqPo2anqhoH6l6nekjowSSpCH7+Z/oCiO7HsxrK0+oSvsc9SDLY3I18+80/WCnd3LJK5cof+EnU3jnbv31DJqPRuZlM3f/wwYxPyJlMiCROxUPOOfk+EG4xXxo2qt9XVj9VKP19/Qx6X897AasA7cpJjOMLd3s+xCnzx8CJqvqDgHyme/j6h3vQH938a7HsoufQ9hBF4ukP1usTcf30IFHq/v/V/cBR6GNwW0YZ7e3zY237I3n07fd9M3358FXtw3/W8Xkp+Ai22D2CshVDxDQPn1Zs+bp2ht5I2Hu6r3DXX/w1iBh5Uuv9PXKj6vU3jkDY/Lp46h9DZsho3W9w/uXHQ+De42bb6fVV2qZp8Pz06+DkY/V8mNVaVdY4xNMYqQEkAzfWappCgz9lK53uV3734sv0d4nO72++zV9SV6B1be6BnK4g1XCOUszlQzIs+BQOJ3B1EX4XP5hsKnm7Oh/YrbB0K/JVxBHb3+4wDa9Sm9YAKdk8//jUFb6KfYKj/fwO5dHfqObx7pj8Q/BC8vW7pQIf+pvUPtn29XfchcMc9HuXxNTT63V7tQR/4uCqtD8FPa2trE58grk/9a5yc+3Hs/hAvjr9B8lSlS1WhFjMBDR70cYcP8hob5N/uKicqsgz+NIUbK9Pq2wMLCirJ872r/nKa2qq6mqvwKX1NPR2djX1fTks7K3/IDCLpoUFoAnFkM10xs0bQCJnkzsVR0E+l5XIAo1yDVze8iFDAv2vQTTOvhgZma2mJTbLaOhs6u6HgEebqW9x+12LOMdpcPEsUZH9qvebm87ZxHJl/qtXodLg+iH9JvNL9vDY8i69fdy5pa3wQ/ta4MXk+HjzfMH6QFUnw8l1y41yXVDKJ5EZNlXrxCsNKMOuIL1r3hCz4issiGnzOM+59ai8gk3On1mr1u+ktkOXseUNHzWQUyvh3RUYlTU47Au/XyZism6jCmLNx9GyohLwEkDoAAqjWiQpRfw7vZQuRHbjZaR1krvoWFGH4Vs5MGeuGfWMZqB36LJDdGaGtqZI3SRMETZfz6lZp8hMwP6wYPw3ImMYqUFwKgx0B4RYuQJDN4AqepivrixwD5eK82JvYNQsIRgUmVwk6T74ec3PyjDadJF3omORRsrb6k2PQ3oaVh3KKIXd6IFFJ7mjxKp5DuY1bCohQUIVONGjXkA3K2EQdPlqX1Kca11c3VjRZeLlcTs4U3II64+BcHth7Wa6f0cneLHqx5C5SGwG+HUBQM1uNq9eILs1G/9wvyzBqCd8B/oNetYEPwheNWDIpJ4v6G9j1aFHTkTrxZRRy72Bsb+zLbSjkpaC8uDMYl7feVWacHkSUksERGyljvGs/WzTqHqqslmx9y/FFvWmDnUENqwtLm1uZewdNuW20NgZE4I8Q6TIZ+gh4apKSkLAoJEReXGBoaosLGPufgb+p0tQEtxfARrXO1VNfaKSywx64kzB4yZLY4PK5UrDKse+/3HzuXgWWq7MoZKtbbfV4bQhXo9dtrfW3u+y9Sd3mA8lkdDqcD3uofxPA+fZveJ4Ou8NJ3mELKoIH/zaACvR62PdCHQ/U4VWC00eF0enudUEz8PAZEJo/XJMN4vQVR9DjkVS5pqR6TkNwMPtLis4wWsHwTgdy9qlH1Rl1nvAzhnUzyQEpa7J+liiX0v+vpc9/wAB09iWvXfDeCnJ32sGXPliJ3HrZxNpaRy2VPGpFVGPd/pH0/sfe73e16etP3B61uPm7H+r9sK7yBvQXepv+FpJfY92P7t10Bn/fLtyr717v3t/HL91f190OBNp9nKeNNj84Gjtm5ODsrIi0NAv1/wuLTKrHPeSbD20F+U+fVCY++z+2CN/Lmy8u5hL1LrGzseFVGq4/x4UsSi7r9uvfNQUPbRzP3fjkaR97werdW1/ea4mM1pJiNooGyWAputQwfmaNwvtPU222vHjp2bvHRI9657+V/zkW+fgIQR5BBBs/SNTS9gFjoRlfIJkHgv4wIYgCckFxqm+yZ53G/7Mndu9YOfvPg/IIR1YObP22+mPL+qYTqOWuISQEyfP+NT598jF4D4aaerbn8H6313xgWf71JqP9svIehFQz6+VEva/BT71c1f+r4/NrHX5DfNyFuJ1dA+dHPiMevb7cLCwsV2k3d/qr/XsuO+kUZbipwbwFBI/ElEAdFLNEUoLmdx2Tt5ORkbGxs6NjSBqxaWsoYVTcHtfz58wdsxiMH5mSe2lycb2Fk6Whtrq5pnVtcxf2aTv55FA0f6fhZzuJZkTpYkVTMCZJ2q3TCArrC6hduATnuvCs3hlJa2mlrG0+69orWaqtV5HhGsdhO6kXn9GNhdEM0+sc/ZbRdzUyfw5/iA9UW3WM/2pX79cIwS/K5TTYnS1v1ysIGC0cXs0CT0+PNvDoxn9/Tw7SFvTuNxRjibYhGr+AXVLRpX6LZQ8Q+xfiiuggAtpzrAru5yNck5R8sStrKGTjZuMSZ3O3tWQjiuAJouY+w0ge4JGI1X+Ulw53k551DUhMxI81cMhQd14w0gwzB+bP1smgQITfU8Yp7BaWiYj0GljJbzH80s+XZsZ1IQ5YAjHPfwmDFJGBHfqJM76o6ipKirlwW+dBn5p4BqcknyFB27+sYyWdNeE3MEpgABrxEyYunG9r0izGLQQ++hroKIX3jbMGiU9WbP19PMl7pshUCc76JUZB/Lzu1VGWhlh50DM4l/zMjSp/3HaBZyVSBR6YBTNMEhMfLphjBCZXlN7LjhwPLJb3l1g/mXGRYUYOuyaNMUfNidvBwcuOSI/OUhmi55MeclMR/nzYoxqju4KSTP1gJ2SuKNEgzDpV5Dv+17okyWxBDf7Sgww9nx4AL9shrUEw5OS1TKBKpndHZZF0SYOVl5ednYmFlX+bhZObo4uVm5priaGblEGBhZ1pbbePuam6pXZiem1GzsbKjRrq9lY+Kko9VINDTJsbDISAmTM/MSs3KqB0qKSnZ359fbilMAE5k8vh7HvZbejN3VTvZeN8f1aCHcsRkcfu+/Z3OXE8wZ9Bpb63xHPOraFkubBleJrNOd7df5/J+Wvuw7Z2ZiI7D8HWWDzT53G4N3/5FUNl292vNoEM2gOG7JWHw7o6jgBz4/DXm55HYTvzbwwStPb9nfm7ldyKZVSoT9fdqIunbWFnE6EnoCg1lXdA4vDqyAkMJzmizwcLnAQsoni1B/WJFn5SjIQiKpMogU7Q+uehoAb/9ngpa9cpsni5uFu3k0cL868FWL54ayfrKIv7kOoGetOmacO97/cdd/2eqzcce5K67jkvfS/v3Awb/2233tyZi34f79+u+7Begve9DgsBjJPL70WTX/UmbPrcb2Ex5MiWpclY52KSmxtfFxsHPcLc/1dqd+IM4YNoqf/Cb9SWvDwhk73+VFGrv5+Zi11LibWDjV2huk1dob2Bkaeri52j3utQhcel3tb/p+/xalcXpXmFuwps2yoxm/p63Xi2DJF3j0h91FCXpbZjdt+vXCMFa3/XCIivIGT5NN/C1/Nt1HvVF1avNu376N9idDWOpLY+0AupAcliIPkacEP+VADAX4YUTENi7/6NJef9HyQ2RywMS15fQ7kKi/44l/hq/XKij2Lqml2SoI1+ZURlifyzq/0ISAfzU88C+L/GP95cFbXvf+uv8SpBA66EArzai12b263L2q3mbrw/PvzOg/yEHht8Cuukwfr2knNC9+s8iS42t730q0NBPWMnJlEBgq1crTAg0j7e3Ump93vCxB1161P5seGWjGY+ycd8r3zliQ8tBUasPPW4tqxymixyzi2acZ4wxuViiSyq6hdo3tqB5OfF5Kdp+KeY0adyiYRAEBVwU9U1rZWQenbSW+uXUPi2Hu4J+Wrp22+NMn/vm6wx4onBgIF8k3zkyUhs4qdvhcrxQUpeMlbyAn77iQsbLxM/CUfdw1LOrTszL639jokujSRhJF4sA/VXUhaeX2gbqxZFglMlF6DcZefJsPmGwkS1pMhywFOR65yqXSdgRrHPeO6fDjbP9apGIupOoSHYqFYGI9ksq3lKzEj5YKZ78ESJvkZjUMqHAJeM3iqgoILPoBwAWrl1auTlfWug3ylAaa6GSqAYa3LSDMT268n4YXYgn/VjttHmNg3Dw9jcFazohqLVfkyUzBcN1pCG/+ZEP3Lb5kYPIFjbMiWoElAJFJdEOqeMpvsKJeKaV0u5p40cG8WUiprJuuznrZZ+Fzn0qF6qOyROKiLjxkY2XTVOTUiJ1wApW/SOP47XCWtcKsNaCElOoFc7Yn42Pn75tLqUMUqPDsRrbc8NSD4Fz/Z5RmT8ALVw81Ezaw8YiXVfMMSwOYDrBrBNCXKh2Iqxiv9L6Adz7TiJxM5+hQ5t6p0XNgMukJTmipaK22zr9e/wcM8faiurpqW5bkgYNHxePiDibAD+bAA//EhdH/hC+I4isw/dLNOLA43Hq/EBwz0bWwHLLeMPddE/uBThmY6KyMHjgerqmM2uDLF0iNESccpASG+sP1gGWudnBhzcBi8yBRYcK2S0O1zMNH/YTY3sZEyNHyNVqrHDm+PwwnLo8EDywnz8kT8erTetlZWVmY+Lj47Jzsm+NPaFbj1xbW+v2NPfIw7De9T4zOl9iNQSP+RYk34qWN/Liw1Wg1sulo4jcMgdnnzXLFSpg/UvA4xlk7j4ZFkgTZuXsnYwpg1quUWwfUeSEM+AU5fF8EymzC5Js0XYgUSmRcCYxClZw7T1ypgg4RPqa9en4luBpXz+glCD6sTfB+/58rcXLtgucGVPIfO1iW1nErT+rqE63V4peY6Jc8zhXwrL5MGj/vtVH7HdY5X+FLfDw1iTwsn3/DqbafJ7+yGv2r1v+j03v26dd91TY9vwaa2u2RzgYQY5c8dRu92B5+ZgJBjo7uypiHt/HhVGFjbdemSrejveT1Uv/Y3xkfX/33YfjkMasrLjrELA8Cyqy+YwWK8YoplqjW+Wmp8vp2+44OrA1RPxWA6NQSnyHXBnNJSDJArArJicouRQLrRFOwhVo4Bg/SH0AtBa4bMg2FZplfV7sEwABPqeZB3dAsIrF7enB4A05YqxbC4mETSJ7vlSvxqy+6fgUqm7Ed0DUd0H+x+T2Pi7xXyr086UOK+ff3/qpP4YYnH0nmhpqijpt2jtFrZtrmsru8h0NkZ1tMTYmFgHhLlY2ZuUYHzeMPD+tUJysyPJvuGh1J7+2evLIYb6bU0tYkWNELzWz+ZETJwYC1A+5aU81FE+hLc0YIDhiAo3MuhwXLd9RjCPVQJFRTi8BNzXfJE1RU2ubcxTB9R6hnI54g9/vZOI81L79+tHbPevsQk9Lj3dmkYOJl5OFp42bp46VjW9zY+EHrJKz8epc/y34oAYeOEGQpX9ia/fVSdiXl391Hj336Fsgrp9/fMEMpKpBM2vPnigL8Jf3qbZnVEgHitQMxgAkIi2ulAtHA2W9gXiDUWAGRiIOrZMe8eF9gWshu1GhKVOvImVESefPTM7Rc7YUElFhlHH+wG948SYR7ZBC7UOmcR4Z5ogIX2dEpZOMSIdg2rFkgrlW5JVQyXjRjUrSwkxvyingQ7rhIK0kTL+jSgBilQ9xeXiDpehwa1hpi2cw4J7XoBks6KgY619LxElJxOKwzCjxmS0XjtV0+EfhJXwsYIV/YCDPuqQcKhXZOSHAw5wdeZ+b/8BvdDKk7a/R1J0stephVIrHMMTxJkre/10UjNCRMs7X6WddPKWYMwAxgsWU+9lI26EmeloLt0JqKjIeQGU1H6URCxILtCbtF1eyySug1LI7aFDj0hii8RQvR20gpy0QbSD5Ux5Lga+UOhGyc/Zgwp6Fwenn5gZ+imya0Ov0uF64K3O3qyJYJ0hL0dDR5XI6O+ruFtSWOZ3p3elf2puuMHZmAdHSWkdGjrp5eT+fXx9Er7LURcpEWov07YKcR8nyEzp8RWZZ4Hmo5PXbXFeJ3BWy+Nxuf70qDMUQdrkcjwwOLhwcxD0+DjQ2Ns7P333YUFZWZ9z0dUDcdMxGQEvh/F2fxJ9k9ct2l/tMoH3mGjd9N8b2FRkM4RIJlepJLnJLKlqyygncn2Yj1c8dY6acJEVrCb+j1S/5mx3PD+BhkFQ5dXs0ouIK4iOkBxh3h3+t7vYpPo08WmuD8DPQVTOK9b4O8DWrnbDS8loFpzM4V5uqimpCORWzXvUKTYJg+mprWbnu9j4Eo/NpZfh8PavyTbiSPXPMVOlx4SAmzcaVPcvO1sKGRkUBCaHz+uFa/23eveu1A/l9h0fg4UDf71J78/Vq0xe0qv9ys1jV4XF/Voiv+9rnKme7nOYlxLaT6nO/ZeDrrG2tvnlycA1St7O91PN5uXWOze6831lftFv39HnqbbgIiNPgxpajqvhFoR2Ihdp3bOBr7attv9pCi32ghlUa2QAeJrGQ/iTxNUYpMK0DSDS9l2MSuogr3U3txkAnAUdKRtueBxf/oS1UUjMSkYKzrNbvR2fZWYT4QtvUMd9wEPJRfkGeOdrfWUCLfO/PegBUwTi1bNFQqVjC/E8YgcfIERL8pz7j/fujh8dNxQdNhURPUUwmkdwfmSxseuoes4p5TGV1Za7nVzdnM2tHcxrvGu9Te4ql3IWa0nR2wcLS3Lbz84XMqYqcdBcSAGqpPPK4aZVp5qA/uDMYynuY4btiAQmiavFcmtsqQRx03zFUWYNUXcWTJAMCPCHQvi4ZZFfklx8Pm3i5mNyAZe4F7peR7XS62hibmNhq2lt9bDwtnS0capemVhQ3dejY90Hz1xZ5+S2+lm6Ozqa2hlZFHY0piAMqUTbypsAVHmMMfKojxqjCrzQBO7iB0kYqKEV1WjbVFRLb5BgDUhFCKFGUuMpqMB+prDe8HSuCWfjXQV+5wYyLL41aMsKQiZrEF6wYMUlSHEHWWIFANJIoWKNfEUYQgddgSQDeUDF1qaDfl4AfaMgJohnmyvEoppaoN9+pTYa+1aBIpLPmJqT8H8rOKqqObtvWgeDuEFwW7rBwd5eFuzsEd3eCh4W7e3D34Bbc3d0huOTmb/vcdo/s+3DmQ1W1+VQvs/evj6o2BiULugKOlZ7xSFp+OFZC+HvSVqUT8Mu1Mx7DXGixzGga9jxllLgV5CGa2gD84YpNW+dIApBVQHAWPGWLhgFv5CSUA4fmBBe/o5Z1hBlFiOEV+RNvxCEepD4ZVpVULiUR9Ph83mIDNpMEgQvS0ELb85KVk6Sn5UsxGDmaljyUWkIxoHXsSfd5vzkMFqGoXJj95pS0Pby34FkugiKg7Irc1nVqxm6R6g7bzpTJDwNnWrWpA6ODDZitFoIzsBuHrOopDFUJIj04gMxKE5fYeV/cvbyeP+iZDdvd70+juRyEvA/Om8bnou9CCikQ5aKbZ3YSEvJ3Ni+77+9jJ/p1peLtHb4SZWfqHl8RGOhp6RvokOSmrXD72tl4G5v4ult5FnTYGtn7m7vYvv4KG3+8FOr0PRgqTzw6F5jK7fG82T2Y2al7XoHWdXC4Oj8/39420tTU/LMt/PjzeqBv9nz2tO5iQwqVuMf56GC0Gz0kZQSBy7sWw6s7i/fYSG5j3SDLOX2Of/ubhmesiuZytDQTN0lM98326MRZS7vPy6q3twYnl2Vq6lqHz7mQ8d3I4vT0yFvfaaHmX/Ijoh7zdUpD5ZvWwiakuxsgCvreb8ndaZOs+8O5LhmlpBGDnrbS+xKauB+Wr91Bv+1hqLLGsM3Vz8S1JL+ZByuGai/djlw1kRaIfY4psPRdtmlhIVfQ7YO+53lt6703vvu56uqjt+d5rubPw1X37VNTcVNs00ThYMqD71f9/GoDjpB27AprmtUv+Jn8Hjerk6MuhZh3R8xdnkebZ7hMG22+F5exuIY5WdryR4gJZkAwwhgVPb44De2wswU/yemXE3l16ok0a8ofyuR9lfVmVpIAPNnwmDIyfMhKlcaYBH55Npr+XUKlSAxbKbQvOZaPGsEBiyH+i/4lj5VTWIPnjB+/3ho/dW35o/z0FzpFNPIn2W3aCxMgHrlA4q7wTU7ejEJQ4vm336+oi//1wQoSEmH6X5t/GDf+EY83awgdc9ESoy8F+QgiqrFDP7q7c54H23J6N01sTfMFDZfUbIfkKX5IFBw2QLq2Kn+TII9iSKyPWUsAiKLBBZWaRbK7LswjK8xQiuB4iaRAqaOrKahxiHBB9YN/fS/LzLKobRelh6yubR3bTvkpoU5JFH9SoWG45vhxXqxJ0u1vdyYeMHU8cLzeNqfpHp97ZnXB3uTIm06/X1G4o8WAcWF3gndJcGpn//Wr1TlT8+8WVzPkSo5EElv7WLB81GEBTULf6DcS2T4tvKGCmPmkSoILEgvryb17CqjIRKjxejrmONeHQyR6SURQlFItOLuxyHVRTXNYlC6ulikChQI9GIHCE6p3jxt7cIRU0oqFThgNVoQ/6ht3CXqriAnCfqpRQIzpbAYhtlZi38W1fzza9SmUzZWRUKMU+oMtkgRMJ2Q4AGkCw2sZFMlNhxxH5keM/4AIhc+6IMqJjnwCDFPhFn96g1T8xiC26pBFBQeZiUdsNXpUCMz8mQ4lPwTpidUnioduvvKNYXXYEjQimPGtkFV9MkMy6cgcT1EGLAGmQ1orDCcli7L5Js4W3jv9gEt3hFEux1farhLGz4hrXRXLsSZdHLK4SmsekH6ksWK38INz0Mp0n1PUaqgNJ9iBMowqmNnEF7lvfttXoHTxWnYGzly8agjpcZ4zVCu/o/nmeN1ZjM7SefZmgiKeRJDX5fDXSYPlpZDv9XET9VoHtc6qjq6OjkWppUVJiQ8vL6wPzJAUNVX4cAdvewSs1KrO6qs3TCqOxrBUqWQ4tUUpDizskHcHzCMONEkun9vt24wptcYSp8N6Z5fb/lN6A+5UTsfv23HUydwebq6W2traxs5OfuvMHHw8fMIvBE3sLGyCPB2OO7sH1Eo5Bj2uVT0NmqLpY4Y8ganc38R8Fizb6PJ4P+skb8VpH0RrvMzZA/QO4nv/2gGixvloVwTulKG2wRZhTtomb3dHUwO7IF9Hc1uT39tA367zn5/H0VyXSo9KY4IVGRym9uQXZLcQdDuhfYoB0ydz2QaDO8mExPnrMqmaZOYHybnP8gd3zOJqpo/Hk7hCf3rnpGocqojq/pyKVrv3fMpWKiGob0tZPfVlSx9fZGCqEvJ7z956fRf6SBR6N+x5S64h2eJRV9W1sz+xujq2tv4aP5gYVWFZ/1xyuGhXXdvttr+Y/Yo4HsHnEx7/FziedzItJ7eWBfwOfj3bUitmXxHgc1KIgPYoQ0DB8oBiGRGco/yuhWyJWVmt53BfF0vbJWEl/kykIdECMjAkvKpy4O+CH7k4oIx+6ASN+a6tjh/XPkRWQQ0NPS/s/ctHjDJoSdldl3ebt1MPXjH53JBkEEL7DX/1wr2CP/m13FUzqWN8TK+4eBKMMUzmWA7731QjUIlBORAG4p8FbfUfDHIUILZjKXBjCm1FWyaXQZcWjhEJAwvz4v3SfrfQ1l7ychouykBULE6HxxGcYoMnCqwoVSEbB2OH1VNElTEkFnxDhCSLjKmAay8pqyePBjPAZ9DZtheVBRfckjALZ1KRoESB5BBsg2mnYeQy+VMjB5EUUDN745on74v75RArMftVVfdcOoYVGSdqOJZaJPsjfelSZYpDMuxpKgRqJrF2NVqLu1t52XuaameTxtz3bSXxM8XwvgxK0wcC0Bj274ffak9C5KMc6Jt/P6I8vU3nj8kyB38/37xtBM1lHBPFuIBRdrxGrVgKtUXkop11lnYzTJSLoERggvHRTESsokwQgwmprSZQx/2lJVizAeaER+jSg484ninfP5FcD1EKVo3iiGVg5cxgY4dwEMLXJQngAywcUo2EdpycHIWL4fjIkWaIuQ7cEwxa/Gh4t/sFmNKp6iOledEtrH6dVQQKEMP0PyBOc8fNAlfmNsHwMIVAArHyWhKODYiFC9U3COR+YMa8V/gw+uyRMaRgNoAhgxMk/9uzocDuD2PwXFX/ty6XtJK12RP81/6lBTPeBS3NgI/lyElXhZSEM5piiMSotOngaIVQrYEnclpORNmGghZZHb7KxkQTxGbNQPvSYk5ZO+E238Bfva6MFJa03SItuzFalhKaUtQ6s22jKZdyES2vNviJUV5OR/O4m+/rIT6Phn73Cx2PV11/enGJ+b25OTk1spl/u7pNKSgoxcbGo8bG/kadilG4b/RgnmRY3nuaHnib7xu4NtOUcjD1s3Wp8ysLON+fXLlPrjrTNFgXbO5ob/a6fDs4SQ9rOGLa6HrcLk69tPsLF5c5OjoG2bm5hnyd3bWN3LyCnHxCXII8dfXt/i+/wv4yhiGvD2vqiKcc0YeYunhbdNV1VLL/Anwm07xrbztFnhC9MHWW8lCIjnq39CfVLq3eKIHu9+v19Gg4EZIKR6Osb3cmbXOfEwETcoqpNfVjDXXurhaO4HKE0M4k7ctoPrSz7/R6l6z06zZtqrQeY9hM5eu0SRozlNjiXpQH7rCycnL+B5q0JPyr7J5Xi9mPm15/zi/bgrp3fJuNci/CXLt5MyunrmLLzZgSfjU1PWbx+Jy8M78NWQo99g4d1sk38xLKADlalriAFRnGpdXdy4ub2qq6QoIC7BxchnPT83NC9U5mj7vJa4jjUt4vw4tcHpsf57j2G22ZlRNzkF9k8draxRVMqbI4pdHFrNKWWj2ZiBXDCk88TX1caNCNzYnJ8z+hX+8Jcp07U8R9uiSzCsUte4dsBLh0Ct/x00fxj88iiQnofjyXQlvxPRD2br8f5L5/n8K9vsTN24DQDKvsXNfWOKRhLOd3rb39GRSF+/CZ6f6/11evI6ERpkn/WXmfkP+19fbmQPP2g3qMvEI6rXq6ZKgSoafH3wWAgU9AQID/xd6OCQUFFSkOGUuXQDyWi4HSqjzK7opCgjzDfLQ3zwgvC4AeJbpSSAMGjyzzWVWU0fX5v64AgRvfKdMxKSW5oOiLtIxH68X50OWiwvZrqWgYmNDTZFXppgiifsCLAqzcgE0xyHEoriiNOGu8mby29QvIYe1D7S+t2BoSvd8BCmAOkMIAOF28vrTK1N2ss6Wc8Vfk58HDHZNEYmG1FqUK5zC/oO9LJKik4Vx5Jq6GllfHx9ySM4p4wVZRCVAiGIkzy2p/HGXVTBuVkYYygusAlKGOkhTfamkkoXoBtJ8HsYWKnne4e814WBWnYUJp0IpIRzb7prDKZ3zMZ0in6ABMmFqiCabgssRQGdUwI5YBFlBKrFNWOClvlCTe0E+Wxb06Dzi2xtCfJkY1TQwiaBogETV1dMWIlh8DhurVCPLAojvCkzte0hrYm1ejkatHH2PuPDoVqbpNIzwiSTfmxpYUx+JMj1aoGs1QMggx8XAj+NCgN9+fzP21KBQlJM1CEUijkmjrCKS0GYjoRe+K4Ho7Rx/b30O7o3psfDN8aSkxUExAFp1JpSWoY8lQW9Fn8iFOsC8iNeeNCWa/R70sNVmzqS8BmeusDWwVJ7oJYx+Q3abBygy+Wke5n3sBQ8mAz/1t4Hx2cXs+tp+PKDL4OJx61WeKaGNFR1+owef2dlBOKVfQ73HDYyqbj2t6aWtlk5WLo6vJ/2l5Z2LwZCU2bGHz4XLl5qQ6JS724N6FegrlHqUF2Igzu/A19sI2OsKw093H9OJ40EVzKqfN87X49fFSkLve7e0tjB6VpMv99PfKRFXhA3dDLTc/b31dEw+fkKWSxtKSxqJGjWHXzYutg101YYr0pK7OCZ/W5fsvsor5wWSvAYR4lR31MQHn9LU4ldP5cT2NEwMPbUEt69Y3MGI1yuCW58HJfWXLL2VCy1CzfLKcml4v2pxRTS5gYgwcxf7Jxh1iYcMxWemlcCET8GAgVImoMd40ibdJJULvUHlM3zldlaF8V44uEszW2Jjkzg1XOvecjpsFK4t482ty8YGgpvt5d4IP0WV88GVIjyo3phSjztOtmyqRab++aVScKfkX6u94O5I1fcO10/NjBYDKjqNairrEDHmCFhBfqXSO8WtVWPvq93ea9FX+5gY3Ow8L/6ouW5aE6i/42V4vh5aG/r9bq+ukEZOw2V3cyjOGstBB3GGi0iNwtk2xHByDp9JsFRFIOkZvVj8/t7Him1PiF6Jr5tX/8mIJ9ITDMOYB4z7gT2FJTANHnR5iPFMEpninocKNaaJeIA3g4JdvXgTcIWu3Ijw3IFL7ddV36Jj/SkXeediRrNCd74oLc5IQ6v9NG/9JMGRg/j+CcUpXPppExZ7xKxKSAiGrhHbGytXY2NjNram0pqOwsquwpauyhwKPA5CMGOYmcagWxoW8whL6jtJIszu1OvVkAKFTgBVW51FbONJZMiaiuoSsjfZFpOgRcbr3e5os9B46h41MQh5eknakpHpGo/gmWEJO3Q2EZK2jQKX6o3qCeq5cmsE+jDJcLpR88PS01XzldSC4t2sDiT2XcV/lJOXFxLKOpxra2tCovcOhdbnI87NocSJzOVx71yu01RxsGI+XjZmJryskJa0m6XYgpD9SEGhArWknLkeURa9KG3oFyTTmPByIpynDW2BjDEphkRdRxh5EgkJETwrbJQtGSkwKMjYhJRUO6rpPho6TMk4YOO+hBMA76SPf/pA3olKgBNAOsKCHw881hp8vlITg2QsJSKOtbiY80s1QxWXSUL2+Za1d+Hx4ddZjVDA8aiaxSgvvWB9oN2SZWhOKQUKQBAuDR1qwCErCYWbbmTx9g+coePgLxumf333cbAix4bAQPeGWLXvosYcZsuAoPAGBkr7SHIzzzs4YhWxIJKXar4yDUGTW+ADFaUCh46z8Hy2ferTwY/4xLnab7Fwb0VaNLAeyZZwMB9NBDQ078hV72UvyAZSYq4EwJpWTogVOUZuBMCoV+91GHUn777FQk8DjxZftEROpqZPIsNRFJfn5JnNPv/oqy6++JT2Dgj28pdSli0tLzPrtrje7gysrK5MPcUHdH23lJxuFa7YNiGcu47EcyIOnL67Atqb2m+1L+sLPpiECYhtfBbIvBKQ447a63f4MPJxkcl123rzw5fo9vq8xb2wJNvvcr1Y9bv5pSjX08vwbNcaXHOyI1y4J8LN0VytFlBSV9NudnynX7nEv7kT6VmYNP2LO2sRck1NpH9Fgx9pUSn//eGQgch6jZFpz//D4C8ifZMRF1KrWbTU8Y267IF2LZhlJfswTGnSP5bKbOnTe/l685+PgmLBhWWTn3pwRokufScn5uEmHXoCrzHB73m1aKKfsjR0ipTocuhVkM9iJ13wuTBasHLPl7RQZ3lyd9Q6TovcgMCBxPyb9vY6opo695wgtO/Zurh6Kqp2u632xM+ex+bIemT0nIOC3okeWII9bccZ+IiqomaqI3ZcvDgT/KLe3+npiZ3sxZuacrxx6JMEXjo4EI5YgXaRME0qeYnGCPKGgab/O3+5Sv7wOWpsGS+MiNMXejds2RMu14b/i5unWGdHlltlW1O168xNohDg3U21wrXf4m301cwbiNeElIBt9nzu6JjPIEqHN+amNRwUJd0otHWoMn0LxqOnXLJVjKYMRgHNb+MAeTMqC5POeE48wTZy7lrMM6/qc/ZBAv4FdrE4JO47Kb/iQlf0Zm5nwB/+n/w1ghIeYKB9hhSWIhx/R5Ji66scPJ56dEQzHEREQElt9dbC2tj0/t24yKSlie6UXvvLIo4ycBU4CJXz6WNDG+wgjvpEzjRdV1PvUPSbw7K0gTBcM/OUeMbJB4LNrX0z4vrRyoylt1hg6zPCAGwdRM4YIRZE0usKouKhTfyOAp4TgYUCRF2tykDxM/AdndiN1CcORyomJnykdDnMR21e3QV9APvj32MiTsH7ILrI0SouyjnU7v0gp9YlUnz9gaAyxcE6VwhRyOJHhc2KrwCwD5vz8pImpJOohEr2Vg0s7NpRCuaQf1drC4qbOGtrfAJV3HkIAZQ1OCt9xdyVckhEtZgkbMkPApg0tZWHYTrAmx6xTIVO1tE7/qRal7PQLMEoqogX4UpxOGp7JYqPUB6wS/n589wUOvw9O4FNld+BhxPUsW309RmVFkS8xDPzyMKAu0Hisgo6dUGGuqJrWLeztZXf34VTWj5/plYzjky2aSV6ryLJDJBpc0hDpyN7PTiac20oa/KFRPMmhz1rzyIN6yoyUoQLKgEALLbLem4v0X7PLy8I+mnIKdWkVgoI9gurn8sJ2Q0pcCc5igfYST+4xDsMrnMFnZk/uGbaDK/Z654P7xGqnkgOKfGlmljWfYx3v4dbE6ScKQAqRXpI/EmPxDayxQt5n9LqsNOSGfDX/vAy4epiqfuXUVc2uqaoiJibO0k27uLywsSqztbY+tXIgOj05OzvWScv4cnlxZX02UsqeSIE53NIM2/5qWXqEc5iyttbeEn/RfXu7N55aveV/8sHnEPDxEP04mdVt5OB78vBe439B0PMaEeC6V7y2ZN/leXPalFA30xb2vPLctqFKfbXe5nL5S/v1yo2EjvnPvKUWFxQRzTCqBtTnVrXDRTo/yWLNLXqBjio6w18h4tnf1Xci1Z/3cgK1d+C9Sf/qwwyF0pWQ183q1yisgOe5iBjl1Shzwft0sZiyI9uMHD5lDdDlqt5GBklGSpfngJwNrH4kHc2e6Kw94CT4wqH3g6nAflmxCKHZULrSGeZdsP+scIxu+jOlljXlX3jh1dJwy/vRrezxflq1lNvt99GXfHPS9lKiwU4oV3xXZ0WX/GthiWNBjUucYtSRO2PiMHHUlSoRMaKfcPiG30HJpC7tfS4FizUhCtfmFlM1cQ9T1YIFI7aYfMaMLbmyytaOhvMAkWPUlS5bYWFeHTfzVKcjY61dF9z21NCP+xLu8/eZJ91cHL8QhLpf7ZjM15kMB+/ERnHS53+VvoeXYwkdhCmxGQeAf60U+dMzYQkX/nmEvTsQdxAdKuSvV0MsX4UJqOfIvta6j2Wb/9WHiAoU4h/8tST/m/oEKzFIrCSPrpOGhUHshsESr9eMrauurqmri72ntba9u76Vnwu4ajno1g9Wi8WE1knRkjHTwkkGjLFAqZs7rYuBBcODPIn9NAJLOGJngHG4VvqayKoJZopg7X4sRrnmP6PzWgol8smRUIO1VGWE+axqWjiM2jFfdMRVzwcUBGjgMSTKGL7C6Wmqzihy4k8OF4aJM6ADd1OSY4ZWdVZtnZ9P7aq76trSaEMlnq8HXA0Vsg8jkB2Ey13TmeJBB1E++WkkEyyno2Gx0cNKcY/IikqKyEjID8i/PTw8NC3ZsweHvgOGsRSE0YaulHR7L0sOi9ue2UsVHRyIrOk5oSVkANKRpOrgRk8DcdDqVTIcg400vFyyFuGtWhThiYumM1BDeniu7vskO1ukHPfYsx+vTBo3cUFZZwUl96boDYAZKrIrljemDIIGT5icBn1wBC3mwiPvHRa1XpA5vm/yVuyAcmoPSvwGKLlHOAzYnclpbmaXir9gYLZ0oxBXdu/DwrRoI52qAMqYop16rPWuK84eYPkJIoruoRE/ks/IGs5Ce8j2EspSGxWQjpDFlC3Grmx2PwfNTJwU5788TJq5hX+3gSvXhV/yHC35NBdee0GzhKD6FW5Fpt6dl6UZFvtFuQ03wduojv6nh6gvLIOriQpJFS5ZyTf4+1ZlqSjkHyqkYTAGlaZNMJvSBXYG0xZ83kvUJbCrq2d3z0XvYSW7CoyxF9lfn21ez341NXO2NDXNay4VFd4ctocfhhdky5OvbM4vrm2kju9TU5VwopB8vTrm8fi4tXXodvlLDhuJllO5XY31jf4nfQsES4bez8nDV11/bP/s6G4JBjyPJezxPXBzsvp7uuydrzQ8Xm0J+bzE+K2q+b5AL7lETIPpChqjuNVo1bxdpYSZXGCJPmrZ0ZyfxJK70xAVvevKMGflCDXK6Q+Df9AZLsfLMrXypnkezWQy9zxFjZz8mfvzlGVejHmSYfgyfwfFuLDQRMyvbKC+s7qyakCUmbwhzSC8GjH2GmmmbtTzKdvxkmPmIvahtzD5+7sOeqpS1Y8k+grX+KVrkc7+2GSNF9RkMpSpmo9ZZlj1u/lRF48rgdaP3eyqC8zYKqIZ6frvNZWVX39ZVKiO6glq6tLMF82t2HGSIEgET9FEkcuA26UWFYrLi3sRYGPzNlc3S05KsKO08tP8YCQKRtV4CRCkJLRnkfwcqqzEJpYORG9Ie00sxD1eCC8Do3dHPx22HKERC0svf27L7q74dNjwmK8tisa92f3NMSb7HbJR4NKhyBpjGAR3CwvZbSmXRoEXLiL9iZo1RtgPomb46EFM8JXyrzJQJkfIVsqejxogr+prnK5XipCUeUL8238vcls+fSUhgvova79n9G3pH4bgQ5+yGYupjgQEGeH11f8A0D7rXcxQ8K2t8UVHRycm7rG7JOp3MVpIF2l9w4WL6z+HgyTjz1wrLGBB2xcHofYLg8WlwV3o6BLzgvXYq7quGhqeEthmkRwKrOgcJsaUdggisQsAlUPWZArXIDYJJpobdAlZPB0qLHno2LSSUPOZTYwldR97Bxldi9n5C6LzGX88rntPoAbNPNYZAYzP6yFVCcxae3CWo7N5F7Vh1Qvp4An6eIUJGsYNDNgfEK3M0ehs6vb67lOzyRNwcP4QOUft3sKJyszMiGVre+rc9p18RzBeGJNxsH0lPfKvcdlxEkQOhIeHVxt017v81jLVr2KKIhS5xrKnK6BjebVlh3WTWXruUgocYgFu3/FSxjEVYUbm9RZ++1YACQWy59I/UIN0BOPeVeQcUiJSS+QqBZEiUrvioVfqVazhBitvEMD1pkGQNfYHpaSqCqLuPHpWjNHRobZ9JuaDg5QhJFBviiFmOLYQYa+vX0WL09Alwx6WyY2gRMvphZ+vqU+SRUcILusOvLyJWA9KQ5TteNQgnXy+1gmuMR6AkpVkZRu9ZQ2v1Aj+WqdnCdQcz+QRtyqaZyJb7s/oSloUk75gWcMn5UMriUDjRasYjXaDftoMtCpdG147CSomUyHZE/tcZCFUnKnCZ9WUrJFh1SYddZ9kFvDh1mnAeOw1SiOJQdR0/9XtfmFFngEncoiiThyYEUU5FynPlE1vVll5x9FmR5Y4WTx74tmnyJldXlVNixP9kEocNwADEwErKbnEGW/gczO5e7rTm1/Xb6tLHZfb7vN6EHmTHjm6osu86Xe7ejbs4e6hmKVnoL22vNzqdXfYxeeReoRrlvIn+c+OoSjlgZUMtLbKYApPmHOLyskiPb9FmGXNrt4BquZzQbLPX3igiLMsv5bMDvqGKEuO5TeiXTWcs+57MJFqaJi7pZems6K1tsnbyc7V5Wy295SeiLuYyqlIyOP/OtsUuWhfMp+v+VQvSK63G5Xi9QNcYWStXjtgnbTqBC137nk+w+BiXZzsbB2mpkGWzNd6S9feGUXj8YSS0o6SQvTyKyhwbWuJ7/f1jG28oc/Z8uRJzmVQhqgff4YstcuzHVn2ryIMax9wnVCd2diHm5aFcjK2BJhDfdFNnQt7IgkopuE2GGdxHG69whqSn4fdLIruY+KQhKWdRCmyq52ziko9HfxrOZ+HkIIsWPIcfcjXf/miYQtzPwiNJOblS3if07qg0GOqVzipkMiy5ue4EpkockdCCdDy5ocd9LHla55P0HfhTw9/2T5bcPgDYfqvKqCoEzK4JF225F4sYzpe4f33NCFY9+GF+J9rEm8eu7kGgYtuglZ0hHKzwIm7AoaThbCXvTVqD6UsbX393OzsHMOsk0tbDjHycbEo0VG2Z7tYS40Ua1DjUaMxHNTOsBOJzIs4eoBGRYlashpQh90MhPOwOoUw5VJUwDLzHR951AdRKFN0ZDsE31Y2JjtvQLfeKPLNXxSMpn6QVjLgtjAphdpf3yrUwhWOzIGBsLS4yMXF6dbUFI+MdM/REiHh5eNfTpGtvuG/cKBOryeDF+2TX4Sq+HrjG2iNI0qk0Y4nW8IxjrX/zXge+5ZMzNIpqzdBjYF/eY2DjXd6XUe+qAANiohfyyT+Qc7uB4lgk4+zty8DBtArAw1PBZtHHxM6p+/6kwxZ1JgqQHabRcG4JH9f5SbNfARIa0RzcvOdCffANdKgJxIdlIGc2Bi5yyoyzSKPAgWoUXp4+ssH/dKDJ/AvxpiS0C0RZRV9G5OBhX0g99qKeigqEAk+HJQvAIkAkLh9ANU/7Kjj6uUG1aC1aIQXJAwa2bvjfauWHTsyFiCe2VPfEJx7n4N0HYOmJoTw+SGxgg9W6hMnJAMDMIePv+WOYIgGqan40+2I3wnWo+9kgrqPyfhYuuNV2p26iUr4QM3xCRHcVYg43kbluAkdZHUb482tZTi41qUE6B3K5ZiJvI7lyd8zZMoj0R55p7N0jJIYSufLNPyAoFRp870bMyBGtARGuSdnbnk14/yihqbmUcOKK1W2nYO9DT2OLgG+LkEmr+5aO1/Hi88rDAzM0DD1EW7KZJZAT5Ofr9veSEJ24h39GTviOL3cGa6iIX/Ag4qp2Ljwn5H0Blyl85xTEjwdPZ2VVV7v+9vks9QapPvfxsQBKzWCStydfw+9UxmY1u3anKmtr1ijdcIS2qpw3jyJN4TSp05W3/1XfZc4vR96hCGvcn5SR5rYZLPWZVdqrv9eV81bb89L19bHrMN7L5f/n8eeDx9Dvz/0f14qe+4c/I9Qe17Ctp5OfQzfVi231nIyUF/QmgbQq67DUXj2inOs0un1dhBSfX4gKLWu21KrHMYnrWAq1fZZp/D9rqd7nVen0xdtSyx3ZEFBVTE4+Jsn/PPmj35TmZxQ6PI59Ny3yeFWVzOR2NM1hwfP1GKPmt+G6bnRJUyaPwj2yNNlx1AX7EhPs6hLYEDbX6WW3dQLXEqoALVn1CQWHvmm3c8jK2zru1rI10BuPn0ukBOOgH7M13ytGDPlrGD0dRJhfv8RzMAullMpp1CADNaG7uEXEVKssAs0qKF6YL/yK7SVT8ffcNbjIQSx3EMitP9a9uniWmPFNL3QtedTVw/k796xz/8UHpnO/20h4T+ffMI3TAf0Mt7Ck07sWUA6JpQIlrlCE/6pruJ5Fo/b7frQ0OLt7e7pqujVn/5JHw4ZZwPrDFvTDTNMYXVzC7glHdsqgUb5bG06Ofq8RmFrCLV8LAQaGtHvUBDf8y6peu3dp84vYy70LiY+UtrShVhzLfNYjw3WOA0c14w6tkzjs/kvdy53Ti7RcY1rsuciXvoBExPAql8ufFMb3Jx+hrHklTQ/u1O+jpfQhudv2kBnK6ql2GfweaUPSKg0N9Qnh4skpxA/3J7U4rnuGnOlu86B+OwtRdA7JM5TZabj+n+5iKoqEVYmhvazETSDDYghRdhpVGrrE8VDyDNddQoVS9cuzze7Hn9+VFUJ+CgRC3p7PnaDNPi73V1sWaJomUyftD95D4xTKGawjCE4PCrzDD8FayL220eA6GP4++GI2BG77otH01WHDQWd8PTQwqkPbfkkDIysJTWbpu/HgDxu58drDl3PMxEkhDy+tXOTyPrNRBuodv0q6vr1hAJw2SzOa1V23MdIvOYt0rogtC/tinM4/csMZ06+I/B1pMVgML3OeB3i+Dm34hoQU5EGuq0Gn0hmQjufQtM00y+FgwZceZt7hxTbVlfTUQK4RZCQ6lxfysqxK8K6AjphUpBLnAyBcNoxlNA9xfKckPv1smJom81CmagfvcxHRkx1iMHkZQQVHcNxGkBL7SZNeQcZDw11D7F7zibHltMr0Luft+NITPzqCQQj94/nn2IVsKfoAss13Jkx3lrwcTY3MhSfc2ZnE23Y7tLwiZZ29ySd12XjeUZBLbd5qVXaO2BM+6bXVFTibo+Pvqq7I0MBn5fbZ/ZUphy/+7Gwi/K1pcvNTve704NK3Cl9QY+XyWRNB8NuyE6P+9WQzJbNVp/H3q4lgw6fq5cF278RIuD38Wh8wO1crv/DYGLLZrfT0WWyZk0298Nt/xJxl/tj72WsH+6kodfL/gWfh2GH58mYroPAn9PHgLfzYSHty/jvqYfLvDaqwSxLjehjthgQsoN42SbycXWMnQi8U6JTyXjI5zvyEWXne2+hS7K1X2iTGtuJm3IN2t8vL4av1v1u91/ejzxy+Tvety+fKx06vV8ndGs2eF1uJtuiPZRyhdi0GKS7N8xS8Nyy2Re9vspGmpa0Q6+1iEEo0lSBQbCuHF7tcvA/ORmxAKnKdqJ3KJN4UIx7wPbCxazKx7GPC1uPj72tP6Vbvs9nR0pbgo+3K/fFTU4OjWz66y1tPpwsPl5sBumKgXM7ebo42vgh8Twsim80DwU03/ZY4vYAMmP1dl8/Z/BPNTB8xv6dbcDH3MDyQDgFJMI+fsogCTJYZAQteoKMoctVkiqBDRUVs5zt1Xxxe+3qv1ce9fPOVkvKKysYRrNI2TqFXfihH16agwcaMPq/AdHIMjlcIYrRVEgdUT6TBELbEfvXif2PFk9Qt9nQ/68h779mDEA/sQeQ06z1un9q/1UPiAJzj61VzdQVlm55fcz4XPk/7Y9mopIIeu7tdGlOEhLHNSgyS7N/TsPVyFkDFbVVn796Z7RrH3rlWGiroOFJoCcV55a44xFI0Mfe4s13yhdMl0NOZ9vNy/lUOU5HDmcXGaqdHA1wYW5NirZkDpXbvrYj/OLvIIK9GKAX9VEeKnR/UfjkrXUY3TXZuOXQsjZOb0tAQHBWaQv7eGFIwszUzDtlv7GxcQnDnT2rFzVDIUNUu/sdWyoJSLWAXs5s/TGPsBY+Fw22z0oL1vK8zBk8WSmUijvfQFYMEbZtCiPC0+Ey1wZISy2ajMPESs9tKyjl8t+8TZR62OtttXh4YLyG5/NU73jFWZd7oadWubJdor5cjDSYbtEmsrAAs83lU5q0F4usE4sYoh6sFo+gQ4r9JE4jelmQXLRHeeooyvVFICw3MZLlv1tAWDWDKM7uGEJ0gwo7ShjgMSQ9udcO7plKATTZbMFys0xTUik7x2xSpoAZINQi2QhUqUuULbtJfGKQX8nYEoqVtfx4ZobH9PhDBpmVhVvLYRX8IZ3DOajrXbJV14kLQPA7IstzHMmd/iHc7HKuq98fYb1+jw5QpXaZSo9avmPMyGsDiGi6/oaS8fQtmdDJhJS7D4LZgK0z30LJLoCRkXNto7ie8PBLa+Y2HbaTMpTBIU/bGVacarv9mhuf/fRdoXESChhpWW5WI81MpJFXm9/92BGnBLYFpet5fwWWxPfp6WaOQiruYsvnerX4jKt6Q9D3ern3s5Sh1/N6Nt+j4MtxYo3/n2GpGiG9c5QnKsWrshO4A8zgeFYnDvP0cdruolAcbfM4HzPz+zKW3RYiJ4zaCCeCCj7sGMoVonGDCHYYWWVHi6FM1sKD4OQb3lZmVoqDAshL6V+j5XnulH4/beWymqWaH2QX2RgZZ2dDkyV/QGax0DnKnv2UmIR6/w76iQz5YOWUEhTHisA/RTz4FGM0ExzKJk9Uerpc91nK/+EE9899wB8hwfcn6tRJA37/4+Wc+1iNFGalkp/JJ2ZudRVyezNm0yTufBI5Jdp4Er0MSYRQBlCCDzLggGiH2antfvXGW0B0yIib37gzxwZYQcrdd8IZuz8FSx8NOwXTKqVUK2cHKmWPO9xYeAGI7EsRGBKRjyqIX20bwA6ho/HXpdpV9gODBwIo6FmFs3rxPbviFljwKaGDt52SRNDa4XuW/91050nIz9P/ZfsD8q0N4lgjycJgRXaPGymYBmnW3+Gm79mWpPPPHmrA017LpvfH/mghF/Emn7uJYQuJO6w/KONnvXkyI7VCJfy0iJEaxDEQznfczXVrqXAEQWy6LKdmWGI/tJqE1/g8CBk8cIID4nuEMYc7xxXhc8LYitETgKyBsUeXiDx6LjlJ1zE6q7MsDkoOc+dD9DZfZwSzwY8BzrEHy+a+uPtkK9YI4SlQJSYXH/hldvhY160S+D5dj1pUYmLIy7qAEo/vZgOxhzv5jZPMe7McD0tya6DSJeoQRO7nzGzdDn73hkgtLS21Z882y2fsJoR/K4QZFo/qm5w4g9qoF8jcmUl1ByNyRJLGX2157y1eWKKSdPv+tiKmTinhTbloc0dQrJGm2vOv0fVOIbZDTXHHGlU108VCCmelQbCabZSY4VUggKysTyqV/rp0wjP50xkmI53VdxSOkpkSeDQX089CHl470T6gmkUOl1EE1xmuSizbIl0uJQc9if0Dq56f+4c4OnAGEEk1tb39hhnFKIOyXPDEqa+AdcliEo9jyXqMvCCwfwSbZZZLbJcOUndzSF7S4HarObxsCXZb0MFpMh9cJjEbjtq8mXRU+h5nXshcpjqx6bgr4N+8NOGxdmLPvmKq5lLIhe2g6t6bH/iKTNI69WPd9jkzpeWESrU/1jH8/SP6/s+BEGnAvcDvMNxA8iiEWJgG2zh/J9i7XZSPYv3Zamjz7mrGPBzZZyyS6eAQdl5RaTc9u+1or6PF53GMSQzEkdaFgL3L99yAl8F3vn8aCwKvlxMSXx8ItXQ3/O4XMnP9HgYdAt476I+YXzP0Xz+icUZTo77+2jtUdCXVpqRo1qrrl9XXOHW6DdwgHv31zVQ2bbrhmF3IjF4qi2W3CILsx+hk2iJMEi/2BlMhbmhWgWjmQpA6sb5y7wxMAadKY3Weq5mA6SBxjaKnXyjieFHrZAVm1ped9cB9b0Op6kEIMhSnL9wF84Llv53K4xH9sq4wfAlK5WLGWNj60z9RTOAXLLBimqqFFhyB7KpZT5Fy1gN+R2y9bWx93LZMEQsKuG9Pl83pZjNUMzM5MGn+vVYHo454duoJpGZrVEqDAXD8Uy7C0CRvDH+TM4zb4Q/m8c6/7wn4Lcb8bZ0buWDexbff1Ww8uVO5QUC9xUx7zyvBmBtsQteS31sPoE0xD3qs/aq6pD7OJq/KJS8xRymBbRaWaqYBbgug+BQ7Q1OGpTRJJYzJj0Js/zSI8m9mh3ng/L/5Pv+yZNztqbfIPJp+Gvc5BihPAzSYFbNO99fDfiXBj7fE+ICXt+cOpVxB/4t73ddmjdl1Bj530Kl2NWT0rDw7BRzWlmbhiCymENL5zxbhe78NJ6zhBD2l6OgRBELm2v7laNHSX2/+9NZHm7XY99F5ie3mahJZmFsxITYGzvufuqabxYahhnKSpRTp7/m8uK1KQ9w3GcH2Oag6VaBSLkThltUN/x4hIiVOzSWV4S127beTtatLew/MjCltMskRMupYLy/teRwJU1AzjlvAaGSEInfMbMgZQU2OgN/r7GADLOoDv2H5woJ3/xB88T9lhYgC7/ALdNeB6/QiPAXR8kKq0WMoxgJP6m+K53yee+vFtkdMOcu8QDsP/Q0kfWqFYEU+h+TtGsQPimvDYwyStZIaOpzhL/IcCKs73Ikl5mBlT519aaVEl+ExYJVaU74xKrCBnoaSWQKwNxczdYcfFI1XIMswCQYsh5kzRMWCmsWfiYc84Mkol78fMIYbz1BFLmjDaIoPGZ0gWa4qtIsfQxa7ZJWDpxunjYs5GRsd3WXYUFtPUr5caL6HeLcWt0cgOcTb2dENpVyQIOz6GTRa+FTGtZyGw652paZqTP2wJzTU25w7RfnKfFBchy1/jqY35ca8hnnoE+Jbk3pZt9el2LkV98hH5lhDcOkUrLC2Vdtp3q9fF9xdxOcmn1m5RrMDilFQxlHUwYPAyaa6XGDtCYdGTL6EJOY8ycJykZy0chTxRD0iyuJr8NpusLxqqpKWtCqXaer6fTl4JvR6POeR2+1z8FZJYOujmM39/mL7N0/35/q/j29l8TsHi8I1i8BtK5yFrpmZJCmhC1ao0g4VabmZIwR/xdSDPfLmVo2c/ckkCbnGvUJW9jVdcDIernxjf4x3bjCZqdwdrljpjJKumcVRpg3DdJUbmRPGp0mmYjCKVbIUbsNGuYrHTJk6Fc5etraLakGkHGcs8EKXBvGc1JeSqgVUPoclsiXRxjTWjF4vDHe9qI2JSuAZCjZIZDltjWUhpkekEXjsUwxLZMrtesrM/YPwdJnpsNHj5/G1HUovW36xZO5+UGJ7aHZ2dZb8KQ0JZntuThYMiIIkfco0X5jl+nKsrYqlrX1oTNjajSluvzK52sU/KsClTGQIkRFXht9Jyg6U2wYE78IF50OJgObtYBpJZcAVFfUMzoSF1rLFTBDqCusaymoGSWEOfIjC7OQC0SIubIgAaEhztKx+rbAgw/P/acZBvpbPiLB5/0y3+KdH6r9uf2I/ueo8GVgNWqMNgbapQWk1DFdeT9vP1CTv54WoAS+LDR4kQv6+r4sLsbFOWJVVzdqN8wDMPfExZ4HxCZrZCpmpnJRiESxeY6PhBAKJlKszo+KjTBBxex1qXO4hCMPngpzwMcqJ+uTAn88pavpHjL4RpLsH45Y75HBsJx1vVrhBzpP54d84pyoZYs9J3BjR5TxtHe+9AarZ+qp5cqTYIoSH9LKxuWtFmD6ZELuRKxDg0GU1iKXJ9of8kwD27+48Rp6beTmNscnBxNKc7oeXZPYaBvdVHAkXPnfWrdegZtte6zyNqhNTM83F1Sys+TosU95O8IzopIzgYKLQMhkXnH31ifNpwkKXw6bXXvar0hSRn9csceNcY7alNtZQt+aQEw5UXEl6fVabgZlOTsFqAVQjd68Rdxi5NQK2J93Dj1kPgSAPmQpKOtO5L3Qwno9JOxThiC2fpzHiMjJGaCF7QZAS0D+WCw7o2NaMYELhJllMPDPNKaO2rZAIVdG/JJawxVwCT7Rh2gfSsowQvX06gYOlNBy7C34ajVtwj6OXZCtCRa2ZwZ1DkfSdrSVlBCVtNiuq/finkppcfOE8t/1Vo7/HIjE9pgx5fZ6Ou292uSdf/OebOqt3UBg8TF6j3WvtYM/sG0Ff7LzJyn5yLOm7dQblKZrZgtzCwTMmxaH7kFkPyrPDZWiFvQEJ+fIzRdH46Rd9YCK4YxfHQ5qtkn0IByTxhokKeFq9DY/zaKkr+fXGqjaqvoKAJgqzJhdYJd+PHaWtgNeQSk173+tNqVy/lwZUoSezrZx3F+bLAgLuLVL10Hp0Krt6p5CJM70gR1D2twzx4O/bNlhWbsmrcPDnefPNULVRbHtm0Z+SL/dEW0ZRndoiIvXFbQpVZox04bYo9iEYH526I9gpwERoZqi9MADV2HWLyt5ZCpWs7XXyPkV0mxhlsZgLTLvUbT6A8jFG38O8ZXk0PZE8jBTMMIlR36cjWG7EOHgUdVKtSNA2JIq4AJVWR/gZsgoVd3KqdRIAf3nW8a3/6OrjY6nn/Xehkr1et+/L002Xre144cyYZ2ddY2NbfWtzYytQP0sep/eoeO4ESyKlxAkM47QbkmFhbDDwkyFeGNUmp9Q6p7V770XDgGpDJL2lj5SzU5mdCNTiqW3qFVmCR0iNDmXLCQoFWKcceBnsc0O8JbSs2IvnFSD8dIDNM1fPoKUtoEE0EpIssg7aTa4oHxJygRoqUKiAoKMEX7eY/pu2ot0N/zEm+P+e5+mAnk+uSTpxNRLluKUgPEonleqai4Db/XfUzdffGx5CXrdPVVybnntDE/SVZ/00M+2fe9ZcolSU2KvseC7iNLEUCTONrQ7bSCQWno4AD/XAT034cESr/sfc+dmHIIMB4/2iSKFzsz1/jQF7fPw6S7P8DVk/I8Ll6vLBakR5fuboNzZEXS81C/8Eb69dd90T95e285Zo+9IFRl2JFFxzH27iv2CtAYrj7Vp2NFjx+McKGKTK40HQjKHIneOyAorENzapiVxgk4aNLb4MA16n05sNn9I4YmdA3TNXAMV5Bip8e/84rSSfC3JLOBTel/x9O/7rqJOvnjLBs0OTGfGsZJTc3KY7DCxYMdaLAs3df5KrTKkfSbQN9bJQYINMMyvA4SL7beHkHSUQH4VwevD9v9UncCgTDxgz5vAyjmgyeuXVx/j5Fu+F0SDDXVhMrLj9Jn5JUB5Cx+9hIyWz/GJVG2/RjkyUpttJhnBwBVVvmLUnff+eJcdKpwAP7AVxS5mQR+pyr/StEOus9LZxDuGIm3PgZOA4h+LXjfnT8+ZF6IJ9xFFQKjftQSuM9AT17dVltu3d9ityJQLTvyW4pKFA1RxP3gKzMROjv/cXg+Yi4tfbfA/66jBfUzUktWecs/rqdVI2mrKqre8ZOhxWKcbx01HKxOYIvxzWE8Vg25Kefm5DEI7Ay04gPHaJmoKvXlYUSkU0Y41I5aszgV0Va/UNknbPr4IRMI+VmDkHO6uV2l8KPbw+BjTynbmqdRS2t5lVcOiJnRT6oAj5/F6UuvJ7Q+35M5f4Gv/TdMHTOjV0TpSIXXmVOjQNzUXvFG3MfV7rF6s7J16H2K2AyrHq7vfdoM/gNXsto1wLWKQlyzYICnma4vjb8ay6AQIxlS8NQ6HsmuK2Yzbj2zJGSfCMTHe3SeiSWF0jctsvIbAOfTSmsjrmyRyS2lTP5jpaJvu01PE82J0IhC46lLZI1qbCJ34qBCAjZmzC5tVUdKnGf3CdvhkeJctF5JaHVhJQYxoTCiKXvVXIqibLt9Dn8bt0CHg+C3jrJwl4uuQrNfQ3d/Myd2LT19Yx0M9iigunn6P73AXMkYfpFyndGFO5ToLpzqYSyZGQIMb1SjowzoCWOQ3RaUZc8pDXjWbvWZioZ4Mz6Y935VL+qsRpJzPDAzLmCbLgzrCgDSbnicOUAKFBKXMosCuoLrnJ7EskpAJENDwlEoShZRFqTjGUZ8S1oeNxh6ORuLEGMRuF89Ua4hbwPatkOALhNgZ4kD7ckf5/uC36n6z65Qo38EFl5dqLmbWAv9aPeWwsNvYzc67X/cpfxX3bvyt1EAy4vo7V9ai5WOlZ/xLqtTYqxzylbwTyND+xTMeGyvga/ZObs8GO7/FcVxv/UBsjzB+NV+RcvI6PPbKLH3FNworAGUOnin/MhNkReWtGbCpGoJII9ie549xP2sS8rTFvc50B/wSYC37rlvp/8NZa+zDbfeXM7aVfpFL1of3iL3zfkYNi5zoeAz72n6evRWOacGrTjHQ7Ic9tF53BRDrabf4763s+HpNdvgW6RQhizhPtapUryEDxWizKXarDhUzFwhNVM7pr9KhUIF/SQn7REdTZIlpNnAQ3ZoKd8C0r9XCwhWqwBGIYpl0MTu5fq997fXz4Wp0evssbvocP7uvoPvC2yIDK5qcVE5oFplbdjuH0OwKG6oroEJqpfCoOZVSwY4Yc8xeRJGjB82pLa/5WLEhzVt7h+V/ofmKIX1/ygAbd5cByNKvm2snFWjCWVnpm0tkWAhnx8N1hLvpJ7z1rYiuCQ4yzY4KDfCaUUr+Pv587yDyk2DCrnovMrdWsnIGbt25TJL5KcGjK19DTMAXTN7XPW9lAGd9mMSLMuZ+tR5qiXq23Ox3s7lR1Rc+RtfIZbwOCCHgtzL6Uf7VIST7VKbEmmpsEFDt4fl0Y4SnHSgInRl98GZVJHENvLwtXZ8+m2vg63UX1+Zx8wcQ2iOboRiSECHNBb79IcX3d4wmV5MOK9VuvQHb4zc8b3wx92Sj6Umbfjz3mj8vxLT1Bt8lDc5vhrEVhvaxbdDbRcqhi9iR6CwgrlSvQah7+FANkxJ9ZdOqJLEYUPAjuAmhHSEwVfNXZtOpDXlQeaG4T7NrWX2fb6spcbpbkgfcYjjLKqV5ukaqB43YHCKWQpTHAaI6Qfg0H2Lif5ZgGBHWngTMvjbxmP40rjYBlYpKXqibxOB1J02RhnL2paziAXLbgkAQU2YgkI/IiFk0PLePvLd1vb9E1Hx/xQh/nd3JLNQ5Egn9PK1EcDtcip+bQXLFBQPma7gnqz712wSzFMXtqxVXQ+uSuInFqei5AA48AZAFoS8R2Sgpd+EyY5m8GW3cQlnEx6v+DN8hsOdgCoaJ3HH8qEmtip3OkrL0gM6NiLIr8SzuCGrYMuqcEjpvCjJv6XOPKiGWeja8AAr6aAq5IPyLWIDneys9yXlkO1pIglnuYJmWKQ5xr/f+FFzdeqhrQ+USW8KikUb2iEPM8jw02TYihEnfd7VDn9rxvouZ23p8v2nJxPjAnh5A68FW56+E45bxqa1DmN/yKNBWAw5pK3F2OMV27A25VQk5LpAyD0CQvuU4sjbLUII7J4+3kkD/zRXeNtPDrIupRwGfz37JtMfjS38csz2BsMSV+SpO8LFsidtfdUAThyKRIWeMceuk0OhuBByVymsFFJKWRBbkbXfcr/ZZ+g5NfeKieQrHIwUo85hRnevyOx5MHckuTuRt62kk8+NlrZEbf4vb64vQnRQXKOPbwdycXfmW7rL51hpFDKJgj6U7bRR+sZSl/15sHBPMS56t9m4GfkGq0Mm2MU6bqDQPnaE9enuxuVGrmdN+8fGycVVBVtO9DN/9AiKIKlpuhnVXEaCIsNV0l6h8DbmxDK2AwStwgUQB/Cc8RibDhoRxHsZVxMlvEndFWfMMkVxhf09LjoGknfeZkDHSRg97UhFKw4M4pskoadiQqNVGxYZe19bm+48o/onuMUYtDQ2kVpX01eyxDJ1nsC4nqMXRqVvMJ23ksX6SjZwS9tRfFOtpLO47XL+zt4xVmUVkYh8qo4EuUAwc5CSCDVjI6uU8NOx0Pm5Yccnkeb3dvPVlOg9fUYnFQugxSkOobcSXeWRgYW8x9IguGguc5LnKMLRs/VVtGsUJPuknnS0UJxNCfmXU2nPTUfp/MH4Q0mNyr0l/OU1RychKPIsrq6L7avvJ/mlHJkgebYUGNa7sbcXt7378IfTxUPuZ0+jmaxw/T62A+ylD1ViZsOiWOZJht5lXAzylUC4diJMs18qqlmr1CvV6sFrZCjPqpWp75cM8Np6HrwOPXLpOtfH1m6kV19E9Qj8Dbqki8oNqwLOrOO+Rm/7lCNoTS7JEOv4hUUbfuilvIR8PREDu3ANGL/bPylzeiuVzMV1O9zG0RaAEtobMWByt1S1uMJGfbbw2BT8jraWKtPSujF3rKMhpmbbCoxB8bJH8+9nI/fs80HFkyG6QzVd/z9lc13X+2rXxN0eSUSky+dCzfgGXyiGjDLKom8tHA0FmA5eEokEdV3Yi3G2ZnlGrRm7hpWtm2nDswz8ZSz0p1FKESD0tRk/xOa0AuE7dthsN/veBqKcGCPMjqKqcqUoVfmAFTVVFRUB6Vb9vMVJ4FmBPWNsZKhkYe3gOGbKt1/R/K3ilIs+jb9sxK27aNStu2bdt2pStd6Urbto0vbZtf2nbX6YiO/p/b90T0XRH7bT/slzHm+K0591qwQgvuoRU/Mt0QjM+EXjaY/79iJd7RNgLB/Q+xKp30GoLoNChRYcobHqrz0Nw1YtXq9boHznwdHDNt+Tx9DLZuf+5OHTvudHn6mz9znXeIA+ybD/jgDlbjSOmkq9iak4ZWp4Vslc1eeq64oq61vTExtHOG8olWA4wg8gkklvBP2OCi+GxSIq/TjY0ick51aH/eVdM/jZOPglXG4BsBMyMdsep3xgs9UGrlJAuNW7fGG9jk5kH+AqU1ipT3oRIy/1Xe0C0uGbbL+SBRwfbvMjIb7mEqLjQ0Owk4Vaq2ruc+qGeDXt8rv5XnWQImlkeI9L4yfd7h9tcsNNPQSZQKKxVnhHtgpgcBjBOtaRgHlRk4BnskeqFrlrQybYUmzgkmgwdEs1EKiKV/8IQYQwp8Zk3wxC7b1U7X1/IBJ2VIDb3zLixXTYJG/fUlSafyKlxwzmVJQZVxG8XvDmqdgsPxqFqbnqqOgguXfblYkzZIEcbFEx/RPhh1dDHtRPM1zOLfWLISdnMiY3Dt9Guolb/RB/fJ58wyfy8PicY4JqhE1jMknxKnbNlbJqW8u+NyDYciTK8mbn4WNCrWPcsswzIxNeyXmFTBjodXEbkFy6/pYDzC1D7ilEf9QmuSnOUQLudiJP79u8CtO/zCq/xpH6nurat4bMH4+mZ5+75UMZvb/WNoD8xXM/XNGvXcp+K8+Bwx0U6vpcNYS0sD4NzvbmUtIcnqX4U7f8Hp1BseNJFJ6iZ9oy8jh2eGoV2jegS6pkO84d6xlHcA6W3t+s20826EOsIAwAGMDQ9KCngfzAW+Xl4L+nwsL7tlZ4re9gZIZ0uCNnV47uYE88KBvztMpLqXVDnntWQKdYBl6edexnh5+vJ5IB0IfVrIYxA5sgxKmBOVY26sfruJRVVDFGgWQlJDxUFuw/Ex4EiEmE4zupcq/OiMtWlzd8eyiNjKcdwqBxpo0lW6ClU+sHJVajyWqC+3h9QdPb1pIy2HrNcoVI0LYXGl5bH9pGrLQgZNZsZLnieHSB46n4ptnsr9/sAK/DgjEvzYTcpcuc7iczHZvGTy8KULuX1z6uA2+OEQk8opER3SRB/y001uR3lQKR6VX4qNaRF/p2xE8D0VSyfA7C3BAKcylQobsTKjqSqpQUKWloK2iVg1RuoellP2A6/jYrXDUbfG2iv1FLujpCyY2AkkCAtdm1lduCZxQajuXU6BHJuwUCvULINLHSKvHy2cGSFYlPpHSC/B/7bre8SE/yscC/0/Lyb7Dryz/BIj3vhrZRQsAU2LRX4bRAZw3Axwup8uTKrVC7i7+Dy+Dny5yD5ecejlMTgND0tAt8jwVj556UGsCk5MQBHXwa4QzvvBr+hKwA+7RRp/Tx8psuOMAFjSn7kBq8T91lM7PVbgrZyfCbrk7bAfrSke2VjIWxhlICtNetuitwqJLaRF3bIvHjTgJnzsyCadKSB/WqCn17WuVAUdpL9BY1L48Mh5SOTinMIDKAa4XAtLLprEeGD+QSZ5T+wRtDXc7n48uRDPLWon4J279o9frxcVRgYbnKQ846icdeWKL3K1aoNz9uC4eC2JRiYRbtVi7ofuDQ9H4Bu0Moqyi2aGkXl3n7dVgWEABmP+KeDbeeCqfx2ACyH/r3R9VVzOCNdj/2vBobWB3Ol+1JAIQdHRPlvQ62Qyxx+wwlkh3PXZz8XUaayn41B1Qsi0Bn9dFyxdn1M01GHtxBe/xyI+wUclVUAtW0IMGawXm0d58ttMJGdJK9hSKUrMCj/BeX7kBPvo3iIl7ZMTdBYt2dC0qbuL3TX+kB7mLKqiluYtGU1T3F1/WZJ8Z/hEXAGv7o4e5NI0OQyFNipyivJpP3oojkCvMF85WQRZrnqE7Qw1CCsH7muhUTJej9v97Ki6uvvg1qa0cf4SM2CWLsogtakAZLNWAdksPKFifRauoyT7LjFa1QMMzEeeFBwr65Ali0G5p+orrKLEfb06fwUx+2X/0lPCuWXRwZDX/6lV8HVsJ+DulLfV0LY8TmewHQvzAhIlL7m78mqa3adodgOR7fnPuEMSlEeGSSfMWy2U6XOL6AxYVi43eWj6TlW5hskHOtovNLt3CpGyODmNqWTlPnV900f17b+zd6ErPlmbJK8oNArOKHaCA70ecmqiVf1PfTayOoSq85MoFPLY7nJ0ZDKQGA87BlnsoiqgwZBceUeopnBZE8yYWqgmClEkI+fsAyXgP0hwmSaHU78ftg8Ev86QDL9OLIl6HrfT0Upbni70ceOouvvfvLxn5t/OnJy13IRZL5Em2GD9JsByr27OjWdaSjuDcIYU/q4am4SXE5ovOVnlEdG1MOEiluJWFbA2jICy687ZLdXR2su62m01yq2w4YtyqoujimWUwAQTW0cBuQ1QvCKBFKhc0cIzI1KupMKuJ/Rg/GgPRgjI/0djGLN6GQmZTb/vYCs3lr2sH/dTdONzegJvx7M9t7/nOgU/XtZ4Z2o329i06DfFYFDZoeV3WPkV7z+139ZWp/npvqswXzQywMUJS6UPfePO0+MqN+KAPhLY3I0ws33UbgN9iHqDzWozy/t9ca1QIqU5yqEedB5B1rsgut5sJ5iXGpBx2ggB2wqCnr7mrTvWSDzOdHHj1DJ+dcKcsaoLXb5vF76tVy0Q7BSreXFU1FtYTeYLOzeJW8Il1385gVhNPvLVDNTNHXNCfMm/mcfX1qCBf+wIFYFjXkHweGq/61HGqNDxSEM1AcGUKGRq7DZYphvJf/OzWCPWO/+gH3d25bA2rJglt1tMjtFGnXLtQQcPO6eSg4cDdX1w21oosYI8rUw/928PjpGIegLOjjgdtztcr/YfWY9rcvyO7uqT0uJz2twOX4YHAYz4POvPZDj9kfr3tNK6wWUsVSKspBN1fACnqskGRipI+GOj0LA9SmlcI/bI/SncMA634DirevIUDlo7JPgvrB8n6f6hEArOztmsT7+fHPpB3ePP5Cnsp54wzf3pqW07ukv+ThRAnkVZxWkVg6Q1RW6wL9qZUEZlYu+x4nP2/vL7dvyNZYh6bOtSnU/2V5Y5byXDaij6gIu7qcnvabc/WjI+h9flcLZny3dZk0f8TNtnnzeb3AZgzBSpG7Tz9FmD1WLHtDD5J4k+a/nsb0SjgEiEO+XgK0dxixX3sDiR6VWXy96BpSOR3sbnSPVG7/vHxI7/03Cs6nEf4whfzVVZ5j112zt3/7A8qW0iWMk4NdIX9wLf0DAKSSy0ua418G+ypQL1kSF38VJ6dFOHGK3QrBy2+1CFaA0q2+6S+vYmy4HAuCeyx0JcKhtWV9PQmWwMpN7mtj8KmxFKldmj+JVtaRVkFoHTuC7aNH4jJPLDDj0jLMdNZppEjIBrnxXZ9MkCrRdxEmVSnl3MnUOIxjFzc/h708CM6eL0SLm/5NdTo+HXGZXg+wcgtzvg+ivfHwrQPVfGr4NTbUfvYEdf/eMfoirXbtCq3tDAiWw8qQ2msqmyECw9uQFW8A2dQWFOwhNtVCqkR3lIrNuKgsLVEDRaxerqLUYrGINscGGVVmjlRVnd1BPMco61U4u1S3BBGW6zhFxJIcwgEvdgiK1+sUWAaceBsNArsGKLF5KH9TF5/E8M+t+u8OwFCQQqgleI3uKOSGGP7WWRt7z/V4Xs8jn4Kta8Fgi4714hEmj/fMtuTDMkpMcUrqEKO33tOMbNKQ3LxwGkCOdxxx123NF/4ks6pIb3UT/ol8Ly+/ZY82YcnAUYBQ1rP7za8i80su/Mke2ABlM6P05yToymy/+aFmmdHAig2iGkITD3TsZyrsx27ximB8n2mC/KBk/YoF3QQB/q+Hprh3M0aMdEs4vG9K2aP1ZTgsozPuRgaLKeztGd9Zh65XIo5PqeVzA/9pNxveJDpUeWjpU5t9s0IguFc6YpIm+MxIFDMM23XlHK040NplSJkWaugwMu/cYsfAAno/TqlMhgl1tlxmrokmV+mNZ/2Mz6RYwaNMGGg51ROb4Lr/nWrYBeQY4jNX+1V3cOSQC45u3nkkpdcClc2lgguDqPdx2edY6qZceIWubOoZIOKnCT3zOPPMJJP+YTl0dnPwSPMMaPU9eOGsGNbSdYrcmWIYh1qhGl9tez4Uz3SMpZe029xF0rVzVNNsxfctcw3KqxTWw2W+9csKvCUd3S49xiHPNg9pFWSoMwHR2FkPGF+82903RWFpJAOHwir1bN2QwJmuw5ybrjG/Tdj+jfk8ASHK887qe/yu5oIjbRsLKezZ80lol03Xv/MQVAMuANfFvMeUxxgMlBr80ejrwuCtJ9EYZx+5x0MdmqAhovFMTWK4Q8JdCu45l0xbsgjuXy+31EzOT0Oj83C34APYkEAx1Nm7B/4z4OZG0QF1Jqiy9lqkWpMGRdqujFA3txlvjIhwNz8qpAe9OrPmqzqnO5M4c+HvksRDL+LEGKOu205jLu/l7B5Pb/BSNbtT3odYOqdcqQZzqMW2+o6JwDY5ABke1btFo8JEDxeCIz6ymVLw7rr3M5K5OWLAzhn6YsbK/qEq9ica5btDgynIj8X9i5Zspepx0Ex6zCnwpBgpVc0LXolBmzZvQAWb0oZfxDsN579/ut9vtYs/f7oDQ3wOP6KuRAUrGavlrxbWF4b/7My30eT/7t4NSJjRChDw1WwFzYSrfGguespeFIJpUKRD4NDFbGVRd9dCKlQGQcl46WfjCBTfYGlGEsi/4HRF7JuJC6Brl0BcssHwCGjylYZqZgBj0ahS1YVT5RWBjpwwOkQ0YQTR6/cvD/SIUFwtC4/ZXk03nQQZ3GDd+7kdGaV3o9PtdX54rT+h0fd+2acd0uVnVa5PastukGeR0OxdfnxlYSCRC4AGUL1vzBvjgyzrguajewnSf+CSR6wJK8bL3d0v0UcZXLTI9mbAKiH92D3IpKUF4kGO9d9SRnkPiFx11dEqCaze5ojh5EH1NaWQNortLSqFC7heNxb5Djzsrp0vfG5kQmGuj0Ol4oqwmabMM6/2vFYu4YpTKO236I9szwu8+w7BVBbK1ZFhJhqo2c4eKv61lo5y/eTidbLOPpBInsFuT+EQi0wibKCnZnuGK70AY88NV/4dQDAYqdJCxY01UBBmZanLpSepwXyACORL1cqg02vNbu7eMQ58hhjs/JxdFczfHyLf4jd2OYAy+hxDvrRCUr8o8NQgoQd1P2/vDZUOT7DeoQySO5pHEOzyGGauJT+JALdZC6gRoPlqwBdOatIyPDgnqCcuKMfpAYAbVcNRZXt9YWgdwK1TzpnPijFWx2J04Yy1XLNgg7b5O0ukotJPbIXEYbMwbJYfPrdIFzp9vj/vO8NafLzyEezxMmYIDaVOcqKBCzuBDyahm5NMiH+jRJbuhm93sJeKZBMCVVkxdWJr3eibsO57qLz6Lzm2Z6RBpOam5XjRsex0P32JD79S07M/5qp9P14Gy40ZIxi9vfaWe7G++8MmmsbOG0WJxOTicAnn6SWHVL7SeZhitzv0j7n6W+cTiqGb/bpBnB94d7wa+965kcvi0v65wcSX4dNiAujEgqeZqx2ya5SjItNCY9cEnIqqWv3ZEmWSyFJAfGpw7yrymf0/JMy6tFIyJJs/IPLXs5aW4yrCoVF5tM9f6klo1IpriV6XhNxytuN5OfzbZWhswbMfMlZrsrjmKa/Frpe34S0BDaBKU86DSg/Qdq8zYSdNw0IbBvWcpwMtLlNlfucr8bM1BURIL1K/JcV82CUAbE20DglRgl+hP6mTFcqWymD0gYR+/L1omn7QheDXvfAIKfg4Fvn0Rfe8eGX8AtT4Eu58+r+sFSjlTO0pBhfltfztQVTcqJ6KRTNz4ceB/zdEAkEWUNlk5L6XoOH963nXeXg6rQYL6wOryekpKG3U+REAylOCoY1P4byEHU4NHfqHRRXeQwwX1BEujDFRvhx96zMix/jigygE7JNqRmYIUowcNSkNWJsw8t5KBFkZT/Z1EW2S0LM7NLZh60vbJFqGFgHRi0Qtjl/r13H6G4ze3/NZCQJIlEuLOSCzTODyvff4s6oE6lWPNgv8M56aDVggcFww5r/DETd60d5CiZb7tW4SBVQYldcvFqgd7pfBhsz7cC7UfnhABQsxOFlMdt174YzknwkcBcz+a7wJROD+vzoJtqPDl/cEUp9U5Ok27dwZGLOMqjfwvD4zankwfj5IilWnHk6/mwmf5tL0HrxGirwpCc/fMseQkydJZkDVrYJVUXPmSYXNqdYa7JGNvdrZRig9tWrAl33mdSN3LffMnLdguTIhMLTDmSnP2QPP7wFzNV/KYVvz0TYHg1msqYB0GlzsLOm3nYm9qapI2rNY8DmYDqpJ3bw1h4xFkSlUwUyX1KmVwW1U6Zmr3yT2xoClhiK4pMtuQq1vHodS85AxtWo0vx0pR+LcEwTltblN1JRcEYuKwKeYV0V+U4z0SdVZLN4uw6vmwe5QxEYjKLSHjjJeWKfcM37eeH4LHQSrnAgAKNt/xPTgjb2KUVblN19+125/MJJIF/+HDt91iY6/f6UE1mXhvGop+cDfOGn19AicLmTETiH5Nxyg7TGyQpz2KtIp39L8Cj5wcZp2AB9LKivJkxydOO9JTVrGGz6kaYowe360PekS62Gusb/O6G6tEA8Tl8Pocve6IRz/aXO6vdltbupg1skzyFTaxRugS80+S8CZfS69x1HcfZpY7fC7lfB2mGX3crvR9T6UmlGDqzNAk7S1IwHIB09GKT0Bgllv5T5FK/ZGih4VGQYgsNqvjZPuhjkRgEZgEhHCLjbsoXQ+xW4WDYf6K1Q8vD93LXME2OV+YYCvuFCaoR58W9l5KsqiLjdzyw9H23wCQYeDmneR34sSQpuH2GIJoK5clhXpSs0aPfP/471VRCRqt5XX9WWN6LAbgox9aCxU5s1aMN7k6ppTqqUb5qP3V5YqDoLDtmM+awA+tr8QdOQmRMnSPjD28MIWc/tyvjyBi72c7+2fdTaeDbEVPAe6Phx9PEv2el9413F0vwcxhqJvDl5StJk0mP3/twETg+Mm/l7M2in8EYF1Ho0IogYCt8sZpjw1NwqYmLWJkResqSCgBlj0ZXv8gEaSJvZAtJQh+/Ta66SWkoo573eHs9B2HrRTjpl+0gse0oK+OjUiEPmZ6fQVecLBE+EAMbPAffJo6kFCXFj+3/HwrrRy/ery/H789e4f+cYPr8Lvp+QoL9VuwVUzLJTlHWGVKGtTbioivD80Xsvv9S3A54PngOeCkEzPwjr++rV03FeA0ZXuB8aiow9Xw8vN87J5FcAV/zIEtf0tNuqkVttjSSKAzxpH+c/Ilvp8lOXdlbKWkRqZD2Db7FOkW6Oa0cvAYluJuU84cvjotRZR9bXYf4on2xOSamtdKhMnoHjFULQNBSHH6SV9x3Fib6J60ok8c8vdWRclml43aX9/VDekvZgxcFIB01H9DUNVphKpPxU0bJlgfukb96OnOl1jLVXFrk6jXfONUBmw74NWezQ1dyurtdvIGlaOD1uFmJNZ3FH/i0mQKHxZQj4Pv5UXxuydTjcWQzE99h4HW5eCqMXJqx5vGhxcm6ZbOx7ZJ85fi4qM/eGKkNzci0mKIjmlVb73oPG55On9mpgPNWk58RVcbsRjrOID4jPkxmVRc9J9T/NBnNi/u9VxtXXV3r3ok/zya+3eqmmgKvb8GVmKeUZaVCPp6ILZqHHp5IrbLRjKavxeV5cfJ1W2RUjG9aSDAlMJ7mjrpqo7TDBSfUiqeGZVwSw5J/pL6thTaJwliFsx1PJNjttO8lCH/d5QJcgIpPg3ccsiWTuTJe+nlaIDF0b6UkGsLDIYsRAZ4027VCrhIci0Kr1ZfIg8Jg9FVjETULI8ML9zsamWP1r4mr9uVazQxcEHn949vHcy+A7cytsP1mXlaqmvE+2HE9EkuOd7B5bh7o5n59N7I3FQJ4JuDvct7dHe+pHgPKWPrYnL8ArgM+Lk7vDb/2Ww0/9xSJur5vq+ladQIYF8v+qqJlnf70i97Tod9JXfzc+vKZ42lo65q7vLxCekKkYn2OLYECyEZQTkhqehBpb/M1dB3fzI/kD0+FLDSHLMSCJS1V3+KW5Qk2tQV4la8DT8a3D+g6FWuuBHu/R5eSjmty229Ols+RanYEPA+HHlVLkRCx3jNcXbrenorxrg063Z3Pd2U0qpp9kWq3fZyORh7TmDYFfE+f1uhWDAWed8erVwy7nd8/lnixDLtd99a3ZDWvDboCnu+aO9Mcf72NPG4gOW56u91fHeg+C0F8htguPRl9flZyWk5lel7/+4STy3/w1/m8e7nhyNf7fBLhyBf43gwQ9D4PObB951c5kfKIZy3kSTL1k54gnKaFXkcs9G11IBJ8ajiQMJ/LVNBg0vd6nIqYEXifO/5+Jfq+F/R/LDX0v42O33m/6d96PzYQ8HU6n10f96lcOnsYV+i9ERm8xdjAkk9DQl1ya9d+W3PS0qYCh0BT11u2Ej/Wivsrnisvu4SgncgtnmC3AT7PNuZspEwinUgMXS4yq4bCt5QHSzp4h45UMfQHXxlgg2D2YxCPLcSVHobQPW4IPOPX/7CB/K/I/7d5x693iDzr8v5KLjIUrhB25+C9lKXY6tbt18Op1sCXj+54QgH/+2Vbzhk9nqXMkqiQThSs0vBjmjgy8YSE44BUb+mL4YTz9nBT25rCiCCCsLjr9JZiUHnZH2fhhz4SiW//sHhqfmimEdnuQsfmJD3Iljw/ScKh+cSqp/iXDqVBaRWl0ExcLpZzT7bv10iRXBKLBxrnqD9TE99ODBjvbHJpq8M2VwCpZRgmQxF1CueoNoiPiIyqBoPUNGC0eu4k9nyFPSEz17dc2XC1+b64Pc2jjsvfb2du6WvexfF0q/Ta/+3W0vDrY6X3fWPn+1+RenvlEPw6OYB6Nuj0fx0/c2Kz93TQ70rW4mhXEvWcWjLwQllrj86odYc/P3Sj6LNuDMdGUKslQ5TQwe7valIVQc4uIZugTqqTGuhjxgh30Z6mSv+9xyqMSK1hUHbPe3yoA/beD0flcb3d23Q4jrpKcWcnDqRB9b8tvkYjL7ApKJENHlVi06ic6r0JuaYDvc4EZkenrUSlcu/YoakbtMff8ce8t/hnEdltALiU0rwJ9NLd59b/XIjrrDkVPhPyrfa2W9xtppgCBNu/66hsaESw5DsibrMlMH7FAf8Y1ZxOc3bznHEwI1EEOYAxWeUPy8DIaLrmKfMAVrN2VWIilWgHcJyEK6aQSU3FsUpVlFtgZIRnhZTdUsHSarhbbwRXva9PeBp4excIpbfkUftkU1y92vcr0+59R9NxiKF/gUuDgMMAs0AsgrnRIn9PcrtzduraSJPFWzQZxLKxEnqP8ObMgSvynT8S+U5/devGKwbXbzXQz9QXG1x/Zs20H/e8O2x1qFPvxu+nCZZN2mjXWe2t7NC9j4hYJaSEO/2wJC9FVxFxZsiIN8NM46Qvt7Gx12lvL+1t9V0Aym9wPNmfnl8Keu5vhqc2/5gmIg6Fv65A3rJW+N2oZ0of8Dk09k5G9jziKJiREcDGf2/2NM17zZ/dfX8xvYXlSSSQ7X1j9tR/kP5eEl9ynS6Q1WH7dnFFtnD8TNjb9n14FFJaUksowPp5cjvRqmgY+LA/FQ2Y2el6u3kttGxsLRX0frIxlZXc7NLsKpWIX8Tdq6qi/JhvOFuPz+1mo8qMCHwDXnruBJxfVsZPTp9b1m7z+T6+Hff4vN0NN6ZZ2Oq8nIV5j1bGG6Rb0jwYCvp/3Z02cs4YdHndPbwOAmaIBJklow6YCPl93y8K43O6vL92Xz/L3x0Ne7ZWelmpXwqzOOV9QzxY4m6lZX46tuENstyO1heCfWa2tGcFDAnT+9SGSljdPwEL1+KOKhUuiNp43G6/hi4W3uOv5bdwetk9vh7Cujufm1tq7KxqIksH5sSEWPkCUuBC+R0EXxnBGMrCrVoaDJRUxKUZPjImolZO97Xi3Nq91e8rKy4eO+TFE559uodB2ADOAb079gID+BML4PZfl/3GUSOwrwE1N7nMk4KSYakiOKlGVptZQvnIIWS7W8z/69/P/5ahthAI7n/a0W4tE8hUh1K/rLND1L50chH2tv5O0/5hOh3VjB4uT2Ax9q+rU8O0cthoVPLTUAcudvlFd0/qw3ixRSctGIglJSU4XBuhNPalWlsVriIMG0EoPwOm46ebgLHism0jqdjhEB8hFQzHepmmkreoo1ywCiY76lupvD+hHId/LOLe91EYMqMsEhOktJBwZegJo8Ri89aQziXYjCoiwGyU5gZ1uFDgQ9G1Xc4TqUjfZwgEmpq7+cVYmBMRhL0mhdVUpttBmrjLUBfPRkbQoJC8N6cTG8Th6IuJklO6nr9Ao4dbXKRlvTsKaDX9TweW4I5rHda7qj1dv6c/3zmfHJm36owH3x7PdVMZ4sMGos9xIZ+IYiJE/yypdOyGJCJtt2pP/Ixm33+ys7aOvlNoXconCY1KwFXwJhmK3w8IflBJjrcUzciSHymoz9t3lTUjIaxWlVNzwzDpBx9O06lz7JrZuNCfSG1mMsBfWMqjDXMbPsA0GoUVxUzt13fIOaCBdl7F14jpgxB24tUnUedvc3+fV9v+Fcl3ICOsNq9ghjzCFt3gCvw53bRaW6KPEao04XPmbYhxZKcSwjmTo7/VwLL7SLDd4P+036xDkVwyJLOcNPhCP0l5ITYaDD5OvARazqHlTCwcDKOql4wip1ogKSldO0yyhjIc5yN72cMSgYj2AxppT044WWZWJNloIRjQZx1rlJR4Vox97nu9gZWc3NPb11EH30g2K8KrAtoPd5nqmKyDmUyqAU3TPEjBgWL60bVB5eNHGMiFH0ulUq5W0tOyt74mu7H8dFbEKvY7HCy6QAyagoJXrwbiarPr9bbxmJPpXy64fJs65/znQO73wCldzvCpr5MpXdPWcIDECECCsufiZqo+QfdAXDLCcYbbw/VjOXYOb0WS0aDD4/Tu0fWYyaDb71KXKLChsJOJ9O3jZz6xmnAM4s/Nu4yONEUDOcUtAh7/r8nT++NwxhwB96uP9olShVxWXgvfu0XtBTSqiLgcPteP0NPyQoACPm/A3VCkKpVCDoduY+DFamR/IeBfAOT+6XUxmtA/KAkJBRlHiMPl83LTFwQW4eGw1ux4HKTP+0zE7Xfx2rgC5XGtyaX4CxUtlM6kNJE6lxTi3vKwvz5Kbn9++N7X8wLuBYHofA95RD4qBgyAuWaNR08sJresucjmqLPgb7aSX3lcMx0ztZ3bzsnO7vw1n7713lJ7fTp6aBogDg2gYDiZF3VYcqL9UZ93xZKyGBws5ctf8CrZ9zNXZ42MSzsNUG7FMsGq0HqSRpE2IZ5Y1HcLRJtA5lJM5ItrAP+XgQdR6RWdGTUeYGOk0OgV5rGndtEjC34ThNhx2UFdx/2vxyP9Wy/joKCz/41rAmMx8rKhjym5sETh0CXm2I4r7LU8PhaLVUXTZvS7PC4WTz0x8jobllBK4Sd+qCxB6HvihnOi3+GFG658ZOj8xJ8n2/uFoqQ2bAl+6EWPHVnWcPHgBdF7mGjWiqJmcmvU9yf6h9W90OPxUa76mL3Vl5YWEp4MfZkYAjemRlK9ECWONOUA8FBJizXYZje7I7+sPzgqnza8CkeF3OHvhM9m184wgP1ofq4/52gCDBtnhHowTsJOC4Jm+eeVzbz2oE8w9Kno7+niCUUERB+/bdTOR37dU9Khq75blk7T14Zlu46unpZT4GNCCBRkFiOR3Oyt3XLtORsTuGjC5UarZ+0OcvyIS/lDDgHvIMmgQ2NyKj09g75Zo7ZdMQVKrackIANkimfCDnL4jJqGrG0CeNNPbVs/z4F3WucNzoGCdDyx0MyO0UEc6qU8AD1nowlNe5TEFuXsd3nuZq0ta385n2EzTOFCTtmAPqPMcU4KGyE12T/LNaHKMfT1GHadwmNXAGBw4otO4mewj51TA7ecB8dqNNEOleYZLaD5ncGKsACUGlA4VOI4Ip5w7olyATLXCHM4ZPHuNLewYkRmbQbeTKfgqTck9LXzHU0W6EGaTIoOaCzW9WVgaNjXXQipYc/IniWK8VBVxtaLubJsJUsxSFvK24omvCm5SbPhiJSLQOJSIkDlkEIswJ/PE28Sv44Lce3fRnOR7KKbNOtipe4hLt4FhdWZtEGIyxBvkMJ9MILYezsmHJ3DVV+n/XWtMueAFsEOv38tMiN3Prg4qibYEuBNKeJ3Do0iEws+nIyl4OuZi067lpN7fHTQ2dpeW24vqW6csNN0d2upvrJyvL440WpsMH+8W16i02jG0l9bVn7YmmRa355rrrCXl7UFVDzVpD6xV/J0arhXbXWYHx90Ink+2kXyfBqPZO/yO08TmOoDWesKKp5uB6nSGA13ZrdW5tcdbHIKXPWfz9jPJ5c0uhubTe2VXYUXlp88N+js3OWdK6svCUpcP/dbK1eq/DkbWuyXMtz1uyt5V54dNz4/lgBgEfHlBUxDHUlFvGE3R6F/i0Opp15hCkr4XH39Xu5O79eUaHfVuoryGhwEx7yRxx0F5DVCG0nccOR0lZkuo8oTRu7Cp9Vt4/C5XYAXY3O3umQHnMvunrjG2stZWWhzog65A1GEWZ77Wb+Z+UZguZiUEnf0VfW31xuqKniY6AwMzLS2P4TnGOMXDlzfyXsnDjC9+yl4soNHlcnjTRgTb1xiogutYQdh/u5JzdH9DYwDRgllhlCbSBrhBXH1dZr+b0JAT8MvELb/hJI+Q0OQDFRkHTHroCIIyEKtKPflRSb+gLP500bN6X96fziM/Kf3FaDNgAPGkkhMFXPQLzr8VFIUbvTE2F/4s+b6SSL9QmyosBDs4k+0DVT48ybM/Pga6Et0Yw61imrshvSE8GHs+veSAx3ckqr+CXm4ixRjdGdRnLjz20f5/vV1GVF4JbdaPzHZYUdCJJQQMrPFuLBZF/NITwMoynDmhPJb3JTm3Wtlibv50mGpNeOQPDgWrcEJSaXARAY8ioL3K63rQU3paCyxzT+pux3MN3bzB9EBgdVmc71e13i96g0n58UUO1pNVuq6voya20orXvdv1aYhAPH+e+FI8Xn4++n/igvynNO5vV5O30F2LCnS5J6OOygwUMajDs2pKSkpyamMPtd4htEy86lxCjBkmx7UQiyEeMlOPjbBe7AMyB7tU47utbq37WDhpJU9ZqSJs0tNBVb0Ext2hOix3t3K8YBoYwf4S62ONnvnpL3nG3TgIU185rFVjNgFug2ZEm/oKjKsq+2Xn7+8LODs6uqqGEEebMODMdISDDlH6LQOQ57MDNO44TpKKDAfsemVGWHBO0tRWI2bRI3V4R7IBkW6MpO902Auq6r/+VpIZclkWJsMCqM3amSCazGPyGNMRcoxWVfYAbZkJBfGTECxQVvRWnMl9VJ8p1RGk+tYU0WtZbCdNVFta9Bgr+6bvM9Oh+qCzPw3igvWV5Z1GnrajG/8Ts9cn8cwZfQwaU2Mi7HdXB/2d4ysyzjbQJ95XfWQDR0DmR1y9K4ZCYx92HjVnyULhsa/nASiSsMHnb6uF4ct3SR6UqxXNtuZI6f05zF/9MZLYwx7vu5u78ki4h8dttc3eqtbAzvXPBzX5/+F7XpH2Z2S6szW67Od+tKT1Gzf1qt1zcWstUbvjaytzBbMrTbv0tPU7Pep13/vXK01Hc0GBSkaBrgZLcRhX8vWbcMfsLYmHPkz65zY6LydRuTKT28Kujws9oSEQCESbbg67e7uRuq/I10LOA0tfrSdK/VvRUDtcNdd3+x+kUlGE2JzcawIcnn5TQ8CFAi5Ayp265MAivDZAv7W3wloIVQRAq8frfFEvPZeyW27tUbFuPO6it4V1Jbh7hXoc1op/m6OHndnUmEJ8zTxExIvxA1KDbiF7omq0BID1NOgjRpqv3C64IME6pKQx5z1WLJPtBZ63N+BI8PNBtI3L97bkb4fVWsq9GL10MKi0A6cDJQpG7qaWdz+Hy+RQaIRzwRcTZ7iGzLbDNCECUbS4KIwUeivIv0uYwcItFHxFupxqhDCqFPaVapm4liATu51aTS+oHrsaSPsH4O/EcKrgPv/B0ggf/dzrJA8Igk/LBFe4TaFXTYu+x8qTRbn32tCKuLvuDppPgPZ186U6kGbFkJGYfGgvYKFDanLwkV1qMtwflDkVeYbEVuVRV2kfNSItHEXUKKGE/4xG1aFFwKg5TuJMUHmTcFICMWFPSoJpXaZCD2Ki6532sxOSykpjIBGljkwOkzHDIcAgySkoikGbuXo0ZFkOnYY2rsqDBFogW/9eegc5GuDdA41pJgd7G4V3TUSVJE/pSGM2WCNU5qU4IU0/5ggW1CEXmo3P41+DVadiGmNSKC2UffB65u0tja1DBdGvq2H46XV5mJzXXn4YPop2TSSRWPq9DzpXksO1rOWhns4bFmU6eiLL21ndw78IAi/+DNo0apbvdyQKA4nEmC4c7YUEJz8cwCqcHNgHiP9I+hq+2u5xV02zV6/1UHUd+Ms9YhOgzFyKHhPipiA4064kAezWpaSpYNSNRlPmDzjrtHNEXDWTJcW4b52vc+vsHxkJh53qNSZWyo1efv4/C1OYyK7dLjicHW5ttzrLRvouPJGB1BglC7CoMs63rLOitPZawd5+HhwnTMBWbeb2lCZ8K60WjEh4/F7PJve6kzlYDfk8ji7Wsp09yGfeaW1cmQGyXb7o8xLGOwENuIOrsksMlh+RTHx9PTggiw2iBjfBwsvfQBtxmCu3EaTudVcQidX14Egj+aX4/IvVeHnzydjF790GdbCAgYEKMjLH9XdJ9JqpKhc2+3MeRIcy/Tt/g46rH2k0xHm5nr6aAeF/ZxHXECO4iEevarTrnIQZvO7K0wYu+9EorJW5D6oLtGngUq31MOZ1q0JpWTc8nu/u3y0JaNSyBX0eBqoz5cNe3poPyidyeHxvzqcfSUDKBIJeJecJKiKloCVzmRglkzdn8x6LxxYTudyezbfBIIx7vD5376Vu6ZBQirmcLtf3a/kIjhsE1h+eitUGMn7NyssdY30FFcD1643A12+5t0XZDUdszv9Pu9iExrTajDYBRH12wOezmJdVxwyDNp87vebg9O2m9NqdzrcPjXqu11MX+5ijRuz8Zg3JlbCZ3J7HXi87jZvG9MMez+BfQkHKLkJzrTsMZti77gwngiMGneM9yv59aT3d3vda5WD7vluy7ZFWzbLDABuy99mFNhwzH4K86aMuSIwP/qPC/X4htpoqORZBMYcaSsTV65NIOapOs2mpnilNfogsI5u7x1y+yLRJ1QVsNJ+R6RxLNWe2p3rrMz1mh/Uo4FpOhh0C7iY2nuuJKbIqqY3GX+lz7olYGHfe4o50cAT7UKkHGyiWwvwVewnoTMdm2hzykai96NxRRSig5JwdBbCh1f9/7aDZlC2sUKuEFR6GGPymLn2qJEg0+O43I6fbl/jtwulT0Rrnc7nHXLqf+7XN1Hp24h7xWwzJn52hbHMKJPhz7vLw+C+8aqT5VlVKCbwh+/FA8AyrjTZDfMVXKXkS0jz6ywC3hk5qiXIgtT40GEqonYwFou9yI2sAoaZwkG/vMSiw5aktOIBwZFmq2w3NaBuXCiwYm65Z+6v2Q5r5yt+wqIwZz1lJHhRgD967OWro+2s9uzqP6Lgk9Sg+01+GvRHNVdVRu1WWrUaW2Jorc7P8bYFKiU+GrEQjJstsDenyMc69C5ub6dHUa5Unf3Fb/e/mCVWdEbEa9gNUVkNSs9ej8popJq+2OrhLYioWGiXx/PZxNfs2AXTtZbWPi2YT0SSwerCSvzE09HtBs+fjcESeVGZeBsZlnxvfUOZjM2DUUegUzEXbzGV1yXFe57IqWMsRehmztXvbisv5yuF64IWFUhEVvKaijKXx/DOGZCzBg3HNy/rhmfSPaFUTiDB/z0cJRpzaPbhwBtJgn2Gkr3RyaFW8aN8UpnE554tV2KUTSy9ZDs9/JSbFdo07vDn9MWxVH7UffLCNCWZz+VAsbr9ZQb59fqqoM+byHYhgFkgFhYndEoISOKGThqCbED/TU/2F/DDc5nz6vRyeFyGeXQEjk04nyty9SIs/rH9Ij82k5TNkesGfTwjolSJMk6JOSv2j95yLUQ2oZcxjppFdXmFfoMb9xS0Bp4cqp66uT9LanWl9Wajv+fO29WTOd19QuhvZXwZL+2gQit4YZyomnHg1K3vikTco0O8qQnEaU1/tjq1IeCdTl/G/ye3v/fLAlZuTPyUQQePy+nbyTBeK9M2NitvWs12h4/9y/pjgi2no2H3I2stguKk9xHwhelhfWqskpOyJl7OoIfZ43Hk5BVOszan822tMT7efj27yL85WGPGFqFr/mJxirel3Xm41SDw6WJNsrCQlYxsoQR4OkJ1HSu/SdDtb2m2PzEdoyCXGbfzpc3Lwc3KzM0rwO7razJygaXr6nf4tLj6svhymX5aDmVK5jlp7hgn3/t5wQuAVCxJsdL5UyFliHZV43qjjliS4Y6LbZAb2+vjdP164qb6M8n1jGY712gLZjnd/U0luLIz//VwmYCXd9ncXJRSnIgxCvqYVFx92eXoVWj2ZkKArOjVDItKBT0aA3UGlKZD23XowDWKcZrKW5SksKSDLzNmuKDfjdJAPduwoarcV3Wmv190Jbx2B7vb2+dksoa/07fTNwMXFy3Bige9Om5Il8427ZAWvjVNXCkoXzxN6JaNoQHoquiEPrbAJUqMDT+ICB70PyHCRyA7yOfubcj2tkEj+3v39Uvz5/sVUsBLyD5OtCXUf/YzwPO+rw25Qaa4UBIjnCGHcQbi8jz+jh7aIiEhEgi6712EVZZO5/C6fDh9T+fYuYc6b4DHT1ElZTCGimxLiSmQx6ixoEZDgnXgxoYGh+PCYpLNZZR4u20RxNImXiy69f7fGwa0BOy8URfMVEOm/WakWfLipsb6ml0JeRm/ccOBK2aa1Lvx4egLZvR/p4bko8dOldQ4lwYrLKRc+hxtPNSWGN7B9Z3PE2WfIzHqZx9VAWlHLMOwsyTg0QViGNcVaHzqyUpTXgV/qaTePWs2XLxmjHMN5YG0iepLR7HyKe6xCmm17kdnZuRLW2v87rZ+Rt/GnMdFSg1VQ/tm4otxakW0k/1bma22DuX5XTaunq2ZB3bFFL+3LGjoaLSb8tz6oZj1L3XqRUKNwyw+qK/C/rAjyPNP6NyEFc9CwXGjh1SlivF1uB4/YTBMFCrfK4yiaMuc6HDgj0sOpv9JgLeC0X+Es/OU1HUXkM9HbB1tA8cF4NOH7aeqFJmRAOvq8KWjq2JFZJQiIEImLjiiiFurdurYVAmFRqllwmT34OWwsnN9pz+6iJvWUtGC18oL9NkLSjOcOaFMVxj1KmrKG1O1l6ttep337aarxZU4wtIX2uAHvuhBLvvcoCq4kHPBNJxLGq3HtuU/25YsHBIOsLHDjEALtGEBeWdqLobXEmClCFA5Yn/LIFifkVsKhHkJC8NwyTKS2SdNAMZF7d7SKx0IwRuW9SLwdBzsjFMltKlsTDud/s99XyFgvk+tbPQeaDG7fegSbiRtvxIJww11NpSyJ6cNCAg32/jDYaV5NRHruVe7eBihlbVrBZz3Rv7J9357q5RT0qImfmobu9fUx9Xubfnk4WT1nzwfblYnq28Nd28utRdeTw/nxjpLWksJ4xQ2OQUNCNLxe/j975dfqivJcvnfX15K/JU3U0r9uRdTwl5p5zEYxTsqMwX9Pt5OF5AsLQi3Op8vprOpCluv5aYEOvjvjVyexg6zJdFY46ksiDKI5AGl15kKcjud/O6tZWu5We2OPOzvRjWCO+lrUAsLSI5bGRy1Dnb7XwCiQN+bvshQJmyJYb6zCtFhWLj0VnTaPLyfOrkx3T2+x7ePtzrcqUfF8OfSKiKJ+43BvP2RCHurw2AR09eCekQzZ1VUtOPCy9elWw7bKbXUaerDH0EyUSvq1LfysIRx+zAxEkqw/TjwJMqhfdkGivQotVX0tZWVY2YqHfnqS2oOJ+cO9obVEcHpdx/hsd2SkHGICNmd7raHwEc8rOmsXhfgZrr/O5FeL7f76/hbqnrUiZnz/KXHuzlMKU4o6c9wUu/UfetJvxZodCrmm6v/zynKICC/aul7l0Eecj/Wch++epklv3gh8yKmEdOziT5uoL672J8vdzhb61tzuz+PFr4ivtDubk5uNgmjvG3v5/t6q8D+Xwe5CQwGYaMTCcYzhcCnQoGC3wNXNTDoDfy+DQrKvz+uzeUN9L5Z7Uu99D9aYu5HiDaQQnKR+IMkuZlQxoR6K0nqwocpV2qSn4cZi12vRKxHPUYfBvqVd0WDHoUo0/8bNfb0NhQl0ubHoGPc32wzlr9jYvOnTnyEUmKPaps/Y8OWxLRUu0Sk7ovR+utIwkQauKnSYU9/GNITQosXKakpFLFREEcR6nHqJZK26RXtDJ40lL0PYSAsDVpG0IIGIQ9CKJGCkDDHTC7YUUypK+tBHKjY6f2Ze7LbbPfcMOgtOkmQKuhqsLidXw83T0TX26hnRhmv0u3+Wj7SLY0jOKaeN6Yp/Jk8LJ1jdj930X/5zlm9Rb07OR8ejgYW8cHYb0yTHNiiRR+NmcL4YaQ8Dv1QpXcq6ZxGME+tUDfIwP7on31eBSerhO3MswU/ca5j9b6s79tynaInANtPniZ5/wqaWPTGP5eXM0NhW3E/V2axnf6L8TRj5wAzi5ROljBuQLkzjEIJVxIa35wrY5ca74fuzwju0P3Rlp6eEbdpoXQjHBXE+nJUevtSFcFWLYQOK0waLXEY75hy8lcbjbKS4eL81WrblXv1Jb6ZZ4/qXu83P7mHUm1FUCzUsBs3EhCChjyfctHWgQ6EBPvfjejbc3ONtoMWXvkYLatZwSdOXMSjCijkMIMMsfLvPnAYeapN2C0HYbCziCwQaDiJSKRmqvTZSu6TiNx2SqIHie78/g7xZo1kUUW1Wl18WDP2J3orSmt9RmqSE2dxxXQUwXAqItjGicnIJBAhGCtVdmMUKs+AUoVLLuywYfp9Od4T/BEKZg7pznkD+/35KaRcf7fv7aQN1WfJ0kDg6GJ3vSdmFLPip2U0ymHBsNJdGnt8NzMzr8fx3tRpp8XxyMniyehDaa0gb7srcT+Nt0G1UTH+UY37GJC9prom8P2sMCI+R3FK4Gd2uy40f/yMQE7bu9vddvSY70zANmZWz/NhGpf7c/3a9GYgz/vumt9Uf/0YFKfkdVycoNc70HdlGt7y85atVn32i1akiuRFR2OS2S4cK3M/stWTSKCTewN98oiLRr59XFszDoiGjtY3OuL11pdKAHgmsB5dBOcK1Ptz0MR0MDfQoKGvP+YMzzRbEH0gFnXotC49p5CBSsMLmbJaXYwYgdCvXcqZJTURXu91dIeQyTHSeDqNcO7zxknA7bw/MnryuFcf1I8WgUTQzfpu9LL88vBwUYlF1OP/CLzHmul9/zidOD1N8n3WEEuSggFPIyEsJYcNKJ1wlHSCivJGHwvnoQ4KklL6f26m/+9WwdgbBPLQ8/kOpIr89vY++hbGyAtMgX78kH1hB8/7z+GIj1wakMuHAgUmxjbocCpk+GEnnrRKfqfdodMFTUb9f7z/tL9bX8jr4WhtVXNTWWVYzJ7NHOxHfhY5XGylFiV2KCUWKwEakCur+jn3JzUGQv4AhQH9prJCdaE7Yw8uDA7nxEkMAfvLSIrjHahc72lPvMvK5qj0nG7TQEfciVGLzL5oAsKDr7F/+6vG9wCGLBtB3ESGjfF4fLA+9CINR/sIXf4nAl6Pl1jk2Vfc0VRr+LQZBoXQPG6MtQd18K52hndakMW4dhpk5A+NjVbr55rqTnHlQ32F+IJQtNPhaN0theruZipcKUe9Tm8Ts7vZoBDsszyYv0L4Sto4ds7JABcqRPydXvfaqwRNNs5cfL4L13sP3fIlFZvmdVkZewo4Wdd8KUPZ6BgUxkxRCu25oCZ2pvPrNS0Ni8/q5+1AR+V0AoqC+odtfSjPx+snGAFMU+8oU+h5hpuAXMCx+xtF2goVZvABiXbiVsOhR1QV9c+GwwPu8AEl15JRFq5w4rpBYF3qXzyhixI2Wfuz02mr8J1gMXs1BmBNk7M1b4rHrOC9/kO7FhpP9F//gsTDCeeWKNqiQTppD3O2gMuBMDHKiXm5f8m/EjBjBU4UegrOSA7nXgj340QKB5faGRuTy0hUDW/fcxaqo/X6cu3qpe9MywoFp9+hVZcec/WHsPky8G78kkD/R4xM/TS5BjW7vjA0d/K0ikiyUcZBelkRMrKE8mRFyzT7ua9XPwL3T1GkFnr99PhiX94VywKcoeAmBkf9xi710mHsS7nVMbbJv5UQ1g6X46l6tN6OZ9On/JKJRb2JD+pzVzb92eZ6OHOZSTFjlWSOhj3+Dzevo0PZumieDgo9908XU54QOcc2fFiVvDPcHO7XcGSumGCzhZ5EBrntvvYmJUpQPl5nB2m52Zv82MdLXWUp0Sqpt4s+KWxkNdW2LyfDmVBIuV9VFq4knx9OdsCxly3L+27/48jy1+rTxc/j3tnbNUAJsCmyU/GY93X3dHRyUNf0ecRB8O3h8VpPkD/xkUo1S2eYjr2qNBXjXNyyndhC/6p47MESKacLN7CNTUX9dHFc25P9uvowC0fh9+zmeMX6wXtcloBfA4kultknjXCkqUmomw2jp718yusGA52B+GOHP+h5ETeS7A04YyK24h4onLIcTGhiFm9qpZSGxiHeGa+vb0erw1qX7czd0/Tehmpu4LVnbu/by+Ts8ESaQ3fA49PwPZLg9/JzwMdg4H2S4MuB4Fv/tf9zIacjIV+boID75eSRv+4TU7VtwhbJElEhdNpGNU93mM2sB7yI1b1w3S9PwP8GMfzMX+Uh845t8P6RVPUaDiFBzsRXBuuxpgDjSPbxisXXEUbecRxDALvnyP6+qx/3CZ8gyCccVvq71qaZ87F41HvuxsxmGLrgNIGWnsfVPLD25oh9Kmm6F+le1mpGfxFrmQlziZFRpUvwPxubAe6gsw6CjD4/tyPvFXDJnKBCixfUI5ByCfH5fK82m1lFsf6lJIet+vIGyqOHDFYUbRIwSE14IYCJCzkpVIiKUBr6mm0FrQAZcUSwDTV5xKAMW8Xwfr/UJjUurK2PEAtC+KIXvRVuLHhweIFtgCuE6P15lOYTN0YvnYlVfZlxhjSgId2LugocPpCtJpw0EeVuKMmGPt/qR2l5AUz+b6Zs6KJ9n80/K9U6Aa+rc78XytGS94XUMsngTa0TxxfsIMSPcUoh4XAZCE52Gm3PFcKNnTJIuSQ4YpYu9QMMjUQ1A8UUH2rOM/GzV+v96WaUuUwaUxjp/b/9Jcur67u+9iPhAE8I4eT+Sw3mpfEIL5tdgwYWrdoXHmWT+9R09WpiB8MgTRuIY1wMPH+aJ3Q97bb3b1+05k4T2Nmxx8zofDs4HfV6aVB/60zgA+eWWaInaMRifuka8Sssn++j95bJKDReO98DOeTM15ig8YMK+QBO6NLG1Iqq9KJ7XDLIfweNF9jNASM9WYTwe3o5bpp9Ihdg5Ad5cO5pJDwIrNardqf/jDdingbKINJVHdxQ9B6DS1/6p/3t4sWolUCupbTN/ToCWem0xZYL+oHKXyPCHNE2dDHx8T9CkWRKkKcaWvUDqAOE602+jjsKTegS9nWqTsbYkMJ/pkzCxqvobM6fPZ+HtZgBviY/zXP4HYZJi+O4RMKYK2hSEd/JN4Ma6HsrqhsLbUMWjkJI+HDj7LUae2hTDBtd3FmSQyd2l+g0MMBmnUfMDWQhjdGo0SzC3KsrXcoPt8bW2kHc2A/KUfi5l/XhhRT18T4fHksVCXuz/vpzCbw7uT0Fna7K9TOp+XBQTbZiS341AEkHF55HrgUJc7oDXe+mm+fK9/bKFQ0C7l+eBpU1pmFscu7NpTVTJnKJ26czOlprBXzeLpa2oBSvNwNZ/iWHxc9S1WdDBX4/9p1TKCa5QI25V/3vCYWtQIcWViTDjGkBH/WLvwqCPgIBz2Ojl1CmrUT+d2eG+v985ZYCNUZvbGwppjMc5UzcMgeL5f9i7K2C6ui29l/yhgBBg7sHd2fh7u7uEjy4Q3B3d9eFuxMguLsuHBZOcF1w2OfUqdrf3uc79b/r7qq+6IvxG88z5jNnKywnip0kecdtTvE5SC8te4iod6mBk61zNmXKqCjaNJbZEQl5/N6OlERLOUeeb2qE8Ny/GOtgZjdzqCdufXBF2o2Xn2DvO7cD6Wck1UPFUkRK5ewS40QXr5LrTC/yhJOz1TbXyzeIZByKflcHePv38NbrFMr7X8Wep/NLYl5PP5PdPqo8n4esrVfNrfe3y/e+uPd9FP/bJGLIXxT/yxfBx9Hep/nep3H/19O8t3nF9zNiwZd99zgCns6WxrxS30JqaSeoQOU+8gaFUCyp/9WgjELdvsY5EzZy+L6srpv8WT3DaOwa3HBmOXyhg8mPChokaQCwClpADCtvXw+gbrGxMnoXd9/A4HTwpSVjLF+aN+NUBnExY2hKlB/gi0HX/tOnI5PJM6bsZ4RT7Aeo/5GaeB3T+GUBDTsoUiXUT23S3FehdjBbBIaBCf1QLR8OK4bNMsztct1gPd75CS7tg1LFpc4FdVQE95jjgh80EUpzObfEPfrFmGVtTfqVMAKmv/4XqsZdvh4zyWikZCIo8iQHQShMVGdGCb7++BfBAvywjF9rBVF8ESp5RmR65ml5JhXevOlXhm+3lR3l+DVGK/gx4zq/cRUrM+Socef7O/z3Mlucw1BwCbh6/3HJLHbCULVvaSoX6ZJrQ7EDtVquI8eaalENe/8x45yfaVPb9u3Wz0ICNDj6buVkdAZ9DsPmWubiWlxST1lWV1MD0z7cX+Z2ADyf/0pPMjTX6nk+r/xaHgScmccPwAiHD8Jry5w3X6ldRmLCK3iRivVTzwa4VGs1V5fVFtQ4Ho+lTt3xVxPa6K4tnW06/93uCcAc19Gs1gHNrS1tbGy0VJbYHcAnkNKMDBXGZw3yE5DOtA2PwvPZ0Y77Ke9Lo4EBQ+Twoz/bnAfHqkH83fr6+kDNh2rDXpv5w4CcziQD7cYd6XRZ7eOqGGneI2g9OcF3MJQLlvE1TpLT9gdXZHltcAvgi4COpWwJuEQ8W3q6xPfA9SU3lPO1vN1u1PRRo0JPDywL1W+YDSQf5qVRKBPzXpekDHOrxf7msBmfBT+0HydyN0pGFiuVvmH9vG6yp6rF3l3TPd6ItYoOPuFwJ6VYS/paPZBrFG587sBRXNSubuBTa83J0dHa9tVYCQWnuAqX68O/fo5U8wMopzkHB1pd22yvEidtwzmfKNT7ol1ORXiQg7+mYZkUkXFVgc6LIqHsjuV4yCygePM1O4rNZKxIQQ/3bX+RSjGvyyuNwY/zKV+J9Ukf/un4tpuqVNWdGJvBL/tmagDcq3Tze92dqDuKUBAvo93fxsfCx/a+cTmPeLOJS8xjrklQtDOJ2rCvvYh6UUP57jirlcnA7/Hv6PhLXO6W9+u1Qh+KZZ6Px+XTOuBS8GXkdqeRq7QxzgAicskPmWnidlZwNju8iop4mR6iJJ5EERqm9k+93XfsISijs6KUVmEJrUYR35Tbev/5fNwgZhdCF1+0kVLVGYjpnI1jGUJx/Hrs+xkbJgxPlUN4TXMPQbPeKRBjz6+kvWfqlL70r3QqudYn8Eby/DTAN3CbRXf2wHH3u4RSsWICnc2pfYyiATGuoO/bXGvvA+QDJ6AtiKHfbZIg5Cbv9VhRUtLS72+Q4OPD+5vg623Z+6OmIKQs7+1J8LXT/4HL/0rz/W+Y4FPUv0TM+5TD+9tNWt77W9z77sfl+/NO3NvrAFcvaK7B4JtZ2TjKQPnT/h60XDyzhzvif/Plt2bqls+Xo6cEQ+c/r/d9e7CHw0xmOb1K7U+aVVD8gnJ8aeVvDvBC/sYJH9h4Sjh4SgLfs/WK3GAfTuf88FMGGxL9eusHZeneY9eg/PuCiyYbFEObcWKzSXGKmRJcgJ3b96QKAcfd3YDPVDCw0wR87G2Xv9/OO5/xsTWfMYaOxSFoFdZdNbyuIELE50JlBryvwYGZ+w9jiUwYiMWqEWJ8lTaJlY+BpAwYX6lDq05UmKskTfoK68W4c+GGd0lVG5PCw0xnjWblKDEjoZt/4cXiZdj2v3LiqIgaM2TAZwwleZEc3Y13FQKCjP2pycRNVCix5cqCIsrxOPYJ8ZfzAHWCuy4w2gqSEVDBYspkorOAyFF0s9Rdl2BN6offsRDelxft2L8VRKPx1lknWEzapLIB8iBIh9nt3f20nPzlaiOwp6Dj26+aar25FbWc2rXNVsjYKlDynigB9NZsZ/ehVNqg1+zpfLF/hdJrjOgclitadKQxav5UEXH8UqTvZnaeeICv0WoKJ3NDcOqkHPhN1pzrweFydYbqiSNtussxcv20gnq6mcFQYQB5zgJVKb1R1+PPVFHd1qB3ThcJa+IudjYfVbpNuEEZzvLnavnJbiDvEoNue0dBu/fiyd247hp+pmv24rkYoomJudiXEzlhFwIas3z5JKk+E5gOAsvGb9qSEUjRwABUG+ahJrZEHx5WTqedub8Zzu5MW9zzvXShN6T4GsI888g8CI3SsLj0Qc1oL9P/zHBqmW7Atp7jr/i20WqCNrqKS1t6CisbeuoLamoY02QczvQaLfXjAAyBc8q8CeKrM2SSG5HflXigjD+ggrTadajKR2R4OfR233xqTgEl2kZrw68PQjrgyOrwolXBZBep1V6c7TEL2dILRmOD01UIl46OibrIvY/VowXwc2ojClkasUQ5ASKjTG2jsVSI7u4PdAehbj/4kfSQK7fh7/SyuRfR+aXsQiC36+YIYTAXfD0z6DVheP9BlUOeDwik00VP8uHg5hESZ0GWTqfjbs+/ouYikh9YKcKj03K7Ixbx0lYK+rw9r94so+R10WME+D1u8P28n806lqy95IP8mOpU3Ezf9L8ea1p5b3An6mV0u+CH/LT/4/JBlIowJntFQRqYfAfkGHPIKM7B9LcLgqEDpYbAwj1u1IIjHfJbp92pqCtYpIIxdrpBJcaYeqtshR1bnKLTgQjVThRDgFcNQN3GQKqETUleVnsoCSU4dWGZVztyCDW170vCYc73yz92M/9kikrDhM6wIrqHK1CiIS8sabi7uxu2eTydtSNQKeY8Hbb2QJ4n1zsfiCCn73fDvS/eggSEGa9XcW+PDm/PxG9vl29x/q+d77cP7zuCb+dbb2W9b8PvN1tvB4KQnTzIOVDR/+FscXS2AlvR0N/B42z2fJQqDAVFWiX+Ny7G0I/I3yzhZKj/P6LFpT7XkcVOD/ESOYcQj4iQcShfPkp701Br4jEP9Vdu75R/GtQtUy0U5EPEgGWEp+OCpqet3yMx83vrBMqhkP4t2VVrC5W5a4tjNUiDI2KEQ+rUvtbX19jpRnh8udXd4WvnbSn5MFRzWLKYOHTFKJWIq47JPllCXVjjbapMjooi2R/wcwTuyHpmZq9e6jsB+0uGi9Pq9aEWGUH4UUdBMNmnRuKYsAkF5iq6SkWNrkxGTJE54Uk46g7K445KaBdyNM6YIfJRl344K4FeVQ2+CDOlRb4G2pNQydnsygtW3kQysT0n1mrJIhm+wu/9az3Vvp/XW3EJHm6g2DXghJLOOqHYc0ravu2w4mxddcO22p5R0ozAjQeEL9UV93R38yeNPditFD/d5ay7y8vJuVQbnl7DcX9araKADlyTOeNoX9OHdD7Yr+PHN90REn5ghNtzzJ5O2AgfcUAD37ZRaHL1+i4qDWtumrtiNxq2f4neoMVrdK4WMr5FS0MHee4Peb+GPHzeWYnN8e5ccjOl/oIaTDiAlZKK86ka6IoJK6ymTdNj9Em1Ib459Rqu2DO7YfnA6cZPfhcUuI3abdD6e6YY1LdKMgt/RcFZP2HcIlKhL26FSanaRCfKPVCi1a8wbFR51InDbp4ZCH+IygOr6pqsJQuPlKykeN1MDSqEloRVmDDoun98PgpCWI5zu1O/UoGnFctTdatUkltTwPg8U/lFxa5uGblRw8VZc6v0YjJCq6O0lDFjssRpdWwtM7R0aEzPb/wZCdaLk+Yb1sBqOJJiVlkLqnbwGNsUBt09vXZ7fbfzYkNqS4vbTWhTS610qVOER2l9j5XzdGmkWIs/ZKgNddhWy9LGmwWKkPSLs6BVOgsTFWMHl1vNaJlqY2uZ4iUgsbAYvl9Xur3SQzPUrdTDfYk4vYvn+vhUMY/PD3DHeOvzwZGrzjj7LRpuwSu+3vubCUhZr95NOS9KXhZdtDwInygLlzjj6RDogGS/iV0CSQk0YBgBjOnv3ZZR++nbDWRZ1ub2etw8rp6+xG0uxvtpfvI6vMryl4DyYvys/6pVhcgPOXp6hbr9275+IEPZN4JZpSYNoJNuCd2bZ0/afhySOhvIgK0ty2NUWDjI9sp0Spmf4psE/2BRuJqcvV3l/7wcZ6iVW41iPIV4Pkka+IRB0e1kKl4iZMQOE0Vw7MbWJRQfHbSDavCHub+/4aerqzW4JTcpCHaKQLCrpch1MbJEn9CuVJfr7mI15Nmx+qNyoaTFhNXq77Y39blq9LJ7+P0ubiuWpw1ft9173sN634sEX1rf17denwwhkC3Ipf9V6/sVlSAkbOs9qdfn8aTx8zAjAZ/XzvVdhXPaEC0wjZDHpbLdqp3suFKRhdgDT9IjE+p/iW9f48MJTVu+tQ4mtMdf6b2Pi+dPur7hfjpqh7p6lZm74WJ+13V+8+eA4k9TyDXseurlgIKEyGYZKnZ4FD6tp+ueY6cGwnz68e9zkrvPM10IJuLhZgTcXwaoA03UWLXrfV/6gmAVL7b8XZzf72Oynp+fO7GZgLOijNJ7Zhnzrq0V9Lyuk8RxX7YwrZaun2y5CdQ2ScedvqMdHx1xux6ayZva1dDmjVCqPrl08KHLDn9GFWVR6z1jU3elIEASJyMdmOGQn/2nUjZxzMYGiI9fNBpMhEyduXWKTrGaI4UT8IspB3lp0Vw1I9/eI1L6SEkNWdJ84G8Zet+1y+v2lB1vRycIrlI1+p+CSqRYEo9Mow+Ho8AK0EFMmmK+FHQ+GjnMdWVHML9OEGNs8hCf3x2Ux3y6vsvBV8tzO/q9w+t+YXty6ewJXRbVuF4NB51G38SuxnW+5fp35kJUmGJmfdH18NGIBSqmABlx4Ax5xTgoVXPJhYPhXiQ8EA1PQZp6s9nMU9ZUdRQWYQKgMVL/WwVPvtTtYq3R7ZwnsViWMFYF2u8y6IFjdGt+k7Sf2aFeiZh+Wxbrq3mJAhy8h17k9Pk9nJOQ4zOIcbTLehXs5AR30tQnQFe4ckU9NQwn7PqtNBMJZSWiPCh2rRyRMpTUaQpHboiU9Zg6vWUPkF5JESKTbk/SZqFTFTBisZkFBjUnblaF6JIfl1i3JTqZG3Ma9yVpkJmXobn1U4ckz4lA6TSSC8Dukj7y6z6kP8SQARJNZKpaxFMbHrAZ2GvLbXcKQ32eDpfcFgPMcTXxLFiZc4IygpFiyNXgKLL2MoIrOwFlxsHPrWdamx08OTRxw3OuHHfrXA5AmYP/ZxiLV7DcXHuu1TEXpoSqQl0VVBfC1zo/32phJ5CTiZvH0w2WykwF/zNzeMxayMUEW1Yb53t/2PiEmY/w1vXPbRodPzbrWO/CqrdimQXCp6PRPNh8h7gpv7eTmwB5b/JkB0YofYbnxO+tNS07d/NpTIa+t7eDYShEvW0vR4MgqtoPKeFxPxrmnufLB+4uI84U8Hhe+9AZtTzYEbk+f12u+25MoJ7nl3vZvIwbVMZLuJsjNStx3ZHIF76apB6oBK4QyPr4gGfXvWs1DrE0X0wPAlXonm3E4toX6cEGCRN5q66Pa79XU/VMk2+LaRTX+iykSMm88Mbo9NhH0cpHEhixJ51whFeVuv5gDMt+zlypr7QCH9a42k0iYdaHXj8mZsqZmm+4OMpb29nspV60bHKML7cysIA2O+8XdvixFQiIup38ng8XX9iSmAx7n886tyA7xJDZ3rfZuI/vHN2jYjLo9nvZkcyrPj0h7AG47a397cnxdrddzYyhMo760rz6v8Y5dD7PGBKCZWg+/4/FFleYfO3ZKYBxZlDUpx/QFKIFaprLh/zeMIq5XT+vF1aDwlDu7HXyGOJ4utsUjTFCUKD5An4pqoMkhBT+iNZ7SKGMHLvMMbuIK7vocyGSGyr3+IJjK3gb193Oz8632mrKOr1VFadLe2pyXYE8a2m1OvUuTw0l42lNVdbneuv1budrLS1LKZTVDOM6msQA18Oj4/nqnPMUV3V1jgP1xfaTTFtVVXVnZ3PDrUxQJxeDrgY+4ov8njQ/mqaoMgBDo7JyLsY1ZRjlYn1ukWKFkFXi0a7O1hGalE+aVTtyfN421xFGiXHiZRqJALTWaIBxFTr4tBaqpzt8HXu/NBW72NlygXhaAPFGQURBcTg6tchBHFeloEAg5ByxCFjT5VEk5Gdrey/fv7Zbq9s5Gy1SyA0kMOeG2eE++fVtJaCqvPrSWuesRZQ10Ia7xMRsuiF1KbQUxe/0NHWu4UHA4x0fQUCqlLXT7fJcCxRh/OelpASZoFWLPrTS9ocdOXbK3yiZJxSsdhnZnFRWLmhcorQTZ++uQrSFiVzNO7rMM0xo1EHMYPj+JmPyQLc5tdYd4+CI/Cr7PjJm9LBV6P4QArFvZJGfjqjF0inPxOaEKemlsMhsHAUsB2yUvVj2qhr2OHA0FXjHtd3x9hrECpac5iQsCFywTOBxf+Djtu4IIgitG2GK+DLTkt32nL8s1VzQ0jWnpWpja1dxYvj5z/YnNqiEDXYUN3jJ6paZSM4n47SisiBkSq78wE0mfYJv9RdvUTmEXtmNN3c13Uo1Z7BrQHvchqChlXHWXNrVVF6e622pgfbRfbr1QYSyml4kZCLwnnrlxXpfk6XbfbOW3A5URkcT1qnciKKNcxHpS40pJR2lAxWvLj5s8qi7et7wpQCtxi+iPF/uq6mKPKoC/0GemYcL/qyem8fNAezD13U2FAmHrQyizpccri3ATPfAbz1tDUbLLunkaccaaplmzUU+/8fb40bNuNyeDud3UANK3rSAF9vd38WzJBQwvUTGJb+f9t/eeA/GqQzn+1lgRhiTPNXFvzyH5DCx3/Oz+xCjgjrs2HyXxuioehMw89DGk3SgbhB+ptaSyMfjYXDOVjWEKRF8gNenOdhJq+0eiZVG5TTceibQe+khW8MyOHrQlS05CD+Uk9CUOkQ5SBGJSONUrGoGnbAPvXBA6iOgc60cSrufpKOuUytjHQMgR9/mxbJswFvP1nSvsrmwq9br5ZvXILavYOnQTK21D7c7t11rKfV0UBy/QKK7v3Ul2Fhsddad7gFlKRIK/oTMzfwZiZF8sBTwg+yeZy0TC/i/QS59wOt5PvfdDr7ey6l2jKkPEYz/m9l4f4cXmq5t5tM0+I/UJwPU+bWxvSBNh3SisDFGwQ+Bb+GamkzaXW12A6FvuZuT5zmE4xqcZQ2k0nu38bLqOR0XSNA+pR2Hy2p5lU/sIGJFCYxJJmCi4nUo2U5H6ZBzGqPixIRBm9PdwlMj19DQlH67i6+Ly8lmTiM2EwgHt4eF1evxaHvkPIIX5WIrNx0vr8334ORu52qdy17RgIgop8vb/WguBF2UygHZsNPD6miuZJ6rBjkmRg+Hx/fn1W7k2NhKg/kipnpEZoecuTytLlEMVbQ6MLWpmZ7ff/doyfWUtXLJQDfP6eWotpsqZaWhKt4ymGAQ2jY8to4lzeX48SqXA2iWMa4ZrNm0UP3DSquj2BiSOZWj63ZkbbRcw8/mbsHLVSVOjdhnFNjfexXzMC5zfrp0Kxc9ebbZsgy+vViZ63V44OyV/OYxZsEQQMILXbTEKmsjqiqpH/Sj/osU5S9l4cDjKru1tdUD8OMvsheIQeuyurp6c7vDfKY60FUbVUyTVCUSHekAU3Yc2MV80ipcI26+GxiyURiCFhvmQ6R/LdMwXPTo0TtO0dnll6a5z8fNuIoKCg211RoJxGoyHuINcuPbJyETN6aNVlIO5owhT7bCK5VnQyaLm/mgQdTNHbduGMsdtalf1fdBeBX6pmClgKsUOEudT43SdLl1O8oI1lpGJQuMKasUdGdBP7GHkM/wfzgcazXNNPxUPiaLusOPwhLCsW5dtysxH6+0QbE9mifhE4f/ymtVE9+SJM2bKnT8TaamptLdBDrkW4SY9fhSDt06j95ho1QdtIT9+bpKwoj96szyFsgwp3qz1/mysrSEhyH0J+Nx/nXbN8mjbEPt5Q5azCiFOHmizS46RN55pQIBFwLGbMbR9oa337d39VyKW3y+19Y+z29Ht5CEjMCiy+e9my7+G6Me9EYUqku+5xAFRUECoqyMdD8lrZ/XF3e66KZclIL+d08Fm/rKa+/vdc5503Y5X3vAlg7unQwRn36PosJebZOAsz8dZjtPAaiUi52azEc1CtOdKTFBxqUXS0P+xz2rXN5CHRyb9g9qDupb2g4gsOoWzxcRaLhI1vGQ50X04pByPWwSdVKJ47K2Z7N7YsHXx7eBuLTPR5PdSdUDN9UDcUBvsM3LZU9TjzulG6DuDVhwk8YInjLBfwGbpKFor/ODuPl0NwEGIL6nnYOl4aT3jlcXcvpHUPFUHG0RN3bgFXPoi/SY+Kx0452PHRhy39nwoyJnf6DqJ4uz5h9c13hlzM5/9uRz4srsm/fV2+FiHvX3Gzra9NDREA/aAVgGRep1tLFoLrTdwoM0LCVoB56Ry9uUuWPw2nv2+sp/DLaX00LvtJEr2cutR7haMXVfbHyCXHtKfXz1W1oEwmon58If5JqGJPEK2Qjb2Qif0AlDVEHmbN2Yjb4pqt3q877NzqIMy5K8tXH3fFrpfnfnA93NB42gbvcXSQZXJILRwIf/Mizbmqf+M+j5wv++3RTiz/pL46pcR7LcM1M9Hi40MXnjHFlTvRkDc7Gp9cEQOX+cNorPL0okqLK5bbCwXsujUduG1SpaotljwJpthZAya/47ThOeQcUMbYxGFBcOTk621y3IfSApqRoEYkNAAAUFiaKjRz1cNLu5yU9NxcjLL3NwTDPQ+728voTF5dJvdvFzs7Nycrw8vqRxMNgNoM8/EAtm5uZ0vG8vBcFGxRHTE1wwCXYJroO0s9LQy2um8jKPiQkvcQmOCXKOzvFtZb8H8TEtV67gJ5lySUi+nJzwjtM2VCMvLh930OHaJ18XmInUwDfS0tE+3JSWtTq4cy7ixOjxHddUTQEraaqqac+tbQgviOt0CRsbl7ncH050s9iYVx1qXxVgRHvfeZACRlsOc1truUqHLQgtXpQML/dX8hUGGugzEzy/DJp9l9+h1jDUW9NTKk4QsQiesexHzj6mq/XlBnjbOHkZO1n7WTwPvW5U4yNwgQ/Bw2UWocOhMKGSYcMduutlsGGZkTLNrFq+DKJXL8Cx2tqRWoPZvTbRsmY8F8pGo6YMj6R8LLUuBQrqfR0M9LytxABuViVvnt2EksMphaOygVwQ3Hn3CCl5z37iDhHuTlIpvFQdsxilEiV+EthEDlkGTNbkMdl/4BiNLktyzT0xREKJzKKM68uiR8kEO3OIOPI9QJ5VLi4eHtfR2bqguQYz4Gd2PnNkT2IupSgqhri5FW7J6NlsqMbkotwVxRdjymhm1PSIHdtgDS+pFtLO31VqQO2SLeLs7Eyg1Q8NG+h/LKWyTy5PEAC+OUjVpO7hgyvPY2tdPzfkaPiaaO/4dlFQTYu8VL3t9L9vbxmAugB85+QujoFxqGPf+sS05KVGh6Njq9Po8hQEc3J9tLYAOiCAzqp8s5fjy/UCmGn8sNcd49aw2ftnT4tnXbO/l+c/t+Ncp7K1S+93kF4Qbg/R7Ao6nm7sFJ7m0R6tvlaB1dh4L4EQcY7fCj83CMC3xf9U5329dzg73Ov+z+3U1bDh2bjyTBqxHwDWC3w78Nz3dHjRuSzr7e/z3mv3WpfFLPmPk2rykjlLJnffHxqeibHuKr51a//WnhdjsK9n1YT0aZGMabha8FeFiaDGu/rsjPse3SBVzB0Cqgr4GesrJoCYE7KCdnK47uPCoUF1fnOXSLUxnMoQc7xKhDVGuUIEzLlOXgDDbRZCl09CGN1tvLqyuGxAT+MCu5I5YVXLbfL1AMdhgbWqQ4Z9wyhg/YS4ol6e3UPCBqQaU5BxOCJnY9vCIABKzbafzjimzTxn6OTfbGBe41ld514Dsc+BOAVZNNKl4LPhu/574aRXxwgK6d8D5EeCDlDyDcffs2g0TeA5glC5xZ1nf1xsb7vIym7t78estofUR1xd9NxvBJaPlrJrY0gUzZkspMsJmnMCGTRyJmu4tD27pYFzNOo8zaDzBk+98+5ulDyB6kqHyP19V6SY/RR1DA0Nd0TEL6ajpfc1c5U67iQbC0uevlf3+2c+upoObn7Kxlbispa1OsyRrWESoUkRI0aG4JzBCl2uodKhjkq6RHHPgrNiKt5hTVVNpWUlPW1VLY0MTW1VAnhvTALMv9zEIJ0qRnqncs+rgzVqjbd1uiGXDNgifmaigv1PkY0ktlJ1/u5gBV3fklESRQtPWqAz0Pr61Gasc30dpuNFH/lytz8nJWay8KTy/fjkslaG1YhgfCRYq70D6PzzePH5z9/kBC7Eh4dJhZiTO5nYgfk5f6YgViOc1FLLcMNuTq64sG+8felm6V8oaX13LuYiA0KHptbWcksP+2Kn7tc6GrI3KrsCc0NTW9ZKe5ZqUsfWak46RAylUhhni81pa4tpavSMa3wmTdNzlrWQeKIWjRx15N0aN0fwkbq0q1nRkh9fOb8eJqIyfvUD/HLrS0aXrs4b9Kkgz8N9MIwNvP+djE02+MrKCqVMiosqfmQbOE6K6fk9TXbk5qvnp9GD7WwPS1q53JAG6WDpfDmCAtNyPZ9k2UBtinDxQB2zdNx+JOaKgf3WMux1ax1uGeNW3nNk7EhT5sh47gAZM1dxiiSGHJFMNZ9PqGJEicqbLgtZEY8sQ9PUlaarfIPlOOJkCYvLgtmGekN1MolGzdZ+Jh58dDjo7xaI1qLPmsfigC9fHWbEnAwkCH/9YLnSRThFtONoTvjlb2l3ujQi92vOcvb5ezWq/wxLbFx5SNtoO8T6bviGeHpawO4ip+oyp+q8TKe3zddz93p6eDLLv53NVe3m7ZjJ7eersc2DGfivnk9oyvkA17iurAPn2+3blv2t4ktKat1c9kLmgJNA1YwHTg0l3elNp+Llpr8AD6TO3aPF+9b+/Wz+bZXYXcF/g/9lIO1eQTCKMNsPY13w5Qqbl/t94CBmXPHtgf/WEGZGdhz2/fn4fcPTN/1Uaog9lj6ExrBi2gJj1YmxVAkGY4wgi5zj1+aLWoL6sXJ47TxRms1eNI8MTXdwF+s33TP8bjZOzf0ob+6cKLUVNmWUKe6UscSqYPkZeJ2Qx7x0Eeko4+JkY+WUyG/sxdKiobZ4vbk0X7VkfUIJ8LXPKGW7xMzDrUdV3TFtvMYfE/AGfjYrVPWKAUBGPZv7ONXfKCsnizBDj63H5WJcO5YYOdUt86rc5Tlgy3RMkwgBzr4HCANIXMM8ZS86VC88iQIo00rb3f81mXhc/Ofzj/9xOtZ7xecf0TKm3GKTzuzjMxUc1n37+yaW4L8TE5OnN1xUZWVesDzO1+RejRtGifiI8FHKpo1f3TqnLPaqNapXK1HZtDm8gBolqn8lqgXxXL745EAgglX0aUtLsGja6DcIuzH9Yyc1BaiKzHNs3CpqBuaOXtb4ulj2W1ndjo3t3XQYskMNTuudz/wBPx2ltS0tLVcu2xuZb16vJo9np3ZtDVltaxjiljXA0KKlQiNo406dPjBAXQdX/C9FElMJ6uaDcQ5bLnBerzKZMv+M907lvx24Y+FimSULBCKpOqGMpRt7bpx5uj34OctnjJJMj91raBwsLGAsqKXeujQ9NLl35vQMhvBu9eqM0QEfu9Wus5roeru97gz9bjCFxzp5JTVSW6kkLD1K3Fx+Gvm59VsvXvGRB82ZK0lYWDwv90L09aWtPPkKUkeykzfk63Y13U2aMIugoed3gmPzOaAH95KFZigTm2eyYSi/qBQk7ljI2Pdpq3cEp4lc0y23NdlMNNPpEDRe4Y0PQq3tNKzncCZp12XculUviTRawLWK/jnoWXV1HGp8LPiskPPZl8Vd4SBIFSwUpSnY/4h6JQNrzAM9bxwcWSBnDZEDXv8QF7hTbRerJHg1+epbH6CQH/2YwZKNTnw0IcaQUQdAZ4GYQ9lZPukWLWfJnEID8jDlh/akIwvn5ucprI4b6KyQQihMY+wsaE7Q8z6pQn8XQ0x5KdGCstzDK6DH2TNSEx5FQIiiKjuElxmjyQwySxepwfD/RlpWC6yfNHcryPghrqzdj79gGh2lBk3CEz026ADIn+VQVwv12axOicH/jE4kh0/1yF0Bn3Q2rfirh0DI4Yyo9pyo9qJEp7PNF+D1Nqia598T/AZ0u59eakHhulfUdI9NbUXerLLv1V97HXjKww61+Iynq2YzzrliSiuqRveIebK2seE+DC6zJEZW3DTMhepOy+Qug5kRvHQa6/K/NhZ0FbgtMzyrLZ02VAg1EOTW/1D86zy+3U0P4Lj34XtgkJ4ka2WLJY1cezaj9Gijlqdcwa1zpC0QYuv6Mt8Xpw5oNiih0AVPqMCvwuunqmDvNA3W/IZcrVLduMuYrnKMvg6JKXA6II6pCxfVNzBPWywcsxNMGlUFqllrtSeiqQKtooSPOSsa+Q7LtfVRHbE7QoojxlrQPp03k7zfDcLorGoX41Wz3SVTP0ce5Hjui8XYt/SxatTkVLLGpiHMqw+pccDUj+LNm+V4NvQJzO7nWiNMux1MPKSACGryTiqJLqvGEVZyugj+T5t9NepPCVLV8q995cpWC9ki6HHguOgJJES5yUlQbo4uDiHx6ZF9BGUXLZGmjWOn/mkDAvJw2qemNevlFQKdRv1qNjoAQzUGxkX+8qFj091Dl54uQ00NkgV48+3QSlRTUVtU9fKxmCsTp7dHaXHhBC4YX4f3ku/18LBbkrA7aLaqS8yt72jF5Xt2uPiuvl11dbP6NNEGwUnldNT66Xih+dPmUKaZnTofXiNG6serkZ8dOydNf36xtcjKtagbmys8Vd1T6O4rwSTIXoNKOruswWEzJs7geQFUzARrNeOmWq5/nr7kL2diYjk9ALS/jY1trK3tZkbOFeT2TKUylk121nk8vCyPE4qSB2RnC7HufA2pUlBkT+Xn93R2Nbe09ZCpXohGQfno9ZlyeN255D/hxItZM77vnTQfjlXO/RDJIGUhD/5cYsu6QSYsjxY8HX9spMYQsm+Fi0djRmn1OZCu1syajcWOss8nJaEjB9mK1fwE8evb+hYN6/xxtA0eWusJuwW/QzNOtkInyB7TgReRJ0vDrpA6CIPTsp+TJlMmdJV0A2Zvd/Erun14G9/ZKpPsZP7gqXhFY14Q9hczDzjKPZys723fRy12orWQpywKmrTQCtB280SCtTDIBr7hCmsTywFKVg6g1kiEo1XU4nfcJDqZufk3NrKIR61q7Kqqyx0B2V45Rtuu/5RZ15Zf0FRj9foyiQzDmeMYJ1bQpXh5JnetYCNr2fqVtba1uVw8mzh6puiQx0OP27gQTp4rK/5sA26VtpLiSqlLi3/UuEjwl9J/vuXkL9iH31Y0IZkfCNdaOnv61rgvfAUWplMGOvolI6rI9OoRYlVlMaUK5vkKCL409Tg3dTg3NWRZ3+3eP7839uIJvb8O9D4XpUxCmkF7JdUQrixvJs0Wg16D95/Xe1Iv+SFzPD/shCqcVWVQgHXKctr0bm4eXk7Pb+NQXg/7AwdQXi/7H6a+bMJ7+HKwBdm/3V/w+mk3qTVOQK/F0cMN8MvvyQuMcvm2fHfpjnYoJWQfOdcBXRKZbxZd3F+1MT6GTjm+k9WsCCuoYabeuT/UtoZX0uwokbTdRKqQZPmwSZTTw+HIv/P1dpGT6RaJ/U+ifeodfkjDa7GyElCdXtoUQ5LWMwRnXLkqm/k4WQAYv9c8yNBx/YucrA71M/Y3ajbnyQo5YHj5euTk+WBoAK2zAy7TkvaI/EKmxUm1aMlaghPE6KuggTkekD1W/WS4EmmP47meZ0Cr27OrjxN0kmGLJNcyaMHjJImftFcd8sWgDzjY5/1fge6/wC8wM//jpMu3RtiZbHjsaLwcA2acanFx9fn5VixsYn6v29eLbknnm+WXsI7Gm/7ACI7MdqMZvL862Qrdg4WseIAo9WOXU75PRfMOGPTwAEUnnqHdlvScpfuAzcvNLgUMzM6iq/bOB5s1HvhKa51nmLO3me19OVfnLI+ijgLzt6XuU67LFteHsN3VHa37lSMXbhw6Buqnwz5Q2YO9gF56FW14slknHp2pCVJK/a5I3HItTU24y8Py4I2PQi8g+a/2GYyGwsKihkIc0rpHTmy+XZUKCuqtgx9TsTQI55x8pU3vgByA/gfLY3dry19PX88Ire11Q8jc3N5X3tFU/uDPjJS3atjASbvnzc7Y4RtXbdoln++97fFko2YtkaCvH/gtyXJ6k7EXhEeEA+boOJ1XTTINsuaYvEGMHS1ObLq9tclYnrOOko0cYOGPXP9K2ew3JTRxXIdQUg1nJQFHLpNet4DUjYHKSiLKY5IyiyxmHIRD+lnZMIl2nhXzGPd2EehkBUMhrTofrC2FlM9g0Q2yb16X4yzaZj0G8WzKsMHgmiT+Xoq6a0QaYoCzl4RjoRLx2l5YeiLjgWPzj0AmlXssJBETU+IJGP8w6F8DI/ZcsKbMTCemuWZY0sN/q+EUiDCfB9FcWQ0yWY79UmUyCMQxa9Nl3DjJ82N1fxgaOQt6Wkdgu9kbIEcnL7pRZSPP6XanKvWWAebsbglmen1SlruQlyzC2Us2UYi2ZqDu5udwPn3ePTrycNhScvRUp88ljDMHW4DvXO8j38d0bPC+lJB0UgJpgGNfJTzT2UfhFCmJJA6I0jsIhD5arC/gVyz66wEUjxCtTxVtcWOVf+/t8e386vFwL9evN1gUv7e5+z7tk3rYsg8tzWRYQ0Tc5VBtm2q5nYm4AZ3UISdGFbSIZpU67Ovn4ub2dvV4tvc2+3Qx2wlKQvEu839EUfjVw3f4hP0y+On2YnX4LugmJufmwyz6870bauTZiSMJo1AES9tFKwUb8QWik4a6zsupOWx4t786vjtrF85JnECqNhEad6cHmd64mTtm0H18IIetrcQS/G+pkZkZuZub12M+reNTQCd00pxQ1UocCYU52sw9QLvGVCVO5NAtXsgw/R/Cwzph1d1mb8xkTaCLtVbUPw+4xw1tJe0rizomp9TNTRhHawgck6sbSiWOXWtLuiMP2Aggz1ehjPbaiRnd0tPabzDA4B28Aakcv3INnBo2hRbuWvdQ+wfw5tGE/tmHY22gPOv99f85o+u9hPq3fVy/3oVfgxxQR9RZEyfN/iXOdQgdmtsrKzPtN3266v7+fYOUtdpv5WVkQVh/cWpjBPyi2G5u0wucLK3XUuPsXDtA7RIOYrLGpIcvyVXGx6SMG8S9jp1Q4PfvVNPTJZ6iydbp0l3eVNXYmlsS3I07QJQ3cPhxeSfRcJLJC8a6jHC9ixtqQBCdrRoKbTH7zrIw/7A/VX2VG5v73DCm5y8vnF/AvrGuMzOvoaSKiRQacvaPpo2mNtlWlmai1L74LWX1Zv7xhfXp+Y/FeqdrHRhXhqDuRGFIWq0c2h/JsW5udDLtLEQuIT1jktMDCFXKUztlAN0Igrr6PvtC6oJmimJcbCuXawdh3/pDbo0tMdNljm1uNoOdQ/XZhe0ZUZc+SEdnza+zCcDDbsWpYw9KJyY+1qSVzopZLj+gJut2O5c5bG7KLNwNNPojpqQgc/FLOgt6HiIwkBmhY7ZyUDFKicM19o1U3kQqaa2k7Y0u481mIVEYbplkcTljrEnO06uDjy0psXgnQ1Mdwx6LHStoymSJ90wja/GIGd8HK8mwtrXRiTw4UtE8hJlOJt14AtoU6ztHkJteNlQOz6W2RKjxfQMcWVz+WVo/HObAKvQoBY14oNkeNPrAMbcCOF4OWRi8bcs59J2FJ0CFJTkiv+lRzS8YebsKnZQBTW3k121G3VdKEPuWshLv3Az/wgLb2qzgxqIgCzsrB2sLMxvXoiCfILMepsLzD/H4bb3jH3ClkAwPziJ41ch0nWVD9ffr2aS0LcjP06WczgeiyQkmRvrNdtebzY2Ju6xl7L2en4rOYcqmwfM7a9cnG0pycSxY6Wh5w0xFG9+OlctPZcf7/bbuTw7veli4KkcL76R10ClXmYt6+D55QV5K4qiI34M+3a7d75j7u+LdPm8RoELmwZdETA6EVReEvWsbmN71HXeQ8ZSB7pu+Jb8ApYyvJUnKGSxDEiyUgfQR4h94owLn3cdNtaJMtSBPu8cKOhD6P3tTCV3mQR6jIOfPT9dmR+dJD0DvsrTPR3l5UISmwd+r356+zih3Oz4Mrj90EsvuYbqNkfjFEh/4UO+JWvGKpD6St5Yd9nS/UOPGui1ybeWme7DyNzLPYLuky14neRlUqDQ2BZosIJapj3HApyjIz+HUpup6lsgCf9KWm7SCgLuITXqvKDOFyp1Imb/EU87n1cFa+PC2i9o++i0tPDVHNBwoGty8N4igL6Uter6SFc0lfzZ0qhyYFt01j18qkXw5+oU4BPXKiB1Y45a0YYDRkJLUjKGfFQjuaO//+NV//o8i/12LhSP0bw//Kv5F6RHPnzPKRlOmllYYrcvWm8ka//DLhr3ujnC3QU/4raUWpbChXjfwhZRR/daa6+c6rargKxw+g+518rYNnjDdvb8/uoWTZPLV/hnQXcDKY0jM0vLxcLCyafT3aWhp3rvg2kKSk3tAVFRg2qgut+txfc8KSFjt2h27CKj3jsvb9L91cbIvaGqg7M0383KysDX6cbx681SfcJ298lP3XM1Q9aPUgYwO5cCuIpbaGtbUnIMRJrimplSLg8cx4DWCbIPplZGo6eRAZ+sJHR0AQ5W8jU+1NEGkEoirEYw4IyPYF4LbjA+GljLAGHva6UuK7NJLUtBOx66mnbYpZwDSM2QSEJ7+uLj2LHIn5vNu7ngxcXWwAh+dT21mVZ+n5EAOYrpbgbzjdFmiQaZ4KV7G9m5mdZJle2gRQsz7s1+to4UcEa1qMQ1tlXJIWaSMeYNf4JYykQHG/bTCtqwT3wOegLjPNmj4wSvm6U+ZC6RFE8dtFEkLZX0iMP2yxodjHCdjmLT8SLKdlWTMjfnNOC4aUX3HdatVFkBhMGepwq8WpSaSABdclSsAA+sCPaboH5sToR9fDxONcuU2sgJeioslJZ7NF8QrpF2+Ff4RaViYnfooaFNbxCIyONTQK+rgsik/iQhomUFUlS426D3SdESyYtj+f7gJizENrngTC59dKh6RdIxE8iJ44ZqJTFyYyberAjS4PYISVE9opkqVqBgU6IZWSMmkfi7ZKH2zeFUhi26o+FxpZV4zqI4rnTroPOYcSXszfrPrefDlADME07xdPAazWWNzRXvLfla72Krhun8umIs+vwnJUp8Z/fcBFu5hPJ11VFQh0eXm2ElMDypX5YhFCF/IN8sUllgUmqfwzZargXWUMmJFBcEqe0J6B8IukEKKDvNHeduVovlXmdBlvQgqvs73doBlHZbcDavtmezO3+ta7kx8Xw7GlqKWbSRfLim9KKuqNkf/+in8VIGnAtbN24prLB33jY4evxTNo3TClul2VrAVc91PLz98QEDwrWoh2RP8V8/2ZhvEdH8ze3PAv3sTXn2W27W5Ymgg+C8Vr0j89nCuCes5VdW2lFLNDnYSyY6nwmUsVXrZ11v4selbf2314mxeNTau1ag29Z3iu7RdttrTz3ZDiuShRPUQikAZjpmlt5OdgfPLXP6sXuWELJCKqhUbPB7H8IiVBAUYujpdpWxQWqSv3hpQ3a+MBH/AfUYUIxGr8n3qSI2vViVRinK6QJvUxjO3tWZmWemocrLZRfPLM1B08il1ycdbNLa94o+24e4P6gbOlMx1Ojt9jvsLPBvFlIpGOZzK1rgFAOwYIYTi/mmpCi+vX/IN+dUE9j8TAYYMzL9g/k0K5G0T+0T9Mo5XY2dMY4OLPIV29lUFzxzpyftKOutebs88Pu6LuSt6GxvPnS9lTWSDKp14PWt1/3Z45kli/z3uFgiaH+zUC5ytysfAGR73vVKStltMSmPKZert9nx/O39BsQd1+p9uDnSi9Hg+7r/Axvm3+V4e7zlshnPl8vk+Ha1b1m51+b7erl8a8uVlZHg9na1LtmLlhYN6WJbWOQWXeNdA3CsG/Jvrbcyz5EvzKqtKucvzevMgNf1EfAaaUWsrICPDKPHZudfd2UvDxj8Mo9ZKMkHb/wR6YpwsSHEh3e/SCtK0SefkKqkdYPq+/1UWprdWo0NwRksxD2lOMV9Ux/T1/RyDVL0Z9dFrlo6nZuPoeMHAl8vNCyKmSwImuzOGWrtefQNiHBwVIIY7FphKAiYGxs5KW9hTvZ7pjAKgU2HSaWND208qwDZPHdT13U4mrc2snB/dSWqbabXYhLUTsV44XAB9SZZFPlMuCxm3pM0j6JnJMKkX0s0q2l9ieSI1VzirA91nwcFLwJk0arR0gxxkNP8jGnpQ1pj0c4OUUieGu8W3KbmJFOmOkmBdEf3oXFwmMU+loRiW3cW4+k/JSKS2OMb/d2roO9m08Ipt+mjgUXE0Wu0qXIqYyrxlLzSyiFZgapj0Wki+QaILaptyIq5y5Tlc6duJzVVKFmtJ/6Kc6An1DzWfA4nwtgmSASTWBegkC7jWvmBCsuxvNIcBNCxXFE9Ga3HFBnEoCd4kQ6SmtiprtKZ3aDLxs15q9hYeCiLwTaVlFcDKJh6uzvzuApCNE7NVHTIZYdNauBLe191l/LGk0XKQW0sD6/LaDsUKc5+4Ek+wCqnOQRowKND8PKzkAZynsOVrsM5vAJKl2FxZ4d/YAGz0/HAGP4LtznP17g/u7zcrVg7Oka6k3RRSOZE1HhTSWpANqy99e5uerg+ew5KILV8sCaI3I2wgTVMxzgIaB6VtJ2JTT7Orx6uS9d0DjaCgeUjRwwsV8X3s1iWR3+PgH0HIoFvcJqRrvPl2yfjkEXwX9ECHT1WbhixAAJmGHQcDlsy07McTs24ApokqgzSMZJqw3PL9Z9w+7VeGD+/NDEBA9HrDV5tPJvS/nmylcIdTBDLn++uESdNM/0pZvsw/Pe1ErhUbMSINPp/oXpNrezXHLuNplYRq/FiQQKg+xNQRnsnS1rHfRdKRsd9hpyxJLeVuHKjmWr+1iFJgIoH7frRwQPHUrB4i7yo+2fxkd9c+AMJsLgkovTYSreht55nTwrWuQWxS+7JeKWJCmFIwNaYkqV1e/X1GH8tuFGFBIqe6vW8tfl5UdBub9z+d/Kt1wCf2f7t/h34/gsoU22cv3f6RIiOOVjV69uMcJzuzGzTLP7c2u7XIz8zNPrc+r6yRCnbFddWZA89KDqSKTRDd4me7paQvM0D7UKbJMmsvWOfuxeiETe8hfsnyfjnh5b2WiYSXQbiJhG+8QXAa1KVYFC9x/TLIcRfTvaPlp2y1+DrJG5fnp6utqayjrqerycIzs6ijOaujuglSmddKENzcYl3RXl7WWDUwXNgy4JhbnDHQVUnArx1T1Dj4vidgSbZbBaShZholvDh927lq/TJbjFfmme1Eq+bYWEKGEYEggV0RXkGvHDLJxGWjVEqdC7mdClpLnGub3tJSXZ1T2pqd25hb4AMAQBsLRDGHAn6vu4tZOa10YdMGdt1avFprvLq8fIZrK95PbufH7tO6uroc1gfdulxhzx0AAGYETKRslAngq8ZkX3hxWU3Hn8v63fKvAbY41iGksIHpbKwMGYlMGaxsg9GJct1ilSkjTd8KE0Qy5TJIAp4QMyjlS9PINlLkGBlESaSyJExnbziBs8cNOnYSSfnNUcTW7F6JCzL545+aRAMB88zueCcKAyDcdDAT2w8uMR4WnYmQuX+lDuS+lYoyE6bMsuDm6PANyCFPmEVxkah0WfSZcVIqmrhgmMq4hE5pach+z5w5kYufEFbmkQ4NM2aAmzCUbxSOB4hay42zl45HZ8RrR+qYmaR7NMuwyJ602Wwg7yDj7vz6SSXW8W3ui+oHZlg+ZSPtXFNPDTKLQyeEkXhCmZCXr9EUyB+3kSY1xNNyiK2mDCXUFAzit4bBSNQq6k1fD6szlwzsIyvYFGPIwN0dy2NGmPVbeD+4mdeULIoqCQdG7NjiFPQnX49DPb/eDvRddcZA5u+C1HZjqiHz59173SDV+vNzf2L+98Xdp+uh6fUN3lU+j9YO5wbPZB2iXpCAZ3PH+/3kPfHUu12L+5jwV0a1PSpPrsq/qvAoNLWx5r28fv5ub9Jnf498HrbVfCjCqIhRYgWLa8qIURQE3tVfhvPeNmGeZb2HL5nWAX69jo/2p4/zJ4fHpyVBD5LvLe/39OMEKDOHUIWxxpULylvUB1QH9pEICIfVYFn/jTclYuAtyRpO1XhqZQOFHn0SvFBylsVC+J9yEw56gblVgc21TJsGXaN+GcfdLWddV18+HAttBfIj0sgElaZoi28SCnXw0IOYTiXCA/jJeGowIaarFM3yEmGKlo6YyRq8XcaBGukT90IkGHCP/Z/cyT6kbqQ3gc/IAKwvT23Wg3eI0m+cr5l/TD7JkpmNR3A7i0wFT2futVJtLMVrS3VUSXcuyiX9n1X9ti70d0pjmuQkVdqUyFLuzoF1XmbPvcOiitV10SK2IFFTctOibn7CwcFVojLh7Qql39k5t/uWL+SfokBVTTj7RGGMGHVtejBBytU7KRJZo8cPa689pbmbHbFTkUOZlaGZDZmVXYmJVa+7Z4ENG4WR2f3XRuyKDo7a2bmFkZGZpTzAYWsnPDsiVWljsn02ya7D7GAq1AZ2DUtNrLAo5+6DkL5EPkNz42I+wWR8V/Ow7CdUQ42ZnRYbWYSikpCIvqmWsCguU6La0PwqmZIUc3IY34RldDXgOTT6NjR2X9a3EngT+F2ADdOW38PRaOPwlm11dQ1TbRVjt6/Hex/XFl91TSVKSEMP5P5uPSWoO2j6tPPSsIqwiqDHUNDrwc3Z39wXHIbt0NHhdcY5/jpxex6Cn4Jpzs+vDwn6DAqCLMbcYaofNA4EKWdlSJLwR6bDbUzNYCGyDYR/EWZiIw3/JH4LR09JUocs7om4hypGkzBSW1JvaJhiKK2qJ2tZo5dUVnZqNVYzr3OrAxS/dNI9R05SVlq/tY6SoFBq04A5ZjW3oDFJKmT8ejH6hy+jTTPwwwBgoxVtUB+IScHKRGpiB3qj0kKhC4eHj4SHQ8eJiqEVOCnp0OOTNhixfkoyDscQJIVSNqdcd3EduCtNdXL4DSWsEKluXoxPukAddHusAkRsMYsclcON1yZrlPp2RQTEwKzdjaqXNoYN5iVZoBgAfTsMhUOJ9jZS6Xr+1h+XSJocuS0HLU8oSRiI0xsdiWqN8iedjSUouE5FhkEEwDE0m9sH+0CkGD2tl9dG5AZ95KKVG2BtpEIziMH6hw5nHC2iDfTm53rupVsWZ1IYTSZNQ0ZNWJpMqoDOssZlwJiX07XFz63/rzwOP6ouCKC9JbC6IrC2ybe6xqO9xWPQKdV147C+AoDMKbpf5FTbEtcSdxluAvTXePzqu14OFw/jLN95trj2TBANRLALPQULEOutBUvK5fdzCXOJc/x4+J7avH/2dLvTGjBNO2zyPnusTtWvgHtvHR/25/03BsHvC/eznTEDjZNFN4uTScuy3pdxb12tLtns4q/Jm3RJkt88lSJhUTcUWRkjkU9ubaZzu3lX6MZHWZOSw4oHBeH7w3UpnUniEwJxHzMjB9QIWOYWZ7W0zILh0KN5myt/zeMgtcnIOt9hgXp97pg0t6O3pGr0Br8bCmv2JhqMirGZSYUa1C7cZMtl4o4zVlkdg5sUJMxtTrNH6GyFmJt17FzXRC2Sxq3rvvAHvJqp1CqfqDnF6NRsq8t8NAtcD6Cw3ZwVIp8DGqJGkUTes7kJ87VEksIwUE4iB1S4fCPzN4rwP1ng1/z2gpz/vv5+t/X/rtvlv7dCzt+L//kXGXq9RXcu+eP7SzCQUbnl5tml6+wVf/40c7u6T8py78kw7BL031ua2LDVtLSxt18Ac3rqiXD/mJRpu2l4vaoDgec6z7uGC254kITz9JnK/y9Kzioozq5d0yG4BHd3d3eCBneH4O7ukuDBHYK7u1tDcHcL1rjTuEszfP8/e6b23rMP5qirVlfX6pP3Wtd9P6tbgz501OQeKkjnSdIzRxDwfva0mzbd4/32Ohp12Nrj7bILDH56QcE5F2p3fh8FfdsUet7e73sLb/R0ZBbu4vC8GHp9IzB1DYaEZAJN7r9t3KntEgG+pzSqgcTfuDaIiv2zzbEGfwbZfbPu7uHkUU7FqWGarKidqK4cOTktO7FizMU/BwjwnHL8Tma1S2zURcJmHZE37mJUQylUlDWWxGJu7x2AX0k4O4zL7fG7N3kDrW6fA6ee75dODrbBs2Nrd4k7kcqs4KPtxjSW5eWlWAPAhn9zQF2XZ0OXa1eXe12z721/FM8X9xj6UJer59f7g6XnkyFw7+zYycHJwdTqPRDYC76uJCFXrPwcesdpbIaHIUdHhU78s4m1KtR8RyNmRB2uqqMtMlfKokQtEQmaEkNNpniHxqqI/eTBcF6rdozqGCbWA78JG7BqMsv7nTp83gozeSdc04BOuOcxpEveJiGfG+8gucRFzjkuug2XMMlgrxTidv9ZZyIcNQ3yKD4aTm4WV56SjT/TqBGe/1cCfHKEsTqucReqtUJ4cFMBV4KAtsr3bZQ166XaRXjUAtk0q3kqMRizxD8H8hKvHRa/GLl+pIqVQ9xKeuCRH/xQro+64/CoD1Dcl4RjiX5GpQxBN46OzjP7Z2hwnJYgnH79Z6eyuArOuhDLBrfRqQLcMvXUTtAvvqvWr0bWqQWfgJ+O7ZQ6jKeI0Ontby2Y49YhXOO4fnSEXKefqpopycACO2OsiNPa1rJZBRB4a/p4Yhv8s57JDJoa/Dta3LvavTvanxBPD1lcD3Nrc3vW2ztcrz1unOzfN+aWrk5j+nEcWwx71h/drkszxW8gptBNop1D2fqunalIEiozXa6n44BEuf7CHV5f1nxLBcJxII+CH0z0wg2fH4vH8W43W/xvRc8sUbx7vC8V7cwvjEBbVt5vWx9GeLMrQsKYu6ddSNZOJlbWiKeRaIbBibGtLTIeogZ5dDE1/SAn5xqDMFZsBomElSfDE8tPOzGATo+vWYcrl28qtNHcDh0EdVfeZBFLNx5H4HbdV1AVucpOBy1j/chwZINP9pK9d7ppDiYmN9ea75k7TcEuDPszq63pLP7SNplk6nrY7DkZZrqPXi7b3wkNlEwS/Ekv38VEHOFKGTW+NSFfDmVaxAlbL3tFr5DNNCntxE4kKR1bjBktW7r02yvboP9UQwrDsf7kT63Pf4XAf7qb8++i8P2VBxMMhMRilMJgRTInhwvKT17GISbu7HY6veqrDldrRExSc91NwsgmYoKG/uU1kJ1yuUfZ5a0D7qtSNtb82nUw+GYcN+iwU0j2sP9J15Hz70Z3Vt/c8LShyCt4sJ+k++UehDKdahjYefu8tuzY7dt53T92gGKrNw2sYQSdCfk33pqY7oPOn2+a05Q2hX1bXu21lL5rfdtfkDgE6fVT9N/xHHSWUmfQDGdmELiKQVSL/qimnrPf90NWmKm+EVjUQZPT6e6hHd+c1+fgETyascaKZ+RCHjJDGMXiSi4RL9LMcG6ITAcC9eY1NZR1srT450SWZpc2VoDzK0AqA9+OZ99O2IGCbQnO5C42z9Pt4Isc/4fn43kelNwe79sdUBLO+GbA+8Esz7Qj43p5RdmidSi4pruz9WKj8+Zyu9DxAuj7+rh2cSHydH6wAduYhOGRlJc6D4NlOVfmh52kxvI4MRQ/id2kJ47sO2ON2EYkGkdx5P5r33LQtXC7z0u9ihRzAgXGzyen654r21kB2TJ9IXq8qhlXAztqbHtOD9Sloqz7BT9TkaquCCbUjdUsDI0hpIh6BH2EOpRleNgD1500PR2RYmDdil5ENhIaTRBqVxQuqsAsqyiRMynvN67Mr1AZfnk6saYxeiokdMqxTNngbfRAyrVt+ksYf91sqcTVr6ccKv4dE+k/V828Ts4s4d1W9rU8ZdHSkLA69UWivI3XfZ3vG1F6xWixh+pxE57n4IMid932dr5afaPeC4Hn6dVmmxNjk8Uz06CHFeCvnZ6Ki45WQIp7sXfAGrv0ov+ZzDDgmIQTaVLfNv8U4O9fUt0vWa+iiEGxLxoBh64fvzg0MQXisb2YFr4g6v5HAVaE9IBCGLWVa4ena5YEeocEepaZnRdLD6r2Zz3va9wown7Hpb4em0yO2VUXgdpAYb1VaYW9za7V1/7RXMf76Sc+tXjsxCzhsTKMLO4x2ozEdhJFkZzu95vRThEQSeCq0Gud561KV73rq/fD3vC4h2LgOt9Tv1I2uM3/+glnTfD58YYbWUT/dv7TM2gVXFlc/cEBEBOJxYoYRDvZkM11coadZk7hFrqNpHTvUHTf0MO0SJcICwMDR8WCA9ZFSuVr9JxCnaLsuXI5E36z4hQbK/vsynK6WpXcN3/G2qCtiqDX54rrvqCusJKhuTF66On38YueDhiyY9Rk6oTIHh7UckY85G9CBrwYcwSAnxLlK3gPIZEuiPgauiiR8Mhac6ReqNJXd47mvH18kwaE5ObHM821HPPz9dFIqvLkZGzJxdLIkiNNTUjVUsWLtG74itOuUtn6M/FSRLsttr3/PzCArtYfVMGlDzbGlZSuZRHk5Hf13+6duFvb8O+vtv/+XWjjAwYpKaHQ7QlBXco6Kg1NrCoG8WWMYxVM45X0U1Oxj+vYZFstBF7Nf07lLSonz39ZYhkY+v3lY13iE1wQ4OPnFeJi5eDi5ODhD3TdGQLVE7RaOIp4Xb5FjQ5mLpOs63m5Wd6DY34NHhOgHKytMqzpRg1/yzisfbj3SFGK5fmCsoCMsiTx2qWZLWPas19WqyHPXxt/nSURG6hA0aPGcfw5PGV/KGxVz163GV/yjrNYjCrrtgI7CVdmQX5eKoj++tum4Ct40bP2wzYe7zMvHDd9nB6W+j+SrOOmPCj98BDbkXkdj+B3VUUZ0whDbGhjULcVYwaR7IGv6Yc19H3ltPb0wrhaXz0Ja0gciz2YyqkBn9f8nKoBx8b+7O79VQOeTb3P2d7ePr9Pze92uFpVNeRYWONiE2Sd2+QQYMuwcbHzsbHzsfCz8DCxcGBfvH2cMbr4a7R59PXCyFdPSU08gDKk1DDf7NiFc77MmBC7erGoRXfRg8axxcaNf8puRterWVGxQiXkI4FEZ6AOwOxy4zZTpEMODmbhbpNKsx0qQVqNxaALJ3evf31REYyIR8uKVJYPMR7s48TKO/o0yK88Nl5mz1sZDheXOH31WNlwszpWWeF6jfjZmKK3jJ0UgDlvkHTModKI2Sw7GwVyt/lpn1SAc2P7kegsd0ze5PWz3uR90Ppg1YRD4Mit4MQpcLEH4evhUnVNYY0myH6qRdknY5IO/Nimh/O4fPUyfO97jbm6Gk0AGzM4FrGTUUMWzBVVIWmQpscsY0mQG3e+uXl7F+XPQuUTZ8HnJyuFPbEtKVX2w6wNjS/eJMX5hpMAHYhZ7Il6VvjR9FYFvTudG1xW7o/TND2nwC3NG671LCQ1jrlMtSTVoC6M3L271d7x5bVaw6pAYfCVz0Nb5oK3invIHBSbd/LBZygdjNhsEoAA/0v/9nGcAOwFj+d0y8OmPVHAuuBjnf+tjN3pY0HhtOGzL+QRy9ttfBR3HLCWhNiRsBi5OKC5yd3jdji7+K1s5aLEW6SXyso7mtyUEU+jLgAag+uIuzsQfP7oby3a/nNxRadX5tpB3z6cj6GCFd1FqBITlw+2EINoQ2El9BWrHLoEiTcTJ3IRUwuTElHfI1cEVYESgTcF7FkOYk8M0ECwLOAGzmmsqWarIRmm0C1QhwJ/sgsWc7IjFEKlnt6ev/atShRIb4HmkJBSE2Gq4RPyTBLdcH/yQmG/k1XSqpbO858t/Zg1Smqk71w05tJzs0mRVYzqKbwVtEXnjZv/FLD4/xwZBv/HX4v864LA42FP/uUDcdkhn2jl1h6mqBFr9CoREPjz6rhdYBnn/O42rqnJw8PDs7mVKzXtEHsvNBKB/COeR/adRfYVaWsYa5qLNpDixT5lK0aJztDe8featejan1etJ/5+8t13Z7oDZd9lE+00l1QX1jR31tvWlbvW1QAcnUzAwHkSH6mhTB8fgk5+gbAXPZ/OjvCOVT2G0wpX/kw5WB/bE4YkkMJT8RO4qoxubwlmvaIu/EFAHZkC1Fjer5g9XOQEF/39m4Db2GpBV0IscqliaaFOo2p5mpoPDEddW05fDKdp0X5xQlZMWiXKhT8HV7PTwznPw/nH6X0cFY7S/XYw2kgT1+P7POkZRyyIXdu86I6vOInugp7vVf1TxcacspBjRZ6bpnRmzwxnXbft4bF3XoCHhHFqs93zIXOtlWSz7coo4Go7Ri/OEegtKCwccHg/6evpyMI8EYd028rD497c3MLF5dHS0tTa3NTc3NTSyulZZNNRVVxfUNFVn19TCGiuLDbP6ywsII0LK8akzFf+pTj4l4k/U8GJF6p0zajlUveL5dYiTLXsuCoClIooKkohPy4bRQi0gvmgNIHiCvyq7NzOYlgCcrIbeTIi2QYcSLIsCk5kCOpyYWdFqVE48kq5KKrgOxKFcFxKPAGbrhI7cTbZ8Z3W3r7nEg8mTWOkCbzQ4BiHOT/cstkfqQhWWecopMYR5SgoLjm0SszGUVYBCV6jPviEqajT/WX3wh2cYn9aUOjsp+giixlatH9GDyghfMURj6MeIazibZowBE6qMVvYKSWdzRqvL4SE+Menx1ynt4RiTqyK5rJ8uCkUZZLjh5J9ZOFvXt7mZd2zcMbEiV/Q5FHJxIv6hm2C/pkT7D/QkMTFibDYEwJWeAMA3vT3Frtu1h/UALl5v2l3vYMOrtJSWxWZX1xeXAje9qcWJ+dbbb99CITjUiyw6uz90uVmEcU2F0Vk2j26Ay4GR01K2hzXnCJ5PQ5jMf/ouHeld/TwbVdJz/cwzfXkDuC5c1dKkYUiHFlNAvZ9v7x9uqY9erB9oSEIt3TkQTFkBmURv1ufgowH0N3YuwhMxSgJ/tSR/oLVnptEFTUA3N8+HW6gaIzic9i4GVHjMLaZ6dpSW6Y669KVx/fxZ80UHJnZyvkLVgB8BoPy8OnwWNs2+LUGsPadFCzwU3O/62jMjs36yODTdUZeJStj0lVNVzNeUjaFzJFESNy4xDDTFC6iuvBJoPo0Uv3OTJO2WDtTzLBwJsTxIvo8Lv25XznS7C55brQsm/CCbbVQMbBlBU/j6AwhW8O+LsEFS2q8GaZx1gEnd3jH5Yfh3X+Vgf901e/fw0LwkyPtKwD22maIlrYZP9aY9jcSd8YZ6HvwrlqUJ4lgdsZ3XLxsQnw8B+ua8ckvNLvnO31WHutayUTMozHYFqEIOz/7JOpYGcgPGvChY1S33LsUHVlXXRDHcC6EaxysbI/P7M+Pyh2Py6ztHK2O7U/xHS6IrUGE+ITZnd4Pa7HA7Rrw9n0OOLWmpiIsLGehd9TdHUuHiSv0LXsxJoWPieuJLE2xX1qentFonvLNojRnf6YSn36+Jn9Q4DtMaGipgmwLI41tXvGkbcujfGqRCOpDWxB3ktpMROAeG26QpqW96P5q1OI3lNxYpe89woG2Hg5XSyDYRldEHpwLYFu918XUW/mv0WEUEo3klEL2CDJpCfpd7adm+VHHGn02XfsridTJA1p6xszfHcJ/eXx8r8BHM3u3C32vdwLLtZu/07v5BD38ncw6amsd/ezMnPIupkCZntg4q5mZPgICQ+HhYc8+sM++L88+Axf1jbWVgFa1qurSwurSypL87vbiagAAUFzeXtkI4BVBSTE3iYf6RolPZcqG6JE5u8/dKYTdKKlMx2dQic1pQ6XQyNo3ZkQVUkGqzSTZxK4dHW60MUipG17wOUhHeS4y3iO9haIIUpEpn4V8AxdEjYszyE/H3ZxaIh2F29+WbBOVNb/TlkoJ4gdaNkq85vRlmY2cjiHDakDFlhaXG0tQBCtAFYezYURnmqWrREb+4plAdZBT+D06ztyThVg8uI6722tFIgvDSh6RVF7MnvM8k+JjXB6ubSSGgqYLx8EuiyVlLd3S0NZUVVXQVVBRU5KqVYZJWy4hwy5OHrDLCUXAmZElTbvnklVT+3Gm6MLx5yl/w9MISfy2v5onhjOntxygDXZ6Pr69RSlfuQK+NAPiKl9IBk+fz4cns+M+ogELile3/GtWj43p+1sa88XKun9rh3dD/QNZc6SBiM+bh+/T/gGJErhthuO42B1CNcmoWUUWz7IdVXJZEuNCSTjrIxtcPZE8xAZ4XN6k5d9cxZno0YicWjIc9nwXfOfM7LZ62wL8vZ66OgEeZ9714zh6KMa+NwF8CJuH17Nmv5X3VZF/3QpAeJhry5YQwh9cG/7Y6qaG2cB6+JZ5/UjqVlHaNtEFJoJjB4EbQzMpOYz8OeP0BtLh5MQxmrJGbJ/Ns6GladA0qmzPQnvI/06AFneEYaTWnPan1KKoZVVNWe8I/gL7Un6jKlI249iXw4FJ4s5Fe61TtXftaubM8d0mAXuYYFJsJK9oGKAxj95g4Apy7iRJI+zOziKR7KMpH3Kguq2LH9NP0sjJr/B0oscD0zfQXlEKtmzB/z/Pv240fbBi/m4KkjgaFBbcUIfPt6FSh4mNNgE2IRFhNi527vWVWX3djOyI9j5ROU6r8fFrHMo3b2dHGQdtRhZmILIUJHGUaFrGIQI/oDfRUF2Y27+wMrCp0Les0bKtGFDbkt9YX9xaaSlWVW5uZHJyf7uefV+zPZR6fl8DXprKaakBlpSUAFvCKgq8bN1VAn0VFFQKSA9Go9qCPfJ5DxgUoK7Fp9LnUesRVcKBDLTuyRMlSWu3WYQ/+xwsA+XCp0/gVsGOHsBKmcRTwWXzCCg4Hg5Q5bjvBcO4uUbq+ISsng7Q13HVMw7W4iuSTELyp9kIzHUjVmxTIxhI1dUFPp5vaAJBgV9xBIKWu2ZCwcFTFcwND1Ztvf2FyqxfrYWuBnAMa/QZbN3zO02Ur4au2eq9UmVNiNM2LX69ANAGCCRnVOwv7+OAKyK8PEBg5vnZBWEWdPMKaPFk0qJz8eJBjY6ZOOpTsEGrQTXrSXLvp4KliqWBU4SURBOr8H40pLDuF1CP4F8BAWJ7EIgYBMrZyAApWfqCgE1LhG6+u5qFKzVaHiWFPV33z24z5qMSdAxOmKIYzmHUierk6IhP/cIkBzffXrud/hDBGfESR1KjyyDQJEKJ3nYKFYtRp9gF2czY2nskjdu7+toxty5uN5zc+VSuWCzgDlSeyrEAGp7nymPSpqsAl3MHUaXLOb7GN6Fp7ranyMVD5ZoEgyaTYxXilN8o6Wu1d3XTIITIQ33FHQzRfk9VkaNLKhc+lDcTx3AbcYfaafYsEjbpURCnaVQvjA5AxEHedaLFESkZGQwYc5ftZ9o2NJvvr0b6uEu2tlhg/0JisD3gqlegbHQc67VlcnOgJzxVPQyboErs5MEirkePsKMHkOPRqxSo8rFSakD0FhsitVBCczBVmtyETdCrHPOkjHH9MihowGOkxZfqz/8xfVHPd8ZfqJM/G0l1vcgVI2/BhU/+81O29Lr3C8hBmGTmhK0aIqmcrV4wn81Y1/XvTsfLeTVN7utr43QAHwpz4O3jm0AuRO0m+GxoY9pxw9flEDy92X219Zyt5AgMdDntxSEJuH2C9RSBTMsLGveWf+KtQnoOzevxfria7LyB/3hzJWaN5P0WlEnS5X94QQJ+W1x5ypsIsT1rm0PVT0O3UVDPr6KMGI4Tfn+8YhHxvw70v34SEX69JTkoFQ28H/+mBL6IE34j+eObS/RyzKLU9XIswggj2ggnEwwGH77D4bM2XO59PdIbzrepAz04BFwX9gDeLntZLvwedfoyBxjB6b1hdM1NK4TzFSZSTAWJIUQlD5s+N2kP52kFZl/N4SqZar40+4ubayfgD9Dvl8yV8fwayJSttuDEk9rdXmyelyoE2okTAtsGQ0fdFOuXypsLYZTU7b8Fe63u/DJjELr0rNZY6wY34yj1tEEF2FIitM+am98E9ZXpYNXWykmSr5SsXSTYYjIUaCR4iReq2TbbFKvWfOrZY09Qr2fWqrVBytQt/GukSRrAsNNqe8teb+cu3uViczzIMV4rvZ+Zoov25WXXCypgQfw//QrhXy/XKdAwefnKtJgIoWL5rJ++fKzGv7+yYHbb5S8WNeFqWCRp5seP7ssGmbU8TBFn97iAOh0N/HdZavXflp6iDmHesIcH6+Mpjni+iSOHIX3WIY+3qMPEkpUCeGH+CkHNXDRitZnQTOo1MZ9vD5ardR8SeJudcmqbP56oWAxo5COOuR/eDXbwPJ0rdjQEPL+tnNUtZ7r77uoCvjCmyC4S5pqaJGk6d2oNClqsjEUpZgcNvfbLIj/wfdkxfztI/MZw81s9QvF8RoaI+vcgKVZt9tBnoErpoaf3Z4eQ3iuxjGEKq5FDGHKPzuVtG8xMx4CL6isz7nSFsHmZQEEbD4Fi3Wbd2qbO6uQ/PyZZsr1lutorNCO4lw0hbJpNSsf3rvi6hLUoIx3sqvCQwm4sp+86IWPl9m8G/WqyZHDmfn8etky0o88eTZEL1c8AcVZoMeeeLjCIDuDBP3+VBJw7ocLDoLYOW7imMykmLZqzdU5YlG7sP+htOEBJis9KB/15eevWrNSkxbRpnjOaWbHDLh0/cflw0ahJCKBJ0qAJx1F0ovvVWPn+Hcf4TrHG7LH58VyGmbVOc8v2jJUYs+VClAQqyoHLIMhh7hh6R9Oz74T0jHn9IDq9ugyIWq9rqmg5cAzXTpi+TITos0ObGP2sIxjiw+gRtXra/Debv1KcgCYIHyBhG1+hTrBlryN08/p8fLhs6O1wF+oorQQgF/DXDTiINrGW8baQAXQV6OnxRHK7j1c+p3DtroZZf4eCinF232jrsjDEaJdAlyB/GNcQ/o2QQHtGwH6T8Zc80VaLm6sSfbJDvp4eKxeNbsnMJwX5S3hXQO6gmaZ00RYNVq4BhMjBwW+qdukircoI7WSyX2+zqM1r9iblpmonOjgvkuzq+e5y6gGFoCUBEr/no9GNztz1trerl1YRiG5PSwORtpeVyc44x42X1/tvSg7A3Nw3v12go+lkKwn4FUjTwxsrGuiyCzRVPqx0EPK7WBpedhTucn+Y1/MUgVGC3CVZ97lNyv0eeGjJk7Pu6+dcd7iqHL4/VNSLrXXsnA2RInsz+5fmQQTwcHTji9LzeDQ7fRH4ikhqdS74PAhQAhtvO0JODn8TDT4YepsW8bv0Cji47Z/uVXQIfB3ciHsHT9GIiOTwGUL7sLqczgrWf/EQnjbb/Pg+54cXBh+ESno/BGbToCmtl3PCckrl6hNzWAXZWA8U3GUuotW+DW8G7u4SXJjtGBdKm2nRV8tWqzl6pgvqVs8TFMyYTR31a+RYOfsl0zYROsfS3iUu6nRx3hWvHngBcUfXyjsybQVWOvq+EfTRFQheb/1O4+bc5AV4+4gDyJbH3WBwTqZ5KhAKz1kMvMCZpQap9FhWUHor2oHbKWk9V6+u0z2Xk2mGAU/FaQb8/vivOw4jSAjlKjXOR9EGlRx7v5ygcg4+S/RhxNCDYh1rHIVbG+jmdMaC7aMnh0PZX8vCv/43vuwxICJ9Ff/ffDH+hP/P6vuTIa3filihog037SR1tXx3uTo9n3BjoJvzxeWcU4OarTvDok+hRu3yDSOBKCR26Xe0wTPMY0h2mUBqLLQ2VmJXyT7unmUz1pFbmNDRCrUjdYlIoTa/8vXzoMNPncHVUr4L5wrDjcHH9xC4fPzvJ/sMy9Rrvtm9bStEmJXNsoU6lRpDb7p8cksumKwnjd4T9OxnTNdmGREDXcgDVS4EWMzVAwWrTqdFomlAm1Tc6J2YGK1XYa1mbaeVqj+8YXNmUHHQu2iBSDf5wkqcIR4EgAv9F4dmDes4XYBz6Sp9KSIdt8LN8I6EdmVStX1X1aKcHXeKfn1T0+vdfoqjUTqDjOk2qwl3Zc/VXa01VyQAkO3SLo8KNX3DOK2C9IW+v55zej+qXV9Ycr5els313KlSh44UOWnaAQLLWbvLAXGnYdWO/9Ihkwm/UcGx7mSCuXHRflkHiTuOAlfU1Kxr7UIbRB0qW6M+3uSTMlsFmfb1RvC1Sst6wQegUjgrwz14WmmrOlsiRp4SxTNYWbnTbB7q1V+l5p29RLqD9CJU/4Mnss2Z5bN824Zzmq3BRmzZfOpXfbQ4irN6E2Ff3q2vb/dOM3hRbaNtOHcEGpEcmTs4k9zlg9VNPovGcyCkEwBa1Ea17ubrASJLAGiivPbXUo6eYYAimW5qNZMjc7au93Fmae77c/kh2OT4ybGq67LL7SnazlymvaVA1xA6SKq7oUj7wzJ02Kqqj5eXRSlE3H1uQnGWcwOd7zJZHLobmu53yu/SFKPSNHm0uCXGTxESxGq5oMTLxg+58e8aFBK8rHW6P1QXs5ISvVm/RHUM48oqcQBDVJ0lhQ/TZq1kwMtmtLtjWxvnVIu7y2ccVsT/4YpGpMfzYv5BuO3lPiYO+HQJ7uQh0e95ugzWixPuEppmg6zd7Hg/hyUB3PQSKW/2PM2+kAh/oriB9yTZ6HhYAb3kArte6I5Eum7gy1odRTr8D736QLBG13GBz+DNN9CdkkOgX0uPqU7KWioVRP0qiyYUlmyPvAH16DSxcPfD1rwAib/PRe9u+IcqzZb2eF1e4XiSCD594AYH6H07WN+j/Xg0KiLs9fqAIvIW/pL7trM73OP3+PQ6c9RJItL+fsVy7n8NXZbX83AZtYZCstn+zveX4K/I3w9Z7r7r73m7BL4ZrreBWc+ifmPxp8mCNGVVgtFn7Qo8uEy0+EEVV0Uex32MxHcjRQQIKaqUKraMEOQCeRWwxdUXpUObnojfIo9oV98Mqt6XE85R2jZyqVsDJRze4oFvMifrAityy6IxCoFbtgZY33RbJhyqPAfH7rkBWeSkR2J4NDmNT72GRCogZHnmvcH58XECk8xhDDlqBe7ODRDbStbX0vHS2YwB9OJ1o7Q2U+zuqQt9pu9gBgsPaHvix8rw8zlhVWH2q0b3pnpsO5vy7LlilHqw4eBwIKTICdl/c5jPT2PXGihf4+J+4pH+W2Rm3g8gjmiUckh7dlebbWl280Tw3pcD35ZLYQPfTg1z9YP2txo2L0TeJgzfTrSivpG9E7MGsHuxe1/9KTU8h2LttsoJAJP01CdRLdcaBvpcj0b1vVt/7BVY8i9yBWuasNHLU6doNzCnjauJOVxc9rm9WFm+61uy1vDoZht0bjDf+DEe8QiczXlNKKIrfvacSS7VjkiJdJ4xQqucL5474naj/gWsAC5EYNC5vC8iDioWshE2hfdb9BieuuEDDDwFz2N7zVtFiOJaLJ9s2FKUEEORUkweBXPHnFPocaJ4J2ASZANWbZKpMYTDJDY8YmT9hi4WaPoUc9Uq01jKi0vlKzQajTe2U/lQ28UaTy6P4NAbV2IsoqaCte2Rm8cLb54VIqb3PDLRaoP/7D75pRpRHLNn17qo0xNH+gLIwjeKl4+oqKPWjRJ1QbJxSrAB2NUOkjV+MuX8RBKT+XXfC1d4XQ/aex6jaleqwq6KpkuPlP/m/qGY9cKNKqiHwu7vvzJLVqLxhqBJzLdLxb+zLRYk+NJen4ex8MlE1J9bxMRZ4JY7c2h7ZiWbP+q76bcJj9zBs4XgIRwP2EKgKpepJx7WiUKobsHcWBNM8WwBl447TKNUpdYopmqzZvGybTM/1YzZkg4TTJSOZStetWb1ZIlrZwyciRRq4bQlMrQ9Wg/TQStkobDe2d+y5SDvSdG4XmsN/ir21m+7ok0eaXMn6m2Akx+GGMjHRMzlS21mLr/sA9q58twk3X8WMQ3wCqoEz3U1UfsqlgTIOOpy6XH7QzQO20JdtEyRpjJoDczNo49al99G6wKQF6y5f/hUw1nN2OM3Z2pmT1QknGJlIsw2HE0wEJQaptYwM1CRp0gUYEZxIbTr1Db+ntBsHDT1fHkDG0FJFpJhfnnsyvmxFkMGjFjGufYJNhjYrgsV69XGvPlrpxjMZtTAb15RB8RkyxCHSdKr/kX2kwS8Vd3ZerH5oSTZD47dN73Vno7rAe8HG6et5xttd2iX/WsPtYG8KEKBTjdgwXO/h10UBxGvF4CeyPPKy0VX4AsApbcJlufCH2lIFOB/kfRBHr+XpTe9VpGOgBtkL7jLUkfDDx1aJgEGcJbf6rMXuqrtplgBVKkqFsNjSvCnRbpetqY2wkmAXQ+9k76tDps97g/br9aexBuA95Vs2NyN9venDVilH57E/s4X2+txwgEup4VKDuvecF3+fj63G+FxojfRRsh/58I9Sfxur0yV3+8BmSIBhwegOOKemykFRsx5OnOY4w6F5jBcScVd3T+FdQKDshvo+J6PrJkr5RvK9rJIYWnci3K6jl0+A1/e0S/8NhPaG9BWdeBBv29ELh+AUsM85Gs8qrVCfS3vU/O+8wKPBO97wzVAQwKGzbl9Zu/VTdHwzcIHcFiWPw+bl5Dyiqt5WPnVIBg86NLZ6nou1ry837AiX/4JDFzrZ848wN+wAGx8voctlOdGAbuY6GMzKe3uVqbwAB0CL6g9bzWtLpnsbrOPzmptNv2Vn6b697Y7p549ixfyhR+e6dy6CDd/ktz9d1T99DN/mofOez8OBM8/0hEHXj3yvF8TzOh3+MH/3xwWSPoJIC0i4t8eAW3Y6QF6vjuN6pVE8E4g7r4XwG5VdBl6C3g/FmTDFRnlfw+Y8kpoEoanFeE4/F3E7jXFcXz4bkgg4H2QZJpD/BPC6iPiHb6E9qUxcZ4MWgSvW6k7RC5/bBI/RZIF4FzjW18VOokpAYgGshPcv9y54SsNCM5GcKV+yuhHE1JclU3Rrhat62JB51jLQs/2/u6YhJtN3y6DrjTYynyO1ZGyVDW/ct7c2jFp3SlcsyzVrFqbbG/hyeLoaJiF1fkkL07r5iIWM809vwKTVj5wnIwSg0vooENqJm/OKkx0BR2DXDoXbEWk2K7YYzPDspZt0ipn01JLls4u/7tKuH2x8jasWnpk5/KYSLiaxQxOKtpqYQ/x+OC3hYRj42kMNuswoUwH69yxaIxH69iBaoXbqZzttND73PLSIIu0Rm3Vr57uBjBX8T1Wq1KYpIJB7pK1ll2V/01KWvf9TpQhx+8/ehKhfRHj9l8KIkjcvSFjv44co6wEpVMk3O6qk0p54SHvqs5SYlE6kxB/+6E9giwBiT1Q7drBydy6tD2nTShbBxtuCIIRuD2Njx89X0TVH9nRrFTIpO8vWaVd0jGjDh/amftZ0Uq/yF8+W9DSGc08EPJYveUOWTZJ0iRhcq48gI2kF2ScRMLl5YefJ5KHksfPCbcQpvwd9xZiUgwqQRd0yj0cJkD6AGWuWTtypAO5SKLq8Twa7NosK3CgZKUAdhf/aoZsj69cz9ZlHTXynS0UQ41XuZ6D1j18D1gGJFr0Zq3G0JicnxPGK4vNm9vW+uvvkqkF4+azn/NjDGcOhhUyUkfc2Be12cdfKm5460HPhI1kUMKJXD4eV5LmETMF/ch735qsH80uUcb1uCpepvS6XF0UtYFweB5zXBlTMkxMNBflqv07ROuaaZ1XU1jdaBB+jEE2MH+W97bETrZsORMAbtO2T7aZlC38bu9hU+3RuGjtvlrt0bqB1+K72+vEnQOyJ8pVQJaSXVy6n9q+B64E9yNuTW+ftY+HHzLn9lyuhkZpMRsGgBa1avXbvJ5e9xlwav1Oj14rD6cMwPe2m6Mqx2VCf54KCNFLhH5i4pdA9pIPd7/Mewbcz3sGXu/2+J46BlwfGL4fTbYGvBaSvG8oBd4DX5YdAb5vS74k6wDwtmDAWy/oA4iCn7t936amgU9b3wJfppQC7onTnW6mgjsfRCCAvpd0l4XhuRAXIj5IWQ9xwm+XUyCU8/Xn0ZeLtz3A6cV619tBXADurwKfGO1Sg/qjNKJUDo81a0PlMwlJ+hc8OWW0w371HBkz7wrdhytzmvmiMMeBtU13cwM1iQceMV/8Z/cvL2FSjy3cD2kl1yhB860xixcjIXIZfadLz54/U8cIllY1no8uEn1Fiu4D4tfB3FydkZg0/AUSza0hUvNolxIj0tGRQ1aM8o/wwvjUXVZ94pY7vBh9Tiwpkd8ifpDcxOPlnCqQN6MBN5gJuwwC714mGRxTp/zjcroPJpD9Fol8Paoo8W17q+hXIDoqwi8Lif8rrb6SxtcyBhZ8uiX/iNcHMUlyuD/CxP6NKXACxNG7KfLjg5JbwPXeKLlHFxx2sE9ikkFRpBL1xPviS+27D3oFuOHjs52vgVk3sJ9n3n/GMOV8OvhhKQzAhskjQx3JvcNBMGxxQvvB/VsdoViicrGEoz24Ma3lYepAzp1REWqGlIU1W7FYV4ENEx8hkwJeDWoZuj9SWj9z9AXBnHP0r7gKYLQ7H5Z/ACZODBT/ImNorFxC71aTO4lyYNHxedOsnJ542tSYLN5GzS74UhWZBBRt9ll0CgPbDw0CPh5GpPyLWgmtY5zrFKr13WA0uO3XeDgkW9IghTPMfn4bs8RRgYx4FscTnDmnvZRTM0eFhzF/tPMTuoXhxFc4YvL9aLYlXnMyHZTsjG9JsxFM8tqFTUwhevF1SyRLpvAM+M28qMXy/mNWa5zay1RjOGYZOOsQdIo6SVUU+Gzh4tRROkXLNXTJ4/wbJSxGzhTUtZv4MS8mXqSKz/D86dI+GMnhsoW8h/3eItlDfSEU6J6qVSI5TsM7yMq78JaYjS+QPrmbW4gnaD3A44TOLlUl5bCh258R3Jg8f7vYo5v4IOkztRw8xuUV2xcLXZ6/EC+cIeCCDLJn6Rt5k5lrgQScMH3YgQtnKARC+U/TO1KL0sogxGno6VsoLGD855hKSBUqfI2QXXrGEgRJTFpqlG8p2+mfY0b72xAKm4x1Tyn24ZjvdtmDuJBb0wvl9lVhEVFlv6mfUe9x69soSMurJPC1HJckB8iCFEf0VX7BphF8rgyb6aBibDDJ/KoncRYhk+38W4DMc9A8tgzqKFI2IYQ8fiHEypXXOmo2B+o0e/wRnnnEzMSPWGlfJj9+IrVdVaOMu+HOomaWcUlv0I/J0EadvtmlPJ3FgqNYnjpXFp5RHB2eeVDKJH3zYrDPihIVbnWjTWQktI8OyZQCjTlH2oRNED9q2DnSwhQKjybpj0QiZTmlZAJndpF1hqyLTGQp3s/dRjoylD01vtTxH2hhCixFR5io0XXRpJd0oqjaOaaqYvS5lqGMwxaRvxt+uIqF1CSKCcseFpixje4lugmlOWraNusW6lpjX6fId3xixK5Y1K1UtdewBekC1OzdTquNGzkc3Gmqz8tEVj83q14k925YoNwCtpGQPGDVtgpE6nnwlTx+FEr1qBBwriaBnXxRFR5VJiILTkjpRbsYcv7gBarvRdrj1mvo6RucwQe/9R6tO7gG4tS6z4ilEQHGFHoUvnSL3/fQ2L0Xee8jC/kyrL8rmj0S3R8Ng4FcljdcnjeyZvdCB+txjzciZrHgDL7XDzWjB/j/xgX5yt19Ld8Z36+WYdeV5jBfxeN+Nk1Fte6n7WQoQqJhorW+lEjOLwISqPx9I1fS3kaSPQwcSR5HezhRTqNCg9u3Kkgp7UhRpjOXhvpiNjKEIUVfUUpOze0wScn0OTSZ43/kydynWw4dSydvF9Lb0aeZnqe0zax1H+pP/uxPe3w8DsBPae+vPWC8sJC8f/vQeyVMXq4ivchkbcBdZVJhci6eDlTUP0FOxP9pojAHWZziPac0LlSYL/EpDuXrOyx3y5GS6iwNCxTkDCrc3vQzYiiLnhXbKKNU6EYNT0YTddKvfdWk6rdZNxxp58/4yMVzdrValYtQ5NvuFJHSfailX7bb6DHVEqv4RnXqQrhxVTKyK2N/TOykrAThuyo7wmeqMB8Vo4W4envBzkyuEDatyOLLw3PNMPx9w6OxImxC42ReQpL6jNcZHM8H9ytcPS+ILscVBjeJo0QUDjLo1N44lItS0qk5V71zR1VJH9tswUF1r5iKWX+nkLMmnX5CR/QODZ+S7JuJqpI6ujTtTlXoFHk0KikuT++qDDCMo0V7LisPFL11yE7bJtkAN+ibRBjEgZzoSjk/ZTYWO2+R6FSHmRixtsPmi9tIZhDMYnQPWy28EKkGoRmB0O6VL3swduUGMb7snJ9qxDDrlj0wH0Afcw3NGCSwExJs8iYD0wvPg91oxKYH1Rq620Ja8hBeHCAftF2hLIZXeEusHrSjC6Xm00d/GZCB9muRxhOm+TweiLWw2iXbqGfhIVcVMYGn3K4SAztPblwNqxZMVVOH2btHpophjqQiRZJ/l4ceRJcwB5Gkg5HNlkAnNGpb1kR8uDBa9ZM+HZ3vO2d1bNGithQRmro+cKJIgbIUkeqDM1Le7ryVD9djRgYX0zZoovsFxTVFUDKy/slI6jwUrs4uPLWXRclfWcnil6A4dFEYcuXGf8BRPDQgkJQiuWR8MkeaSyU1F7f2jXAO0aEZaiOvysQMGg474kylRx2k17Mtts3WL/5e41GRotseP30wLyaK6iJGP9h4A8Uhx0aYWUT3U6mYlnr4clGdXxwVKwCozrFi083bkyKLeGzXrT+aEhna/mSCpr9fmSJWrTt1GPWkj5c+nvoj1K9YvUqDQUH556AY1vqYReSfpw0xukw0lxXO6caqeFmcqHK72F2Odnm2aTNE9RIx8xv4lvQ9WUbDHbVs3er0SSyXJ7GaNtY0hh9aUNNoqu1N8bmZdGYNxYx/v3Z/ZsS0XdGno9rD1cyzIpbmoDNK3MlJlW+AGt2i/EnDltj/qtKK4+rDytNrmh+C8aq5+3GIqYeZEGi7UExIr49y2bpsJCQXQD0SwcFpwJizNU+XXFNoBkUkn64qr4s6W/EPu3dYCRPVmJtUE/bMM2SJDF8QbfU7F80PrlZ7taYQevyVoZkdo+rE65iE5ui2mhpeEpeY7V/yW2RTOTPZF06195HzF9HjxvKp8VvOcchotGdQtkpvq0hgPi7riqU/eiqJsm/73cKgwlao88WgtQ6ScsW5gOp7kTGShrv2+NdYQu1h3DLb+AyE/2Fata+E+QOm+2kpc7f0cbLn9eA3Rh5J4BWuftDz9PtpLs7kPIQVqz3bzXEn66cvof82FciZHhEXdEaDkF+5o3gs15Mf4QnlMFoJBqcWnIv7A/wWI+R/ecMxavehNl9JA7v/VfFkfreup113KNwwZteJ5pXh5H/z6eTZWHG8C5t0sOQ89uxwZ04hjfg0CV1Q9Au1itcWYdcmeiYEnZ6E+otESuwfaln8+Dbm+KZnukzo+ZUdKd++LYtJh6WjbXk4RxgfNerA1aCDM0VdRHyC8msnmFyjli2EmU7amOD4/C6gXHnV3xKGfIkR76oVNJXj+C+20jaI4xOiCZAYvjJYifGZQeOxfyvo/FYxdRFc+L+p78iUueVw1BwJPp/FRqxvf3FUR+DGk7X6bPwFXTnE5ASuJiohDNc4cucA1/hX0r3EnOiNQZAHlU5aPGLJNZjyQp71gPL0T0GY2VwO6Rnmroxl/xZRxLYio0U/uodwVAqBmy9pdAtCsHWNgOIXD5d9NIqmS5NcGZ4r/cyJJVNah+hGZPp9iJ1oClnduiKqob8UyVzRtsHO5Th6X4Ykpd2+FKZ4uC1ibLiFcOsb11PRzlEwwJhtnKVpB7MnKVW51goEueh9tbtz5FcuJ0gig9eIV4alqyb6zgOblr1994ksxiWDtrZPG5p1gi64CSniqkJblsjCDJcp6uq6Lc9MVqrCLrpkX9SBg1G6vopQvcQqYu6Gz0wxd+S4Lpo/S/PFq52CDmG/6aoBfrJsNpk9YzZcDZ+nG8LhSe36Rx5UkN52Frcm+46GHGNt3KHCryBvsqNCHXFOeyRXi+QGKGkM1gnenc9iB5/lifcjcbPFR9U/Hfq50aczD0RqdMxJp5yEuhSqV08p/WA+dF00yVcdOXT9bdGYI3uTotu8VOapC5Iq5rfzzAzdqQP+JUCmBin2rGTFDBV+hJ/MmNIkYN4m6GF1Q7Nz48yNAODgOuOIAptt4MiKGw3zBm+1Wh1QuXjcBEvj3zhbvZzZbIO4oNm4fHybEYNfp8+cSr+vW/m9hgdh0KZ6bsK5XTCJ6SZUsZutyh3/STUWJ2MR4S/TX+9ifbuFSqLLOfu6DgP6lK/QjPRej78Wx67GF1ebV696l/ddilU/M2RU09fNQrHAMUel2HSrT2GP+dVIcYeLlU9aVEgk3wx5DRAsSlknkawhDXHPPOqyV8sfuIsq7uyaC0vhK9oEsWmwx/zgERloK1yJ5zi/pE6wopfH3jFeShp5fG1i07n5FuVRdYQAB5ZGG7aVKVCkspEoQI9LnZEmhsBAN6dZvp3RYNDjMNfF7ijase1Q39DG864QV6qoqVXUX4nN52Wt12ifUXVxx9uMD84ZiUqUpNNSU6HCSzXojSKwk+ttMhsNo+SYK6Z59lKQuMO8lcazdwg5GZ+972h9lS1rRz/+tfVN6L8VMF9JDXXAbhBHlorBATfVPLnwX1l2poz8EkICnhcOS+MCDT6V9Bqh/quHUT4KDP902+Mvg4wbnRUShpMlEa4UNBgVfzUPcfRPc2w0Nf9zN/DlHeErC/JP8C7kvwPOO2egkek/sDq8/qd3iaYmTGjDiOoghw/JIxcLq+Q8AYHzOHC5+Tem8kRWft/TANzIQrdFHf+exJwkhCAc/WJIKPt8FEX/Bs9l9VnmewTbcxI/T40zmi6K/SW7D0kxImtYKK0pUn3J5hguoG0VQw1WGlL292sI8S9bP2eF5JZP9UV0EukFTTHS7btVkArp/SEp8t6hqpRqv4qvRel3zecharaULIgkhjKkdXa6+KZ00bOwDnvpBZKcZ6wFsl0o+QjiD76XR/Nkf8GWTdAnyxrNX/Er047VsoGq0x9ELNZuVuRek69OYEwtfCLXrBg4UWhYUVjS9SrHnkzrb1elNYzBPr2SjaLlcZ4xk91WB05boJLm3jhDO8rXSULrMdrDYu0yGS+hFjUFqBJhTJBJHQ5jAdsm0uJh4Pgy1Atk2lE2LxMrDVw2FKr4d+RSL61NL839L82z37EUtpq4vaQI9A3KrlhsP8vhT9MJuQwdiZgiM+uJfxCRPyjKL3kgbT2LBQVgJ2XoJKHkfWkeog0xfTt3M5/x00AW2yxlNjqV8fdxRQrt0UhBDq31VQF1jtagi4uRYG2E2d5s1efoH84NdtKa0aMNvxl/t4UlOXaEUCdak4pNTmITmq1mbX2RWI2fwH9soPjuWkqv2GIll7LRHpY7zteeFTXduVKVtFXFNiZ9zX1p8PPdw20sbSwU/3sLh/zyHwKgxXOhXbXMsp584WSLL50TH+7hc6GfozK+kk/hrBFvOmy6KFEczPyoFTfRdLbC/b3HVLYAv+e9k6Pni5Hly3oveOUNEHqIgjKVK9DhtU142RfqajlNzAyVNE1MREh0TkJ8RnR2cX5xcQEC2TteKJbOX3nx48eE9V85TbWtgVrWNj6WLlBgg0Vb1xybdUGmf4xQzqxY8WNK50en7Do6W13hWrjPFe5bkWM9poM23NcA//Q1mmGAZ7t1iNjnGIPOOXsNAdBq3fLZQ0Ye8nP1VVkrFwEINPUnYIrYgPevQGcnoLWxGdAotLKCd37m0eJ50gi6tuvkzLH4pmbcQCXfOh/MpndBKbthVYJVEOlwmXkQO2pHlsDBeG1EruWFBV/7VFigrJohfTwSnTCCe9VE1kf7GBQ6ip8UJErL9zcrZuvL70QBwzsEaIE0DjY+yOzFeWj/EuPaLyqXuQ1/4bB081VhGTz7QxVJ167h3GH12GY0iL4vznBR6aRSIRR4BXwZWcaU18moGHElImLV0EL4opFvmTc+Z6Yij81dnogkvVfsKqfaQE5uSzDaEWE9mt6S5TB6GUapiWZqjqa7iqRFaSUZubdUfUbH4LqaohP8P/W6GND/uIiXs8XNKNrUR47RHsjIRf7Kougm3P4yAT9DU35kedCP8R8t77stbB7O01YpC079lu1yTTZhKpKUotjoNOET0pAS8zuIV6NrhFNE6Br280wU+N+55v7WeeH9foFt8V8XdcBVPcqPDaEp1BoVSe3ov8eoeSFwGuzKVau4CWIUW5dsuDuzp8q0QOq/kYhkwljnwtmYo5s/q4xhUt5C6GNE2B5iLYfoiMvXGdNhjOF9fq2PnlKq8A8Zy1X2MXUxJOQ8Ic3/gtZBax+pfIBrSqWqSL9Pzgc72p7eRJP9zZWK0TDWbFy7Hr+yKcJEKIc5LMSvTVlhYdUN0J9MYNaNDottw5ZPiEovrDyfYtSNTc9FkeJRtfor7US7Ha2ce4eGG/+XBQaLhsmgS5NyxrIqlUo5VYV7g+5w1D5vG7RULM0AYrF0N2+caCmCQcvWgQuxT87R3Q/i6EsqSj34kjED7tMhtVRe+z7a7yEL4Um60Rwm5Zv4B+60lVdqsiRUiKwIJFRXqCY83dtkEl+1TDbwDN2pU4ke8Xx3mrg8VtGFzKO7TCJz2AfTJq6w8qjqHai5GYtGpH6BkpGsYmoFrtpjByqYWpBS0ylq0ylYiET2sGzPqPKIAkdTBENZ5eBaD4wpiTXPzbECDLDGbMih/QtMyG2wGSujD1Lqg+g1lSVcGqSlEKItzLejocZlC735cJUwF74K1g7ePMvPZ9t7R2Z/bQ9fekkYIl09Gs588wIQOdwVBMPzbRh/4yhZhHTk0rSVwgdJAEJ5dGWMqhOqFiIsMo9R5ndlykVGYoYGNwAHwABb/kr5kn1Qtk9pJsz988p22ScpCz2NLbelvxlfWltLOgX0bpwuZwXn/bZfV6JwPmDiC/esxWL4unSqZdDzvLovh/NDy6DT726sMo8Zahexd6sgSLQOihHWFgfvqNeIlTjOsnFlaWnJjT9bnnoLXd0J/sSKU/dWQEAgKmFw49gNkXEFCNzIpilDQUGO/SPdI3L2MJT3W9HDByBaKvTpvQDXLWNX1JXfJnj1YqGz2qb2O4EbgV4SGHj/aBV4utP+Nn4Y9wNnmlifl7/L7xz9chHx0BDg5Xa1fr8d4GmriY/cPpueM/V3NJow1jRYxY039j48wYcl3r593r51xoXtRrmTLHWWcg5fsJBqznU0OnYM7zGISqPByZsje1ENT6HFQiYtprygW735IFKKrJpOa3I/kS133sKlws1gcB/zj7yklr2Aj3jTMopHB9hieN6qk4HJN99hQr05tIVsedZ87cRNb7R5z82fQ2cjj4HguIR8Ph7Slcm8o1x+cV9MPMXetjwxpHxkjum7tRVTnN1TDtUi+yWTewMztS2BhDuRegOzIneR1/fUMhlTDckiRkStvfzEvrSU1XYugs4T9C34mf8XPdz/mQrlCvc8UW6+Hug5MkuB/5kQyXDjX2YGPk1yfOgK8k8DQYj/MyN6F4DKewdt5ib4gVabk64ko716ZcifjrOuyANf3dafnu9OpwfScvn8nx76hwMfoY4G5T7ljH59TyB4ecMo7IXBFtnlIPD1mf5HUxbfxbbHsVNt9+rl8yUOo+zaUy/u9earR4G94HswcAl47uWraq/RhiSOKEGv5CIZzRL6w45sZO9VfUgcEY6pzXlICgGZP4qykZn8sM+1RnuV+GCiXPYHy4saVY8ycpGsaM2W5Y2w8OF48ow+laoN5UEp3TLGTZVrsJ3HsR2fetU3hmqJeiwWnt28gxO0OtbNiKDuhcGfoR6ca3CWJ/luX/ZlR36VN+CkMz9x7H/N4t6uCt0B2a1Cm0HRTK4kRWfLtOv09iMYKP/G/Mzc3hQ37SWaa0YEBSLFE5j0tQKmSK/2wQvJls0W8YudFmaRTf3eoVML4gmWNScyWworZWQD4poj4Rb2035PX4LBc/+hAcu3KCZSeDnrEoL+glsel/Coo/MjE9GHp904rla7UG5ohKFjJipjS9/+0Vz8tomuxW5w+WDWUsxORvYsen2wUjBoKHPWS9XFUJN4hOFn3hVcpqLDRm+NF0dmdxVuhNnS93Ismp4zbM2EJriJK/NkK0WiMds+aC7NBcJKhP09bVFihsodrLuu1D3E/hUFxka8SRkTb2tBGqU9dQnNYMuFtrxeaHtVVmVriqQWJx09+gt0hHM7tNGUrkHZuqVo9ZNteeBwyTrSRcUCetTX/0XJW0W1+a5b3zWgxYsWb4trcJdSChT34O7u7l68uLsUdw/uHiAEC4Ti7u4f/7X3Hu/43rXXwXuUZ9wjI0fPvOf8zesacW+XaODVAo1eh6bulte2Q+ALu0dHV1fXSEhIvb29Uz279R+WFi0CNfUedsxQ+fkziEkPMvg83U57Wl6uCq9DqFSOTqvbU89tXY5Oh9PqXqJqVfvpHdFKa+t7rk6fywZb3Xu8Zq2CPPwA+2q72N86P7L/CSMvMeTQ5tgKXATZ/brS1t6OdjfFsv7C5xMmne2gpqYmbhpCab5XUt2Lt7lTf5+sPsaRoofmXG2hfls5xoAdcu507ym4ch9FUT2yFOcgjV+5WfpaYri5HO+ctUhV6XbcDVjO6XQ+VMwxabU4Xa31151TXBSeeyYzWWXyER4cKYf2KpclmjV+XRZkXrK6L3OWq9it5PjtAOlWbfB6bHLgQGNWgSA7a9dYM9VLo0TIOHboDyk7ldSGAAjP0cQ7TMDAcmhI2cu9gTIgCZ09/tJe+Qfm6op4JLaicKi2/1bcde3w8nEZfdqKuztDsT8BsF8rKlOaM6bCcRtSNKmIz7unJZ55XOKgbdxIPuqC0+9fxM+Oc9/qpfrWphBG1/EF7DRTUhRgTdNSFG5b0lIktrPj+NawlmmAnqhmzaK+Gouxsn+UqCacWyfxneNXX5PlZJ1rfypq9QcPJBTWGwWMf+MYzCHVJCGFV3cxTh/9/kEZ/R0k5P/qPP4Zrrwo2/TxHwApn43H1Usc3pIQ/hzErkJjYhG19/R09LQKh3cf6S0CgLUSPj6CTjUjwDTpChmu1oMldCXL2EsqFdu4xxrmDBPEOmnXpDQQI3uRlvNvBnbDfmAbnDKdvIhDr8y6TT5iky4WGGN+veCSbXvZLBZRyT4kGVXOGX9LB7TSCzahmPsW7ODH6LHTRp/q/Oq0nCRlaOH0YenHBN6o2tc22oHUvHJ7JsOUP78lBMR2epo5v++t14f9HcOx/eNG362GlUCbxv7DXCmSJRDZ5A15wkctLFq+4gjSbesPE4RfnX4q41GovJYMY7WInBNVvCvW+1UY1eU24LRm8G6p511FchIxUmYhykfgmwtmg6DlH241QowoRhv+kdPUP5fL54Wt54c4UDoMIjOmguVeN8RCQoYIvK2Gg6qItsP9TBSt8o1lZXdlaQXUU6s+YyRsmqkQlNN8q5vUjSPhUvSVWKMPj20zs3GBpMd/Vf8QhwdS+krdZGMKrJippWzZwOV8o27fTBOTkOgYUftT4bUFN2MPa56ZGL+c0DaukU7mGFjuIyKrOnk8B4QAJb5xHPegSxqePOLm3/JVgyb0XJRB9ReOZI1JegVHsUbmrhMk396dt8z6mP36yjNQ2Jr3cMKk/bQZLa29/fTpycjUtLldQK0ZxPeGPDSU7W/30+zRhJOv7faO3fPB1OuTEz0MraMjK0bZQJ13+fglZpOANrung5a60IhbaimXRlM5UDvHcpqMCeT06J/r4cqIleApWvQVYfVPzkAT3kymnkm9Rfs7dx/SCydeUvT7dp0/yzac6ZdTZpPHrtsfdoSrMFptPJk/+amsw42ms18PttPacS7B00mID7NgK7z8SzyeNs89wb1SydGVWoKezkctqmCSA9LDmGuXVj7NqAp1c05GaaoeM+kmvvNXTqCI2XS45Li2dbNfcBqHEsSeA1cpLh5BghXwOkp+bkPzTnGuvnrptqI/KXeSfau0URHytrx+KYrzTTlXxngSCGZ/jZjVPQQjI6/ILZttUPZsFFuZMuPZk/HMtymbrWgIKdTgStwfMJBJL6Fx4BDNzWWox+lvrJ1WTfQc0ZJKMx8twxZxhCmmp4yKiLhbjV03aGmnHVqktEbShJ2sISpgUdMrdhROREkra0vOcmJvXrqZZ/nIKv84LaVQiEd0sOy4SFNVuzTlnGz7xCghQilajPr2P5i9BUIOPtL3XuzM/7Ma+yRF8vKNp6V/hfpCA37dyM26D9Ex8ka/P/ewB5/TtkIqr5EOV4thVnOs6tEG67tWtbOYiyS5XD8xxBaemCHHHzI5YTbMFYjQQ7t2phUrtkRE9PLGYcX0Iei2+rYVAT107ZIJumffgKdu/rsBD7pXHYWnXUEthUt88CU9piCYudf9NjJ5nDeegC+LVfyTyK/pHAkOSctHieDkBPJ/KvfHSAOfZgfJj3qJPpIkBfX6kqFTHsy++gksf2lRfkvDdjJEaL7uYsXRud20ochpnpRHjfH9yhDIaux75/jgFsTU4i+90AvElI9HoP4UWRQVW8+UAQT0saaZyeIDPmGJGjJUIQlgooa8U/GLf3HeZDzPeecgzbcet84AwPdo5z8/OD36J8p55xtu/cczhiYqFlKcc9KTW7hLIpJ4P5XEJ/KopWYmqcWlf1NSNKLgQu3jxbzA07Ay5rTuCWFsf1NfkCS9ZP72PDxWAIGQ5DKO8/ZrsclTJBv9GQ5F5VIReZ2+frL0hfnb01qqKxmVDR7Rm32Uy1P88Q3aakr8ztcXJ5akNm8PCGQqQpWIWITjhoZ+ZYQz7Szk8ajUm5QdeUE1LXISqYC2/b7U6E8Rc+lO+f1+K6HD5dyZKo2NlnygqN1yzk94no9rZlqZ4xqamoeGoHx911j+o2verl2jd3fCZJHXoYGkZniP35mn9xu72ScjxQP7N4JfgrwnCIZ0DwpF8hQPve8SnXT3tEQ+Ckiljqde/6KGsmfwro03xXHN7eWX7jNl/8zt+/tYWlrao1/YcRM/RIsyE7LrbRmxpkkjQRbsvuwMxj+ZLb31pW33KUNxQXmyCHnsroYgCY3qMRPZjIfAunb1LKez/ZHvDk+Puq+mntG/ZXtfQs9Vt3Sa3XYf4C35U082nkhtUbDN9vazbuHTk+LqulHbY9Z4AsFPoiHrO26ESDL522VXJP1ZHCvsRUR3Vtq6Zqkj2pYVtgBXhsRKrW4f/Vev/F5J/BBWblisg3pePVvPqZh/TSxqgn+ovzP7E3oVsqP36eDy8bKofdnZ5f7IZUV9X2PE2rvEmoEDbbyyHZoecy2W1d3Hl+LhYShuakYLVYE2Fs1OJS2OOIir7JdJWbu3NmbZSISTO5uXD7skpkbnMU++UiJxr239ULCP1VGG40HYkf8mIMSadicpw2IkGqE9zorupJVhQTFeRiWPKgboQw+My72V+U92WwV8RfjfHosc/M9y1ZvbqtN/TFYapfg3soOVn+ydxFJ2n0Ja5JTyV0bm4DZ5hgKlN5ldIqu/qKPv1dD366cfZT0mx/0WKxwvsXSGxSIIylfWWhkrVf7Qb/7IxaEHYnd58STRiyotvMr+YBIR+50SvXx22EYIalV3SaVdFldo0Kb11a/FKsHQm/34K7djBucPMxIx85d8+8P8e/lAdoJ7vKKt4kEhpY7sltzwo7noN/m8cqa+HX/9K+47Ly8cp0iuEFoStU+yFsxiyX9lgvRec4zsnrThAjR+xeG+T/vR3cYcNzXoIMb85h1a0uxrcnXGNIVbCKut5Nrqljj3/Tvzz+TijiPrgRm+9CmvBrq1g/Ddg29rGgT1nXUg+z9NltOXv9UScV5FRum+1pinZGu3MkqSOQiPgtmdYSFR29diNX0WZ5WU01jdKARqGBVxSg87k7eYfAbiB8BTtKBUujPygOL4FWUs8DC2LhLdybYyRbOXTtYNony810KGRo3xDyofFblMVgpdFkzAPhbAwmBlRmx7zwCwuw7Yr8aPrFECGiwIV/CYf5yUsfUgUEhJ/qE07SYpZjSjPNGFz7Bby6YpWmts24FFA62RJNexjYvC8/Y641reLfJ8fHBTXIAdE5OivZgsyFNb/vrqDmLuyF0eIxY1VQzdh/JmSoJUDq9587sx5/ed7pfhRuxZ0dS9Tw9LRszT5g3+yy5IFzlvtrdpr3nbbe77RB08uHeiQh5PzaqLIcNmrKTod9rMHe8VhQT0Y7MFw4SFGPViHbKkqV6gGgaD6RVAdjOI37c3w55J9PJ79ckYCOW29Hfc79yfzp0822X/wMxc95Z1HJkPXnk+4s0fzrrVCsAXU62ObQ9Jjogzlvl4fe2Oelbd5QGZ7W6ba5a2bVcVlqrwm1lL1Uqdl7Aesc2kPc/r6+LmNMnHb0ZGyo6BXnp/X9je/rCqoP/8GdTeO96Ykingcuy3spgLyv/pGdQwsHpFs5Sl126OM09gWKFfzPNN+BC191C4GCqe7i1UnFPF3n5bSzRjgmHd+Jjpo8eM2sBbabG8tDOvISDebsjU4FSYVDQzhafZajGota9B6K1pubMTqV0RWzHLlgBLs1IBWtGOkKi05Juh1QemtvBNJXqeOUnFHf283aLS1s6nJ3rx490yB5GoSZVqa1pInJ8kV+ELXVdZYTbI1DJ9sTD4bBaHxqOe3E+39lPiRwOHlRzGu3F+1GVgvIxMG1Pof+jo/F+b/deKpTwN6rd/BowbQs//rAeoMfU57jKD35lNiw94u83gD/7++f4Ldi4FKdWaGc2GAyjKBbS4O+OB6c0SOhehDBpxtvACjXGGG3FgVxUYGn/RGKf0a8EZmdJJOp2AjDH0oLyOc1gtiDfATLvEksCXcZ9+o1GmGMULKZ6GYqnTUpVRlmp9rku1K8HBq31P3XxTLjXkOV8eOLJY0oZmnCCMR3NdxwqgFlX7UNz1quJMaS/Yv4D3p/n3SKY+C4MAnrhpcR5tZWZMAjbmLNYgNehD19bBkp1sxKbzt8l8goZ0PLLtUtxvk58Z3JrH0uO+mNeIz9udWsra4L4ntAsrEP1mawJJxr13jPumQ8gwNJlHzCjh3cKh69OfrZ3J1cJh6zOuinkbnp611ErfuTpWAZump3IZ7spicZDamknLxFdXj02Ev4JORPhTWciEAnbDjHP8tVioVLvfT0pXpe8ak1zm+XtP9XXyJ/MhsJ+bMpRQonQabCX54/mMp2k0nRCJmUC/ManvcvDV7RWoao+lpeO6N8tgUAu70d64d4N3tlWEhbHxLtQWMcfT1tTZYqHUdYhUlhtnwNyNERWvfkINmx+EFUb5HEK7LQtrMJlciKSrxoILNRfpHHXd1QT878mB07Nea4NAivWlq4s4UiiMDxS/MGtn6cmeiYbv/9enE2bFqVkhC1oWEHR0Z/4UGdLLgsn+txZ2+BZ/fXDCcXidJYX5YJx8IBNYBjVj37vkfcFQOU32ZZumZZs5i4YJlhxd4r2l48A/l13adgsCRdd8eMkRb7PwP273i6QN+pk2+sbcikT3LpxfuNjCnbqcqpM9GqBmAU8Uhe3cgx78e4fWMdeuVEggiGMoXzKAWMf78oFIFeB1r5msA3Jy2zybgqqC3wif7/UHjuJfAbJggq7sgryfDo5dXJvS+WANFerGvLSR4gun3AKZEyQxLbvsDe2Zr52Zc5DIc4XwvpFIT68vLK1SQIlql19DyOx7v8wds2XK1i4PCB9ehomxKdO0WKDZvoRswp9164foAYmtHLqzL4HYQSSbaVRJ1L7o6zhXYnBS6fzUFujOsOG8o2KEfaNkjypeV0a1vyWkfDKJI2SxO7qlybgcPaFkABG2+JcvzkkXfQOkmAsARytvWouYlBuAsEopeyz3p6afRyfSD7njTG4zk9+aF0yMvF/5qbtzT9oBip/wpo5qPL63Gci8EPjKWib2XbcJ/s1sBy1oloj98zfAJP6bPQ18x6njHB6xCCNPYxd0kxzFLxznjye93TWG2amePz6H0a3FnGsrPHSgRrUpYyaff1depwIzGqVi6InKskdFceNqc3FqDABlxF+b/S8jQB9Qzit2rLAfX2N/UmAh5Hx8OT3dfv6+OkdaniQrdZv//apYi9sSOv0D9M1ZkgJIVc0KZ2ogurW4pcruHMKfiCgctbhtXW425HUPLlHH2qINqorLDQ9Mmr/g4GeWULIZ1gozRSYmGrZzz5BeNwpZRX7nrFuSiXsWWrjG4r/iaCWxQcceS17NsDDs73af9NVGMwqicVgM5TV3FlTRRLpdvPK2ZltZGmniOoaVgGb3jL1v21rtgLduOtptNNRMI2Wq0Mt0DzoInPb3Pe5VM5NXT8N+owc8CcB8+IarMmc2aP1NXfxm4/F8FGpd7CrXeY+LbMDwFmMdOi6V/HFwhZsOpuvZmYvGTzgyvavXWohuCLKA9LQiK3nl96hjuAO9Hf4eY2cGHt50TyjfE7kbiopac3xSN73+rYZWC2aSXGoM0o3uYePz9eFVJ9zyGUqZyU2eFA0j68I+MMSxr3wqU171hVU9Q4XXQeuz18z81EkTw5tSFpvhOh0GefLOGtJGBUYXmjWjc9LsQr34gKFNegvcNoq5idMNng6PqbCAiaZDKGpHLCVXXR+nW4y16aKm6F7xWMZsyyiiLxSnEmbQSr6iZBGNZWtAwNM76i5RVmyixAYrEv1EZf4JdScl7ri4vevIeVl45RjjoZv5VeBk2DUZhvjygoHx3HmGXiN8wZ5h0N6EKOFR/YEbndizDrMOwTnJJ1pxqs5wam+TOfKKDXT8y3EsybifZYf7sbyUboabqIJGkjgm5IvyOvVW6q577cLTB4k4I3U80dg8GtTe9wF+H8bcs/DfCXsgtRHrlP0spbNsfaFGY4LGD1Uz0tpQVBlXa+qLfMaZaGuPSoEdV7Ki3ipbCBjQmzxIenPFf3PGe7d6vjFYte57HipeXAVeDg3jI1iA1Jxf/G3nR7A70D/AuBfjkv+ui+5tXqS3k7I9rd/l5y/nKtI4t5lDJjf29O367fC5uxBmTyWO5UL9ofzJL8P4oimWCzxlmM2tsDbU1oqLyCmiKNPlQXpydGSLevm+8S+PxoOVVelTpQB3ozj12YnaJ2KHdu9G0CAiKLJT1DO9vn0KmETrGNUIpLUOrouXbKZttmTc9ZTW7Dowzu007MwK7NFLvpgd1gs8sgl4sFP14I/7E3qhB8IuN4SLiUr10Wdv4wUXvul0W7jD57kyFJXtomR3t8kdYvweKLj38d+9+WY84M3kixj/pUkcP7GX077sF2/W9axW59lnryx2Cel3ZFfIOcWSArq1Mtkzinwx/rhf7xi1qP3HO8ZwweOyVaEdr7i2DCt3+MLaZMfBMJQoxcnsd9ZiTWJRodiepEhSKb+q0e0b8g2NG5mWp5LZ1mJO8CgU4nEeUFCHE2+Yyi+yTcMqjqVejJpqfMIeuDKdSYQMOqoHpI9DLNarl+ZHE7lQLg8NPKuCjhOLA7EaVHNczjdkY3mHsECpsvUDzWMkXBuO1UyZwNv8Ujc1fLmcpNtHrCYkvJvl8mZ3gDUcpaS+OnZr9vjmErXztCMUZEdFb7tZUFGeMTJU5mqxlnwJVGuJTYYoYu2hdXrRMnRR5FNMTw9G3ry2mBlC0dPQeVNVWKhpvAmU1REl2MEQ33AV3ziW3cFQPZjmOB8n4nwNdxjm82nIsd7GuZH566o5emJJYC9AXXh2ZiJ6a6Iui9uvLDzPgMxHac81aLPdYvbnUqDBEbbQamHt53o4DroDfuQzq90ucBC3VFcc1luyDmylCuL/iSIqVn4iqT3NPP5VJtTJi24WzUzob0/lzGFJe5ZgJiLE3JX1CONOGIzxZvBSeq7GauWSeDANIU4FkxDGqT0XvT6h/2mAPqP3l63/Fjfq4T2T1kQSH9LprXrIQoa1cjQczzTZWB2IQxkNGLQ3bQ7Sz3CIvr/5RmwTLaeRhAvwjE7mBYuATymJ/cTX1NgG7XFEV9ly/KX0Q2jCJ+sYRs+9HtZNaC1EVBmVYrAmcoybk/TBswL3+d03+mc3dw9Xdw9nDzcX3N5uHm5e3u53j3PJK77eadauWW2CaLrZd/aod9e6+d5gDOymFWiItyFeYGOrP+sBz7owJiAqhJcEga1dYYUUTdqOtZaMamJ9BiHXfxgS+Pzw6Rs2UhHIn9gtb/ukctyvY5QHz3onxQazUo7XZtiBtdW9LFW11p2WwDTAZcwcKdyzvDk0vAlw71kLYmylhev8yWyIBsHtgJbAPBtq2JEH9a8+gZQqFz2DyvooY0w2VTs+Ce6ylEQ/zYTO7ovGb3TSqzq1m5UzFf1pLa8aH94JzG8UgQ6MQkmP2JejWht0puJFjXkGASYtwbX105Nz52ODqKfLzvu6OhzP/YxXVbUz15QuNX2A3BiP/80H6/6TD26UZAzhGDV+ZTFOolNwyzrYKJat0Qb/Vns9eBa1KNPuEdXAyp1kzQWpuGOUw0MtMae1Fu/nJznnWFKCRS+xF7YOqFI0dk2rv+m0bKrcG0fJ6CC/9YzssFbiikzY3vxKjYuT/7rURIlLM21KsV6svJKDpH2zWIZaUmFOut2GgGO0lMhFpWEkXB3zgiG/kDyKb1aazaXIcKl+ZjTt5oMVHT7jZdsX39IhcUqbKpqDQARBZKSVuhKGOlwV+3Wd8LM+AvtL7/GRkvK2pw641NQwH8tH0QxTsQ9b2W1JSXpYlLmmj4nN7y9lNdpwOzrXO0MJOXq+H1Q0242DN5Iq5/sdXVYjb90GGLQmyapSgi09VkPU29aTIF5rpD7Y5ozUVdv9DRnVHmDKaem1aJ3XuS2mcTwODT8LR8aAwctMbHx6wQtltaHGHp09xCo78VjuWl0Y3ayXJbLZyTV1vC5QqmO7rawt5HJ5g2Bk6lmEGkpJa4k9GuTC/XJjUalMb91Mfrf1EpRoqgm3g6jBbrcZkhgP/b/BPph32uBTAYirExgqMojKD/jlOODoszh3cO8zf3jl2d7N51nX51iP7YHnd9Vthl1vuNBorj7A8FhukfbmKaE4unbU3osnmnWQKHPl2MSHLM6nc5dHBwcNu5lv5Y44tGB9g/0VtYoKrigL/Jq4k06WHywybfcqurvuJLRWBlwHatdjP5DrmtLjJRCQHcTI1u30cr9/6E2u0hXyvX24u+KM+C5yfXm5GdpkerK/D0lOHgRUYeiukHZ2yHS2yXYlD3avU7j57HQIYOiQekJir+/YEbPJQjDW4W6YfvH6N8zoZNTL86E1ZJu5SCYA5bdyF9pMqNxgfZXCYUdjiXIzi95JzSwpXpdBZ7u5fum6Lz9FdRh+WuhMVYpuYgNIptZekx9CWJulRmAFtcJm+/Wpa0sy3SsJPdYtIPIL12q9dkIKqSOHBc2S22Gx5lnUWcInC+olP82UzlmHeGs+liZzpkBGS4SgIhvGubHg0tOaYq/k+GcONfnOshQyyysDqAbNPgqaabtJZWLDD1mtn2wrywqdo6xkyA8G0U+Ymnr4dA8OqZojSmRHp8eT4gL/rjLMTnX5V4T/rbKwN5P/8rtz39wTSwxOS/zDAZU/zkgG47ChK5LZEeXR5Ms95zofmAWcPY2r4kobqZM6zApJqk5Zdm00pydZJdfqF4d2KZ2XBNZXhC9gO/W48R9n5kD6X0AEuuJmZ2ilhJh6A1HOFjvan0KY9bhFiQl2qX6DNuiQUOFOPXkkXFlxM680STm/75e5RvOXG/rIzp33yc1eMqVNBfYR6U0yj6V02cCC+OakoHziJqLC7MLHgOZk/Ma6JZM0zVAPQMHRTV9m9RsORqrp7w46jiNistqhaSqzeUH1CZHbBJvZ12JqbbjJ02fI78ebvNjI+jMhjreF83z6uzo6UXBaMSH8NFuBTgdwxdK5lEJmqn7ycSruSbQWom1YoaYBZZQvG0RiS3Mf1wokfGR4YB96/+MkucBOVKrpMyX84xKJ2ErjkGW1DNx5R7osfuAXsTDep8avvxjVBziiWFAnOH8MKmtJXTIIVEdVrl9oNe23dJi6d+x6hKwTNuYPtmzQ+FnNT/UYLrMpD8oLKJ1b528veEPsZEZrrOZc+DEJm9+RuMWThSz7NHH5EQYJMB84gx4nMVapiNm/jU6hSUFR1aGUotjGKr9xdBJasnHYReacsGX9wkvBibhoQYhbdl3MhzfbHULnT9UUZafkeQXv88ZQsJR3KtQPeHWoSMhHHYg9snS/YwwGfN65Dg2Eu/G6uaV2+Lg/PVxuotz07s+RwQWfYSvPqxi6nQ8nV4SFGb5n5+eQ/V6Um6ubu/E/26lTFeqcd5eazHebp4fmd+wk/5gYKZIcBG60g9HqAmAGdbyGus5MKoE6ZlGgNp890S0JCio5nNsLiNzVW/6komRwU5YoJYEwC6TQE8DCOi05wRDO9pXPjekbeJQH2EucYn80LjTStXtvohqb4UlzGg5vlOKDakaa972qaS8bN54amZdsgobzOhMcBQPsUVvXKhMOCk1cvfFC4K804R4QbUvuMr1RdUu14bQaRWgy/d13qFp5qhSH5W36lcGCxiuprcG801wzBpyL/oBGLXm8urVQhmdvHa3ioVEODv9UIjQOdVzgyJJilGblOb2zoLqx6n/S0tM2Ys7q4f9kxX99PAvtPj/iI3deyfxod+Ac/bby95A92JSgtauGMot+PVMaSQr7RkAU/1vGUAB7OrV5MU/IKORAYBR+7iWLhRyOs5ll3PLZklKCPsxCYfI8ThvYnraDU5jTw4OwOIbs4j/LynhUOq6L7ZCmzFofl7/BQLuMbYBIR26s/lon3aRYM6C55/Sc02eWCtyNaD+dJ9gw7xjZaYaCz/jU1u1TWjvI4wCQOVhyUXS9MUmbl1RKdzXaS9LqNG1ifaBKeQmE8w18PgK9tktSRFwHZ2hNTqMAcZYdV/ho2XnkWfaEL8crb2rGwddmZh3GOQsx6uaXplsbDQH1QKCSvON3rKAimiqR+E2gg1deF+WZ1dfBcqPdzZ8GlFIUx6c/ktRGlYhEPUDSx8AUgWoxMr0xngkthQO04WX5A5L+QnXBQQkEWZpag1hsSVRdk3msfrxcVqvgbc24Hzu8+wuKO7vtXQcILnN1SP58J97Vx+4Cc8e8OnORceAim5QiQcdo609JuXwhR2lpZZY6OH6cb8CkiE8/ufLen/P7EqMkN67zVB57vP60nUlOQhRubpmWO1E7kUfjGNB3/rX37HO/HXtvLLvUFANLGbO+/jsSCRb53FBHYsAE9pg9qgZkXC0J22Cdze5ztOAgtp0PPmmo5rHrz7fnS3WV4r5vT79bgs9bl4+MWN19fJ7Ozu56YdtkL170mAz+G5O9soZ53vn4OEcmKDSexHWtmx2Srft19exw99b47oHdJzJDOvsPBhjy4WZz8zS0aXvF1/3x7urmjNvj03VR/pHRjsvblpXEUG/nSSUTYVM4J4HSH6dEZuceVnvYXoqY1JxlGlClIcNkaW+20Eab/i61OOP92ZehkvuCatETWsV5ij40LbXBZihn+juERz8F1w/2deSV69OElTaYA4g2Re/5RJuJCppkQ2Olq8Xuy4yaF/cqEkFhAU3v8doT47JpPOlFTT8wtIyquDYcVXGZzLZzVK+Wc5UbLUvPRCb+tGxZpUizqS0HJIyJVpt5DVl2jpas+CM8GgqHrjr0qzGZj6oITNXP2buiGAUI9Cz0XOAUlbvOoGktHAzRSi9+WyEh//di9DQdwdpP7L+1lIf2//MnormKLbTZjm4+V4rY3CFPTGo29vQ/KcS9uG41Y2eiGa3Hvwnihp1T+CI7og/l5945jiJf58Wtb3jqDDtYJCXYsjzV9muzB0tJd1Q6UMvstjF5lZ7+sd5sZcrAPwn8aq9GES25YZ/I/5q+z55AqBTzD8defTQZ1691PPfpPFmWrfL+rIYWx+p+cc6bc15fDf3osxubogZ3JV2hF25STpa1HDWN6jPmcw+uCMDP3OBJ4h5UZRreoGxwEKVmSt3UZCIA+HTgq9YqfqWmPh+hm5m3LUtr6VfbYetxENMIc+Uc7MAQG9TMON6EltcmKc3l+r9tenAAakSMD+8jmLfT2PpRmpODq8TKMksKGdq1jOIpbRq6KByUZ0SUclRRLjzC4DRsmrguTQPHcwuPVK5LeBO807hflvsU17RxnLYiiDX9fD+HME1KK/ylD1CLDwqhMFSQnjUSED/hpz2hmEv0FADNuSL26rGjdq9+Jr4I9AEcIPnUJy1gtGaRzXeYtlbawNKMCRQ2eDRurXj+Nl3U6asXmaZUmjfzvtxfuy2yKxiIjdh9q1vcd/y6CBXpJ78/WIRUmpUWDOUxCGdyBHwOy+gSW91S70tdNQt/PayrzBstiE2B9h37TzaCwsAHZCo7fKrzZrZP1CW76nEePtzRwoHnl+BzK3bw+WmHaS+zFcxFe+768fN7sfwpJ15vHx+f1NO7u7vN0WQy34c7W5+HM9+Hm6v7KoCQl8/NGW9qYcY9QG41RnewCrzqZCU3uHWef3+F5QeQ696HnNhPk2EEKKxkoz4OSlxv1uDf4kygklJN5PxBIMVwEZmt3YtWuvZGvWiLXq+3BiH0ft55J8z3Pr1SteEgQH85MMnT9B5f9mb4A3j5KJUga+8pd4vEDN6xd0QLjz6wibCRPONMtDOptnaKwb2Wr25UN4xv5KJ1jThrKrErW69c04k7UQ37TLBLyTvhAFHvEU+PWvVglPa7PNLIx2f0qbwdzmiUZ06SBNaulassO1cbVCSNGymE5Y0ZexcaUJSa1FpV9G2ttj3VmDFsRMXUiO4bLqgHqXajED1Z9MvOlP8YVd/nLimqmZ0B2jtGOGIkwlPhnb+XlRThNpMSFwox//6vWH22eDj/R2+v2P85fXrQpXlYDGzYQ5gv1q1PU1Xjk/zOpaHaMIAga/KTV4qFJ254dUZArKAbz16TGjByI1HiqPUl2rLvD+JjSa+OwhraQAZXqpzzXr008VZ1u6cVH2xhFAvUVHHJntp6+AMv9ZG/IX1A8fpmQsZxvTJVsomzG7SFl2Jus9Lk4pBZwd+h3eMavmETtvg2lxaTT9QDIHfUVcc13jCqsZbX+obDgnA4YnbP2POwtc4+sEo3nmhu4w6tHa8wuySRyOUyRA6OXKanoQEeskRwzi+uSL6Iqo0tTUl/uc+H71+xs1+vSWb8nqDfV+hTj/46cW2Q4DDxfphPn5K+QvS1GQvyt+3EqIxWUpmgDcb4ZsO5aa16O97BP8g9YgpLdCglng6UUkyiYaa8CoZzhA9iSj/9g1xmgOgaPT6ZyyUsnmgmncOkDS1yJKtxOJW0p0yL4Yxb6iwaJ2Mnomm051baG+m187Mq0zXNOsXRiFtuf6VDjpxw+GU8ATFvT8x5UyI94819mdEDK/c9iowtiwo1kvRhRcYP8VOzpiQ2GvKXrsWlTKO13CgMg/eJKuPyejfWu7XWKbGt+v3najurG/xH/KO853UJbKNnS/wlY+OzgmDDEXu2GFaUExHTicDR01pTN/c2a4+O17w6J/zPLSejfZ3UqNsDroarrNHCvpqfGUfTihYaD+99mmAkqIjxwxurq6v7c1VCDye9x77P9y9K+5gG0O3wQuzgf74xvrs8PzksvL4jFhS6i1HyZGUVE0E4cG7p+gP6wkb8HlLCnvprPZZ9B0W/qwV9k/fHJ+ZAQYzeU7VP6C0+2XuXQ8x9xH9sNChHme6Fl13qopG2vo2GObUF7OObchzf8cBAHJlSoyC73jI7t/VLwYXV2F0yte7cj8R73VkLAtWhoWK24INji3ZrSumSZRnD6sJrrnz4Cu4yyax07ACdCQUL/VSjarpsnoVXuQYZ0ZXBqLaNJ31zdtfjZmPnzFElNPBHv/YbS59a0vLvFR5hNLNW1KVXGjh+jXMjWxYKchvQzYA2ZUVVOo9aG/HzHb8G5FCpLYcpNboUFFHLGqNeGPBvQxSzOrNQV3rZhOSUWnEaPaMtSR2XxZ6kJmznU3pkO+CWWsOOCfSnvjXi1Owt+/8WHbX/E4Y1ajap3VeKFEjwjtq5p41/VC5abjHXUyWhi4Kkmmy3wjus1rj0CPjonaOPNUF6HXW6AzEjffpR/OYOppMb9inHRouaqRMuIe9cITNXjDWx+pz5Zg6mjKNWpsXj6RMaafOtFhXLDVzTashtlrYBdUhcbDd3JDVpA/FcmX0cjW90GrD1khZG5Ev4DNbxdJEgRntZ8JEaPi63veilkUnN6zGXtKjl1nXFv+31qUquyGJGs/Pvzu9MZHXo6coonSvKKwIn8TeMdCRfoEovRPNd7nAYPTNgZJ+SUkVeSdSdTWOPofzP7Y8QGbg9vevFCEe7mwiTcLAEf2euKlNYH25qG6Uq5OJOoD12nTN8CZgKG1OypDSpmChM6wFqLh0MwepbB/fE27wliPCbnRbX0IkuWAYyPj6oZHhuFQR8VjWuKNxt1o8r6k+hKjOXFwVDWl9I4IKU1KMKAAFkZ/vc3J1d3Z1ccKdFeubru05i9HSFfQdHVy6UFkQE9J197f3ADnAI6ButfS8Z9+p7Po2CtBqk3uy5znqc3eQ+HermW/c5LA81RiKDgvUrigMrmH6Kabuljaaanwu2T1yYlt9c11XLL1I3YwVhG//APzgaUBweh3gW0OOAJZ0TRo+KC1XmkIIczrvnuGfZRl9Lg+vmPrMz22utXP4FH8Ci8W0Loo8n8mHnpuvGULuxsFkB31GBGLH8Uzf+TNnsrKw1b7Ctre0kP9jNyytIc13i2X5PUDpq90e27Mzpz6NrbjCldN1rQjHc+sO0bY5A5ulzyyzdmowMGxNUemuQ+hyYT2fW4ThAB4423ei6f8OV5Fmo/qf1cfgKIHM99oGp/QjNzHMuzZ2qZLCtTfxcM6Oe3AIU10G5R7sgvXuUBBGYyfRemMcbt4YuQx7fQmEKj9rtIHpeIoffbyh9tVG5NuCIx9QSjhJ2nGqOiZOqvHcOMDWb1AhnyxYLRj9c09xVpoYHSgat3QejXu3KhQjjdZH+B7W6JCLZvNVyYKYRZLkYRCRDreKqhOaZb2Kj7HRja9GwZSWGbVu3a+uPBlA55yw98pDVbFYVXApbKSxcMY7CcLfM1QNsVWBc7+niVmAYN890VqVJqf3uWR5vTfpcbi0t17CJJr34edNaDGYK9RZbECG7/Peu/9uDifBrs//hN+Rv/0TSNfBzcE+VwK+G4xdDdImIJwhoHTwBWTy2yfPa1Ff+pBKvXdDYz1vitsRSRXtgXeFm+BuaegVsbcjsdUWh0CLFCetF9lbUj0bu08ExsLFdXufjcdjOWhz9Dbuekc2CtVMrEnjlDx3h3bQz1GnjXJ1fuPgv0LLe6/nDI+5ZO7ONFQlMyGWqAic3biry6jWBV8cLFQxNmeuuZz1Mys1t+Zw2YVH0X51FrAsXDlGbzuMnbU37DwNqVVnQLWYVoPwM5nyizk05VoUliajtXuByo4V37x9JWtykGLre3bE34KAk8zCpY84iH4hlqYOnLK+NWKOqlgykuA7792d7VBxP854e3Q97RR/XnS138QI16bkON9OBZ43taQOK6vyJ1E2SM7LBC2V197gWf7oPmm7z0X1/2SPJ054GxYLtjvL6s+aG2TDzq8xZqPede4/MTMSbfsI2A78RoB4MU3h5HQgJRZGRicmB4+eaxDHThp2YCdEQA+Fu/Acub0dZcUTjKIQxuf1WzeLyafz1KWXlRRXicwa+mEjE5n+ro7F7IyRFd573STSDRzCcVTw9VgUhMqabAr4y9p5/3BFHyJNRDvK9rUP9VyPt6JSkSTMFLSL1h/Bog8nTte0bdW7E40039QQndRZh4RluUipkQLEe/5zTILPAKLrJ3Sny9i3WjtumY9slD6lDHHF/iYoMlKG/GheawI5NR0M/MLaDFmL+ItIggZtRwphBDAwMOTk5AEAODIDMNYWCbWNss8l0dYsAVQppD/sYclVV66GDT27EqINHRmtypG+K82s4ds4DXwsQMvd+gR6vRmsmFqKOa5lZACGORal1mXnHyW05G+4Ksy1z4Pvl+n1dnu5EfC3YU6FN1q89n/nOxkA2GJ99j5w8x/03tmtnU90ZpZAmsuiJ+3jLqmuJGU7NvtDv67ouKQjf1XIT31UwYK2FRp+QfPEWL0Nhzi2gsLXZW82FCikEaMNla2TDG4G3ekpHNsOP1tb1ZXIufXBefcZfyzKC8zmPHNO6lIEc/Fq9PVCT31bXwJonwlm5gcZW+kO9ll3GpsAfGf6VfFKMQlMfuLqAzXCnOcInj1Epjsfxxs4FPxO8EBsEGFtTWp3+ctQ0GBcJ3qlyPis5i6yGFhcF92gHAc/jcV1LOO4RRmYVl3W6A5QhOoxhKM6UCvGqhGd0ReXri3jzeErOnP7/j3M5TEudJiJVNz6ZWJ40hjU1PEvjxXnvOucIZ1YSVkiPbem43OadQqGzYr/c6JhEUZ07TNI47JDVVUs/ZnRMIVWwnFlc1KHzJ3HSUL6XqRBkcYy9Kbdkilplr/m7GChP6kbH/9fYOqxlAi+Fugl5xiUWTjsNM3apoiOdmVlHrUvdbJQ6E9aZR8gNS0BH6fGJhr083fOZ7CcttGy6sD34pMFAhq6QA5sQ2PC5p/FuNQVpwu0jna88NjrRmn7iMiAOhmuCQVhs7NE0dqA8v/ymJdW8Kim1AhmkvekieWGSpQZ2AXbzx7YyAkzKwrQY3XXVWxgZljaEiqSk7NTNrHDS9wtnqdhbFjU6OnRsbKFhgVT2S10xhJnrVD4BCqbcjv5sqp+7dSBeIbh1n8mXAqcCTAvz0oJMpkJ6NUiPQ2pXlHo7Fki4H2PnyBAe9efJ3ulV4Qcs++zcwbUGHa3naohh9YzjkyraEU0cvlKc51/HUT73n1KMrrJjSzEzaH2PIsJE90MlUglYXcFYf3okP46KGZ94Xze6YzrV1vf+a3/YKdHayio1ZVo8gY6hWzDuTIvdcBjh0Ghazk5OMWGcyUhrYfEdOOhWi3tgmBCwW17Qs15eIFFKTlP5yVyk6of9ntlm3f5d7+rJ7u7u7e7qrv3D3dlJ7/afKltIUzIctn2U3HR0HvF8oxc9sGhULk068xIyZfqmfqHdu1WFilwGhthsGN8CVWxlGK0/uTamcjIWu8ozrs/W23wXgu3jvxWyXpjL1z8dFPodL2HDPRwptgs/cWH+eY1ovqM/fajjjMQV2M04w9x2AUpuhzvbupGgynH4al42lsM7FpbXL4wibudUznTrFzrzGijhkn55daWItO0gBOjOIc0q1X65oklcfVxQu6wH7cjKwbwEnfSHXmv72l702TC9D46C9eUrqz4BBxWO69YmbcHXs4vCeQRUGss0r7QxgCMTb9Quk3KQLJ8coNrl7lJ6y7rRF0CLIweoZiWvlPxqLSmFxqpFWVPIpeKhT+kW9f7rNgtnPBud12U6b+6Atm+trhu7gK51BEV7T7zv5RraoK3tik3xMq5o5ephta1qU0DCWQ2YjHOGsogcMHEzvE1L6T+2nP8pqk73CUgYmdGN1lCG0DXU3IudMzXCW0s4mcIv1w0uc2b4i9f/yByVf8naXHhkqNHOuaZ7UAgWKnGg5niqp8yca2GrptXqqqFz1sqX01gSDbyZoQAzb7X16tSvxglW/Ban9Koi13YqYJN+mMGUzTNjbVfKc5GUrv96h6cLlk8/rdwhBmGLp5aNsLCL6gvhUU0RmvsAxo+XTvnMmSymrXDCJib5Tv5aWz5WNnisyOLyltC1zOldaV7ox/OanVPLXBUPZ+j10H7JXp9Wj+CrhCCpsC5OLq2hp1vNDCan2Gn1XhHOC6pZHgIJYdAtWRQhqhRHYJt+kGU4KCgrB2B2pPGbrRY4eRlepKLS8OZ7fomzSomEpMwUYekssCG6XL82vIzXfLF8X6qIPD0ambDRQG1Pbq+1xDyklMAjw+qpyIQmhEd1Fk0CIsqx6DsmwToUjjX0fu1+jKU/rM6PlQzlcUld+nZbjGVTCDekvJg5AHUgvjlU/2HoQeX4uANfdmDizeTKNFjBSD3jMu/rECKgN/t7lC+m8o7viIg4ffY2h+xPX5RvlkkFsNrV4qSyhY6jdy7M9Y81m1EMvn9vvLk+vVv9fHDlP2XGTHCN9Kg3fy7m7TrjfOfPu0Pb6//+ylPrr1LW3Kk3AyrLYAWvTX8tSoizLQ8PgKbZB14PYfAemr5/45pHu13pje92nRXvUg7T4YKhHd+3L9nJn7QTQbgD727kCWPY8qcOzRJCTFhbsmXr5HPJUPO+XLyojH9iILroGlgN3h1GfwZx3qs2nwjkM4VNlMKXz/6IwzcmPx1IPoUQF1w8oRcHpUumYAWoTOhGJPF67jc3zdar7pvk7VIwp1xwFj8hTkm59FDy3/xCiGD0LYFo94cSfZ7VtXSOt79rWZDh7PkhoOa/eFDViGgpv7/8bsxwHWRPRxg0CrTFJSpfz8dhgQchu4QQie4bDusUN0vpQQPjT3oaXISC0ThzOXuVyed/5YNrrH3zbajpBxzUdQOQ8RJi1E9dRZ1f36UlvlAfpTVLR1D8Tj7pv4vm1woDzauo/xkK/Nfi18Ntp/xNAxItq4g8QRJgyEJ7ijBAa7uPDqBit0eaP8141iqrU198zukaHaEa5ACNA5T2mIcJhM8JqbbIoZ3m5S+/+NPXj+pfY0ZvFD7y+WnkTzBv1fbqrC5x0C6t9TAO6Da2RFCdm181ElWTa9cH1/H6Lm5EWy4pyHBPxPKJmnTSESfPB7K6zv8WghZC0tywUBw/BUwqb+S3Of1OvKp906yJgyG5xkA6figWkX37SOg6uYGx+KCQLtR3a/idO3ezjtNxsgD9b1ycoP6BfuBSBTZfpMNEKb4dPhV0AljTgg6sttZoM+nT/I1nQ/OUlnhklG/WzBEH2p1MZnzIW+AZHKIPlzp30AHSp01NR0XrryXJ8DIdehCb8WjZ6gUJ9J4ajW8YRak4TVRTwiD5O3WFeyb1i2pASgW8d2HbosUGBTTndo/xxADHOF6uCeTB1HXdCI5BpLXIs3vQs9UIT9Yzawc/WYfQ8yj/hVC6m88zynmtWK/2TcMq3sNTDsOgijyaThShWJyZQhCyd/2y+tSt+hpPpaMoNMU2DCgj3kQCQWMARBpOtq4T2ejd+2MH+Xx6p+3LfoQmvqr398rjqto0CnGrusxVoARf8jFrfh9Zv6sZ/YjbGrz/TvjPXC+ovXF7jgGkxycKoEFYDifDE+n8q2Y+2ny+fGCk7Ou+xy9kALF/e6ffyUqYMNgrCRgDcRIPRYoX+gBIGD2P4KiIu8MUXJlbob2oWojdKp90RCD78G6CYn9fa8/sg7/z769xXdO5ZhEcRS5dIo9em13G1OvFNDWpsVG28nkc/9wnlYQ34tggd/PuV8TaxNnNMVMvVMdxGBZaMEHLN1vrZuy6g4ueP6IIri1vuryiWltim0fNR5uMUq91zzI/ilSaN8vnUCtzzR/mf0VinG8qgBp2SsWzkFcE+8x+QwM9qupvMvneqYGBpUceJA7k661wEYK+nyvVyVuj6C4FaVzPWQLzDBjwoQjVBYwB9q8ILfjHRskcpq/lR++w/gup/u+WXxMRIee/52WxLzr5RzBCz/8MzfQK7bWss+pLiMRGUCwSVenKNVYvWMsS1Sq6CN0nxk5dojkgCS7BtNtop+U92Qnz+T/vPln9wi9INT/Bl1k9Sz/gmV+rZF4NiWNLcAt1nLO+y+vXcrkhUuwwrpcWb85L4DPL6XlHVwGP3WMs0pq9XU9ygieBLZY+XDCbS2TTjSnwh3ZMZM9yN/Nb//yjstn8lSyp8G2xzGVBYWYjFFLkJa2eXG//unaAsiIT+4y2wmvtAkVM0FLBM2rCJVSgIFip+FNDTB315ZUsGsxf4/igMSwQ3VHaPtvsVEPeMU8j6bLUYEa5zoabkfpzoGCZOqNE2QcHFcX91mAewc3gyJXNR/krkUIYx52IJ//VC/pyn3mKNMEctVdYGVRmKHQ21MKwKXQU+1ryGH7VXjBe80cIdiohuAunVumbuFFWKjylxNPKUuyYDbINjyWx1NWxs9E/1nVvzrt/uzVF8sHTffqTfUP/ekdIG1oObuLuBAsMIuVp1nLGCIqAaUfAOOwyM87DzB0lmnkmp3V0YvdZ5OvLYMl6FliS89uMw95ZFcgkg9IsRz8r+2Dtm8FDj+6uY7SAJxo3twMhfmcystzTLNJv2/YGMuIDvRfp+bkz+7XLv3evU1d/e3rEkZHenAYRovL9NVsikDsZfueZ4YTYHm65wgekOjmbjLmLmsrhJGjMiQ69DJWw5LX5/vZys4SNcMtzGcTcvHs9HW/vw0uLinSt73Y4v11T6bjakjxptvcRcESzlQUVsL/LZj/+VuvywzEdOAdbwmIqF5O0TEhbq/AeFsA6eDs7zy4W6uAbcQZk8WyxFtfMPtWL37GeO0wsrZu2S06HO4zqmiON/rANPqA+0amFaEc5gmucfVu2GPtXt7hfLZNWNiFaRunU4lUqt1NWbwGeJb57NH8Uz35RiFZPoF3OAUPCQYwdSh8iUQVcQ+DnzAMuJqFV9cKe9UwgtDSZBrZSzj1c24EDcAspsqicOdzw2nfkB4+S1a4dvwgEYZM8Q/g/1BK3z+avWvneikb8/u+5Mj7yt+dL3edL31vAs7HP7aDQ0+kd9dMp2fMp7DnpcdD3YdMOHfX56PgJ/dH31T8hbdTrn5D28vr/jmMLUMc5wLLcMGckMt8yZ5MiIFiUhMwy5urWJ8a3uinjy5UuSaTy0E4N8ngJwRbolQatd0sZtQ3P0OaxqjS0jNI7o99MjpAw6YAbBbM5dlEiQSYbqFWbaps6rBF6SygepBszqAO9w/HRdmER+Gh39ePeeVC+763lStSffBEF8pcVRxiXgtlS3OA4MS/Io839Kve1Zo9+vFAxCwjNBAM72mwTmzJ7rU6s0ebHYfiaoMLYB2rt0rvM8hWC2XZs5Z979TLE+pmGATzJiZ69TDBZ0Sa6tAVOrWn0T1WD996vUe9YuTPSHmvgRASBYRw+Tn/AgjOrMx88osl4hT+prLiSgDlNSrQUFLklTETDonv7hESDCISN3mXhIshirb4C0AfkBfhicWwlXk8H9PziJS+Vz/2DELVmXGz/HEGYrepLRb1fXtA/EH9DodXD+FsVlflI/+bp7NFfTZjDlMAYJe3mU5vd09MtX/7y3Ik4EPc3dOaaNXzAPMRsMXy9pBJDpZa4u9ptfNUJia5Ks8YeVYODUZ7FqV+ZQwQqgzZjBT1cfOo6im7vDhTy3hNsC5IDLFMXg7v3NW82LZ/Pk082F1L/KfiyIhPnqLcPF7y9a7OK7txo0O8fzLpkxHrMuiJDZoykBaTNT0793T2MsrNTyTrf6+oszFHvmYcHgjH69rHPr6SFIk93i9EmQuySvdwLhDqZbQGZoebu3ENRIe5mWaRlEAlz7ubj6yPPZVTuHdNVppmuzoYMx16BmtbssRNldlceZ/FGdOPtH8wYBMYYRpdvf0+hS7hj4Lsym4vsktkt4+xSsXgSOMZl6mXuWGP1Hrq45kNhXR77N3aBnwp/TfFyaFCGSuR1hr8ATrtKeecsQXngZL1pzRbN3ZKu5SVwf/mHVYL/VfLKn+zVb8R+iLmh+lDN8Hyw6P5bZUwm+qOvM7V1avbJpaT8WWYuc0RfMnTLbodp3h4yJJcn5rVoseAZlm0pLuuYc4cVpQdpzOLrqdUlCTdz4HvP/K8D5k0Ajt/TXe+cTdM92TPEN+ip8zH7mXGC7LnX9zH0udto7EHFUe/MMnT1D9g31P3V3fHz+YrIedPzqq3C2Pv/4qAzLiK/J1DnPYgbwo/xbVB4m3sNVQR8vsbDfpp63XvL+Opf+4trgKt/esSf6dcJsfrl5X9x3Tt/wtSnx75RRmpKd9rQmnLsFlMRz2w8hnjMT8foT2OCLR7MgwUmsJFSr4DoEayTlGfFIxnAHchXe+U+dMnMXlYfxYGYxSXRdL7Bm4hoO9zhFUw2vgNcxkICWqla18+AbcqKdw2iGQE4vjIoXNyO3ZKuadqKY2+GtYUBuzzNyhV5VhsIl1lKEJJTbKbM79bn4mhb1WKHwGGBYpKjd9sxBJuK7LY5Ls3kivzxkXwwQGClakNb+GFCLqI+24Hho+AqIiPMhtsHtGJ6J1IJK7RK3okZX51J5Q/BAAvYPWCiDtjY7rT6C86doo1C2ZXiVIR//wAmuAmnQc28WYeRSdKyEZI5fn90BrKa/eai0Yni/BrxXB/j3sHKs7jGH7+10XKC5Wb0lKX+SiMdIUdFp+abLKewm9AN5DXlxFdw4Khv2s+n+C/cMaydrqSWTwvr9he3pgOxO7o/sjuHaTQS3IDOsmw+RXpqtYclNq8kk0b38fJ3Mo7sWrnK7BE9GpE05hBE8ZQVZihEIxq/p0db8KWtW/rIXSJacM96KBkys9xhN/D97hFcOTzvrbk4KRBq38HAOLMbihQ7WM+/uIU+nW15PR50tKvJYYw4McgOPvT+SIkkeNGct8/a/0fZW0ZF+b5r/yqCAgIK0goq3QJDlyAMDDFINwhSQ3eHgoDEEEPHUEPXSDdIdw4hLd05dAx/v/u397P+6/fsvdZ+1rpfXS/uN/d5rOP4nOd5rZuGNum4jvdVTVaDJucpPsJv1TjiW6yx9e9ioobqaaaN9Rg/v0wapk6XieRnx9s/PFJWjBYLNvO7TdVfR8mjHPeNdeFg1sr3LmfGusF/sekb1ohyNTP1nfZJw7TdfT/eCN+FtLOEznLuQuNDGXQcKpL56jn5ue6gJlTbfjzV1rGylJ7quievfBRAngrOXqZnPXca07Vxm27TtCegtvnTAR3+XI1SqrrNBQvgfXDH2e1klokUkLSqwCZeVfKJC5sW0gpc160b/0tJIbuOK552adGRWuJazbkZAcP4xwlbwKSvuJeo0i5BLDG9R814/O18BXwSOo5a8lPybdphdMPoOLQo0ev8DL1FK6b5H+8WmpWaUgNo/kfp1T70ShfCzN0f1Y7e3vljbu6PTRVf/Ycc72tVzP/PKPrWyA7rVHT+dsniaqMVs9vq579La6FvZDQScpj4oWcOkfWvUfVtV8s/RIV/apg+y8Fzw3ec87euS0GySmdVpRl8p8oE63X0B2T1pdl1GhoXulOOencTMHG+LrWf3fCXfQuPyrWyCVNWdGSbd5gFlJazuzLcc9ikWoJm18B6t/k1DsGhiWPD5hjiTU6RPZlwQbp6alhzxw+FZ60b35ty4rCFliz9rVYtAO4DeBBYfcJE06oARy0htIT0ZXOBHimq8FuwweRgRebigKZheTgs+cuaiGpddq4eWEnEuONgqllyjrZmmXPY4POgUHEOR+tYxujqk7dbsTXTTo8G8Z/OMQVwUp/WGRpRKZ31MF1ccXh4EqQbtvd9sT8VpBAjbGuroiXEqt1NSmcoyM4ZqMj6sG4WSooN/AMxzPQMXeu0dK58gx6v5evbY09RVCBjoYgTtKaP/aMUoWLOYnx2R2gelmjhhy88Ujns6JSy4pIiQNHmw6Uo2OfHxaYbo/LsWu/as6X0yiJ07SI8bXM3bcneJZJ3CD05JqHHcjdgczriN3/jHlBiNTg+suGD4H2aGGAcnkeX3GKDnWnpEXDwlx8JMnh9Fx0kBekoEkwpYFlDmBOZBRiHnpsvwx4k8JsQxS5YzluMkcJh+QfBkwhq4oSQbbcFfBHD3wduIghuofRPCO7jo94m3wQjozWujGpa//f+l1ZNzaxcI+NokvsTdp+7bB+/2BafF22bFuaCNude1W2Z/FQTeavdAySYM150CG3Q0v0vf7/cdFoRrqi1XRLsM+MI6DXUGClEaRIVO4z6eGOsmhHxy0q/p6PfUjst0hoFYiAERuGYJSl2r/d9nMEd4TuUK49yOZw4GiG9UX8PFtz/Ma3Msp3ZcUiyYszOQMuzYfxRp7AYX8m30KwUAJdeMGRJDhe6+ygmpx5I+pOMkYp395/GnY3XgHbS3rPsoVFt/9JJpYD9RStr88rUkidspP6FVOwCN8W/LekWLyKiVB1FhWeJCJBwW9/IwOFjJ0uP9/yLxASkwY5yDTsc0z6CWPbgzu3NosSCOrbPM6FOI47X9SbsCVVRMmcf2Z9Rg7P3kS+alax+KhG5Z0pF/Q/985NE/A89KqseBOil28bW0JD7I6N745YmIfDbe5tC57TYyIywWNRhR3/rsw89+OlL/9x6UO7oM7L7ipkZCRi4lL2NQub917IIRpngw/1xlL9Phmuwnn/asd/fYHt7WIk97nhA+Z/2d/WP/WknEIa3G6r8RrLK8p3lvKOVQo0qD4xLKonZbfVorGe+sdmogzb91Elw1+0HqYnagZhenz2yCct3xdS9/bVOaptLKfJxSyDOrUNHp63PWTOPDm68ks/ormsRSX0KCReju2STb3oxkWaSYFoqzVP7eiV4uSJb+0+dTbPfrBUc5ULVeWwt2Ztq/nHaOlhluqqoSDOztiRv1yQSFdztNGuYuAetc/gl+NDOk0L/vEdU8Vdb4O8MvBRU59Yco6OMkxCQ/crX7sTmtBs2ver9xew9d/u3KVq9VdnD49z7o3lqpQ5M7y7BwgHz0c03apyEzZ2aXIq8zAIA1/NnCu9Fh2RTUyklI1eGR/FZkRQvuWLTvvM+knPCaysWzB+ceA+EoHi6C3NMUWFKfYQsyepxNpqb4WmSHngRNxn73pFpDOmt66lLQkQfR5gcib3IUiOJ+w4FAPc8d7fKD9clFuZFW2/NPK59s71oItItEJtctzM828z4ZbOfX9ph8p5oALJHnUtMgysmNeAtG4T0Ipd5q301bCJ5VrsppQ0GIluUzd+4X+mhntxsz3j6oiX8z4LV/E4HwUs5PVzjq6mCnhs4akUiB6JNDnfci7sCIXQ2ol2MRPAei5MzqL9PjqHhb66MdaRR7oj9+C7bk0QkcnAa2Z7IdZvItUckcYRETpiOpyimKo/AaVvH/6bNzR4y9a37I7qbM967k4nkSGplov1NWcuUDj9X0RIJiedGi1shoF3HWS+vX+m0dFn+SYD8Vd207zTnClkZriV6c03H83oSTdQS63uLyTs0VBimRm+zS/IUd7tggRR3lhSLAM+8J7UH7y0uDqEH0KnGl15PbNzD8dQ86iRd1OAYximF6pvCqc/NY3qlQaGz7PBX66mNfeZJBSLh+2++nU3PNk8WNWq/90ucbmVLWfpLx7LL5vblK1yTjaHnDs00Jb9W0WKjxwebHru8ALQe+rNLWliwngOlBWKVY+ITtTHP4p2+W0KWZvNj/YQz7J8m7FJQrNFPbXmpj+cwukzzvxpZsmtxCchKEP/DxZfb9Uejf/5RZLIsdPN4XXD0VX7sElPUUkjqauOh8/jhyC175+296IO7AYLR/9NVvGqVfnDdOmIyNH14Wf0AIHpyeH/XGsX0r26Kfx/XS7/9toA6refumWS5CzCfT5rnbDuSGiKPd7sdlSQCQKDFQOOJH40adsjhg8mkBeFG2rk/hL9qHGZXlKn2XgiGS/tbgTaTnHTeXvziKcevlqT9coudO19+3UwJeCym/L6WPjVmMgXyJXgyONjspEJdABppthIcKbnqrdjKJOVqQxxc9vGsod0jB8x0bVpy9sTqt8btBzyp+ukQBbEt1jIuKkKRaRehOfK9srVT0wXy0zKTcz5vS8GPc6+FDnqx4Fmbzx410uo2/3qKNXRh2pNgo/CJADxFofJwlfk9BzM904uSpysRE1ldF6pNEWji38vS7w8cVfJMv9hVYXSmcGfoGV5vAgK0VqtHy0cDI2xaSQ6oyo8Nol8+i/5zVo8+G/9zO3PJ4oFV7INP21O+ehFb7wAK9fIRF7+q9PRhc8MITlzZU4xscn0XeNogMgC4KU/bOdF9Q2XQt9enaVSTDeT5KEm0Oo8uCfGnp/Ua+ps3MxtaVqTvXxXZ7qTbPcmbFrj+Yg0op03fzyffXZ/x8Zsyl0dp2Z1IRab3tmHxp5msyvpcK4q3xHSEaPqPbxFZB6r4itoq0XI7nIwenLFmGPVJ3DL7eCIM0x22sjx9u1v8GLO6/zLG8a2grajYlFH67j+89pfdrvrqXu3bp3PYBwtvbd40v1I0TE81av1zhOMxt1olRjP1ZGE2U+ububCduGL2M5etzSfNJz+NdoI8p1sqI6xHQCHNEUutP72ZzD1sgvPNHfK8LWCu7bshERWyIO/vVQOWITDnoutNL4+ss+G5a6seQ7pApYpGpXPz7c0DYHHtN6iqs0iHnM/z0KC+4Eb1GgnNBZmfpr4/xkfOe67ebTKzimlbn2u1AbkoN5M2MVUTnixg0UR40LumtutPFRLdhVvZd40wtG/XjfYZ+QrFKTtWs+7Zn7Z1vFtLi3JTrpeDRH/NVPOmxcbnwT2X2yKbFmytEeWTGpLMeM+gql9aLVdaRpaVa11a/YwD2VtkBR5RGyGsw+X89sE+n5x7YzlZpY2dcQxVYEz+ZLMjBMvZmdc5KjXow9ujjnqYn7RhmMQbru+tb3lnUSUYdvth0n1s07YU2dW041ctOw//7U/qf7gGWq0fCO9fiCpRj9T4g5Oh7PmDOJmoxsrh4JzWRFeMP+lXHMnnj/8+94jHmf7399P3mCWU3ShKEo8Kkex/2+Pvc8P17RngwYNfrSNEeEtzHgwHhnigzquAGVHElPKPyajfJyHX4yz1bmB7OIyadoctY6fYYm2KtNJbaX/+z1zt7ykN17vsJi9D/UZ2+5zljUdnuUO8JwmCvdEhQjtm6X6uMD2xISScXIBzQEQgvtnmjlnLP7nHcLIgimHPN+u6BZyO69T2kzvHagK7nJUtKS9WToMuOhgkwomkjqOfFmqJkMYfzTGrTOjSScjZzn7nHBY2JRfMglAArT9OfkGqOeUBIlf/GMcUFvzGO2WNGlaMjuxP5skFfR+clqEh6WxgnvIs78cl1WVW1X9ocUIBLXeCgohHSMNK1aRIQQ5d9FtpEdbftRm/s3JmhnWDUpI3oo2cRl6m6leIVihWhr40Mq7DY8tj5LbcULC6sja8UsDxSglJ15dXa8UVU5aJAuZRbunk923bBwygkk+drE6yLB2pAtOHDEdwClGjvE789GIE2vlZm8mRw1NacPoD9ps0YsXxEfGGtFO/GqFJeNLpNzCYZG0NoJL1+BuZJzjmsZKqYt9RXGZWly1iRkXvdf3YSvtz9zSYsfmzO02Bsmw3bsvNZvMpW9MmwVWBCkle8ppKqB3LwUbqvkmj3gGB1Z1x8xyyxrvLjdfdX+vm9kdU8Lod0/Tuhopt53RBjV4yWGTukDQ4kLgo0M9RlNVVRAB6KXokIbMMoWuJQODTp0jyPQNHO7pM2RlkmS2AceDPsZPp7/bM30lc8N3pf8AaqX/WtMssxzPa4r2snZ9wDBJYWhk0gfpGOoZXNXFSeIfdSTkasQ1Tg0XefYdT1YaGz+VUQBVSXY2rGUsnTquLygPYqQeCQNNradVJzgkV5z5TBr2e4Z7+LIfZlACJDL5NntlY6vV86/3NNDGtUzIFDHEFVSkmPK6S191aQnZRe6TsjAmVN1yZd5eOGkUnblVeo4JOGK7TXNMZMIuPrxUeeO3Q497dynu7FYuDhiyVLTiEws3cC1c4tO5I1ccEoZIdWmL/pqAHt2ZXRpRfwasD92f3GGSl9XjSicR9rT/4S/89ycMtSMmVP/2DuyE2ySeW/yGjtnuHh5YAiSGA8nSm8ByBMLbwB6y/L/HGZB41QzOOSNdwy73ky7LCbtXvV3BrMOUNmLKqk8ImR0ka8xktz3NXJQ+9PKONn4Gp/cOuniJqcwMvemSuNUI9oVbffOKZDM37EoV2NNL9oOyOtNEaB1/iRVjGaE8ub+Z2dndPdndXdudO5h65yf+shWkKGHSfYw+s8gVOuohrTNYVhvWfPJIc0whgR/Qf172BZXf+yO49fjdwws50FPBdOpF+QOWVMvoRU19TEV5YPwseHeg786eUgGLWwqKk7M8w9RewTudQElwdpAIQLsDaZGhWTVycAMlRzesk7ot3qJH7CeEw0af5EjvIzaEhV6/YV6BpmQssBmmZByOZ6jc7qTomdWhCs2Q/Af4KhzS49KeoF3NF94AruNRZuJuapLovN6Xqh3mn/yRgS3Sb+s72r5D80gmUlZ1Hli6VWL1SbMrGVgAPxCCC8LyyLntdEeVGcWWsUdTi+FJORivBh3Aj08fe2SB8Klg8AKh4bYvwZ9RM0NGRjo95DMzxjNd0Add6oNbhH55Rm1RyEABnP79x9XYpDpVRYXmGhjJPW27cIKzc9cH7EfIF57KhgY6lAuyuT9YXf8JKKONS4T6/62w7E+8M7QDs5w0zdky8W5tjZo2ugRup0GLwDdlQTqzl0OrH0qWBKj0t6GXTZJM0lnoMfJiUCjG7b0jn3UytzhQrAGWee4pfWjcB0bxeYK2YLnTRzWWuI2iyHhGSvV5M3kyfnZId8mDYFklrGWberYrYIaM7HO2nYTg86X7BaTN5pTT1m3wPS37hzSTf7HwRC5uMGQvT8NKRMucVLVdQBud6BudkRuW5z7BOb2M46HpGd5ACXdtfSb2+mXbMjhCr50snmw+Sr1MlTPirmiKhJ6UZytSiRqnKasgIruUNAJYYW0oyXDZQ4Szf+SqkBM2+KT7i7VxgvpePEh81gsual9RDBLYg10LFEgOUIzGeznazl/Vr7Hn1FoCoqcz4Iw2if9eNvw5GCyfz/vfj64z7OQl/XrQE8dd0sxQDjDnG++HWTLwlwePM/3SegIdb/tf5/inn9undKfmlcAveIQjJ1ksAZuMe/PYBwYMHR4dXge0X/C2cYv56yfefjITfao70neFbWa+cQ1xXm1qcDZdESvcMpyKdTm+I/TU3wNp0H9kSKfxVzcTVty74zuk4DaL7SYt6hf1VVofZbj2TRT5WtxuZnHAwmjkc1wwvaG4Vi7r5qWE8dC6jezgV1gi6SSH13btxpuUVHMw17NSwAty0wXeeQR953ikdmwq/0X6F2BUMjHn1jZElMlcwJpMhjZiEMvSzWQTZbtxXKy+QEx4xwREounbwqYxmwU+T5ESrJv0Xaw2ZGjGxo86hMHSc+pucV8kT71jWQ3OIABVfeUHXV+E+ycStwn0fUPLxKrFuw+xegEQAFDw+8qgbV5BruUl79TtVD0J3M4iKawobkg3DyWxNAWaYmSavxLqNVR1BQfg7SMfNiZlR3mHIY+S9wqS9F//92PYj1dEW8vh0N3ewklYeGtWMOh+p9CMJzPPE6stktXyW8T1dh7svDyUq66B+MsIKSxs8Eu4oBlxPqynNVumMkAd+ijDhtsPb51/adhgiW7QyKdXMnWHn1wvSFMkAQGhI9RYUnR3mqNZmO3ws1D+4PZExLU61ruJ13CWb2VuLUeFdlU1USZJOboSngm8apociZRnW6LHgVf40p+EIY8pJO6aQnVWscwej1wThHZJvS5sPOJxGR7KFX5n3rN4uGNgB+p/hCITe7Vl+oiXqbXzrKpF92LO28IOC4Kdx69RuXKoj4/adjb/U9aLOS8Pg4+Tllk9pvmPzpBFikhLPoV/6vIJMJzuoGg1Xpx/ffCCIFLKO5ZvOccgACHB/qbQrmR6cLKrWrUlUGDYxXqnaRZeKu5eKNyak64dKbA7Vl2AAX8QV5iTI54NKzkQtRkibukSp5pwp2SC3aSmn39LXUvOhGRaoEcgDKiVwB2qL53CI9NbTdNjXz1qsnt9PPjELG/LgesrHr1SiWd2/5ZOfcKJ/03OMGwvGgeHOg+M+jjELRXE6UYJ5prTILIHgs2TwmcT6Nwn9Mkrwn34AeBrw5p8Ho+z+FefvKebL3T9ekn95TVnuCLYz/KSntTbFUO75zT59kn+EVU/r9zLHMevHlhE1JtKDvH4LtlNSDnIKbgV8yrBWhu/sLBswytzeAlLTcW4dzmWnF6GhDPTDWtGuWaqb1nxluqs7vax6SLTgW5W4wbe43DFxHrovKDXeMrxYFaJ/i7dd1z9a9ys/1jL6bxpyXs9RKOehxgYGsjLkrm6XLpnF44mAKHhVxxeSyRRyPuV8f9e2icupZcHjKqz3pdKVM+pYKG3IRJqQCZ/eICeJeCiB0m68VYeVt11rTFt+eA0GcIbhmsfu8Q0/lRbeeCmV9DgIm5JcXTH6PU1pnNpYGWtxVhhYLko+imPstnMttHCrvpeKTUlJ+UN+7pM8rNMfE6fEq9UTVbWn6lKA6LrM/GxuluQ4G19eCdIFJfKc7OO97hk9FPb2V00boKv20LpL1PQrSf7HMommBp/UVRI8ZJ6bRcZSSuZR4K7mUHmJdP0yo46FpmQmiGVA6crmEnDEPAHRh90nHc23VyrbF8djD6gJijokYVoHVciY0mGN+RZLF0695tThNyjq9egFSZrtIItIf5N6pkh/Mj7eUrssPmbX66CcaufWr6/OTxB+23baktltBUaUREVEdCvo164SnSELrEWtYhWtd+2+fpm0h4U93it26rSn4XeGxoJJabyDS0vktDTyFxegZ8KO+rdnvDcDWPdX6d4UvF9cwK3iWxpq3nCT4hho+8AviYy1n0iR5rnMq77IpZ1F6xkvlq2eNKdBCNLjjg/xajIJilcJtJ4rKYeCwjUwlJxcn/up8kpXpxjX7XmPaSjtp+8mKxrVf25UaMJowLrsbCM8O+i0hujpTdQDQIPGSWLRGGsRhFj4kDOHcp1+3YbJPK2+RESC4EM+i0UVuytV8DC4HZX7uf5V2RuFZRMh3Q/Vf0Ys4BYCGyNGgPS88m22/U2Fs03nqx7e7RC1Y3uLeX/hzfsDqcsbtu2Qv/lO72xz7ew0f+tODb2B/mtfuLbWytH/rcW8eUDwL3FIPaD6e3CJ9v90udhtbXUTvAiSWWVzusFbqi85NDQO8dzxDZJAhtfmxJ1CGLuouuMsWyJMYTT9GrolymYveeITcKXaHV90yDxS4Pklyhae06msOgzKTE7Q0J10UHlHnxwd1/BGIzmH2zleIeXdl2z99e+AvdQaUNnxFmci8Ft+c+zY5wrFkmMrKCr22bEWG4jJnHQVKpw/PfoMMWVZPWxJUUyHOu8zk2Je9nmxGkYRqwlQY6zTYTMdD6z/oCKTwllpE6SAGJG6hkHuN6i4/pYuI7iiPQ1YQdVWIJem+QnObw7WZWSSNPUc39ApGVV9x4YgByNGcnMkq+MwjkzcW0vOIxqYcNdT8ssU13TS14KpYeAey4p++qgbBAQoNCSsjBqpMrnnphBrFqG2S+8vAKfYg5W4xoQgB1cXW5XLdDIdJC81VKV14k01otXB0SzgzlGLeFfF6vcdXQtJEcKKzr/e6fm6/U6kAe5sipwleq8nilyhm7/ersc0Uy8TXZz1hMx2+HqKDl94ae2fe1Z6zu4YVnlNw9ts7eOUsEabjbNEemsbkgs812UTe+vibS/C9o3rBUoiZONvVM6MI94eyp71iNwmel/Xyp77yYlG9I6479lHPTpJ9CacvN+VKG4Vx4tyt9nx+HEhvG6YL7gVPybkvsrjldzTM/GOp74pn6Z78O4HzVmoYf44JH52SCpfw0a6tnTDNh9uW2u3stV+AdbfROy3ROluGqInnonLbSgAhRnrfCPEftV/1PUKRd/w2cVG18qZvU5MtGpHS0Ow1fiffok9d6v3yAh138FY9ekyz6JjH3AXoWWsC1fKppqVROdLQqxJ7QvXuCZX+EwZ9CW/mKbYpwMg6QOCrSK26DR38jCMqpB+oXRxL+A9lN0j3LJiSlvZpkxzZd3qC+6kal2Sc4bFXn4heX9U79/Q9VcRbPt9E9ZXPYCLtLF007N8T7RnijenkJG4FNVXMO+o3GXRk38r/6+t7M//i97/IyY9uL2SYPaxXyVtCWpirIkRWBsmqE98S8Tb6RjsoWEMxmX5yGZmyCADXzcNXgEZZmPHbMiYs7JxR8ipPeIlJdem7+Z1jWSop3+sj1jHY/ELfU3yrqLbig+MRAM13heVGJpU8+RreTQPsjCAFTnQqjLRKjJkFC29eKhkLmvt+sEs6KwpQtNkcgIP3QUgNkiVL9bQL/jDXhHBXaCJmwc84YNxqPeZQJkn+3iAb9kEoewv1OPXrR6FgKQMbokly3AfMYLq2L9k3/LhwoG1sS0DLy1UIyTHhSUhgneNrsDUKoQmE0FRPCuD0qxZOOiBV96FM4xtk34tcZ6XKUe5JNzEavzDdTGI4rpYoypp3TotOsVQ0/ItVCTfICN/ITOm0iANlelM9RXDuCK6v5T2N2fWjn5O8d5wsd9x0Unxw2jKbMqAYToy63zwaSXgJEinOEx+7MSBq32VcJKS+87b7TS58UbD41bp2ofrzgt568XlT4MmwjKfKCZqrDZGzkeUiZQW+13kLTXvuI3o7UcNTYUA0b7zwjL8uuSOaFErg+9D6DctRwg0pmD+YJ16X3++v6YhCNw6saM1u3Bi+amVdiXqy4mx9DzB0c3b412seyM/NZrgPYMMP4qTrbH7K5WbfUmZs9Zbq0WioMaH/hIrtN3tBcquepN2jaJ704c9nR7a1ITyHZLGgMEoYL3ffc1c36nwuiQ59VmoMdGhezFcsxDF+i7VMW+mTpJ/ZeC9YOWgQIWLXOVc9onUhBGoWy/Hxke1VK2j1WnlGbKZ/NQ97Rg2SYR98yE8cvLog4v7xB/t0ygh+wx8ou8bb5dm86n0tH9quiZG89nnHiCn7s7o7/bspucJ2HWRHgrY7lmv2OnG3hwOkjMub0wE1CZdkFce3CY+qzoTtR7JlbRwcZ/dFjKI4GQbsyotN7S3U1+tBlzo423GYN97Tnm6WYuBmqdIUObj29+ELN4KgIToFIalZgykuYJLrgfkXEIZ8af0hz0SxtLniySWmCXeLhfT/Ls1YCo+PKB6/B/a+P4A8PfgaPP+n9REudLF4ecT+Npgmgi526M1Sa41qTVdXSsQXyuzUtG95tgiFfqSDV3VG8tOx8zDpZBGzxvQS69i+Y1Mhn74Hn+36aujCTwG1jIQEdObLGidnaKbd8ZarOXZyNnQm/In01HmfXiE6toaMdvIFDEyhy9UVrkbWzNlGMFnBv5Ius8x+q7IkicKHxvGhZIPii+O0M3KJWYhxaXZfJkWsxP3ie4KsJ6my5Ak3GUMUP75qA9Ez0Rc8sNRarxQVyW6jl3Ls6XdUQNccLwCuIvojmUcBZU687SlvrSAlXxDzdIf3DaCeDeSdc0mqsTQpuwIAcVGwXyC9Fiy4bTo4FRuyXYZof3kO4a7QSWnERuYK7C6/6SAkVpHqBS0lQwCg4WV8YVZ6KFpLI5/LSblMbwLdGMBLnYGBVpVMTaLoHopobZg98coEg5ag/EwkLyRl1Q+m2dHBuTeBsEXYaMKkw/DK96JyB6rkO8jZgn9zvznkbLT9zeTGgSVNuNEdQVtsgSMERCJotpZ6VpZguDTz9JuN9VutRF756zNbraj3SEGNqOFF3PxhsUTtuReCz6tWhSEeO6rKwsGxqLDhN3JY1vmgP4I2aBjZtDbC5wrMNeclcXqFAfPj79EM20sMkcV5+VejfFtFug+ONwOebJxHPM6qg+cP25DpvIa+uM4iebZD7+MV1EzId7bGLB0dtvnD29l6fA4KAhjObYYQuhKprkEZpPfNJ22V74RPssmmfPNT0WuAvNQHFEhl5eRFETlmMxgzXc97tV2EuR8nIFb8/jiOsMiKuL0W7Y9EpUdCkwNFYHWqMaqW2umYY+hkuWMueOgF/DeA2sOn/WzRe/mWi8feuyQiGq1+ET8FSmQIXMhWsZWHClaqhueVBkhYt3bUK05pXnSfstxQc8m1kzsV0fmP7gzEnYu1afD3hhe/ZnB9im0hF+zf0yVW7vX21lnk5LqJRNHdmxnZW1SxuM852EfT9h34O7uEEFTtY51CSKZyzZrYVOu6qLbQ3j74hZdjaE/5CRryoXV6p8m5pPq4GvuYljJSnJXlq/JmydTavVryMM29MHeKSp+LfH+DQn+35Fe/66qy4FHD//V5pJ8/mj0H0LJuP8HzDd2tWZ2umyv9ho8nDQEmznTFxKQPPG7PAaF76upFD6Lfvzx6K1cDjNJgGIY3luGlew0/rfp59RgrEajFBJEP1vsm8PEg4FJJF91u2Us41BfpmIxgzwLzCkdVpSmusHEEY1d3800lM62lzPDC3f5Cu6BKE1ncqdwjZmkb4TFfcqBhZElUuJqADKmXGgmRYHkuG7jVEKhVPnZx/SzxcsBKU2iiT4AAJDXVVLSJDtsh36LHfGQE7L9YEh5olVTjACgZYmrk9eZ04M2jcD3cnqZnz0NtB611oIlVagjuiSY/flA0fkmJWkpt3fYoZ+DqGI7q3dLPvzkGWYB5dv+TSPOsF81DlOMlNRfngHfs6hYSIuVVpk6VPSxJmTWlaw4wKBFmZcBNGFWv6xp7C9Llt83DG0xitBZaEeY03Ok8T3h+Nio3UXiYuRKlf2Nk0MXvDKclu0Q1snK3rf8WGtVWnEK1PXG7DXvK+GIenDqAaDcDbFou9xBI7SjFsg5ZjvZONT/M3yBoNcxY6vWer9u9JlzL3NvlUju8tOPbt7xbvnvKTRpafpunmTP9HtizF4aCeglv2nBQ7AB0IJ5QLhurc5OLRvC0He0mD/Fc6RVE0oU7JstRKtxgaBMx25OnTLI8tWyI7Be4BbyyPG6kHb+hDurg3SF/6530iV3Wx23NQhp9nFWt4Nalzrm8jFX4dSfv4+yIXRWOZy1TU9elkW6HlQN7112WqUJDpHku+5Uj4yWunHNUZMBV3e2WnhakM8O++UAQLTjzXio8t5W7LQovkii46HwwWI33OQ36yU0bakXZ+jVeChyDD91OXSjmWQ/McD361qpQffvzmrS7pn2fY32xc+BBoy/20vii1q0JxN03PUiCaPjynVIyNj2pELTB1SUw299dHTKChSwPVsKBo3PWUnscffFyioV+PjLLYMsGadWcq1Ejew5E27rswWMnDaczivTjteA99uad8fyd1mfh0jng8Jq1QkT2BadhlNGLJWRcRn2EfXOV5tqx7LqXDkZyle0w99pkZMWOs5vLTgS9tYrWjXR08XLQLHfBVepSa0yQSJ1tTq8Wiz+ana0YUO+p6FV5zHjQs+pRJIq9ac2+7t9ulK4dND/D4gjrFEcM8mqIqn5Qze+ZBpC/KVAuOddLFmvEe8QJNMTNq/U3lO4bZYMiu2Zp/dkH9RdnaTKH1lLn5wgZmDaT6bkwwU6e8EFiLFLP1RsC6HyFb/0JBWswPiH3uXzbjuPlRVuK16fnp6ZG3l4Eb7dLbSMyOELV3/mgg9P88vevkHUyiv1JP1wS0b1bZey5tNv7yOpUZt5h0IEyspGdHf6kFrzFWrKs6iVKlivXFVmzkKhI/CXJY0GTI3ZMBcbukEA/MkkDNhULfnoSMamW2J6q2JYTmwmqy4GQscErPBUcCQ9tGgoWf4ZzBcqTp1m/A6iQWfGgPthlwwpBMKCiEPYh/qEkYrqGoYJj0kJsIfWbLQcfDifXpnrWdVcFYD4Ul1qZS9mqw3/UljUzdmI+ynXxeBqdNOuMRHWjqPcvbCp+EXhDaGQ1RRQyeZ3WVTP2qW4o2C3d6Cuv7bsao/R7xtZ4R882bfg6MWia6aB1p1T1tbbdonI5EYavq2Jvz41z+QFl39u6oKeOB+Gb7VHcg1eTlilecLxkf7rLmURR/2RvG5su26V4E2cIcEF/Hxvuwvw0DBT6ZWKvS/PnIXm5vyOvm4pfqvzgTsYtVMzsjclK+bF5s1V/QdO3KKGuACiY+can8oKQG9sdjnnGkcuaPE6bkwuOKcpTanudoH3jDT6F7RhpY6MOwbecGekq52A8uARYsP3E5y3S1ytVG1ITKBZYUgsvsS9BBMAcweZparzg3xjx2o/MUxWN1TEfU+Hr6fUK9btxtVKClp/Lwem7MaVs3jeyDswzzaWtHRRzgWUd6SK1DVE7lIn1Riqae7ssNqVxh4IC3+ztoldpiLjJDlmXdQuC8In9S+jGtRqCgoTMaohl5/yGUtLdWz5PLh+tqlzBgF6utGJ1RP7CW/6Ca77X/fe7ouduWf8po2m3WqVPdP3gU2SOV2bLGrLyyTW9s9Xn7IXsyecTYa16KomOlqrPbvIdcio4Q+b553XNp8nmAc/GmXwLTPhVN/H/t+TEB1dRdWvHNVHITkyMTH0aeSxW7xMUxQtUvi9VRmOyfKcxRFJLlwY1gZpNEpPDWUAwV8r1AACp7QZ+PYTIxLi5bLkjio3lUUA+Uop+YF95UaLRdJOaq2e37bJIrTG3YYLLdNcvDbiZ9CogVM46uMog67m5qg8B9/r1QCwPCNVvh/6RZ5/iIRf2Ezr70Oubl9lgi+TEvJHrMNMBFn58CxUzXxcjmoszohRNfOYNE9s90iajR9IlI3sn6VtpYCB4MxZ2EF/cAhrQ3xaZp2cvNuoBT0DPE5DXiqEDbZ+1MBSEFyQ9fGZ7qgcOAsbO58S+MdMQ8VVhte0I+H2k3VVhFvPlsvZ2KiPx8+DntnMEXcRRaTC2ax2q97r86Mb7qsBrPtdxNGA2MX7bP9m8pjWLC8mHxq81ogro55xe6Lx+6vUkwGulYXXfK9WOri5W/JpxCujWh2i7nW2In/WqVmdFe9LcuwkBJhz2qw3LrAK+48WEwSfjVEcRhVB3Ybxhucv5+2N3uxvhE5emgIkIMdPhDwGUuwFd0v/NGm0/63xzu107ztneweqJSNshHOt/8qp+AycpNjXqgZ81s3Ee2uJc6hSvRIFat28RLxo0bqr3S6X+2sg55y3bfESdU+fkMdWnUJGxS9mmexWO+18flJn/NUR0nejKrZry0EduvGEw4NJCCmzCzf1V4eTDElwd/B2eY/syLpCGrttJ3KVVJfySmxn5xmHlKT0es402g24qMM91z1VUpHJA67W2Lyxz1xkdKXwLZ3DufkhtrG87vQWRk5E0vdJ7kSU1lxQSa3qyab3/pKY/TDMcdp1o/P5IU9/bBNG1EL048bQZi69T9NXQmWZkaIkNg3reDz3nWEvFYPhMHTtLZr6YIYUvRZwvR3m79aNiRDdTNc/Uo5JbK+k9sRo6vQWhOvY4obiTI+/aghKWPiB9rTNLUHGT5id8sQ1dnh6x1XHZPkVWYfHPji1Ukke6BvB29FvSwr834e1/gZGSFEBa8A757DOfh46kCJxgcZTyW7BcnmGt6vv2sgcCIWg534kLunA7Na+G/DHET7NZJwfuGNyiA6IlyCUENGBpkg9T05PSQ8kVEYPFcYmGn+SiV3KCUNl8rJsV45tQq6F4BnAAgtelNHHRSPOMWBVOgx6GhQDeUDV7CDMq+SUT3uU+uDitOqUpXfb4oofR6yP+37sPyYXhY+Ryjj9poZArAAtkOQN8dcEdd0pSx2zuByw4pd+3dkTnU+29EiK2K3KK9do0xSVdVM4savqT4fFdo8vJ57r1/RPovBFGRQKVtgVTnyoYsgBSpWKqCkbWWf9yYuz9xOpSpXTtT10FgDAIXCjA3410HwsqNntazea52VrMipj0kEjThNN9GUDLXbh0SPxbObmYaAPxQno2pMe48Z03xF4TZRR3SNyfBBJDaVYez4p4uUzEkHz+8ao3hxpgjOd4v1NfZ43ZznDG5pa5zq3Q9YQuPInix+TK36pvz+/vt/NVOu74QYe7PYuPcYplEZKH+a+aiJtnrb8yjl07l17P0bt43JDGzAWKnH7HcftohmF+cy3lAUFnkqWGxUPUw95Im8OS7diUYIy2R2rba6jjafCm31qsxbmu9L2TVqIWuBtt00T3Ma/WBZJeh+09zqfxVR97GP1hh7ijiYUR/5W095nfFUtZ0ZeHXGRdvdo2u2pb2LNucf9V4JziH3iz9ronErQJTWpMwtSlKvA2fLrTLGrdaldSXZjROz3UB3vkHI3bW8tl3Psww9HkaPOMWnOv37fxFUbJGjZbVtYnLXeq98oZ/y8Xw2429b0So/ZrNhBB7Soj2mx7eBVlLAjdFHT77+QCNTmdCvMLhRDUmUcGUa41uu6qHeuGK4AbJym3+upD65I7/fC/P36xGTO5H38uuk9t6wdYd81Ez7JrA6YtlVGNCVpJIwmWF9vc6ABA2KyfD0jGhO5KS2q0RlLR8plXRljbOtnnv+tP9wv4WSObb/5z1nKP+OU+3H/mydBh3fExoKcqrWvhypIB2AEItsrxXMBxuiUjl4QubH+KNNC5BnokXbKkIC/LXpQGauncsZsLSfmqNUk5o9CTnT3D4tG9vusb4CMbqQF71QlQXp+lELgcE6OWgU3LifbknMNilfYdJb2Oso2KwaVN7Y1ZeO/BRnZ1skP3Zl55tLg5HV5endvm4+7vb3LcJfEgN6l7Zf7MoP6LMDZ/z3nOUyxf5yc9G1hQMLptwRbTUdBUo3wBD55Vc8FUw14goZ8AmywqkjRBGVZroRLWJTzWdFpEo8Ot2SQl7inNyInPMEeR0niQBpu7O2ytE0UqKlHRMeC16mpdnBRtfyB9jw+RASNhmMENWlkVzo+1dE6XIi5TTA0GohWLzHJ0m1g0v19ov191a9fO43mBhuYz385fOKzY5CxC3AAeAqQHR52Lv/YPf+hSWR/tgP2YEtmyjnF66OmNb2fsNQXglPzgmdZvf9mImeac6Rw1AwGGXSwmfailVv38HTDms+vsJsrYsq68g5o3+IUklGyKFJ6Jm/d/F4YWbJIXXwzbklbvPyN7DVYdCqAjkNw6jax4ULXeYnq3Bt1ZYrNBHbZ4COBd0N+N56KbNrtvhQTg+zPY0z5JLaGau3uERKiuMB8y89Vi0/b3toePu/Oe/k6/Bi/8FjVrkUqW7Jo1iO/0359C0rcqkltn9NtzSmYl2ZAv39YOfbw9d6LA35z5OowzrK9CvS16HyJp7WrP/yp+5Zl4jNYY+iG7oI2srhYw7OenVPze1dRXURxappvznf76G21aJ/LAKfz3Q03Gb3iFGpXb/zJlOpQoTnL9PILiHUUj3uM5a/fIXJTQu+gzQ0VavE10aSOlb2l68m5AT/TSMgqblcI0HthXm6Sdz5gcaG3/qJv/cQR/i1/NmDPqpp82LgW5RR6ozqVLQZ510KuiezD7m925+8TvILvHEB3LkE1oxL6Tsq8Oz6L2n3b4Udz3P/uBrdm3whH/7P2Xf41R7ylfdlSq1Kpn2MlDKoWHTonEADMa19QyQ3Zsrqxz7xQrTKht79sWn4ntGDMl6rCocvNMvPhC4CXrzlozSVqUh/oyjwjHziBKhtBbYxWbnA3fOWFBG7qFEdcKv3y4q9OMw+3iB2tfLs3MzVQybJ2ykPwfCRdiEBMWaZ2dAXS6UlljWE8iFBkslji9/028+D0dHsb/7YYHLiBElCsXIAcUJIrSgHMJ2AGAd/Dxw8pLWXe0MdosINddbokx2EyeFTDChRMTimSA1sdeHW/ECmdmaSUQ/R3OdirClrbprBN9UiU5SRpxIdnc+b3b6nuxvcWQkqz5g70JDuT3DRQeMEqeB+bppef+LYsfaHpGe+Qe0X02ziEyrUv5CH6fSZQrAlV6Op1ZkhE/exHo8jGscrtvsAZLUbSn8K59+bF/XsyGtn2jmjaiyTjELue3z8HMhEHh52SGZAaK0nEXg92a7xAO1ufiKTVWPJi0wcrqLLVqsGsUvJFpKC9kW0LT+NhxLBe7rGUfcu4HtdEd8yUaE0DFxyjV3kxTu37E2gfcYBf6psDIFrrbnm1L7dcQ7xnNdZCSTs3lOiGrkZ57PMv4QwpO+4KWzEq5VHvKyISQxtrjTd5LI2k79j+UgVAueQSMeORYdVpf3pujbjvpvJ7/8R+ctj6rbjctUBjqsvPnu+NNi6/Or1d6pRlGxVdfnWFgDpnlL1EEdg+q3I2zc9TevRXf+Cdj1JVwZ66936mJqrps0wMu/jpEPujlgRR6oLD8WseGlavqkqOHpeS1O89dqY8p6z4NfRiluyQpn95IAe3yvsHRt7k6BGLNJLyMNrlAnIfjTu6Shhj82PqFXqY24L2rc5uNDeR5epzUIG3nKpI5mmH+qxg9uDH8d90+2LjvwshqaRmzSVl5OuTJXVxsQmVJ/JgnSGIdaGOK6knA3sOaAvf7uD75RXd+Sru+arsrT3T7yVwYUZZUv50O7qkQb9q6uR6B/rsdeb/tRGJxP+vvRPJp/+sZj3wx/yz18hsXZOjm23yjmFBQ9Go8mMHZMdw4GgueIkvMJ3yjKTj24vz08zSJ0p0Nm/HHhReEUyGo44nXIhZdN/CBHw0nSFdjJ307eHHVFRqFTLyRrMKWpT10ngyARk12pi8JXQV+QlAVTTVFfPFYh2y4rljY7Q5I+pC5QVWG9iCxbnocsdYft3Il81d3rCXGqkcKkL5jWwvbPctraVbGDESCCuTDC5dMnhz9BvpiSjfernPyokspGMIxozOFJCWOvCCzP5efrrGqrVP2SA8nLZiQa63LC4pXw1hH1ceKcj7sKYovsQGmJsGoywNmR6TqL3SRzvkt0n7Zo2RzCdNpIWZkAJE2FKnK/zMBGcyVfbPf2C+7hAcjf2QOr/xQBrsuhe7Y70KxVmwqxYoIOrpXMDyve8V9dmQ8CeLbr19Jy7q4O4+7zHoR/CxcvWhmGUsxHnLLsSmdheqKWS5cQd0O8WnPK9IO2tgPUi4GkppUNCVzWlUvmr0Wf2K68527QQy/FXqOjsHDBvyLfWNy0uL0b35YE0jf0xIpVBKf8He5W3yk+5yDlbLcSMCdDHlM7zcd5fc9B29el4t0QmPNT/MHmuBuJ2U2pWJMJ8HBx28WXo1D1wornNfrx0e3ILvNKvOJ8rNCMHmsYbnjBGvszyZawg/kabcmOzKWdJOwF3blzIRBkXlH4GNpk1KXd6K1lF4taOiy2WxbYxzvzf1QvTRDxbkp+lfbG6Io0Q/z4ZYfuA/xxu24pjtpmo8+1y8YW+yzF9xYDsO9W1fap8nGJ971/x6fkZqfLHs+ave5Zg/rz91k5WVkczilNlPTFYDkPrTtaNL0QRG4xju9ddZwpCrphFhWblu8ZxBX/25tglbqaV8DsBVQHkUy+rTPiFk5x+Cw+bo9mn5S+CRESMQeXXJFwRGRzneFxzQqO83VzTrAWqdu8kqfnSf27XNsuiIYAMQpblvtyOqIqxUlnohbDqufAjkfAEb+cqr/269hOzph8B/ecLz/78l8GJNHpkNkZLqTbyaOVLnHS/R5vk4E6aeb3ZpQLeX+9BSna819woKwfFK+c6POJ/YpteFfIeDzBug/EWGJIV1BKZUEUA88+huBOVkFmnqZIvgPscd30nqqQQwWzKFNX1/Kq1GMR0nxgKrv7I0DmXXX4m7CnFerwLxCksoSSCu7HXFlRvF83uGzQtRm3n4ecpp/E7pBEDlC/CNsD/XA7jPOCgyOToOgAPFJT6xrtNRMvKG+fHHUNi/YYJnxWoLMehtL4X98U98+Ux+AqKDMCNd/Q65Tn4upCoV3yYD09ShR5Sz61rHVASy0eRd8zWq1FKR1hqEh0h7K1YDBSucZflD+Eyt1e2jysE7P6do1Hsu1haw+BrorjuuHb4vSDy/+JI9zXURHL9scIfhvbpkuztKlsTH6fBCGr2GOqrP7TsVa+y4FyMe8tOs9Kok7vFbxRj9uNV/takHVy3We9pI2eX5l0uxLybpzW5gZ0RF116aSWwFzq4W9QclG2tMOsugSf03zQTteuurtvXNyOq/LlBGYYu/TLZb8uL6HaRUdRFnc5++YU5uZgmV/XFsUaMJi9cHIoNklxg7XmrAPBm427q08HOhrC3TW1Bs9Ke+KOsYzn3tO9Fcm+3auX0j1yYat/exTSQ6RRZ0Wu/7q/a8foOmSPVCbrv1s663z8UnqqYPJ810ec3KtefRHnXgS+u62jDWF7ZvdzFeXTptCA72eel4m733+x8bXD+F1ygserXplPaISFu3UtlpNBOwz+el3Mi9my8U3mVwxtYYnCnSoZYbn1PVC3Gq6vmdWlcjRWUdUdklKJJTryMwZX1NZWyLXo4Z9eh6LFvXHK4jElep3Ohd4t+J3VMwfvDQeN+km9/uQGX47T5NlqTMIqeCXlKLsgjXU9eQakKU21iaN7s0suuSgLrFFKHlcvQITVh8bjg2P7ybquPLi7B9WQJPKw/qLsjuS6uJcQse3t1lsC7+bKMfHp4/j3Y2xujqtExq/j8MDxPm5Png5uOXM3Y5VnbUhcIcOSuMRYbUhfVKQ9D8HUO6s1TKDvu8PF7z0QpEJIm7SnU7f4P02dJzjg95TIo9W8xdhAwocgLl0YWJU9j0K81ySxbcS0alSCFsguicTIYYoz45+ywFIP8YBYHqGH2KpLfQJBALEFjuBI+Jtvw6XMjtE7/B+jLcCk46ft4np6r+Hiwdi/KUilaRCcmPkssIICwcM4knHseykDkMTY/EryxS8z+8Zu+T04+LTnqjGhZBb8aSrGwyf514ymthkgYPQ0+RB9HjQsEKKwvZisXCiO2qotEU9fUCVtkJjwrO50lyxHgyRYBclapgbmFGwSTi5zCj9YW0LdOJ92xX5Joi1FEDQzdON+Wz96WLN9VTXswy7l1bWfPX+rbimu3Gi9vzv/eta73nfAuAd/qjwzXB621Y/B4FrsD4qczRHfPoBUm/95xQ2qKCGpF65hYaaPGCYdbksLt3riRy3pZcuNQHqbZX3V+ecZymkGOWwXqtp+PNoIP8m2zmhI5DLDCXEzS+Ew3InI0X5IcnpQY1zR187r83yEjsx45xSGwrjsnIGU7aGFfLVDZ4IOxZ/b93SxqHbhpVHZivnwQ09+g1wnwL6nqqqoZYG7NrouIm6TT8jefs9e8R+754K+EFnqSA4fnuwiVh2QYoSa2r1fdD+EbPT/eDGvHfUHerI2KtaRZ3hb1XO4jp2aP4cf9vL296bLwzdl89baYr85bjc4+x2fwKOSQ5duvTZZ7D13Av3OD40kb1wvbzmBeHdunVLuhBQ/3HKrfQKfGp36Uyc/Gfee1LzaDxAc2GUefjV14/g4LmPL+wFHO8cb42MVQoEd5VbOK9orPxcY1FC1C4BzpMfb980Ccbou/x63Govgs9ICp56008lKi++0WR+k9lj0YG2+oSZPwZFFZjqD6N189awYw02XEzmC0Jpa6rUNJ7UnIfgG9YsTzQUB0i8gTyZCs7VHwD3CXyK5vczJtax+m8/0C8yNP5RtOg9WWifVw1G2RdSlt4k3ykDntNSMS/+8MTy/+r27T733eb8sY26e9sBABsmAXQg2uFZ7Ops+p7R0au/KRi1BHgjlHN3xjDB1RDgzu1OHLImQzSoTro4t75Ni5ETljpczE4riXCBhsSr0ibTPh4YZ3vSbI5HCXnkqIOTLTkgX6KDQh2xoP90aBnYYVU/GULNVhKP7NXyjdgNjbqCqAuBjVCkIxLuzpNTE+4CoMrp3OiXb7mScfGMSLplU9QRcNFOAjKkiKU1fhPoVARpteZVznKlZ3P34WES52YPPLqo8dSCudkqK/aUi5S6CPkEIqzmfTMaoeZBRc4qRvIna8QB4GklX69x0UAwiopxtbNjOKwDAkF24rDDWXwwpy0nzc9M0uP3vAe9pS1lFU9Gt42+o4otvR5vbTwGOFc7J0NkBhbLA6ryPgyzXOqG7NQMnCT4zc4Zy99AafJAAYqftE+apw298jzpKW6SwVusloZdO4PaB7miQwSAruW6ya2zVL3U83ZUAdrwvs2Lw1xMEJFjg77SUwpJ2ANQ7YTNkPRtXVfSYlP81+6JMazv1Q70gucBzmEO047eFOiE/ocoBCbimPG12WxGFbSkjGMMImNA4Zs1/ZkMYFiT265bO/waDHyz344Jutl06db8ooL4sIr+7M/8ExahQ2FBb8vgvZKN6XrTejmKD+PgEVRS0Si7Nm8dTrjP9/7tu8wTe/YG+lLTMjZdC7beGaIb/RiFihj0N7sWlM+UHveNZw1L5LQIPtXNHYHeM105f5pLr6RNdHSTdCQVO2fwdigm82GVl20Juuwap9u/zYa25nbnj1TckqfWZeNwb6Z2Eazg6PJ8RO+e3EbIdnh6lCzV1Ng0Jx004BbJEx89JiTZn8iMEcIQGPDZFCAUGLUNxs16tMzaeZjlMPw9DbU/9Bhq2uW/039vRHkpfeXhzq9TatSq+CRtbHDKFDUDlZDzCu98mnWA/OhBalqE/uXpdWwekPuKUfnkFF3kG0iz4XQhaCSBKotvKJGY6JWvtttZr5Q0LuXeHwBdCNGxzsLnH0ibPsU2qQxjVyf/KseVX2gIa5C4u27/30KG/tJ3UBaDCzY+pZzJadDFB32mk4jP6t+iP5ij9+UCVwV4D8504kWAG1BHnhRGaWfh6Tze6RvZMHrUlPKMgzBziPbKzN6S878HGK2b8So44FIDqrFqoxTAM0Q69RhEQ6HNajCE+aXHik0ZPpSjEAMAQKA3w2EpTPm5+/n5mdtQrh2tk29QHig6+QXiroVdSAuK0m+seUmWE6Gp4zFS2i8mW4MJSjb9FuCpWoec8w76WDix1LRvfRlpWOiwv0p6oHAzXA8DuYcehirEjMF57RjrryV6+yv6DjDrrV3hRra+CS+UoQsDO9yH5AHFo0VFg4FzPfKHfOtpk9UrcKq9DTcdq4J9w9Cj/FZhFfufKcWcktKG1okb3r4nCWY7OZ5BoT8mt8dTlT70pcxjm+UbzGALBc9GYTsz44Cd5rK7y4kXcYtDQBziSTI6A7JsqWB04YZ8E0NpUHwImQto/r/o+ytouLauq3RZEdIggV3CB6CBajCXQqH4A4JWkhw1wQIXrg7BaFwK6CQAjbBnQIKl+AOwR0u+zvn3P/+53z34byu1tZ8WG322XuffYyxVjKMhUJt6JE2nVOQS+4wlYU/+QQBnzLpUYsEZVSLi/iZysNGsEELpZyefUZBQxL9ZnXbmBhE2ucgbL4fjrJR7l2fVf94oP/8DabcPYpb2+O6Tv5M805mU9fJZKddiBUUmjONSuEdGTpXznejAo66jHT87sQVa4QQiHjm+1QObVGRy51X7yE/UjgsDIdTt4CelZ481co/w2G5Dq1FDIB8DJEjfDjq259hB2VmBy/npklmZTWROi58JcPeC3OdgdhMi19W2Hkl3UKj618HPMuYlyGGrJdx56htRnbbDC0xrfjhZ00KlmAIEXnAd77SMgdBvKsYT02496VqqmU7m4EBLXtlmvNadLO5gUTzGZVpqqwbCU1AWc++nEgIn5NH2h/tbcdnIoLWBQvTBOmhvrY5+wdx+1Q1jVoxCcYTaMdnWRqOyaWL+jNLRVcZ8jhzc++bbBl9WswrktBnETXGOrw718T2B58nVYamP+xSEJnBc8vpIzcsu2ZY9Az03M7ic9qIUiq6rhTvBchNFCL5dhS6dUf0MsjMTkA3+N9a5YmSK68Y/xfFjilb8J3wiIGB6NwGObWz5wskEPF6ui4V55F4qleWf1NU7Eg/lCwV5MBO4Fxb24EzEDhV/njq8WnwjAF8FxYJ+7IltsPrbf1E0Cj2PALkA8Mcszu1o/Y+9yt8bd11xDhAhJUxVa6pwqOHfquMoQx12jm1n70R2P8gsgs4ulV+mY43qKldq9v32zwhwY2hS7H2HT2ZvKlFmgahsZaXliXRy75eLHqn2l6NQHHnFU1X+deU7KgoJZ43fe/dUOWRElp/WJE6Gy1QQu3YQJNPK+mzRTZDBR8g8W/XdC+S6yvlNgksW0vJKnc2Bkq8PyXWvxnTl9drtsjZvGxku7hNv74aWSX8+PhtnshLS2j+9fA0LS/bfEbgl8Dfex0RTRqJvIrH2soL5cU+QOtQ7mi5/Sd9qT1lZ5K1JtbtPpVuB89p8ru9mn3G960EW+a0N5vQjftu8CB/arQ7K8EVSfQV3qPr164nWqqlQCxo+4+yn/o0uu9+CFPZ+11O0sYTSBIB52xu1nfMlb1xrupq3EUiaPnc686/zwoSBlENL6y1ULHMb5Z9bZ9JapGi97YGGud/EJINbKxsAP+RdDfebheq9CJ2q4QOK0+34qyUFnn9WMRu+VCDaooit5K4VTsxrromVnfGlfaJ0Zwk81PENk6HIAI9ghMDSaABZcClpjsC+En7XquWEOf6pGKxFwNv9BU4x7We9dp5YVaumU1jGWd5P7adF7jdMMiH0+BpEvZP4SIJjfo9x9UZx4a9ZtTjkR4iYCDdIAu6KVpBGXctKJF/nNu1sHqm5zS1205Mva8p4hq+oYO5YaqSM0KBSWT1+kLHZtgX7WtcnT21L0OnawHFrq9mdzv/efB9TEgTg/OsnVUz6aB6WoDwZaidR4rNVwKIsm/894oXpUQeRJh8VvMq8aMH3jP6I/KRL6xf32FoaOsM7HhL6A1HKE79MpQwGLFl9fJrAVeklJUHVruzcpocj/Acr5TXfiPOPXpxsSdp2BCfYl+LZrU4UzdufJs8fNWl6H8UYYA0J+FI/fehx79FTL7NpZzMhflQ0qn0zJ81eRPzvlMLVjno3/YMAtngq8Bta3s7Xy0PqOYQDixIk+hrZtGMqLrHX+aCoJLklGFS+1Qbb7Wdvb7t6VPy5KXaIO0Sgvq2TVflpr0MdnAs9RkEjC/CaLQBouI8oEO9W1jhE7QPzqY28A+2Efwocup1pzl0rjkgA316DY64at424abCLBG5m4N+LxIw0TSUcFf36pN2hoaYy1hAO+W5OVmhJXLpHyjesHKVSat+iF81F9X6JKBmJZOVyC7ptFOig76NIN948aAQQSDwEHWm0rWF3xcKk/Rsf8GceELNY5yynk+J8FF0MEqg2Lw87rn+xWx3H2jc/6dU78vP3DLtqDOKAz2VTM7eSBmvxnfsSWit2YUEfYfa8/Ax0S8tU0RezCPlOl1fJYVyIfTdwhtRZjN+ZnyqdwcW+H72mU2Q8XdIrFuXueuiYgfCqyRrZEzgrnHz2ysdyB8mnAq/3UF1sZlZ+c8mvEFKMLUtgMuCZfVcv4f+1SO6ZEkqHqrRjW/SczL/QAhajykc7s6FEFfdUTF1v8Ujz+PiEQOku4n1/aQZyBaNwk05ayknk1mUD/N9sCsFs//uYLiY7rIQjxxT/qRMvgsRoqKj+2dZy9ggov6BFpzZnQUv8iMHiHkeUaCXrIaAk/OxkqdhfpIGsChlAWHiO6nuGaJAKQF/2pecaxsUjzoUuKSAqn5L+ef+OykTgukOjvuezxqmPG3Q0CjTMKfk+DcIw86z9xojChFj77QoSkIJlTBaKrLeTW0Jn5uzZhzdfIOz9efb6cVHqwx7yuV26vgonK3uL+kRICJMBOuBd58xhxBrEfFgF7QuuBvo8HOHYyrLAvDutq6A2bXhe2jGA66QQ/2cfvKGBzmYNLtEMDSMB5zNqJ7IP8LDEoEPjF1ROvDKZo6PHw7vLYbOo9fdr7H/Ai1RgOlvsLEAbzljSV6s1XFe0y3meauxmjGfSGe6zkUryfK10vjrXp7P2pa39CW85Q4Ta81zm0fEyJ739WLjwU+qPXhr/wK3WlGdla03IHdfMJ+MujrxZoWG4ngbVllln5aLLwkaiaoJtSbg2vOftiUv+Bw9QSPGJBSnW1bcyfcsIYZtn3nT54eTqoK6mdr8ug4Xw3ywTffjDR1GKdy8WxRa2fEcBtb0f+hzJlB0betb39bze2uQVyTJ7ia16zc+EN9P/A8ZiPsoAx+mipHfIh4uA+5lNXPxjuX/QxUGHDxxXYm5Wjj0v+giMblMKbrPfxC6OZsCHw9wtp1a+Z9kLOWmVbZe25yJIzGpztqXwUK3sn89LnlxHPSrh9cZ+n2NkWDbKvrKIR2w6j5QZs+dLlEq6AzMvZWYJGskf+hayT1BJLneCBkNad1sWxVYclY1nYRhUmrc/8bHSNGhR4FPeYa2juf0bJCYlRKwL20Co2gqQIz2rFyXa9U9Y9N6T36bvFyzf5G31qlMHp4YFSTgVVwkMWtqb4r2PCeXK0jaOb4/4g19GIBzVDjUXOZ7UkN7rRjDSzMbgAUTg+zoX/qK1ceJGj2Zk+sQn0Uk8R4mqjzcXj6TiBmUeIzfG+ckOipJwMpdl1/UuonrMHNnawPjminCmVRYUD3ZV625EGt5d86avz/2GS440/rOI1bndBgbEVXrjk4IJ/hpJf9LXqmMdP1nMAzf+udPL3mvsir3ZF71zKykhb/Ua5wzk/FPazeIy2XQ/mWNkbN7R/Fm6lhJdLCjbX5BMplPtB8FZN6TKQzBK7Ln52Q3Le3Zs9LYRxrubxtvZsY7xveG4enZLnWpRmIcFcbeMlNssIIMgYLtNSVO2+mBbzXmMjK7meOqLCwfl3F69pYTxZi6xofBHr9eytCXC76YYQvzVqmO6C4rS9ebkVPQV9BMgEZ0E3Iy87NEgzQHtu72oyxh5vT9LDCN5W8TOKD+YekFWDnBGD+ZAsYzp4Cyl7FSV8E1v/bYJHRRxWQSS746WDhd4jFCpFWyUkeebDlQp3eZWAWreYR2PM3lfdqR896fcYVuJTKE9j5i9PL6TZupgsDVhJKIpnnUJ2z3rgSLj/q4yvsfrfMDOv9MC1PswMxukFbZdKHDV6MCHRLm5iM487YYfMfn5TV2077s9savKditS/sc6Cobhmz9McMjXrZoMy9NyAMqgFuQ5CqfSsp6dL7QVS6jHaJrob6BkmbtrtUdIE3jZV1VmeWalF/fEMC5l4fn1bNvxGPAt7KoSLLzjOGDo4mNZv5fqsaRzSSDIIi+1CoRwigHaR2/CzZLWJDkGSAFtKiZ8Zaeav+YLVOaikP3WfohvbgWy2J4f6v+z979z1eYL3IfTh7ucpLENhAPf+YOsZpvbx7ulvKbH7YfrlUfODu4Hr5KmLuKzv7Irru2v5ysfFioVIMw0f5n1eVlx2vxhwOPNoOsq5VIzn+g9lv/7fO2+56UBh4V4crhXKC/ivcZPkbuctubf6wb5SPD2tGzbmWCX9UwFuNEv4tM/7F2JtZLpksACbQxEwuTuCleRxOeKa5d4EI7LDokPhSW6lMToz3HcMVvKs79u8ksKL+dP+svjVtHMwCye+pyMrtnwGJY+5vZR8YBlkAZSBu2BNBTRvZaOTcuYhtcDxPiAfSHQJjVlgN47qeOb8Qbi26egsUYWgbdWSvYOJMYZOPZ1AAy8rI7Ifk2ydCd+DKFiChNgB6aKNmK//u6jEqigB4RYdY4Gwgu10X5/jxrxbDfXt6ZJ56EZMHF313Bk3mv2WWtU4haILRTWHxYlfmgb1qgO3ovP89N+COu97WEjhClwFE0cSOeqsPPcSFGT1aMg4LVenxx97PR0WjlvbUg30UG3PROFJWLt+rLQmfJWsx4DU0ropPtX6k60jy7wmi3ygI9r4Iv6+ywy8v5y3VOwfoZx6HdND+44yF1i4/m9E4Sh/FgebMH/GBko2MEKYpPlDPyMua8Y7ApQwgBjizmtWsRgFduDtdZ8VHCD6aBPRUNKmi3/kKj2sFAewsl5p+zXH2vFL2leaERaZ8GE+0YyGjpSliG2OgYgSOKZAVF5gyMLMVq8pBIhSgSs8y3MtBfjm+aEtB7iTZdMneZxDHea9f7W7CvG8o6hhS2PgVu0jPMwV4AVEz3zpGmybkbtTWsFydggjiauuC3iA+AUCV0/ihWQMIsR+DgbTOVadsA9Xnj31TV43sOhhBe+24hvvF9Iee2Dkq3olVerwnYM3ouwG8pj/EWXq+Pb5/h7jmZPMK7PZtwy1n268EfCf6D/u8G/ofpM6DF1zeIsXvFnvV9W39YPtVimJDO7XVdFQqfL2NeP8hn4fPSZFGdReT69tzYpZvT6YepB+vrZdnwmzZJeu65G3mv48J2OyNMn6nbA6IWt56D+fGMi1Pe8+jZJlreCubdi1MV2yYUKbJ1q01ydf3PkMyhcuNFH/f8YAW68ezDCXH4jqLTrv7MPqns17s/KgsO8kIp8yCItwajiQ6sknx8aur0ekiRvLndfnL7TLB55jeC4lYla6EpF7E7oR00a68+p7N2gHbF+He8l9wGfnJ9Z3X4EPkl5WH2yWmAKqfVrSg/1r5VzcOpj+R/3sT/CSX+dv9IeDrPRgPf+d49st+Yw1XUgf/RX6LPMQr/Y0rA5r3EshkFi/YXT0jKIPpJbW76wDzc8rrm2nkthWxpyUO7G5J2p93jL7WO6/3hRuKR6UZcrewbMAty/LsfMePZMtvmBTyN4nT62qAqR2l4v8FCY+M9ck9OGdJNlatjILHKz+0fkaPYTdP/YDhQucJ4F9WJZzX/lNwq1wkDrGZQgaf5rEWsa4CwMj5TsoqbXE0Zk5x+RwMkWZdDeCFkFRnBPhDwSY29rHCO/wkEjbVQpTRQzT5nFK2oPIBmU62yrAXm6EZWNDZwUe/OQnMHE8b2lE5VBA6Dj6K7PPAYtrOVyqS8ic03aH8JSIzBNQ6ODD2NF4myO+ZXyeCvYsocdV7XdYnrYOMMnVRT0Wa+4lFF1sapoOAA659Nv2bQa1VA7NOGV/k/X9B32LIoRDkrzKYmsVeWkep9JfPmGCI+69kcuCrbaPrZhby/skK03V79sToMPaRpVj0ZHi9rcTx0bPCyXPLUHtDmBOaVRBLptGUaTGWjAOjrwVb/U/u4kZObFPtRRP1MFSR9d2ITrujgz3VSsqVXrwXYD7RnbwYO6CvxJNTr/NnQ8tHmyqRjZnohwPrhx091tbeYyNjNyyg6K1d2W3KvgjwSAH3osBMy4j2zp8BwH562YP6Pv4NnAkjLTdwCvEVunUL1Mmwwovz6fTbH6DgGoVFEhWWOJsI24zePHNdyc+6NXFh9JrXs+isnOu2Jc38WTvHfHadVqpSqlzzmMfzbUbg0TLIL204p/ORwq6j43ILpVOx88hlqKi2HxeSMHMP5SiM3RPrd/kaH5dW51vmx7HZkG0e9aLEIshh7SnFg7Sjj2rxFwo437EzReTV9pomoPuNUP8jXrQv51Wk3ZW/u5Unhd8vUcsE6jWw7whAHl7up7dCczsN7wbHrFHDUwj0RObxF9cP4GaZ3s8RXE6Wpij4IhelqsqFl7tzgsEiLi5SdseqkQ+HcWfucwk3CrztVhSzVftwcKNeS8QYscnzqR9/u7eX4rz/jx6dAb1PF2Wbi8/Tbc8ZmSHdywx7Wwpo7+ekGsM5t4GDx2IfdfTNwtihuC5WxNUnUtrR2zrFNtQaEz0E9HIruiBsxAv7nvCiMgYfeJwAcgtUynoqHjocjmltilCfXMFllRScPPzOkG/2OO9vQ6HYu4JK9JODu0B+icvN7u2GcZ/GHtAeK+Db7EiBGCmkXyWvjedJyHd9QChAccmD5zwaG+wuMXL/W2+OBgNvVJ6c2wuRE/jVedes8KmKrmgB7vBbyb8bru5VtIQ9y/+QJxv6fLqdB81BP4GWkEAEPNPoNJSbIditljSP9IXf3xEZn9XCvMkqjt0jc4+5vwGzY8MM7bKT3b5tTsqzP3iOlWdltGvOHZHwO3dWWD7HoKzQHSrdNDEB9pPP9YoVplCbsRsv2fFCnThgQFLTaAHrBnK9akBeng+XaF1YSEN7pgSp4R4EsMBNQW2UgGhhI/+dvP1A8lt0Qe6GKiwbdW6UpSi00thTP13YDRzizpIs9fx0DqUDf8Ad7/ayftV76GbBTGX1H6CydmegmI59E8WaBc3caF0p+TD9VXarWvXsOz4tY6s0wmW3Ic06OYfwxYRb2lX7hChGmIQ+BG3jgHhMDM4c+S9/ge3djl/50DXT52N72L+eIiGTts6j9ZKvIdL5KKNk4x+ykeg/HEHLH1DjA0JBOLGDJ60Fv8+6kha+5JirdOpGquT6Vj6o5kNjAst0posLgDxK6ua62LLjehfxO3KDit8GbQ8zncqgwzhpirF4HtSfe1+vK0lLidJi27hjaVtGur0FSwhpcJOTJ3fWACoQUzL2p74ix8r/oKfcg6yHJFYYKvlp4H0p0ZRQMv8N4hDO0O8sqiCxYlMeW27deCTAGlZHKWNUoIGWpF0+nfNbug8X2lc6vJ/AYQ2XtfrtXuYjNNm878B0sGYvYuYbn0xLsEfQ8p2DYMkvHfK1uGItPSEAbzhMR9Q62+lG5W09QXmnUPNVMHawe59KkxlvexEDCND4tdej68ZVqH4PEz+sEORiFnRsOh4MHOV/GfvtRcMySyrOhPicXV1egSFNejP1MB3HLHMNUZRFwiRju1OGwEC70dft3/HQxDl9pwr5gtQH1V+1uCjfTZn5PH4nDRZb2aH9vWOY8iywuqKo8y9BJyOOXsY5AQ4q7w4/9CvdprRih4+VR4RbLetQCcfPg+6lCit6XdX5D+0uveqbmvwTNViojRqdXYvRv+xhbQkGaJtyhWxJgJHF0RcMqpnMl10ILFMd+2ozhAweT0NkR77FpDTqVo1nURMOHb/BRpB/If88jDxQ7+++a9k/QOucjUl6MrBpy43AEND8DRL9bnR1hDYjlPQ/q9Tyywb9+FLoGlN+MlTVvViDgp4Jk+11cYN9X9i/2I5mdaq7mnoJvUaO0pQb/1Vl0uXnwZF82WcehnNf/fHzQf17P86my5D8R37e2v3Hf0MyF8fTwX+wxZzjRkVnFoYRbDbHFzY5AYsL7fN+7vcC+jeQx5xlS9GLTuyYVjyvcETRuot/Dc5zvf+eVOvxoll3VPbchJRcjhFxa/HldNJnVSON0PqeJWRLuo1NZX+m/TXR348hDX1Kb+1lPvkNv85G4c74bKwsH5OZuyWlWQQOJkZ257EQtGbl0WBraAEn49UZZ/jRJQWrm8fLrAFCYVRQ50WAt2GL0fRoZus/WXm10vCxT0lkhXSMhitJqjRTWLc1Twf8abVTC79Sl+A6tR1k8tHIt/EXEMmsTKTKSbjxbBQ9J4tuHWqd8LbVJYxwf1NOerMesMDhGco85RQwowvYak9J0/AwNhcWMWgKmJFt9WrM5K6hz9EcO7WlyKuf1qKgsdF+Mc+jaL7pyyw0oC51EXTRMGJlj0z+ejhtFA5uwZL5mwOAbzgItEYeRD8NIaCpLBG78PBdr1pF+vAZBWbx4jtqkc7qe5in03aZMcdE2sMeGzqh0fcYj28u2WCfZ96scdlKlvKH8yhv8HJkISf04HjYa5qK38ct0SFKrH8+HugiFVMPV9CPwfC/rES4LM8ht+ymDSpSn2LQP6R49RoJZvIhVFylzF+kppySNajFBPA5qgkw+k8tV6Tc3XYZZX+Lf5moSqgQAvNViABByrKSQFJmsNo4u6SXhF6wM0xpHqieGvEsUqJCDz7zGo1EZZjZPJBwzox0nUP/KNJn+Mn01aMPzwqbJTdmOt9uBg9khY7yOuM5rYN+1IKjCeULnmR+j78gLIcki+ix2sx7J39rC1tw3OnsSisKtSTEOBflC60X5GLOzfRDXUXx3mokgA2vEo2lEB/lY0AzNs4ayOwXMTKTNNZt7cDYsvGwLtXPGSDltB/pNM+Da5JfPgpu5Fr7GYpCsGfs1hXbvuCIAs2wxiF1wyHylkrtNwh2T0wT0mVztrmmNAY09fekd5Npx1xmJzrQzIWhGnEqEiu1EMP+B/Y8iEP+q25i9Jy2zGLMjlJUvc3Xgw/c16MmBUok1Bwfp/KWn13MjXZXBHUNFoC4MtT1cyTkaTPGbZbuoB9P/uLX5nQN8AhESD7haT/GHbT5SnjHqFbI7RijgDK3T8B3w/J/KxPu//rGL+TnC50HDtbm0d/6DRX+sHOW8gTz7FxBQQul3y4cDRIagmZMgWWjenV1t22dgVhRJ2UZe27gDX879OaP+BkZunGfKEtcsrvjqSGDbW0onYmCkDhalRfe1PFjsIkpI5AYYzX9zhng2qqut6dj6qG/ZSl5mS0MD8cwZPnjqLXsZvyUbj6dUjT3LLlooOk+yQ3uJqMqHv/ZQeYVnPFJiT1TMTzTDVqQiUR0BzSaoRRaReAJlI4tTBJnT9PoG5SwVnNTTU7g3yNADYPie4rPtWlEDG46ac43F7M3yGe5iu1mZgeJpFSrrGaDRgKCKk2glnRHMzqArJXvorAt5FK/T6n3hC5E5GzcbP7KBy5gdTUjn72tjl+ZmeHX0zxm3O8M5ybYS12kJCin4MoO/WGmJ5JMJDLDktWyhCo1AJd7U6JOeyK7xH9trzwUGFWlnwiJB+H6U6L5dY9SxQrIO716NfRIW3FRfS6Nyx2ZmYrdi4TSTtacpc2Yq2sn6PVCqWP+ae6zc1ktGZdsbpL4aSEk0kWrHEPdIe1cfWYJl97Y1+Zk7/8S+jm58yyIzqpTDTx3LTMArHY6nHwGN01rZal6v48/P1KDjlgxXUxC3sgTC2Xq9QlRPJInlY6tZ8ECrjq6C1FljmpqEyQgwk/I4mRobGUiKkBUrJT8VSx4mx8T1BarBC5Ivro4l+1OMQ9RCTq09R5F0gzhrv0a7Ys7QIQ5SF3ACRhOiQ20czTNjht5b/wxRMC8AyXqXsWa5JZ1ke7vTU/KlLcy65gP8Dej5KAYnGZsXfntU/GhRtDxRmW5e93BoyBLySgttzeVN3zsnaguQcMjvcnvDvujgjAH0RijYJcnukiSUX3s2T/gkHCI53E1SQih+LutX3BSOBiTstii7+afbBKTvt3zAmjy5q/P1KAdMV0S5x/1st8xDGHt6ZhwiWYSRLO5L2tcOpUF1s453psgZBnf9U9Hb4v+RSdCwPQQ9Gy2lykWRi+kiZ59eB8kd9fw1GgB9durxMvcOtioOfwi5N6W0BZ1cxorhfTPGdlkdeUX1X5PiuJ+CDVd1T3RM/OrIQ0AGzyUue5Ia4Lj/HzDRR7OsVvTxH0Tlj9z3hgl2lcqJPdm3KjziEHsCCRqmcXV9hJo/Hdnh9Wf8xtltL+Bk1Jxcpbu38VlQ9nhr6bJlGwVgWD3gD/flutNL8oWzRwCPH+j3lKffPYfnppeirJBPYDlOH8hZtnmJmWF3f2ppvnXPxfljbOGmi9/kbYq1sobj05cG85ghZfW5DhnzixuVuyrITjDR7APuam6lG8ht4YWmkYuDkywbHazKaM39dFMt1HsKoDH71kHXgK+W2xv+Z+VeZLvVuSOY3VA70eQoGVQmCUSvXT9xr6dmecNV6GGsvBHcrDVl6wlndXAXOCmJlMHe9rIY6J/TPnJyOoKPOCyK8DltXTl9n5ygajY1sCjga/uzAewpzXNx5anMEBjn4IfTjTnDQ7ImBxtsOs1F2N7TqgifEVugByNs1MfG4uNXgp9zMgHzv71RCQt3luQZb0pShwRDZVGgoeHfJJPzmetJlqpuVsZxZ1ElVnE1icSXwQyWWC3m5BZGrOT6LyBN6qMTmXmbrrXqyq+cddU7kM4hhHVVdtJxSPzCThf98I82meMJctqKf0BviIJJQQmJlBZJ/Ol5P8E5gmTqTxVwXCwDEfGBSXj7bA6WuiIdu159H8It45LHM+M3E/cSIcozr9plQhN+B79SHxQY6LFmEk0DgVZPWPCYtwklGGUTwA6e1x8Fqd5agUVYYc/pZa29JNmV1gbFw9xm4NQk5H3L4XhU762kgIBJeg0CMvqyy84I5cHnX5gwnD0LQD36ZZxZF0l/PuEiuv7GRphQIlUQAYakrRyqi4QhOcQwB46ZffJq94792umslCeny8C2SEuOIohgtV5aRQqzLbgsbq53zBUOMK5U4aUY37/2hHPrSkGhvAslUXzHLVPrKEH92N22YVexIdzFRGaKpD73+hveqbn354iIjn3TAPolo4FaE9ihyfpspaO/N1mePxnrHWJL/FLjfzSGi+neQ59u4XoL3PwImIphu5FfedyB+UmPJBRQRSpb9OD6hHyz4K6Zvy6Kz/8G9Q83cSJn+8n/+s8ekIDqJwDJR5nn/8hGpQOjDLOXJljilcdnUyYdAQyPy/ty/gtM9Dv+HWbG1VUN589Ga3OvBrQThnQzPbs9dKz+kLedceNQrmpyCRIvGe0/2UcEnNOj/DvJMArbNDKnQZWhZ8/m7w2uRMqPYH+EDG5oZpaimY8CkzQRy6EZjAvaSjpwqyYeE2zxSg5diATnyRC3oN7PFy82C/weRrmuMzpPbOBWS+gngKaCFyHL3oRT+Oh6m7pHPE1jm7k/UtJQaWpk091ELU3lkNdA5oL+Sf1JWLKR7klhEFMLq2bb9KdBwSaAVcrGnqQHa0SWzl4mFyu/KpGtWh0JybAGlbWYdrlMl5FmS0+6CKuBcZ9rikjSgp5fPXhwY4Bj+KSnCfG+rTPlRK6HdYS4rmeze7x5oGdzYAZqL8A41Msyyx1YlnFl4bIl83VDS8Q12sB54Zevsb8vm4/xolNNchLvYEOhLBGQrc+q7G3tpsyMAqa3JDcPNL2g4WN8CgEBnRx8Mz0ZxJwLacoWb2bzmSmZ0UtU4hxR+CKvKuzvviyiBRZl638tL/9GPVNi7iqMjVkTyCjvlPwa7qtJuJL59mfjW4lHERfE4iP+OpQhQPxYtsDz13tYGblp4lvGF3rsTDPWDA4M0qw/QJLCFKM9RbkTr8qlweyCG4EXCQvD5g6dGPLsCmlOswp43r4MMiGmnnRdMOdABGZwfEESVnlhoWlwolkiPoULrXH0ai3i24EzVyCOanFvzQw8lqHhMlWUhmuAaSkzO3GvbIWQSd2Z7ifMOWSsJjNpc0F415xUCGKeRbhqScapLETWr5KwRTXIYMEk6+xZ0lUIMi3i8JFU3fdUFdm13cS2QQB8NZiTlbMUVxGMpi2M1MbxBhe391mOnsx7HujPBoKtUI+K6RYmeMAQ1eKrnl7Wg4Y+6rwjff6mlKCLFbXIhWZLdzXUlBQVcPpx7w8eQBw96amAjS0v4S5dh/nX2jiasGailVwV6snt1Zd+uswXrAlZY+DSURNWnEnFDmwAcbODy4KF1JbvIfu/JaqAvP8zepEP4x+G+fbAeZ/7pxrynFUDucMcpNPR7o/l7YaPABnv10VZOU6Zz4PJVK/9UvzuRMcvB9G8Y/6hlm0ytTQxoK4dVr93om82s+P8Refadq0aqrc6/hFo11GWoxffQIBVWIuTp3ddPtyOv9Uf08pE7GKvsmc/x+mZdVtC7eFhwijrtlV6ynsVBr2njeRBoBOwpRJ3vnybUAP4glsK2ivnZlxerNJhCDBvfq/3wk/bLbtyr8d26Gv/xk+bpXT4jcWkl7s1Z4XrpjqvzZZ6HXmJW3VZCnYea7rGZEu8AKeQKtHhwg9g5Vyk4oU1y7A457NR1aSu5u694uid9XVkiKuVW0/pv9xNcoabpZeDmuvmi/G+YlC/QWJKO7jSbvaF1sh7fX0+l/pHz3Tsa+zn3eT50Prd96LiPBjHJPcKubthJwSfkKdlFypOk28Pe22pfua8gSzy8ZJQdVKPIsrP76su6M7J2c0JWHTMLHuXKW/aWzMGxefJDLSxZDkwnBw/9F+UdhhW+CIR3a//V/gbiVeK6prJZkUbXalFXUQiLDZq2q/w9/Da2fNHaj2lIzEKXKX7esqI12rhJCPMvt/48MuI89eqzGFEfIqseJLC+ROvioNRYZkKVvSi/MQqMIXU0XwNHt5JUyqOaToch+JVURpqeS7zjDfuvZ9TXtf35YuSkIbniboIfwkipDHtdDklsxZVKpMbcNJW5rahDDd+IuLxISR0zytHhOYkrhjfbBBg+1OeXTRRkv/ZIwoy/f1fi3Myurpe+EJBalzaw8ygxKqVZ6eNZdM1uAAfT3rK+ssg8kYvCYclFmbErYTqa9FeGK7CZ7C09+x2i2Mgx83s1Wg0ZKGzV/58SHcqDGevs1Mx/yqa0DC7g/p8Ah5OdUi2TBzg+ogS+e8GAo7slEZHoXxjr0scOj9n6YFyOFMTFDmmCf9KuZWHiBbh+awfaVvUGGUdaDLPraOYVCTz8f5/0uj/qyix9YGGULTeCfjoiKhmVHlv1CwNVynhYqtT9xW4vP5sDbcSzJZIEqvcOyN+Xsgbsbjbr06TMw6GELPxEuDFUvuF0LNx/13wKeNvneOgiaLCF1/rmnns/yBnz7y05idmTNpK2iKTAPqfqqKKOIzkBW62rQKXj34eJm68JKjh25oX0zygUSeoYStR7mqotZw60FD0sE3X4EWWAB1S4YpD9uDzn8u1bIeTVbvJBnxZ6ZbaWvlQA+ACUvwF5/pzAdZivaH+DHuUXmLV5dtNp+LmIoGTiBtdd5rIEw/gYXEg8fQJVISVHsXRMUTmPuaIn5zivEHmkQ2fr7XpfH41WDVen+Ky+QIA1edJCMkyqg9zP87W8fUta/XxOJqxSjlcmkp5utXzyzcuZ8glOyVn6M2Jl1P1+zy8r7AkF5S8TWSm6EixMcidOz4Nv+4ylR86/Y1NNpaNIDXK4/2xOOEIIyPLLlnZdnJy3r6eFmqMjSYOnQhl9mKRdKENEZP6UdTJIEK79XpGLsLScOJXpnsrluAuDIkn+QZ0SUG/RZyfmX+hNg8gxzil/Zk9ru/5N/XZVhBegGQvrbqAlAqaR1JIdlXuTfQavJqarBjls1EAXGyjj27amxEPq+1bHVic7OrotnCAo4ya0+zciu9u+s7vHOEiszsqHhhrqDBRMh5YL57PbBplVONbRtnXV750IYVjLM6dGC+EfhCWJ24VxCETNvYIbXvIhOQNXjNYdL/eleFp1IyJ6TwJp6RFebz/wWyTCMCX2qZs+WIiIvW4XYVYRtdwKi476p2v3+XgnDmqigbEBkqxz2pIUi3XwkJkLX3tGEf5PxL4mQlE701Myy9hwhCGvyME7eIxirbkrNg5PuUcaPUIgcvwfJL6VNyaDJgv1Iwo7ZNhN4ymbUoHWttBgj6aZjiKnfZfkEk0X4mZ5yxMPWbovGs0qB3Mlv9dRvz9/z3nn/5T1v775uGfGMnpmswq7o70yGZ0xmEw6g0gJhJXfRi8ERQ97F8JfpjGHe6J23UQ06zbKHWyAYQnx2WuyCa3acx3kQW8vcXhH9pri3/4db+7HAYPCGxDObhCgqaQpmHpjBTRNnkeUiY/Ip8N0Zjn3vny9MkTctKTqXV9zb77DChBMbC/93zqrFdZkOl0PTMiboYSPngiQrd1XzVFYwyBkcSPuW9KeaAyxDxoxHyqSHT+JXBKjLytdwyByBBgc/0mu9Vk1XyJJTHRP3/ymmv+mJVeRsTPNRQuLyH/AdR9ejzJZtVAhlawtT9ifGaEoEnZ3rSY98r2IBawDUn+6cYcLs1aXeS+wWIVV7XpZEvMk5lqLwtkhaZ/GYqYgZ/usRyKbCjxFaerycSUgH65YUbDoyTyTXlZ2agxVUcY91bHuS+ifH3Z6EkiLc7T+Ux3hMuH4ZlkXyaqwD2afOxzTkMqantOlYgZGrvYzta/MbQYy3ZZ5PuqJBU0nZMNECKn8i6BifFoNvmc1+qS6vFYJNSqqkzS3yxHBFh4LVVCJ46+CZPDexIJTdE8oNeoY5bKHPoX9HTpasYxY8cziUJUKOb9o/Ng3PmYeo65ypentLShoNs+aSz3sAVaD2HivwaEAR4AwmdU3m0Cus2M59eSjmXSTYZ/svkl68OfHH/ntxe1M55v++q6+M5BNkPEBsGzsBOFoGESEjF16KRUnn7nvZWKGT292rx8/k00O2zLSeJUWh8zUkX9fCwiRbrfPpDnVy05dOKtbfALzq5m+Un5Ue0oAB0B/c6AIJkkRM07kEuj6F0d/1cGZmdzBhkm78yacQ3WGY0OjzFrA4FdMlQrPtn2UYWr/8gL1DSepIfdbwkskd7Ni1/b2D6B0jIGorKLissUTMHIwsCUcbM1IrKGd9Gs+Xe+HqWjc8MX9S5FW4eJIT5FYQstLEruJvPdZFtv6mJ29hzp0X4J25Xrshk/jrStawn/1Z3xf18pP8P4L1/w7l9W+tvhA8aPmK+nQlz5eBeS3Wq/0YbHJfxY5fouYkQQ+q7Lt2IfIeNj4Jcerve5BDzpJspqq/VDTSdg7xHPRYedvZ7Eo8i8uDXCgodhmlNn0AsVlcqQkqOb3wlHIOHDtoKAe5tPNxnv6kJ4RkshmXdKPK2GaFVJHqjCEXef/HNWFbKnm9kohmiJVXlAh/wH1g9ybc8AwyKq1vaS1WDphK0aMSbql6vt4Gn/hj1c8sDpuoXi7dP9maBmcMZiUou4cSp8lrtdmNXgpOlAm4G+klRPb6TIcrhqoEkrvo5SHYEJNoY7FxrUWr7oULZWMayGRpCN7ws3RdoXa+tzEZQQ8SELWnqL3Du9lEYW18u81CVZsxrOUs9EBzLgqXVhszFcbCWoqGX2nvVyL3xrTnW52gWvwaaT+HVCbKGbsbeCu4OjSsNpVkp82xw1kZtje9W5Bix6kdaWs9kkQzDKw25+Hjp+teFXql1m6livQKQtJXYgc3boltq4gq77GDdBU7b6BH7PuhftYYOO6shXh0n1upr360R1uRQWMiNwyUDzETLa/gguwJh61O8OjYNMwl+c2WorNePwlYLYmqTkwcSdNS3Y36Vpr30mqQ9qZQdSnWPmc/481RfYPH3v0Pn+jBIRwLQ2qitKJd/+3XFsMyVu3aLDkkt4RVJnofzXuqpNOSLr6Gj9zvtuQ7nlbOf44MwoYOa4UXbPFTaXSEjXNc5CI44v+RZdQEhX8LfmKzrZ29f4IjLOGjvCpcPq6SmJex8dgvnpO8G06thj3mEupitsfbp4v/jph1x+RaiM6liB3jMPT1urq8brB44lJOLnvNpiheQGonnAziXdPfq+BT0Y3mUwUJNCA7PMjXotM6hJ8vK7WJuVisFaH5HTpx27zwMt5TufYbzzMmY/2zJa9RQBS0yVk84ec13D1OTjHgYz5yoV8IyA6QFXd/ULg5nQhZXfH5fmYpYqdYo66BoN3rkrTHA/MTLDGViT+FJjQHceOd7yC8wsNg+i53AOYv+3Nvu/z1+7D/gnl8y87vpu1kZSs/SC7ELl/I6gHRzQkvO5e3sNt4nzJoU/IOpMCi03ZOwbm3beMdrQzRnOM+5J5r+FwV56l3L7+2AH+RB+y/mlTgCQ3f50C8074t9PFkl8ueJ74rEIffEi/I0vTqu0rTT6LWFWClBb03HSS7JazvDy6dZy4k5MeF/i3tlcvpoBYU+hjHX3aJVP/RQwk5iZxAvY08+iHhYrmRpnVoYvm1/EZKL0WuHRc4ITa0/5irfKDt6Np2d92p9WZ7UfelNoIH1SkqQ5GHzAVOY169e/Zd/ppzC0aFHmZehOF0GBtnTyyx5tcVkQ6sjfCSa80eR+BnWiy6Ader1KWntARz8pvC26Tsjzk5RsSFd09tx5oGLM3ZfMYrIjnQBhZW2bzLVXYNdpwU6bxnIiwDmUMHAKJ7KsfVv+0pM+2FjcBTrQWY+nV5/urr7IFum6EJ+HZij+MAA0aqsqK/wCAJRX2Gily59Iamu+CcyU6ddXMTyPUHlrmLhmJheIS2/N0l/8WkK1T1vb7TgiK2WwzCbRFWHZiI2u2HI3PkleqEQV8bP0qURoS35crXUeNnBCyXN7m3fmuM50xBFKAxlD5bcp76RyE0I1/1S0zVHlOJo6fxQ4gODEdRzhSWCQ3icSSUaR0k0ncBGIq1w9YfxBup6phcIQy4hgDiZ81zkeTsqQxAOKQem7fnjOshwbh/OC/d3Ml3ZhKZO4zzITXukIaDBx+vv2Ymq6oZNqavKS9jxy8t7lPFLqAScFRR799NiVAlLYOoDxpxyLzHtr9RGVsz05xYt1aZ0o7ILOTyrRiVjkzb630W/qCr9vrFXdVmW1eFEV373XvbTquQogf38PHz9u4y+9P7PelmW+asNZC6Cs8CNv1o00RuKYICG8SyDOKYJyiKctq3tLdsPMcK3H+IUPKuNM00EEqDsQzYfZqZI2z4rXfHWk4t6gxYR7+wTAyzfdf873vxBH8ip5nknEAADUu1/uOSu9wIzhftjehf7958W2m33hWpqk8/Exf2Ky7Z4st008SMNPwDDH6m0tp+iSKvOq/ZA/mILEP30mgFL0jZipFmX9ff29gmaZZbHMULyraytESJxejZYimib8PpfodCcqJxPEDd3ByI0rEo9EVUdUa06yqwEdscgRgZbPyfiCu59ucfVFvfJW+DjOJaHcXdIpWPgZXGAdZegB1vdId7Kedhtii7RR0EwoSQMu0MUnmMbXK4kl7An0ST8XKN/y0hvJJatVGiOAEhNNuEgIEZy5yMdsaYNQj/Zz9aeLtuAq+m16inLtu3cZeUt8FJOqL06UAPRFyVEWK2QxUGrpAc+zYI1o6yO5URUtIajuF9e/SohYbRpY9FQjQSCJWbIF+VJ79TozqBvHDi3ARmUiFbbQgzzTHd3DqpSt66nljsFUSR37K9H5lwEsgkK75ZVzWkf9L7mFaAPj/nPuCgP19RqmKYu8X+oC8YMflZI3MZGxsFRAB0yPNmitk22IETQOd7+o4hPI+vjFPId/WzkGNi/A2h27daMGCfyig9Ip2QZ22PAP1+0blXgTt6Rur2Hxhb5ByTnbRKnllxFLxY95xYg2kdkbnU0edgsZ7TiKU2MXm0UIba7z00vDXMOWV9PVfgc/H+hhYZKMow18pQSTncZzCqTS6NFg+ris0r13FCaQfvxU/c0yP5A2W/nHyVOqBpr9qCKj+IXN9SfXJAXBq6KNQp/PYWPbuq9ct+5466ZWY3psHAueUwd3+Jz/jsaeh+dlv6WvxSq27Da0E8/CfXWK3fmaQ/6NtXp/VJdmDKSu72TytBb4Zl5Z6iu3s2qmEW5Q3YF/Y4uGvYOWYPPMLl/crGrgjwC83oeTT9smMrtiKoatERMmPxRynmPmZBIHeOvfnjJc5HfMx8Qci82O3I4wd+U8L61Uta2UPENsQhDLA5Dx7tLVyDZR27v3M34aqXYpYQvcjTrZBylMbTSY+S23jgh+Xf2twzWfuX8bEv73TvG7h39uiAj0T6VGikg1foWthT4P5ZBXab/2QJmCJqpL06zZjDeYS+I8ycidnGcd1pDpwedG2FyrSCCOwWonz+IPkC9TtjTuMe5F11MwZdW52aOuCjvTGC4VgR0h257IVreFf/JJF5H6wORthRFu6Yrx1cPv6Lak9Lu1GDVE6lF/4YpHlnxPBBBEmo3KaeajYiQehdPM2/TPvSwd+FHFHzBHXNlRLtNXUc6Z2YUIwKokagAanzBRZk+ihAgGGauAtY1RJwCS/OkGKAl28wfbFxIq+RY12XpM8XUNuaBkLjAQCiUDMso5qWDBx8hYs7jVn/SxPDXG5u5nYcfQAzLocXXJ58bJpDjHaqh4AddgRXFRpGtrsUUyJn9N4hm/zscTkbtQqDEihGDBerxE+jO+9OEMGOvWSgZSxe/xfM3+s0iyKVY5qyrTHoWpLe1Kn+kGeh9a6142ODzUk8qLuXti8VK/ephhdT0PpAs0TU+bRJcUG/Wbhqd2yua/l/kpICrLY61X/so5m4gbK6ewcSIxQvg0ptIB4ZPwdyLkrWGtkMBOFE6IZuzKLwaf6FYOvSFyy67anUK0rnt88i4yVmctsaCbiLGCnGWhf0tFm0sjMHt0npIlawkbQXFRyXlgjD400bL317e5L/I+S8gYnk3FqjJNXM9/TgRNDXsPA+bn2m7VZv7NDN6JSn0Z3vda4vlo4Gs3wZ9SzwmgDS4RuHh2jp2UeL5hyb/kJLFUL+GvPUQLVJsTpOIFaNPoASrF+ffgw4pmp7m5AyWc2dW7jQ5QC3yS/KtHY0Kr49gGjkNq0Kzjhamvr1QW9o81zWGl6YnP5FTR9ICMLw2UXZuFhoWq3YehVkMH8vkumrY0gCbZIf/fNR6GtocpDh4fPJqThg/W/1xCA3R3D6auMUg68geO1Fyc5zOff2jJ/3UnUViXYGffTbEbN5vx6QxtvT6efxszSmpdIVvJW1W9O3Q5dL29HkPvIaZ8MXW8Wv7LnALSdWRvXRPa/aih+HQjno3yP8P+dzVl/33iztLDv6pKbgRvVjSrabzPH1+8ixof09W8sd5uT9yPfm/uoHTBjIU/9A7FXvukvFN2Ga8n5e629uEdZdIGEeZSV4r/NDkzLO5SxCmZvPKi+dMqMEJgPEtWTO1OYpo8NOPx6dIvsi20bn0bJvuknessZbH+1liXF7jD6Lc8Q7SsGcpoDwFHFXVnFaix2xDbk0A49NSWGZJSgBKoR5ZJAeMz5zk9IQ+fkxyP+kilQdnnnXx3dbJyl3Byr/dwy3N2FDd25qPs0GdjlDhQYsyThblQEq4gEY9ZP16VVciQIl0MTiUpRMcm1RTqYMEtZ4Bz5eTaX9J8JvHj4yeiMks244o+lt3W0NamxZ6mig7YLNYsc5VKC4hUNHh91dbMEqaXJj3KTPolZxz+xsZuRldfkdZLYDiCSyWiDfBThUvSVSkn0jJu/CQq/l3BK9pslXUCBYG8WjMFEbqJu+JaxRLZGgrg0vqEXoS2VC3573INhnyacO1R34jZw5XZW0OT4Do9XaeOR0Ii/VJg2g0QWm0g4bmY5bapSdVZh9ryUV7g++l6+P9IWFIcijdf8wJ2yMkbq7wHaY+NAWiYUt9e8wt7W9H2RzrJDINt2kc/JDt9IcOWKfok/Ut6bv35SMgL2pISFux9rXgwyewi2f5UhdjQ5P0HjTudXvPtnJ7jB42Ka87KWQfYfFpuPieDBDdefPiR+suWKGva3abv9+wK6WpVg/HrmgxcHZjWEgryCgqo5IUG1NWWgcwm3JRQBPwrm5aFdrh/4MKqodfVe+xw3+Omt2PxT4MYNmRmq4Nhem9P+5CXs1nIo1MtFGce1cO+835uprfew6Yl30dQEA+emAr7IcxMqMvb4yQT0qfa5+pB2rKfaYxQzdj/rXV42kRjhz2sH5RiStjETGfEtJgH3QrmJfD5new+vcXu5a6cyQvL6+bXpaDU8Q6dVn+oGl1QXfq6TnPen7+6w/CJLCcxRLa3//L9+FwvNt+bVXZAYZMDfpZO8XmG6+bXVkTWrr0FDS9Kd28/6fpG99+nesinYFfB/zOmMPCh7VT1H04xoXPssWCrcHpOtovQ6p4BryHmhM2chMmFCp9nRnTLgzO/g6B/TYGFjEcpxvkFINpQAzB9tPZq0tZYjN6q0Vbe5fbl2W1s7cOvrXXGBa3yK5vEqzkucAD+xffJvR80IefoLNlxn+48q0zr8/zBJRXhypDsu8zag0Fsjy/eW5mympe7jAsb5lk6WPNP9ceU9BCxRY/mJEETFOuElb7BGE80un64igrkJlMWiDdqGK70P7/XEQu4zjAZfjh3sBR7SGvSjY3sms54dKCrQ4InMlNH9sBV9SlOQ8S6l0eh109r7A4wVI2QtcT7u32a9ipjkIHWRGCBubQAu4KeWn++GvokRIt7H2pjycj+02eggafy5ytRYcuO4Lf0XWvBkSjTCCJ1rJyCxufEaKycjZ+UXUw90uYKTLqiPY4zRwD3KezT8D+x4UrBW9L8NEfMfu6H32f3Ym2pdoae3dUrt7YyG2M3fNXHjbdx/HvfBbTF+IRKvATOc8ISIf2DV8xEEJPzRrxZDa28Ba8903VERuxOUDUHGg5S5LS0eT1c7a+eoMdvkhFgXXv0uc35yi+vkmbVlMXmkGVCV+ZSfesZOYVr7h1229cFX8zd2Et7yfT60/W7gJzs+5IbmANPaklNXuY2hhUWjHIrK2Kq+wqLkOExt6Da3azyvc/kj4576jJ0hoav0R36MfObE6mmm8l+lUmAyg1zOMMOozx7hMJT1mIvGfZi/RlumxBttSTha8SjZoO02nwIxrG6esXcRUarMPolPrzKGcTdn65H1DBo7no/Krrj/tdd+4wnJX0RVhcRk1I9Dw6i6fvkO08+7AW89t1tFPq0YEJs0P38zX4LSGyUFkr/AUKMKZlGyhzuRC5A2jl3sTw5ZH3CNI0U+uo2kr7we13qCWTqbnThEqkMalZasSdvzchGFFr1UtAFI7Ofc/YwT0n/jsACMMnWLYsem/rqUtEQ3ghdHRDX8E+XR+HGNmS5eCEztr+aX9vyX1M2PzxPQwZkHSCVEVMaF7Z9zQjwYD3iGFeo19CKwl/o5X+DzTcattGn/6XDcP41feTi4Z/et4j0IIKRhiBuHPFVcpOV1gF/lVmTcAOmm3ZTMcl9mrCOfrn5Y7JQGCxK2vlNiQ49qkENoCKcj8cMc/KcxVW/6AYYh8jO/yAv70mzzoQY7zPvhzY6faMISMY13L++VW7b/FG5LJq2yHMws4eRe7RuM+lVN8Rj/LtSb0h8lXrME5KbHlVUEx/yhvKbNpYBkAoAJef73k1/8ARCIYkZMVwlzJX2BqvFsZzT/2qGpM33ou12/6TtymTpbrftTNSH8+7Wqn/En0lUFL9CyDUze/ec6uKL6C77hl/BpqjuRkvFQlF/HZtRSX9SIXvHaIl+wnpEWSJRXcH2gH1Pk37CWjwDiTFdo4z80Il6yBpBbSrd1URqNHbvdJhK1Nbat6hxyewVF4YUxmksYjRDBuxqJbgfC9bHFc4R+VxjKyYBsTCqzOnJJ7DPtfw0YHLzLyrvi+zZBvqlxbjK5ltv1WnwuEPz/KSmEG3teJxjUYPa4ivuHVqHTDmVT84q0jeexT50jbAaDyafL33hcipKR/HdwjByFiNlCtCkU0S2jvtC/GqSVWR6c5Ge8Uy2FrKn6cb3C/uHSeiO6BQ2H72Nmlo4qfvYOTcYEFVg8ZOKNbQ2Cpm38bVcGE7OU2ptqzXF1myJgivwIGpS0dQkJL1Xqz/sNx5ZgiXdwDzpOSPIi/2n9wtJ4QwFGJih8yNjl6cI65zFUMvvCXz6jde8IhbqDKGti4RdBa8/CLhUUu2qayhAYy23pl2dBbdoXJuasUjwCoLfw5zmMwngUEP89Zq/17etvbmjVGWLtxlCGXrp+jTlKmaZa7Kcbv3xWzJCDPLHB5adzEh73c+HKyeD1lXp0FNXG+5wqj3cFYY0inPTBP8IUkvQ3VqHUYGbn7cbFRKJYzxPnVKJGzHU4mxb6R8wsZU5MdeDvrnz3nyrt0ttfBrDGfrU3MxRc/cQfS10dqTi1qC1U04/cAfx9WB3u7C+vtda2YCFN6ty4zo4twABhUKV8AVE+HCp58345b5qXHizxc3m4LOm5mSkH4FDS4RRC4ipcqlA30FjarevFPi/uOmS93Aq+38oe8+gpt527Tv0jqK0gIAKCApCJAm9SAsgXXonAqE36VWaESGAgNI7CkjvIL0jQiB06SXSe+/w4P+59zP73Xvf78z+lDVZWSuZzHEe5+84rysT4BpHwlXGgY0rvVyWBO2TLh9nFH2EPzkDGtv/y+qwJvvDOdC2uRGiAmJ1vm/F9swJwbD2Ic2ZkEEgcTti7TpEEjopS8bAMMjzIKELbnWTd0fFYMsswkAve1z36tSfX3/IvnnpgMg+rRkMuMUx2lv4op8cEDsICzSXOVRgD4sX0uOgT1uUgX3y0msvzwricZa2clU4uNcU3vVUUv2Ppvn395bX6ys7TadL9c0XUwPXW81nZ3M3MxfNF+NRzddz4jdHzX43As3l6cw/OlO8blQuOweqBmbDBwb6hoP0ueUHEm1sVL+wYKyAfu2rQH05LUetJX0BB6Z6sfSjd2dk11ciQ0d1OW6O+h7yyo4fbVwE0TF2iTQbKb/n/ygqOPbcUuTca7tUcxt8I9mYPoI689MnXIZ7r8Pvlzg/kvdo8FR8gabSq2OBTQ3Lx4cdJTjFk7gnYsXfCVJHnbcxWxDqcsgwSLLtdOHztiZSmaUhqh4+Yn69TlXARLXP/HRrcBLH9sGe9svS4Aa3X1aS+mIWKHA/Me+FQC+JsqKBNnOEKMtCZwJ8yUuIJ19hhqcvbT3cI34sa/8eshioEkjTH12t4+mr47FC0N3DS0ujoeqjsuZsnO6jNVBcp42G5iP1R5YK7Wkxf/qKdBGS4+VJ0eDCIGu6OPTXrQbEErUIRyJwUP5A37DydYjnGPNOtbfBnVjWV6/ktSWdn+Ub0KAf55p7QXN1LdBPC9wVoJj7BuAa62Q3ZV5rG0ntivLPfzoFO1PC374efBuTgu2AcJlb8ci+VkC+ctFUMe0N09XpIBwYlc181Fu0VjnCYlGX7eoY45/A5nCx0PvhJfbR3Z9XVlz7qibpl7HoFgkhxes8zSl/T2KwedqDb3pZnBgaiMr59w8XuzNueW736xqEiozSNZM/VG1gCy7ml66cj7x5fcq0HbY0HT14J4niG7GIm6+zQpzV1eXxtt97VSsEHF1qHMsFSshObL9sa/9ojrZt5jkaqzgp4fNIp/XeqBp0ty79uNzbXjRkBR73SbZ5l2R47A/D5pYlqz4el/hYYyxbIk4iEAczQY1IUIyLB/5PW/UJ/sd1lc+udB++OE9PDAhgt/t1m0kO3367JCLopNFSHULoamYn3tkudn9zrOpPQnszuMCFY5uqg7Kw/eMY0yEosJkbNrhqGZqLeklGSnui2XVwP0mupotagC2h9TMMG2oe7b9gskhwRSJb+ngySGbK2RFxSH3IF2NDUh74Gcr40RbS85GBd03e9emzJ0PNVc9m3x8OSL7PEslfuPaHDUbHIH7VfaPnd8CNQDhJW0Ge5hOqSGikyA9yK8fmtw1Yjq2ki11fWg40n3YOl/gfbYfzil9cNN903h4fbqdeXdo1vtvxvf5xEm7C3XS6ODN3icZenIwNSxlxa0L6EftYQy9/fsPkGnvmiMjeATHnvbwGn6HZRgHxm2kv3xHMc6NcGrf8ta8C9yUuErf6ZXoXHqgmPKf+urSL7MyiKqL6RvVagHOcZvAN3hU21EwvjbQtFO6NP5imtI0JtVHZjFib/PTsMCfxg0KhXAdSCfVpsZKB5S3Oa5ID7ddvwVmxMIICDj3sDXxFrH4rv9h1hsVJtcCpwNDNLt8uPkKBMBD3F4ksdfXXVO0EoRVRnd8KcC45NQA+8V1JNpzH4Q9kVB5P0edPCq1I+wmyrEtMT61sDu2ak53VzRS05U+dTxkjz1ddUC9W9H1soVWjzLNPy8GJwyUMd3m3aPyFHl7lFxt1Jes4jVlc7fPKnLyCNuRYX9epnp8F7Pcina01mpVqcs8Wpvsx+4NHBRVjb9AJ+o7G6raG/STNNEsK5cIEwsUS41EricdKKrWwuxzJ55ucuilPFGM8nR88f7XIWO6693M3X9TgntxBtlPaSj9fhHWO+GiZJf0YOVG1HFmDU9OC0nihdY5I43xaOzBM7Md340E1Hjp0geuNsEjaMhvYc8umJ6XPNvb8R29LlnPqwgAoeM2Uq242Iqd+EMLbxExOoOR2P+2dPz0vJFWvTmjG1VK3n1wvXRRTW9hvMnG3mMHOkMSBdDz0l7lCmo1VhZ1fmi2PE/p9tfjcCC39upS00ddXZJA1QmWjwmfhMnB/e6euSeh4keHR1JeC4pQXKyzFqZdziL7zC4te/6rilXz9uSpfvyTdZuOllYR9XIPG1te064ui75OfQ1dGiFYoKfuxDGRsXpmcfYyFqmtbzXU17spGKdMDyvoG9TYWO0u945eIifXeuOJz9FAaF21hret2RLN+6fq4ojdvPRxdsjJ9qkrm419W7m9RImqtdRDW2SiRXrNsSeZ9bW08IIE2OhsGcvnzmR3N9TOdfiA4Ulw+vMH2ud2ACk5YVg6v7Bxu2Md5LpIVFG+OJ7+9k7DumTP6Me/Ik3r1zpD/pKRY7/L+eR5HtDzbvY8yj//Tw1oWDQ7GnC9R6UlsjzluhsLtCdeFZjXBORiMA/wS2B4F3BN9tJxY1q+b4IDw+rFVk08OcSnbvCCGDg3EpWvjbDwjLJq4xj9PxMFwKwNJrZ7lcDFSoqw6cuAhORlJxNI6E6s2uTa65AgZKMcGpiMWTk0TG+9a+lXftDBzgloToTKSQDABaMfV5bblfzv0U4yVjSJ7CWY6TJKJaB1IWlp3b5U2I4YEDf5uzXnzO8lBv5qW0L2e5s6dJbPsVIqND9V2xs1mF6djzxn5HeiRlChsMkwgKkry3UW1MqiYZSOSvMbULzf168f0DuM4QlBXNFmkFFGEhsIyflkrmZu6zS/SEpusjURrWoQXNYc/tQ/JpnIw6G0rpkxptFpzfBBv7s2HgIVHTAYa5pErhBtVs9dNaWmjvY6GPwLitaFL36DwhQxQyZN++3wXArPIzT5sBLAc3Eu8YrAnBdbPOHOh8eBxFfTTl07l4zQSeWgkxmmiofFkdNR2fX0UulQT5Fe0qbxQVLAxSeO2xdff8BrE8fTctT0FSxQe4yqEChMOxnIEJ0+7gfiTxsfWx18+7xkPFvLP/4n+9F4vHyKnsxxIYe+wJhRY87tqZWrMrjvNgmGYfU+/+GyK8MTAOKlQF0zhWGwzYPMrdmMRGvMCTWqZ3KqETn1mMN5zzIZOtsOPLVr1LnUwcawDk1vWvVGKrtwwvxIeTclKGJ9shYgkvBZM2ZTRaHEQHY3IadXiTWL8Fm7q+kptimK59VEWn94YR++kpqDMYK6kHLQ4/nNPMVjkcLmzNYjNkP6MzM8yzRbtgjqLLMs4pHh/1Fld/fM1XfIvKelEgd8i1uhfvYx4sZnVR1lmvw5cnSMfoas+n6XVgTB0gX5bhDoG60Bb3wJekvODWl5Kb3KzzHz0WMTErjjxPrVxI7MhXU4RY6277IBWuI5hk+uRlkBh3RuvndGroUOkuO3LtLE7OzHiVdbGJuMcdzhjvTvnjiElhmMnBQQFPIk/Nh0ti683hBrfgXNPbg/PCoBi78QsZ1SXT27sWlvYNeJujv5YvINudTUnl603B+eWXK6lVEk0w3df/y+rp88Ixnpl501SSyqmM67ZnkxlUR1M3idsh8OaVtBFMP+MPKIrIs6E/ukKCfKJYXkwfkSvE7uxFCuzUaOmUZTci5Y6bz4loCYFxzy7rMddv64Gy8LMp89y/v76k/WEnCBrwE3FYfeVhlp0LIIcgnxppg0ZIX4ZTNNO2FvHbo0YlZdIdjC9iL7f4ZDgqc4Q4pzUVdTgFIe0vtfy2zqXtX3rtnLk5ITNsmf2lM0M+B1/Vzq7YpFUu7tqtnnJHiJAelqipq0fOTt6aqB26qRiswCosroWENbLZzcVMuhcCDr0m3v/3XodEzgIgtAzjX9iVxlnmxri1niPays4XOa2GrDQx+mK/RksJYAvy/i50ljdgDWPi2AL1lOrXhb/vZ9v1CjronfT8zblOY40fCuvkuGjC+96PKFPakvtY/0CSkfahTuYUlIXbu7TtMit1khQDlYFWQZpWTa9mc6wCXc1+2j9HNz3Lcw7mI0XII3jR0/gzKyrTWtz/qa0+Hn0t/e4ElEry8SXhgpJXGEu+PAcNjRtyFqWoLS6ZSC7F6GuNuLXut2MnpV3uIy9tonfa9WbJbxpNvXm2d1l/VZDAeP5JwcpnsVM6OpsIdOZpOxVsIU98qvKyrfvVcujbtsMKinmFxXcjsg1lfHUp31IEa1PJeDNRIfSlr2VSWNJCYNtQ9n0HAawqy0SPlA9PeE0GkX70kS75KBhTVLwuQoiINi0bsPYUU9DySV/BU1+KaRe+/Cjo3wsu+UD3t7hL3EvTKIRwmNtEONodq5sU715bsKL48cDdY8q6SxbI7Y8tTj0ZiLHc/zfcTlQup1Fw4tH1w+uvsWJDbgut8xAXbw10qbnGhAz86MbhCVrRdJiVVHJdW93awpsdMZH1rJEwityKPJ0Tnp03h6bt6Zyn2nIOr5qb6AVFpv+xsXQrKt90d1Z1WyCOXnXr3eg4zJ+ic4KfKer32yusGUp8LbZUP/Gcrf8nLdVkfAdjvHsKY3fSOx/q4mProNhAKt/1QQfDubvibpdE84UR9ZeBEKGT6pnBSHBCvDb9u6If/cJgfhQenS/mlViK0SInjThXKE3HJ70uByFTBoccOqJ4IOM1JZPdneiYrvEUT9hqi8LCrr5pOpe6Yv4v/kRvdXp8CkoM+AppCzqab9W4Y+kK1TrwO/uTpAsNtE0bpvbOidj1ZTTfIbvAcuapUz6lSBZjGjYMNvHmN9RUnMuyozaE3U7QuqrOQrUcsb3PnjRWlg/IIzc0C02082htNU14vsVltkrKNVdDenmh1OkaCsNqPXHYXWr7eNFK/M38uEPGYuehX3lDOMOB+XncysG5YTlZLb2xPw8MKSArXoWU3iEWAZzfMx+uGsvaDIq007tFj5eiLQZ03R5WXEBrdfx8HbzKFooqggSL12TdEl9UxwdAUWKWF2kMJI6dOj5G3mct5S2qCaVMrtPwHl1y7R/jb1tX3O+8h/ehh5C636M8Y23Elflnwi6p2MpQiTFQhmcR8ixiPlxw1wW4TSReV1bCrOq7yUQ1Jcc52z4dN4zRRlrnAG0/dsKAv/iwj4BdGdkvRQ0LqmftNcgkz5843Lz+rySQUBabZm+/42APi2CK9v3Wzq3h1kCz3spMO1u26b+1bm3y+RL+7eON19bz6kVEpc8w7k9/D/KqcbfaouPhvv7sA1aoQGipW0pqfGa9K3+Z0vI6YapZoQeEsri3mosoU+e7YAGpfbEeRRtGFlejE/0V9W5RVi3eRZhlfbaEq2FeW15+w4Y2zzTNvoxqA0jx+isvqUzYJagotaK9aSvosmqfribRdrj/rj3enWi41A6gv7Xc8aLDIpKbokWhfuNUDgGe9FLYSYuapxaD4MinBbdbAl5DGYPeHt1bryVbxw3Fsl7knLPyDbOj/yG3KD2pDtK9vrjFDY6RwXxoyiu5GOtBpHv1iZieSaDHCazJYY4aJytIbf9gfhx/7ftdc3G0xceXOsSRhO1f7omVZ0nhNfGxS55dfivvfRu2MPHrrFtaekYObH/Ug9/H+iKiAP+qYfbsrgPUL595ivZzfu2M/5y+WWS4hxBcDyni1qEKmKwN6EWNQ1i/dhrMdcbiFjRxPtKFQDzce73XHoGuJJ7/CMkrSAN8NLsw5HeJVgUZeN1W0tYs4oRy5Q3LJvvgYv9/p+Dy5CIuzWmYfIQBptVcDkwDk5EzjXBF5I5gTtM0YLEFuSwbtDeltpjgL0XfDRyY6p663eOLZ1vxUpt4E4XXFLUAGm9ml9sA8ovf7yrXDwYon5PRpaWRiFOhtlWWd2N4vpzKfIohzK56s0IxSf9vDyl4TGyxIftpaaV3ES2taR+ukQGpHaTlXYFvyk56BIqH7eSp2E8xAaqMu8w1WazkdDaVZlG5Se/OnvbOdSw4JTTG/xctdSwx/WVyiS1Kfv08J5dbyDjs6RHdEw6wSd4/G24U7EzL99vJY0GNBo/FEmz0ktZ2i3maqOGDS/bJQsUPjm8UlPQAKtQDMQqVaydvbkb5sx5FjgvDB1mcNqUHC+Z0E5HFEZ/o6FwUK/wko414VboZVuCqRs/KiiYj3E4pq7WDqTwqbIpLJ0eNa7tjxoTvraZMlkjFIMP2QqLxdSh7tOR7N+j35gWlTQ2/y0Q5OaT+IY7rpIgq05Nc0X60cZB8qKdSlKnggtDGwoJKnjaH+JcKkQBq82fUtR0ySzk1UQRqCUf46KTciZi3WzL3xgXrMaaQjaf5ggog0uGt6wjBYZJEHr9rnrNxT0moyb15WMJorrJhNssCeXuM1+htiVrO+l9zmB26+KHfYS2+75TuuRjXwhwJWrU04et+lZqz4IEVWNW9hYPr1tttUsaXd3mLMSu4kuYGsprrqealquupv/gOOhLSHyLSh8ZbvDVuhKwPe0d+xhfQsNjxHVtU3Sq6NR8vpHkfBZwnAxt49WGvmtKupAt2S3I8Z/IOOUVC5Ywajre0T6+aq/rkiiyvTxYD0ynJL4ZGrgprzk7gFYpehO+q/aej6FpvPGzHpgb/t+JP61XTPVlHIcpZhR/yeY1H+tHoBjKNj8Rs8LA+whvC/YchP0CDEIVD/VpVRSu2vwGjxSaErW1a1JZIkRN+B/MkDix9sYRsgK2CJ/iYtQeApie2JtnUDnDfgFFJKy6pLEknvKDd94IKLXE0a1XEyFxRfpKu45ZV6d2Q6o3JiNXTps2CIzpCeYFKVlXqaPRCKppO6C7pJTtE3dSPj0otcIYNZNN91v74aAC9j07SaIxM3t62cOKHGBYVmvexhOU6Wpvuf7WPIPkp3klLW1NvWCRRSFMtKzCPGkdQzqRClJcFE7N7h0oIZLk0IaXX0eI1Mjk/mlTb5oNr3zAaDdJwGmfkAbHN1X20EQjqYTjtmzrivKEf5cqGZJnb+nL+lYVtRaUMzHNZnMeB7W4GHrCkWwuD8YDqMapo8fqvuY1wMOKC/SrC60p9IparXQbckZdK+AJbrKMaiPGehtfvrgF/c7Ou8rnz1gLjptxFaO0m3CbWY39w6y8A90Sb18fRVXddhD3i6tS+ERwjpbTqLuCTsGksOz7go0Rvvi6w2czmy8KoXEV/cdjSSpRDkVqEUvl1dTPvyvie6l/VC6pbGSu7VAUCFiIseGm+SwUJKzx2dJp39W4IU0HwTlpN5qGl5038GlkTdnLRiNB9KeJga3h+Fytg/3N5+uuvpzSjLGUxuqd8y9isdpFiQ3VjvkPuam/EZQ36ArE6S+TKps8/igAYXDZOCKI6GqDmYmPNIBq5CsclLbW6m3cdr7YEhUz/8mBsNd2FiIhPp/SR6dSqu22vvVevGvM9z9j2A5j3hbgsmk2HHvXM9SUPqNbbx6xywvF/kIeTUlu5RuvlVe1Wfi1LbmthQlTH73TE9k9uO4qSRqimZfcfu0k3fAABfXMOLPVhbEc/Te0kXlsVPkYcP7Bb3HtfpxFq/wp1f/FnH2TBwHMLCzp3to3eyw3ztsSNplnuXSf/iaE7hupBV9GmmGdogyU+7VZH9i1H+0Pi9cFGx7B8ZONrc6imTpAUhRd13ofVBKmJJEASI54xfzKMxo0vRXtWV+Lhfnngp987anAqz41O0IeHbOvBSkQlYV8Ojrr4VpCZ/vVCwUu+SnQGyoEU0hatCchayu5coqK02d3+jsRvmAXN7o3w4JHWRD5fZD9mTMyA+yaVUjBBKK2yoPrUa84f5ZTv0doTd8VmI4v+edH9Ma5wnQYlrqL2/bbLps6rlkuGJ8pDx5hX1/KXNLGM73hU7ZCUHy/jaRzNaR6iSv/6aukQnpTTk9JKhkaG+WaVjX5ckrbDM7zGJ6w8hYukFQRJ4O7ZueI2zCGSWtUVnJJMND2VamS+nO9F+wTpkjKFESCQw8kOR9hXZfNWJw/Eba46l34TB0ODZkExQxFZ3nWbTPCAFytcUy/Vaz0/QPhydUWFwS0W/hpLHXGIVVsBRE5P/ceN3DmOX/jlP6el89dIPuy6uFeTF9P/kOuBsTPHK0OzXYrnzpsPvKpfrU+1BWSqjOSkzWq1ZgJVEYHZBGaUYlskWJePO8ptzDU4wnoDLbS/Z7s1m6jS8m9zJTucolcI2c4BujXnGtl64yNBcFtfkATSPdtSvMOA5Lb3qo0qH/S3jV1FuJ4TveVkcDiR2HxPa1VXuzXbw211DBJY9wrZGmCTryivnPVU54CZ4GR2k7Q8fEAYx66RIBO4KzT0KXH1E/SZGc6rarCJqLT1/k64rZLFQk196MLXFwIk8HJi9NJIJ+A5Im5BCFMihbd8sGvx5Imr+Mtx6smUoRKrPuKvw9ffN3wTtIppr9ER+A1r1sbi2co2SRpJC8fufnZKCdr6+QcC5R8dxkPskUrKMPL8wx5fw6bPvupoWmGRPRTf/muvMDgFNxcN9YQJr6u8N/lXmd1hMXBODZd5WgNfsxVvby4ufbgRCI/8FBzupwM1i+8rKVS2YOtGDRY7jDXno8KmFydAQ4J3pn+i/7300lemu3N+uxYJ7n/rQmS+OsO3L93vzr9mweyMyazln8ic/VxKt6cozxhzOeFjUM8+lylGDAbBBfzE6ZzQSzM6ICSg1dXrrETw6QDmXTxmHgdKh5a4n9uDeWr4LQihGBHXXCs4q76hlL1isH0SbV0kpabnxVGLc+5r4HroI1S/NWHDoF6uBBscuZHXTBPi6ulLvI3xOAjR4ceXR8tXYvrZ6Q1V78ISGoLSUKtULDRDawNSBvgw6xyb31VEPloYMppGpYq+Oy3Fed+oQEAAyc0q4eihnETKIe0xSHC5c55IkgfMoTwLzg7PakoWGEKp8FdInLxgQ19OyfehSQuq2F5aku5ny6AqZuCSaT0+RyGSblKszNEfdwuIQlJhsTlfVr+6GNSS0GMXWhM/4ElNzGSTa/czjaJiFWpNcsqmKB1UfD3UngQUdw3AI6Vcrj5hAD698mU6TA5vMRC1pTTtb0qFePMej8t/2cY5atnk0gp9ee1IovjQXmtxGSfKuPMmbi5YAqmjLKlrpLq9UiLX/m4XSnW9BF87FPV9vSZY24zEOUpZBMiIcx6PeebFDyBjzqu6Hu+Ic8IfiDeRh1p+EJM/sckyjhXLKrXmkrO6OWQmm6DtUJdT88r6U/n7D8AhW7SAVReG1m8lK/eaqh7icqN4lu1vVIAfh5lKAzcQo5Ctt6MoJLekK+7S0OJZNyYeEsCqWxmioHuRa0lf74xKxjl5jXGNMTRaQskca1HfMEL7vVyLiosLHDpHT/i0R2XaB7THblLO34mC91GBnYFXZ9fBnZRUMC/Pyz5fDjq5rwXUFsan1xT/cJW2ew8qeuowFZD51B1fSk3e9x5XLri8HC2C5XWZO0XDCZidGmpWp4WFrDMEHe57UQMAoqaK1xdFCkQywznq5dmz2pL+BP/XRWw4mDkJeb8Dh34r8LxMDe89zJI/gNprsMBGKU5v5OZH77gLomKp+9f3mbiIdn9v4DjDuueYk3ez6RQ8BlRFc6J58zhtaHMEZd+zsh8aqdWWZJQ/EaYPAA2Bsy0RPzJTAU5Z3++jb0PkWLYMnmJdmIBt2xaw/cHcAsgQ+rjeHLYY+CjZRI7CJknTBf4yJr8LfL7Nr68LJYWAVOXZolNy+zBzR3EBPonuGU1MHY873rJut3Hl1ngC8ZFw4dggHND8snjNzB1MxQEpZa7lfl1NKL8MekkyS0h3fWGnQOD0zORBb8VYvvTne7VYPPeI5OAPBbWdCmW0kW+9KILzw6niqJVfCAqkxKrd41ZRZ0SJHGG2bYCMgOyTXlTUDWRbaLkfCDm8JP3DOeB6d4Om+0+i7KRjHruAWXo4mRvY4RetH13dWrWc64XaPrC/KYsT4tZF+JhvosJKnzpYdHSfNpTPv1hptLCibDtPGRBIjM96ZKdxuvnkvyeCkThYSTxrr06FCaDYnourWpWCAATaPO9USm5+8KrRrZ8ihmCjaTs7/y1r3ySEeobdXr6EgYJ+W+elT9SFKa30TXTi8xpVcSEfbJrB3ENvfqeX0wrDJYiup8fnmCvh2xk96EIp9Di2q94IVuPWhojLQhDrNokdhv1uSqAw9ShHTmadFBmY1rdIYI8+IiSgmaSqcKS+VJU3J8n3XfCXpEY9OI91t2iWzJW0cVz2Bc7Ws4fKmB8MGJLmFyQtDiJbKj+XligWEB0SuM3PYQDt1bWp2Smjj86UDyv7cRsrsRTkHLZvlHF66ca5++EplTSTlPrjJ99cVvoknSYeOni/M5M3dF+oa6VYINwJdjHlmw1O+2/E/bXcG2JZwAxHCbkU7IQmM2PybOTm6sd7lxgzzI2isXyw8Nwcp0bJQDDgNCJuVJA8SxdzUMA2v1RndhC4J6scsDXnn/NMG+8AIfRr+8n3c+zysuUvsFw3N66+ZSOdGXKc/+LxkDz5bILb+PeYY9Ouudyp5yq6Mn8Xi6z55+Ofr8P1TtCpV7dTWV7TKmDzh3ZqaXEKseLfST3h8mgUxpKcvx2CjWgncRojKVGlpiAzaMNFHDA1DyDfYYGKvfCryGkDFOq+8JoODwfAu4Ski4ScRKfZpcJAkY0vKUJQD4hC0RSbreBo90QjBML3I8ZKtKj845jaRt0u7hUARnAPfLIIUr64dQyEtmYO4GZAYrEMNY9FAfITtjaDdsQ3FHB+GQFL2MCEtYsxw/uPyWCr5LYfgqEkSeNosIcamD6W1SCN76U2Q/IZVMqNTwD2QEU9WERli9W12cmmDJDs7XpzQPTqyfbvQpia5DlDWT9Bu1bx95OMeTf1pziIjIykSoPPKgajoOpSb8WS586x58Ng+K43axE0rDnxXQvu13xesmeC5Rf/Tx+U5j59HtcHgMB4DldH+9IOaIAafs72qEznyoICsY1KzIAnd9+8nsRKZX5dUnr+WEaZVoxmMjM+pyFzN5pW0aeF/oM6+u/yqtfhZ33hZI1vdsHcpVT0BIEr0DoF3DIZz6ox3ETFMfFWRho9w3BEhFFH2Me/7pXe6rxHGZM5al3DyI7Bi39+x/b2S9WGbiflkreww9cOXsy0Er91OY3z9POZCLaP0g2AdnvrWTQyodSRo77FMZ/BBOJBDrOHwqAMJsFJH5uZTWPKEY6/fNsL1+utdap2YaihQdGZZs4O56goGWE8YTvA+tAurFhR3htk5L+Wxm1lJTfezf+rWbv3WpWEkbqJZXBt9ir9dirrVhgzj9WvZeYE7tIAjjELxN/O0CejJDTKltzwVldb1fyNMXN+JdY3ykBzr/npjGwsEjUqAIgf9k85S9VYLeTHWc8do+DP+w0HawGn4gdnrKqivosTsSniZ+th5c0Xg1t7DRcdtWXNJwxo0BiZ7++rxh7Y6M50sSPV++fiO7u2stFzrqu7vb7EVVvT9Z4dadx7mS1F2pIDQntd+TT/ERyrBW/Oa+7D2eAjBhPw0AM5Mqrpj8rt/FDWQ38ownRqHm+5Md4FMroY73ft9brP/QmqlXeqgsCfstgbe1ObfhmoC8rJ5xz9Z42AgBJ1gZnJu49o1afVNjPrIQ+sJwBWVeI4w7b+eGoWlr2xaRRuSKiB8gDeFZXCtGc5q7Qr0IKItZj6P1HIGqUOkKn4DYdz3mQORwGd3FIijNm2u+GmBUg7gQP4H2Qc2YOcb77Hv75c39Ge6iN7phNVKVI9nwDNAXhRHxooEBq+5r+QDt3dBtRJNqTkZrrRbjF+bFdMIjKZrX9FaghTLDHidsxelLFdKLY4kIwrs+V+Di7mrHSnrdmmtxe+DucwzJcvkbqQfSHrj/WCC23aAlaWY24LdwonoswG4UYdmJCSCagHTchyMuYiE55oqWsls3mN52sAbWRwj5G7aAB7ewURCRbYf2miBMH9cCyBab+TG9lKIjzIAuATORsR3HlWWgBFJ919yjrCcigpRTrKLIfMj54kJUgOw0VJV+WInvWzaWsEmNuNKSkDq2957W81EYRGE+t90mmIV5XnvAgCJcx+dtGA+Q3NSEDuvWJDjaJgOd56LeltgZcB1Jv6REigiIeK7wgQ+wSjmT+3j0Uhfr3ntdG1EQyxU+cQGOy/mo2Q/9mmuEvCvCWYjhMa/R5stvxE6gaalm8DAnOfLlMf35/Mf1GBvcQ/7hu0rzG1NOVJgBWmyj2O4ToP+YfN1aAw7PVlcW5ktukqJGrYqHxX4w21Koc8SEu/VyBwyHijzTjJGtynVmyHL/DVKX9QGQj0QlTwxVm6+RB08a1yLaQ++IEXZrvdmdu2ru1RDpjobNfjLzNe8e2jo0ny/UsTdfHFyVp3ied4yqSN6exA7M3u2YeMyfzWx5zHru7M6VMlBPlBzkUBu4URXMx7l1BlQUiVDEY9kPDgMFdgPunR/HfE4oRFz/FsgtaB9RAiz8YjvteZ7WiPsBYJSLq6adRykhlM9RhSKgVbx89IAKqEo6C8yI0Xb/EFpf3h4pgg8AdLkC6q+6ChA1DeEYZFknShulbwcVolQPDuVl+GbQXHcuT3H13JyDNdED18iFFGypVIy2Ro2j7Tl2tW89LrFmHFxFw9Zk8utYS4cu8q0fOQEt9yieI1g8VxEovPlo6zgJy6NGz+9N3WN/roqKWpI6jdtV+O6A+69CKQ7CXEsIOYKK1XAYWcqpep1Fl8rSubl44WMi+OnFKcA2m9+c04r7MQ2++f16KtYxLTlDZFPxIJuEh0DnoLtUbpgSWOdQb94OYZQ/gg3v5g/pFS1xSxuzy1XTQLVaRFZ6ztPhy1Eb08Ekr+iNhw/KyqE69ZGWVRXxmFDcftXLT4Px60Aj+wetGeVttIRB1ihqvGmLCLtRbg8+zE9clS31lJCcjeA+YQKB+f76MJjb+UJhjvBbXxCHsVSpvi5WkpuKiHhVBlWurE1lQJ4mKBojR19mu6PtI0r3NJRmKPkWENSN5b0vDJpQm96kwdNCOGGFUPt/KUE5ixsTNiRckiqH2TvY1STUYn///Md6/Iwzup7dAWR81G9Gylx4LMFL27lLUwpzdUAUUp4k+ik5if4kdlaB4qepp+ur/wa4zYHVvb49VLlLpNPeJK/29IutJn51GIgLUKMTqn2RH8M/yJ5pSi0tNyWTISN0FfxTmUk6yTEOWVL7QyjesuPlQ+vVE+JSCT6VItVd7nJGBx0yDy1zmVQ3zj6XIbLltv9VAORXR45EeS2PPrfc6c95rRx7GYkfiKLVs1aa3pDxiZ9O9dySu+67uSDh3i3Wb/uP31T43OfY+XV0eqAhH2yi7UANp+BhOvXqOflpGEv0BCgKmTtriyiFDMvDAKSFtaOIXqiDWTLhfIDTeGsO9D4xeJUk5BLbUBYmbRWjEASKUwHip2EKDpeTb3h5zx4/36Iwbj0LjawpVAKztVBUPY5HvvHCPySEe2JNaAe9JbYCO2NwJzhRUvFfjj0loIie7hYTwRMXpH37F2AfblAOfWomhG/Oxmo4RSLOJns3oX3VT65XhZUaG76HENumyeYNCbwckqXOERC31/8A+OKeY61HemeYBrRa+9xroLC8lD+Q5W4agY9mSTa3evISM1T7hiV7dj1hPY9Qzkq3b23u26hWpPmEBPlg4aVWdf3037TvQkBKN+/mETJsZlkchglFSHWRSqDJHE0oXMfDQk8qeyHTGaerezbBA09HQfYTnQcFBT0aUW6nN5QQMjT/JRMezScbJgqiDWvZ8Y7G2yg530WRuINd1tH72/MfOayTALLG1sE3X9pXFbMW01SurvB855MrGL0KCEsdsG0R/KlCUKXksm097IthN8CXIGn45J3FOagHqKslX2s9jAvnvBvCsWdb0TO0+C4tiGLQJ9Q4eNw2BKvdw9tP1WmLDt3ZbrqBNJf3/bpZ86751DC2oQxdoMvD7ko3mQQjnKonclSn5wRlglYQDa+zOtyys+vODOAvAyO8/4QI+gAEvreB8u37numQHDzMKpb5R+nvDnn9c93NFxmTM9i9krn4g4oPWs1udvC7MEwJ1ijOMBWd+9HmhMOlkJvOtVSXBo5s/WE7AnmWuyeMEXbPdfPSztd0j2/EHdnWhfrt5JVCORWxvukdHpdF7/Wp89nx+64641xLaI81nrcrSxPdoLZZX4njEpZvZb3G1TK5654fXuDKRx5wvcditD1fK8bNtwQkVGB1CySG6/A+MX5RmJ+za8btq9gZHLnWDsvS6wMWiJriQoH7il9LonGo6MOFtlQZTBfD8XAZJizIIW9smPG9ZBp4DhdXXu/USqjHkrl3iWQNq8wyr4G2voOFCDdnEzK7rHy0Q4TAX/AwOO1T5JRE61LLw3d0ARE0aQEtnwoq2xxC3QwgvfAAm57FrE/ONPZ3cgzON1tm+QbFHyeP3xjPnP79sUQbOKbROLp8DytIA0maBtr84ekAs53berlQaRrMvLHYeSQ1Yzg2gIjAfvph2oBeW8OH6b4ecNPeefJZo/Xzlu7BCLKEnoMQtUN7w6Yr2RQWl2fZejQpYrBa/WRQz+NwEajhMssDZXqo0XM3dXW0EosYMQqS1tPTiOl+rcYbhZrMVWOBWjn2G0Mt2foZojNnRhwfYKGAJqnoe4T3nZ+z8ffdLXWGb4M+PeMplXb1uKsx2oXhHQfLbLFaU5G+DoU3adOtQnC7CktGkyZdGz55T964bmhQJYebJ6JhWud7blioBH1DDRR7gIod3W4bUIES2hkX9Osr/ZiB8Hg1YJVt9luQLj2D7CwXEQo//r1k25d37Z0vIocke2fsDe5nQRBw0PW5ELRgsnUK2EfgmJImGUcWmDogynVFhQxO1a5XawEoBSZ3sHG/yKm0ITAVJ+z80rbGrJMid7e4ii6ZOHvyuuKmeEZjznq8WucMs/va02GfHZ/W0PUrC7bLHUlX0ou02nrmvN0bNnu0eXqT7Xm/LpTft9RP9ZYLwklTc5v1lkYGG3V/B3aoPfpz8zpzamXQbluzIbhTsTrCEkPmoiLBKTsJqgXSm3K5DzJEG0k4kL6wQU+EFAMj+dzU6gO3a4+kau6wCzDPWr9Fu162UeKkFhy4pHvnK+BnOv/bTgNMoThcacXGBix9JNBEdLjQPEeTOgQy5eglPVoTta2K0mVeA9KSFZMzC4u0vKwywiaMjK88IZ7bJ4ccus0EF7UVjuvWNzCkWrBb3XBg//mFTjOXmebm6qD5F35jydfePtAIfdfcM53oLsVsSZfvsGx9h/RFrAeVX5MK/WtVaIMER3zJh0s1OXqxKyTx8X8mMhZ+arrJRLjQfkjNTQGv/dIY/NQj+DXmiSqc3on4vhF47Ah305xjbEZX9UEGRXLgdN+l+ixWyueILfXWE19T8297E+7/AzpP704K7B6CA8amPbfzUacl1KrjK9PbgMhQ9bLxflMPD6FSEUTfN0StzzRuJZYzcqM1c+RC3lRyXbVudvx5mxxmW8ywna11Zb9mVwlDnT10hv1ZqbFXdQwH8H/3xIa4afzwT6aid1OW9NdRsU4iL4weHoZEsVhCi5AeoK7dip4idko94bt+M422rYEVZra/x8PCurq5AUkYl44yWHaMbyv9mW9LoOzFAXdKGr+TlqICJFjb9xdq/9mMkKv0TlaKvm30znZoilHteTifi/ELp3MYYcBrBKPILhbocgIHKkp4dvWKR+1Q/VFKaqPgxoR/hl2pppZhiXIwTw+NxXelhSr5e1UxWm7g3de6f8K0Z1/5w7lAWsexE2k+WWnRHNl44CrueYrY8ZpwHrk7ET1elo8TO5vf+SVe3Ntl41O9jis9Su9UvduE48W6DCfPj4vrD9rvTsgtmYf+VQaKMKJyhDQFHRwrHvrrsrWhlp7eWrg82fK24raOQet3hU+zPU8EAhoPkW2EuH5WfGqPcCcG/fjAshnPBS5ZgtUzZvvYS+U/EWBcfrKR+HU0FvKywSFA13EfrASV8CeueW2NVPj5knUj5Yu4S5qYgUfPq8IdRW3equ+XX0e04yUEhA40Rdgef4mF3Io301lF8K3Ifnp5lKrY0qubbL2BUaZVvHriw6Y4DsWS9VWxuReaM8ZxN1EMpCtty7bQasGffW8Ua09TeTi9jtX4QRbs7tVsGklK4t8t08teHg8LeUEuQksHZ3eysbFABg8Nnc3a079iSAUO6cjDPbGKMdWSv2op2Cq2paxnqxXCnQXx8yCGQnkHEipBLp3TZXYG/osyoc7qR8zjrLqwjR7pWBzktVPixzOSamJS/7vQLsb46RjlrAcKM072gturhW0PAxCmau6UrhAocjwha4GR42/iTgmzK31Sw2EGkGuvlT8yLufN4gMxwnEiaCp8KojU15jtw6Efv1i3QiHFacCyzrSudEXh+x04kEIu0Ov2CbLIRzre2jqP4u/pNqDvkKqnupYdlN/pEoeCmieaRt9Ua7Se1IS9YFoxc8ZK8C+pgIE2jE1LJiPL+79YZzaN/NY73Hw26B//v4PTe2uI/C2YFJBhyvzjXcScz83jnX1kZcM0iQPG6Ski8KUWh+UaBHNwVAsbmA/WNUtvKnHAfkCFxUS0QvonN/DX2uHRh+DbsOWjEyRZ0CE9y70KOOeo1e63ccmLjWZyIY/NFoEiUeO3O/BZjzfbsbaxKu6rZmvaw2ihOrtkRd+1lkmPxujxbMfE/eK8z63XcOa7aeLGmWNLssr9U4yx6/eegm9nrvBWryiTq+ydOZFvY8/RWxnfs51yGl5nqxx1nx5imBBvgDVBR2iUmiZ5GQZfsEco3vWSNnNDnA6CZIMjR4ymSINCWq1xsJcV7Fja4ZkaPhbwT1RT5sGDP5UM+panyGYhtlQgBOwpTtEK31qCegvCSFBUpNgFVwdUgsbhDsqZ0MMFMU5dY7lDSBGjP669uiof8PLHBZvg2sdoiG5UG0u3OaXBx589L1vVf3OpMefuGxqxm9Vi+SfuPIKly9HzI5ZxiogLgkgX1j3ZQj/UposZtPAbZPxhBFgIztl0/KK7XcWaQlAighVFhDlVy+2NOKZXZtVr700AGhTcyjYoev4xkrVxbpeM3ep884NOEyaV/7zWbWlmGs7oZzS6R+1AgKRexobys9Sj4b3aG2S7PzYqpqV1TAhKjoYFdDUC7COrT4cR9/S8+S0t3araIvq9weA7vj9J0CHUZtbd/tmwDfz1tUxwSewo/qfyaFVuh6ao/NGB5bkHpWkbfHyI9TyuZsFAQfADXn/0m3+/e+NuZ1RMAot4VWTvbncJ1iz4nR1o7m7D4T7y5/GZh27LLRdH82yGhxUo40+EsaS1Qq/39YCke7TuHH1SGFj2rOYwP2dC+OWZEpeqDTKAHuHcA7+RMRyiIyKHTjYDvvU+utYKacqas/pe7P83DqXiL+bp1daKtKvOE5EXN4sAwOR11a5msic+P+rUIGVTzZiPFACI4zpZsya3EsHRbmTI9+7PvjFUNtRQaeZmAdndRDMnB1yrx/u6hY+TC0ZSAY7PXifKHk+1mswF0jcTxn/Aocef9DnBJw+X5hWPDVc+Go9/lskju3M2fXg+J88Pg4fTguavVQxEWf1zsFIvv5XI9S8Ph+Xc6Yz/sj3hjv/UzOhaf9QmzKHH/cb9uyjk317lAA3676aDA7q1++ZTKu6shbXfuySjCZY4r2b6KjZN9an1PZZNC69zgT2zWCo3XaysF5Gz134X86ph97E9POn7S4lU/ysSMm+vV1faRTKXG9VNHYWg5xHoJnpQBZ2iPg+xlYUikePsW7QTtI5AKAqEiuqz3IuhdY6IeMm4Ryk5Dl2GseBHTLol7KWZOfNReBRrzv/UKRrff9EOewFiTUCnOd3PItbsQ7C/q2qVyCkiG2aWnv28Li9jfNgKglTtNoBl+xqC8EeueYcz0O8OPh053H5dMw/oTcDCn/UTqoRlCTcYdVROPvpHxiRDrN6WbhUJxf3k+FAcoDfDNdcZ+znAJs8ZYgjPDIxmfWMURMFtsCfLSOyDVWIspNP5sUrXByhPhJ6FQLO8jBD9WC2LQgnJeTggwNo+Lf7oMSlIhRnxcToiKjMegQmCM7gEGTwCYuiVpItjmS6OWYZWfoA2SnH/jgFQA5f+YDQGS/kk41//Aoq4X7nvy4i4pVeIPXYpqxPkUyKd21FCi3FBesCcDzhKJFbTtF8oI0Tpg6o6b84r1irwYd3hUTphuvIuj9Yk4B+SFcJ180RgeOoyCAzpDbuf1g9H90pM4yZTDKneLwsvjPmprAW2GFeHf+V1htoO+oJz13t1N9WBuvLl1ttv0XRElcTUN5m24vOwtaTw8f7p7S5akqX/lshMcNe180ujjIC7YZL+yvFVfvT1dYb0RGU2BlTZjbE2NPjLVrvnQXZftFF/WIIKroUv4ful9DmPIP6usT4p4ikMmoyoEeduQRrylTAN3stjQQBdDtpfx5DxvhyxeukZbon70z38djSxvIA/sbzHWxJeiI1p+vnnhjIvmtG1XXti2uHRCsr6tUVFju2uZujCG4SzEacdjTYkYaFGb51TpLV15zATEsfLVVNJDqtSDR2w84JuUEQGZiA+lOh0qwSq5IuTICHJo1xcMPHDY7gIfK1RaiLJxKPuEgKmDP9WFabAqoNT4DFCDIwpxj2cpeO+a6LB/T1rSMntwpJZ4nsJ6iJoYJc8VV5RYGa2fN0DTW8EksHdwbempApAsOHjxe9ZlXZcI7eA92sJgql55iWw9c+jiYF81HSvg9rUganLnLgKrbtVPb2H856oAjDyYdUkUJ6ALKmiRAjFQ+rd7TpL+v/jGc/k3tf7MStXjB2e1Zy2DPp8Z7t9qnRsnKVVD2ePv7lk7VrOMgkPwPoZ+lJwsPwTiYBmlAxWpTjKN+FzNZO4wUn5JXSIMp7wlmrrUPMRX+kfUOckT/r0kk8YjR9hHvb2Zd3QW7na6QhmNH05PBg6S3OdFxmqIhAZXfnGT0283s7YU7Jv0j2n/Vin2ubJOnmRlhoqzLpuR326WELt7rmyWXI1ynPrhtpJmX3/sMNfo2J2WfMxUazHedCXiPkc+vFdUb9rahRbJaIb7iowYeGzOvOtdSL7DjOwvbiSinHXvjkz16RZwZALO6Ga1m7ELT/MoTOPy8uyNlfZtR7zqH+WVSs0WVKrg7MU2fKmctK6PdasDvWcgV24gRff/5ERZM8a1LpLDuIPwVeTt5lxwJX69BlGbWj1GoMkHAhw8kKAjIOmfLwfaROe78j8twQH0mfZIKPgQONBKby2IPxBoHd1qiDvm9DAlCgDBlha85B87NSV+md44+XRidfvHIZgf+MuQIpEHZ3FfqII6HUiy8wwQQf+iN1FliNIslSqgS8lqTHQjhUBdNfQdgt71c1UreTCia9MSP0MvBPy43/Jxygzm6LFhsCnEVRcgBJOcUgkg0xWEgBGirNN9Q6kvNoGtFqDF/lAZMyIKsvzpA3wAA6yaKUleCMtgpZ25kr/2b+Z6twj1L5oiCXhye2Lo/T8wBazty0q9TfjFhKCKQovpoIa30OUfpC+xfIIUwYl7uqJeuHfsvT8u5f4UU81ILwCO3u9Lo0gPfA9rZxf5+Sroh2mVMwUXvb8Re9HCtsPIfmzk/WUnXJS6eIo7rAU+VoYnSDvWYdpOAV+HJdKtgKRYhEFSt5F81IlCpHSauEelW3WxkKyK8St8SGU/swE8CZwFONwpYmGYgYjyzwJnP1cjDWYoNgTsp8r95pbt6+9Mv/0zX+Qx67dzm2vPpmMHGvCx4IHm8y6DHYmjw577quIXv7GqLO82FejTBff6bt0K7+gjR7rPbibWY+6gJfo2XmxsX+zUHqQFf3CYq/CQQKi31/r72nq4Sk8ykw5rf/oDeqyx0Z14v6Oa5cuLdusUSzhtIFY7plKDPlsUSTRQJwTp1fmUk0p+jgHqS0wD1x+nojL7rfLaOZ0bAXAL7kW29gSbr7GZd2ydDi8/dQpl612CCY1YV1EabLnRol3+X3xgdsIq910/d+wSL2mkfCdDArWXJyacVt0/StY8AQ2PhqzxCQtLWzHyvgDUKQXw0B9WfHJllE5NpLKFdZxtNgr/5p5BqGMkEwKjPZEsd8HtGXu5SIQEVEKeHi+iA/xEoN44RONPQllUBphWXr7ipVU1WcRwUNzxAP3Zsk0dOKvv54uK+RWWr+m34agYfgg+LPgDEfFqM57GfVfx7+bB/0Y3BS9doH6J8F/kfMWv+2ubSJWSjXF1ChQGUJ8QPWgtJ+DF6P1PRsVZPVqsY6KBYYQVCJqArnlL/CS4+aNhT+K0AI+ORk9qH8LK+8v+Qy+mMfuZJLzoYTuWp5YdGZljTJ7Pd5896HTNRCISKmcedk5PP3RoHSEDJ6hkZFHhabnKvWZqj3TlCpEC40nYBGeGDj1yKqiHu7bz7+7+jqPAinhsC3lO2Z9M+w3gdTOL+l+W5ab5L7/XMRY7GptiaTjYlpvzP5GQuFk8SU+53g/nbT5rr7nB1r+7Mmm+WZ5rOj+fuhXS+SGdybv9Mx2WtOvLohNx3yN0jWrT5aQLb9PbnbIPLJ6np8G3HW8zunvbZzeaVW5HwvdPmsFOrYvvxXKEgYDd73Lnq+Wy6IjsogXRLXMLhDNtDSlgMtyI9zh4JMpA9j5eAhUV7JS+x/TPl2j1Ls7VzAV1/GwqPh7Q0lucwpCnWV0WoAMWVWkphva0F1Zn5HO+/DxJRd3giSDOj4PyEkTqqx8C6U6Ld1p1n6il66ktS984iyiieELXKqKH1OI/Tj66NfwE2QivIae2idVVSj40eUCXlSV9e14tFS7mp3RFoZUuoWPeCkenCOO7qECERvuevcR+FnWPWy1+1f0O8gDEKR+1YKeSlUw6VZT79F2NrILMwVpE0ITW6ZYsmJDhfsZC/APSLukKJyu2hAKmQ3zAbVcBdcbu3UsLeKfx+xF59b+I5b/KSe/mBwCSovJPw+JTfvsHAAgAKMhIav5rBHF2E389bMKZspNM/DUQiOnbT+AI6EU9QjiB68M0OkIJRpfNY3W4OTHk+QjTF497R0FrNnEuNM7FT6SDOUCYWsILVGDaXe0IorZQ3iJvKegFkEcITlkdjJoh1vF23uZ4zqF027O+h9NCyXCs2imiP1UH448FAAt7Fu0yP2mS5VbTVZwajDrJdo4UYY7fClhlMzVb/Eh06PQfef90JJ9qP2ZmnkKlEn8ixmLKbZgNKFWjbyYtnQyTq7Gbqnb09R2Pe+5zvN24FGewXXd17BP1wGs+Lbt7+8dOptkdiesOjYFbydnyNh+PbeTOihz1f3BsvBj0YfE/b+1Of7c/MZ7ud4a+1dzFmc67gPP24fTmmz25Hb9LcRRLyvXu1smcz9HI7dXXDJs+e6M6xt5XS5Yq4jcYszssfvPXt2/TuDGbXTPrfKEswPK7fqeleObWNpt8DuKYkrtq7KcraaZt7sSbOjOi9NpA78tIXwZHmyIAELzI6CxEONUrBOISEm7fhXCzUH8ngS8cKsXr1Cp+CTwzlSDPl3EbLaXHZrX+VK2gnKaNfJ5kkXE0QcTjtEA60SeVMTA/YuHkpi01ZN8RDQw1xJdIJ8iYAeH4qP9CMc0cKwk4BdELh8pg2eOuNr2jt/BNZdL1WsC46J9iZtSQ4OQJrU1Ns683P7X+XvWwk9Mq74qzmxL311+JrpKI0wV0yVhumuJCcDGbN3cDmh96flkY4RZIahJ58j9mLvb/Z1ZPcf4zMWvr8ouqu7RwH3nhrvYBrPrcbouhmpC/jTPPXXrEtoEUmfUUmGIXRBWc9ulRxO4L1i9ARXsiIFnsrbB0NPKcec0+F0BF5iL0PYmP96xfAOvO2VaCZmoB3zf2m2TXwUix9tV/+tukZBAAgpAyk6nM02Mf3mTdI4Fy2DR8VcwnIECVI8jKcfxkPVqC7Ej4UJE2IZFz5Y0PSNtVslw7yEQcMEjrou9FG3QtjXiLk+JNxvEUrMTt1TsrcTRCKvfwiwS3vY2X656iPEnO1Th6Pi3BjBO+FS307yK3f3ZlDiqDgrprtnEdZ8o8BpQ/OAj5jkf7MAt637TLsXiuLnQzS/gv9uSmS5wtFtwC++QGh4n/0tL4nOdG48nc38Xf5usZuuaLqw+5ElerwwNN1+01zRfH9cMmvmdbHjfYZInLqXgTP5fzYV6Jy9Xhk9mb01QPCd+L1DvGvmtVuelCZyPDAxLOi4lmd8S9b/DuSDhtRvtEipfetGTiETlOeAxfM4l4OE7U+R3E2d9KEVU0JyjKN8bEYO2BvBuMiIzlRt1rxo97cTdpr4N+SBTHG1axRcwVXKFN6fY5xMLJZeFewPHvxFEj67QzuBpBBvwFcxvASjfgEiKeueUZyfhmjE9Rmwe4SP9/mPvzuCTTL34YV8usTK2xNPcmp2zRLHcFl6ZJp6m0MnPXypJSwRR3VGi1MnXK0lxAy8oSxZQEFZcWl0oFzBAV0MoFFMEQBRWX51acz9LM5/d7fZ/n9Xpez/2PGd7Xfa5znfM+7/e5LkCDOz69sNrh3dkjwXuO95vKmHWJ9F+qNrR2WRPTAj+baF/wwpyXXArcyL4x3ON8rO2ao4xmjlugpl6OgPrwF6WjZuNt687faE8LbzWHUE03euAbVT/lCxbWOuRP+8hkG6G2R518J+++74JUy/94CnDqoIzZX11UmaXNTt8p441k4l13w4bMDQsHKzX2XXhybcNvjj6b4fc1Mtddz+95qbMh6Notwa6zzTEnI0F78LMbVezp9qt3vLu42STlODVmDRlyua0Sc7xl9ZF3cg9NHs+EmLxKOnXE3eLLddCx1xvxuZEKurq6r53Ku8cpVFqMv5k255q12t6tYKVQuZr0L8/OffG+faZr79uSfX6a/op3Hv6pVLpazewg9ueH5s56IUGnn8d2b3BTcXwomgjfTf/sXhqMG+5/sxf6/cZjBULmVSNL+GyGetTrrv0BpjeT3j7hOlXxnDLUbfbf3XMn4M8BWsTXoJFL91QOXlTQhrAA4qbTbQW2sCtPFM4cZTQR+T0EeB9A1kW98S1HFWCgSy06STDQOEeg2qyHGBcYYBJHhtkudd8/YkvRcVwA2hLG9L876SGjgBg7sxIZPqNYjFxoI+olxM9MFOYhBYP0Y/HhmjhMouCpe2+McJEBLrS5htojxxshmATdJoD4JUz0StKYkZQEsR6Jyy9IglXxvjzyDq2efk3ggYghLDszcPWZ/qlnAqN3+gGevYETps+MIbFEkJlcAl1Rm2789kn/+yidqQ4VW+NL/WZrt9abfr5xmEdef6fEYnRz6r3Nly8OZGx4eGNrqEEs6KocTI7xqG9k4Fh/nP06bcp11St7m8yCS1c+n9tyZecNl3erXWM2V57c2m7dcrmp+EJDvsDpXeIJIDbTVGY8+tPWcM8auuZtOIVbT9sZ3jq664jBZk+Iz40G/HnJ5i0pIWZNB/OSTQIU+vP2tWeZP6IeUSk9dTX3bogjJ0v+1/6NhsEWe1CTl35dT/x+aQDjqWxW3j5x3OVvpfaXTwd3y/3YP32LXGzsXwkKyDXVDLpzJdDB1FE/oNjkU2vxisCbpisyNWSUzP1+vQFM9toj3pZ3PLYmceH0r6b6GA0Z3jXr8Taa9oVcjArKsVzjXc6GaAx1v4tM/tf1Nea6HEejzV+PxIiDanrc1SVaJ3ypMY2/3tf234ko82OK0pVBCv4b1TIytZyLPMuKFWpGzVbCX75QMvusWSimDWD8YLSeppHItsgVW49IuH9ctVzZvWETcedDj+DAczY7uxYrseS4um/g7+z9zPArlUDtmrMC6cn4mnRAI+4rb5te3RNxtplS83JTg45Z8UrI9LGMd13QiiQQq/1ue4qWBazbrA46d6PNm8BnVgXrxVB65yQqzLjv1K8APiGm7jan9SIWDqjYRy2CJCAb4JT672+TS+3mG9LHaiRn1jgipwUGeW+naPT6hRGufe78BPw5Uiyxj58jhdZPjXP7kMLSvtmvJOP6mVW4uoU3Bi/HC9LsQZOdoEtv8RR0vKhK/Y2KXcTsvIKuneiLYBEm6SyxjlVMS5tEpTec+3VOQZnHrFWsOdMx0z6pvzdjKpyjcDy7Amx/rYzFW3ncQ466oZy8d+aR6rZEDWteVZ18BU9z/wCbd6WS7HWRxPjI8NzsxPr6c2sSmWFk/P3rwNl1K+jiP0atd9hs25ySL+q+ydFblZ+1YCbT9jgbYP4/tb43u9r9NOiVUM8Uc/h3zQyNZ8Feuo8pXdeM1tkFBm42M2kzbNGQPb8yX8f+jab6ljUprr/klN1CnG9rkr/NfzkR8cuTR/62v5n7/B92PgGmOIHP7/n9oP7b5Mz1cTewq20PXN7QXpl/+zd8/AWfW1MmK/LDNOTaLjSt7W8SylJXu+kL1rm2IqIK1G7s05dpa109DJe90JIUGKKw5s57W/fChytSJkzN3oz+uUbmVV5E/g3xmT9d44LfOrgObVJ0fdUNukF5/SWklXLDYH+ltk1ji6X+y8DGvX9kUw6JTrtysR+4qxoq5n51MSbG+ao29e5/Qda68i3bOQTx4ozTlRCa9SbmF/O9RzaxrmLf75AcZwhMW1Levhq8cVf1mpUXJlRyWb3xwgWTTPRGi4yBCK2rT98s1XP9pwURK9fJy3VeMqYnb3jcOHv6jpLy241Bm/elaeQ+4ZlxGw7tvmPioecY26v5cfwRn9rF6bK6w3o0WRCQY5ES2lceySbwEISxLjycfhQgk/VzqQh+7dgbCR85BcRP4qig0AU8PQooW+GAKxBbX2nu/qDIkRKxS+1kr3co8vtXp7zE+cYxoKRH+ydOJhnXzQ5hS+cnxX2zDHeAW34YNraTzHJD57+zhl3sF773p70urRXMvCD2zQx0dBjXjn8rSLMdZwqNUXq281MBaXkxnLtJY1bhbF+xdtUc+Z0E1kta+FLHQkSHsMousjEloKjQ7lfnQ+aefW1XYtWoEm0uQqwOC3d8eFu8KfNaxGcd/sqDH/F62x4NPiQoLmjc9LyabugMnzJ+c/NC/O71KOW3xWsdJGEi9goqbSPELOq7wVkv3c0H8rG/T1RZHHG31N68ISFQ6+5BR+2s8xb41KDK2/y9jhop18z8Dup3r5Mv/u1kNvQ3GU3jW7dvXaTufetm9tnt//B9hlvxyZvNVuRbd//WoHHn6LW4rz816VpuW/E18Fw+Vtv0Xea+fdkHQfr2SogzxSfod/LsxNd2yaQIKL+D9b+FTL9QJ+67k3XdwXRmmnIEtcrldD725CvVZy+Jax3erVZByZjdubRJ9+H5wIC23Wo1l7//cfdyk1hpJnL/VbES7tvqMYcDnxVyvFI6ch43HrK4E9nLKd1de/UTAITmCeDKwswVYto5j/zsu1oDm1tHnaDvUn9rxJk/qEho65XVXfsw23ld8Foz6/dQY+UOtSvkvTb7L1RjBqfdZjSybzplBn/6CbNH7snVmNWj13UYLUcNrjs/XNfcfeFe2pubv0TkKjmFYe+dy208tLvNxrO30eYQ43juu21q9sygtCee6rmDB8I+KReAD52ZW/9sywE9NYfmybP2vws7X16c/n3V1ZZXwz9Xrg3uQQPwepRrGaLhXa/RBGWIR1nRlxYuM2DVL74/OuCUKlU/qb2SLwXNLmDk+CBQ8afGdwMVX1Ki7p84jBb3zon864GXxXkJ81mlSHFbpv8cP70j781Ut3oecuJDs//CPJZSPzvaUmoveRddL5lITutd4EA329vM9WqF1q5MFF91La2Zf6tobC8Z/WCQZi+g6qfpICbKklJtI/p0nGCguD5fBWXWKyBkrxK1uyogbH4tKYrfW3ZR2FSmVKAf8K6A6+TY5Ag6wIqCPO/QuWGp0Jd1T53isXoC0KmrYvJUUE01bLjGhY7xzR13fqa6lVeN7JJRAsR5Y4phQlbWZfLqfVc3+Dedp+3g7Gq4M912+lph2a11r54/LP7zZPKm0x4r9I+0H/s/CUm52oP/0OZdAlb7Q//Ui7ncu/U//3A+VMQ/T0wJ8VataEz+pbR25OKsI2xKI9ycFkXgmq3T73t9SWRxyWbVT1TFStTKzyLr9ysqj3tcvPUEFuYYFpJiq/O58aLwpxOJeonr35zeuzn3iXusKTJNTkbm9IGN+Qd/Ay5ZTdTkQv7pW8ufZKl0HKW2YcOGu4/U8/0NK6JdnJ3DQRZ+zBjhUNtVl1hBRX9/wIKB7Osbicc8bP1++8/rnG+3n+zMu1A9P6OEmX5XEptnHCrkuyzMvNCdm5I0dyXOCYPltwBjb5DnFBQUiMf6xD2t3Ynzs9NwflpA0YoEumvPuJkMw9Bh+dvAQsirFKmlyES0PCe6vg7xUsZoK3Ctpe70bjFvr/qj1cnJqXYDmZZUx925lirDfSyjJL1vXfOztdS8+an7quh+USFy7iTi48Js/TwEWj83CAXJ2hBd7SyVb/K6SnV/AcYbt9zpUO8/kv2TsCXTGAEd6oHTXf3iS+h5q74wdv5lyruyF3ITJP++2rjJEWCGPfxxW9V8rAzadnjU1l3qyHmYPIfJmf9DNm5y53aHFcXJcmbSe/dq5+xygFRVoQWzKcCfPA9YdNZAqDeKfIscKeZwnlu+tdadmZ0W2rocR63yUJe/IL3vtJXFCRTOAu4dgZtzg6WuOCJdGNJaapVvdD9Bk8IqV5kbasuR5AEzf7lHRU26nv+6oh5MbszHd89+JarEilmlY99gzKaotmvzE82FzLwHHIIpmrEzh7qWuuhUJEUuAkSusqG+6KGIwYON9LgVT2SPLT3w35f8hUmdxZ/T7cDUpPf9+5L+DliCknt18z+vHQ67HZIX/yFn9uNLN6W/73BY8f3mWmrGaum8uzTlLyw+BnDGF9m1y18W9PrSjr9GkVE5hlr+ANYbB2S9Fqe6MV82BvVvf//LltcrNuZLPw4c9dUDIjuzMLcwr7c8m9h7VQsK13sL5mPT/sumEFglZs3SAGelz/rRCcs/ZJb/9cMrgNUOUqP+dW3M3/RXqgEv/e3FxZca/E9syped95PnpNUj4ydHaNw8/4UvC4rlOOE/eWzJlxPIwcVkM++dm+EzkltCkbFaTk0aG/87CiIO/zvNU9Tz8XOzokxipPs/GrH4N/vV85EzdJfoTZlww4hTuQEuSrcXAyYqIgLzFYihIArDv7cztidga9mG6Ln6lz+EgNTx5Sn1T+qmej58+ABkVFpaGhcFpHuNltZYX31onlZ0QCFm6+tLa6m1XnCLHGxl7tHBLniU6ag1EavLckbxldJxWyOj0ML3XQXShP/reiwzZyvPcUHGx01WzI5lHvhd0ndq0exzD+U56enpUWlyZq8L9ji4l7+ZnWHT3XxgzRbiuE/QEmtFqvW8NZEhNxHk9uO06/Ey6IU18Ei79H+F4uzRtdSxxAT1i5KPgEu9GwdHzdiyvNVs0bCKM8rPyCHnR6tqb8hFSPpMEKqY8frzz2ZLH/K2PGemN382fN7lWVi0YNIDgs85UaMgCNkyND1r4dHJxUffcEXtCe2tAaIlZlSeE/UcLkFOsRdsMQuZiHkYVfkybKFUUs2QKO3/YaVk49rkOadCv4XPuX+grQ3nX0RQ9JALHvKcmdKHAqam9gMQY8FEs5mO3Goribt5ErQcb4CPLqjmy2KO/DDcwL5N+cFN8MhUuGbEh7IjvJhCQiWTH7JQ31CCr4Bj4lxuocUul0c2lS85+r08Jwi822HFcir+OygnRGupnq6whfriNsfwbXq1kbuEV+U5tAUKdAyAvr6elYupcdfpJCpxYX4OCAo4SPf2iqI1JTJK+f/tTSCGgnc7EO3m5wWj3DOU7t/5bQjyuzhQ/0sFRSrEX+VyoqSFASBgbBHYcWkqA8c35r/LsQz1Yz53SktN9TNLTUvrq0f28W9Bhg3l/mboq4XqnYuPyZk7vOt/Q9jrjLXUsJr/uvN99eO/yo9MCOGvSvNyz7/vmUEee/nbMljd+DdYcRf2v/lp+SsJtP49RvGCgvzhleva8BCKodzSi2ClH8Z6Td0hLT+v0x/9eF/KMtiBNXKMHJq7l1N+4NDQvN7G2SG5/3h9u9SSNf9w6/+t5/1/6KYDxg5IgD00pnSJMmNQToKrV7bJ3XCU1Vy6H3PHaFO+/ZxgmEY/SxFXnElcRDXbuUlKKSNzCqAj9XHjvZFNa2hpS6XSD5U4PT4oEISFNEBDJIfBrwumFpftQMHySrs0nVKk2s9xC7vmvzOSuhajcFItHyHpnxX82teeSE5uJUnNBRk7sKfY1cGrzV4HTP8wBFkKLIzFhO3PELbnfvPB5/Z/CbFIKjanC6DXq23ZJY0c0c7px4KfBMdoaIaAUhsVGfoyQlTE2P0ivUF+wg/LSnfxSWgR+9RI8+7Dh0OgSWtCQFp984p1PzrQ28iBWH4ulzdAIwgA7lIROVC8AXJ5qnMNlSerAuRKyRYxuQNryN7WiD9LKup6EPJr811segncBXHPu69cCogApnZIluYhdFek0un0MERk5CaicLqGFRsWtoGYmZkZaxm6UASG9w4dOuW/T5Sbl0ffbRdDqHwislkK+y8vet6s5BCSmWqp/guz1VAtosuHd+Vb44Nlq3nr+0yLqowc2C2sB0X+4rVUN3+ye4h/cMU1FtaVfehUX/miCUxXFLDKwmR14xFYSLMuMk1h87zK2ozVm7PrvVDkP8JEae9CLFpSRtXyMJgm3tmy92jan/PKAmZMCeFbbqkbdEjSeCb2rlvc/N3kJYNQTmcyAXB6QwnrAkDKppx+78WNMNB6GxLZ+kEVJsZd1kZEBHFpCNV8OGSsh58lk0C/wK7WVV2qkfydDtEtLyjNzc1lG4g8swsyN2aXwm6oVC2flLM9bNNdPN8nGl+u3Qy2wkxrnX9hQ8nT4YyY5aHRLGFDNaooOEcaD687CDS5iFC1cFBJFT20rlDGV/U+oyiMgeUfRfFr+XPyHNH7omD2tgqIByurlOYcTW7hKl3mlxyo018iGnclQFlbaaOxsO67R+JSesQ7yVZ7W9wKbghvQ6SSuvfiGGObq+Or7he2qQ51n4Vsyq6vbfah3MYPjgYtBUjMWwIAyJ8vGiwhxHuRIlUG3KS30XDDXjNkhUxCQkKtTY+11gd3d3e3G7iUMVfTHFflRL+E503OpR+TixVJk6+kHzLc8BfDA/Lz5bx0gD5LWZuE6fFtEHDzoe3ph5i6urqYvDyIxFq3ujA/PhOLxY7uYV+f/Nhpvd4m9ZapvVW7tfLz9AaB/bizNGiOL/MugGd1Lix7uPNK8M3wBzmlOFxTv2DwU2NjY29vb5q/G3p2ZmZmdLRY1DytoqysW2xH1/jGOn/dxthE4VcpYrg+/RvwRrcerKupad0ephyQyhD9IuDEgFPn3B7MpwrZH7jXw59E2Jlppoy3Tn8S57K/fduKe4JxW/FoOaBP/M02yVqq9amqmWbeoR67CG01RkH7Dhj8Tzi4mkjMVDgZG4dE2sOEIZSMb49yf7HVTeuH9XYGD0aJchik6V9joT+T12dm9z/uf98dYpF1ZMSGAR9SDXCxtXQBoZ2D1SIlogTokqs3b/8Xxzw9Z7/DY+vpC4nndowPDg6GWHAz3Pph1oXWig1h5JA1aY4FXC5Xu6umvl6P2DFslkMVHANbGpjRD5XvZRmR2hUUFMrqP7bF9li5+V7SzhscimExPZWGcnXRIEbhK3aoFs36jA1MRUUFDiq1T6UQ1aIZlzvFLpgl3o3yPf53B2x3MFZL3iXbzKqtrR1VgITGmGQNsGqf5j4Da6bs2bNnSDgtZFNIOcqCGDA5pTvkFKK8M1e9088PRg8eZGVr+R5kx5sl2bKjaiIwpsoY58IK02S6oPjdu3fVZH7gzcjnZ2iTgf1VsbukjtjyN0fMB8nGRU4JpqdjUw/VVVa+j6WYE6psY+32aX0qs+cPbR7qev6oRcAUxORGA0HSI9taZpt1pDybiQE72dkj58EWzzou5uJ3tU9XhxHaL9x3G+p6PyecBivj9tEE1VU6EtKz1zogYXv1DXChshRg373qlovI9V1mUphzfKDSh+4B8tBfFohGw7HAgBgzzUj/6Luk8wGAN86VWXm3ly18+ZLvrXZTGFnYcVHXp22o+LdoolIk2XSUxzt/oBoH9ttKgOA9nRP4sBwtX4Ph7O5PYRoCJuCGXQ7Ng4MPGg5Mdn47KGyvIdsvzHbQpctxxkTK6o782xt1CLkI6Lmj1nea+yvbei/ppKu4mVu3fASW3fo3ayfDsbExCKsqiPozxJ7d0Y+yMkRQWEdVbSznBWnIz65n9dNusZu6x7eNt3eHdJoLC0nnxTZ5m9S1M9WjhZrVOYJPVQYD+CIaDyTNrtM7f2A7S7Xi0e33nup1dXWAgtVxBbnanWRxivWjW06FaVf17Eqdix2fm5sDb5c0Q0nVtnBCGXcTNpflB412PUt26if88YnnOv6QyfGNgjU00vdJdd2OvzECAPJs3G5Zk/dqpoS3CvGbEAgElmi92waziVELGXzheLjKwGAf23XcggKnuHqZv6+yNRGzY3sgg5i4B0xOBm3Er1nKFlb9/i8h6bEgLS5je5bF/4GC/9eIjWBqLRVgB1MjNCzdvv7Uup8W1XbOxvxFZsucmp2Gj43llgnnJOKysPDw8W/BQBlSsdNBKc3ln76FenRcKotRBgGH5TnA/YmTFcT6mtqK0fGvRBUxOM5ddqYTMqgIxR1EG2vazQkOHT60yOoL5DlMKzs7gACdl1Bbnho6ICczeyh5/jUxgi8dsl3MJXdoLnclYkwINrIzgBL0q42bBIZVIdymn0D1RhTRdMYOS8eDy3PCw8M/WTwErAbYeH9Uhcxim4KGri1c8bJdWh+WZf33c6OVMnMd9YlFWYsNm40XC39rZolQo5YLtDXU2PhcA9HAdH8V71B5sw90qKam90Ex+TbOlfaBq9R0/nPjq4JS+LGJEVARush50aNi9fw+w0GR5CnM8yo/cpE+RdvqoI4uLDmnqlAmITIyEihriYm9uhogY2PjACS/xu92CoBImikjADiLMsIhttjot+Bwk6znZ6VLotJzXtYm+S2wKF0WqLHswVyF+Jn+Dn8jB3dFa0xOUqMGwAvDoLSLid8He8Sf6pKZnoND8TsQFKzBi0xpCZvOkJuQiMcAZ4RLpqYqi1qx8hzvZnuii8JpxeVkLYuaZech+WNj/j4+s+K0XAgkufGxc7lXcCpjOh4DAgpeuL5iB0C1yiBg3WaornVO21lEaCjFQKoc+qAAnyHI5hoNpNUjR92y8AeYysfnU+Ui7DRLdSkfL7YBT+xKl+eA8y34uxyIV3O5T4VKTVDdjlQkLtkzwUlzyXsqAJ+dHLQEROmUlzkmVGeheG7dyznpckUDKlEkjLerr6kBW1lxMgIw8Ntw8xwKmVw9GMGu8b4+ZAO1u982rKmOFolEZ5HanpOc9gsDqlK+NWZRuYbqaUW2CyP5uubWF8ig2RTTAay9B4rv6zI2GAfifvGTrU64ylNFjL1f+Re5cXJyMh+LdQuVi2Da2tnNi4DgeSS1RuyCwgWNnzOxtrcPVUnljdhCSqYBURn59urVq8nJyfEzAB2ck0gkgvtWLszODrh+w6Ejy6mhV9YCkC7H8LZfYeKJ7Tv6/FH8Ni+YInX6U6T4jVzE2LXazGDSZ+hYlTtAwt5kG9XaLAvoAZxchHMEDJ2b+wrJDlGkApln7F83OxJKVLH9VwJW1cug24aifoeHvoKPUobJF5HIemWtFMd+gVVamnDCb4fubdOGDuFDoERa1WnSpFoxuitIdmbf9hwqtNBzEYIIYFlNVPOUtKwCT7XAlGbM99vPB5R5nNOIs0H7+fgMHGNnC8B5lP6o0FDjJAd6MWfUka3a3044qNM8sWeLcl19ilRzMF1kZ0SfGzjZTMNlMIqXSNFNAdQMELuw1jdv3uCfAkWxYijod/YZAD95OziiV8JpgFLZYB4e5ezNOhLeDzg3bKjx7F12lnOh3Yalkadgf0MxgKeTT4TrvPQwrB7MHRLEzPrXwzHoQQwwWyY8IQFNuW0LhHAkkewagEFI9Go2Lw30Zf/fB+qwJl9ui3w9OHiekOFUcHzyIXwErpyEObK96m5zMcaA/KfKoOOmYrFI9M0i757K+e6Z2dka8afJBisITArZB/+G5oi1VJo9jDYwZHPaImeOTsG0XKZGHhFh4IBbB1jAUg6Qi43Z5MV0wzuz6n7T/hPEve7s4sJdx7u7NCTqXw2ivziueGO+q8UDfIE2w9PTz1DN0w6WZBZtyRoc2eauUE3aaVk4cqT5IgI6jNOQQ6dj3FV2LIMe9e/0ESM3cbaMk9HWP6LR7EhI7wBYjN1J/dx+mBpaaOHd4nkP8AdP49vDXZb+hrTkU94zcS/IGQa5bYGx9wgnpUv9Y8fhANxdtnq7DSRhum9hPjoFys8wH4waEPb2+uVCFtko4Fe0daTl0cEaxKVL69k1yMdwNyz3JZjiq/9UmrawDnmOFWm5/wH+wARs7fMBghwrg65l+32Iscgp6UwVvgd4JvOmatO+gvbndN9Uxoile471wHs2P1AEJwkGWzLBC8AziaPn2I60AuEm6dDnpM58+B9r7obiw26/Vz/Mm68E5VG4sNQrfLRRMJXV1jrUhUsqp+ayBuNhzMBHsWWfjZz2sw943tNNcSyDWORMDjn02ThKy/g84YdNjSXcZ2HVS1O9MW2BVWGRkQ8UmrvDn8OPonBxESBZG922pJ6d7dasKtLF3+1JG5IaBbHofkGlDTXSYmnELT9wmxL3Tj3sfY1oBDxI4TGuSOemt35ocCuUSXCN1OuHtCfYrouRlG/MSe5O3Df+yGdBdPgEj1Ez+ga3MKKOSElPG9vpsEBrDHUx103DV2hrxVYI9g+wbIrrZoHMcz9sbVk90s46CrVB0H7G+PXt689bcle+03+H8wVeuVk3I9Z2byy6u8cHiLzANpJbD+54ZZXAY+AKoII7P45dmgu+zjA+4K2TSoN5t1d8mW4YcVCB32Vs8gttR/oCtcAtIU/4quxLBZoYRtxFZoXfiMDNAgsFUrJZ8Gm+O8lkph/l8AOnIsb6pchZb/3flPvxZJDCGz9f37ZAPJDgEAqGp9SK1wJQt2N4opu+Pf3Dmzf7YeymXv27dLBuWp49sreuwNfXhayVepDccpNUhgYFI7UzVG+6jn0U6m8esnG3t0quX5Er48v+oBxRDJ/rv0aQQacFplXNNcuwjrZYi5r10r3zEHFx2W3DhuWl8/0KUhzKcf3vbPIiaeYC0EjKyRigbp86VQ8H8jtS1IM1p1o67bTPEFCA1SVpCBh1BTrOf5AfFPuFRF2HQ5hD80xPhVfbeljOL+sO+51hrOFnf/qe5h0gW91pDwFDjloXWjVHJZ4JdwFnhxr0/e57QK0gOC4i2vUJ7la7uWy163J92fQDmOVcioykOf/pG7AvgkfP0gLKOuv5WViGE92qO7qj53Ld8OxsfBI9b3Cc/+yNT7R3dyLZ+NAehMUd4ZcZw1XbMl/VMYh1pXoL2kgm4E5xZH1NoDtd68VxpicMtmA1UMyNg4F229rdjzHD3MsjnzN5YW+SxqEoLnkm5PJ/I1Z73GR1GgQCSf9wDnX9PcE1Z9PXoItEGhuncWFuxznfirXFnq2s2MtWxltCg20ivTVhKu89G6MTPK6WE4l0v6CxcuQsfDZMcPT5GDxhd5BJ9IMH/RZ6UIMCepSSELc1skbQm/RTNHfv0rPzJ/8fENnO3RAxYfB9pJu15Zkyj5PnTZO+DNE64/t6VzK/Yj/UmWdHE3lfZ+189lSoq9KtATFNQG/EYH2bc4HAP3SDQI7tnmbd5EU1jHsVi73dfYW5Ah95Tk8W4pTCYyLXP+9tprE/oPVwDlHdwpO1+0aWDHboOSE7M0kp9U/g8YxDQ41I8VO8d7ZpvW6ouknP6V9zgo+zk2+4IOO93OkGvb/mfi9Ezn32g9Q19OT0hZGBiSPG5eL0XHU93Wnbo3oXYm8Bfi9+KoPWktKEEL24qvvynNL5E5KlPpZuvI1MzmJXDfq7hX9/lA0aF2bC13S7ivcWHWVsh9EjvElnoisR5TIsUViSqV1VU0hz3Kkciz1WBGy0rjupvr6+p00nv5IgSimOfkGfetCyu3UEnvAUu8aXxfESeqvX21CnOb7IxwELp5sjpTwWFxL5nxuYuiGbSp/K1A6fxIJ66XGK1J97AyU/BY96iJe2ZfwcEh09YanvALbobi/BPa5a7A95raUODgw8ge7V09HR0dNr5gG0pS3HEgtCAEy2YBERjl7wfmSeHnOsiO/j+9VbkcrDOJ1BZcbV3mcAVMOzti17tLGx8ZzJLd5whNdRZrwi7xL/TVA9g1vbQ7JrjiqKJvzJRSAo34DqqWaf9wDyHvn8C7JiaXlOH4jyQZFvQyPjEaa3+mEIB1HOwshKDtiuhRQ7HwND3DPUcKdZGZdGb8PCM7knoaZWfaejbgrP9rTTPc/6JThh5/orUwyaBGHeRgOibG5RjymbZVXM203UGfS7Oq2lSBUfQZGvCiO5AW1ozy+LeOIZCszuBKzefyTDnONHr9JZiKcDYmhiEX5Vb/ijlGmVUG6Vurp67JuC9h3cR8mNZ02ywBkP9LwAuUDw7GoTQUdfTL8xl0xjqmOLF+Z0+nR63GRtMp96WzwcQ7LAhpjIuDgvl1KVp+QMvba9BhXSZQogAvyUcb8Ex/PF54byZJGHZauz3wiYYEPySy9UajDWWXjVmF6XKfIdIO+yZB/odvazPVTbUDLXH2NGgPcDdHH0Q/R9/eehRg70t70AMLmn4TZ8hh6UAK/wQ+hHlwqJhfvSPkx7+3GYnp6e+4PYCpkE7hRbNCwT8hWQqq/WpD2WQRdNZJ2nAoQ69wQA36ScoudrqPaPV60jFuTDodwg4eF7Dya6PFVT8fUgD4axQ3RLeThIoRrxvNJnUpC9AhDy4GyG+VqdpdXzKPVVy2esuvQgGuE25KcnlgBc7Cfy5Y+1+z4RRTcQqvfdgVjZwo4bjr/q6cRPkYoSolq+8GS0WxkitARtwULoQw1I4j26QH0wqJ98Hz+BES/tNDbJRZTWzQLqUt0f2yQs6c+ryJMlLJaBnmtf1fPhs1BzJ/ycNdoZr6tJpDmkiM/KTaQhNcLPkHIIMMNE35GzZTeND9FiEaFn3gfcIvqjcOdbvQCdU2obnUDpfzvyEI/Hi9r96uNfphOW+5JazJWc4unAAiILt5PcdxxFFrI1xml6hg5iXKE4vBYdealUptZGcbozOsJ9YQrTTgcmwh2E8XaX1jEt1fKDLUQlBq3RdOXHFktr0emHsrOxKYqlYONU8/v5AoGAaL+MgxZfNxxFYShs8yHrYGq3GhBu2x0WbnpQAOjz8TnZEguwOEVOlYExSDnZtkKHWFhY6Gs6EnMhykS2WtL7LFy5aw8tMfHlQSk9nL0JrAHC9B42h8H3RO+Ld5GttgyuAqJkywBtlbBEntO7BmFMj3rB6IWXyrAQV829Z7y3OyCdZG1UKtmDPYqkeuB/+7F6Dcj5voVuBCy0oWKpvBQDbFAV7W1gYMDrs2bITQATANRC/QyDdwCAhQNLsBCzUZ5TTBONkGMFgACoMlCsXDF2iXjjFIqcAQWFgAqD6axcFzDaORQt49v/OKmqh7TLgb57aItQIqFOJ+Bakmm4yZA8qzwKXaIm5eKvaHITAUdADI+lzRuTvwRTz7VmYPI2VIomUOS9ow4EAHDLDpu7avQFpwnkZeYebDXrqJ7NqRgbdNNTvvFgQZVB6cLoaDHpBbtTZli2J1G2uu5231Q4tL1mzqp8lW+wt2QuVH3pkcVouQnei1vtWNN7ywRTRp6DjvlNNR+h1M7sS23h6brti7ggz/F6h8uyjK+9j4jbHR98JvpllBuKzLDavmdL6Ji9m/JlMi+uM8IG6uKxW/oFmMWZP1Tp7eCMNVQXiowi1aVLpEhllRfnlgwKYuJjY7NKvZvdWbPfvm1V3pziOH0MvE05lQS9Xv0HJcwyCS4VPsGF/912erVmLZX0WKb2KJCj9I28EFN2VBQa/yZXoQGzy6b5RdCfonMmVR4jvtBe2mUpgzn6Q+O9Z6U8x/c4qvcZ+ggqVf1jBlw3vRSoQHog4z17lFVUsM0A2WIkt5pEoA0gB+29bycF4rNUNi4ZY7H/B96qujE/+qBsXA7gE1yASCzGv/F5ymbeZBgech+eBuZlPNWdAk4E69KzgmukzbKXjj8SqnyZ2t1rqYxXc3IRoofwGOE5k2khxR6+MD+faBcBkC1J+mb1LJXBi4wVaskH667XTIGNpCP5/f8Yqfbj4OAgQJ94VnUJO3x8fQfNAIIM09PVbTrDZrPN99nomUs0pHOC4P9BFQEzjXPfmE+8KJHn3C/IZgQ4FhxnYtDoQZbmtLb7g6Q2tpDPXUONPWJeWJoZ/0xqUNQPW7P/uVbs50M1Ke5p75r6wzIeluJw3yxyqN3hZMxEhA26LbC245SSjXgAnpAvHWnN/5oadg0VW/4Ti3QjxLr5AC+CrS2PVmDjR14SfH2biWxAOoQBhHqkYIlKo0L/V+y82+lAlwe8YqSWrL2axTqZ8a6x8SB9XSIuhf9MwNSNSkzEgITDZcLOIHNpV8/oBxX2L/dcUM2H4D15H3bBoxkeHKZrLXvUMi8vj+467imcjq/Yq5NEs6ZLMv55m+Vfkbj/KMoZYBTdx1NTpuN12RppzWHekWyIZTXDEQRRqIb+Ckig3jg3nrRt/Nr2f1ojz5mO7zUvQIvF4mD2BbOPirAcatW+nLZwSO117QWfwjYBJTI+5JzEOqdTOtTc/xrKCgBQ8FCxcfOhogLtRboT22NoxpbvM30/Hb4zbZ2CggJEIO5LTv5w7p7CQKwUxCQ/SEvoFbkJ3A6H0I787Q7uD6ZnZ8G7W2JjyzaopDT3Y7FYpmvbUGXbT0B1SgtQVlb+hgK7EJ6+u2CWfWR7mSkBEFgYugXambGhfXnWusFSRgswPoE4rW/+fnR9XXJhQ4nj3UU217/rb3vn//bvpnyhXNAuODmR/BPcB4LZaynKGPnSeDYsNjb20qU/XW6ldJnqpiHU04mCXRVfpWpDpu/s4b8O53TBkbcAvVYQ1uqoSA1FxjL83Jg6vw+zAd7Jr8LUjObNT6ZH3QesmNVZSwXoMdjOLjWlMgWKvKUQs3GpYmxOlLXB5pmbRZd5RLRcrmT9cf3VwJvYnANRClN1qzxQgJSffHBBvSTD0nIEVoJUMtAdFccDSxA3KTqc08c2yzry7bCfaj5328gUUMBzf0J3FPRPzbwvkkEjj5wtsNNfbjx5GzmUlr0k9cpNJPXZNUT5+FngkwAK0CTy95JdbEI2e6DIQATQ119ANY8vlRcnM9mZ8fHx7hRBTC6P0vXedmGq2T5cH/EYWhABSBVknBVQ1WA55VU3hNPgTLN6g7BoJHLBM8AGHWVZMRxiT2yx23E1W8b3qKDyXsiuBbFxHgTC28iGdfcvsO0XPG3nfb5W6qQ4Vm0I5YXv5DeRrQz1bhcOKGxkT9hHLKdWlCcK9xNcCUE+Earb6Ywi80Tt4ErMPaUhgoZP6YOj38ZPy9qI2VGhhhGhVyJ9m0YworcjJ6EqpNpRpqvLrUyuUis/slyoMyiIhEYSnUnVG7Ghu/w5uH2MpRMVOxzycnNfueYFgERTCPDr70to8n3HWirALsIQMTEeJdRdQ008QIxGu7472t2XQrQYEBAB2a7DzT0q8CBW1ixMpS08d47lp/FGWIHJRN6Y8svzidxoBFGe4/G0BjV7qpnlwRPE+Cg0lDeTs2dyrw9FPY8F34fcTLEx0RqZTNpKzlo4fXpKT0pb1jWfUqQSMx4CLGPT1+LvhBKOn3kVT1InmfT1/pryrmc8wjYbNJYlU9sTifvswal+2QvHo33oVNJL8Bb/xbOo5aRc+UFwuZEDcWwCs4Y63WAFJRlCN4G86bVPKyePSlMQyECtmcUMfBuQJYNeAcNTgaKGX5cQFrYv60i4ft97gCbqY8Xakn5Y6Hu+w7qXMuigyUB89wWz25twMyE+8PhDRcF+6XcCrgs9AdJUMOs8BN3j20azs7UtSRRG2KRMhjpZsbOJ6VVCmDahvj4PoHowpdu6o/R1S7NcdcFDNZ9xt5VHjgoKZ5imBvSY1s94aacbfNAU2MpzQn4hovv99tn4PUX/iq7oJ8CZjG7Sy7hhUcoTq/Lal0Xb+9xQfLcPiMiREUjpnsaS0D+q/lg8Yub/j+cmLqjqAqKCNHxryIcNoWAGqczKodxDuSpuemZRpyZNo5QvyfGp2S+sLUgW5RFApfenZ0F7fHhTq8trtBRcMlf5vdJxBnRFM+VZuFEi95ujTtbcvEhvxWdVOBKxL8xh/ozGuLY0WDffbz6O8tNJjA+mxEQeiwB9nQKUVpiDdw7OvbjwsxWblkVVAcjxtp5CphcKVvoVd5URTd/tsDSFj0v7ABoAI/N2TrBbAgho4f4VeweWONK6ehn0NnLj2buZcUuYtD4zu5GqfT0nkh2EHMr/Fv/ttHvihZSvfo8Ie0xO3iI82+hS2GGYH91m9u3naGiSNTAoIZeRAmCDz7uaNnQZS6uEtSdy7h0qPqeifm6HwtTyl5OfRuk6yVajvXNZfd6Iplp9xhtKbeGiRD70Aat6HxvOAhWzsuiXkLJxk3HfXi4qXvNXk9xeTFyVn+xM51OPBNelwjwO5M9/HtUAEgpA+MLF88ZJSUkUjC22hWwCE0/+woqahfOz2gIPIFxXaGf5cHMnmR4DHgxAhfn0AsYCoJOJHhz3YFSmuPwiEmtWHzDNlYuIvMs1IWeOwDaJ4YeCkfOmqPg4ZtO8l3B2y/gjEWtQlIecH0ZypJDnHfJCWuPHWUBV1e2XhkPjSg5QyLPkmaLswo6LJAPvR+kfnjh+VY5SnqCupWIPXKFQKIxdseLJl2z+s0daiG/wD2mna1nfzDU/r+R4EL0Lz4vtrsyaEA+zzLdN9kahqyTVXiw7KW+uzPuR3zIB8rf9fIZhP0HnSI4WUPZzMr14jGpMFAS0wzK609sKBNL68rE5CGJfIal+7lXS2R1CGLQLS8iPVQLkdtjdsnvmXlYErKefeh6IUdq2113SOTbrVZdB5JdS9rmX8k9NVomIk3M10MLfxD2t0OEq3Y/n+8bznJbMiYn7sYKfqZDxVWrxE5aTdgYPne5h4q+/5Z4tm7KvXw3Qt5fsYsapMWtYANLH0Q/qNxsD7u3rS7PFdxdrjXh8I9zTykSHmoaSzkuqiFOMDbuzeIyQjlTHAmDBdtURdSYmBlsy209Yjsrxnbc7AKSEUOpRmtPfyqUcZ6ZsIvNm5ZgLKuvKqXkQks9IhPSg8mmdHw38iltDteZbMog8Tncx4tRYLIj1LeS6HyAB7SujZd1WzZXmpZHJPSuCMPz8gT86K1IcC7JPouW7cTvpsK9GA4dPCqo7re3nvKZnftuTMVI1Pbk5kF7DOC5b3Qm1y2tObopKOQ7U4PgXhz/y4k+BrtTqKPnpHUsZTFXZkVQebL+8C/ojFbsGCLDp6Wm81uQxkZU4oxziWQAhnrbIoQFy8tZ7t00pST3EdER14LPJ/M/jQydctqfTVgCkpbpE5TLufEgo3DESdw7h/ZQH223EGyMADNyQHhQNhjxnm3+WnZTHPcXtgpOeuCWPwTRpZVM82XezGKkh+o9/5KhEoAY6BlqA2MJYtd34zbZZRwhMeIkXRA0e3HXJpxWQBYuHj075ggyGRF6PsAHRSafNNCvSEwLO4DdqgfAm3qFBIHmO4RcMsDx9l32Eez1vc28ZfwjyJT3bmCPD6pjXv7wrmQgKHu4xjhVHTlorP4dNlPQl/aw+J2WpG47/6BoAB8qEiywBD6G9zaWwgRwPA2mmVJ/XN8VWe5PejqKGjg1UtrW8b4KktLSdhZ16DOQXVsWmaw2VRktlCGKYdYNThmevC6FRDE2cj6J5Ttu45FgKe3S40wBDz9jEs8rfA8j3AXq5H3ZuJd5VNzmL66MAuNkR8Ci7JgeSzGP6l5ZXPBqVUoZffuSZb33lObiLUUMnv9QwCI9J0E171JMPWuSQSiX50bQrjDO02FaZ5KqO4Ve185VfDBubctqKoiUbQr7OYD1zoKPtF07ShL3Ep8TRxQ1EtOD+GecefgKRZOSMSn2aQ2FPFu7MeP4sLtrSSBhnhttb91OkA9hSITctc5x7l7cwqyBTVWi7SWrZVQtvVCp++Yju+/TWOfsdU23nVYGSTzsD1cqwXmF1ZHt6/Kle1ttNgQ+sDdaX2mXT19PTV0SXwgbIo2lADgClmLXbks2qGe9JdfmlUD6Ufe/bpoCq8ArhHz3t5MkwtkIY670+/gGodWwaUNO8k0MEUp7Lh1XIEvi8J1cpnAw5b1Tn3TnDiN4AArBvtBUCiJw3BIp0bcv2/vfBmsdHKyPlJgYHz49SSN2fW6vwZYXbPwfqR6X4firqIhylGvpFH1V6ZeQn1syLJOr45pp/owWMlPD+2BNgcYctnI6wKbELS5lqq6IHGzsQQ2t8/xRV9Hzojj3SK1IzUq/avp49ypvZODIMMs4feyLjGwr2r+0Z6B4qbbnpYm/Hj3rUoxsvaRCl+Sn3wvRYPLFUkGJkftiXOVpZIYMuQk6PIRdAlkEZvLNlXdTJXADM3NoC8dUo2ipoht3YLge6N3YIdgoRvDLU7WB0lwZvEwQRLQzCfq9uovsmjHk2tSnD6Ot2kSmPg3cRhin2C6MZFSzwISME/4P4Jz1/vyj0OSIBIMsHcZR9dIv50Vem9fD2s4L+RyLGQ0qRLKVsiBcbZ6zDbmUrX/pkvWQpeOuPMvWlFwo3H1wKzXrKXhRGuXl5pUSGpvun3WGEinb+sz4fFrcGERZ2N/0G44+Jsy9sY+sqRg6w35DQD3Ou98cEdxukkrqvtxHz3D0OVFq2X07NvOAEag6iO+kZu0OHvITJT6ME3KLxnGPBvcqXexsmkUk89fyAfYw11CpC1W9l9vQndje1p+YoQNGE9T+c+Q0AqKChuNFc58IyNDGWLKKcDtm9fDIn7ceuyDXEdgeizrdRz8BCvI6b94PuyCqvEdjMG94xdlzJdLyfBHuPwXienNcW6GtKmpmYmMCJK8+H2dZ++DgZFj89/rS3pce9UpwB39+jFsoIT32KuweT7Bz4whZ1fOBprvbV8w81FONC6mV8d6v1vfZJmd1FaBuvxmgW+z0QaHr3slpT6rgBPTy6dA8d89PfYgAiF3HKfUxTmItuMY86xHjR6jYRwsWHxVorET8Wh73oF1hFNzmCSDbisbExooE1GNzKA5soviD9RM9IR8FvTtrmHdbG92pGPHgLDzvrOb4Jq4N5wNyrmXJ2G/cWBaatrf1Z4aTr7f73MWdLohJv1s5PLBk7ZttpDWSZ/MSulth7fgds3Os68bxDdFXh7vtaTf+zlpC2O7Dni1azR9nM31nVyU9YRydNkzG08dadb2mI1MMzgDTSiA5gx4BxQRdPRQawz5m8cA5Sg3NPwJ/we7CMvsI9Jur4kfcAO4BuEMVdPJCHSNXm+x7i35psdQETgLROpdpZWT1HVz2seMsLYmcFowQjrf08xiHZatvtdKPMx3OZq2K9FU6yrFPvoHk1PHCxeEz1xFy/rI70zNPUhr/t6gXL2nDJRII743hD7U5CcNW94kjn7emwp5KczM8Zj0Khfacsid6Ex8Cz3Q5ijXTGtqpUBtdNqp3MMtfqZR2tAuu1ldVVmEAZkwqD3qnwzuDB8nO3LOz5cVVdWVeJwWewL3NABofdTqTRcC5G9g1gGjm5CrTTwf26bYbg+/e9qa1RiYkry3zf1XMfiXb7+tNHLNkHePUON5M6Jc3rl2yeJ/8D0WE5P24bOq+TcR2gzscnOTZfmgd3Lx7LPV91G1/F8oMwIsn7G3+26MHAMJfAuhCN6h4awATXFpCgg00PXl19FbytfysjY3p7kwFdK+3p+5nw3jY61L7DykTdIsm2OW7oTMFTH96IGpEmnD32raB1u1hTkdkHSVLNF9ay87KrUYTPGEU/vTg/v6gJ7ksvmugW9kD+0b9O5iwfmEsrkEmIiIiIj/dZfO+hdLNQB1+tikLPLrGhzjVUklvKpyD7aMsDL0g5n+CISxlhXE8FBYUqHZfS4cZtwc3mC5UlmmMjUJhnrcDnWm4HM4H1rCT0oPN2nNvH23BSkZslZSguhAid9K1tdgMZOvRNbojYTWPjLuZBjtbPQWRqU0SuWGdk/Fpe98iUTuJyMdjQfUJ2pkMvzy+B1z+mV1+wVviVqFIrfK6wuNkHnl465IXv8JHnUPLs3Ruto+rip03Eejo6g46kv4w/YyXPCYpfPOfl59dr4109U9k9qp3WHNbmeQ/QN1paYa0LU3oL+lp5nrS2nxti3xJw2ZLo80mDX0Qp7PMD3wacqJ2ZAbIQvGeCbdBr+CSm+XCZKfkYSHhNsKHBqTuYw/+Yv5Y6zfOtvbNrNz28ETPzsse8OBBu66XnuicRgSpbPnSXQvBCzQ/72w+yoiSgtYsdGq2l9yQstQDGBwwc6uOny9dSy477suOfW45NDwwAUXSaKO3MAJQ/xAhS8MqITA7E+9VblNaw0hllcLAum9zR0RHjBMw+tC+wrtkqFtxTQlKUZI4WyaBDrXsTcZcSOJ5PS5p4QPpWw30vpSZjKOyq94ILzgm4RW7Y0944TV3fpKJSKIPmDVRL2HnIwGAkEmlf/66MsMA2oOLx4C38TrkmJ1fTdteQ5rs0f4q+MM2RfmSyF0rXW5qabjJAn+GSSUqp8FHX8zCy4Jj5E/do0Vpq1RyfHl27psOtpC4S0lui3qYWibANe/Lm0+KUVxgvdj1qYgSPE3aIXinUe47TE1A683+tWEtLy2jwkBWbz+0MFIUJrwRbRTzAMEwiYAP7Ctp3LB7XbTPiK2XMM9TyD1u0cPXfm49Ftgkf9WRdZ40OBw5Pn91p4EhXyHxXJZxCR+crmMvauBfUZcTek/Yeg9Hc2cnmn/N6LR5RMkdmBRVjGbaA7DNUu7FceohdQbLVJxlTPONQ7DcfCf4KU4RByHPu8diECiYBG8ryrGWD3dQK8Cro0udLOWQyKxcRszA/l+wI0KuknmmqzOjAEle+mi3DYr0C59kiMgYXjzqpXg+2g5E/phxu2wXPgB0Q/QavgYWwz30j5GZv6mWS2Z1/stBdbrLVvTEMfYozlMT+8mULnZCxT7eEBCwz5W3c+4zpGHBqYWsg3nA8MJao1Tr6df9RFL8Oc9t3RQ6C3qncRbaXr9iQnOvUxBs8gYvNBavV9I4q1wdIA3EzFCEXYf4ID2WmIp27j+MutxHV8vvmxwklxsT+p9hv8VxyVIHOdnSmQCBO++i4BA9PZeb6kMi52Sr0qpK5dXv/lPYDgJjBh+LFuR3XGfyQziDhS8OEKH/i76RAExiMqNTOTO04dTeCveqEc4r8BxqseU30bt53L2Lua7RRb/wfJXCddMjzjhtoly26zrLVfrbuO+lGhwfcosmh4TD6g+a7gN7zM4PksZ3+jMbjMdH9JwUag8wJK+/Q71JmcwkLVc/HxuYyrGWr6eDES3IRhAxhVdWcu4FDnytKutE3ELYpP2ABwAi4hMPhtOVYzmeo7L32l/WsKDP8Tz0JtnssCVhBbmZCsGy198VKQuQnLBY7MnwKHWEQ5YHCWeoePq7U4/PV5zuBz9wztHhKbCOlKC7ObttYp8a3/mDSEMj4i3KhjG+5up8+hXR+GCxq+DQYrqOt3eAY+mdUSic/+0ZE/DsuuCwhJmZzdIA+iBOMbJGuxUlevozv9f4ahvJlvlIIDHKwVC2f+7KGFHfPO3rXkoAAVy9hnD8zZnr8PD9eOHSU/0IET72yeChySsv+NW6pt7E3Vy6CPgEjnT9vAaLGXqfll4SRxReCO6CSKsxmBabXo95nvpvyhUbsLWwR6Ji8wMaEGOwC/WzG7/Es/Ehy++o75xF9/oJqPuNr94tdZPNGa72U3WMJ63kFUL3qBBgi2spVisenvxBOSonE9Js1VBkwTurKIhnf/iy4CT/CBsolu8lAS60J2HZvRA+P2fW1cpC0jndvJI7v+cFPMtuZtj31lsoeu7r4VzeOjHVS11LdovlGp4v9fIK0TXXT+lvLdIhA9YOOsOFOBcdBtaQ92zE5iG87V8z2SBPzz7/pKgB9LwIauII2MOQHfWVZZS2mP2EAKyhCnel0UOj9kCpffAq2J6QU7707V8I1LfrawHOqgi9ur1QPFg1Z8dovRCQUOD9UzEngzJ5ixzVhonCxzE6DB6F4uyvgLX5na0OXOf+uH/neZiBubz+iReIyIGo22D6f5nNnXhkNNbGiHvLPmVzkPrpq8hrQ2CdDey+NXqz/2ZpepVYvanZKb2Nl2/qUcHqTSLsBK0oTv8JxUanxZLyvj8/npyJyng7HxkR9Ach6fqpjQWUKe+jAdEWaC54sffs10+XH/b1VALjtzqk99O6iDTq1ub/xbFjFZ/OrSUIU4axWki1CZNjn7Nylk3+G/JQ8ePtpckuwFhs7OTFb86u2mt7ReAcsBPsuar7uhiuKbBNO2u52DBeaiIv3hXTOHND1bPY3rHApJnquqEEUSs898x/92AxYYehQmJw8hXxLGR8vMvUKgCFKOkJudq5jIWf79arq//gEynOoCbogz8k9wDSH9ng0+VA8unp3cPiBq8MStaffDDZvTGpUoDvrnELxP5wILz5B+m1yG8UJz/VP6zRn40dgYLM8CtdffmAlZ4aweNAuiYvkLu8m/MgR9z4HKLi1sbHxorqfiXf3nfTUN1CjHwDAJHjVoHLHXgOHQp9qn6bqHp+BcDr9RRBV8POQ9ref131dBKGS/uZvr/po3Kd8QhZVcD8qAz6vcdEpgugClIdhpu6vEm1pwVP8h0iwCS7vVqr1CTI2zsl3u0P2gtAOMDAXiCdmajw0ez6qlMjUVv9RdYfWySuJsss+yBa1B3E6nTz1+MpKQXIROL8UgzHbjRJuO5+ri9TW3u15kG2zvflXomJv4vqwVebLlFjtb9N9tYbK+uMqvjqnNgMOumglZmNq2gJGHslqjq7k+LyKusu43MC7+Y0Gi6h4zHD5uJJDs4+gOZMPYkuDjSIlgxT5kMOtnsF8mON+Yt5By6lu9tJz9nr80/tby9dc3eWwULKOIDP3C69IJiE2NsvYfXC+O4QQd4R+/xGWwzy1EEz62BH9ghxHy+dW0bLIpkwkxi+5FtcQvWaJbhq0LjWYN+z721aegTynWNHf1/e8sLLnHQQCCSN5GPY8Isee4R3hxJwavcWIyo21e2q0rTQI8hwJKDnvU3lCXyAWhg6zZcUqbBwuamzm/88GJiBD8Xt83PojwsLaO2/iObkKEHVrbFMtJLLtC7uSR3umd/JqHoMkCDffOoOB0L4PS7CfpChttuN/7Bk6AxpqYhB30chd0XpsCHoqhVs04pl5ONIh2rVoPoNLMXWH2ORtJlYYhI69MCe6e4ydrchafl/qrR87tDscxm7LTVjwniyeAso1RkczUmCeYTiTCJ0+O6D2YyJAB2Y67dtji3btdr9lbRHEJrpnwacm5vofS+d98X8dIQDmja3TNhaPNkXY8Gx7MI/2FO8ih3mAvaKxBnOnE6pqi2L+YKKPbF/cadoMaSmksIUiE/6M/w1BTG5So2C7lBF9f/W/Nk4BJ9D3DsVMjq6HPLLWmxsfPIyAxl5K9eZn6HBGbdOa+/nPBLkKEW3H2G7TxfEPkpOTp+N1tQraOeE7RbM0+6G650semU34Jy9zHsA6nBff5k5eQ61gIf4Yraqp0U5x5D31A8DyAzco2AuudK3usPafFcPexiZk1bSmSXAMpvKO1dD37y9X2fe51iy/O2f54yEwibIz/xdxbxqQZPq9AWuNOdWk01Q65fZrmrJcZyp3XKammha1MvetstREIAU3XJumrEytTE0R0KzMPUVARLAmdwM0A1RES1RUBFPccH0fxJr9/354P7x+lue5n3Of5brOOfe56xJUl0aUXwxIxd6FD6kPNdZ3P81lBZBDNzxTm3/AD7Og9gsg1mEzKtnigd97erxU0IJ9wqzBrkZwy35ElG55fjf3HBarX5drpIusOOdX6HM27ICJuR2z0IPNjfLfn1HRW29+mImHb8IZC9UUVsLWlmerRCtbbnFpcV7VJCk5OdKitzpiS1hyUtJFxoh3BG+2W4sYdCqSPg0NZJ+MWlogubOeRXbxDldDKRcDq6MkEzVLJxYlcHdSDKliTufyFH7CkhAJjQbLHV5a6ZEm6IAJYGKgOeGyh3HA/gxEi/EIAFaMbbWyGlvCYpmFE6iE6voxiafCUNTtEQOihRiadptnHMqKG6nk2EXThR2uvWlIZDchcUTki0Bo1tTUeCffrETFdgjWTLTpuTeM438ePyS8gvsNjR7GhzXIAIE/AAiksyqcS70WJ0uxEyKyd28dt3Jx+ps30vquQ8/ShPEY1W1OdMLWyz5iUSwYI38lVdPOQ/JVQpWwFrerISvnh4BVdWBvDEZKGRDfzMwsXwnRA/GmbEtvw+xUavHDz/OGj50sa7MiRt+u5lhkczMSR5hrZeeA3ciB1t7e3svzvctJicOIAFvCYCfOr2zJ0RjN4KPXt6I2936chXrrM8+WjsOrBTnLizXLYTNTtQPip23+51QdsOFL4uuB3zeEelyKHAw4FG+6x+5scj3RH2BBqHYue/ew6NkFb4fH4oGLRhMiQB2UIumJyIsq+eBTIaxSMl5lVRJx0tr/sbfkR5WFMkLQvwZRqttt/EBLz8Zv2ZQ4pmNT6pTFyyEoRzvLV6En1RtqceUZXLubSULeU/MPxbCRpTUIjLf8jnAPaUzBt+zxhyXpcc4URiORbhacfErgRTybSg9bzM/3hTulSAOcZZY+HxEdHV32cDePcKOaSHTePYw8sQ0NPwc3TuU1Frk6E8noQU1ly9ilandWaaEyV5/zhnS/8H4pfi402DxkFEvzpf4iyxNCyIY2sQuLPrYX6ReDYCAxsHuT0++45tKhKES/W7VgvD0pZAEe+I4OsreydKdHRAiPL7HHlgvDtheqYiNHkH37JwJDfp/uX+Gz5+Wr9LeXiiJeyKEXed1Jx7yj9De2Cl8OvlP7EOUsLYTujg/PqRZSDXTZT6d76gCylcoGWLz6CeEyUl6TLcU1lOBqcLPK4KtX1y53ZhLOZL6OZltkPPpGkDXV1+FfMy2YUx9D7tVtTE9Pl2jrWvcB3mqedxgW2TF+2utSzKaCcXXFhi24G1kNWpqaGDTasc4s1Gl3FfWkEc5Ms5iOsFqUiPmSWpBew0u+Wv6zkMBLpebYSMpkcuzC6y9k4RZDKFbJjuxZnDOY8Qsx1W0E2Ho4GFJlgozAy3k+5Xfcel1uxtXs3INlhhZxduGoHvwrhvmUu+6GVJ22qUlQ9sxRWTaI4BAHxUayvxjS2mfDf8HPXMw6xkogXMfyfnOsE1Ej1iDGY6vkkkVSLBXqfJJru30OUN89X8No4aCS1BoqlY4G/NJb1kPVhCP6s0hGd8pyyf/8DsQvLi4WqfLfjOkZ8FMvbbPSbZQoHog3n/HaG0owTM+jhYZQnbrRdnkk65n+jQNbtFOOdzvxzLDbel+DqAUfhBsdyXOvTGRtJPYvk7RtiFsecn5sEi4MwvbZEBl32M3r4ErhVLwcpesN9OQbol0e3aerpXKqD7xmkjj5Qvpd/a/WIIhvt0HVmmZUszlLQWFh8kh8n7oyc8uYoU1D7rGTETc6g0ucbycyr7UTqfnSEUoHDM7jOZt++Ljiei+/LkemmV1OEz4ngEvvBVxmCfr6HkPGBzNhOXLcJfdfo0gdKbysyGPTN8/OnPg43m2evceECLsAYH3wwCyfYN+L0Wek2DMShj0DAvsXhqOeUzOQElkssR2tlEPP4wy61RgelA9RTioJNWVyXDuoF0SzYWl6m2B3149MV4wX5cn0fihlVnFjq6wrbIG5QrY4GyYSVA0DHk4sAk6pnXAHsFz+fQiPBNHu9Y6jC/LXTpwVTzj5ORPzFk8qDPWQ18kaaPDghAdmiOntHCOvciV3l37B01lMadgbqcPVMScqzGxVPY0eXDjQYYziLEbQuOVkD07EVSjbQYR0CHHR6JzOg/9UVapLp+T3Cy/P955a1UEN1Wxn/l7npkoT+Srz2k47ao0c1ykDpm/Ti1z6JSmpJDOkx9YRATXklSQ4ryAAVx+AxqokgJOCp+LAfqHpkby0ZbH1MjykRAyspKd9bIdpdCGA04TfDm8NK3xMcYuDDkQGbmx1zROhvz7fKOspByftsZk5B0Hgv8q8HrwpkOo4fwR59Xa5E8dilHV5+b5Zbezwg6UHwJYqL90GK1o3fFehMMDcMznSN5n2XHiYnY6rYhNL+IHGwCtX4i8rbUMrubn4cObYcWMMHLGCfQAGvqjRRfhRjvMp3Fva2dtzHAskZMhavMN1r3FnTr1jj6eeilFKpckH05OUXm6ntA2i5+RMyDHSumtsMp0cNOCamsTpkB5LEs8dTfudk9G6b7qfG14cdRDTwX1HE1h0p72QnX/Kc40TbfKVBitYLItIfLo6XcdfLnR+FS8pOh7Bu7OOF67zPDmzK+U29snYIzmuMaqQziFExl69H+8QVwKzYwlwCSDNZEGLivZdo/w90orshw8XAisMEewEp+hqE2eLJEYJPPBcXvWi7DirHDcF+5kzrSaFNrSG5f8+9OrVK8DGCf6jnb29pesCWC6F507MUCA8vfnB+igr7Kk9ZY2dX9HNYaBMNXfyE9i4xpZsMmoiqIdlM949u9xJQnGP0gNt330T+wThNMWcTQI1nhzi7UBWqF1NNNmx91sMJFv7JvjsS8zu8/+LvHoT+vCaulriGjulULPd9x//UudKY7rNt2SftTu+c1wbq2h46/wP33617njq5qnBOzBnEcG8V/JN+/DBnhiVZzz92mClayU45+tPeT8PzO346KEgGHEEC2Wc/E8DEmY3brBrczgdt/QIYOCBCb7tB+3oF8sajVRVVblV59yKhy5Y4OdF8sAnjjnVmJ186TqdCO9hRWGF96zaoje2UkgtTKEIqvM+6HmQ8VJLrMQwwm7CXbXBg59T1UK6x9hRXJfZfSHrZQejzU3zEiwHPCJrvLP5A/TfrMl+v9VSQWGIrM/u07Pdk+I1T7g5TPc9oF0QUkoIgm0NIsQUIjEtZiOzr3hYsidajiKZLnTEUviV7vMMUbBSfYnJA3sYMZ8DSsnLyyuztUsuiS+fW3gkXuEwcorHP/Pvb5d+/dVhcuvW7LGPAKbzeMTgC5ualvzJz0xYMwfCeglBqXG8Wl+2Wd7/+M2jo06dMxFKw+1copzn2GMln7K0Axhx26z5AFQcmSrgheLdHH8CpeFeedAGqyw0k8FVcPfb9PQhSkWp7sp7t/6bkItSSpwK1Ws53HPOcCUE08sRa8IlQrI47+KEgQN2ee3q4VkCcb91JbnaYUs2rxDvJtC4oOnSU8/N0sPcGHT5NvGoVqQFZewSjZEUP0EyO0IGI98K18sOeT34zFB+WFC4kWcVV7BWiZO84DkVTDqtzxndx+Jm3bV4L/DdiPN00D9e9UwOrWXrbpY4kMnjEB7ni3GSKer8OecZk5oRsw+V4JsqbJshvtkT+7DeNQgWmcfFw0tx3d1L/T62kFa7IHoqBRtg9fDyIrLCrc3xehK/Hio4ZTXxcCXn8PJDRNcaxOinoQ9K+8O8T4ffTNhhpDa1OD/jqlVkZM+fmzO3uC9x6zwROJ9NclXRUgRhom4DXKMaJWzyC6+Z/876oc5tX3zFXKXE1dSTWOXMMWXA57lJpX2ABcYqX0UiM4uHRJuPiNGZchqK96z56lqasAV//Z4rBu8wvBecRf4PE24HULQCC0x7uUB9MMbOzq7gG09lfN7vqrJ6oNsfncVfxf70IV85u6sesllsxrCheADY65lrA/Dzm9F1YrEYyrWhpdN/rHiYSXI/gADvD+LEGC+R+K8gPBwOF5g141YjocW+iejBr2+dCu1zP7dM2MkuYnXNcAhPxVDQOeZCkQMxljqC2i4QR3Ko4wuccjM5zZVFnP6zHXwExd9nvqy7+COW4WOm/cIKT3POsMsLiRSsu35rMZl9NPeMBTIN6nmOUl0dNd53JAtruuzs7Dxe17hlWxj8soU1Z7vuTIAa27S/p9mUEUHALt8TDVCPdcQ4FuR7xJ+bGnJrTHFgVM2jnJIH28UHBx8O0dgTFJm/1/yLtjKufgXZfGD+12PHjrHti8DIe5Qb5pi6i23TqvFI7o6DqDDOg735GnhO0ntIjQ4eMxlHCFp8fb1HUtRZn1w0IgJcPtUZf3rMQFlveerImOFZ0LnUIUBSc531EEzJqAAmqpl/4WuJogVbC7Nl2O1PJ0hfA8oysrax+XypcO6rw/dxjZUeBoKnuEePII2guyACoCMXLBJcb7x5cLm62//g/s2EmeghaBUpYpCTdMVdW4PgQB4TcYzpsJhoYmEbB+XXDRW/i58c1vxB3rz3fLVgugVOmsam2xgaBEdHNXSJ77WUXW34H3/HKa9ejl46u7NlS4xgVDZJZjbrr6u66fP8dqNjZdTN9a0Uc9+Q7YWkDovGV94VadgcIcW7C+mvR9wmKbhnfhIlYhqXHIX1oGm+xCX1qsTMsXaNt5TuGeeUUi/v4oVrbPeEqQidi7aL0wLDs0VN+uLhEGJmO4XotPzs8aJVQ3PP+4h/k8pNH3+1NNfawMgU++8Fja65d9c2Puhr6woHiViWdeqHPHa35ZyD7c87nXx0F7rRvUaZ4oSMOcq8oLEA7wwDFIO/jiIRSG7AsJphWgdKwsM2tArHDHph0bEjm5zmzYz9l3f+rBlhpctwsagjCc+yM97U+EjWwpJznA/KHIz5HxMn9xnsDRx4jrmwdyIcRK+C4wN9bFN3FK5FhymOdRHwjX7+kWKz8CrCuJLm24alnyuW07I1Pnq0UJKCNdxTa0xipyjfWckyV3p/0Tt3swK/vTZ57e3tldHLS9HFTeU+6jYsrfSWgc7OzvelhXK099Lj5CgYeqvX4WxxG+hJz7nB0L4Q8mJS1tmVB5qCFN3jYvDPQNKhpcFyCkOG7C4yrJc6hZ2Qs4j56YLusSnQSkO7XVzJeAmbzQYCpnad1RnBGfnMV/ts2KWVMe8kpaoTT8UETTc9lbIgpyxDA4OqZzoUj5ZEjh+eK1PX83sZbnFLc/beNVXjQmzN4uS6N6XLs0aYb+xjo+TnpuyllTW/EsmHUutabiXzoPRgZ2fnmkmT3igxL9ma5angH8etyX6Rmou8uQahoi644QQm+R7cMZWZZPRl6N4NrV8BJuQe9rAQ3z1fxocsVXDKWh2TS0rgzeSyaPLqoJdKvq4NEc+r5DrJm3uZaL0Nl3qSztw1kxwiDPwlwj1uaaIeZQJbaLB8aed5uqP5jCXni6GmS+UeBqUlJV31/QH4O1MJdX3D66g6NgdMFYamtdUNwyqM0XbwHDCSIbQO/0Xio5XcMPUwJSVl+r0fLmNM5jdBN/wAfN09QKOPM2oWPA7k1Mwvkd0cjAb0LIm5uT7OEv9AbBg8h7vkozCkd5bfDm4JXYPQOB6Kh+9UOr5+ZfiJQGFIiw1EIE+fnF5KpKoujxXbu3aUrnCjWJ15YGs2bkNEcPBZfX7RT362OMs4SZTVbKHuyhqX4ZvEfY9j6ClN36vQGQwyapzhGFci/xG/h08lgicMXzMzV48igdDAKv2aZoG9MBE0dkbSN8UsDfALfm5oHtGa2WPjbFlFZBT8HFsk5xnfZowy2dhqVLQ6BBKwC1Ir2f0pH0aV1H/tH4euWtkoDODbD3XezAIY2n5pot9tGQAS27PWIJrb6LhOPT55xmtxYQFk4q88CgQ5Q6/qyqqq5rVQxSNs3+VxreUPFrJygP0F1JZszjhjn/Hz9a2QHAlrDWLqAZxPOTFZrDAU+gBRGslVyXZMWjmyhZNDH87eli0/3ffr705JI50bWnPb9uo+ABg0t6p0u6EGkVS+7pCyl7ZjnO/VDa27/YyJy9U55CsH+DVw/3hz/ly3KRQ+j2S1/UUmzsRZduxCJg7QWjHRFUwvgZdu4+ra8NutneJK4rvM2lGOg6EMx5tUshxkBVE02m3LhpNEMWKaifXSLG9ZYt8RNta1/6Ac+arUnkI+Jh5W8F8XVkoY930VhnerwyVB7x7NXWiQE/aU62YJP8zx5Q9rvI2L/a5ATgPgC2Ce6c054ibmNXoYeqwkegz/LKx+ZXVxFyy95atG6oSTAz1fD7GtKUsu8uYnGRFEZ2BdIowcGjWQCxlzlW1SMuC8vhj6yHT2xqcChIAvFdAJ+R0iARXCGzG335PSEVPm0t8MeBJmQEhISGoIHwjjBINu7rtsuP/ci/jJWevNLQPlc53j1Alb5jibW7J9jefuMZctY5Se91FWDNVm8qfpOz9j8KvtwNLhufPh0o9+KrdpJqSXMC4dvvEbj+/E0SpdnObAImZGR4u4VPL2rWhwDHFLdfH61ogKEs33DLnnF80LnGl63iV788SjuZVAYHitaS1DAH+0oHwwlHrVrdkfqNL44XZ1gQWEfFYsGVXWindVOkdP5Y2bqjEk3er3QO93bprSftzjVo1MiqCHqbYEfSVRmTAOfbAR11nkPoPBibpF2oR8DULdJ3/1RyXio+pWQvC5Da1XvZX91UqdCtv8D0rPrh6C6zWUGoYyjXO0wVMPqxa5zhFLaxC2YfT1rUFy4+sEFA9Pzzq1fCcECBkc/GDbR9D6MvVkA3YwbKreRPu4jDhd/wucAazmbNzNeQC6hZM8SljBFfCw9isi2zhqdbWHngq+/Oj/iCmp8eZPcpZ+nkzSSWiZGgkyUbaCgZNCMPdolAF3KP+o7LGvz/7bY2Ec03mqoTe1COsOAh/cURdjYGjIsaxdp62tTUFjsVjlmF+Sl7e0TacWtmYZWmIZ8AvGKG7QoYC3cJVauOvUapEw6S+ouVg9dc3Bbjalq54N9jwwEQGocybgvbbdgF9OOiVi4VLEpJp5HfcMuWjBT6xCNuqO0XhaYafH62LcpAdnWXRLJu339/9tT3uft/m/i8GXF3MKxaGC72A9tEPwBVY9LwgC+Fwxm42S4y59jzvoAS43j0LkWhboq2SbMOyTQumYsMgOSRrYH0G5363HSmZ1tT8gCm8NmXMorJAsToCdcqTMtbw/v/fPcAHw+PtsXr+OMTLKI8X87OfnZ9RFcnJSrDr6P78Iok41nkotLAsKvcVTQ5HvJMKVHVVFi+FheXLoiVlpo+sD3IxHygufAQBcUGoTVA1LWH1twwi3ZJakKTqUVjS08KWBgUHAvI49aqesQoLCEOQ0IlVlU57vX3/DlapZxmH5HZrThVfI9Ba8i1nGqSrUvjpKEy0/oN3TQUjbNAIdawv8ij2nHp9VKj3+Ql7pI9Hby7cQapwCZVrc5USx+Xy+2RlydA7oKSl+erRuothvX+SHcf/Rkb6+x9Fm3s4rL9/7Fyy/aqBApMO9cH/ar2rohTDxuV2YYwEgzsYgqBOFP3KUjeB7dNLNSpphBrHjdaokWz32jJmI0J4NiMCzVHPsud0Zg1qzYWhz8/izkazaVw3uCRwBXvTsWI/F3dDnoY4MsWvEfl6OKT/kxKbVQ6Gaf8MyOgr+4S9LfUkeg86FR3fAYgTlKE4xh1H2NdGRQ6P1kQqZAeZoXwhxpIZLO89T9+1WAUzdICTtBUdpvLhXUrxw+xHN19GKvv1N0C+SJIC/BOxHRBqX12bBoqyw/ObQluk3DcMFKd7tueCtCI2jFuay8S5DfyhfXuUna4nJHXFO2cQdD8+6jsUFoXIz4b8HbYsVC5zx73UMGnKdweOtw8NXisysrRnO+Ym8gYukrpchcvgUqLa2DX9+BGreyqU94UM9R+njHRJjnwhjFB6OB1eGoF+OHGdzGJ51VjwSYHjcqnBPHjaSr/jfK0FKJgaYTGaU1RhLnzN97Nwid8SS39ztS0rThee40cePeOqpAKBsjO6L85gVEnvLuRwuIlcM9lh8TxubZmnblLJGoCrZvC8L13uSi9u3Ecd7xJvqIxq3M8b9I3dwzFojBgvHuyOf+14hlspmpf+LVayNMerspj2AJobSTyDcT3sZpJfdA0+0he50dDZVCa4OCsmFa0t20QxgiUeh2A7hWXnz5AIKYK+Qe9fLjuWesfWnb+6SqARfnnokgKLvmJq1D1dk0hzjoNhH0uH80r/WP6C7fdCqRirPMy/Nm+m2GCVHgDRnBrXY9REmmgV9sE06XnoqQhNj6vMg1CK3O1b4IVzfa8AfoqhtQ8zNF9AG2wZf8S/w53ckHsUvFz3gp5Ge2Z0T5th1Xdqfr1F/+87iuwRWu0/0/E8rb5b7p6v/GOdtS0gRT9clqHaexzD4jh9oScGsKHFbhylfpaHZi0dKw71AhfQgYmJ6qAjQjxtZELNKzlMAtr32lVRaXolYN2FMDFQ0bphT34oeqwh15LzjwNzfC11XyKOc8b5/SlgaLgZK93DetAxMAJbqTsQCug0ztbAgT82kMuYYutcEfGCLRw7yzw23+W8lMmN69I7zcQEwCwDQjTMj1BS3w4qFJkTY97pcLs2f7+5nPMNybjOjv0SYQxjHKf4x6ijDDSuvx+IWDWxi5/kw6SlOsaG17npps6H6Vfk5LjnMu+fW5eXNyi9UP0c93nhlJt6VUxwfDIJbZfKw8MUoq+QpAFnxDzccov1QklrG0TnIPs+rTgS4JBaeoxFebaEw1PPtoHve/gbOKJqICbzGX9e5hnEHjulZjtwcwtUYg1YNcm1J1ZCTvW55MmfAYB3Ylh272FBaarUVrOnt7SQbc6e+odU7eooJ4PKLO6E+nbG1a0frPoWdlmDSXcOz0aXlF1FMDkBzPbzXJgPKBkmh8Oe46KysLDS6LrPDHZplNOSSlNeQS/o6GMscKN6BYL9J6ckHoMa5iKygHyLc+oS1kKkcsb6fa3XPGVAZuhP4QZcVwwZzr6cT8Cj411G3e2Pm9Z3mqlayNTYC142t3svDYNns3n4vhSH1ZY8wwKt1pP/JjZW5XLIkCseeVaEgg1DPHtqV1p0YIyzD3t5enJeuS35G4hQLqiWtvsNmGNRGSlMzsI90n4TX0ha7wYz8NrrQlI8EG1lbOBaT0si+9fCs50ic5DGFcUhR5rbcOHo2ztFm32wMMjFuhMTMCpSNdKVMCsxzd65vj9zyTNz2C2wQQX6m9Cy6eIy6bMCqPVxWFC7leeUbFYaIsF5gt3zMWLNj4avcSub3JpxTvIsJLZEhIY6JUqk2XXrQ4ipM9Ets4GWu81QYGkZ0OV2DRwVTT1jMk5xvioyipUFQ0emIEIRxyRjThRZqeqrpsbtMUmGE0LPXS3x2EvONhAms/uGeJtnE8rc4lezIAZ6XfJUmcrFd4FVHMhk1I1aHrEFwKuia8GnMAccXdOcFgAz2T5dhCVdlkzKl9rnrEzi4UJM58h5qF0eHeVr8ThJaxq+AMp8WYHElgfztDWy8iPWuv7pYKWjTEelWs02qfM+GRC54HqCTPF1z0T45wuN8YNPB8yBxyINIWLXJ92ora+sAIChqV4ZDYGsoujC7mlSu7wKjXoQRJXeEgcPhV6J3SYM1WsemJnJG1GJYU0QuUwcvhIFeij7ZcTS3yxjqTnIMo04VPmpHA/oIdYgsLGvtFECwS2T0IIBSCj9yqdDUZDHlEpcE+YGtLoh6jmRwj+bImm++bTZQyYavQZQmdAMIB7UTjR5W3xE988WQxVGLGczzzxsItZyS0FAmQHSUDowOlXxG9D4QXmegUwvAeoCwwD43TtToyLKmNHUF6LNqHYKvqyuhjfpCXSailYeHl36uaGChXkUFBd1vmap3d3zUs4CuP96+Gp/zcAkKQ7SdreOToXZwZmZk5JBtnCgxip5XAaYCFLZnC6BkKzUG1U8nEV8YfvYaWmA1w/SWov18bta4x9RApZo1sdsq3pK/d2hu0+AEwBjy7gIKlVsNsDsB+hmAYmjxJeySkhI6nd5FA6DSxWiodASAff6u5Yd0kxXJXPVmnIuLieqS3aMx4QowvY6GVYurLO2FqPHf84EHdey3oHYO0ZQQ7sikY4C5waV1RkodN9CaSEw2e/JqGWBDZknWKhdRpnHIMMiPVb5mfhwL7DaYdk9IIDblBW5fD+b5hV5ZN9i9f0OmUIiaXyxAXfRUy2dRNaV6U74zRF81Iu6xYNgRkZR+y7KfbmhgoBn6i/2i9uOjVvy26Z5z9BA65KI2sCNh28Z+NKYHzAIigKc2LCwtztNn/VbeFb4/8o+xY9NDnzeURQhKNBdBkW8AAATgdgjEQWNIfbOnANfnEd0XPgkEKa6tbhWnaX3rbiAANvRavEeGpTRdIrFEBMIb+IPyb1dPPZ/8c2L/T9oCyKzgp4Zg42hAWUuGU5Fi0cWy52nwktt+gBONQk5JRIeRVdabg7IkvryBPSnHNf2oCD32C37gEf6ci+uYbppgOKKqz7OBFACWUcCXL/5NajFEiIdR70DwdjXn22aiwcPMFPoDBD4G3qKjGKaV5BjzZqdlG/YWiJ6LB1hoKM8r3iKpwK0tCKWW171fpXwN1U1stEJv4l79M3xqVbsf+9Lb09Ox4aD9mW1wzgEno25Cm3tyDOEIc56QCJ+XZsrdQ/igyAi1+fxp+Lz8wFLsjCOmRo5LPQHFSaqYPfRSW/X+qcSoE9UNc0nMjVNHL1u/53iV9sWGrXxT9h/Dvj8h5sWMRmPhxWK3FgByc21bSAXPy05TmARtrtJk4gBh/SKJBFAuOzbACDL3IzHCcCim3hxL6fUpWq5VGROrZovnf0DRLuZoCLNKe5IqSwZA6yV29nZ2Vc96NHSBrdADVZ7tFYj8Eqq8/hOoLqm/a/ywXC0XEnTmcrtODiGE/w2463adUAKytl4GxY/2ECFReGOAR4QshsGfwzkxSfq4OIwueP6C8pXn1pslbmZdJHK+Bh/CHCKjCIjRAvPesqjQUCcYzu0dCevekBb7eGas1zpGW2aA9/6Ds8y9H9j+fH0r5ZiPrRMWbLvtLDlRvqrTJVHIYDBs43oWfuUW0COyynLxQDDRxbnGIHLnr76ZLrbY3n9vnWRLm538mEaU3t2juSVXYH5EK933ZgUR4oZvLZosQYFfIkYPgBenKBC1jpU12Pj9MeXRwePT7uv86Hc7lOTh9GMF8YVbcTCqmqbt24TfUEma8LHkMmrXdtWbwci+1g1jUIBBjJk5O2XMXjjSA7GNM0Btmt8x3d1MDytOJrKoi5UUfMTysMhdXTa9hHHnH3R3kn++QgUbknUNtLPs6zDpqAZfxRnABrXUyO6vpf1GD+xBZmauxdEYvpi6JZuzDo6pcNki4EXVZ5T2np/CtM/PjIlFeRXhxLNxJW/hrHROVSjo3O5BL5TZsWMMvjhUm0v7YcLlebxot9du76qqd68xMnZg+i9AVdFQt8X1UOKN8fBu7rtM8CxUSUDTCbDdR62sHGINDEch7fTo0fV2Skso+Mw+ytTG0PisEk8hvzJRnMEHMSBJR0WsIz2h2M51S9zbje77bJwPkE+8gSiaQwsfZh1LTXaqMas5PzVJC1s8bxQoC5D+/zS+WKUCbKZDlqGhoXbK8ZjJqdNTGLGx6sUWHj4KalB72PHJEvei6CdpRUpRk50WUX/RNnIJTrKLDGvXp1J/HN25aVb7u147ykW9SwB2vumRYjs32+e4xZw9ST9cHNERVI+JtIxZbv/7DFaZDxsZGnqu8yJf5AvGgQerWetINCbTEZpy2Csy8TVtzUWoR2pnVyz7nQoP35X3rl44p3N6uotIpDcvushXrRMNftkzTeGf73IpgSjZbDsFGF1Y+0EhGuuxXe2cHxGSC4AztRIzx7kf6KeiKfBvpgfTtVkzRzWU3xqXoGvZhnaBRhgtElEUsbGVWCB2apm63GLC4UCoi1EbjQqqrR7OJbxbeto8diE6ihmDscszo3cv98kc5J6/p/F1bIiLLTSlyWKFgVHLhsP4Z1VtwuAeguNwaA5Yp4WSX8Y0h5DfGQUZhz3SGAiFURZhKtkcNzgT4IBKMVZYYt7l3oHjjdfIQb7B6rC0R0DYw4F2+P2P3V/dE9WHMKcd4/12zhIJ0nTG4tmYXgehyQ8V3nmBr2d6Rk9DeKCnrl/G9PeEFshx553eGRooB+7PqGUUcCEGDenChQVQLCLIbsKhESsJ1rd+No11f5dMod4TQuEwmUWe+Vu2qZl6nhNDN2vOf7aLf9jxK3TxQLDxVp4r82tIIaNzL83y0hTB5LuqehEBHsrpCuJcH838kZHDtkvS55SHzOvkn3gc8dzoVdWdB5Q+X46wx9tonvSsnxDGSYtIQ3HGjuIBYrSEwBCj/OGXJqwKAF9OG7N8JxgCNoXugLZO8xBtMqxJ90TJoXur5hLOFM8tTPTL80sNe2MWLJs6+6dChIsat4y8o8aPxBwdr809KtJXDUjcKQtcL47/Tb0C4A9hRU2biykRbyh9gVa6zoQ6WugahP45/MHprN1dhAB1cHnNbJ2q96ViAsYlBSN2ND6ZaFRetWf7TA/dV968x80is4qbPV1jdhZZ6mhZ0XN+3syJYeE8eOV2qqFX9fMHUEc7cX9tp2bi0fh3P9LGrlqEVc+k+puoPYGoa+MKlqdcQbMPRefkq+wGB1/VBrFqfm0cZk9p7+09lHVN3aQn5osQk6W4/ucTyJwRS35v/PSpzNV7YSxXL83SUhiCUSWDAFBclmCLx3qiI3alLaZbvixZqXBMIcvYbLbrsZKui3aSYrJwqJfQFR4UdEbscZLMr7t4f6q26dJZ+zcZrcyixLxL2uUnnjN9Sq61c2mz/K7Do8aR99qHESSWZkextG8jqG3cn+KkGcDMxVlGyG1J4pTAVTrFIH7n8/W94/XHwFNFmW0obX54sYl9lcmBSPsBsyvgcTF+WruVsBCvYxNmcjhJjFUHDeqP2slX3TzI7kywVsIXzgUNmOibJF1PJvaGRqgOAkgpTu74zz+dy8UNdce86mvrsDfKEwz0MY4U3RWSn+lwl3Zt+OQrBjI2tNYs8djOWnOSdKxR5Eqzt8OGVuulWR8VNGfNpLN3dGoYz/hPAmHWDmRlekyx0g29QwUXh/wPFkAvs9LJz37NKqYR9Lki0JjTLrNQK4BqxDNPvPmpRVtbu4y/oypLY0jHlnVo5sKmKo236vOx4311xbY06ZF9rAv9WnvI84gKppzVt2aXTOJt+BJGatlpOBUXn6n9vX2ge1AJ7IjoCeScdTmBvDGgKiLrN+R1CmQClfJUAq0kBFGdEjtjTrmH5e0BJATv5exqstaYQudznbZXReeEfhOVeA3GkVBet6xvLfsBbQdfNmLLaMSnghufG+oq+/A9Ns48Enn7sofy9jWbXlxfiSCQtaaqKglHVC7gvjXPOHU090xSI00HwjzIcYPAfkaUHskMy2u/4vS8FPouNy8vj5T1+jZu+NGRehdo2KMtmT5magxXTdqPb83kzVUD+ESVbGsn/Bvn24sz9YfG8IAPZJgyjmdhp4sHhgtKJA07hPvAQxD56FJHi1icE8rhpYlu22F8InxdxPwwqPI01UJhKPRcKKGKZ1tn13W7y8/PbzwFtrymFrLwWMw4BNod83vIEhnV1ma2u4p85RA//cAyomJXP5hoRJMNhPzFfa8Nf4IYu2SsdSfVSMVcc66jucMKm6rrvTxZRWjKW/jI1hrZ1xu97Cn8OfYXqUg+bmiF9VIheVYNwUXjWjNyFiFSYJda96rgK99dOORLbryQUWTB/rrbzZujVcqs36l7O6Xpe84disEVKrT4TZ+vMQbMgIDN8o7xMeCkQGgUEpmpVrGpUURYgyi5osaR1EcaOusq25QqeeEH9VBQamfgL2G2ZpVpnO+mXvmDG6Zsn98Mi9pd7uedF3SPEARDzu3yuzIm7QbQj6gaibf2Ktw3MX6kQCswWv8YWHJHUjt3B7qEujOXtznknmTgTY2x4kd7WaXq/FVguw2YMUui+bE+EaNmoXs6FeaZweRrLc0dFuqolE8uzOWxKWdDOI9ZWt+sFqUlK9C83NTFk7HjOMohA+cdHpVrskTSP+53+KCJiJkJv6zyHfxLBAWZZgVnuLrcpXVBAPjPQbyZYlJK7lwqfrPDP+Q4OKfnnAH/AjsolCb3Xg/C941vyyliVIA3tOLLB6P8zIzsQ7oJTP6cf5Uy+V38QS8iVUfyrPwJqrdeXVdTEJnyu/iuY2lYwkSeW0Pv0tq4nKWfR5PmFL9yLBbdFEXJ+q9ykKL1rZBoknmz8C4fGyuRsFLxrUop9DWIblbaPvbKnIcclexeSuTMQLo367CUk3+u4jreJunPe3l7+2FN5xsgXJzxt4lHy/ZgLLCMwvJuJRidX58m3ILL9RC7Fv7+KLq95zlbbzdAbjxStmQXYruo9128FU/bN0FnAo0TjDrfGpQVAr6h/neJJCKs/cldy9p6bq72hOghiDGehDwcgROoI7fAeU8GMt4o/8ieHKGXEV/7o71KmajmA1t6R+aMB4mPLVNCTBh+i/PXIPnBodG31mq+LdmWLbZ0ur4MoMjXKlTZcYc4yzB58zSp6qaNWcjPJa1BPNU0kp35O72xVchdGVz0YteKFVNCecGk6qqq5jsX7KJFLH2GqqHXu3uDXrZm6cdy2y6WNW4ILjKzsEhIlR5Y8rlMi6cfEvtiy90IgPPHBz1i8Mtep6SkqAdwkh5CicqqqqrjRepWnslQOoxeH2rRYJLGI0l8OdfK8bQLCF14v3iZMokIOmM0vuPLaAFuBPW12vIH5djnyVZQopdEY2HhnY1gej6jxXWcsXnQ84AeSHhonhS967rWyneiXMWNOFzML8sesmQQhq6yoZXpSycL+wez5qIEzWTAay455jpjVu4lpRjYLM/ykr17npfAla7Z1VuvHX0vxeGO7r9BOE0tA+XrDjgzKsn5moOzzNyjtFYaGXLBPCsrq78HcGZ63l5eTmXhVli/WHNsOBLpJuBoOB2v4l5o3EznIr8OdG+kD2Rporfxw+sAAE3ARvJ3xnvxwVODwyK8TmP97+H6nMeOEmHmTUTRmzBPvrV1p2m88Ni93Ery9b232M4mPWeqG7ICNbR3qkyooXrvLDTIRZT0uXcZQ00afKxrdCyVvRR6aGsQY2ox375uXD29Y+kggxj997dky3eUroC/UQN+1qDHlhbHBc+iENvjFUyUVjfKwv3IGwBTqPHfcEMvp+3gETIrUZEthyHsN3xxd6zFlwThMd94i5kMDZYpPXMUxXk37frA6sWV8oiC1/4H74hfSK6xFJ35OfSXg3of5jD99YoOIDTNFzJfw+Jz3uT3l9ka10RqXyAL+S34nnij82Gx7A2tjt3JKViY5IelnNXbA9f+HacGmPimTC0sVJMhRTCLA5UmO01VoRBrPxRpQwJpf5ofzhXqdP23wt87oBmK7U6BnAHClMumd13ZXoXFME0tLT4u+Bks8T6dxyDVGH1jERYCwATxgcxTe6aSSmDv3vO9bhwkdi8UCSxSDuPJ2o9MFhZG9Cu8by/sqFDGj1VAmsZ+/350zmSdpKWrqFh5QvtiWEWi2FQ8XhIiG3P03uHvpQsNDY3LnuU7sgCdjp19rRVQETB9GYho7EklOC+0O9gxA3e82wg9XI3acgvntiMygdN06a2ugV/CjzATFB5fOMJzijXxNsFM9NUliJ6ty3Rn3W8I8k3FoWe6I28j20A3LyQ84TwYW+zvf2LHHpwv+KnrArwCPn8t1HZXKDklOX7bWBnVWBhZmtHJtd0FgvJQ3ZgUZJ9Tv2HFTOT2F4+o17dkC0p/WrJT9v1qdZqJ0d8FDqDNtEcAr6LPFLtdCExxZOtpsK4OdB03eiDYx4y3CkCY1PUVddRDjHNw32goQ+ieUN02SryxKqD+jpE+l0GCBEPqLQ6BhDrmqNir8it4mSIpn1+qS5jZhr2C/o0A9jqA4SQWnu+KqTTaaz6zxW/ivHnfVBrHoS1GLXLtC4EzbtfiWChyzuHctbBiOa7S7bHiL1ZWKnr2t3xIqrB+1FZ6eh8HJ3kAe82uZ4YW3xi9Sbhcm6klncga4fiYcyKIeZU3DSzJH8VyFIwaIUwuO4eANInxm8F9jRyTt0KvVPG+cxsJwhszdj4xB43uke1OltwVs5KaSyAXo2HaWCGMtHhGfWH2A0NyXZalXJv7t4UwnTxxrE76JO0YZ30larFL50d25mjboK/riaT4YAwU4sBpaIfv9DJxwmRl1baDvxdrK4UWT8O7Bx3Kp1CGbnjuMAL50vsFwRWj5Yr5GNoY5u7CGNCxacjDaus71++j3dCZ970AiCqyI39fI+PU6s2QHcf+zs6lV80MEfV/DDPRZwQqN0BCE3yuV9J+leY+dSAhNj7RzN2cLgSZA4Sb4NKf3BXbiyOrImZEacJL+5uuv+HWTwBmvOuK90Hl2feFWWO9NaVwd5g0REA2gnRHI06AO+DsgzlkXw+ESjYcWwZC2wHWZ/VOjbTounplk9z0/b9lLxxpk4k3mtxSL+I2W6DtOAGB+WcnRo6Ofo9BUTgBNwZ9gyJDQ9MEOA8UtzPTGB3G0YRruJBfFfc9gg8iNPwiOz709X1HBI2ub0Ux+aZCI7tIY9TAoVQU3BSBSekut6LOvR9pubcLC/5ulunGWbtUtHoFldz80BXAq4etXmls1tgdDWxUulnB265ii9KyezS2tJk61HeXsTtO4m+RTOqqMGNH7M941xNgioAcQNEC+PiUlpYWwiE3h+dSkn6gZFZ0/DVlXUAPhH8qb3S+x/IUspfpzw/HRXSJxUL8W16Oi2Zyg8QfI25vbx+1cW4zS+CRXKdbBCRhOv/Ak1WSNLpLVsKp/eITdTU3N29GBjklkn1ZwY5XyM/Sq0mvgklv4gOcufFb0OngsmfTp1OHso57GLZpuig9FUELOsK2potf+Dgz35a8eisp6gxMU7bdk4Icvv5walIvmx+RBHfROo0pnLubxJ5YQJisrRG4n8FV+KAWoLUT4aASxkEty9m5seLVG6Xjop/8TZsdfaLJzzQ405fJviVXLcbMiE0FQSoQcU7HYWjalvTk5GRw+FW7y0kDTZceED0dntJoF+c7DjPR1mVRrooe3N6oXYDmMMiOHyzfG7qUctB53yleYa+LuMjr788XQbsYQWt4IoR5YvzEz3VbfObVv0Tbl95uCzlhGyf6tKLFnL+viNlfkvHKg8J3y+AOlOw7PuN7KPlobvhz88oyX3P0dBWubLGpqanY52ZhvMZ8xqk9nYVJGr7tFV5DSswP0ld2ypVcayj7Sb1eI+XJjCf+LVwJQREQeF5a/o5ZYBxB4IH9JXCLtr51p4t4YqBFvZEb7YJe7v6sSr/8PQN0QVivc5h9dUjnLJ8b+INzEKkZD9BVWrASggjtZF04hz6IJZOWLsS7xY9vjxnvm/QqBmJsFUCnBN/AN/HpZq1l97Qud9c3PNTyVuKXKBORI9idq/eSndf6e7bLMptb6aLXlSbWsGjqgQTGRkWBMk4NiiX+B80tLYs3/16mrtYfNeQiZsQu4TAd3FOqSfGaBwiu8lWLiJFTg79LD9/o48Y9DuDE76bc6NLEMa12iP6F/6cXxv49gllWcl1W7KOrqa7uiGNg4bdI4J3Syx63ZZ7UONx84bXrS0jesbA9NtZ2aOZ0LYvrgXMTZD6YDDQGjw0+HJprVKLORs5Iqqc2ht5b3dN/Nr5YFnFdIF2h2vj9CbiWgYmJif15Fn63jVm1EwhzWiKgZTwRk+lYNJyaA2ZIHjZU/6QwBPW8iDm1BzJlZhdID6aLcZ19NOUfMQ+U8YcrARMtHmbmW29ZbQl7afX3hiTkKXIQ3s3TywsAWaCSVNIeDS0tP1dCRfQQoMelXk/5A8HbOQ1zkigv+9tGycOPdGz4TW8OZPlgBFm1hzbFJCkb6I6Wnc7NxvVmOTwu/IYrOBt787MJVbQrDAG853Whc2mfk+IvKylz8yjJQDpA/HOXbyl2JKxEVsUKNfC3V2khVCqVvnhp3kxaHx2cnTVFlSfgo0iBJxu4Hkn8pKO5LiWbRu4Fowr4VqObdGzyZv9XsJYScaegVR3riZFkLmaBR7Yko/szwydfaTVTHT653rY/lbNlefv+9o2t3sX7bNaOtqw0bl7nJJr9UqnzQjoOgmWQ3qL+0YM625cgvWusLmovFAfKPML3yNiSC++4Oto/Ozt7X8FBYch0LcCLSYCzLyzwog2qb44OCUkFj0CtMm2HiqzYxKcjba7ufzKWIVmpWuASs9gucJGyw9W1bNnY2hslpqFMYH1O8jvOe6/0J2u2Qt8EBKZdhF8oc7m0u0Jow/aNINavcx4zNvFX/IpfH4FK9tWq8hLIb80+GXUqgoCDYnRxIg+ty7DLMRu0tbUllk3JhmFvY65i1T4bEKRYzhM/mLkencxat5v4ZkBaic47RuScSzfXsi37qUgiScf6SDjWse6GZ+zfcAfXCeUnlexXrizzilsKKnZnr3R0Dqxk416G+sCczb6rEgHiEuBDUTsOdEe7PKdNlb0usNW1UYYe3FG3HfD7AEm3C+dc89JTMXrJOc757O5z/fRtiBdti5bn7L39hKYJjdYLU/EEHa5dHBQ7XxMj8XYFQ+ebIUFmqNYyxogJuznwJPtkLcTKTZbh7MxfMwkIbGkivaa/fM3Bl5or/HITB3qXclmrYq5Z2mdK+/lDwZ3B5lASwbsYr8iCLshtaA1ruU3PxeeqARtt8l7yHkydefx5Rfqn4kq6xn115wAJoFIHivZJ87pJwVCHAxhAt69jBben/Ldlw693uUNdS0sCV4q/YIWhmoUBQ++YXxR3nDdc2bl1gSYlToV6Nw1UEqDcImEipGT49wiixnJ3tKn83MLCwkBLOgQ/+crIX2HI/kwKAeYZc0lx8eNnNfFHKQy5K/7AT+s8suQiX8UddNhj03smrqTWuLNJNmjmUt6GVn2AscjKkgEdaxDCF800saR6BJdQ97jrMcSkyniWb72csZE3blpIpJjVKmfLRc9k3FZ+bBesx2/uDGRhFrzua3zWC0uwfJW0+YR/WNgc+hHeqWfDfs+fdqVo+7ZJwja2ogyffK7681byFDchJhg0OkSAHPI/OJIJ9VcJcLCN8yoeCA7MCOFEQZ0e435YbNxZC4j7OQYZiRQfvnKSIZZ4KFY9/WP7ZSNnboGowFNlu2d5hBxU5gJQqjb/rRbexU5l3UaenIK3BHRX+KR/8c2vlY/Iz4VdrgMd+4k/3GyFKLoSHwoXqB7/BPpU/w761hLUcEbuuN9wverz1paWtP0IdsURHEJNt4EX1G2X1+51/+CYrzzx5lHruDWTGn57zh2maFtni3wvEte36v9n1AF0rBrwUn2B3YM/f4Bacs1OPjbjmbW0dkaKoJl413oaGX9v/k1bm7LBex2b2OaM/OQi8LpDM1ZroIvf7fu0yYf+HjjfcxJXOuf/C8BKy/j/6cGlzSJn/wtnSrtz0ldvJn2R/G/F4M/OerJCYajj080H6pdEVODhLep/efWfLqL91CdYafifspL2YOz7L7AgLXmf/P/3g/8O8KSdl3+oKFrXZvkjW8uLgtxGtF6egOtFzfNhisOt76DM29JnTpfILdJMeqMieFxy2NIuzVX7/6tITykMeS+PCwqV6zIVt2ZbR1vfL12eDIFkr7y5nK0w5BEuHqQ5e0cPWPetNsv/VTCruWPr4DUIMpZtTUmSum07WfbpxcbWASGHCKx/Pvif64eoZEv75Msm+N4xUC0KTN7cgiZNudJ+ox/jGJVlkWnOgeB2yoW3pOWehDvSxF3S1uzl8sH/Xogo5KGWR5wIn8bZVD4jzWJKZ/NSBua6TL2eE2Nlt5Zr6K1kiYCIlrj8q+LnNqw/aYlw/IshQl9We3ZLw4ZWM4MqFv/kVltZM4++Ddh67Sj3n9tIcI0rkX+TrGfTcGhs2DWO/uuUhsJQF8Sy5YtPL40V00xiJS3eC0SLlzGe/9A+qVvtkRu0NwSiDm7EfGaPDb/k97De2DDA90U7Ue/JjguUbJNlLuN7qNGCGp586PK/yGF1KlXER4CqTI//f1RlJCaUF4BvvjEQnNHiqEYjOzs7U/TjH8stkvna9AjM04WtwWZW+W4HZuPLx/5Tb6e+EtYH3iLs7gJcu9W5bW/FYrE2cuqJHNdNT0Ur8vncEAq7Gf1Jlti/mwQmj/vI5yZZmb+hoRlgdpVoBj/IJA079BTsKo90iDJg/uZVzIxwLwnRms4Z/kxF/m0NADQeCHbVGDqIonWRO2OAoH9dChlinWPMXQ+PWWUx0VonQMiGyiHGvf80UEwO95HDbw6sbDCtrq6uGLXpF/k5EeMpxJhNKthR1ckg/qfhM3F4NdwJ1Oub5Gdh7ts4Ht7wW4Ago2eabit/d8zKedgsoW38dPTBsqsfjXojP/PytnaVbJ+x72R/wfdI88CGGsBBhwFQzKI6OQXyROEgeiqbzRZLFvbdtNG16d0pGAxy63N4ZJenNe//5proD4ov64a6+AeUtyf/6HVZ2idknMMz1n3iSCweEb8POaswlNy0s3tK4daW1Jbx41NUTaMSFM3wwSeZGP6LTFw2tQWwgIgjUHPUNpKfkzAlt5UH+vu/h4JpAfizMZTU/1ugWAHewNCQHMImjdBJVmNKVoEuQDC1zuxRvD/hUyA9Mm3HLvb+/pONev+DlBwmj7NiIE4wH5r/weZN5b+4QYZz9tr0RvtOGFvdSklJkURhsM4sdOGLmNDQQQT+v1UVJKyXRMVER6NLpWdbdMEX9mcg7E9H2wFgoRGOofBdkpSfWz00dRYeFKl/SRv8P+I7oxVa1CY9TgXFSbtOBXjTmwH3laRHipYeqVdzCVmFOZob8Uu37wxH2v6ncTI6oUXsTAa/ffjgxkpgl3Pb9rIZvrhX3ufk55QS6r5zH44Y5C3UTgA0GmBdoe3pYLtzyf+XrF02dU3jnQqZbYkeKbvi4VaTcYDb97XCsvnBwcHfECMmfIAvzsJgBg9l2RzOjvyDKSUoDEnrKcxC594lCadabWMpS7P3ybBwpWQ4DXgEEZdsCKst/4M18a+YOB1HkDyghCvgAYlE0k5B5MktBjEtGARk9HcR00pUXuQfngf5bM1k6fLsFPACKQ2pnn/tHXuLHDRPNhoAwkpP9/4Z1h0jLTAjamYxrOynUdmVpJfsN/5b02+eVZx6WbVbcYFwB/hobptf8FJpaanys2ZX7HnbIM2rv8Bj7Kt898z41AcrW72NVO1XzT+K0uqPHKW4rizmvdwoUt6c+GZuojiy5eYk4IZlNxMF3/tL/y7j6lfSkjirurp6lLWJnpuby1sbMpnjckAzWfn94qA7YIFlP2ScmhD5H9wRsByRdkg/KysLdH45Ijzitwi1vhfK7xcaOGYWFgLMszgq+DPhDqyR09AF34NPPyp8lrVReFhLF4gFwSSNjdyS20IwA78nzAVcoIM+9jRyBeJPrZxK5OQz/mgvDR9Z+7yJ6sryMEh3vUm1Oj1VX5iFjIjY3qL4kdrn2T/7Ye5UclLSOusQow+zfX19rxq2M4RQ3++xGEz979eiyROqiJexlZ/XAwJCUJ4JEJ0byga07eKkF5tv6iprRW3JxnVmCXxs3XNEGndF91ftUZmc/fGdYqtSfjFUIB9mAm+ekmYXNG/25KnAICBN5crlUceGwne/8eKje5Hw+wD/N85RtlEhm8S6xh9bNQOl+mltG7/NpOL9sRflq6adaMNeP875KAx1w8nUaKfA3OCVD7dQGAob64kGyHqISZpP4nKSYscisCnwbx1ZHlzT2fWtgNdwnbW6OwMYsuPi1OiWhnjTHYnrQLAgd8P7vfcUT0FLDN27B4N8U6fl6LGLtwrWRb/U+JRdMf3W3cDGb5cZqlmq7Q1bs01m7pEhMx/L1iCeRafJHKnF2TgRywErnVy1MYhjd33d+XTDvaAp+SKnwqxfQVgGuHbsAlZc0BNqcqRnZEpE3uGPju6Wdy8oe93mNir+MeV33AFuyfbkhvgf5asWz+LDlD95WPW7Qvu4mKkcAA3AkiD0xMgt2XCYZISokh3JGEktOLJ6zlN9Dfpu7Iom2kfLdR4tLvcNdVcOD4ZQ8JIoL2L8zt6TRl28AxrJDYeF1UhGZ2ESG3nqjJX1Db1urbOpxj1n0Gmvl+K/WDXAqz9gPl3N8V52Fu/D9qSc+nV+143B+fE6hUQiizrjRs1V9/eEQV6mjfgfLDgKE07La/SClqf21f5+ab9ZXMnV6BtOYMXl+E9gQ+nmn2OgQt4tRbUXT7tEOmlarq5QbExU1GjKXFaNm8wDhP4Fnl+9E/7iAiAr4jACWcEq9tO0Dg8mrKkolV3A92LXX1yb6RFQR5w+c8Tc29PTNq9d0Rmb8v/yr0V6pU6F3RADUDDsuPzcgeUAWYmR85fWzVf7+l6tC8yvLykpLXUudOyWTlRm6akkKDKuOcVNM2WFr9Df/vGNUWsQphYWLTcavvq//+/F08zXGNyk9Go9XT9c5+vpZ3LCQtm5j9Fbefo2DT2f5g7+Dz6joMD2CH8BqE9u29DzNu65x1pH5bucZVOLOjbbu69EeastBpt/eEh4WuUmiCmtzOI8kWYDGZf2XxnDAK6nSE5jPjlPS0uLXbbPZmz+04/BKyrwUs7ju/N7mWc9i53y8vKMqiVQILxgg4G15WZqpxy3mJIEFM+/0F+83fdDsHaQ2vzdxcK3oqlPzwj70zM6z3rqqUCiJaKRgNBMvjiiJzHPw8uLQBvuDEzbaPT1nHz81vmidIen3N7VLboqt+Js4uQrf355OikpqXwyCol00wVETg+hOkKxdAYDbN3Q0NAZnsTpfnbi7cz+HYkBUMTozmkVcIEyTTManyWrNJl+9ZdlUKjUpBuSqJ401NjX7oTdwPtV7KWTZILLXCYJ1WM7E4/mdnDCQUmcqNvDiJGUrvbP61lnYLN6KwSwX+JvgUdVV6snN7QPIwBdzDONHd03dZqQghvvnk4t/NbzetZY5C+Sb8YnQSDHrsXFVV1SXJ2zt0IqO3ceO3YsPT3d88CGuZGRgoI3xACtO/x6bqAOsB385kqLjFPB8cpDNn5rLY4d44/yycnx6MUAM9mclavfrqqwVIszNc7qM90qqdQSHTEXmYJJ3kGKj8dLr6knYA0NDeHWBRWRi6s6N42W6dzKZ+AOA6JVSTgyc0F+7gKTORDcWezeQkoJtLYuWquh+MOOxD0pUgzRbWllZSyP1Kpxs5M9RH2drNC4Umv0jb900kjbAFh0A3cY0cWtyBgTLCxUp8H1Jl/3w3EZGvW8cZ/pepVPRi3/baWc8DfgQS/5TbvX3HygzxQIBHUX7+/mqX9YOF9W2G2vBIvp0OziSDdi+rhweFWh/p/23gWeyf7/H79mxV2Ju6PK6e5OqRRJOY6to6SoJJVTUakwx5nz1t1BhSlE5diREpLD2AElFmIqhzIzDMNsw8wwtv+loz6fT9/H/ft/vt/v4+Px+O5xPWr2vt7X63W9Ds/X83Vd712bWsH63ZOg6Qz6iyo2ovW6mKIqYyVVVcs1MYU1t+QT1OgaJ8Ew7LWpNvs8DVuW+rm/lC0Fhb0vOBxf3SUQCIJNMB+zOnqL8BuM4YWSu5ZRtIbzt2R8vL2jrR59+ub0503TgvApmEGZ538bPs+BBFW/pIJlvrrL2zCpO4tLjHlm0rS475Ob7orI4EMi0Q9LT2H3JiD+t2VV794dFCSr9g4Ned+YU0fff9nwtYmRdTN5mj+TC4DJEkmJZONXYi9zh6i1trD71UVrc8H4OKFbEwQyYzePweF3ZxeLYCYmtcZNf7As8Xaa/GPHHsoxB0chopOmxV9tXPz1qwCf+7YC5/zjDd7WiWHuTzTjq4NvFYZ0zuo5nvXyfb9CyhdQVpKd7k9XMCLwSHVHB4czlf6b78jm89cfpbL4U/fEqrs2Ow5CiNfVG2f1PHiwalGqEPetQP10CKMXqWC143O9i5SCC737OR0d9+NUS8oSDxsnWWTI1hQf+PqE/Ytfbw99xlc3U9pKEzicelkpCxb7sb23t/fd8Q2SEZqHlwibBMJFIwxMVz+wQjBpRt9L1PQ0yLxDZWU0rDevoBNsYSfMUUV2Fcm5Z+xPswMzZY5uWFqUupcYFXz+X0zkTD094PKG1S5kf5CP6IuL7LPGh6AjMd6/DXd1dZ3dMjTIUf7OAohTj7zollgs/Xa23Qfy6R1TbSjxeCaYTzgZb1/nzXfqwQPorIhsniQFjx265ac6Vg98J0/jjmJaCSlQ0IcRl0h0eGKaZBRfKMJjJLQDs3swkzzJcaMIm2td/rskYd+SVWqLUdbdOgOngLWgDxS8R3yKq5wd/kTrp1CJ8jRa/+zv6lGPY2sPDZVMRmGqiRKBZCz7JkQdgZ/mHOm1P+p7PkCPS5aIR3jWV0CNJBzrVSrn59UZrDXER7C6pRMszzW9PsOZ1ROcGZiubJqEt06oTTq8y/Y7hF34mlsgsjGL5tV9OiMW0UqatovOjkRJBCUSNm9pqkfIXiMIYSOClft0TpJG7rgS0d1m/TckBQufjNl3huejkJrrPjFlhRLw38paL4/tfPWpI1RlgkTvhTS8CZkLKCcIdH//Htpt365Cl77050r56kblBifu7+r7UzLJYeTmt2gg8FZ3MoAQttWL9SHZc+rIUnlfeNrneCvdduhbGOZclvKNi8i9mVjZMURZg2jyHgNPhDEeu8HYJaFoIwIflG5GnTttJmvHd62Xfv8cbNEG3v7jTbLPrvMc/Z//WIwZ4aaZvmDD+gfCOoTtTksnZy+8cfhF361TB/a4yfyxQe4394WQ93+ddb90dDsW8hte1lbuj98ft8Vdel16O/Xm9rgWf22DZL3gyREDYTKBbk+3sp6cGDhRZ2Vvj2JTydZW/NrlZtG1a6BTsYOFnDVjpYD/RKt93mofU5SxcZ/fU9VUF+wxHJJFmH8d89Vd/nVI5o3prGgcDFr3dUQtab906uqpt+8hQwsuPFxFBfK+jpi5xHw9ui82eOcfvW90gI1fR95/OgUc//xW+Y9/EmXMBYbxkqGNQKmOXjEjWq3XIDi1TTPa1+2bDuBHbpvBmD0BHuNhGWaGDA7ISac6Fgf3JqWr9ZLgBzwVzAwLfraw2MZRzK0ODw+PwowOOtv5Ez/6tXPWR2AgWEjPM0VscVFRAI8IclY2fuqiilXf5Qh4Po0z9HpE0Pna1gPCE1hFq6mu3Wfyz8c27gWGM7Qc7EkcgV521Pl6fy/AsGAkVxVzBlgB6LcBw2A1DXqknxPi5ePD7yaa9dzWLSYQjitdq/W+bhi6vjh06tlZJZPNxcmJR4kMS7Po4NRNY4iX9mq9HzdPc+rwQ2id9tyW8QlWiqpkbp10KgRLWYbFmXUhwa4GW6tzyuAy7ElS+9DQUA3aVbcpnE52hw02ikqCJmPVKmXm8uUXt+yKxm2cHlyWesDkeEKT9qmW0MmeINXyaymSCX74oX2KlhZujpTsotu+9ocIuBXZIfjkhQmx7suxSNviwpMB7QHij/UbCtaHtigtA2B8SA8d2TQfQcnzio2pexcMGDaG4npZo+72T4tCQvgFg6+527mDn6339l94xpgO+MrOLRnvsN4nTUF4Ji6bt501OtT5GvmmUNGqVqcpI535RluYmFurjWuxIFHm1o3lGgD2rAQFfBWwBViGDfUJajRQT3Ak+S9ga4AVuTGHqUc7gsVp9+hN5Q5l+MJfxD3vc05/TQmz6Ie5vb3SqezmSvpQpTY70ao6yFJJwYO7O9I51YAdh6ld5LOxjwOtoxNqDQBlxcb9u/DmPaCxAWjdwWcA+XS9fzUwnMBbGofr7duo3hooQWenRKuNIU6K/4Wga9KpxDlMu98C7PqLFNc5wHKSVeJhWfmwY36EhMpWE8DYoakZ8J1ww1/NX5IKKQWGa2r2R5iwAF/cCkqdT7C9aSQR0jOCersaz399uX4Re4yWbWBD9ncSDYLVlCiOVTNT/FcmfQeaFEK5/gbFNSh+0yEbs8gHIBiBzrZvCqrN6Q50sh8NgLkoY1UUIltfSA0XdudBzoIsTJlsU1XZffsEznuMBbZAsByLjfgPTLafU/JKl8fOlwKrr6GAQBEYn3mD0Nnomw+dq6eh0YdF8xHZvRV31dWlgEQK4BsbrsfIP7qlmXjU7P3gL5LWczO0jkjXbHKLU+t98y/Og8wE9cKyDMAkeP/pPwhsfjkY2ALp8eudKrbH7oLDOgpmlLhpNWDN1A+THYX8Byn8vwq6cTr43HwdvOoTdQdSDVYB8CyBTD1eRVjsiqftt3CDjzqss+SdhweFhEx68Ab8iIOmSy1JguIBB/hqs6ELf4GGpNyZXlHVlbGhgvKMZYtDJ2vYlNuax5X2FwsBX6T78DuhyZR+sGBgHGwMLDZRrk095ZmuoOWwzyL4y/M+Ojn2IqSdtzIWCVcpyVTI93fihP5aDu5deyMLLpkYtcHiID3U0IljIgII2Mi0ZSA/UtEHlHdQ6XPrPtXU1Ohb21m2GAHKXbeHEniNblmKz4No/h2ZepeF4+vMouUXg/YxbP4H/BtmezhQbnjZ7x/jp2AcbI7hzjErr2lfbQnlxLngVj9inx1qRrPX5Zh9aoX0FHYGbuRcqTe/qqpk+ZaGlJIFZBGUuoFmYLgaDxrRsbPvHSqSlWUI0Odb47M9WnWTj2q1/zgz04TpZ5amiMXN6bZxJD0te+3ltOG3pIvlMYvYe4b1Hye6ZNks6Ii9HVR7rPP2YaS6xRFsrfdZIjHu6FJDlyQFyy2geaVTJZyaRtquWAX1qV+7nyqbeofD1YsDjFJhx7CfQHDoTfpXSUKA9CDtOwlZPm8NWfVDrYso5Qkgyi07m+W6qakrhf9ayTUZPKfVlIbyO/zjHeFKT7Ns6pN+A6Gee31JEhsYTHqc8iASrIXe9Mn6jmv41sWt7DQ1M5MDm74XS1BMTtB9UMwr/Sv3FGywUwFCVm/8wIwGBY29+EDfNzIC6dEv6zD8ALqNfu0I6EVo3btv4Cv7O1hHKtbl5y9ihoOdd+KuLEdTFEAQF0zeNdfXSv6YpZ3tJPpcpwcqfkBg9MO0PhDvnc+ONihk99l5i7b+M/Yyv2Mvd2kkt+IZRcfX3EoRlE4Q2vJuOUXrx1ln0VtaNiSPdnMmvJKjM7RKwHjt61tfjHTsXO6NKHI4LgbP+SsO/0v5Tb7ONTGLLHH3XIATIBFZEe8XuqcoGtyLwr/wyj8U+NLy79AGQvbQn77PLglw75sHxhC8DxhG4qu3Jqw2M2z+ESNqZoGkZF+Qx7QFyIFB69v3w5Ng8MKWg6pPmf198o+QVjMzBP+Cgv6KUztn+ZW/fqGjllN1dGrPPPUfNMQsGqc+xZmn9mz+0Ao5+1VFdDlY36d4dLTs1xu+ANUZGGdjxFPflm7bsPzrLTqg1hNovh4FAEdAgce+dh1A6T9NXvZV1+hvEv7GLsA3xTZ/7eJ+sUvaFmDqhytifKLVoHVfP5dO5fVWM0ICvLwGB+XhoQ+rJSBzw1d7lNwFoOCkcGgdB88LaQLJoUR11WemiUouSlppkWh5EK9jZ2+/X/M8Z0jijuNM4d93+Z4m0LrsYn/UYEETgxQa0XsfRFYv4oAWRti1TTpV60rziJZ41AUudhuyBzU5ARCKt1UNdqUnhIEEt3LRFEsqq+M0jaAS/VGoW46WgYMFSlgHUnr5IuK8IorlNFskUsFEWKvavnbg1Oyej91jrwvAMz4hAnzf6mVvbA0OCZn6AZd5G5tSrnfF4Z8RWzRXaqpLpypogUoTu1J441bTTMHS+YlnNlS29YP0WBeuvTuS9pVlZgHkEXrgXrdDBafBTNvTcp2wmhPL3ey8niCHoOwvpGxuAEo/ySJ4fkSvHwTT8TPBJAT6ag7YEQNtI7ZRFFwVtiZ/dKcah+6NPgV8jYW2YDAtf/uclrM8k2RrB7sqr6HUDF9PeCVGu6iERTBjbzvXHmNFFQsPJhaGzO4ZvWlIJRdI+SauvPJwPgIKNgjI01094+OBXrKBzAkvIxc9TIvmJtOM+WAkf7eXdKrqFkD5QVk42xAd8/ILpwTFfuOUiAAm4Jt0rnbXYwqkJ9CcAhqz7Y48wlT7MUkfoWS+k5I47O+UBC8mkfp3p9PKi9FEkILlh6+wVJLJ/9mYLpsB+v5lLMMqphMVTF+y8HVgoJ23HmDs+JVUTqnuYC6cYpRYJDDe3b1md4oPYPj4us+n7ik424RkRI51j7jWGrOuaYcr8SmCtD5/X5DbCu/3XXM3b5ZvFYB4Kp06/9upsXQBZefXRbu95WZRFI4lrXSAacukEvm+0DoUmaXkmqXeeDmF4mMhnerTziIs9nWwMHpE3Afqi9BTPRLvUiuYIuc31bvvVml3tCQd1VppExU6NnS61lBLDqHl8APOZBGK31PaHQjcr9cIM1gAtMHA49aOYledzYnOOwj7h8SjgKdL43jXnJkWuTAumNilfCUQDiqBLV/RZGrWFOZ8R40v0v5fAaEUyPunI9X6/wKVvjQCxjHBV6S+He4LeKrHUA98P4kv9erU0PIvT4/6TLk+t2f7THZAvun6GVwfxlS6rP2qh5ncNx2/6fn9tekbVvzXI56pkB69HyD8ZRu+NB3gv8L85n/nM2Vv0DoS/tYfgkshy6crNc3tX/6cdl7TgvDLn5Bf7kgNAMY73AWxjhJONm0dQ/JS+PUHq7/IBHx5F+XhhaNZjhNdWmtsG4tptfxKx+DNoeyMhGxNZJPFMWJiysSwOkeW00SGfoZIo/IPUtPFMe7Cs3wqhYpYcVuZfLdLgkep/s+WLt5aZ6ee7HPVIN6htrIbGclCXmCBaKXpR0rMtjmC5WqW2EIM0+4ziV4GNeqYQbPJJ0c1DKlxrscp65uSbad55hXIbq4qrXq1Uuaygkw8+32t9k2lfCvCYFfiDTC/lW3otUdssCC6MBO1h1ssntBiWEpphOmWKjUA1T03uwcJEKyoR9Lu4OURLDRYZb2cZBH4yCfQloBa0lvCmi3TZA6B2SwuTDCvtY5jt3nvW+mhinUgJlbOrUOvwGZBW1CAYX1mvtS0GYllgK+cjGnOXW8LeReDT4lpwSh+gz5grEkm+RuA1Y1ugJdFoBVVWRHzqIQLbj8mtuXJpFIvLnD58ckmIKS/z4laFDwtSk58Q+8v7tsyfaT55z9/vePxf4zv5DXTiceXzeLf+ezxDjkERqTFkErrmsIAtBTg0A8QDQCHNYDI5ARDpv8hFvob4PnWYw4Yr+JEAKtgVIqUw8bPKS2W/yiEGK1rA6TA0NEF5oOD/3IueH4DrFnAgJPMxxrIwGYIOEtk8tEMIvP7FzQqTVn0D4Mn1GcrIaagBQtX/5VA6QkDCED6CPHzAUj7gJEQcNTvUClk1pQv7KB1qpIBJti2gbTikem8r7u6PAeBvGbV7LbTUs950JGQ5zHj/bP1C2zGqBhxgNGVPEc6dYpwCMHuizCaBfKSHMhZ/SG4OkncLSjnNK+zHAsL0z/7+tZ4jDQQNejU1Hq+Ef84ZXI0d4QGtiDNot4AI0vR/SQGea5pcQLFtspf8Q7PQ1VMeWtEts7yOK28G8BxsvcwsYn5ZSjhUi+i/zsveBn/k5AZdYMmqYLqX3mX3jIpLxIql97ze3/79zfcweU4yFn/ApkbRJwaXZRrR1kO+OOgdYIPl0YyQNVuQXpGWJfGZa6ktaxmg3GjBAa0EH96jUK7momolvoAz2MqyqQyM4eS5H4DkQfXd/q+0Qo8o5WX4kBhRI0rHvBHikKJlwh+ZdtaXaQsdW3PkZfov0rKEyW8HDkUFBVv41HdboD5LTjt5kMQUcR7f5vCkEC9TaGxB2yOvRHORTVcSix4hgn/HVN7rcSj4JkU7BPgq7wgPJuYhBcn9H+0JFo5meJCSJOGYnYlIdTBeLGvSxbjukaVe/gi4j13eU0ArYx1CDpd2fSEezqj+FikTUXhWkmcPK49lzcBPUdnUPTy6FnKPB0i+nkMpMc/7Tgjv9uxOZIXRCm7elG61Ejpr7d6QUzb1+UCMR9Pl/eLWYrjDOwbmeTOvxeiihuLChtDh6McVSQtNpLzq3CAwGP1xOxZsL55w/oHb2S/c09zXQovHRsZqcou8sAR+c35gEsAsNw0ulE84jKh5bQmpavb63GohtZ6TVj2n3JWciaAZzPIe9mq9XO6g3OyJZ7rwW56ERv2CHTSOKRnwj14gehcP70opRHfz5QKont+7MCoWkke3xMb8WD8Dkf1zom9QrSsCWZW20poHVOjuuN9ZjjPfDJJT4nK8Gwq4VatRlTo5YV7XKRgWg9QdXDlbkpYsd/Rra+3Qdvsyft8JeV+Rki0xwL+2qQwoX/k1dwGy+2yiDJ+i5AYpc0Reb4VhYpDTtOtiXBhOX7I0WRDaNsizGC71h9tz416myXpByQLgiZd9gigiQQPvxS2HzF3+U5/E5kb5TcflpdMLof/noyJS0hjJVwItB90ifSbE67Y1g7FxoAEO3hjtseCodzy8WI1mVS2qTzq2Nm2dTKpznB3kdtk6skJhRtFMRWaiZL9DfgyiULuaFjYOAVbDukZX7A7+agktAMryTUAqJ3lWYrYWsxxneIXz0KarSXcFpmjnpegdWNH/CYScgmsxvy/KqhEdY9bCi5JPLBDLzUKvpOeYl0gRNF/PyU8Xkf+q/7eWkmTLowaAm8VjG1ZaOHE4C29minZoCsUclX31MNfRmrUSsm0mLF3bqPTKzAPt4RirSSHNgtbyunL9UXQN8Fq5wY9MH1pFBpIAKOuEi9a6tnMBxJHAN8Qmd8x1i0OQ+oaCErCNeTsHm7N9SWp7dfABPpwKTituEDYpSrfeASbLI9ogtvXW2oUPAOMcU+OYSFYMkawVUw5RX/vOFU1NnX5n1s6+ZezCmi1HbYSA+6kNCiqmQUOrTE4C5Bi4q/5edZeDBbKl7DD4gT2jM4H0hqIMp0WIWWJbb/IM08UqrfjjgglZBWXkwtFO+6XYLEUUXqBbVII6IgJwGUQPmjbkrTx1VxWCPDJKDpvFA8XJNqaVNNfSPnqAZw2KKAOByY5nK0L+0pe9In12rkMJ5xEcpjkqg3Mt9QByKPyD4hb+c0iAVJdGc2CUU8BBBEvY2gzbfBecpGDTXDpSWAFNgiztpHcWp5ABVNfUM7OFo9nV5gPoFs934Ip4HGWaFUgi9ASw3fRe13BHRI5MLkVAO/8b96cRdUTxPfc9OLRlS5oAzqc5kctK+KK6IdeiLduUBorVsWcvBle0JlSXwEXNpQ0p4dX+2G0p0JU26Ss18EBbC7K5T0r5E81+rnoXPWskLmxcZWZK0aUO8oaz6d6K1jy4prB0wBcQOqS2JGyKPmKJGAuNheTA+3vBvzvAP0ibIjq8xgpuT+mmPBUNR09IPs8AfoD878OQevaqHOAtnK5aYOlFnP1sZ9ZGsYCALT8sHQlQGvR1AF5F5MWfyku80d9pAD/n8R9K3NgVf/nwR+6gGWuNFz5hJ5MafWsqeIoAsucJwABcGcBgr3hNAoAMe4A8h7GuMLW7onuLLeIpttFd57eHh3iOLUlHY6GXlUzM+zGzwL7epnZZtGkj2YvEsyjSfv2vOCZT20xe72BmyBJ58eB9bUz9Q+zaAUjMz8fs+j4OWYjIVOb3yEzuT+mSHvrQpDSKy1WMxtyUq9EapoNbV5ZWaw1tVmsr4TsBEn8W1spkDVc/EvNzKFf7VPNajOHNWqfhKunNrPVBtg9IKkPMAeJiveBG2qV4UlqxCK1yupLaqLiqc3oiZrM71Mkeoo9mMvNjVYLyIk5pRevFnDnxilG/NSmfqsT+BPkId0bL0DOVm7bFq2m5Rfd3w3+tyi6X/R5exithJCrq47XAl+8SWa8B7/QPDpPuPElUw5RYtPM8QsYD1fQGhqeuuY/OT5OIM8Z0DcTJ/5h9t655GM+Oo2z/4nINNCEGCDinxEbbLF0w0gpS06tSDPauScafTG61o1RQiK91bs0qLeAR9ekLi9Bxd4A5SZ31wQoqxQWFXmZmjWHAtcsQ5h170I5DhTnw719fU+LhxmkjRja5J5gJ5jDLmHtveKXPbWqttHM6hj23aaC1ysPRj8ke8xRCQEMGb93ZgQF7crG5NtZUqNU1Mg0uPqeaN9WLb9BSFxJXXQyFVlM4/SlWDLlkwXOPePZfkyoV9hvZkPIA+/vcEQcMqMZ2DapEeEXfLYEpboXdKBlbkwBvqtIyPEz+iAVXaCK6Lgs7qJVNE1OKI32uYP9sHoZByYgahfEUh7dDs2CL3NJJr309wnyC/C25/fJ741+mI+fZakHKHts6DOdE666ZXRVpK8sxuKGWm+/Y/+zMXXjDHrwIHv8JTo0nR7qzlBWmHdTLUBvbW+9cNLuoXvLJFO5TRFjthIMA2OOhaGqyo2HYxnB4nehifsDrc7ECuUQTV6s2/ZZGgaacoZUsGQQceXsp9XbLVtzRtu2fzdMVTx/HLlKopUwrq6UorWHN0GdA/abYQpGq7Te+9Bq2BjfZWlNAt0OdmKQLtjFts7fa1gdAmeIGkquneVB+Xhmwu6pcI7CxzQaH4zmjq9PialBXTU4c6MvZZw9L4Td7T5G42KeR+V0j+QOqkp3K+Qs9k2Gs24Rn6SlK2K5WRki3lzaNdeUg3mulRL8gWg1coCNBqKpxEBFsiANcrb34+co8vHP0Rn605hGh8W3LLPBIksaozKVV6tVEreZuRTwTOmMnXl6oQbWBxh/4uaVm4EZaNhvcX72WTP5gFtUawX2i4hBM95EOTl0Z6KHvJNmkeIR7hFsbTiBMrcuwB6lZoiHpeURL7hNcfMaxkJYOUjiTONH9jo6Pp+PMKeMsGaBrL8sPOmmQu8nbjdH/t6YRLYRnt4YFZ351SS5ISUcwRheXoCR6l2a3C/GnN9xA4QKMPoNsj+EolJuPRyDPCwOLlmnOlDRK+C3VoLVrjfbpVp+vlM7a+JlmCyChWpYkqoQdT08fpVZdCupDCRbK6lN3ePU50Pzdxq/KzkZ3douMx9Eg8lwe/vOrRLbLWYscgJr4QpUNjU3MgUr8jwWTVKM9T0DEhDlnbWqr9+70j8NhTyYvW61qPih+kczBkl5/Sb1P3qzZG6MRNtLdjpKUFZBgmytnrH1qnRSpmIyTn5u38q1WvAzqbkTXH+nyY8rKQ8UsjM0peiTuvAn3NDPvhmHnDVTH9928RdY1PLk4lvNpnXnzaLzRv5r6JPp6aqOl79zoTg4gWL/ORr/TXhSM3tfSVq9Cdho8F9h9p3/JsxW8v5XFeMfOjs14/PTr11/vWW+79/5TH7F9Asd/mGyf/faxk8XQdRNfrqKk/e3jzJtxMIdCBRiSqZpo7/wpx2+X238p6nQuv/NHU03A5PtYaoTHMbk+B+KwmrHyY6Ojvv2bdqMi/DJT5ahw73q4YzzaXieyXuBuM2ymMFNyQffW+Nd3ZqIXYlRgTTV3rHGZLcSCdMmCp2iVFSpY5BPHG8XMd+1OnPelfjTjJOllYpGSO5R/Z23A9Z3m4rT8gbPel4yqoc4bsVJTgbKJYSoeKxJEef3zvGb9VUrLFMZW7zs+rV0zqIl2g3ay2v9I14+MUwQDRjQN0LrorRPb5Zb31D0Hr0ZMGZgx5wnS+ckX7QbbfZ9N2I7+dqqO6x5noo+QO7qtfeof+nR1vEgRb313HnJxBVJ7RkEhnfzlHedK/pVK2sEiu+8ifNAGw8xnN8PtmpZSqem+EeP9rMKVHnSJhM1p7inBfr8U9DX4dn73XX64H0f/See0CaW0TDpeimc7s5tRrisgBy6B+S7ZeWPQwgJG43adpav2tiE/tjexjwGGX8jkxqFOdW3RzqVccvUHjJ+UCZVfiukpdYv1BUOT4H0jPmItCsMU9x6xg6aHp6PSGGoDfrQ+tOCdcZO8dxHinXLzf1a8/hgZ5LQqPk8JEmBRvf8KrAUGL4gk5pg97uh6XKCFQHywm/lmJV2VlNoJEM87AKvlIiNTJ84ja9co9aHdn5XOPGSjg7v7KIWzE9XjMldMQh/2HQzvFzxkAeKXFGe8CkToIcmsN56NCR8osu7u/ow2Se8HMz10mPTWL57yJ2F8R2vRy6G4/W4tGAEW1nRRVH1MRGJiKjJpF+qhJIL2hzxUsMdSxtd7UiX8l32uDmQ7Zlots493J+ZxnodsZVrul6fF9bb07o/RhBM63Veo2ke/KxaF2fh2xRYDMXlVfOOG01GAcgWgXYfN2xQzjF4GMOHSwwtntmQC+dRLkeImjs+EUI28XIqcTDuOuYqW1578Js+a98EvYA4P6t+eg0veRnf+TgeXuHBltYy8QzojFjV2uF1guNp3BrDXN25nGBUoOLBvkekvSJVBCryS48Kn8FcHA6iJfUbn5TV0ZNgmM0bVA5V8C1xE4pRy8KNzk3eHHtgAF/hG9Xsb5cEl6jbJseTBh8V0ayWRpkzV0cobsIsdnKuILoObYqUHz5lBQ8ZUwgI4g/WeDWQE7xKXZr8N9zt3ybQJ410JsI16WXaBnz/t3ZBKQYYnU/k3uPBegs97jR3+Xr84XyRHePCWfBpKJbIdrUyMm517apxhInrg3iWkmF4w3zaC2s6m+5P7CPX0+Hh2cl8tK/gloakfS+xnf6K5k7raB9I0/8aEpuAkFFIT2LutQ8+6at3L10DrUMV3ktQDzd/s1qdvcnL2EXOLG8R0azGrq1A7tDrJsHCITfm/F5dI3V8I/KMHmCvfth7cTbO99l+uXID57sP5RJrbLC17Q8N1Zrna/nRGPMRLOMbaNHoJjoK6qchuSNqlTHUUpfx7aMXD16rL6bVtNSrH9ILO+wh6PjYMUof3FZ5hz6++K7HIWW0ra0Bqti0nmVtgWK1uYV4I4PXRFEv5X+qUrpzF2bAG1+GEpb5h2mZjAteD7bb0mY3ii9XNEPUkEPBpskwHPPdmeDjmipzCUH+sN2Zk274LsWoc2OFlDf2oTmjpQ20zQZyG1SyKEHeoXPAho9+j4gTaZkEDGW9SbCjGpj8hfqTFPQ0Aj1UoV7WuYk4+KZEeDWnMKZxMmTorIWDwpqoZiRBani0T+emXvDQezC8XPUCOAu9Y7qjXnXQt2JuV4T4vXjiNWewsFNhcA+HHlFmQlxDue8lX0X76D4xQumycMlKIHSFdHdoZxLhFPwL+nxeMkew+kGQ3gs0/HhwrUew+1OZ9o/ifCa1eSWSiTsQ9V5QR1c2rnjwsjnDBQ1LATlOFyWKUt4ddLsyQ+WrL08A49vAcwE+lXMapVPZecf0dh7CnE/Ut0tIrzbnxnGUZFJ97t/HeW2weNUVMBSr1L/Mo1sfULZaZbAoZt6ixtn8vtVNvIrn5vbqKBOATpcXOBwnkumAr7FEv9/IotONgc3vWq8uP9xcz9QH6O4n7aM97XbkaP55NO0yAZXNT+tm1MictZvcosomJ8Qq3HZRZKHZSXCccYOidZo0U/ysOsbjsw8rd9S5v+0AhpNUHnBDl/EGyk0xJiAyd7FcFHl9YzhSYZqvzCNuET3T3UBlbkVSusnLRu5YuXrFxG1d3ER3SD6RXHfOBCEYqY2CMtE/XGhUYi1/z0uHaG4LYt+cei+zfu6YbmslX71s4kY0H2OLmwgC0xQdqnwyEXZXMJtMW1Vh6g7Lqk2RxGxUVVBPJm2JCqqaWMNaHZGwBbN4KS9rrKyek8vfX6PQYVhL9NKRE/WviNoVY5wuNr9IGEQH2ukmFxn95haQUuS/zzb4wjItDA/wVQnS45q6Uscis/cLcq7qxblSUvJ3tFQon3QHCLRbFfg/+TbU/DJ/tITCdWTMbYS+mlj4o9CGLcc6KNELPwDDp24WkRehUOuKP9YavtRxhAS6V51nLgxhRux5C+1KHxwxeFd+rAJ54Aku4W2aNIsGPyZBmVTiQ6AVB5+S5YfJMqksH12m9zUDeGxussAvkqGsGhtIJFirMO93J2wx4TIxAhPGqqUK45EszGRKj9CEr26DboL0BKq2fobTsbl1TMCX3EfkvhIehQRydDVxjZEZfd3KhQV9fc2yLf5wy5EqetVcsC7uCWlxpnkvoQ5eCHoDDPtbaqpAuMaAccBQvzLWoSVbLwt8v/mt/Drm3UI+Znwz3GlD6xgKuiaqe/SvYv+BTyLQdOJs9wBhP90IMMbkJMN2VOw/Hry4Mc6hdUiK/tn+7Ez2bo+WqSTSBY9mwkUxecOFbnB+x9y6GOGdIEaDL1oMvqd7/SHxiQqO9miJagQxzx5iqIUpBktMg/unBbpyiCiJeelEQ26onniwtAPwnVC8nf9SGPxXvkcmeee3+0rSqaqGAFkjnI/6EKPIOsJef4XZM9B6jZBfvoY9dL+Iaz/JaG+SPuKHt9nyNoFBf1u+a6h5VwMxIyvJQHP30ezVEpcxbizylNqRfS1GGFhrKynrtm0z3eGNZzUwXDE/Xe+k14FzgxemVkWhd1RIdMhZa5bJvxz1raFtDUXbaee0Xi98O67PpT/06h0uF9ipB+003hESXc9o3OolNJmqefYyqUTRgEXUQTT8Gb196krVU6IowD0+JcXdLtqveJWW+MPVSp81aTD2csKObfhFkZbPy4NCOddy/PYpCinBDwmMxpTAz26yqP3AUbAFUSKpRL/MeDlWRcgmrKbfOE2OwWvJmBi8tfhc1FyNzplw+aY+dkUF3MX0B7oqNiyqJJJCIEPrmMkvvIDAloflpiupuirLmGlr5D+MvtL7VA/bYdyKZERATYgVzu9OyT81Oo6fSpaCxADYGW7I52QBe1VNTLCY8saDFJlIcsrimMawJiqaHiO3cvOZlkLSU5EoTvkkmE1oTKPIZbDBJ3jXMsbhCEnV6tBNMk/4DeppWd8pOBbSEySH8BlZM69uyGLfEeKwW7BbOJPO6uz3+AOgDBxRE3+QFap9R8i70IyMTQS9qZucJryxNrvZjSV+QKntgu8Madr9Kuz3W9tfuBMUJGbtmNfilynBkviS8fKTWnwhZqKvw50TTils/8Z/1dFhFLqTqWHsyIECmeHebGGrZcm1AvkC43fO43IcY/19Kg/CYMGcQNrJ9jaZkyqVJ9ENfmrnosQvo9RNXatFkYMA+9Gib1Jbu4Dh8gMRHiaDMG6UyWRnGlxU6SyPwLsu18p1EPiX8bZY695BKHu0fZBF4MOVVTsuyiIol+wW62XSDwZoLE2x4ac5wrYo8gb8krkyqs4DebTRSHkrOQR8cHig40O2e7CFM15nX/KlcOoYpXBO2N0VbvhHYucr/tsbbXNGnhmVQ3oqk3RNdgd0TxxRweiahNHkTVLam3aQzyj7aQZUr7JOWYIm368co5WbvIe3p+v1KYtzUwaf/uiPSnvnI7RwxCT23DrOZkp+CgvkvCmIEDy0jt/OC7L0yjfPwG+R7u0D00O7itQ6chF9t7WaHfhwQd74sKuNb1r7uwfHIYZxXpE071BoHSc0y8iD/LHgEz13+KFMKk+v0jDUlelTSM9oDDUJlV+OTVZ9qXKOYnAFv1QYWnLyx41IC2fAML5EuWmYI33bSXpt+Bwm6ZJfjkCWwx51T9zICvM2KczSUIKaoeYzkfyONEJGlt56i6hz9TCXpIUZCio+GfT51CcvNtosTsjTYC+iWKOb3oeg0UE57YnWnCwkbLWWugtCfVGKwWxb6iL0iaSOPs3cpJUFmRbDWftDjE8BhtQ7aP+Q5gj+axRgWJJgmRwIJVr12ScxlGVkKBcEgRJK1+sHN2xNkAMd7seCtjRxUwiTXgYBixqTQ+mrO+1jwWwbqZchaPbTNWGWlUHnvDIqgrZmZSAd3HabULy9Osh4L3cV7TOpzOMdmjVpZxOLR3Zykm3o6+gPrFIqBgupHkMdxQYGBJw8RV/nrpG98e3O+710Y1KBlC/Iub1ODKbrY7B9b3s6rqAskytvaRZX1aedJucVzFfEP+UOeY2P+Pih3UweF7kXDU1OVOb6/f7GFj8Cq6SEuKPTie87sgyLA3Flg8wz9ab3gpZzHDBsNmoykIe0DrvH852l/wYM6afqPL01Mh/L9yeVON8h3fp+G/9zyaud81zfWOZKqISSTTj3zlAuwVyte3V9Ss0tL5/fdUqunnyxrL3q05MRGvJytd1VvMNox0RP85HIVaZTSwXnU9fljC3pOuyq98ct9l5NC1EXmkJMtwjormia36MbJAJ8k+ZGalVoD5Pels+zs20fBaOI7naMXObzpzsIX0pW1S5nWnKY6wRZWQz7YE8FVj1fGgeaW7qJ9t642NUyrVK5YT6/HGqIGe/aoeRSS3dvSR5HoDUQTQkMdx/6U+65O6veMB88L3Bzn0SSI/mQHn3k6w4uKp4Kre5cOLSCqH4Ubd4kndqEBF1Q1NVDGD3Mk06l0D295dGgJj6FRiANXcKSr7tPOMmMcfF+xMzYJ8x7a04rthbkLEPfHzMg7tipoucUM+QY1R8y9Ex51lBjpMJ7Y64rcQdeAyUc6chggcUMv5xeN9JZTjYZY6u8c2f5j9Zk8wI/m57UR+bpdct8zIcOTShXN9uu+2Z6kPjfhvQg9wx3+LlCzXJIg8237ZW3VWvXGZre4psZ3DisYPX28kb2ZdZywrH7LdHIPt8pPC7jh2+0iYUeYhKiBccreDh0U2HfKTwEJeVffTwaFb2huHbwWfAsSrVdIi00Ykkq+0iXFXKzR1KTddoHbyvmhWWWd2QRltxSr0teU8WjbbCgUzrbOKli5RuvrR/GSfbB45FCz36vgLAImpVqDxIIJMWPIBuQ5xZ0BEcsVb/lI1LQct8MKLN4oc+R7R1Dra7zsigNqKjaEUhP/uRZr7fooeHboIClK1R57WOgukpHYetrVVMHnz8vOImqoedrKDuebkyOo+GfqsRWrGwaMwBdQyT68sB26qBDokqybHEUsay5ZPXVFPtggZ0S1oHmIiyOAItN9iRGjgkM20cBMgEl2g6CZlHkGMRvEAvDUDYHaMz+cR1F9TQQuHklAZ3ZVS7Y79xQSXpvBwl8cbS/MCCml8YB42ZdeiUwPKLxdJWVgV9i0wuw59F86uzOfPre9UGlog0Wl6/uo7PUBptsmdqoGsXgKmORDHulgGcKh8LkWNUd3aiNcs2tzrN7vPaiSEsE0t1REdSsjRqIKL1TJAzBpbujhdPBDx5UQTIil/fQq5zyAuwF6wxbzW0LzosLfS15lZqMjVU0491Fq3MmfMQn6GL68z95HXKFo5femqYhO+Pu8MZaRjp7CKdn94y/LaHMrRMYtCjLLEVPRFI6yYqNG4OJ/o+YyMLTmphia1cNhIcBqwLSEwmihgWaB/rA/px7wwBRDsELWZ4ki9DinmWu9BUtaMPy9ArsBJ19YHcZxMiJsBy6fWdk99IfIBC1FSRdGgp+qwKZr1LosZbGOyz+rKizFBfUslCuuxtXL6GcS6s0zC66OtRxBMU01XYwAKHe7mAWcBzvyTnyOj+C7eSHPmhvpKOwjKub2mozZgUyG6JP451M7mb1B4nMVdaWlXPeFMYlXlNKExISDDSLjE26CNsI/qnOrmyQv+UohtCMAHvVD6QRWE4ovZi28Z1xFtaIK0V/UOQvqU+5+5aOsyzJv/fW7qFfSzL3Qu0S96bH63l5UsOFAYOHK8eqx+nl5rZ2e0k4Jx5Sq9QupY/50QkPbZTRtHnDHckff8MlV4aLukG7+l+yU7yUKXQxqQEb082AfUpZzKqKjusCJjTPn5SUDRjD96Hin+sC5JCMvjJl6nUOq2UzQBZW6gTEym8GkkC0bcRlJ6NXYFtFmw3BtiD4UYZlCWHtaOuq0pMMj84xPIlxW+mEgh5KjDsdHP1jIRfIXi6CwelU/FaN8sR2qTBncsim5Paza0Shi0JTuLG6fBEGJ3lsPNEefrmBU5AWquQfZlMVMBD6/YIlSJj2BBZXbPWK8lnl82if/CcdVWy3Gw6q7jXw8gdn8hT/V5cVfzXyN6+YLvvlsrT/P8vtflqmtAmYnJgYdoGPvUtLUep7bzIxcLFkkuiY0pI0IIKHory8vKJUJ7qyQwcvwsdCjR/RJ/zUlfqQ5xRaszrykqFhQy4YsTyPLEwYYRsVjSTAScgm7uiPoyvRgeEw1VDPQXveKW90YmqIzecFbQJoWDLFjBHk2G9lYa86BgyT9TyYArD6CIsr4CI+Rv/Nm6EaVYcSidiDyR4pZ0x0qwpxe8Mk4ngJ+48d1KgtYGAUTDecMCKse4gwdWmVd2pBC3M51uTNRM6S1Kjzs3vSVLEmsSVjNXCk0sNQySRD3CQZERnK2mNcp5lBPwVM4Uqmasi42YbflFfd055ztwvtbM30WzmWKQ+fSLU/gb/tiyf5igbtfAw1V1LrQmm1MSWcCge+jHOhbvZaBZss82N496x4O489iZn2/vQh5Owev2RS3sf+QHXfD2SO6ZBtODxBIYEGq5VB2x7ihZFQXjkYsaPYp7VU6X2NNiPYt2N9RfUT5yqwHqMtkg1491vaRnbZoURH3M6bhK9BHxT2dK4yOhYI89hDJxUSSOl+Tq1jY/uyhAhhXYSwYlQp/WKTIJq/14fpbE6owd267SwunLybsZkx0S6Ysh9x111aNq9EQtPvspEwMWhGDaNANeJe++09tarXXN2a3teqMqrY4/KSQR4tW9s9kUXNYcJOt0RghDyJSfFV82XZWUkqJZkZVixr1vZ6jpvBdnu9Z63qXg3MRyjFFnqkLfcjbIfbbrKO82MScQmdrBDl7LYbedT+BjFEL+ssSe+7qbEUsDu2Gyu02EXpIKLWtSR2uatXDLsYY3Dt3b5uyaAeLq5pLP0h/zkcW9fqyW75xpqrGT3FCfyXKFJh0kK9hzg5SlMAvB7S8zEicEdHLLlaMQquqJCAR3stJJv8LpDzYPTprtPVt3ir5QQl3Gwpr34idCFnsJUXMp7Ck9HvTgGBTPtYhnKKokCu0rwn+ZLAlq7jQpIhuPZyI8tZpR1kmxSPsVXh0DrtEEVo3ZTJbj/mvEb4WKhYgloQQR6r7usjrRca6dW+zA7JuM4rUH27jnV7MpO9g/KooWaZDZabpZmvUZVxNYOrWzh5gpzn9ygHEiDO5/kp2vE+wizJzkT3jIR3xQ1ZGcR0wyo7XmsgC89HN5mAnXr8j9yGjQPDYG9vYJVgdQ/sdw1uEPQBZXWHFiRvdb3qcplUnzJvVKsdvDDpUFMibkEDcn8PaA5TQm+rIWDcemPiJdip0qnd5d1/vaZv8Cbv4riwt5ejZneQric+ypqng+c1UpDooJdMwu6hDntjkyqB5lOralAOjXdfnzXacjR44dQCtQsZ8b/DG+h41ACBqLc0BQqaRfBpCU3nU6Y3YGizRiV+h4ppIouRCep3UbFpIavSrMULICRY1B7sVXJS0XOeMMzWbPKv7YqbohvzkSU1+2vOMWEYC5Wo+LiMnazxGroyUWMejIfMlk/K8GIdqqE/fT9Ib3mjNDfbuQPUhtn1I82jTADlHekGm8ZBYFpiLkGC9KIa8FUOsideMgwj6EsZySGasilWTi1FDtsjOI2KLwpJg6C37UoLFR1bwYrDGykPW8W9TnAPh74m8o6Qau/QyRoIy9fKW02qwIpOOdO5TpF3v3JuHf/dBMhU9F/Cs6oS5Wv8PTa0lpaH9YZqINJuG9RWMpUeZS4q4/MspFOd1+h3J/PDRzIL87yS/b1m95DuG86HOdgrH6td2RYJrSsK9SE/ihHc478fgjHv1qFuG/HGuN2HUSJ2pL0dxJD7aMQ1yTH7InP6WVpqA2Qi+XePfX7ing+WHXjtheM3ID2BY9obDR22J6clOcT7cQtyFVdlsSJquMg9duLmuXVEGluGp4zNYstEOWcHHIwB959Dh/nSo72KOpBD+qaP+FeaeN3OCooGDrUdyoUja/EJdfTOlnq/vXqAcUk4oaFQIUXRNQGvC9DpqJxNPmj5+rAzJL0KVmnhfINW++zToJ01t8OyTsFw+tQSo+VY3E2G3eKiJB2tk5uT7OI9uWuuOOd0Lnuokq2J8ROB1Gk3p+pppeCIpW5hloEyGIfKCRlGTV59hJsCPOcVv7jqVgLbr0JpTB+wz053P0WmZk6rT5bGQMgZXc2gYA/m07IDDavjUna/Zaq02x80Tf9RH2URjEMKwkyN1ap77dd//IDbVZQ8+MERZT/boHGT7rSD/Vf1Uffvlcu/XUh/NVL699YI/8M1l1+N/MQmfj3ydxnIv3VvtFTizBIH0HRfAXIYW8sk2JaERrW2A+mz5z68WKFfue/UniOQjXV5SlKLN10PhWKuqgQPtNfQb95XMipIDPOXPkiBm+5lyst8PZXphvkdMW+6MMh0Y/zN/TzVNT0Kzt3FKbtH6tCQ+EXTWZMjm8+ipmThJ0NLNo131yRstSEWFvo30HQTal7Cxv0eUOIapaYZ1n8uZHjL/l6f/E6fJQjHWrfTIT1dwLjJbqLMdOlt12TqGuLCWV5K+CbaJlkZedydoTO5ZmkPF82eZtRSvbmpUcb60nXn0JpODrUPopTd5ZdOXy8vXIZwbHX7sKX84ocefZxoMtQA69Bq/wbcMeRPDQQ8aISZgpnkWlZCx4UlmNraWpLMDw0GZeqYgiNba3L8ccTe53lG+z/YAWQ68gNyPDREPiSMCB475TKnwaNExRqnmSg6APG960M49ylExEXdaa8S3rC4FqVK3U89VHyNKmhnirhMrT0UG3y4giUeaRkwOBSgsl+12Yrg0mW6Fv8m6tjjZpymedSx/ScChtuGcYH2veMaLn9OSxaLLdhWjt85/HFIoCY2OQt/fsuVN73nFZpoi2RTPSaz5JNFkdAeuyUUgPC62INBdjgb+0HN3NH2EF1BK4VVGe/zIQwWW6yFNlPtHuddpt3yxrdo2qfZkWiCONuH72C0olXOkqTa61pqxSlb7ppky6dWU+3XPIcFegZqhI+0GFKMNKk7p+Vk4lmAbAezITY0Std50dx0WSyWpQ5WPDAYohn4YaSXB5fLAuihixT2aMavh7hyvXyuKCpYaI55HGPpL60Yi03BjD3pfOVj7Zov5bvvgk1ccdeLrh1BNes59kchhiEMufLK2PzID7P58Q2u56CMQ2coq+OIyp6hGV2jEwd6Nbtwvbs5rpWSC5fPEkNauWeNyF1z0KoFgeY+wuuSvBcEP5MNWZ2Tt+Yd/BEILa4AmcHjrcO2IvENZ8Vrkhoib8ebqppgce5nIxzlNZNsk2wbg2rfcayPQggb7ihdbEMCyjqMFlKFZsHDMp9tPnpYhxJpzzl/MddxehuqGinSddpGminOSqS6WWl0v2NdsLK+2XEH9C20HGFUeLY8eTMWJ3RnPYcdf6xg1I3MIq/BclszJv702iJ50kHFk37X/65aaZl03QeBnypkGIlXvLIS99jjPavodUDA8LtMwH783VbIsJ288g6av+cGJBHie6wYv2Ghktah8W7uZqqNTsZWqrLdukqUwLdhK63efyWW25cFKBP5RXO0honu21QYp/KfoVSqdg1VXc7xyJHyRQe6d5I374MXSvnqYS0cK0q88n1/sMnSB3NTifvBtIxiFpI/vWeBGb0Gi9Tpyl5uHAkYhlx1VUFTMxt3Fd89BjGUrutyKKJEhpzfcJF5mr+k+wX9qYpFWP5LdkvuYcfHi8ytEjRopD0+QR+cbbC4qOXVbRMrl9K8Dnb67hXU91aNxSKfqpSs09LB3EHedMkPnd3j/9I7f3R787vLvSjMy1saCDQvfzO2YNoXUzz7IL6n7z4uAgJzP8mWPacjZ9flshwuC0KqDWu6El6U+mxwZA6OYf336mFrc58eMdI0cEMhiWtRekcsrK6HdS3vVizvuv4h4VpY17F8qv8mLM4q0sA/KOn9LFZ9oduY3vW0wyUW1uNx6YTxStzc1GpOFVxNuo4DBteoFI2NhvaMasQeyxcaLkPY2EwDM1jH/VqvKbd106u18LpRFmGTnrmP6Hw+v1DRNIOT/u7iZ5xIvAyStj2sgtU/jA0kXurqum/5Cq2AoG6UyP74XOrsdOQdOBrBLOS4l22KdXagu3FY3oithyPjqJyT0zG1rTbvkbeeVzItyahbbs40GMVqXWedn8OylanjNMyaDpzkU3XohQg0+ic0pftSfTQQjiFFiT6oU+hK1sj5n4QYTccjYPrhgOn7IYCN/837TeMCA+lz/mYtm1ahfps+Zbqcn6b8JOePv6XaT/J/mvJr+b9U+Sf5v1T516b5tfxfqvw3TQbJmxby/2fNf9Oaf89kv6WSZ/9i6P+s+T8UgAiAs/EXQ/9nzf+pAJyBKs90L89AlWe4l2egyjPdyzNQ5Znu5Rmo8kz38v+rykSj2fsBQNnIbOe2w/8B6v/nevz/ep7/5fwplfQ3a089E7w0VZy58c/bJ4RPn/YB5O3W318obNbT7y9DhM2PEZmeHwNPob4/BhoghF9MUU7N+DEiV/eLKX2A/S/kT5/ya/m/Vvkn+b9U+Sf5v1T5J/m/VvnvmQyFdbg303Se6W6egSrPdC/PQJVnupdnoMoz3cszUOWZ7uUZqPIM9/IMVPk/18vKqerpM03nme5muTqNwzNN55nuZpmeJTNO55nu5hmo8gz38gxU+X/By+eacOc+X5USeLjPhj6/Wfr5Ib3QnxaJTl+M+tN3RH76XkndL6aU/rTm9VdTAOmfFqlOX/L60zLZn77X8tMa1f8plX+S/0uVf5L/a5V/kv9Llf9bTTYDVZ7pXp6BKs90L89Alf9jvbwJYT7tyDND55nu5mWp1tPEzAydB2brHFawOWb32+fVeWa7LHZmbT/x1/8HUEsHCN4ydfzhHQUA+J0FAFBLAwQUAAgICACwQ0xSAAAAAAAAAAAAAAAAFgAAAFBBQ0VSX0Nhc2VTdW1tYXJ5MC5wbmfsunlYkuv+Pqq2rV2m7laD5biqVS41dZnziI1Wpq6cZyorc0QDxRFsVVqZ2KSWEzYQmXOpKCquMsU0hyRFRSRFBVQkREFE4Lxa7e/av9/a13XOdc51zj/n/QPFV97neT6f+3N/7vt5uPW7s4PiJtVNMjIyiidPHHWVkVEGfv1n1D/lgB9aI/77ZGRSZE4ePeQeNzxLVajziCkASWqU08DjET+zudliXaxOg4VPbi4SOWVy6VnAflPsS6725MNhk62mAU0rpz92uo2+eGiwP3efrpk9fd+RX7rOLPwzTsbyyyElddmWdTfHd7cqSDl2tBZyRRjnjaXuzw7gCoatyCeRXUMIYyc7i85pjiYdIHDLYmjWEdTH2AprxkhoN6jZHCT8ADXihsSxFrTcMzcTpRTyQLLwesxelJ950hK+xY4wd/MIepTz5/bdiU1h59q7E6u3QxohOQXYyJoW9G021t34gmuHWRc5bVvWrXX7W2v2/N1VccM9N/3F2yyx0tKfIrtKaQg2344/fSsCas3Qjz/Pf5dlbOXpAv4a5yjqsDkXfGKwLnj0dp12xMdp/60/gRW1UzPqtOdKG9zjdOYy068T67bwcbYrsLg7DjvAdk+GL0nacANZub1Vmws0g96VxG9IWPo6qgQ7MWvPEREsgVmPGVi7KN4yZQ5enWPbqtB5B2GmIS7Dv6fs2PI3V7y8W4iBbusAcnF5naQnjSCWduOF/MTh4YbljtLaNNLx04OFn2qTRu9rHx53DHnGtSIFx744No+5FFN+S+89cU/2Iwd1L30TII6vLBetexCc6tBPwgWtBX5hS9tjrMAu1atZtMgYvzdWevcZqljpqqRBOSatkbEOiYIWucni4Uqw0Til4h3pRJDUJFOu+ubfXO077pZJpxchQhrEdtq4BRkjrMB2+fwG+bAVo9MdP/+2p/8wlL+TYU4k9tXDa2KodlCWtDr2OpHyoiaNmDh1QMn6yLvQYhmq3/05yyaLWXr/emiE4nIDGGmAuqF0MosJxPe6F53J9E5ROnmk6IjrBqv9MUUlR4pIjxju11AnLzIVla6OfvQIaW74u1zPq3ZHNjRyxSLk19IzwbR4r5nXmGRUFBA0G7vUaoNpVPIkY6ZTGSReoS/H97hhu5Tr4+ebyC6hYmqZAMi0hmaLJOrPO6j+4hMaXiXOKavYQwqezLXYBUb8hpx60NN6EBZ+mLj6wsis2q3xk0Lv2BIwVSxDnlkguJx4aAMeu7yStMHKrDAszZ5o6yNvme9qG8bM2E1RzNupmZfqT6Z9+lSTtmi8qfdvwVq1TvzCvBkpVUatdLOa8xawQwpe3X7z7xfkMwVKiXOPZ2yeJQ/Z8jyvEyuby5pKYs7AF1NQ24sX1BM/AjCmGQdzI0jDUljPw2IS0jJ5wIvRLWU+PZZo6LswIFSeM4+YckCAWHpeK1PjjsTRqMVFHFF14U7tpD5bL+geHi63EMjxraNd1RvlXQVhz/SGKMFU5Qr226flxy/z+hmV0RLhTLclDm+svhU6ouJ1Qz154d3dFhDfvl0qFNWuU2oMoonnbgln4DRf7Nt88yeJqfYQUlKyRdj7nDnQzKyQ7By3tDyTMwKb6aDRGveEZ0p8GB+wH62nSLgmoX6zvm4QXLdcJyYnD77UUoiEOp6o85RuRVW4XePr6f1dtFz9RdlS8YChOnxF0VwSzRdrKFcbsjQ+jvCj8peBSPnUvAB+Ve1X1wzSwuN0qaOLfx7xqrVdIl0MQMcvcIGX2n/64MpdO/occhEiGnplLBOJYA2qIeAzTbgef1XySfb0eYbt8PifU1Jo+/gxZVsKtak8stBH5N9+27Sf2OArARBAvpN80CZ5uj5mt1B2N7fUwdNO5afsgOpw6ghqLp5HTj3dLP0ANfTvtZnoWL6Wn86lmIClLsTTTfxhEK46Nu2Npn9jrGQ+xrGhUEntXEHlFlxwTGnTs4uTTHSMpGXLg5bQ4o0amoaNRXv99+VLnl7pZAds0DAJ8TbafyCLmgn2/DsiuRc6KkTBxURzl4bJbOvgGtsVe9F9AEptgVfySf6q/fmbeqP50Dh86Yxx1YK6prVKpDUADUkcYwOjS5Rn6hKZAy9C+/r58yjKKCvR/ZLyJuHUB4EzemiI8nLOW2PHgdih+GmAjm+8l4O9OkjM+PqvrX7d0XvVYwFUaIiGPKpkCpRObCB3BfWUJU6wQj1L4+emuewKimT8Ket1aKDFhuWUdZw62Md3LAHIsuTZcKKST3Vpbl1T9QyrbovAy3xHea4ZPMYCA3/bMfhiN7kgceyPvltqp0svI8e3em3v6o95ZXpZ/vLfrvxABWUZKV70o5nNW2NpVzoLAI5si++JboOqC9Wte6sqbBLHOr7u5D9PXbjmKEmm4jtytXENczgHhGjhQTOPany8IPmDcrfogylZI8/lmhJl7NE9mnB8F0O8Mj0DacZg6IXxeu9YVY4B+vZEpQUCJ88YIhn29uwu6alJ3KHvJwBSa7vMvPEMObCL0pecVUh3rLLReH3eKebowjhxIMCWkPzVE6x3+0xXa3xPpp9mAr29gkY2w8L7oIHgcuoJSvT+her6Ehofld7yRzQCesA+TQETo6ptYFESxHbI3BlgkrEZXuMU/WFZjZen+3dV0Zd3ClolENGsl8fRVIACP4fwsD2zd+SZAxtK5JlfH7WBAAJb7Edtr9Kk1n7ZMDPgEVl4cCUPixawpfCB1aVnGjZEfqyjSedvb0zfwS5QvoqYGhp/Kk3itLt1N0140en/YjYM48fvskblYFXih7gmqC8lH8tbvgIX4Pn8yYiIzCmfhd43ZHDzxFZ03bQW6lHSmLxGMTPfFbdR/Bk60/cPZmtmmairLvuctSbYpMB7s+SMOsV/G90hiSX5jEAtTibdho5e7fbr5FbWa1Ct2ZL+pyEXvKPyxu/zDHNVMjdW8LWja6JYLXYJl9yMGl/m+xesC9jV4BadQTvzt6Cw8ZP2z4Akxc/2O+ebRCyP7BLYRoHDEikj3bsiOoFyY7Jt4aXlL7DKGubn4fGeIkymHWFmX05AzMCxnICDy7eN6AgkbyLxyCox8LRGKtxTJEOGtKR3G/ci41uvf50GSDeIhLeSxQ8iOjytV0IAiZJKHEMXRpPK9LwA8BczBmxxc48rjZBjr/QQyRQsSjJ6dYPErx0hKqzukYBpSKmxkrAXk6Zx0GB7kZp2LVqrE6Bd07S5qKOfRtxM53TstWC9z7MH5j7HGGQgA4cXFwpIWkKO2hwgUEZMMMnDI/1CozKeJyEms8d0u0OqfF46T8L747HQKuPBpl6oNV7ZeuXh21aHWl1n3dtn+n1jax6z4e5H/+aakI/vlCJmcBK6NY6GgHTeQQHB+g2IWTFpqucy2Azo9MbD2WkfWf4eZUdxtkk9jdujlWBxiwTLZvDA4uNVquirMvcHFcesPC/GjVJjiU3pkfVsl7DCkXL3FLuZ/CbCQj9EsvR65t09QCDciDn8amsRLoRAGEScMrrguhjNzIAgOiEgPnej150CW9wz0eOa/v2wEwC0pISx0TF08+UKW5ckcgOhSRAYPAv9c1JrUDT9prsQ7AePhIARb+WDDnfb4nI5aB+nwSW+DshJ+PkTLTFg8q5JWHzDua0O0lLe29awoDBLpRhnxaligb5w3gtRyaAojyKYibkb2Gd2LfDZtbRgjkBRKvFpTjcFtAiC52c37J8UXjL+fPe1nltbi+h7dFQkF5K8tSeuV6z81tOcH3UmYeQiuSW9Y8sx0i2gtPsvxRqNQrB/J6FORPCtv6wDaUFb84egnLAItFlypGNn/mp8Cc1BgCDdHTIN5ZAKLXsBlCITiXCiS67qlZYIUkk/IxsFGrVcvHcx0ZYXfk+lSCvx6dIsA8TVotmwc7xO/9Nh1Kws2ZPS0rS1CG1or/zYnVp+R3+99HKeeRJEKu5ZAtaT1xzlkb9eQ7Oi4dxAYGJhHVGTlkyae8aPo2znLFHyXOwuBiaZ9jg98OUvU47wk0Rvkbxa5WahvhYVWF5QLYV7xHqz7QVRhPKm4vBkppmflm1cSYXHBn3zgNilc3BnoNeZ3LHUYieRHvKvgVbq316L/TU3tmJzQuIZ4dkzlksxWUfO8ymC57Q7YRvTuqa91co93JUy5JnSxrOXQj5CLaa0MldOeQdH8crPFXQUwb10OV1u7vxb6ebbW3D6hCcy+n/LeBYOyZeWHurAcV3sfMuZtxYb8BePEwHeC3KzvODJyLWQWIZX23lryGko1dFHj5m7EAQDDZTIvAEJMTtP2rhSFr9oeaHrAaUgto0mIVVJD07POpbj+VOVXwIiAgBd5eU14x3wfhR62mihreB2WCBoYR7XRB83TIofQdKiOECfdygMVHGNMKPho7DU5uUXVAd2I8WFtpJNmxOa45IWw9JXNcMoAjFdP13KHEQgZjTRFLETsfkcMSiNHZfUPkDhv9gJ848rrUUntoGU9dryY/grJhJLfmHQ1oTpZMfzonqrpfpB7Ev1T+7qli93VnlEu34yeX3Zqqp4p6anBMhrA3R579iVrlbiO4mFLB74aClY396L0sOZ07HSOrPZ6mCp5ynvRvwVF/2Gl3cU0ak0x6HP9ZPZF2cOMgqtycF79qzbN6YXFpBxQ6HBvAXjVeYrajWsXdpys33/qSVdPfHb8LY7Di2FtJVLZ1h+v0p8DGyyu2+Db3G/RF2wsJO+AdsEHr3A05bGDq9spD0dm/nscuivnOKRDSfQA54ZSoZmRdbDU7GpRJEvxc936vrpPDv4cL481Mqra9qfNBDINljlmGcRwgXLALdguMQljMg2zhnt6zOKGBCuUoiJqB46VgsWtV2tAkR8Z3kDwjXM4iAKiQqYLtzYa0tHp3e8P8/MQIrn/AAoj+rj4PoJzCFAk+HOd0Ezbb3K9tJMMOJO7QBJqkYmdUqRRkEQ0Ryz2WHzOUnaFjAepH5X+aoSxWtlubY5npK2SsDhjpxqijJc/cqlpM27Doa7L0Z/tWz9orW9S8Vcuf7ggRj29bSgRUvFcJQ8k4O2vARA9xhprr9jvmhvSROj4wNABkb9uVdOTE6c740WcZDHXZ7Exy2yvmgVID819i0xgAYnjZvwSrh0QmvEXd0H6Ia2B138X+30CKgXjk//Mju9FLy16CIUFnZq2/mjF+xViq45UcN8akIj6m4DFq3RVZ5JINwI7bnNZlQaby86djTwDdDkt+N3SYp+/Q8bfMIOtILmEEowQZKnG4ZzPoaFoYFS8b5WCNDP4KNPhAM7coJjyh8TvnBDp2BdoYlL/GwfjXTQAy90SyzjXQQSJrE793ar806htJvw5T44QwsUEqouHekjXPEk3q48MRiHkIMNWvA2pA9P2TRdHsKvxnypKlShPma0Q6+tWzLC6FmF/TBAI7RKehUlUlRhzeGTqKkBas635JnEQj/B5+XrbKGCF9WkeLIZUmd+Yfx5Wnkz4mQ7BxK4RbNCk4Zg1yA1jcYHyBHI6HAQx92fh2puEpZnNz9Pb7vaNRZSt/BWS+L/qToRM6iNijW4fYayLcc92FhwJ7j8Bev16H7Y5MS0bBVxJImLDPzNWEsK6EGa3SR2NfxKQH/M1DRaBvSK7kSQFvru6x7ZnLTWltB+x4UDoyYTVvKXhzYjRXm4YNesytios6yK27z6T6wFk0RTGzvJEkl4913fx8Nb7mV4p3Q72OUkIGKaS8fJ7gk6hvJtJMcHz0ke4xLtwrgXn6tRTu/bVQpuhk/LwSTKg++6FZ1TuqXJJyyaTGStyrKRu9rCIgqRrnv2bOqtkRqGsmiTL0C1Nzi4vmaZD80VffBLkouPJFHey2lQyb68vxrzkgOcJHJhM36FnG6luSm+KPmkurwtdOAa6UVPRMhjYzphw4sun97ls+RSQPltpAJ5m57tBozQyX4GIPjhgiaOJf3ONULUCBe8PG3eHL8cz1iZuL1qEwHlw6mDfwqIaBKzos6XuqlEr/DMusgQ8/BxJ1y5//Ai7ICiISKcOls7l/eiWnrJv3N7M0H/Bd42ln9zC46AYE629qqtSjsHT0+FXqMqGXE7qf/9h94xo8g0YuXZEcIkv7wALgqZNQJSCgW6SKrCJB1NVzxNoF8NiB0tCb7Ee3Lt9pZjRqHeRi/gv0HDQdiFz0WJeb1dKmlY4T+Y7imIKO5wlDJXsW03aWyqhTTYVNhfxWcGSb4mNeDhK2/kqsPnzzsVl6hIOywlF6FgeeZKBYYXNG8roEm9A7XuIB3Zxir3unxS5mY6X8UuJfs/iS2E+WOrkcJ57Hzg2cAGnSzI0aO1X+VgLLUDiF0DiPjlnms32y/9as+QRupLN+ysAZ8qJviL0vBL0lFd+/S/pKVx/ZvOcmukOExqJJKgMOnSxjooax3b8byiFeqPwmjaOn1jq8OXYkofNUVdPGDfE9psUoM+goC9lQqKezTNVxS0UTaTI1qSJUYOqmksVU261ODHacJggpY/du9id/btZLEUNDmPZahuPOoL4fKUhiQKkJxBi8J7WT2Y6ShWyKAm1EPEt5asLB4xBAE++4ZtfKdl5HNbnehC2EeAHRV3mYW2f4G+ap3c7SUhGbkBYjhjhrixt6ouqbUCEqZZ7YCZH30x3j461FM1t5JkGr+i0NEbcgB2cVao0uUHpL7RP0mBVVUbUjCPeRCppPJqR7Heqos/k5LtVICXchcanQa9ZK1AVbW/Faj2Fy+oAymA/Hr7ZjjgHMuWMJ/JOR6z798bVpvMW4Y//9ArzPG2MArYl3xuSo+cvW3SdHD8lV+NytBReWYfrne9Qm+MAz2N2CepQ1jgTPb4Jr0RXnrQ5QbUz24fNrp3HAeWYF9XF0iRpVzrskhZ/EshR/XW/1Ijoj8l5oFSEabTy8BveHtYbwTUmv4r8y/taDm/PDSvPiJedB8CiCxu++sm3+AmHnJueBKNEucABGgJqANE0lAM2SW0KX5+baNAqSG4exzIRGY/w6cg7PA70t2nL0/f2VoUJGu1/R5vNGrWXhBp07Tqga2VLKFAvFF2U8rcFPdo5wyGe4qzNWmTORUfNYgiqjhpe5a0OeW0ysHy3+fn3Ddc+bA0dShxW5ay2faWRIVezDRUy4kJaJDupqhD/voGalqkjvguqx4Vgk35ZVUfd+c5fT89+85s35Ry9pEJEcm1yvZBqAnmDGnPnryXMgWEgeXl17cLHvUhLW3FKv2k8WLjAOtgfK1vmdaL9km4/Xp/Wfyc12Vv0KKSU42gayrPycxPFs/X6uIvalcvyD+S8mpX9v2H8b5HDo9NJOX12IrSeNYqcH2/LdZAXQPQJg/YAeTTb9mrD33hnKd1MPkSIxmKAE2WgwO5eek9K5/Mm5czHjhbnJtYNZUXFrZ7ZYgq8iSfE2aoEfAaD8ee6AnorC2uumJzZtXGgG1H9i9Wp2lHApTDRMd0T3tbN5QlAqYHsDypGYCG35h5znr2Vj2ggYLKQ2kJFDrQrqeM0JrSL+M1IdXQkD5o4SACNUnPiwyom5kBeWy2Kgdcowk46SMWkkf5VDD8oXh98phLm4pTg0rWkfQX96J1oaS7MwmOH7iF9KAm/7hDDiF4aATd0vAIcbN05Vh/CIl7JbqwGmCW5fNOdif1xKbQiCf10bJ4AOcDm7EP8al79qjhZDSa/3B9YCiGphMIpWaRslbg57B186rhm5Z/vVCkUuSW9ZuUrNHxB2Ho6Dagc//PdUHmuWsSYgnUExYGrpnnXnRsODwVY/eTpkqMzYK96H7fr0xrTqiYZOsmWWGsG7CpD8hflzyZlXZnpZvFkCbNQvaPJAC261K1PiSM8wqVNOe9pdZv2Cv1I9NbA57K3mOWChguu+cv71AB8aMMMACAPGXq2M3dLXbV7F7lttnfFu5Wal/KK8uM1EWNvLLQ2VHklmERW9BSCIT6cRJxnRHcGflLBNH/4FRhpW9N6IhbiiRt7/6eyBnAnCrVj5NxHuubrA3tg90eq328WljnFt11QwX2vn+eCHT3G+6dA8Br3uaNFK7RFBQNSozi3jvUevPpTtPSnVsHVokj93PYLfbjpZz38QIMv3/JqxXTfDXyq/nQWHtclMR8CMDyU5kAUc0AQB6SG9lIcqu4+PhWF+WwgR1FomW4hq9pBdcqR/mQ2fnzPEPp1AeGEYN2WO2APZE9LAeLoFaaYearly5t/cYq/qrH0JLr2dIWah0ogoHcnE7zEupwHQ3nXKTHyf+pYvtzBbNiSRhROvdJW/IaJuxwvxaIX+pJt86x6yU8B2RVbX2BoKa2p45zFUhPQQK5DmisuMiAycfB6Utx3UJihpXoPu103WJ2NipxquxyGGeabQ8vP6kWrbpwB9V/zO5UPO4cGXGWUyKw/DLfJLAKAjKg6Z/0/KW6v7uSohqESoeK2Imu7XMQK8JO2IWafSMm849cMtH9VWZKcSjjwiMGAF0UjH7NvstOI2hfaGALNg7FMjfQj48ohQH8ESS7XHRtf011LFECsysU4tUu3bhWIri7qRdTDqVu7M26tTtabkFhuKeTnCz9aJSGmHizAbkE1ZKIDN+viM+BT6rtPgK32DMy6Nl68piRbkM+7cTQ9Q+OPTXSezPeks7WZl0U8ob/cgWGLM6bhV2wy3E8emHr9iIS2XeEBGSK7QUOSYVRxTVeH9JGyIHHjk5MIpuznu+5ItH/3CMHW/7jla2dAPAcnxHxugq3248b2gsYndoIt8l1LLr5OSryfZ4Ay5OaOEjEj5E1y4bb/krsjbpvKAYQG06aSikzYaHY1KXCVxgXfjjtveoC0GunevzuHj/kUmCG7JjQ0/SpJeNjsh7pVdhM5GHR8A8VbbQoykL2Lo3++B5lUAG8CGsYlwS48GhVmGfKt+05uENnhzUW9JOmdOyBiqLu8evhHvnb5muQWlp8lybIh+1BwZAGdvMOp73pHR+ISQkrT9MKMxbHvf0DVwbxUMP83+riyU9DBKcmmyiQxN+/meBX1/ITb3/eDfi1V3R0y6bWlxG3HUcBvzh6JdHLxlx/uya2K6BJIEptPisH04phuOam+nvp2qd9ZDMlxL3NB+N6lfrV1Bb4gEVOo5RsEwENoo1YqK7KcPUyJMMeA7RU+FliCl3u/GISqyehQgORH3pOeTQD+Lcr6nTQ35P3BGgG6fOPkRjDEhNWvfuvB5I5mIthFfdvWwj9k6SjR46aRc5DnvcBBab/GS0Hm5bLBmCyfHZ5nd+oxgKN+697QNs1iCnggdwwhpivYs9ll6QJmheXYrhfzD2AlingCKRPb/9Hhnj4Mik5WArYB45/43LVnAN6qTO336WcmQALZOw9F8SazzonfY0JUK423PjYODGy/eEHXEZTwvjnYi3AHnRWLDdwkgR3wIFGT3Ay1NrG4auB4BQlCou1vLHX6AhkRdyldz4kDnAMo3xUelCn5QWgy8aOsrFkcPMv2bdACe+ZdTxAEf5WEhSRO6Su9nF1+4ZXZKt7bZRqPVXPev/WL1m/9mVJS1ZLbvRQIR96ZlcDpTLMUOPNb10I53V5LW0bwcKxGd20zbrHG4vu+T/2jgQpN1XlzvYrGDLbiSBDdoKVDaBuuxr4I4NvW4v2pk+NjfFdbx8iehB9g81r3aIz5Kob99xa52R+PpqINAs4WvtyQv7QagsdeieVkhYquvuaN3Or/mOjSOx+e/XUEghEWTK/GDtgo/EGCBwgXWL1/arCQ7zax7sxgNgPzaMMDZtVYC52P9SBg2PYXV5gESd9Bzt52QebHz3aY6iR2MKJbBKU15YPbGi4VGMLmLbXZU1hxynzS94RoDQianuPSpFgJc/vEi6GeO5D/21ouK6g+uqR1O1BKGvJ3FdXiy9poMLaCG7GV9cD9qtSf68e2vEGHcD2vxzbmpLH34JeDeTkGSpl6kS/vRtFBfTJu47ogruN65IZCw78IelMf+z8susV9mdGFOUZciAesMy0OpFWgl9nVhUDbGKof//K5zPg1V2iGPXFIvp8JNzbZt8oRQHrJMp46HT/zLOp0rDLaRr7G1dKHh7fvKoek5ZakOFf98W+lVf+1T69Xaar1KdENalZmHT0wpcXFZBaF8Q8qk3qcrH7QsJfd4JD7poTQnDgAMkMwOAJ7Dcu4snHMT3liZe6prWPeIIGNBwOGfoNmzZDuQBv7IixMQFEewMntF7MT0SKwM3KwWu7wTngRMATQfIG7J5FxDuKOgbjnDcmAiLeG5yiebA4t+P96lGYJ3FY2Emmfnp9Jc88qcIXDMC1fMcfekGgSg7nRVeAhlIda+DGqgum7KAtvdcuv53FNHkTzw3ql1vgH6G5uSvp5zrP2jaxXoe+28M1wgxfKrcjCPWbmwCz1LfEqBPnReuv7ibUPQhNX5Zvmphun94CxksF5hVxgBliCUD1REr5zU4z5fr5dwpW8wYx4THIaSbHI2/oGmo2QH/UQ0fYpGPfae+s2jVpiD12wTF97cC3XeaUupyGkKPwV3o9QQ8XeVHurAzAPcuSVoZiep5b9rqsXFx8NiZNOH4oDeBcGGscBASu5iX9yereAtABV6M2mW0NqeNmrurtyk99B7GLb8tr+eWWBSWAMlHOPJfIfxcqil/+g9gSBARxcWuR3lZl0Gx3PK9Ennnrgabueg2y+2YaID8M13a/4/7U0NcDC1Irrnu5yVp5orX8/ZMXb4Np/EwHxGRli4uQueXZ6raxNOr9xKNMDUTi8GDk4PvPxpGqVwIGdwoXRe9YIcXu2MLmqH4nt+FmPoe+2mbZ8JV43l29lvrV3c9MAO1hFWKoYxi88TJENuFr5njjNNTQ/1+Mk0SvEp+6V4CubsRZueCvXIEU4D/HGGwvpVeHNKP+9ixX7TRmaRYkpR3TULatmWIFk223/mQGSLf+zJjV9tTe2O2Azy7zHqlfuMrft/sNh/PIOHGuAF7TdrrArPnicYcD9mlEwE1cgpUWEr5wgcr1HfZqO7jAk2deU8rdRvkIaLALWGrzsLv6LoXelttG1tvJ4aQk8QdsbRtq3glnoF5L5zq1fn2G0twafJgY3RkycMWP8mz3G6uBASeLSZDhI+HykxwGtAhH4zIA1Yy8MAkNuQItPUS8/uZdAIDbg88xNYmxfnB1z4K2Y2npc1VEOKl9uhJhJ7G0k9DvgXV0RdcFHoDl0OD7v7Im16K3/4eG/fe1nLNKYmgJgz+IcL71rOiIZvK44e4STzsCIKHKL+pl67N9R+phZ4hHAC8WTKNFg8NE1Swo4MfctYJhH0MT444Tp7P5WcbD2bgar+DDPdPeW0S9xyBd8Pbnq7t2ANZ9yhQM/RfFbxDm4UR6+outeek8gLty0/yFLsTTihVt77iQtprwN4ufnFrvOWjYvihjfxr8DWXKbHyYb+Yqb8lWB0zy3bcMd+Jvgm33APe6UW31UGEVgwVZnqgsJibABevFCwJKnCp2IqpcQ+nlHk+92NN8OTAwWSlT2SDQr0AmYNatQKagzRdSKS79L9vUzSuLfrTY/jqpr2jWDaMEG9z6U5p9xWr1zGcB7gmw3TyG/uU8imUwfwRwpEBZdOYDdXTLickytvbTmr39Bh1crY9uirpYekiwrShRtxnIub/VpXOlCkBQRAAjSLkFt8BWrKkHLhHfz5eJ3J7d55BQbpWFrJXz+e6Z9hi1nvg8y4nbVW9wVD4YUCzF6wKceK2rR0+NJrhnDbXrV49h8SWt7IF4PRqeyHgX4JFmryw5ky8TYDX/8hlh1C+lPN+mdCcJMJTDPf/liwziTrXYYW7pmWDAEnLfgz3TDsws81a6W3nDlKmPhdYX5yN2r9JCNHnFbOK1oyGI0ahw2NmW/jHqVNwK95hKWsHq+cijzgqNxMX3t7Zq36BzGktilj92A+RxGKgDwAFu0UQb2qtkVW3QMCnG1Fhnp5bQ81XKcymfbIEWH7iXAHjBfp/OrCP0fzCHIqgxWDtiSC/mICwh4cOjxNqhZeaa5VhMksWzXgPaK3Wz2vbsJoCRa/Snk15CCVfqMKvK7cJg2noVLZ1c59PyTAtzq4JAIM/xnPX77Rn9wf/lABqB7fMHbIJAsvQ0nRjAo6w2Gx4i7q3Ps25NYRkniY+WcoigGPd2WvLEs90bxFRaWotkOSLxeiMvIJEgjkgk8DQ4CT2jHBrnz2urJ0VcrjExiQ8mLE269VjwgGA1fzvTH+kLNJa1eh7fnrX3+IhVxNy0K9siBuXHKFOXCNNvd7y9lp4JiBX1+SeOLW+jD8LiTt8yfk6XVGoInh97R3I0EB/x/kUpCEFI99+lVptYWLjCt+1emT+ZA4a3lEa19pkwF3YGLnPU5sR8HRA1keYSAVqwzTqPNpFdnnDzo8fkxNpqQEIiHQRYlCTwjPDsAXsvbXsB9r9inyMHOxMyynaCIIClKcczGvibKQ2zeF6lRmok0Fy2Ze2x4z+3jHA3z0sUmECaAkZ2mQXiFqXDETnmqwGxmjZu6bHk/KHjNheZXBnmycg9n9wFT3r1M3KWvrVck6a5AUQ8wE5IiHSAD8YPjmHda+0WAJmde3svTtdZ9eBSfovSLnh7moEYaBLKNl9pEkllRdISpznqaxpI5Sezw+8KKwv4xILdic2QuAI5WI/iZr02ExXGDfEx0i1KePJCYGLhUn0PWtz1AJk8d2PrqtF6BEHPk56hlpdHRYhQwGsVA/LlYm+DXqvdscmb0ydYUed5rRVaCUIjNIG9dgxuF3+mjhG3rmE2Ie6M5YJ8EDaIFd/+3I7yX2vIBVJm6QLtOg45z6lnVDkPqDwrKWPa0ng46XyrYWbDFA66w8b/ghMtVFo3vNngeAQvlcNulu4C27HmIYUrM3eRlmNP1ymv4DRSNV3d7bzdlZw96KFu9cLx3dd6hl5ZFF/WHOUB2u4akNb1rIALvfeAxRoy96jQVymwGBU8V5/xNORCzS+2zHayhxIroHZ+NBQw9s9fvu9/JSABfQdS7IuNxJfiD/Nai481SdqUFNNumLZEkB/LlP09DOZfK/QW1/lXzPljx/P5OUongp7Q+QYNc0kT2pmq8C4I2EIWj/3DX38DwDcHtMxVtPR00/jbbpbsAlww9kjSeYioHhvqz1ZXeVarTzB6uXOL861MoxCXYZ/NVgZzxbEv0s/YthQS7UCyCWJ15qhuLK+1ar2G0pzPWHsUqF9tp7vT4E2F1HXj4oXyWsSNxQfPHVLVyjXrJbX0j6wXu8kRRcv/Bb7ze9yQT3mdZW7m5pAmaiQkgafSnHSe++41BCKNyxu/32jrr79L2arc6rxleJpt68vB3XMRauYBA4lJRq+kt0jP6EsMRkO7qSmz7gpnfAxxyqfZ3WJW6HdKg1mophewIA8frftvQ7/GPHxVQiqiCctt06+I4pOFFhmxc04uFIvYey2S6YfMvj+nCt1e3ZgqfH/8CsTQcsc9umN0NTThQBeiPG/l4VQ6yXZh9Pi1mAGax2Llym3W2f9CW1fvF17tTd5RxJOLLlUVZD8SvTqAdesLupYTqrLrYHF3RGPlWfEfrO4QJLVflTbKs/4vzX797xvw9ZlyMDB7DNEdjggZ+hIRvhCm8x974v++Nuc3RsktXNLTglTe+y+r3xNDUpT591VZb8Of/9V+3f/8JS9TzuR/3v129j9urkv9dvPrNGw25IGLRrJgvbIC0Z0vPtYuu3f/wqJrx1Q9L+rJLbcpQYxxDUR3JB5sOEm8rvwcrTBg27RwJon1EZTNv36A6V/ovBHyhJ9iU8PZsvbk5SOyqqs/42pYLrstrPjVH8Yqi8vSj4TqdWPezTGjjc1ZEYZM/1EvS4vsrBZZ7qPGjvxI65FAFqaPJXRU3BFeVKujaeiL61LnP99LOscyLrXF1AaJD4J4BKuBsSZyNtW8oPE42o6xElyAcCQVfqXsHI0b3Z85DglhS5x0dwyZ847Jrk5A1S1l/erPQI/z2HqQPNPkqQXIqOCnQHbP5YmMlxWs9ip+rlVDcTU1gBReTjnmPEmHeV+TF0HTxIb2WNMwhd4xDB47EUBZWsCIty3jS5ZuRXTLwZb/DAONRRmzulL9TnFMJEdDrYncKfOYLc1z0uPbilYHTtG//T22uqv7A6pdfoKQwOej4ewek5tWkLns49ZEtXT9QQtTyyb3BFWVzS6OIrUDg2iXGrQ80z9CFl8+fK4lxHXRUaQx+NN+e3gFWjBSJBNgPWzJOY499i6CiJ7qbEQjlFbmZtLk1oa5/WOhN6Z3FAVlGS86OGYw3PvYgTTvrjdvuy/76tceIzFHqi8Nk84OXKHKwQ78mrPcwQ0pHvK3OqhZ+bYltCd0pTgSWJwN1wOcgtpgAjw6c88viKPiXWTq2QKVRf727yu7+2Nl7jiZglQrouRy6GTbleDAFGdKvOqCG71jK/aji+JU0j13L8VEVS8vcLisVSTWLozVXgki1Mj6pqBqvsQFFd/XNNxGO7N8a+LGIkw7xDqGRCKt6D/34mWa6BdK7UVW+zRIXo5x1+SZSV0ExJE+W0ilLvWLJy8Xwe7Zg04ojPwOsUE50zlzcPxk1qbe1bd//klCb+wtNlXLK6p67metbh4bEeZXebJ4bx4kJ5eoNltGGJSDhbyCJekE7rN5cWy9p6yVC2tp5fBYKt26a6aVexhzzVFMbZQJWH44/gdm14cY0OO4TysbyF+SF7EyAQkizLvoOB3x/PufoEiJVy8a7oVPSOhkBeh9qyu/ojY248S3ie08a2bxxrJDe4P5ZeaAxrr8iWfPRAk6/r92p0UmgQxrZagBFSbqO4qTwfHweN62Ip6ydPJ0Srfgsz7ga/AgZlz9MNoxMKVcJJxQ2ZQzN1PYojgRdN98Kaz2rRxs2Md6k1Wz58q+kKTW9ZzyCjmY66vOf89BsRatBi/6ka4zIIXek9PD/Bj70K42fNSoWbdfdzL1pMX+5seuxqbsCr8U1AwAhZqyEW/3jDRTA3tz70p+W2ianwAroxH5M8S9uRpAvH2fgxeQbrNpxHyNIBvxEKPTXf/5JyW15Bhky2uubWrebM8/mHgNbl1c8SWNTBfIqzkX6LUbi4TRgGtysFK7tK0tmB8T8kEO9yha9X7PV/bLSMCtWs7UghyN4fR78dqm4QKPUSfjRzNKk07rkkXGr3HAP8ydxmmIOjBtEfRd/ZjHBLFPZXV4Uk1tAsVLFu++hPggz3TdXlexsTeG8if3y7Cp49Yi0bQBkaQGZ7qtI4Ca79akYSgGi62OEN1wMqJRrLOPnAxP3l7k6OX+rWxqL4jDQYL+q57f3x6NUegNiYOObnKy5t0O1p19sV1VeSRDkf4ZpBSMcTQp358D5AleATmTZn3nxpe+rs9Kl8oTE4U+GSoH9Aun1AWmgP2dy8gaynBNMRA39m1iXRp3KKhQ33Eyhh1Xwu2a4tgme9YYZs3VR0fY7rghcktBlUw2x41p9t2KcbAjOqa5Lb+ahUT9E0aF5yjjDDTyDbaZ/SCWoSDD76ReefFkwMTDz+f0nVLKKWnOfSXiUkMGWb/mUotjxoaN8ApOY7Zrrp8/ZXqOwe7fUSTyjboGKasdpHqdb469xil5q1x+yMi2McdEFg8zPheM+GSRblWQVRuGVAxFblWFdfBmXlifrpnHb8CeHKtp/mXsoUmpFdKU5kZRcBHRHXBvwfQ4++XSU4LHyMvcjOsXRfg1xk3xyv7ech7qAwyP/gTAjWqm6bnWpr6GPpX51q8uRt9fSKnrX3f89OCXytBvH9wqf3ntHtM0umOlg9D8T6Pfd62+P5uOkflLl9u88xt0vl1/pjz5z5tVxCRKOvavfwuP/NsPfD2laht56SIN/F79t/Pv9jf9Tl8EeiAc/+CufEGn6E04q9RmndgBCrTGI9OEyYWTzhEB6qMhcQt5m9eCP/S9lzbO64ok58cfCvMixd5vRs++TTjEmFdJ1CYWmlkOIB0ZqWGLbw7bVr5/J9hf9mrtE72PvkXoTz2Im0pRg8hIFi/at72o5XVMj6JaRYccTKCg/e3ZlUKdH4Osj5RNeJZvXflj1Nff8CATGI+Z/lqFdVJKPDz/lA201pbCr66DJ1pW22q7yS3LHQXYWgOUaHVlBNDAQ564PsMvxVnwL0hDQ/ABWJKqkjP8J5dbG4iCR6MxVk1z1AHxZpJDjt3T6vBhH9ETjJ+iGkv/esv8TFsWvRuWxtVovaiW9I5VHoosXYtmo/f32FY0Nlqp63VHi1K2bD3vEwvEYHA3yoPqPpGhVpyUn0uIH7Moz4en0yXDlME6eWZU2dLxcds0Yp8Yax7oR0YZtrqNd2RY9xb7qbucRPtFjNXxj6RbO4Juet93VlFEB4+ggie1gpKsWQ96wLdVOhRI5/ZKvqEl7sP/ROJQewhSl2VWWJGPS6Orj8MGgcCgMihJyOIb/on1OV93LFuZ11xX21YUJkhr6Ep/F4+Ou4Y+J1DQI9eIwkDVfZWMX9kHxL+ruqSUi6+7xeP52LVg/+lY9B0yHY77qMNDH8dC8p8lTTMbHEkFM90/GXiEt/hUuMtaEXKi1nExKh4pzrgCWpT/OeDZ+MfDgNrT8g0NYWghdO1zEL8C1F+ALsx5sjbnuJB/T764TK3zdTwJ91lXE4Bl+Pactp8YGx7utyc7pyLOyDO/Vkfz6ubq4+WFAJHy4GSyYo5dS99zRlwSW0LwvFnxwqXYPaWbwz62vYjusru2JAO5xmRxwh8DGG248ygKAHMQyIL2uNA5/yDI81KLUQiMC2AmyMi8sND59DEGPoKe45mi5MB/88YPoPvMmm6ITiTRLyMtK1KnsHA0IC5MTT0/Xwut7GvQ9Ayv5Sv58HlHkWM6w2NKsq2oRZJj5q62Vsv4f48a3R0doWIZW8S7+nYsBRY1egKVeH680LvFaW9aUL9FgRrlzxBrLXa+1gPtrJSW18lZT3hQklFI8PBN2y8wSJWMRuxAE2bwqgH1iM1ByG8MrWP4321+Bu/2L+GmZfPfo48tb3nvmBO5HwIi3rHhoAh2Y8PKZs1rrCETeOAbn6R4ZSUpcUuWbAfmDjgljN7neH5r0F8mf//G9nEe8TEqRfSoSfwxhv4bGduamOhc4wL+j0pT/4FwTSyK0PCaY3g+0JqzWuQL5bg/I6PrMLDE3UCxDxnqrmGl88n/BbL625uVN74T0+dLoTPjTvBPAEve9LKMWaCOGdl0cX4JD4+6AVAUeLasLezGdShPvCq4HLMMNArbrpEm3+1JTk6IqXhUG9aTYT1DuEHgm9d5rA1gZvA9IPq+xVQ1tGbi8IQk37omhpse6ph2MUjB0gax7Idsp7RwMQjPRDedepCXMkSf0BDnOXq1nL0vJ7DD5eQMrKJiL1F8znqg7kGl9qh3qH6OwTb+9ZzxDY+a04GhCP/7UE/USnDi2T1aAMmm69qTNVrUI57KwYoX/HWNBDEJg1rp7UIu5iBs+iZRLGRhXl9Zejhve26yEVyYPR2GpPvJrz7n7LPv+nbwaT/qV7uz769XYk366zxLD0DG5Jl9cVMrIUl5mLkrD+0yok6HH84pTBWd1k7N+2C4pTB79FixTIF5XgPZ5VZkZTO3bE0wV376zqzhn0IVeqvS812sUS5HXI+YazzwwgTp11X7PtTtLK7Lr+XJu8VYaNyFp/MWHeWZSyaGeg6Kvq3CBj2PbLqYmNhtPTB2qe8ea/SUEzfKvngswC+lu+RjvCx+TtKG27SW1uPfm1HlsZKyA9gE7h/dk1U31a3fRytFH9hF7j6LCr7hRXeMScTHV1h55NMd42WtYpF0/RvpbSXEgmhr0ydgZ1l8tXFNdgtpxZYPkAvavnguH2xQkIVs5GZgY/p+Y/0lx/L/DjxdDoa4AKhy7Wzddu7Dvompvhoz7xQUhXs42jr/Pqe0DCzAAJYoLmuB0OfwqU5Gw+ydDre8z2js4fAUHAhZ5LPY8liwSIT/354cIWu1o4C3Hqqrzth7m7fpCsL+FJg8fFbWatS+MCqKLiQlbyQyIL+UgnGPNSgfoxsWzkxE0GHrqpbzu51WFRgquFzfPsducBj+iSzp+54QnV9/JOSUPPOzvvMxxqCNsxqgw2pc1PxL0FuLHJ895BUAvoy4103HsrFreGNXNDfu43sdHs8UQKzLfg0wTjsAx1w1Sr7B10S878jZeuYHcgCLUDXprwpRR/NNZa0K1RQ6WO+r7z307VTc1Mt9ysJUIizMmx8AdpdcBiZrZOSf+si9XbPhehYpT7cfxZPA6mBWB9DL+aiNM+Smq3ggcp5gtCtbMvy/DnQYUxitI0wZc3dD7WM1xuY7uxCJP0HZe6g+Isuyu7VBVRbIYhik2CM/8ufm35OKD8laNVfBvIoPF3jhg7rwsEh8v+stS+pp39rayfzmLlhJDZuNmKsouL2Goj9fFP3f5Zf/Kzfzjq7y0NQgab8yEw778+bGPIbvKt1o+YJcHg/jLdTVnT/CUZrmxgaugu5VkcG6giGpwAw4M8EqBjlKKK+NG8hNMNZ7An/D2H7wbMM3wlV0/R4qd9d+U88gEqm4LF0Uv5zeNPIi0bB408qVHRshjWhOk7XePgHji5sDLYByVonCMi5m26fBt4EV0zA5744TDoeeIDedt9on1cGij/nygDliy6FgET1iQdryrbvq/2ANdwBTc4XdYSDHJmD2yDP0p0GH4hWk9ko7jc6tfglD+3egN3vqxTykkxoX8nOeuB3BlzeqBTTESZzpGa3YZDYn0rt27VE//6jmYqDzuRWbc6YGclfjwHu6qdcQacN7saOTlvdGJkB0b0pj0tsCFYwRC0kmHnh+oSMpF2AQ1zf1DViBumggRsCAxD5Acb9FJOb3HzNdpaNUtfs4iNt5U7NVNiJ1m6AtcrTQ6zdiQ0iY7e8k1QWRPzsfctYYWfnStw//pjayzhN/KiGz2DwfXajUSTu8nDQ/RmS1VzuznnU6fqxX3FHEyzSwyXBoE7j6/iL5efzGuCzmYEKIL5QqBwu82A1UmIhU05fZIo1dS7nqX6dSPKaqVh3y65Xw3rbUSIv9hY9O4bj9cacsXri3KRKxV6KGdymlkzMYbccheHTl4ZE5xLm8+s+J5X6dqBkG6R49trEpKTamMW3Q2Bli0wVapTqeb9TILpzbVitN6UGFXi510oWHgIbc62tn9HWMhQCkhRcuVC+8CBUw3jE8fbXWKCf/u2B+8Rowv/dViki3MNwPVSlqOMd9X1ytLe0ySlrZcfV14SGpMATL9cPqrkFdOKGgU6EX099Hgj2JWyfs/vxxjoGlFslo+A0LCxeqAeZb+jSJfaj0Ut8eiwOrcqhnkQhcDCNpjYT+9aM76NbIM92nuxLxIblXQsdXv+XRER4RVvvZ2dnr5C3HrOwu5VFAzX7mdWurM0omNzx/XqDWJBOQ0Bk9EYvwXJZtxflYX7Cq+J3s2TQDpAENYa1X5WSCoqW8NYAy038szBUQ5QGMJZMdwS3nMK8h1I29xSf9S+b+wRye/jqlY0/Exw6/9EspT/ZtgAZtLwrrfI9ZD7X4uWC72XT2fXrPr4EY/oZPRTLUojPULw+HUaZribz174fr2mOPQyI2Wmg8RscBErBFp6ai0Gp5zjXazNCAmBBpl2w5e+fGcNfvKd2Gn8j/YMZdCI9h7OPMqXg2OV7k9jX1v/JLUeLogewCMe6GStjn92ER2taBVtTgOtywGrNERoN2mP1HMttF8AVpvTay4g8u/6mqzO9UcYKaiBCNHDlxjNLHLV4XAG+P9tVFx+ajDLPyeK5XDijmzO0u/Ilhjt10ZRhVM7sSgggSevT9UcXys1a2BpmzT5OdKtp6nkfLWkmTTqHPFVaeaPxAcHZBR0g+TGRxATkubDihFZ6kUtPyXI2DPLO14pv0fPNdg65dKbLf94u+XTt/+3/45tmg1V3OrGTkmbwupLaCVQ62xAWQ2HP5ADfMbRTUf6qIA8gzmgtwmYZmC6kSulD3ODp48CbAZGasBiXB76LQBBFr3a2+t9yUlf6VoNKGKxKTpFc1EH3xqecuRVzJr8mRY+tXejb9Bwfdy/KtZYVQC8PKEJq1h6qC1SsKK3bl1RjWy1DJ7FYrSKkCclXRhdG4mLjz01sht13sDDTVWlZ17Gd3FG6L3d0+nzHiNnjbaGwxgNrmsUeutvgFAkCWUZ9gakLlpxXikB4919wNayv/1/eVm70eNmoJyYVEiGp/4V82H7D9rFG9cmVT7+pjK+Rg16Jb42UTHnQ49sTvsqIeAQdn2Ukbx/2X72XZ9X19MY9Tz+5Q/lVs0vKaGwIWkbTrdaag34R26A/UXACKzkSzzuRB3UCbqrhBB2jP7/XrZTRGIaMBzi5BLXVzTZgt3UIXXfDzheJsO1yfcrV7ioFpHn383D0Cn1y+lhp7/e96JaO0VobaRNDKx5ed2zv3Ie9tiEtglnPiNB/Ow/SNV4HzXK0I7ilKKqccptij1cYGeane5NHTr+BYHTLGkSHPXMHA0GOa40bCDozei+3j92o85huP59s9hp06ze7BmLyrB4DpX22ijoddAAgVj3GVxcciV5LmzUfJyhqrM/hSc/o7SPaW+KWgTCcbT6uX4IoZqved72Dfe9F1ql74J5bVhZd+mNJgIpxTUGmt7Dr3RkZju5r5u32qyle6FRow5vfR3gk6/RUtkjqNvC6hU5uYhTd8IqORc2pvNu98dMhTKECdLN5mx6xNHTW8PJ5vfBKnmOnfAJJGv+98vH4NL787/pgHBRBrHxR6qaaTX7zluhXeYs5HFk/mmz8S+aR0T2KJQaewELwcLCkzOUIQ07IvGWAcATZvo2HWqPM1OZj3E5hyzb5ZwNiG2MQWUwOHtbSP5CAIwoJvuxtl38H5qR9okBTTio9ttWG5yBGqADbx0NXPvBxotQxbOgKgw4OR+KM2pbEL8wDDmT+SodrHNcfDLSX/VD2dilpkJt1YD+BQTSipPMs+ByCij92frBKCBICayFjLMOz7jmc4DLj7OQZ1ccA73BaowuJ4f5xM09sPREA8GsbKwWxKRDfErF9ic+i5QGemit/9EYcc7om+AUtYCSclfvQ6Ycsa3tINiMCx0kb9gMRIeIscrO4qAaEODMZVR2frDq8N9290YuRgoZZklKuzA9APALXs1RJa0zriDp6bK/4ZqxsRqkweDQxM6cbx8jZnRu81/AeWMldiPuL1QAQ495nRJN+ySKkFZHNaS98GTUNVQZrgJxAGvzdfpGufds3RaUHFI6UbeTpDwEhmNvasRdL++6ZZpVFrQqQOxjW8VIM4FV36Zzb+HWvJXWWuZJ7SRDjqhxP7U652q3y0HogWu59H6TP6YsK0/RyKxYAApVTdGCE7CpOn0H6DaLRHAhxYrdApW+kEuWOmFQPlpQ8MFPDgGrWk/KnnC7th5BlCjl0V/kFZGCh+be1XvsvB8FuhiRMxM+/W3jQOfA9JZeuqOcUIiRvuPPo91+abTg178H0f0C8fMKuOdHQNeo09bv6/Scv//83/L2+mSNFN1t73gqwFR5ELuogNitOKNkaIa3/kjry92nAOlPIqsRf7pIl1KHP6Dwv/pCj61f0/RdA/GMBY1Gt9c2bVFyrf/nP39fVtXluVz4+mi59kuoQdO3rJ45KnxysE6P6eK5O3t+vt8bwQ8rXCJcrkH3+dxbPdfzUz6oqyl//n3ZfL//zrIajDEZm/rMZCVe6vpujTv75J4W8XKlXmL4ep/6eGTElki0oEtCRBy4chnkMmutaLchkCbkwSCVykl0GGhU31LfU1ljb1cVnQ9Fs1fBLP0Vxp7XPrtnwbuQ4rWSA3i8cpoKO1S+NDefzYZR3oyvgk5aM67ZwMvosR3LwSkZiMXLTznX4/Yrc2uNLRb0v6YpfAnWf3IISU1ZHRW5LLJRKW1r0MQovMAkt4Mc/+YZKm9pTSmv2O+vn7wgXO27wCK7grcy3YAUa5XG9EqlGTgYzG1q3f5vMl6vuq5wp+LVevaEYuE11xYPFyJnx7CiFBbPRC8AYsqY2AoxE8qnLknrVHbtjzLTRRzReiJ/lWts3+rPjF5SBFexwOiMyRbFQkJeJl5AQ4SZTG/wTEqVY8Me6RExD5rCZzz8BIrddr8pkpS3DEy4GDsWHXPkeyox7nd2czfdQoPrgjOCPo/k8M82ap4+mKmJfY2k7CWGsnbpcVJLGGOlMPD/7kS2hO0HomJiLF4MVnpYMBLrzyw9Nr0wLrfc+RCNMWgevplkyTkR8lu55IhgyReedocC27Gpx2cI8UiNmuLeWyzMu3xruahWKwWVsF/aZaUK9hIIE93k0DN2mt6404taUbRZ+KbRz+mTo2fGtid+wQ7pbE6IEFlx+aYbouwOFl8GclcuzH3viZ7Iajxxtr12ZQqfIj6I7Ze0btZAoWHyG5bC38odCNE+2SS+WCPA6ifSX6Rfne36jLFwbhrKIyl4JQAr4dUnZDPU3Nr20r5E3GrliPx8ZFI4Gm4cn0ZOOufFJhgZ8TxuEe6+ZRYtU8SbUsMo15f2BtmNkb3wD8p/jKNZkFGki89/a/cGjqz5aHU2F+aFW2ok+Lhd94xLbrgdw8mnSfoMtrqhKrJl/0Zh6WoWGYUUsnDD0KxhvJiMX9Iq5Vfr4tZw/dxSCw7D1xDRJ1Rj8Cus9RBaKVUoh4ZZ4EJFokXEV74kVNc4d23U8+Xy0cD0lZFUg1BUt4/Pj26PcG6wuITQxZpoWYX1twrOHoGXK8rYxt4pbXR04XZXimR3zrMQ4/YtUJQUhzwiYz3Y6jm5sTQJ4pkYGNSX5BHc1LfOV7vQGn1ldcpg7bEJ9lGjdLZZksLGzpQboX+4/PB5Zq5Hp9rlvHhucsezVLnrWuneNE/fPfOcjoM2iNcEAuz9CeTvMEXhzsT/+cCz2Bi1x9sOXqQ0g5H76oGNIioXW1neEWDRpiplzvPQVIxRpUzBXsyXareG5oN/rGKIna33HP+VzHPrXHEpQgGHO79OLZRR0ZDcTiDCg2emwol3Tmczy/d8v+Qn0VDdkZCEH0hF96b3zzSVqazMKjQUK0DJ56Iy9r7lvx+f4ovmfaKhV7TomAWuO7IMWUwVXQr06zKoBeXwZ1Wl7Dst0qWq8ITmwOdjZXVrn4ZBXJ7H6z7I6dxN1t9ReF06eVyd5fgYVSKL5/LHev662nA9X3zyTy0NQS5R9FMxdHXt81W1uJ+c/fV+JykckHGIedngNZfdonCYAEEq+T35FNW5EY7urJ+AfPnCbuvVgUVM03/j+4ec+wpra2XXQCioooCxvSVRaiICC9BmIDFQVFpAeWIoQWkJIAiYEsGxaKitKbIh2CECGQ0GxEaQk1QAi4DCWUBIEQOpzp+77fgrX3r/2d79rXdQ6/uCZzjvGMp9z3/Yw5Jh9bwPLxaSB2P2ulWy+O5t9/zHDR8BDdE/ZDbc1pL7W06aCmn8ItoigKnj3Of3Kmc7wt7CWMXyyh3AfPtTN3EnlgldExgNhSKPFP4Pnl7tWR+QgDSF2zDRe0GPSF9zRrLHfL7d9jGbninNUO1/UD4qPHRo1X9+HW1saxy9p9v+rK+wFL33ZCZltjQPz7He9bO6zyf4D+Psz3NmWg9Ij5W7KcIivsdh2Ba4yoYZhL9DdNvUG6b2qaasNe97loxH2Fmr8zGjGNqdizy591qwvxb6g99R/24I8MTS5efPxvnkH9J/DA8nRu3RqHt9KO/De7HPsPEVVWTZUMmKJXeBKDa68R62Cw7kzPFPv8G4mv/Cchbwf94o0sihVjghlp1Wj6rzLoF/x7CNPVOX/QwfKQcDQ6vLcC9tu/au/M3v+XlPXvn/+rLPn/jSl7nIAlsMxi5Uxb6GDWTf8BQl+X1YTa+tj6qisH7tNLf1x+pnPx88SPXmniymFPPXT1MnJXarprBQfMWFjN2kFO8bDjhHdT+cun1U4MDs0gmwsSR6/BbjrkssEo35vBuhbPQAxNX4gKkre6kY91L9iYnuhvKsB+ZOmhr7k3TocnmdTZvSdN4fMiSJTv113X/1pnYKAGZbkIzTlEdOQM8uk5+6kF0EZ7N/ETMbzbRfWcrJrSKV2fctWqZnli9JJ+UdGnlWMh+azPn/ZzStNUjB1v3lwURQmwUckG4ZCn2fy5fMG/p+6vhWzJJOCDZPV2DnoYagVSkwSiO8dOEV7BAMNcR6eKTpS4EMTQDTCc/dD1lyBNh9f/INEOFbuDvtaRcIO9VFTOd9xC2sVQXTA8//YNedutbCzLZiM+foMgtZ7QZgzfo/CXf8PF3Bs4BMAmWIEnxkWq0aulB/7A796H4zZq0YmLekI65NSnulJOGaShGcRLS6os4xbpc5Bs8U5oyF9jidbOSb3/NPwxTIgmTkltuWeGGVJX0EqGaF2X/NBxPrP7VGCP35DvpIgFNSeODAR/NiSn+uy2N3+k4ZbOHFIQdsxNKO3z9DV/vKYT2piWF1LB7Ki+FhAx6xcjwA5IGpb1Z5IAXruI84X9lHdtr52eGVgaXYQtFkMwDeJZymEtirGHp3qBYG771kzK/27Q86j+g7h0XbDLa57mGfhKyX851DF6xSPqwOIYiXURINWSLnS/hO9u5z/x48DT7sgdybETE7+O8fHWFXZWNmjmsLnhNbIWAuxe9/jh5twX9wcUAabOyOcjHTIMFZDugo5FRBmFdLWAy0oNjbn29IJ6ufrl/RsZj5epFgy2q0ClAMH0oEl5hjQhkbA/k5C9y3pvdm8VQyXXLrdP8ZqCW/L+zFle9rmpbuutbC8DAEJuJpX3Xce5uIYvonQBWfNvzxUuZJg7iECJJhxEc8FExy4T4czZ41/p6OX2TeHlNoLhHWtK9Go0drc7FpIC8KyRjLnA1iyNRmcfixBFpE8XIxGqt5jdXh1wJA7grV6z8yAbgewDT3DQdtEDZGOh+Ei/sM4HCQr0yDwEnVgl6NZj6JFqF3LX4LwEDk96VV1aY7l5fZOHAdnFNvytyZ5QpggN1lmWY0PUFs5UME4WYBvWaGQ4KvVvzZzQ7vtsg6vN8MhanMvKFqExNSekiKJQc6qzEMINNVcR8MbKyQDZ3G1PaEIYwZ0YWkoQTDLoXr/UaA5yU1mGeIr98rmt/mya+NZWnBf7ZtZz01aYN2B4t6kKM7EIqmi/5m6lrG8Wh+kaAMz80clgy0P33iJKHBeqhDMZagH96COSgaB09vf7DZcO8+jVV03QdXX8U/IoVy7yjnXg1goB8hKt6n2fOfPTKwuVZWcVQFaMxecwN7uYFi5Iu3YhpqGw6aLZO824rOfhrekOaqSmtw0qhPS532BjbI1Vh1h7V7dTbL96VGWqi27DHU2LZHFOqgvd2qr7CBmLXI2ah3RfwhO5Hi1qhOpcxK6h9iflpD04vNY3d2c7GPaS7d0+2KMw1GL02Dh6SYdnqtYUzaGr1u7eQF19zM7NWCqT/D+HyTH1oN4ocYkIlt24zt+LCw+cHm9j5c7NgV6uoc7xVsqMLlZzv2U3P6WNVLUXw5JSF78Q9HrXwG7J158Rn5P9InDtlyLB4CV3brBHqD7fQcCwLBFEc1k/kl2JafdneG3xhR9G+z50+2Q7kstqnbhNnxyUwScZqVmCwRh3YVL5EIrx7M+NMeQesXZD9SSoA81HH099BmVmMQNEX/yJUuB9tvW5mp+6f22HUmKmr+6C0E9ueKWezmGDePAbhBdADGYCwZdq+RK4ChvDYqdbaT5+Rq3Zq6nYnX/f/XO/kQ1gWMipIIKNR7G8uya4YE3i7P7ntEeRMecQFBsfOT0jeIbv47abJcdIMsgERinpRb1B1+Q1aYZ+lcWuFI91tS6ptIQfFW2qwv4JhbqtMc7SDJcwa5gIf22fQa2Ta4t1EuS5/pXaltNttW0bwSoZEFCB0i/BP0Nms6LMiSalaWS4Y/DySc8t1xU+SX2g9RDLb9VrfypCrEh5RGfBiaIE1N5WZ19G9vIxs5hJr5bbVoytmUE/D74WziRo/CjWsDzqyRJ5n2WOmYg7PlC5Xaxa7if9vU3g4OShTUlhbB8iieOKGJvnaB15DQalNcdAL8eRlTnt5Wu+W3+pk++YTyokG6u+daQEPV4MnrtHafPo8tOo6es5amvUeSkIstqdq1LFVHwrX1Tilf9ZMG/vZsUgVwQCcTk6YOgy2II/fq0nnEnhweO/tpwydCvQeZNR/tI/QSimCqbSlXwv+FwyOIPMOBfsT552W8faG31+PIqUE6JxRtvPYRJrc7L3kCmuWz8bs5zLvoa8N/2ZPLgRYKFSH4AU38YRpFlcoIEomna4LXv8CzgH6hvPuxkeJeif5N1iHJJgBVOfSCkP9ZfBpR8QLGM+LrHDDZhcXv7tjqxFNnM68caWTJ/s0aXE97tC5Dfy9hBqF9RcOVh5GKmQZoBNWou6MtYABPOdk/0SvFvueUTpmOE1Orbv8o/zLhbvYhM0ugyxMVj6jw9VdhCap/Fqt5YQzWGvoWmBuYwQrc205EwK1frRyp8LhvEXbdExQDDscLEicSJo20YCIhk6AARrGYYaG80/a6nATvLqFI1t7R5EqLq5fT01rqKViby/on2zCPkQSd59cJssuZxfJNPPaVf0mcjV6LMuKG9911TcbRMsW5WTOvub+BvZa1UMu9drjlgdi2xGodGD1HUhMfJG6Ys1ygnSlufA6j32eWfn6Olo+EZOjq1tycyK4pLFMjyeft8gWODSvBKAnZ5s+aWam1Q3EAeI70/YjEf1Zv8HchL0c0a6qwl6RdsFLL3oUwwzXZeatVBTarXlDKjM57KM8yvaBkyqQssD3vdkS4+SZg0MMLWXMa3G6voqM2qj+xkjDwdaX5KMelSrFTlJUvPRDaGq5fTIUth9REzX+2G7jJcVbvjZ7kDQ8CVu8RnL4/F+84mdShqurKIKg/jIjfXJ3YXY4PA7mqQQ/QeLRKXPREf+FgSioHJ7ks7Bvpy0P1nsipbHZ8+/jwliznqTqcKZZH5ypJ/0j/QJi0Kn+OdLzEB3ufMDtYkuAx90iSt5CPXs91qVzv7YE536LVL6fqq9WhUEK27tnhOtlLdOo3o7l+C0MNS8bqDcMbTLvO5i4YZXQg+BANx6xSN63O8aXO90EjGiT3yPLPzgbH4YDWyRBw6pY5g1R55AwMriS6FdlKVa3ssQa3p3MRP47zoXOzv9Ga0PiCbfpHzwE293S/uzjnTyv7LpBkX3i+EZz2WGGvTc3QD0krPoMomlvjXTKeuPjYjc0fmF/dMzCFtGy/cRXQF2zzDfCgMBIDkWJToLfGQWIcK5Xq3FuIJ+pJblVJB33RgjgcecEcu9rK7UURFUwaktuRQoCqX/DE79Q3S/hcZsYzGj0tGR2quofcCcWiULAxzdN/hoIXlSFYCs7iNH8W7f0vBJ1WjPm+sYC1oycLn6UZdIuOMv+kK+PLoHv9iKnwl+9eeIVEhrWKvwLYUwyRIpnnOSC7d9afSl9zO06PUQ86hpMuEgg3y3NgClZ5kV/mVGrdP+pyfWoaIpRfYIwcnfDzaATCA90T1a7ER03q8RygBVWYL7CTo6AS5EY6ot6nq0o7yiWdZJiCIj/CWT3KsZZQeL08OXe1W/R4PwNIy+yzweYuWApR0xSidmtapaKs23qKv9vZTvlZNaAOTVWS+fZn23s5EMqqiC2UmNuEcGKWp6DgpvJTX9WGeL+7dfM4tUA6R+3BavbQ72Smu3Nin3yPQ5FuaODuvmZOq8gZmmXXbqPt7l1lKxE+p/fO+4yi8tavAK5xtNbTCXbG8ZhtHtTzwOyD8xdrfVgJOtHREyOBE4XqBDv9m+aBPT5C8aYVdKX5IZfzetJ9p7+Ohe+q0mUE1nKAZTCnLlhUYe0/3KlVFpcEszh40o6FtjdkOpts6WFhc6Jt+BSooSFa8fHF9VHFl4fJRLmxBgc89qalRdBgy3yQv1ZqHHvGlh+TAAbQEqST21Jg0AovaR9OwmZvkSQrrYqbStHbLPYi93t81EMn1vbBEqpyahFWvciAbQyYWNqT4ma3sOKaGKRWiIZxqCLrH79Y5tyw/KYyBSl0K7AV5DY/8GcmArRgGezUwWoQvhc2VBWICd/L1I0W3iXX7Ms1PU5KtyQc+YVUOpbiU12zLJNO/uEph3LOErG56wRXGYMxAqYRs/DDYDF5E/Hf8K1Q2rxiOlE3y4RtKC3Fa/416wazNtBHx8QImnq2OqSqFPqllKkIkgMtVnaybLazy9hWvvwAxTFK3Zh8OH9MdtoATFc12A7XUeMA8ttSXCRKB0m+kGgNfTnrQLChKL37Xxu7lthBzY/EEcd7d2Shinj4GKDnSZPyZmbhZHqUQ412e7OyQ0HsThiWSdgUkX4o6oiYqHweS3GDgEgJmOH7AiHyUge+ESLjLufMnH32I7PDkBEB/WLkGamy2mSBe2fvIPfn+CIA15/9VLgw0c9ecogTVqYEVV19qffGE4SjUmG+V2P1k5RpAKptDXdI9w0tzk3VdJt1vchj0DMjWIhg1HGKhaWNKA778a7zbNozrmTqBqPrSIOoG+TNxOvo/ddUBdtUkK3er9ocqC9+2QP9HfJ5bs/PRByJuPITV1Dq7Vwg/8rwgYelzPeK52wbljdk65WCIOH3uhpT+2I8/KmXQKMJR/Y5xQKsibvE8Xol09A5mXXe/b4A19EbJwppabodkOLWziheFHod2XvCfTlz342oZwP31z9pG6cqzuZ4dtk+3UsJd9ph/7mdoe5oUdTRzjEu4jDAgyBBf5Z2NN1h+YyjCH+KrTpGFm3wRWXqxteI4CUmwpS7DJK9g9ZaKsRGGo1uCvaZFbD8k7f6OaXJmwugLJ6nOh34iWpT8+xzcMyZdk97mYNl5YW/qSMVFKOj7sUiUbe6nm7Byqc2eljZv03yZXUvlXBKS+6yIVR7NsiU0baSF2H9C+fcmSqg62hnaUDSm9QNoBFTIf+aWkkXNLWT6bnoj8b2v4SSVgdehHF8jDE792r+hpjaAUR1B+7Z5OhgXyjWPaUY/jK5hSJchK6cmy6Gnrzz4ps96OxBRYTYCUClzC/Bv9lF3P2KI7hjlT5meeWrOTSBAuKKTLM672cSo/5Op1d1Mnx2L13picnR89QFkh3rlFmkVoPS6UKqmuW/yDG15LX5L7+il6UDTSBaOH8rHb8bdxfh4Z+zMVukJY2vAtW4iiA+eEDQ3hKwEsF4MFPrm//uBgNXo1IEUbPvIiRBRKeeX8xM5Mv9IlzufB5dhzOX+wOmc4nKI/uendd26nXMCoYknmsO0mdnZyq+GNy4FMHYe6OzefcT9WOEUYTVTLHvPYI0af1PvEOWG64W9lZhbAK+8EePF9n/1yi8aQE3TbSDwg28v2W+ltgFmuo7rrSWq/pFbWQJhgJTOBkVRfKRyjGIwhKOUxB9G1pQU+kSlbWxj6dKx2n7aH0mAafXWRcU83smTK6tDGPE8gL4HgW7umfgewxffkDAEI5t7Nj8ukgNzRhHktIG160CjV5eVgbSHAC/59a53/AVyMUTrVsrrFAktwDtcbiY8/OphmJxpu5HpRL+Xk38P2W0WKQOHlTL7u6ZrFq0evgfUcZLRsLnOS4eNczrUXovVqwfdodPg2f2C9OtVDshDtcUmSLO5oFdASkVQlPG9UG+npSmsR6vruBllFv8y7KZ2bCmFsb5MzL8mNF2p96GonmBDwI8z95oxGlzEFzdS0k6K/jpZkzkyWWTWjqnWQ6OdJrTtrE06MHMS1+uyP5Ko5wrQ4lyYE8Zw5kVgOMruc1b2fIXtkHBqip1cCTUO5tHMNCuDamC+23dCok2qdaBXKcju/xYBu0OkkY5fJ6dH9UTakhlCI1VGb7JttOM7RjXMe0DhvecLPfJ75wpyaGeTMqfSbQzXbxspJBDHdL5FCJIwNKYzKzgCeZ/6sDP32cvDqh6JoxHy2ORn1FH7jUkas65eO0ebgAQq2K/Zv/YxDyLwTDI7eTq/n2gS+EX8Z9R02op67J7851VV4Lkf93os5BMTPw17hkcM2+ZDH+n/cWvBO1WBhNaKzCRPBSR+lTkc/m+a5N57UbGFdOoJJ5nAQLkSp31s8PSAfen/6bFEDJUJxEH/qdGnYKvkl3MdLWsMR8sBRgPT0CoXDjUk83u6sTCgvLPHRBWCsYuSuzo8MhEnV87SJmaYHz9u6eojk3Krn070yv18rmOtIPLO6/OfBw/NPHiPDOibAvq0vJOGRrL97iOsPRJp38+uBH6G0HPWdSrET3s49TLW5GRcLyHAFbHDE7cXhsRPisKwGJtY5H4CQEylKntULi1fxedNTKj8q5wKaLCSewlc/RAmdo67chaHf+2CIyj+yDuZ2P5560cuU36CL+tdMd4BkAe+Omjmozh2v6hah6XyTYrhxgxQBJsf66btur5DcdzfzBYNbHLp9ru8t1XHsQ8ZIducFhHy+Bwpf5b623NYKl/HemXqdjl5YNqlpcsdAPdiaV8Go2U5ayBudrW46XPRnqYD0i4sD0x36zg3PKZNIYSfiiUoMSP3S/u416rAT+v7T9sahyRaUVrXJZKV0WfhyykB4hfgRlVQ7csoZVR9IehvIrY0303W3ZpK9eQSryzVSc7Yx88H8D1E/5/X/BHWZ1wIjynGJtIxKlhXZAKEPeAH2+QizR++avvuBPOHJ1B66TFD2HpEg7oDSh9iN31XInc/n9+Ba71XEc18SZg/iYvgBP9XkZZhvFC0YloVdEQkjJ1MeNnu6dWbIje5NKCQHEEANWE7ybyEPngYMWbk6z9KuNRLDsB4St/btkxeiwT4bRDJNAJhQtyQ1jS+Lk/OxoN9sViEGpoAK5knO6PHRqs6OJNh5aSGawSf0LjjFa3kkwXpfamtbWTsKy8NL41wcmju692eS1fO4+fmxTrYBePHxlZsy8s3ZZ2eQYENdv2IzMxy3iTNCvOlAsKqT0YHDA4qArCa3l1PmIoCuiOeAccAUAWmkglJCGlmq0K2R0LSNnjkE9q/p50ICfvTFjFHHmkRoboEkcrWbwajXdihdizQsQiOciyAbWe+Mpv6SAeB60Y3lOQtqAuwaOxw+YDH7ASlYhSgKjU0IqD5K2EneHcgSoYV1h31gIfQCZbDzAG/yZjoflEuxjIUrneoN0x8m7zYR4vo1AZj8M7TOJnqrPAPyPqX9raRI0Qfa9hA/eZwfQ8NS+K6Ps06sjnDmrL1G6ETvAwd44XqDWils7xtQwDgOkgh7giYDo5F+yB79YTVs4qkhNUCWE0CL/rVFGKw52FCTVzU7/dGjqj/5UGwBSUfe+RqhOKK6eLoDncbINfjktB0a4uMhFTir4+Q6ZaH2Fs30/muWHZ9P4y6BPdCs30huaacb2i1tJBsIlpjBk3SeLU71E9U6XzkZDCSA13y+abXAi7n7GRY7jdS9fAdPCMkGNXnBa0Z7rw2YABBbBxfH5g4TUJdpfC7VfJ7q+g55IVjM4xK5O51a1sLKStsbczsi7ZadVi3SpWSv2N9BJLrRAR7PoLUnOyN3T3/UdthRKS2MnQJaMqw51JOpuHTr7uzQZNhbsawgyEVec7xaWe/+QjmLi3TYzG3kWrk+1xcguUT3HvIPd9TKDOPhTwdB/Jzj/QbRlwMv9iKOX3CmSDZNj9R4CnV7skLzGW1BeWpMuUj8aHlwGkExRsclVTqPjhhDdQbl0ysayshOrioC9HwPDF1fba66gpDRrZjQVOtSOj3eIvxgIsvOFVnVbSIezvEbbsfmx0VdCrr8LTah1KTPYieZjC4NIIjQOp6ZcgdQ5l4lEfPrzRmw/pevjvGXEsyID+1qJcezWxt6v/w2l05u6J2q7+uBpIBucZVlFrC7L6w6Pa0+S4jbwPN7fWeAZDdt27M51yxebGxb3LbaDjX1dBjqybYn6W/eZZh/Amh3xD21i5UzhRhguNZvn8L935xGYconWHc37urf+99+0VVKBXig4Jr9tWXSPQOqL4jxaBxhFPkiDdRNsycGsAv7RpHTky2T+gQlewbDDOOTxixD1Y17T7oEOM1P8FZmoAqxfVdnnPsCmYEl3VVOeJb1FP6G9shfDV3psdYYpHxXK2FZLe2jNQbjOJvVOyr+9+T/3g6o9mo4luFc7e0PagIx7SnZvc/Ec1Kjj1Ka9cyICktV+3ZE8w9eBJb45cPPfUoehig0YR4lBvbPc1hfjfDjoor+QZ+jdtOH+8y+WminDMiV2PvkK7y/kRCTLt8iZ+h3cWXx1P13QanZ/LHaNZ2tG15Y5v+Ga41yk8j05WwTgU6ZBEofbv8GE2ejRJTg1ISLRiE2uFpiGRokT4C0zHbx0jK+AqBRVd2v5LO64nV9DwRQa0gLC41a7VhtOZJJHScrlNxpUvyw+G/X4iI9xATYeVijlPMmZ9u6j+0iYwDD9niY4eKP3pRuNWBVJ6kYemfw7K45Bog9dvkgX8IZhRWjjBVCZEArwg/mFsJO9m19bds3a3F0cJO87gU54JGCf7Ofh3PZyAmC4rgaXbN9UTckCnCXU3NZH65bm+qP2fE5pm2RtxJ4fFFKgH2w2uy8wg2H2WS3gP5UK4mJVMSUIO0qiiRcORtVNuIXUjXO0LU56jpcQNSWxsXUByBKJIynzuM/VV8OYHmPOnu1FQ9kGjdOprUwCU7YLTOP5szoXiFg8wzNAkHK8aARuqGqc9vvlsomyRd3k8kVsGgO2GuH5IMdPt/YObjH5OjGhv+dVyiwn9x393Kb0p5nz79HJXqYGQ9iF15eaFSzD0OHO5g++VHmhqvcKUlpABmSd01bK9Jbtc1gNjmMLdWH33/b5w6qogaEcVRMXORXq4ntLK5GnKcrtapdUoj2PAtBP4n3PsFMLo7lqLUYY5MwMV2vmmobnk+cEWfMqdHf+asR/N6TngQ+NnPzhe9BqwuwK+yw4bNj9jugJVHGtvApw8/DLQE/nG37KOpxan9s2lg+RhTHxdyGt2wzlwsGmW/hqgQuvbZoJ9kd2RMV2n2EdtU1zBEPMIVLKC1+FpyOBNAvw3rqHw9atAR+tFD80+fQq2iQpmoKCIUaGBSYxlF6wpluPWoAU7VPrSgjq8v8aIXW77Csb3RH0V8vjNDMH4Mgd1v3VjU13Odp23zER9w/yRiAHFrbKGRAruzXfrTNbLuGZWs6GA/Hn8h5IBiViP91iOYJvqKt71Zg8y+ET91lqF5udWbHaG9SJ+lj6bJ1QblZTa+1BK61y9oVqdONFduHi1F6o8byez955ak1fdQzVoA9/a2Y2eeig6i2uWVo9S7to316mCIG4lFEZ7B+2wQ2P59xpHDpJrmB5Paqw4FP3ACSx90QMeioTNn9WTMdQFaou2f6IkA66uADoCuwUspQ9S/XFbDSEEZ+i1kqQ6bPs+0aEIyxAPUBJsBIgG2fV+zkewJURUQ3Vq0grfQNyd3WyTGS65AIq0F+8A9jG+dn2/Mb1ZxMRjbgzs7rX+/TtAkPFRRUJA2+fMWZ3dZqb4DtZ1Q8f/CMKAalv/XgjVm3aRT2HnTfBbUyzbZL2NMMGifZq/+8ucnjWJhvRq0o1HxEJ3aP7EzHsemUBBUr1Yvj3VFewc/+HGgHI/Hg6idKR/GWzInDDQafPTWo9kMGSd09R69krS9WDxnmB6Xo5DxjMPpMzbhLndvCjidnzPrGORSIQUweEqiTFzEmu5Uz/wb7eiFiBiiePqZNF4T9yB/SIUd52Ma2bkdOHjyXxUIwY2oazk/wrhkSCt3J+3By26pD+TkH8lrpscNvSbsRP6XA8qUSmoSGvTyCdbLw5fdRCF9GGMItYen5/uo3Lg1cEbr01U8tMF6F2iuSRYg8uc2D/OVFnv/E5Wan/v1Hp6Qoo4qfKGCScXtlSqCtv9/stiDTzY+XNCeODYayNWpq3Mk6GzR+CSMKHTT4dn4j6xbGZbGA4cWzrjVr+k7LBzb9IVkGCyyBfNDGyuXkYjZaZ8C1Jkts89u5/5MdguiarZm/jj6ypzvupKVCBkd+Mni/PIL0YU2FFiAfIi7Nr6mgQOSwc6t1XF7NuIM5UmS9MZri8g6o+YB2R/aUyZ0nW0bR3gbkYqvpb18Ka+6fYuhz5z8FzC25FeErmt8MszVpm0k0C7IlUyGzfziR0B/YYDVlm0LtmogFH9AQzsx6ubDqEKey2ez4SSlcq3IrDDuczSfvedwe3ZWz6F20JXNqfWjr/3pb4tjB7ig+yLGIZd6K5kDFWmmaV6fo25Eri94QglNUhsFI0ck0gQmNn47n3PYVxqtgtzfMPVOBT+4t1E64iK93hpW7X+LHsm4RnfPmfiNQWhoqJskATz9oY9XbfEAFPWJEF6Jde/zMjEaYo34etWnPQBg1GEPqomS1TkJe3fb2aeacr8Rvy7wmWjsQWVKfmDsl+Ll0zxFKv61XEdHeptTT7T77WdaXQzoXTI1aee5t0z0xWLsYBmTnP7x0zw7Xasy+uMocC1J+L2xF0OSByg0RLMDmlAu4X6hD6/yW4TBEsrkJ+3LxEYfvZSMTGxwI+4OZXNSERKWONdGCmAOh/ZMlNpt6OM9/Kcfe1N6WZ3+14Z9wQL/3whNEaOQtmYwrgjTXGikc/sEnwpmcNz6ImWOc/q2ZThgJHN4fTkmKF6JJxxrt2JRsJxhnAMMndA9d7ajoCQF2/tBlcub4YWWoa4hEjCWIBRnX5nSuO9OvJ++Cxu7PZCGKAcjDV3QVaMgqK+ybu/qmXHx3618ok6PFSkk6UBwwCnJfBWZVGyGJ4wqWWPTpB2aLfaiUO9Kf+vRdE5toFXT1y8UY8SOiTNWxg8oH2if1OwJBBIzAHogvyFVx2mDEkxwVAPLqPtv+Y9iSzM304h2yaWSmFinZq+1rutkz7SdT3RwvHSCtK+J6F/bQOLrpt1mewaPUCQIeHyVBvzhU5YbHyxiYJssqfepGJjingvlw3ZGOGirenHbtA4I08sTpQrcnUtyLdsUyG5lCDnQV/HUmNfp06xhYFY63JLjPNhVnPSQgVhmakQopGc7IzqgyHW+8M/9X3M4NNXLbjnt18/GnP9L+D0obpC8J6oAxeuV9LSgz3yckgQUeK8A4HL/kXLPWI0uqsV2a/e29zjOLN2oPJdQHPTAM1OuN52PawpWh5nk80OxVSzVNmsWfI78OFXpNENwj5JLt4+1KTFFNDa82bcu6UKRwfpTxdmqvGnBZH6wExU4dkubGiJSJY0K0X0Ch0Br++7/vyLY+Q92c7+aceEFa2+uaX7JY9epHAxedODSIILpqYBJa8LzSEmISD4/h4VzGr5d+nN2OFhdDsPqGpfg+2aJCT1Rp9NPXxRn24cgLn69MB4ZtOo3x+YMQTfxszD6v++m5VMmOR2/MmrV/5CY5pl/UR4pC4aFoRVBcxO4Wd4ze8XkhoEjX1/dsZOKdiXgBBwG2WwJR88ClonjfqK0HGKXCfVSpx36F2WqJfC27UEbeh007rH4t4DRXAwxMnnDUrJ1B8RAUHkwAggsE2F5q3TJXxzwfc05ca7la+CXdTbWroeJqgq1HMkEwWC2RpDveZLhhbiV2mxgUbm/gmmTYgqb2HkwD1YxCh/FyW2MbodTncVYnXbfKm1snhYv50u1YVsqcJ4UfuWOqui3TKWLnRml+b5U9CayCbQfYaCjYOWblHVaZ6X4ZRA87DqTJu8NGedxPuefzzc6TOCleY32qp/GlGBs+MzF7hB1ciC/cOqDrHVkB6NriKjaxE7f/tSAt6Uh09InCX+fd+QWnRh2bDIyssk141uPaJsWS3bqBDU6zmQFFotBRsxREMNfwPX97nZnbfVcDM7dJE/8lmyMz0xXllBoXEaj5+glBJqrZZGP4/mQwZ5Pk0rFfNDS7U8FIZ1ucpzBAKL86UpVjacRs8xE0GjekTyvsTvH3+VoeE/cYLsBmXff3JIaSPt8JGSTH9+P3N9KDFjeVQSeYxpvI8e+zmv/20f/Y8ca/30cH3ynnzwmNxoD1wZ24BSbyy732knywKZlEBfKry6tDF1GxHd/9utxpXGQFkZzKQTAe3BXKpzqGt6iFBU6PQ62GIYsFdZ+8TqyeLtLLC7/AtTNiNyIQCW+WPSdd65rXp9Z5g3ArJboVpnxNL8V7edsF6VGUXGS2inxuBPNBmxprIRaPZvaFuWeEGqk1rc+4rhNdY/52RxrEBhfTadkih0j6c8AEqMGeVgkytfiEksyMXjVwIYSgWGVbUOIR/S/EHMMpqA+NS8VyAi2rR9X9ZwvDh/U6ZdcavlkYHvURk+AXR9rv6DRbqgjXZpiq2aWFrWGylmvqmiS/PIHwdLyeVssdoYbEisGIuxmHZ1zdxT/KZXzgxu7dQCz9I9t2QOHuH+YCo5xG6tOdq/vsAMObKLfW/PKd0AisJVWdFRMSjReV+epbpKXyfcT//sIbbm3SfGJ1dUvJki4n2/+V0Up0R0tBy+HBAcfVscomFgLBcQNZYN0XMOy2t/u5IDw9jMo07j6lAh29PLVbnPqFX/di/D7FFRXgQErErOrZO88uicZk927dZFQk2EDJY1KAYNHyBCD44U8P0z24taXUdNcGdN4OLQFP/WcrS5y76W6Y+Z036wTYjJWCWNcIwqByyLJ07tH0IM0576lC/s+GuZMD3fbCeruhxAixz2NDpqJ+B3B4CikO5N6qwNmljCctlqEySlO+Na3Mr8Vn8E8qNNROb2RmzNdTgjRWxK0MrPeXD1K7m4rsd3m4PyPFmBrZ8JuXstzKlF6YTeSX9Hp1YuFBA0neUupbQ469cIHZ4B8KzoZ3DUtFX5UlOHkgwyqrad+2ea/EvVrKhtW5sZq0hGhtPcOPyVMDKz8Q0qXMucGRwnDlLwXwiKpbnkYjqfLnfLUjmjqDxl5kgQtSasUbXfE1H2W/W6Ock3yFJx6ff7IYdf1+ByhCOPvr0kJ2QEdXWFlqAGx9+EqJy9lnTizi+mJEcAJEkBZmNC5DInAfepvahbsHSwSJQukXewJ43MGrV6cN7VjtT56YZy7fy9AAZCMfraz6erv+XXo4hTIqwLPefUJTLymzsefyZWV4kdKZcx1WXulf/3T/6YnKW1r/Cp/xEoX6X+MHoqR04vede0A4s3zsiLnGGQE2JnukPvDCLbf+IhL+yAHbuCCdZ/RwjzvFiKLPa99vNK6wwX4Jcm3xZUu4AQUl7KR11XFvTZKY3zZvBuxlUErJ0opgRm3RR6czNQGGi29H1RO6TSsYaoQdk8s/pZVMCpKYAUdhP1CpEZCLa/nW83q/q8D1pD1bj3N+vTL+wAIxWfHqVOBAjt9PvGCwy7qjsZGtb5qTXmdjSdQ0OkaAvdIVR7Uc4K48uD6RU2IHdrkrv3yQBk8e1VE7vykBvqSrQOFDhR4+R25rmbV4xDXqbItf9VkcCMjrS3ywx/8ALj2twfdrUUWR3YchfGemi9lwmYZ11FwM3bqkXBQO83e7EHjItwiQtRq0Bgzl3pNkb3QsyOHLA32cke+xM5UeTyeu2grSmHaroE331hrGGi2olmU6rcIuTqz2w6SP7Sp7D3bUz8Vz5HCtdyk6AHOO2hPwEsG1fCuc6XOfpLLM3H9i6qHj0isNfCRHBUpdi27RBeXfygcqmBrCbLg/fgMeKTepAuxm+djejqWC6xnkImsiqCfTZQuER0ALnoskr+ZpWSpQS9fMZ5lNN0n+40ea85xVOQ5n/nA4jDze0r3k72zws74r1XOeF418Si7pB93l2rf4RJw0uJO+WkBd7ASCV023gGPBokIVAWxEOCtK44fh+rQ1sUFDzZmqgr8zb6oVVbdEhs5OOnRmOeuBgnB935F1+iN8RPjo4CGA+YqMl0C4CrCXlG7oALCS6+mt8QJs56sEAfZcwGbAwuyGWinu7HqFcCnYIfVXuiPhtiIAMbJBOIN1YE5Y34X1PXFZoTPwrdNRRuUZJmfiRxQiC8UuCG+1xbmIOAvOWZQ9HUVF03+J4Ctg9yBdNw4H67Eq3GLyIK7WtC7AmxSy4qmrID1qQrbor83fkpkQ9ecIVx4wssXh6e9Az0caz0uDSQMbwoDQiSbXcvzM7RYxTUAw8aOeyyLC5L+UI27Z49dxg7w7vdmDZco3+PlhlecrQEXdfDL6TNd2x4YS+L2bYZlSzxp/PLfo8OSU+94Olhs1wByvPOOmXMoki+K/WOd/+aKwUP7S4+laFb4vhqvZbBJC+BI125s/GDcNgHqMjHVyW9P5eBFAs+xWbV5QOpz3DyzEPzL5dRgghqWeZrQeHfdqCm4afZFqQX/HTQxRhneZ9CU21KaBEOheUTnQ2wNRa7UGSDWOkb0AT3slrdk3fslDgO2HvOwKjpFb/jNoF5RyX29f2JOT4IqAC2dP2ayVpURfK6He3vM3FX/PA3u+GBvbWs3BvYcrLl1xv13V3dESPxZ00NAs73GpaKj7MbiMt/LzCb8eB2aqTz8cJeWQTniq0hVwxON3AGvVea49m+d95QRrBtZo4BRoZOsma6vjaf9i8P4csX5B0TmogSUROp+dXOdqm87l1I2TWd3+k0tNKrFOuW2QZQv39Cm+Xmv7oGC0q49KGVxCVu7T5wnXjyBccK2b+VOCNIu6QSeihpPxgUUuKqrtR8nNmUo3Knqq4XV3hHsU/Y6XYqeJuB41rti9gPKqokxzNrbFQ31mUnbfxgIfTb4W1Abqw6P3Zxoc24QQj8AKuz21HTqo+b9dPAsYuoDSv/LQtkBQPbvAN93w4L9/ekAKZwKpu8NbGFvom/kJ6u8WGKhugglBoYHTymaecQbsLwVKPR5ykbUPUoJZe5vJe40GWn03hv9+m39FYGl8jpK8o5UIWlckb4Q2qQrtQldE8/kNueLif8kK0RCCFkGPJLtf8mPMnQ26ay3fIU0MMC7qSOJyg3Rwsd8m03fy5UHEdQ6FsKSZfOv4UHUBNigUCXtbNbtg0ePd4SwFNVkfV6WenD53GrnXjHuHpU9OVdgYYJIJUuzzWuZBv1o7sNWcsr65PDS52P5dL2WlsZSPvBu2cyans7fh1WDZWeJmn81TwOcuv08Feylir5LTkTbpkqgeM039yMb2puKgcJumk6PbYSb6IVF2dP2YeP8JUXJSyecHE+9nq3/sC5yPQlPlVDS7WW1wq3dkv+mrRLeQTKmK1qX+sK2aqjAjehJlrBMW+DFAgNLRvGNS8ftGIwv8dUWAvf2rmbJeGUH8PkJV8hpXGUpR+9VPrYl/ajEOwEgzYOvs7q35WvP9nDJtx6M4SkGz5AqsJMG5BHrpBJH1W8DnXrfhxxR9mDJ6eIvWztp9mum7nIg1byDUYyrWlG9m1G5Vvyty2v7BLZcoMg0dqZuTQx/H2A41/03XJJpzvqUbVEd7Vt2M+nwuVfnR1xavmiFBSYCWQSzJHB/AAGjdLcYHHLmnqYjBub1RDl8Y3UGpqIKutKD3agAzzRfFMAFUJ0T/Hrqeo38eMOwodZgz0KrUWXYCWwCtVrshv4QjTTCbEF0gjdLCl96SOevcEIws3wcGXXJEprqWY/k7H2HnwdrhgWX33kK9DGolhoWxMkHMPhEr+4WQO7ElE261d8N9fO4hATbiR0WH81Z21EDOnAitt65pG4XRDa9YdQSp6/d7WpMpMy992FU7ofRpt/sgWhYBNcF3kRQu9DUn3a27EIIxv5l3Caa+NdOHHSYKjc3dtAeHIa4DwWZuWq7SBn3Jw9E4X4nxYkz5brdLYYplMlV/HSwwi1QYwxQDwRU2DgP6Tj+0tcZSPgwbr1ZKIShSwVxBWvlplKXCvSYLpcTxmLTK7TpCzIpZhHCmm2BYJtfSHTAU7NXhpV4d08/q7YjKanax2pi6MulX0ySKL8Hzf9pogr+1ljW6CRuaf32J4I2ZfTX2W9We6ehNN88fjoabN0mqXVdvdZ6bNBj5/lyr9XXflhl7h4IwY1uudSTM4IMMvKgwjYCQRypEjb44zuEGIkN+P9Ncfibt56SXyKZO6V0IJg9ogT2+24H/58Yjb/qxZvNVl76uTchxShxnYvKfnYga543X7YCc1H//uy+d/zpSDHflZHXMNvXUolenoUo/ZzPWGaarHXWx9OX59fW6laamhaToNhPy1FT4/Ghf8TKPIj9Ij+1LZKkxucyA2a6HZZ0b4/4RspwPyB4fVZIoCewH0QQ0esg8Esx7qEHgt8MfaeIhfqYM/q+RspnrixnrTrsg6xN1a9S+OkYNgvhh4s/xgNyMN1QLSrRD+ScHxMbA77LObM0cBNGSDQQnhO82XV+sO1c1PAcEv/TmKp8xFzaUYqAuG1uZbs2ZuNpwJrKX1fBXX+KBjY0kYPImyOdgI+9afSdlm/4VwPBj43MkPnyebOovCqWYu92tqiDK2s10wADS0ZSEGEbXs029qt8f4MOgj7IBHlks4wcn8QmeM50c3mhNQTFKU+ZN12cjlnMjluZVlCrAXmeaMm8xlxixNhvRlBjI8GR6xLaDGR/AzmY13Ccnd2yKQvmkFpBWkv2vD9d9ibsRrKHJMLrS3va22j24mOCZxsfFWzKzSLMNQPCs+vqMpiYNNj3SbBaboSar93DPpmYaB+v33sq2EaJJomNezvqut6kJsFVVoCGUgshrm/+tAffzmhDt6ncDsZPCyU7Eov3MuTFlaEmP/ZUwRUBWvqszEBF7K4gxDUZ41PyqtqH5hCBNx6ImuL80ajPnwZbFoCHegKGIqasxZq+0DvsO2JdbnCspvDE8Dj5qLhOm+yi1dKR3JZihIe1ExZ/lUSPW/HtBJ5z5vQAeKx2ZctltU54yyF1AsB841DVCKweBiV6uSG/jMCOtWLlXX1UdCPRTXUSJHllfYC073qtCEHcv6rZTe+tUFmX8tU5CQJnDyP6OlPEUvbRpRHq5D2CY1bxYcGMYDJoj3WAQpMn90sXuSzJR+BIJ9UHLFEFax+j7gFrNWzL7Eyh2CadjaEG14+Z1y8wMxndkapEoxCgw2N7Qz857k/cqk1ZtcANtiW9af/wqpfr1G6NrYUP2tdoa91zPx3vytokfEj0g4WmeHoUcEg2lO8Cjy52A4tLj2y+bPzwp4Xyi+xBdIbr0mNSWy6RhlXo7Y8O6r0VF4+MFHhJTs4dO3Tpn1lDni1b/L8Iapm/LrLuzatIVGr7MnW3h1PhvWuGl9HNb2XYh8mgOfGzjAwLgjy7CPyBA5h8QUPlPCOj6x3YM/p/bMTr/0DWF/9A1zv/UNd7/mNLu/zdTRmttyVxfmAXzxdWK3sLBHs3LnTINZ9hTQg2XqknLP2m7+msWtV3uLHODyqPytdzMpGO9r7vWhpt61DveSQiwNT+IMb4xXOg9vSplYRhWP3a70f7nuO4mOWdgZLWV/TlBRd759eiK8VEgLXQ6dDrx3Dz0ZyFZDHIkNZ9SLVkc2PXtgn/J4T2n0tG2T9CSuNaoURHo1IELEyvGiJWiMPDC682vE24j1fbgLNcqA79RtmTGJnyYh6TdbPwGkc+QA7Mo6OOHJrsc5xn2lXk4SM1OKjppirLXatFzUJtNTvpODMAKsKMqVnlDQPATM6XbxpDxqqHJ+W+CtN5/iF/n34FVSkbEXGKgGNROl6TXPcH6wqTepVzgjuS8Ia0y21S/ff+9OEGBrq8TuDS1cy1GvF11Iinw0ysL/PWudzugdpiIgOYuwvfyh/kByDeO1y/bYJr3SVaX0Ve3eO9CDlohiduh9I7wK01xpnZPNn0kZxk0AvBeisakp13WRfcrjTgt9v3uN1HcuIu+yl4fnphPzhOm4l79PoAHamRxlo+qDtCI74xsBEgekut8GO9FT+9p2XMHCM5mYvYlI28xtVVPrKakqwytdN6CwqsvVDiVr9/wMnyTPxLI57eyv3lPf3cTpNW0BnDlJXED3ZEtT7FGDAF2emlrTvzrn7VRBZXVzg0gCg+USeHk1vF+WpGE1LxtmblIW8wg/Tl8+4b9EnM+grT968V/cNXFoOoTalbZCfLgM6u5Uu3YKZaXcD/xRfiLJHyO/S7ovM4Jsbo666avhnvfuUDi+jyUUcubzlrUq893CrDfYqYG7hTUByytzAC8RHfHlYNV3oenLMEmuaX9DJWyLTPu6sBuaGyE3Ww3xJdJSVWGWs1VLR+eLFTdlO5WU/lCNGSG58w3AbbG1dNUCJCWeTt2Nqc/cFeKA7qoqi9BcrD5ets4iNXFN8Csa8QcC+ON3buFaGI5PnyVe7mrYFy74UpTV/efo+ycMTSAXvQ03LK5aNMfg/W09xTeR6SJn7sKP028oGT3TE98AP0yF5lx6bbjnoHifXOVayXrS+s89yiN3AAURpDWVUycV4zmF9jBmr6uelqZGF3jSWpZulo7FkQguQ6jaENYjRUH3dxDoGNbskp/fO/I5yO745cNrLoyKVldzkYb0xvXzNrgRvRyVrQ2rlEjAW2ngdplY7XRjYv1WoeBlifqrnV1oYto5//8g4J//fws+p+CndbfcGssap1L9Z2a6hjnD4yQjIlX4IwZFdEgpmt+tG/Oji1Sr/SfHeGbqLKOqiI1Q/xNatYXENWVMghjGGLj6zUgvvWawNIqxf/C0tEmJ1MwD/rSTSCuTOxBCKVlIWzG8sWf4bcA9InvX3WKuH6+de3NbpBX91u58adGb+VnHHq/KQHqIp9uyQwxVajbptUyxh/nfmKFBMYDvBbO6nMBdluQEQBRTF/OMjkfjw0c89l4bMGpygZYaqJPefXu1jMtBHih8wvKnduEaFlnruNcdI5KaY1k7o5v3OQMVMJO6FT4S6ic3QNcoVX572WphXebLhymX2ENiljTs1zUq8wSBWlzN/H5AQaOq0X7j6bWqH++cxKABXF26sXq/O4LyRmIubgpEAEffpmJ3fooTtgye7TNWmM4XzDYZXFmDrOkJO9sMDatNX9tPTjlbucrTLpLr57jqyK8CC1WFDqvkRv3LUuqyn/TIYGen2cF2J12rR39uVwQ1uDPeFRsH+ZS1eD82lyeIM1dB6iRQcxraWFv/baYCATrqFmcil1eI6hvMqdn1FqArRzufD2j8EAgVXIeCN76YOJicpjrLYNVohBNx788QwOoiToxD/B4wbypL28Ttr1Ab5L79Q8ttmaqtKQaBxSYqFscVVeBqgfVM/ZnFq7vw7VS2+Dlq9NgiX73Lh+zqRhYfaQ/b27wjJTxo623qQy9KctosN8B2HCGynRqZpCYitIx4+y4ZaesT5o51eIOlpeHRbsIbd9cTI8BafFFYY0aCZfaFJisYrnHLvF3uHuvW5Jupa0d2eCqPz5JCtIucC3pmnrOkuzGC0oRqT6NUPr26xcMsTniyl7MjKMvnTk6TZ6DcsW2icEzKACdXLMt36eu5kw6P95lKqzq4IZlf4wZ79/Eu0A67v+GDtA/AyzFmq6jp2fmZgwDt/oPYvF2tXdWw/t0XZjYr9vdNKxue2NT3FYp1ZoV3UaDNYvBK+KyWoH4FMbynecKg9j1acaZWOwlDUtynckalnaXsn31aWyb5Rq3jrbDfP5rVYzpaEftxofN9df1QXbfoqbyfXNZnj+0oPG85VYmSCFyO/UDd7l9uCAtn6XZaJ6THZsQVHhDq+35zkJq8J0ner3DItCM29UdE5I/pYRoixijBYmNrYz6MDC4NcuSzZBEL0tinFA500GQpkecz92aSWkgfmq5tpVN+Fpq5ebxhvPqkmKqFR5YvVI4uLSgFZF3T374FutzQxlFnjF9eMGC3H66b8NLYsh8ILjLeGB3k8l/VfI1YOmPysU9AuwToXPHKgaXFAXY2HO1lCTnYwD28QtGeUJA9Ad5h4oVZ8uFmI2B7MbBGmDGLoxVKis6YwsUnw8773e2zCM+vNigfXgM3XkvXefjPhxeIuhydFPbOLz45J9MrGK4CgC7OpWch+qja4ELEYxX6liGr3BkFj/Uh3T9JUevHFx9pG7XlEi8S/CaSuEUjmeUb8sMSp8zWEpS/1S5/KMPtnph0ihy8ubSmeTaj/aLM1lFu9MhIy/XItcX1xMPZGyFN1y4XLPk5S0559mruTqG93sbgzUc9fJZ7SGU56+P5/Yv8DaWQO3dKkSD2Ced9bibnpVNccIA2iV3Fpdq6N3F/d4zWU1rY7ruTipyhjVl/u9F0m1PDSqAtQ3jYN8r6aS4fcOB/Bk2Mee+LqI235Fy5IvkbQUgbXcSRCgH6yBgeG9+zcsqo3kgJIGuEpLyYBh+udTZ3qS7YfDHQVSyu2HkkkEa3LoaW+7Q/lI/Q7ikxur1kJy4y2XT2N0dGR3vn6beSJstU9w7Zxq1Zq6PLRtLjWOWnFpytVz/bS5o7hr/fDB2aef1pg3I1S9REoHmJvqlj5iMNcvhWg+NZSw3xuIHQEzzTCLDdkHVzRnlmjUUmX4zwFA5kiQKnVorFeR5r5uExxLj7wmwx7bogtLn/W1sVvoqp5BpJ4B+76/kKSacibnBkkMPhOwu73Nhk9Zl+UKusnfC3mFJXQUMg9QlhW/bsawmdbKvJIEnZkfRR+MtSZfqrRRLc6N5a8smw7WftvxtY+iI2n4cHudxHZu+J6+mmWNztRJ//+z8ufiOCCMANmu7vHdLZmE/Up1NFse5cCJOAmlMjsoVpp5RQ0ajlrwo1O7qeJ9vTa06gD15KuXLiZC29T8qqGGD3tdU0It+6uI1hgvjH/g35ouD5sSQva8jlgbaC/WnHIen1rxI4a2SqnDNrt2uu6BTyy83oUb9K5INgC6ApxZQm16OlwnyNPNIMAHSkpUAe0UGa8tQl8C5PEwHMX15SX4vrvWwelAhizl9UQyS8RuOu4NZmxgtQis8PvSCqSpU67YrLGDuZywoux13YApAFrkz94cWKzRgTv1GUYThz5Vd6nWWa6loTPmQmH9V1PGDECx72ACECZfV/8Wi8wDp4oCttdbhNjlby5nAi0rzxBfbmLKyDpalo/8AddfHw10Ar3JtOTY/aPe313J7cS5806MAzIn9jaUc2X/tHSQgBeB5WjWE6GxNCcHQKmxB76WxCmg/zRRZ6RRZ1Y7cMeleWQlcq2S39941rrx7kgFXcqlrcmY8RH7VjpFr+s7w/hMdK1WH2xHZJbm61ocnj9NSW7H08ufDuYPzxzcd8MGpIB8CwXsaOsqbH9sKk97Ef3s7kqxJ0zl9/YVlhtf9i47zudct9e1aNPuI5oX7+WenausneH5mE1XjJnN11avEgbo+rYWyddPV2Tr+GrLOMa4yJPFm0Y4H88/jnrd0rn4JHzzzviMRWz/wOqMnUBK2fqvpLm01y2aOOyySUFj8FbPuNC7vbrDQ8GHEyp2VmoBMW57uPlsDnQs+sSqzdJgX/RabTAzPeR+ELJxOmHAOb+RsTsxWUGJJhSsVDhdu0FLo7i2Zf8mDcADbRDnfe/fgHq5TQcX0NKGEUhcj+I+//M80vqmH/9Vz1YDaNEy26i5xyoSu8qvnREiXcE1u3S9NzDWuBRnLcYWZYpWQ7pdqdVkPtbTGIi4Z2GrKfhlHL901p3o1B0RrrJZsGrbXEOSqiz9qsfNV68aJOyypoAw1o5rn+O9dwf5HPt4axt6DPLhz9RVsYDVK3YosV9gYaf/q8+JLHXkhkwDUpp02y9vPAR7XXHg+8cnHMduAAYq+BbA0wl8D5dJNSpN7ho86o+H13Fuk7oCRr/zdzZ6gT4Cscfa+mPDdjOsAuhpza/94s477I70+qkoujDAEV8W898/I/d+eYMYGfmUVOH7pynXcI9F6fYzx9plP3lvk3hd4c0i1k8IlATZag95ZKVMc3i2yt5VbHm9hqM7QCrdNp5tTA67txKuqx2arm0RL7zwYzfLi5oLCDmv0CXsJIGU0HCz+Mdnbl1hDTWx1k+wqq5lPPpZd1JEeonVurr/c+kfTjx9J78WQtyblNuI3gfwALrTs29TR4BT7cc8x8R45u5ZfMbJa3xKmstsonP/Od86KeNzZaUff2Cts1nVURfsnxiKLA/AOqqqMdSVjvlZ+JO93x59uRSZKHx+Yzhv9uky99yA113NBMzxtt46jaxB2sC1xODq+yFR8KHVofGCCeT894duI4wVH9Ocq3UTqS/+X4ijVPcz1HjVY5MY3tDjXH48Facf3pOZWWZmA1Kl1fmnUhAPJ6Z/CrKPfR63jhTMTsjjhR/2ITUqUDyK0b2P8jvNNtTZ+D15oYWJ3lxS857G1ul1NCfmcL/LXBEgRH0Bq8Ho/PBCi2m/c1ZM+M1x4rYg/ef1N7u5tVmKbPQKqiv02+ALqtS0VEtOcq33ul39gnw/zBndD6dVd4fFAsIsz/xKmy5h7bcpi2BYx6cJYSNzuf9E8ll4IoApOWH1jZYO99/UnmALHmmRL/BnL8pHhAUL58EXLnVD4z0mbzUU4NQKmRP7bgItH7aAVJ0DxHFf2H/GMj/p/mHvPsKaytm14g6IDFu4RUEGBcSwMoCIoSgtgRZSiUkJnFBHpHQkhgG0cFYyC9BIUJdKC9BpQUAIECBB6CUgooYQaEkgIfDugQ/B+3vf4vvd73vt4/nmA7L3X2mud6zyv87quPevAAk9pbdpxx2Ny+xwfQvrUQsKqnmxJxEWB5AlhTR75PEsoOcjbyJpkvA9Ls5VZ6tGYHPucAKL5Gy4LEAgqfwNqpbQlz8MJYY+pN4esjhRpOY1nvJYkcWBYfMDKRZl4OIqVCHiZZQ9LvzEPLaO+miTBjpbd2Y9Q+NP4BltWJP48PghU5kT0buvwd4IBs+Dw8l4lZGHYbTPJw17iFRTlAMwkRKsX3Q35Hehd8U3eqcr9AH1dIB+vmf/OxwWKjnyK+ZmPI83/4eMTEyAfN6MK/6XnB4cJI5oTBqjjS4IrrJXAo91DH9DP8ESC/JTHzNOn7cFE0TtVpFAj2zgVVNbzK1JIUdbuFz1wo2FMnB/qlP1wjOOYKTKV3bcystKmMfQKva5EPymCGMIFVUFSv/0nAnj/r5T0woxseRFW8rn1aYzE6NhRO1OCr21wjlM5fG50QZ/Lg4r0SRBonNIIuDp5+kAXE8YYJtJpo4tjk+cf5JNHalS1tzBBKZwVdLC98SG+Rhb1caG0EKRKAVUx8Bew/U2X0hflx0f7uAzHhJxVSS27VTL4W3K3A+/Cm4ZdQWVFWI0DgKX8JPGOmgKAaJrnngo3EZAFLYPK1SzfppAgA0BIkDK3WWELddgYuHC3OtpreEC4Z8fiMagV72ko5JGLi7AopuHV3/FFMhmxwh47wve7nWue/9B+EfNrMuCFjXJ0sHhhrOH4mN+u3UEK4haXey+g7bSjvOIoxbhoWuUDuP7IfQ9FZxDj0S/eBj4v+2x2A/GaaSp1golk2eZi89Vc3n3gyq/8sG1LoqvLlKx17HaX33OS3t+qBSVH6ezQOIOmLz/8bPAFqgjFRHcLv8OUTtFqy5pk2s1FEpGCmozmpiRIa4znEfs6xFA+5we+DPqTnoIEeb0+FsVY0jF1b/zhee9hf7/9/szEUVOtd9zOQyQdFOcXPOZOMWoa6IDXFu2VHjQW95qFmLJGygCWxpsa8U0+GieJIkGkiN5WRb5A2bKlaoD2UEYzE4OG5mPOtRD9st/5Px8a1RVJZO3JBGifh9YH9cnUArwIX3ja2Jxwpa5C4dZEdAwu/A5pj6neChXwqjen2m3XdN0ciUuK+wTKLeUPxLawUIIB2QHwU6zhHBeBSitJXMv4A/hq0LuqU86X6swcl9XM3H2A9AGwZKMBr4AX6mnUPQKajMY52KZGdIaUVLkaHeRqUe7Ko/I8FNINrmBn/67ju4IwswQRrG5j0ZPwsPj45hp2RtNNUQPS30fRHZ5/jXVSbmdKCgfpXW0rlWsC2XHDgUM6PZsasRRv7xIvoFjuYA5SnsGXOK6TygaPYFdh7lDvW3D/6FX4Fkec7RBY1jPttjDYUnzpw5Xm0ZMh17THl08tjjpkml5i0e/mVQz6gRdh/YYP9tCFnhEtlctEo9I8Jd91obWii1O1JHMSRgfR531XZsw1KmdyIyC7LRjaUAZ57CBtBqnvtL7CP/E3bLCk+vn/w7F8ucyD0Gl674jfEL59Cu1Mbu19Enxit+fowfFtk+0mlQ4rIH3CxRHOh4zSMwbfkGlTClVq38Y5of6qmb51zz3IUxnkTAzJ8sPSLPBqy3OT9WjqKHEOvFyTZ08wSmrqkChFCzxaeF9YVCrYlf6qqnenmPcLebh6DvbhXQTI7DFIhR2sRsCrLIV7HHZeHPZktzD/Z7Jyb8ONrIWjPBTwicI2Ne4D93HIdHUdg7wn32H++f5ABSJDhPtlBnMU1O+47ps9diJBElMSqMuTyuSscepYdRoPxfbNUI4vyOWspSez+LixOKBoFUIE+JFps5kcCmXaYPR5iEOhLjwREgYplLbFTxSKjxTZR1Umu3ueA1SeWycQPKbIXwVeyzk6tYfPsCr8UO4auqdcmIyxkXK2loGdoriegxnD8B5vI/6Uf9dcTXPhkonpiO+ZSnoREzcfuB4X6ncdesBDSTDXvaV4vX1DFA896Db0DkeQiM4ARTdfiqy46qroHjWOJ4MMxHbBF4XgochfriLw0BuUawR42pP9TqtQOy9K5kz90V1jlVp5qsvDeh9cVMrCdMwscJKYoMiAsfo+Yb5mO9IHmxyNks4jH0KXS+ik8mQBLns2UFYf3Fb1/Wr1iIoSUM+f9ftN6QddMlTuyhYLsnqRz4qOxgC0/DnjoMmUAUv8/OQ2TfQDD42lMeKetgJwGxo8sbfex0ORaCGx60yQh0McFf8udY3HIsQynhlNdcMzWxE6TK56h76a97yNIncyQK50Nw/6ix7q3SNW+Km5smoPpuvWREeSQ/kFwC998BHgJQiDLg5+eFDPOvfJwHtE4khCaKfItQQZHcZlr0go3RmNNLgqts1kx6mpFzs17VTto2W05RjqKvsXQ9YHuMDmIJ50920jg7wCO38bUx6/6NpeDBdIjezQlMwVC9JTUg0hl2kVyEqWym220Co4et9im/lfCawJA/ZE6NFZD8eklSh5Mu2g2ZZ09BQchMKRcsEtiWiHzvV7LWVYrMUjP5jZ9y75ezMOfG6Tju/pExOPkB8KqfaY/SKaapcUhg24BqgcM51zuEnuJfM2eqsbWJU+CZr7Y99oa/ac8TEPm5uI5olclRaoea+l1cT9iaYbGp4NrVYHadCqd534GR5KurJUjnhQwrmOpDmfRa4EggApu180pW6qWeJvO2eaxB1yvFFUlLzdK+Ra+Duindib0C9s+4GcVqscQx4yIqlVQPZdSfEr9eps5mx24K7KrQS0oPlnSkCpqb4gD0N2q4nnYf2ewDYHRviLSebn49vOtX8kHk/unZ/q3rNUvoRbucEgkgz44T1LRI2V8bGS8LQEM65Zj1UCmVJCBwvZl7rZoxTBMD1wm+s54byN0NGv+HYDUOff5cJNVx2AKYNdWaCCv2N7HOGaWfH/GJki7rfom49CJI1QTtAXGmdw150k8aDQhPl5wstdX87cNbst6WMBEijVxc1V4zY7CGOZReq1Jh0dXfw4ruDlyXvfadb0qVdEJuzEb7EJoHg91MCKUnNR4ATmkXz7y/86GqCa24scGtTN2JIu5KKu5DE7RPwdF6QfIRyoYGMQzkdAcfdk+DQ18jsPxTJNvzReSq+AKlCrpbKmOktBfZgikuho0Nl+Cr/3ROuLzFMAxNib7jXrJRYZtS7Rg6wnQd0AjhZtq9qzlM7b+FRYowDw0vNQeZvVUhfwnody9bUdyN0yub8vt4QBIZfE/qXoRZpCynfshPVwsHPwXhgAYmfDv8lPUnXL8U2NCHmse515bMYyq6tkM6gCCKrGsX/SQFaBf1jbxuQPXiZnuKO00Z0M6nt1P8uVWXpfBLH1G4PYEDxf86LHPgICidk9VQ5ZH/588Z+ACox4wUxIT/eob64h0ycViOfEtxOWpasssrrWPZDM+H88EMEdmu0lBvXDAQo2uV88ZXksqGm2H4WCGoLCx3WPLpzloQwZbW2tbIx+X3bnmL3A83ZTWzoCPio7IenFQIok4vrz8lIHLE7e+fAlUnBZsb0ieebM7+tVr4BFpJSAptSjGFBtin1Xm2UVmWkMbCBk7HEInCW8Cp+igxkvJ89CAMjpZvSkdyT6hAvKJQ9h5r8l5fdGsl2+f5VAY8lucb3dMNMeP7NvDnyUlBGF38omUOpplXRRXOoLfk3GMUb1Qhl5vXa+f4wDa/e7UplqRr/pNYBELjLvmVBz7w8i171Nwvp3AHLx2dyHKwYa6kA8D859qCteDoh39wg2SmSCJ24ID7q2EeEsYhFwF/BT+SRzBMvdgHwhhHMD++FHQQbzRTKzEbZ8FOmdJRyL+Z/QIGFv0GSlHrLBhEcFETrSQPDkS5RNKi3RBIrLmnJbpIFewtKgAHg4SGTs5r6w83eQNI1N9ERug34bTNCbdA3ZiY+avXRb+Vv/hvhedEn9ZBUxqzPlhQdq6M/GxTc8FKfU4nh5IF7e0bokxzjIytKIiXQMJhr0JtnmOc2B2oWEpudtHEjcASD+0YzXMXJq+H3MR6dZ3AZQbGPb/14KguKh7FJ5s4wTn/vAc7aX8HGe9kEuWeuZI71UEbMyGsgqh3aP/8tYC3+d0e+r8UF6ubu9yFVbG94eHdygHBbIHAmkijOVTG9KDlqTlrvLsDqe85v9j4wpj44SkpHEM+Y2xzVqoxDzjclf7cq3PiSvryA1/ZEUYEda6mZf/0Um+2gN+fULn9L1Xwee5220qJUMXFbkS4Q/HSe+q/I0usfFh6YuATHb/GZmvctJgUvDOut/6Lv9v0mMVoEqPHBpsf15ZGZk+ytZX9akJ5Yjgoj5M6BqvLT3eRHtVchFzOQ9i3uu6kOaVX4B1Hvxu4uyEgKWBZn/OlPAIFaxWkAkHBfXW6hUep41kxVc9jHLeoW6zmQx7TAZzfKVhWOdbe+ujtsRvmKurEXn3t3RJ2n/gEuLSsq1HJo/tYO1EK20wEkriCxw9kpTlCosdd+56MAmv0AZNCj9OvYuTVbPMmviYeDeka6AY+nJ3Iuv0GEPv6Yg/ynJulPobtOBCjt+zb4ekqRQEEbdoGJh0RBcTyR6lWN9+BVravShmVl713QFAnhKDfvd7mDnCl3jYvX9Z9w4IZ+e3he8GmmA17MzGn9ElcScKKNzAoMPYH3aw3FonbkWq/MZWxILNrVFqvJsCG58AjlQieSBLnejpVyOps0pknFZ1bSbnWez5z9sdXB8JA1Yyg3HiEUmtRLMblZ0dvMMhIA7uxWclVFXXbbBTb9nSCheWBcDNZ77guZLZLT6Tpqb5NuxDUp9FYF4W7mVE8xx+/1yyRa0FlinOmKmdUMn3YUdFieA3oOp/OgjBqpmMhWqRkENayE8YRtMnNetMo778/ih7C+rRFTG1FIkkTNPN8NyMXT5OxlqcsaHVNhzJzNptGlK3D3PFm+Fok6oJzMXoPkcnohbzGaD2NoVkH8ypPFgE7lX4PiUI6GELcR4id1wog0+5W2saRm2nxR6RuWhbG/2zAo/YIWdYo9fz3zR040GaB65lmnJ/kszzoZBDeyOfoXREhbuxKTDimWaj4XrvExTycHZekFQZj7o3Cf9jcNQ30yX9dtPKc6W0a0+leyhb4Ce+n/U72t93UcFWxNle82hzXWs3/Gj5eJBGFgaG8qXmNNFcl7SoTNAIRne2PD5zivvalYEwoyP8tDcKv441aANpgj0EqlGncX5KAM/EDuDPac3cwuzgE2RApr6ec8MEgu0LDmE09TSt4TXax7F2xhOtHReMeKhqC/MiCRGvhmxf4Udnvk8lLElHimoaceDb0gLAXXMu2ai0iT8DkImip0o0Igvx3AX9H5y5bCAVB2L6JbN8XATZdENFPNW3gaK6cM3RN7UmFfRg3yYSj+4qVG5W+KdhKvRLmY1qMQdFXn8/YHitsZNONZOBwHNdskq4deZb6p+6z47gqAalPlvNwn8kxsaysNAiRl2IgFjuz9foVHknO6yUvvr+5hfU0O9mDoHDRPzNXRj8rscI5rKICCSdnaCBxGqGOcQ5tGwgHhIJEqLYCf6Is2801k+l55kVXR9fT0eH9GeOXGcjAxkXYCYW4jT2aO0AuM0ufa2fHDx8vrFwGA7V8YDmZlp1Gjsyv337xscdLoEL2zh2oV+8Whe7vbAQv+R9DuQZ6/MjFjLWZVZWWlh+qklhPnayMw+/e6qtBJB0ZtHh6WRU8P0st0ry+SCrMiZKbmVD+S9jkY2jxcvCbJ3ky/jlMh9Ulb+K55+zE4ux2X4R6ZL+qpNUQqfs4czaaCQuEnT+WthMP7QJjb44kw+vXK8XF2oHznoote/p1a7TSG74UtigS07/Kz+XmbkhZdzUHcPMa5wfV/HRRBsUPI9D6OHvVSv1tLX9Da4HtI8Q6grXYCX+pfcv24nFljXPYlSwNnESWE+9N7jnp1PzSBc8fdKbOekv3hd+Q1EggB/7Ni2mt3GgnasrwitDS+BULsKbtFd7r09JP01azy8DNxwf4mtGL8slpi/6xRygi9x/KuFAdkjl2kqq1NbZNxNxYvqV5WIum1XxKqGqInhQps19k2Nm0JyW0tn7X+d9o8pq259ha7UIZs4H0spu/q1D66jZnC0vL9s3hBFtl43s/oL7n0GvAZKtSePwOI8KpLenyteD9z55M/mke0m0SC2fX0gm7qKbbUTxn/eOwjEw+BXCeZ2O5L0m4tFi27Vh5+UEFdYUOiIP+HlnaYbQlf51qQebtdwQWpzYs4CiMSzA94fR01Z9aEOEBvRvIVgC7sSv6irEICduGf9lS5QIdcBFdE+q26lmbbvtnQuI8qjHIS4JoXlku/6Oi8DoP1lCxR3sbqYil1Ek3j0n176Jxko8t8OSGKUwdEFDxAzAqY6y30zilIV9flBWmFTmc1LeyW3zu6nu0sMgeKKbKN5mMDXI3ac8NjfHnLvS+Wy45a7eSgxBXuuB/gDKnLHDYpEgiSQEWcHjxYWGEb5guCZMP+HVjH2Y6oM+zdRWKoUduLlK1w5+DczUw4RZlwrPwjHuUVzXY0QemxOYU9JOoCtW3CBBmGWDQAVDS1UK11rS6IsCZKnL5KIRiuHqS+XCTR63zKIHnmIxwvjC6eVRqh7PIXDlSfxHWwbyuKfgJ+aZcY5diNA4984kstA8ezn8Ndr8cC8/yIeeOippHAQ5rep1xqTDs8kxDCA1yR8ZyG0Qg+vlCbmL6CJTIEeLDedPjXsgEpQ7IOGwkLz5uNod1NyqEYfCjY1GqDkzzH318m3PzdgO3Fv/FqQ7hilFVrje9xsE2UJMR9cMNKbLA8aHh6lRV/68M47MIbinNd+VLvNJdhYVicZpgqIE0noWhz7uiI451qYCOn3vZm1QgxRhoj3ZHdcc6UNJkRcd844v2SLTiqollkrS33MruRjhipqx9gnbQ/iX/toPDP7VrYnMjyVa9ms6ucGx+jt6smP5lw/6q4/YMcRgD3xzn+2ZTbW9rGIBxcXPMXbSGgCpSqISphxpMYKt4D+uOHjQpi//6+asyVnUC4uU8gJNb82PWTg+CnFdiXSEJEhWS4eOIzoJH+V719oX+FyUwOezhkGYTSdB/LnuUOMJxe7wu6FbqeBOGXDI2h2vuIzrjw0l1GjPLW1xiJNezyudeEe/FFWw+hlIR/rHUZccQShwsuAHyPplEfrdlKUeu/OI+5I97U8v4fNdVpHnrJk9UWDGmaTS2ejEE6eFlsjsX4JNqc2RAzDr/IlGqgt/Km0YAr+g7SwANAoGip2pIPWsAGAVlj1OxrUbnVarM8AjezowXXvTksZAMu6ruELQl6GemsoxQ0jcFzqscX5w/JxL70gYzwDYjfBs/Z5UXLV0N35HOOozdOvJY6TM+rCEeKmwuB6srTNwSlOjmtWOTgOId5m5afMnYJipHFxRE7G4DGHcuWXD1VTPdP2oI10cYUWnqej6FldcXa1hq5x651qgUD9Pds1GYDjrULtnhcRz6TBDTnHOaHgTgXZRUYusDGUi8HLYg8CUZZ1KS20NVyEtFNT6rUFXil7lnYJUNlWPRHt1z7w1fT2gwpF+6qa5/jNPs0E4uylq4jHAUfYPbt0GzqP7+kjwJbMlYebytsiaonzt8RHPeoNtmOXXzZnu3JlTy45cyBQuV2tHsGbyQkxNmswwpmW2FUE/Lv0R4Rx8mvoGZqbm09WJsazwJKnOPNjlf79wZgPKP1yP+WRmDRoU0OZzAMLHsqj4MirZlsS07CowDz9m0PLf4Sw2nrOmPQ6bHCNvEAOBj07lHpG7bE1PIVMG+X7Cx79bYMjS/NIMVJajNrDADlfwuZIDio8HUJ4zivNUjTyjV11lYeHQh3kDeDYjj2mOS0HgtWLMiMQjtyEst+Xc5cLSrABQ4TVpUeRIKczelIgqwldkQbiUUmEVSvWSKsoeEb2GfamIoiWQpLbNfVbIxn1RqiDI2qkjF5d8G9KML+wPKYQn9lfl7dek01HlrnWcw9l/xRI+GobjBcUeXokjPUqvDn5MJee2OrADmbH3SJwET4RsYQXTrmMTy4a9x9eTIzkoYhlaNRWNIN3jmfTH9TiD88DXj7tjBvKwypvh655B3NuGQfTPRNvZNwh1Jz209g4wUR1Vcu0om9+MZcdb5X9LJtvVIOyOZhObXJ4rN2H2ZLomEuyOvvNQXLluP5v7t+GjHj6xq7lLCFXJlfSW+nkmAaHPL253AanQJXmLieNEFv3cVK5VBRUaszav1Mpo8iK8BHhzF7+M5srUlzOAQYu3PLl/U+UWpC381A0lpfGv+Lb8ePVIqUgFePE6Fn23b7ejAMHg7+qDc2AxKZ9oC9w6TRdYZlt1Je986aFzU28CAm7mMscUKIvf6tS2mNpl7zPLs8vITJBnOtBfvivPqdT2phFcu7mzWtgJzoAgt3C1CrYaWEOSJPULR/0pxWRpHJijul9WYralN5Bew8t9LtW48D9uZ6P38DFceD+8Bq1G57fQO22aaLyq1UCuQd7miOBHgcUzKUTZID4XQ24zYmS1pnMc9yztYBdw7CDMIvwFA6GVXv8wLDSWBDDmOBknLqqQnMf42JwMEWhuIatgvdKY3lw14glxOok+UVyl681YexNxiWs3J6gyZEiRx5G6Q1V3T9KT9+QxMr5FlUz/+B+oU4lfwIq0h2bbwuhdPO9cw13rwf4tInGg/eW6tgtGr3Jr50veqOh9BDjp6TU8dJfgxpKse9HHub81STVNJbAEEfKbIeo3J62/Vhi94rlzuFtrelu1Fsw8SWDjl80kdosHnpeq1+odOZy+KOGgLk9oVXSAORxL3evptUM6dv+cGfyIwQcUHn4LnCSSLKpZZcxMrXwxRyraehuCSp6VEDT1YSDRJkZ1kmQkFaYwCVGv+uK8osPdKWQojpZ6w+8NMMXxerWgpCRE+M5x/d8FAuSgLCkuM3BIGcOhEgPpDLVDt8NewyKYKsLRZE3/nFkVYe8JMGz6rlBg2/7bAm5SeEZdvvvSFSNgD4PhZQjMXS5YI/PG4B21xoS4c8QgECxI11XRbwbKiJ4KBJvSBvKZqpBVm7Q1Pf6XwkCm6baZDTlkoo3pFy/4qE8u6dPBcnyqH3DO2R5Ji8NI2I5+WbwIV4VnIU0seemASVds76nMPLeCo02jyGU0qky3kbEDe71lc9JyV7sv1J/hNJTWSu9b0NK9lr2nvauH9l71wdjft/3NKFPnIHNd898FB/hbqy4IBwkYSCHv9r+AC1fMrclEZeq0CLcq9dTNCkrEd/p+LIsSv2cK0F+eF7lhijXfenK54FiBxGGY/Q+zHavzGXzYz/ZvPZdDpmmoTKkvZzk7SkfQCUZy/jiaX2eICm1qfc7b3sWyhBFOzSyM4b6RQ9JnT4czJLXgwqqyO3JYUWbYcJ1tCfNbvQu4bsDY19g1Wt9odzJIPkcITrSKlTF4vJB+l0vA8xObd2hlIvcAtIHZGrE/zlMjeGc6mrXo0G7ffrSuLlEOwvZx4TuZQs2dKDojt6qvZQTySQTrtx2i4a1cF2Gluv4CDiKbiJ6BJS9SXYPSqWmDt3vX3WEJXL/AnFoKFu2uTfs8/xclI2yktlgYypE6sSxO6qNalbRKoaFMJvy0Zys9Qb1QOHL1WSSnCJOfUa+eDGkeS3nG7c1EXfn5KgH28B+cGbuT9sh6lP6UDArGv3BUx+KxDo9yQDPOpsXl/l+ZnBCVZC9LgHGoJKZfJh6Dbmc5DkcL6Fb059Vv40vESfGHA1BsTdXJVG9PAQ1kQnzi6e5T4LpbWswGAdSuczvVO4Z9QgHBm9xYHDsafdPVM6NXtY/6yvraWtt4FUo9RD3C/F0mJke3Co9iTIzlPo2PrY1zv1IjF6Sn4ROBAOg7XVQmZPX4+t0fLiPhxIwzE5yRR1aH8D+qQc8lM3+QnDdU6c/dzbdkO/jmMXa0gMyVRbf+mUK1DgZdpoW8j2rGXbNBTKarjgfnDlESM0ogfQBwAa765+3hbDDVSKGFLInStWNExQZqG5UuV0jawS/NUMUya+JZAVUJ5mzjeLeV5xZv/FEwlEgvsU1YVg9pfNnySp8gUTl5+RSs+t0oICfeWZJaXojiMEkdjrQ+2QM6kcP10nSrbrbOb/3pHfKnKdO8VR4gBJeoLEkjLcR+8jncCnanWuRvuLY+Q9qQcl6BXekt3tTozaRnuaBTfuJppHHhiKQgpojickzRN/bgIp+TrzlVRu5nH5QbsdXdLMfqoOAEkogLnCfJnHtHJv5V70/Tg/dh19QigCJln0/VaCxNVBAc2SEktO1XL0qCYTHxMmMv+fOy2rqhx0BIOLDZXvdVZA8nqWLypORaGzLpsZee/BvT3KXtrtZ7eHXhC6OXPmyCnP8X/VGB5fbKB+DpV0vRBhMKJ+fd/LKbufEJW/U4v2n707NDAXw5vVtBZlm8HJOhCU7Jx+hPeD1Aa38zOYWDlTaVu9L1CfLQBErWwMhiVE3jgOUpCIEaruDS2HCkSux/a4/K1JhD1CRJiHguWY3eUvSOKyvAEpSoSIi5A0HqvP+YpqaJzR8VPjSejLM5cvf6KB5Ws6VCwwos2mel4A/PLR/2dpn0urri6M6e04VJ59UmD3XpXyKD8ZPzfW8Fi97V1WwejSLT7dWNEn58Z93zyscpmSdsv8l2qOqY/no2EWQO/wtXnTypI/Mvda5fx36VdY4vfwYTM76PcpRm3gajfJVoRqMOXDJIyw9hRu0prdvQLTnGxFto4dxawNN27MxJLd3AzP8uoEZHq/ayUPpC1ght44X4Me/iJSuTOepF7HoZPduX885aZDRxbGqmQ/GY4bZC4usu/sDz1SJildd07cmdLBa56ljaUx7FxJC9HmnbbETtalceP3Kal/VRRKFnmVccIWQSlnZEIRfWdHiKT9S7F5SxHaaEIfLSWG+jTF96qJYF95KnvLWwKCrMdBNjZC98WQE02sez72qpq/GHQYQC9GF2DPEOJfwQwHPLHkboe0FyF80JQPazAIaLUYwACREY1IS0ttbIJnXiZXRRPK850pa8/3gyZc4Vca+jPcpXLwI4t+tZfzmRC2yA4usd6cPoFlJO6w//LJLg0iQ+pLotDjU1m29Sm1X+zWyK1/KuJFgQ9svBkCxep2i4nGtNBzHg8ApfAF3XAraA4+IR8i3RumP/SsVm/muuYNc9syBwWcnmvY8XRv3BF+geBWh6iITnGA0ZNTlCAm31IOjio2VnH2YB5j2LVNGOekYroK0gWCQrLzUHVb81tV0I6sdhDnO2znIFlrJ+Hvad430aTp/dUbrvwgxPpwm6+nvCvhFD4QILBxZjsWVikHQIsNfqu7yL2N8EkJrnxiHKuPV86u7WmjEYIKsXc+2i4wrhKRKBzi7zWY6GCU0Hj2130nct89jOB6cv6ceKJ570sFcsU7r5pOg5HdVcvVEfXL8Xh+Xeam0FMS/1tcX1fdz8E91qU6Ug39GQRInj8/hIDvUSJgjfiz3+UfuGlgJcUxDp29ffxbgZV0nrI4pgHj6+wF+qTaQeRRzv5kwXDQIE6iGjSpYiV6fhHQVKFDMm8mJ3hWtRu/CifEyspLPj6JXfIDi4Qx676bGRbfaCTpAywqtwvE2Gm2Bp8ZbxMPDKZUzAE3hem+au76s9vFFaRBNdhQHdjsaQt+Mq1cv+Iuar6ewBhmNgHQzRvlphyFCbyHP3DgoIbvoCUtmTbLiQBqI6AO8jJsNGkAaOFQlqMXbCKGVigdhfpnNAmgtJkUjPTTnyRs8xQH1Fq1vXAMVAYjRO64mDTvs1nCxzPjUaaSri/rhJRWQAEKl7/srKWfHVdRsTIDJX5i23tTYWkTvPlkLM7pPVu91AIrv7D8DYpia3pN8C7twf6vjSnZGV6lnR1pv5pRmxTctmgDFDdSOs0PWX0HeatM3evN6CRcO1II7/VAw2jEaRx26LxS96lCUZPxwKJqLy3WT/3EoPm6NjNw3+lDn/QvirMZKO3qUmssomxA2wxyeh5ouBrJwgePxJ9tbnBXfQ1T0e5ndMbmB5p9nzExWqFU2ffByVEP+SnJrwmvPjNsyoiQNWt+u9Wmw4aCcpEZgpkz7qw8FYVxFhuCETnBwCNxYqX5cuGi1ObEThyP0WWMDuuXsuMqfJ/+7AFJ1c2Igi42EZvYdzxSCTi9XtjMHJ7uROGdyfT06+MTuuTjcPW9E9x6NiFfHgm2DWZF0G+TFF8QACrI5s6ulsBzGGOoYkfNkrV9ziW/CgIdJHpnirz5ibY7cJ9q5/C02Vj9ppFAUieQYt/oc4zau8C8zWN6h7QgGVWvXN7ljPHE6cw8b7Cbudn2VjvWL7l5fnP2Z346uilk4h/5dNfGJBGgg/j7lobTato/Ifdzs0VwnKJOD3a6J2kD1GgYteCglrhrN2eKPENd5KK+Pq4M4mm4137GMB5/AKOTwkFZRwdF7ozyUrDxiGHHD6VpTxNv4RMPxEHIchOkxg2NPj46k9nvcqFZsWTA/O+bXGla4WsYnuFbGl2UcBb7w/KsjITa6vIXJ5rurJs8Oup+8k1Lt24XOuYLfawf7Zf7bJT/40eTQzjRVs9ZNjeQ7MVmnww+H2EJHbLoJUUQ6UZmKlVp/gqOcdIbLjgP5NRVHflM1k0lWMwpqkLrXF/AuUKEkPEwC+SPNuGeOVpPVJHPJQpRjBA/3KrXdfnDSo6JN8WIVof/J7qeTKeOlY8pk6QE1FfQKxUC27s2x8VNyrLgbQ8zGilqIh+VWI/75C9FCZFJHwJaJh+nDRdzFryDmhXnWd/dITXdtahQ9xPa05u9qZZHKrYza8tM5VRPiAX8F6/NvRe0KwtyEKxRmvrlEEc9OubKJcZDKGD29TA9txqMSqzI98KLoNp+p01MZADam2Ko3gH1w9GIJumF9wB+p4OtKFbIwQqGnHeUexak/babL2g/b/EP6yq4CKpIuwsfUdwc1PLEZMl3KrgTXgMwRyJaJb8NG+Mo+PVeGoOMeG06hvmS5cXYxuwVOUpddv0OHDwbweh8dJqXXOmJreI+T81f/I+dPQuhXEniGbZ5WyI8NrXtC5u83o4IHdauzf0mMzHFymH38oo/pH34pWxMju1GXop75S6YB2P263C4IMf4wd9kxWZUDcT80rvgAR+PyD6uvatyitzVhh6LgC4VQJdIvmowQffGdDL7ESPLIh/E43IjBcVjeDe+GQVLgfvTmRFyf1QLsIBDPw3r6Hskt+9DdB4D4U1SvY56V4fcxE07nPv0UinOeLVwPxW133ZqI7oS/VLk+odPE6LA2Ymmw8YE023RS+4uxNImDmFxGCymy3aCJWHWySTh2Mkf/1zH7DsOoSamPWezlEp2t2ZY4LuC4hRJoVHtoqyO6/qNll82Jchuibb9oWgeBG9AKGxA7Pty7ZysXfvVFbFCw8v/HcGbzBKC5lq/MjM13D3kPCJACF8xQPQjWTKFzadHi61+rbjUgbiM+61svjprDaRfIOlW/pR20tuwbXh7ujSzuw5tQlWRXcFxrpAmkbhoBywm+LryZ875zk3hOIcTwMJGi7FJFTroXmji9zt/yb3wlLz993ufDoOKSKr8s+kRrEdwP0+Iq+84AvSvrOWogjjfsAjlVXQtp3za9glbmF8G8qwBzjEn/lYfyzN1VbqrJ6C24gyTmhm9HoFZSBRqTrp/g9teUQRIgIOiKe2BtCPj5w/0OjEhwKBq9N0plZO4qb2MKW824xIKUKaCZtp2LsiTFy4LE8eSICuZZqzHKQfu2MvSrZ9g5zJsqTr+BtIRDqxUSiLUKCWRexaMc5NcHcECFZ8gvHWErjzicVzoDM6s6mjdzKDRysV8L1NtSohrw6F0deMDrWJ5xOH3ij30T3dHGSux91Yj4KgqxZJ7A1eblgt12TSl87N/ON3K0G+kOX0Dy4O8B4j0Tvdfz8F2cjf6A8YpX7K4qkax4deXTZraeabw0EI2tVPxOtR0wRKXw0u4SEIdjoTm9Q008FPu3zxTbr9MAmrC7nq8f01ToboI6ob8zQH1U42yZOMTRh7u03jfXTkBTqj+2oEj/RMGIy4aCLyMeymoGs8+CaEcGQMuX+VZ6FN6TWRbvVNSQ2o5RX0oHsCrtZN5Gm7cBYuQAAU85WU1Gw6JPp/qxgHTn4Jzi2bLhMu6iJECCg10yHzjY1e8kt7dnmyBDVrSHC7psQGbKrMdExoOzO58QifAR1IRmjA9lQZ/Y8FBmHEC+NBk54uk0xH0GTUyCF71yUkoutvbzmakyHSKnH8KmLz+Cc2RQqwaAr2+L6YuP4AMvTb8Br1SY1TJTYzil7Dhu4AQNakB6pyOY940P9m68LnicyqxY3OxczRSx75eO7yn/kSnyDGL3ISFEj848y0PJvV2P3+u+f5umXd2y710eipOzf7dQ5ehcIkDbO91RcSs4f7uonZZIbAKo4S95O98EBbRRyAnSC/3sEmaGbDRWPEgCmry+V4OI1O8lFzM9tZrQ46dNv/1UdHFau+efoovNnkhO0UVr0fhBqLFv6steLaUlHVeG5x/s10wj2MAMNbdaLEMqlbWIpIv51GoyItTnx5RE/DBfYFumyq/+3oK4p4yysXfl2tkfN1Zp2f32f0VUbrQb5H1+0VyhsyQzrcotraQw/ewnmfM1oEhDdleBlIiTEgLbiZnyqytr8vTaC/enLJD/MNb3tgA5osbQCckZc7VqkOnQq7hO5Hssw6DlhUX4g3xtZhu5vkSOE2dbpVc+uQyrGk0NeQCy240plr1AbfTRiMA5j4E4VRD8ZlLc+dkRJA79CI/UdXedXa+NBHzuRQC0l5pz2Ohhr+7DWiWryOQDysJvWZzsYQOA+cWSdlBXfrS3spa7H/r0EigU9Sh0Ug/1uYAm0lXS8DFzEcTGOAMBZbmkGu5JWlKMW0UiL1VM7dR3JOKLXEciCd5/Q6IzAifkuLKFcV0l0gBEQvLXoAZhSAdE5XZzFm60fdROiXTnQ1lSVyL3rBOmQOX4zimsT3dWCdbZ1HwwH2IRqz8J6t+V2z6yv6tJoE+4cLgTKWONO6Xe9uZ7LCkWhHE92fJ6b0NNcFOoMibXPS/zr6fwS/4HpSAp/nOvVzAFoofG43ZH6IaUdy4rtJAejnKPUC0HxBt0mQdpWF2056fwmBFfIt4B8FPu+mb3RxH0CqkNnKSDiLHBh3OpkngKEW3ujNpdDuWjBNxlj0HSzvnsPCCSOE7N1dqAZwEja84lU23IRfaWOUIGYQ4dyMet56jpcApBUMVjf0j67NBELnOiA2YU/+CPdX9Lml0cWXID1ZM9csMjl3vyJaLNKvj7SaUsBd3ydACCSSH48FHGNPgS55SY6flTq6m8mT6ZgGVItzzF9pQyfp/1vGKkhB9ppyZDa0OPoz5TUHsuF+0i8KswCt1E9CZHB5db/4vQF/qwo9UwMqdkJh9qoGeDGiIlzoFIi7uidM/glPK+lMyqbvVzRoiGW6EW1js0Rwznxlv48dyLLs7nezHDaiaGY+yS+09xr9hHLnntR58edeVkYiixTADm9EknCHbsufbRwoJDOnGswIWRQGvnqaLBZarX/DuPix+SXD9aG+gUlV+5Gn+jd4mxMlOOVkcsZRlunH/WRs9xy/8HEPi/Sm5sXqWxxNtBIJAbQYs/H7VTeEF5U1JSXFY/Nb7CVeEp9+U7sameYAlas8jY+/00f885afvemQUKJ4XsS+6kySes415xhwh5+xsVTzTCeqT+CkadvTXE/7r9QB/LKODx0t9PUDcpXb+tX3XJA1T2kmaL36hq7sXU0H0kUGF5I+BXgGImDfDKnzsX0O6+k204VcYuZLycO9gmZyKZYFXHBT4NnJNzs93UjjPlHwDaAv2N0Qc0QMO/Il7mo2x1DvT+Y4WrXanvARBxJJpvLPaDiox/dBhUZLcKfygyT+xPisyN7lMGEw2SsA6JODqMWh7SYFpdguvD0did3xpr77TLt72Zz7B9Rv0bhoVAfg1wHQm4ICJEiMGluYeF9ZhYOft0Xe06nMFV+dkuuqmxhnVEMm7QfRcm6f2INXxWkfM2Xi1rdxo7+KjpaXfS9AukTc1TBkbDbJKM/rz3jA7SfazOCcmALfGeGhGRozLacdAiSZS+zYvYU8OPcH0xbyUnsq4QlFEG2V87ly8BKkKtx5s9/cNjj7qquRx1TX/TcODNSCuZq1ZjB0E4SG+mv7QeYbQN4+vCXQiaGfErqZWTGltJEPbgS9R3T+f1cjXdoemaK6f1oaLV1HzqWg3ZRlYtS5iG5aGM2oHUR6HM3wmG/e2eXA5WXJ4rHMRhHrW9xq0j0itmpqQxA/m+4tBsyO5/ykEjRYIwtZ3KBOKmRoOakQmvg1LxOV0Nv0MRk/JdXgnsR9DIyHk53IZ6y7Pgq0t4ths9NgcuVSINL9CIj5rgBhvrC0DxkwQQ4Cf3jaIkw1BOMiNxox7B7O3oRNiK+BkZTbk93Cf2p4dxP+RWkBMot4RX5VbKqdWIEnO9pKr4QSm2gpYKkvbO6xkyZNTeID3UuzBJ4aBJKt5borvhtYHkMdjEweDYuJG95XsCQGCzm1afPcst7LZ2fS8VMMgAhdY1111ZPwst3pJ/hBb/hMvWRFYLKPJd/OuiEj1XTvP3j50IuYb0nutbwa1MhrWxDS2Un1w7yLDU6aRoS+Zo5bJiTlbsPXlgXv2i9YoHjF2XpsRw6ORiLiZ5//OZS+0qZ2G7jf3B9AZFk8enGcZrHlwBtL0Al386ZL14FLDL4zSHcpAdNUcykm2Ic/X16KY52uXJ1M2B4LuR2KaE2IEeDGVlqbk7orVCcKHMd4LsUvyUx1HuMRMmQApbSeifWOUsmET/t2shcdaWREF9DACpkkwTY6lAHqvxJeb8FRImqlWQ9TyEu3xpuo7DXbYwSG5z/3AXGG8j+e8qxUtKCGfwnOor2cY9r1YvwMNSMPAvF5xRZ+f3eJCvy41qRcMH5fzaoJZqy/g3BpNdjqe4Weu47p9ru5O2kkXXPtZPe8cxsg/qkEf2X7qq8X6/pQ9kEqerrg3Kg7uoO6Pn57HQY9PwsAGuF5F5cktiWIluwJnRjtt2Wle/vkYLNIq0UvmQHCbjqcGx+y5bavesQs6ngtSjGqcAy747H2KyUHV7nbfD714fdbDecUbqQC80oBZpBq8JF2VFQV713JNfHgbgNhpP/LvRH+L8rO1U9GH31m/rW/yDz5Q9cQyLr/9f8Jk/C3gbGTE3KhBjMln+C6ajytQkfZRLHnYfNS9Bp11/IcoqFpbn4mVNEg6y0nsF7vljjAZsgI8+FFX45/rNlJqKQPJwoDBVXZ+nc9APDhTLCLWHX57J+qf2U8MA8NvejG5Ik9FlFwI0w2pYV/VfErpWIbqS28Dz5/GE1XsWCaBRPvq5bJA642sSak+swD8SCuk4lvO9lZEap9BTdUsi6yMxTco4SOIY/lYdJN2/Drz8YuslwG+xJM6Ex2+RLMF9gHd0c5hOceG5LP4W+v+O6UCnC6BRxzt7fVVPm1cmZxE8XBthqgAkIitOxbrXfLOfgGb7AcN8OKj9fE4t0ysI6K2JJ/8MQb3ZuWEEzk8Ar4o8Yt72KeMtxeeyaiRHNrYPKqjRh8LrQ6tnq0DR9OgeKJoENSrbiGllUReewK/e+lK08iRwmdFKV3lU1mAVW4Ry4x3AD9SzDR0fIw6vMJc10J/H/+VQx8xHtkHnA9l9K1NZRHxyMpaFWoeGT8f/R7pzaoTP85bIzjN+L3baIPWjx8kjU2hJPfGLliAQEP1cSIhOR64q2Ok4cBDxj1ze249nPcjHvRvhCkk/KF8LSZf9ZeBRwzZJKMyDC+YEH259V2RdnzSVfZprW+jZrVYK9cXar9ZaSnWtEp4SV5BlDsrgbZayUrMyU17O0aXwfbe8d2xoWBEBIkja9PSaBYcrEEw9x1bjobhfIIsdjCvLlwbivTG7X27ItcteU00WqphU8/VecgJFf12ZPnNg1K/1JO7fKM+l3iFboFgu+cwLmGNO64oJ691uN78b/gKadu2wOKtWxLGke6rv/+Ky9dXQIL5kYlxlNeO2u8yWfG9osRqmkfO16OyZiWKlBBbrnh2rheij9u/L+L08nIG4C4D88pqijUa0vJmMPLS0sAtaWa99mRGOmk06btCw+JFeuF2TERIc2+Ud8Dc8zYLL0ZjzBWFyTHbEeTIshVPbE7pcpA9HSjNWY8pA8feY8pbH+nK+PWs6KWHfJE6BSRs17i5pshqv8WI/Qo7Ox6Jnm/FOXgEPlmFmTO/ad9yrE4R2zHYXI0SCQl7NPB3wOlfJvvJuwWS9CSWoJLeMGowYhScHWIDIa2Ol6yunKz0SAk37dSQr9HUKl3MVObyGIJs5ndBMqNm8NMOQBTfrfxdJCSBS5OocGN4PDfdUHz4Lvti+cSPJ3a3pXPGwIaWrQPGVPdAB5ZpeiT2YihrI/zryYnSz+PY9MrXDaUdslToee3aECtBMqjzG/L1dVTgFj5WBO9zatzgeTjvP1cdjrvs7U6ksCb+fcK7gZ54SWrJe0vhtwoZzhn6cp6XKHbEfJilcwkPJTC6wmFoDiweNbMMzxguBZSuBTLGxNOmzAVdIXJs4oV59Y0vL+//H2mcpUP8g9+/VJP//B34ZLsrxkthMoT058stKL92V0NsVt5j2tuAIfZLYUnmOj08sgIGEZXTl7fq1F7Z1o3lp4P8RikCsfHMMLIUxbDkVNyDu8LejbzuH3Q+4xekN9kXRwrJP7/PAjBLfK1kZRDJAw5KhyYtncR0H8cqtS+lcixIfz/HwTbMZJB3P4niTt77dx3koaePdWlsToewugUabx4K6J8AjacIrUobLFJn24sh+6jfq6+lVnqKfeQ7Cl4hsLV7O46G0BEhchbBNIngoMxncky73ZdW8IhaQUyec5lMiLkR4Gp07Iz0oJsPT9+jduBGB9e8OfnY5eMJe2QvlmegJlnbIsdmRF+wfjtNpibx+fUIMbVyyP7CoQt7pVuc+RAS4f9vayL3sP1mZJ7ockYpQyYy2nq37zySd/zpEVGerRleJap2ScBRF7yngwjK5/uDVAT/LOoKJ+eImd3ndz9r1SSRN/B8/69Hkqp/10DyLDN/UCPmzt+Rwiyr1jyfXqNGY4Vqx7PHc4JDbcmhkucXNrpPtWWKtYQlXUDsPyU5IRdsaEpaYIjsI10aJjNiHkNzLXvpxI0ZMu0/qenxfHAVaU9aX4rJxAoi4PQ4gv4Eq6EUpcpI54S98YH2s9rSUXXPfLq/xm5cFI4gzToZBkw8PEXseVsPCWbVW+rbBnl6QOkh4m5V4+T5xZmgV++nZb60CjVjmrDCyoQXxOKWxVKXrDV/6XEdlz+JZRzlEnS0fZYir0/KSOIjsayWHDpbfJIL02vKtn05LPD+q39nTutZwB3ztiKGU3Dnha5jpSYr1fAIO4f3hWUNSN8i84EvZRwf9B9oiXg0tXTLqhXm/NOBtNG2mtG2z5E4Cnv5tzdWHdRruxLx2MzUOwtx16vxheHHqcno3Ncrf0daEqTwRmDemn+lLthO/KggBKRcyxBoRkdVfRtyBB7ySP4z14iVn3M5xBBrfhiB7zmozsMe2Ql6TN4cGLdBeHisyRi8FpbQiDFS5mNCrYaubftngGYtLVzuZLM8wwBS4BgaD6lGxtxBUqH2qAWLwlWWhnn1TCbyNBrVqnUNi7xygoB6Y1PAL2aD6RkFZAt1SYI03cbBNlO2I+c3p5/CPmvs/aU8KhTjeRsTL0dRpl+YORdZrPUy93qu+snj/hb7lmb7U95FWpL3l5WaQpS+ZkXxvWBP7NGwlZXgoyyY5dkiDd3DmxeVR6+Wklc1pDJu6MY1LFDIjUGNZan2Cl3QnDHjEjLFFi4bckWZfFZ67DRRQ2FgVcgPlZSCGDf5XGghY7iH70Fyw/eI/a+abP19ZWGR14BdYaQH4gFBiXnGqDRt3M7lSqc5OnSvc0pEPSjUkqlxKlQVeaZnbDIMdRcPf3k5E7e0Q36bkvgPcxjrEw78kCC0crhJtu29t2Wf8AtbjlJ7KSF9etlm/4rTCKgyeDC65Di981338afeabpPakggdEeteAUGt7JVKa4mrhgR38CBoD4fHC18uO9Oz9Ja3Ufqb/xWAOTqfSqDSTDynlAPKZioXrbnm87k3BqB9I4jVkIuLy+K/9wYrjBP22KG4bPyy2Gr+pctqpWHlap66X7rIkSGLNGrzIqlSvO/OJ5AlHxk7iKzKekcjVLH8jAWdVcc4oqNw1K7b2vaxd9D8eUlHjXx2WUptGRQ7TYLZcDUxWc5v2Bukt6xY0/vFJMxH/JgIKV5GcySMk4agcThCdlb1u2TbbVE0sirZasbWs9UzONnqNweCLbKGBRZe7BT1F53Q21tc3Jq86xcMPeTvuYe8jZBXFo6X4VtSRIazIu6lszvojkb2ddcH1XEJJ/sk1s3YoHJOPFqK0OW4T0q8+7tz/6191bk/Nv575hrLupMsC2BvigZh6GX5KS3uYmlzwsGTsKFlpbVU9Vf86px0n1DjbmgBal7/fVJkuaF4U5YoV0mAqirHmZSBto5I/9otu5ysL/e256r0P+lJ1IuvURJBDU8gVEtia1fE9QlObaHIoPSOHnhb2v7Rp+XjHJeNBC6CtG5C0fyuXu8g74S0fRob8m2J4GkWfkcvQckIJUSnchI2Rft+JGy600ydA28BxQO9BixDHj+/2JOjZMk0wFLqdDhM3R32BLcl8YwV5C0vbSzKQBfkTLrwDVUS1KM8lNqtIB87OyJhrPf+23/hhIUurPExnEeB4tes0BpyGfTsZPhHokKDg+KluJTIofeOn4lRaQHOALODrnVVA6PyRKWq7Cz3po3gYFbGQMBaq4k4r2bMvxn1RGyzW54r0lhWZ++91dpB+GBB5ht0RNj9yYNQ/OvmSejFGlZwWmsiS8JRzj7uXGsaJHJ8//NR2QlH1bYAJ1ZrYNc5lOyZFZzGcndV9fqtl5ypBjwxCKMeWNLXsvUfL+zbFRTgrh6wrB6uInEs8H7idEeF4QF4bvruLK5dZ7M50fpt7D1rK2yAefvrfWUWIBu33vBZgGv/TUHwYHHexnL2Mi6t3TWy/amsL0i6EKACwZHzZ4aHDS7tfa7MeDXP11fKUsD47cdfRoE8Itd/aQnB9J/IQt1ANIdYTpS8Sl/8Qqbu8/8iWDx1a/3aid+pXNirn6mc/ICtxYIXxzE7o7bbDWQWE0706ZNNqs4+6bcPklWN4d4Illq5O1+M5GtlCfz4t4kLxagEs4Aerov/1rArSCL1+KxPglKvcdpvGi1rpE7ofIfNW2lJNV0sNnRku6akhJEXTEAT7TZ/vPw1dxRKrQtc2jV40r5oTn7SDHXU6AOuFv5AeV8Kzn2ntzDOGG7KQ9kQirTmRGYrUbBOd6O6Am5gC//o9LZgPtXObrVBhORagwibjBPRwzbyQ4dKZY/FExxZjC2PQQUE8Y+7QcybDahI6lawtdo3SmbUuQf87Y4iII/ZgFvKF65S+sxfjnBCsk1OfZ6gy/57npAYUPIIr1/XyPXqCzyqAC9C+5Gg2EPjd0evtye41a+xuYF8kZc/2NzbDAp1lc25mIN7FsTk8kuPhO5OpgxRPft+0bQzEHV4JszIrKo3uSkeEAFhouXFU0GRPB5Za+ODNUsvbm41+Lt0J5oeZaOTCJMJhtjGoK2V+9omlD/VajMClWsvrj/PvwjCQZN8oZ7WsM6UP92YI2U3yjn9drBmR5BQTnPEnRonidjqmfyjy9N2l+9ZzCtdMgkR1k/zu8ZHicm69RlP8PxtvqOyPk0k0bEdJA14gUZ2OvPsfINif9Tb5g5soHXd6yxMV7fBNzfunT3wj+3/wXHgIwSIt3AqD72j/iNQrhouSzoMxEOSQ73EK0xafUvPfGR9AWiGd5U9fsPaqh15sEQDaG8OtzuS2a3ZHXOFNUcNVsx0uiINuEHKrW4N/yYUOztTt1pw8O9pxw/8kx8dPMmJ+BhUKPpKoHumU0H2iPC9AqL22fdZmYE4gUZvCxGLyfI71rdDTI9hd8/fvM7jB+vfUEfoGQF4hQdigp0eNEDS4y6Pv9abtP7ReOdrwklDwiUpOHuto2uISn0r+i1W1E1RX810SyJOYLwS5Oimzs4OcUY7jz15WSVv5h3gB6ioWg7jx0cmRYdGTcagFMbiITLNRnlDt8+enSDy5tDX6nIu2ggF1CvaJjo+Sj0Ur078JTx30lWID0OPsc1dxcQe+muAJkyIl8gpTXnhYT3nNVT5KGruZq/UFksIlCAzFibNjhu37lux6/PuZXg0YLHWaSCdqy0ZKppHzOszBa+LlETK+l+z5foG5HIqJ6ZluSFLFcGvmVN+5gwqQvENl2gf3ZzYWc8StLbGBqhi3MlcmKa09T8W6hqZ6S1leYCA1JhZ9TvuwT2L833wkKWZOUaT0vKwe7onTpvriSM70Lxe2flkv58AT5p0ZVz93Pf8S7W7O0DiJWjpMzsAt30lJKnvVrpzrkOFm94Xeq2ae6YDVDe3Yuquut41c88vBuZ0Oiwhe7kJPWY+ZcLjJ+ag4+50mzsKsLBNCQowQeaZ6/TExdoQUMmL1hfUXC206Z2MnlPWAlRy2qv3bf75T/wu40FF3oI220Wq/96KcabgQct86gjiJ1z7NmFGve0fXpSdCZI/wt9zCz6lTNSKI+kOqe3WrLOKVFIctqUFkWv/ViBGLqxPtLzBQUDTLtc9xJmkuv6lCqD0X5wMpSuxwq4Vhfz9LyKujOuJJM5xbI5R1K268DCMB57TO8zjUzg8gZOhdPhpGi/NB1DhHza7RJCUe9gF4gRkvKeyL69BHp5sFYLQl6m3QEGL/TgJPcQES2QDum7dvAPKezjplJmcdMq730lZH/6AHCcnKe/oo9K1nKS1roqpMpYllKZvErbq6XyJkWdHhLqRphEP1I15igPSrdRYX0y5Fl47J0d8tpCTI967miNulFuIuQ1Drn9BADyWhm7gFOk3xBOOAZA8O61oislqItJ57lLA6dl4UJX++m3wqcF8kdYjG1OeYqjxi5+oFnOMmd8Ob9gim+nvSwK8rN08RuxBTYndf4X7nIqcWssxejqymmP0ued/k2MEabOAm255fNKGygAfSvz0gwbi9cFWkD6i43A2IT5HgXiW1WaVDcUvpf6qay1nWnvcsLp6Kt96LQymC7gziQ6Q/8kkevQXeAIomrlmlnp3CX2djE2dD37K7A7gJSqJBFuJZ6Acpk6+Rzmqtt68Am9v6c7h2qbbsv5HGm89Wm17LBwxfGoEsYjuclDhiGldPWbvFRWQAoo1VOFn+3+tX27hMYhzbBAobt/uC1zoknQlIToT1CF9Pf5ikAKDIsaVzYtPv5GzgoTa3bwRqnwPpsrYvgO7E7JnbDl5E7U9NkNkfz21t0NbuIFhYYjDe3bdLTvzrziXkkOO9/g1QclnZQEw3d7x0m7+GiSBZFxqPnN6wQkO8zrgtv40y7Mc201s4Yftpq9/wtoC8OvRoMSxtuAKCEJXGjQOcc/qC2UOKFzl89zwuaSn00cOWWb6aeavfi7p5urnkiCcFoNWO3ZL6m3TbI9SrC5M0XZkpdTG4YKLLGBiaRgfa0/jbPEgCUn1U7akMyZG0eMAzsa2J9K2fJzZzlgpaipfuUQkC8nCuPYD1BvkOBVl/MNHumM0qXdTfMcNeVTWLH9+Ieg1XzX6azeOmFMyz+paFXNqBbvqGFsS0R+naIsm2qH1oz02fdhsj4txQgZ6T8qen9I7OxbcBy0DJwgi+Uoq4bTJm7mUy3PCRvrwnXTSMlurhmnEtTL+7OZUnKRxKk5erlacSDzS/REqPxZWtlpv/AR1gGxVAav04aOkO/u1PqywJyDyGP2ufNmyF3uR98QCS3i9bMskhY9aZQAIJYm7EuNxqQg0IWsZO+hzTJ97yzpzgkUBBanqmcZXJnko77w53VfXHbjABMBLX7m9H//H3N0UP4KiWSZFbRkDjnUGpJQ1QnJCY2jXj09ykHwxLDry8Rv4StNNWMuGMm6OVGyu4y9K7nG1heGzeWmv96n3QLmcOIJQ0OT5+UptCqwUFM6LGZWjb0aonG9I6fNrtmeeOMai7aD3+YnexVh7pp7GgkRmcWoDOXb+XmVS+KPKZFCFOwX7e5kxey0FG6Zo4l8oB1iO17CVItT1ItoNGrD7PULieECwgMU1OBe1gOeNuXp+CnUH/SuDl2RqEt/9lI0OXvBVbCsKfri+SjQLzoMHAnnU7BK42vs3w4T+H+bePKypM94WDiJSUaR1HoDUilJEQEBmAqm2UhXBioCMqUWkzEMCgUAgStXaAqkgkxDAqqRMQUGmEJI6EQUJaAxhSkBDSCCQyBggBO4O2rrx3O8+57nfOee5//QP7N47e+/fu9611rve324GqEwcmMpkECr+pTI/zZ6FkDVOE9yl6eunRr50saag/xp38Ns657w0ATWLxbKkVE8l8oXKP9BLazFqDYJSfOg9kYNPoTNiGnl2zL6CKKBknwDlQYCp/hCghJparOgAR8l+E/jxgceqKf08o7DHgRsBT84/Gik2m/AEEgBhxrJNwdnC/yk5F8fgNZKpY79DW7u6DksWfk3G/HU/nTVcMPer04LqO2EhqEsVLRO7H560sAB70yOFUmfogB6tJTq3AzTtaHukqTa0KeN8UWGOeNmGqpkIOkaNs3lmcxmrfztB8g2Mf7b5UbGK7fhf6DOiL8Ara5s/LOPtenCyTntP4oMPNtS+ZPdsrERQxkrLyLdz+QoQbVDPkfnLC5vyGecbfwOtAyYhFaOlJcZm2ZDi9W5KfkYfccWP2X8FaTqwr+m2P4TcibDvrGS16zis6JhlDBwHXSy/bks63r8iCJmedtKu3nca974H1mPfsVi/ZWdqL8VRw13goCkNglg3/nVtvw3XtBMbx8pxKfXzblOvXFOkH+WjakKtiBM5lA/vzyf4p2QMR46duecU71m6iDYrdqa2XAp2jd4n143/aS/IpFwsVRhVQ2ZW7PNeGUnAeAtfNqpaHu0b9lLq14nMljND1Rhu4rj5wa6ftyxVxI4fhVhP2r2tx6sU0XG5P1Oss9Y78bp+nDnr8SZ/bjao5soU8AvzTi6VCKPULblDXzejhq16Mi5oJwW/iMwINx0SZuQl5JmWZ7LVZJ+BY6QRy0mDqAjukN1u9nJyErH3N40ls4fLWe2acs33vOhnFbwEVsNR7nDpHk40wD+4ShGF4rc59/b/BcF2rYc7Qw23IWjxlY9hBAq4UG2s/zGo9rZpHgPqCXLs22/O6On16q92v/imxDmd+jFCic2GoOwSvnVCA+ztbpOLf9zpmvsOV4mqRcjRuRlg2CY+TNwXXeAxKGxwzGfPpdS5jAUpCZcKCTZu13UCpTYvfJkvt2P13/rdMoJfGX1cbnTky8rU6L3BA7dVzxf4w5/lXN8To2l1ZFdbzlhW5Y9LL1rjv6quKi0rwzTGFF79s6Tlt5SUFzfHEz+2LIMYoUog5KChB9Xd03G5M4ZonK+4nNKkjEotXCVM0PRzw9MO4pw0KevT6A1lc1Ee6kX6YQxlD84TcuXSZSXUVoSqVKVjL/5uZcPMJKOhTFqfYAQeA3zDjXD20ENXZV2U+H7UV+wSJ3GAfx2P8/J5lMlbR1av8DW5Xa0IqRPsG1ao+TwmvpwSbjPI99gy25l8M4ZBEphvNaWOfDEZO5kOIT+a8jxS4Nr/hw0zbVOZSvts5L2t5obZJ6TTg1Fy7clfRDeGrzIeuSkLx9LAfVwqTFd36KUQ2VW7SPW1VZzX9+NOBo6eoXfmBF5R+1VWFxggivXx1+wvqHA7m2ccvrqDySKq36J7tG7K+BmacMo1nO03vK1lbKHVftHDoSpvYmp7dquXT8CUA7vwqFb79TMvW4/NDzIJnbP3cxIRNcqope8muohfgTpMkSdHV+Qa1Fav7CPzSa+/lV0VVjZg+E8fmArcs/3SRK+zJNGHmub9kO7cP3LjKp3IDOPJOdkvFP34AXq3MJEJTQrmtY3gPB+f7bqOTGORFs9Xvpsi5/XKyCXjFxKmoKB9haGCbqX5SUl/fLIXVGKXwKEmHKXSZCZH0yx4vOfo9FOzl9dKFO0BhePi2KVHT8PLfONyPYjNdgZaBTd5ao1G6D1M5fJSGxoBPJsmA+WhsfamRueDHbXh4bwAqxMQLDI+6TDEZ4d0ZsKJuxeTn9Po5fvTAb++CY9VQh/9CoQAWqgFXh4inVDpyHwVFvAwfD9OW6BNW4rEo6+OnRDMUQ7iGNUjGSmB9PEM5hvWJmTmvJbRcTBOIn3247jyl6vx7q4VZsVpOh6MspE3Z56ZsWa9dkdjWXsGbp5TKxI9od4dbw6Zvu+WszkWkdnL47zmNvHHLFjup1t3EQXP6o9zYr8a8E/Kh1i7l4xb7VVHIQYnSOgKB0lGpTmdGdZZk4GG/dXn41TuVYa4Y9+8081efuPauhW3sG5NR2BcvF5eT7RmiVpMj5I10dbWzj/B3I9UYHlfEpVw5SQ2dMvfTD3ZhbJv62NwdnY4sZcDPnn686AXD5SnLAukDcLttJ6Y7NUdNbPWOTXTKMtzaNjF168ajmdl55U+bG0UGUu3e1fzX3lwLe2ix1hH2eOL+nipx7E17E1bweLMu3IzXPddW10cQi+UX5t7R7Kjr6yfL7OjUkd2rZfyXCBN+aHS27kkW7RX6BtbTqy9JccprCH8qnfvD5LEUUgTpkKtSLavw9XTiPnmt4bgwZEXqmhcQcHR6RbZKmHiOqzj65iXq0DU2ykGAJ+dfT3TcaWJsitPdrhcDGk6bSo5kWWaaIMjiZxsdhTuxfm6PW0Q8Qd81wbQBPwcv1VCDj7BtqzCpvTqHyqDfmONlPAh1pAl7dnZ8/0WZENCpmRd0eTvB8KJM0sFQ5tX3F22WhFxLDFjrJg+lmUDN1J+O6ZVFK9KWU+g57B429SK0L/7ZMgmh4F/crY1wZGwlaJzM6h6aKXU7++gqKZwkVBztPGks37fNjhbg/N4Shu24jXe+h14/nIkv3otIb48/3xMaYbMw1WunXsgoFqggDqdBgDq9CfHdkvOIyAEKxndp+wXZDCvz1cn4MV1JRTnBzO6C4RwHYZgsER122k/FHS91nSv5gYU9PATMnWZ21zQ7ioJiAT542d7wVCQP7peCbX3nrwmxaPsIknTHBvq66LsY3omM8+Yud7VUxruMt85Tj4+0ZfaHXQZNunD/b7wjuDR3Xbv+5IHR2IKz0lvc8Xtt6aIZ+K/l7Y09H9XYZA6HVU3qpnrNIrQosw/WLS9W1AtdQ/9Bibf6keIbuX9qMVesb5hawN/LMafXxj44uOPil2rdEhw/WQxcQ/4dTNOQNq6+7Cz88xGhGh60ogWB+o+k5/9SWfolX2yVnaf+aT71icdUouSFvl1hVw5OUGr4RK+kMrS08A7EznNskajXEDbvlJ8/pcmtkuAxTHaaUlQ0xQac3wc3jwe+ZSvJ7+P70UQzIlGCOZlRYOato+nhoS3xMXgnGheJWFY267VAYPA+fwGg5QSKIc6jNa//xbJZnX3i9jm/uIJPgtCLuA+DEooDy2P8Qxqs6L2fA9qlzBwsuF7CEznZ7uuQwFdHiO91avff2G0oxFqc6QQvW4kVasITVzT4ZFgHxWhKoy8VjJjF1cJMhdjrwHAVxM/HuMhK14ljBSPN56qPPo4901K5LvLq4T3GQEqHX4J6pYToMhJxFpgAFzVLOmobX59Xac1zrU+/0p9cUtty7U7ojLf/s71LhAf3SEzLW+GGzT48rVqIqq+/Ohjq736lbB79GBKu57cr9B+XZmsNICl621tgGPUVF3hN4UciKcs9i7N0pjOWeZk7RDECIpmZkmXckDNKkLqf4QQGDWq1JIQ+vWWG0StImTLY55Lc4Dp0MgdOp1S2BzQtfm0u9SWUBVe21NFBjBuN45RRe9/kVVi4qwujD8TAGc9PpYb35m/hWqLExvMRmWLyNnYVm6dMsqVN1eb3ck72fx6X2eZ3PrjVW1b9VU6riEmQ7nES2NKqH3PZymV5THTWCgCMU2phwIEhx/SCG2b2qwqQQLPOLFh/zVkJgaxR7ahg7c1qHWw9Ko7+126VpHsOr/JsZW7De6MSPWXFlbSTIo1QJbuJu/9OJJ6ZjBbwDr5azzEZ9dutr7ZJPV8nFqcu7KQHKZF+xnC6RX3UKxE5ca82Pmh0nz0kh1O2xRxCMc1ODyWaFTWmhgGgYWiOIX4FQZX/RmIjxkS8/bGQ9hcKn9DR9OWNACxghc2wwW87dWYhY1KqLAGerc8Vr21Cp2nhGpLcIRgI0paIdbZXms6ZFnYng0drZmf/W9AyoyqAKm+umMk64ZCszUHTPmp563yYAGl3KPEpkQ3CGGPx+SNDdl6OMYZs3rVtrkga3Q5MbsTm0DqRT8r2Cm05Y6zqKlZusCMsL6NCME0jP7SypvdfkoJlVgMFL74fuU5XTAPfMr4HE48WODbGlbvyW2Jy+gaMjPrMDsypkP4AFKbhhQg9dubZZD61lcBUrRi7M1N56Uqr0nPYZsL9o2ORxIa+5SsM6THJr4uptTbF2JpTggB1d8Z/6e4bg0xhDRHLDRxmP9xafxjCVi2ASMWvKVG5f8aVv7zBzbvWCUsTJobI6JphggH0gCPGB4NlDszsG58UXziAiBN2+hoZHy/ot+B1/bW7RKEydhzIvv2X+ycsZyHZdKaSLFIhOeLH7N5S6kfL/MuO7JAq8h+aRHWNAowunl6owaizqjwukRCvROgBXWmZjygfIChIxWUNJ2dibEJx79IjHqYH+f7yhlv9jr8urS3IkJ7cUrYPJz7JjV2zg+ER0YDXylNiR1c4u8FMu5Vn6kIWKv4BBl+fZF7tg9x6ZoNXLKIhfhoxN2+oK08MYW5t9i5SphtD2qlsrjKcAuc3fy49+lInlpRNXLSWGmKKi+lj9EeQqxpjOawPl6Z8T6Ne2ErONguQH5gpHTt57xoZLx9askevbDJ0girLVEnzRbdvvdBwGztTro/x9k5E3LYqAgrL2z5luIoEitmB2X87CY4m5+1y0/6VRzlWI+XweyZ+TR8q0tUNe9k0k5jlQ6P5pkNHcMFyFvWZYWn24n2f/RdYOxMRu5hUQNqygJYR/7iWpu+tr/Gd85fx/J7Tl+E4EPEoIWJoG3ri5hPi0+fTPaKDvdvYW7osOK/GdfjudDdNns1bnbmmYaolZTFFzh1W3jxqzMHw1Z3wDb7ZjZbmOrWkk6cX3SkBh+bmhLOw4rXkMrjKM9/iRtVVRYW4CpLIda6Fya04cQHpOnBXEeVOM737XQkh1qwUGUWSnKFoZqnegudyh3IlFNL2bUJ4G/RmFFOQwhnzfuHsJUXXGoupKe0y3wbDful49OuKh3+ZjhfRq3s+hs3SNObHAi5uG3xSete1vpWJVcIO3lsl48zdvL0077png2X9BWfVfmVfh14T1cCJ+b1ZDGt8qPFlvENA7aPtculXGtm2lqZBrlJeWokGmTJ/t4AAJJ62Ni87d4G7J7BlGOYXsQ1hHRv6w6aFpwdLZoFOHp+/Q/d4nVFyJ963gJUzTgkFyXxPNw0P/bwMOaVsnDxbFa8OTu55UoHMNXVtKPHUpt6N8GlSjZgqZO9rqjsgpNHnk+hS1tMq1ZRto1+uATiwyNCrKEKpgYUuct26UxdweOq9STbuuwnDms6mOLWXc7hDZQMZYAeHm1Q7cD+fSIGJz4JVCEqyQQ8dhWKdKbd1VaXNXY/aiNrWZFeHVAo0pscBU17wH6vSAteDaYfqJc496GDuZ8VyVKdlY8bYemyxExbsrUJo+lbCKztjwCvOo8ymAGOZCzvBJSnY3qSxnSeYe/PoLv5u58OwMHmZmZwt7q7Msery9pkJfIxWwHka7GkwrwqDs6NxkBgPk1XXz+/jLyWiJeXWS8WLomWxMrFxkzT5zl33sgKkLSflsyl1PI/s+2/SZUkB7vCEGLdGdGMoK8f79AD9XSay05aqNbIKa5g0ukjj2RjkkaxsQ3IcY6IZlQrg/vW6/+3aNBPDgTwf2mhNdy+SRY9Zx2lArXHlrloaxc6NaZK0QiTx2dfiGzrE9m8EQEhwfYqywEDqMB3Vq9zbLsyoHofz0P55oMKdREmLkxVJFFk76JlEzvmFsWt2624KXjd/mM7hdvWdPgp0St3/07zPtcXPGQd9W7t4I2WFhXwXuFMbx2c9sZD0JCbpqMHbL4GVAa1oSmpVWmq2uk++OEkwQDKBNUujDpvE5boojRlKfVoPEW7AIGRTrfPPHMBP46FaYAHaEfdwfTtdHFIPyBwfRO1f/Dm/i3hXw3Plzo0mT3eDGdfizupml3NonueezuaCsvJVkIhHLVGTd19CLvKde/d1HM2Q2p/n8mfs1wz1Rq6ukN+cUqF7cs5DTJcuVSFWEQyecXUk0SbtDPFtmMQgktVbyT/ketaPD7OPrX9nt4d0iu0tX9/yJat7rcX+iBkRtuZXHOLdCW/UA/fy8+2GFeKL3KUx/29faH0fACTnnQyc0ocQFvz6iSZq4Sjl/LDJ+3OhWkUmR5rFmDTpI4NNAlPVKam2Jij0IF7PiNB5ou04fhdw9kFMQgS8aVslHUpznMuSlU4xpSqdGC3jVD7J6dAPYj+3oUGBJ/5GZJPIRFiQYjUKNo0OuMe9Qb7PKo5XLUjmmOdeAuCcXxlRKg0cQ0N5tBtLXAMUtc0C6ksjIyYpoKft3c2QIBdTYmNbRueoKFUp2yEGALzZeasYEgpSqjCmPmg3woQG+HOTl1KmLl3aDAYkNq+WyXsWWz4s/cXBmwbKTUjntDXfhxGsbH2YBxtzS2texlYWbgFLvi+k+L4BxLN642sNgvdMFP2em/QlfEh4OwFpznDE1EwHEMW1EhvsDIEkx5y/m6c0znbpix+mFnHFk6xPSM4qCj4Ss8xa7/iHaUPxP3F60m86Eyd1l3VLLVNqoBuRdv/JBouo+ao3SQm8yS0BV5h9Hnvr1ymdQ8Sanq+Zp+me7Cc2YQ0KxlhprdENHOiPGwDaMyFd/y/SHYapvaI1pHM2KsWb5il4NsxxxUzfWEy76SWYvTy+qz9+yaMt2lVGxh9rECI0Qeq05RdPx25568xXSpNln42JsF2zum0lHrQTnudZZQ6IJh4v8m/rxrI7nuENGBHdAQ15ufPD1SffJK/I62ShIeCtiar+ujguDWcpLrkgfXxYU8bRw4oTbWNNUEw/TyseEMH+J4UX3qEs+0e9l4WA0SG3kDf9mIVGNEhlZLTAFXCT0RTSm9WGEfrPI/y3WJIPEwqeTW0L51UCcBacdl5eCHR6UWwdX1+hV2n2ibFZ2Hpqzv8HPdpurA4qdVBO6bro2x5S8ykOQQzuacuewYQbYtfj/wJ0C5ZaOmfH5+35UMVZSGKVHIho6u4U8thv0tBDI6h0LM7CudrrYfHjSXE8R3ml1+zYM7E0byK2nLSoPRHCEdZ5G9su0anguRd/+it9/30t/5dBIEHlH7czSLLzgrni/WH42/RH43EAXLKd4wNIoIevno4p4WeI11n7gFlrbOjULpFrZK6PPJj3o/8uqTbfNdeGzhbeXjXGUliyMX8cR43eFw+O/GM2jJ32AYuLZSkKE2NhIJ68VQrRBLhikIkEdLjIYT1dbTT/eJ/jJ6ZP6RbAMSRUmxFswA+XNQOn7nbvE2tKBgqNm4ASyIL/mklFOvF2kvVoknO1UomP9sGblT3FZerRG52VkLZpRmX0REBqkK+Bx2Ak4jb2319Hk/sNtrW8AXc+eUkQE8wd8Cl7Sv8SgkVuuRtHHZY4NudZtz4XU1fe8uGJ423M/ijXvklmF2EmXkPJVTa+TZXuVOtsnC9MA8e8K56lbDvKfCf0T7KeDwUoKGl8wYKpGrY4aEKnmYoHaCp32csZJ5HKV5DvvAX4Y7phZu3josWQ+eHrX3dd9DrAsq2FO8GFKb0WNC7mSadVU5/EpSwCfZ2Pvrq4xMBeZ33EkZzk6zR5J83dLImf53f0zZ7vjPaDXow63rmAXdf4uudxb0vrjmE7QGhgWIENfwR3G3UUDsPUqu/b4TTfLoRc2NGr46CNoFQdipN5U2+m51iNiLoIs/aJNAh7nv+p3QRQZUtwXjLnZd202/3JqYAsD7Um9crSzalXM8bWTrstFgHmksQzwG4W1yQSc9UA3RCBHKl023RCqR4BacdVOz2TVT3WMhTQ05+7tbLB842f7E2oMv9+yW9Uvw2sJHVeArSFCxTD5c+2RGT1XalfaPiA10IoFYFByuCFgy7q+ZHVgkJYPP5ZwAo7G3t+M9i+haKVwl1HrG14YLnznhUn6ebPhhRSn2WqUFQzwpqMB78G3e+tO7ef6QGO2PVisrmxFumYxF555y3jZjik/2O1VAiMTBSgYk0z9Pn9Cqh7W9UhnFSlvQRBDOtTUTcgmpmlyEatM8kvd6lUWo3lAoeNpzvlBW92VsSXMTFaStBxLpWredfEHFduwwir7jHo4BZD08zq4o54KtOoD+omU1w/SbCLR3fcJ06F/nTW/LvrMt7cYy7osPHyhDa8Equn3a0tmd/AnmjwDsyP4dndb/gaBhyrqj5rchPXvaufwuomtSKNk0P9VIkjQv7UtsU+GLFNeUvUvGVlftxhmVKU1G1HPz6uvAQSoVqR43P+ObFmYD08WiMUXq1MioNoP2IP8PzKX1rG8WGqsGbhKVZy9fnWXYVzm0+yubPq88kacPOFtZqVEL/bP84A/zd33cXmOqX6mOwBT3dgxUwnJOgB1HiB1IvAAQbHxur75sOeGVhTwpHdgIK1jI2IhSY/58Yu/o2Ild3lEktN8wEFIg6C/rKlFBjwr52n0XeF+Aqer+cdr68uyk2t90QjSvY+IZz6xNKwnkWNTnM8YRwBEnA3FOWOj1Vvn+zNi9jp4B3YpWwPHRaO7hsmH/JXVmoDQNoERO56ZM69em1d7+X19FAb6mJjKrMkHl0745Fo6ryuyxcps2tx6YBbBrByjYw96ItqFoWXszOh5gv4za7IPt+H4yk7LPfhyuYHzYO6V4thVgLOh/oqnb4hcoDCGJjVRlvrB1phiPN0fNYEHJizaKvMkisiw8ooaZL5DWjV8oukl6bySOXnebXTq92mLaduhu9ZH45TKuyTMeDm1PhltMRg4A0yV4aOyNcownPZT3zjDarukJfh9Nrpa4sGapdvsOp8Rtpq+ulfH9HPMbbMDm4K+rKsNl3LKZzLWUKJZGvIT58z4F6NfY/ft3+EUhGGTX/DwqYu1APREQSBzuLmcgvTFqyu7A9icjjXUzh8X4rW1ff0IQgVCReHz/rpnq+hy867BxejozeK0sD7Vq1A7SNtTzsLnl6/MdN+QpbJ+V6mcq7cQWMvdFSEB4XipfKzI6kvJYbRAh56715V0L0vX3QYPHa6GiW0dyWmQrkDmuJzcdvwUJ2fVxfi8lSm1nmPPJAhc8DT+CevOGOxqVF3hr3DFsFc8vUKircBZd42mK5SefBNHLAG0A59+ONPvXUEog1591zJVRbxD1bO24MhEC3w9pszdos+wWoless/QJHsLXT8F4Pbez9F/R2vr2532BZDxE/6CHsCV5q94hfxUG9dyZfpLFi69iPa1RnYlOlVneTRiedn0fBylI1rdDWTpI26XZ7X6O1Rchhck3iNrM3lpZO3ubimtGSbwsLXAksvGAOnyt7Nv/DvDX9oXFxYstkbc/H50CJVJg5spm/LUKDw2P+t/bza47be/u5JS5YVbhplfBA/EJbSO7+ydc43zUB8BqKXsrkwUk7/b7PimTJLaUjw4St8AB+Q839Cc9QNxNqhQ4mNwy/J7ARuQ7rOl1e/ABGp8t+exR8jPfKKmdHFCVdmF+PAaVCFy43nYYQwsz6h7Dp3drwgPQUiezzfyRWwTbQWlsIuvehVpGMvx/HcB3Bpo7uiNRIytgTvrqjcesN/DnWpkJ/VeFw4GsD4GBBj9zXTVnoe0bKa1UJ6JnvKjwSgyOpgkXJrJfCw9m1n01qnztbSbWJqvxRpn9/lHreilenLCSLH2SMAzDIjWEPtXkEpO6gB9fxrOvJ+AlxPcS6PeJAvOaw1/HCrXD3xxyL+yT9oT9lAKa+jrOuK2DNNu6ESxH7pXawBwvWc2CT7x06pgSC6Vlj6R/hnOjXoDx1o0m8YQxk6GR/VqS/xJHLEtFBccHhvFQI+YLdPhyjJRgq5KxbJfQ2VJ2kGlW18ABIcmjfpYSivZ3Y0en0puHyolcX+IMWnMvLYm6iGxBzbuJeHfeG3vadylm5E0er8g1+MXUNv818baePI72okxyE5b7lOLomx1/KryxGBtcN8Wd7XjbY1/krc5SFPbVxVr1X9BxIF5qcyn+lJDI931Ah1sE5E3yM2478/rrE2+Os7YilM81Y//SFoppa8p+gyXZAoliQU+MN17w4XcavcPyPC3IZr/51fO5dfda6azhjiv36a2L/2Lq/7sW2xMh+acolIYm5stn50n3loqEp2z8Db/MX++aDd5rLjzJ7oqYxiLxQqZdTfZ9upUvzZOVBjOaowLDwzYQ4/Rs2S+4Mett5lu0bQIgHqYT/t4DjygMtj0Dkk0Y0+ZSYzRc925KwMFXhFBebYD1mzu3HPl/vZ5ydqOgoJbXxVRC8iynTFEJ/vbaTm2VnYbS2KZVmB+g+jV0Zmkv6IHT0yAdofTstyXmPbJxZtxhp86Bi2fkuJmzsDThWK3uk2Cw9sLMZR26pF7aNYbn4eCg0I5lGAP5eGdASx1DNzn5mQ7tQKNgyH/Xx13ZFXIdgpHsewLoOQbt52rz3EGmshEodVkKFBUizYnBOqTCtBODn78aRdBMOBoF8klZgLBEuzfy4zP4GH7X3XMYAmqWg7nO4wMGqwt1XvehqZEQc7ePV3gUBWCpZ/NU/3sjLb+T7dD5lv7fTZW+XVNqW02x3gI8xXU2K2l3Ai3B18f3AeCCxCo/53C00S23fwHSx83Uoftbo5LGP7bFUjRFXGeEY85NPiuMlGvfsH49f8HhcyWVQH3686inD7Qoq6/5ZHtnimMjyVR67gDykyIOkOFO8CCiTfv7s+rygnpECostMmxsndMtjAGeDe250RlNm/LQD+E9GrpjaQZHHtQ8H8YwtBUM/sDOe57FgRCQahiPFj/4wW4pVQg1p9g+dDO8WYeXUOByTdhFbV20M+nJHi75KxzBmMrT/u3rVjlwd3iR151uWFJuAZaEdxHQiBGPVSxorTljg9XYpWUuqyyIrapunHsVGJxBe7RmgnpiiljlbUCmEseqs1ryw0GhVIbbuXXlvtzao609jq0pHTXfE2HyfVFvcFpxaolnrW5IL4ncApQ2owXbN5vj8gQducN2YbdeBKomQ4h3THy0buKkLYBm20U7aaDMXAy5oTcUSRU+fhY0qUarIDThnvhN3bOgwSwTe9RKPxUtyg3B07RNVhf5TtgYm+oihR8M04kOAVMV5R0fc1LWPNLpTGG8DlkkbyN9DfGw2uY/nKyhcoBcRtAh3P7x4JBT1qC9ApcMq3Sy87hEgZGseUaAapWnQHXBB98wfmHzXyEmqd6wa8/0Ccb8zud00q6nPcL6hDqzUBopMV3fUTIcnGWzqDSrSTzyZlM9+DWevr8lANTuangnk0E7a+9BF+6+hLC4A8rORs6FIdjdeP/+U5aR0Vz6VUCrkz1Jf99DJ/YztB93Oou/3QI0KFx7QYy7kWfOoKYsjj4Mcw87HAcOtOkxgvyiije0aTQKZtXxbG/ikhbsXNlwTpAmzN8EnTwP8iIvOZHyxwvX/Eje0XmyXIB/mVE7Pz2X32276+I+G3/xPJqP6EH7qxJOxyHh7gk3B45G9ACDJH5xIQdKr2mWa85LEiSYQMFX/A0yf5bXU2nGxs2TsXEpCktQ/JeHYQKPs5QcRGqXeGjT34LPYF9VGX2qr0uuY6gUdxtLCIcrEJCG/AnQ+pA/Impapvrem7a1wic+/A6rWNMo6Sgd890nq/zjUjRvfO9SzPn/F19iK5/d+8W5caersLbAQpFWfUOlotP+zd7z0x7p/UwBqDcU7k/TvkCoxkV6mjkqoj2tt+xjcbZrSoDhKyd7U6gnXyxzWJefo6IrBZxDr36GTzg7z6k6qwa7TtqJcAW+kJyqTf9v35iohz/ljwBDH9D6ouINKnKVrmEl/5B0TfqCqMH/i3eyN8WNRZd1a0Piz3strafrrltfS7v7NUoKuL4r/kcCtm+inbopp+yOv5VnJO4U7csJRPmV5v/9MEsPKUvu7pJ0N3s4Z7mzz70Z6MRB5+SaQi3WocjM8IImfkCdt2u70LO+YiZ0ESQlokSsW/10nvACWpFj7XxuOT7EIkUB8Hu+/RmLHfsb7ESGoBijTHmzryG/36HVy3a9rLJD29eRan7K7Gp5iCHbwGqjwbioiGNkA4lDIuQove3bGff8b7POJzasr1yyb2dcgmPLzCAisOWUPs4E3sFYJBSPZDo6zokpkGwf1Irlne51WLIbGLIvHb8ndpNjcXoV4jNHjavWAvK32XXBn9KExSBNZLxqKTIAQiJ67Ao0KBdtpLw8JprhBRuza+EQI9tGKX/l+yf9p/XIuaT1akUvy+9vEhft9VnU3UoE2PaL3aOO8NsrKBMe4/Zfg4D4o/uvW1oeeI1G1eriCS5LXLzKD8d3NNVVD1l3hBvYnw+L8Qhv3WA9ZR64Xra0Bl9gJmyMQwqNYjEHjm6Ai4naLypKLpB1BusMpuRf+ekVOyvuzLo3tunE07IWbvmN+kxFOnDGlnkm0KU3eYijtLT/WfN3/BEcSzCuZcSCHtCER2NJx14qI/U+R53d6ox+QWShE+8STcRY1BpSxdIop0CqaC/ZaA+6+RvwcXr3XBi71IYHKwlnnv8bK+r+IHJHMODyAl2xQBCYF/TS8lCehxpkMeNTZXtB2T5oz6MPO3vzO7sTS3Yn89irQzGnJVYSOWm18PzG5TI6GCR6p3j2ReE7RjHdwZ9XAcBRvZnJ1WkMHMk+yujMgMM2UVV0Qox1OSJ8uPPUDCGJOeOvguHJhsoZbLaAL/5K+Jz3jSihS1x4JT1nIKaxTnjp7zi1x4YxsYsq9KxzUTJMM1Dxwa1ZVPt2AHsTkxy9Qn/nx/QYfGE24ru7gmQfzHQomJkCfUoQw3i7b5UExlLAwCdE4Wkc9zJfFLj5MKmnuVysRlWmrsz9NHgXXZKxWwNSgXRLsondZVg87IxmYvK8k3sK4MfeMKaHG7nPQtxgPI414bUGesA1DX/A30gd7dnRbkLnbXSxeFQaEtyCrXaZ9VesqQXvjABEYz85bsGgTWZ7OnXigjFLQ0pbZX6pZx9jUp0yABR0e+cCCvNzcK+LPQwibkBy1In200+V8vFVkyujaqObz6Y45vB35m0QlwLxPDyA0ftdH2QnHM2Uh9FFRvpljYNTeVt50/5JgKe/mEEvW5pGrq19+yfZE20kt2mVwvP+IAqLsBwCICvSNhxBWQJTB71yWghOJHUw5dfrcU0pTpL2PZDE47d+9Y5pcivsKnStT6RMj2rINHfKY/Ti77Z+7Z3trJNVkiAFkG14j3cueszgVPVu1TxLvY4S+AjJznytcsFMNMdgCazY1PrL5Nen59HHLRiMPxuwYwDO96EZfwKUlwFlYhnEIiE+vDvtyqacYKI2cQfKaMxpN5JrJibWVWW0ZCzdaY+JscKQ2Cj29KifyFutYWvdl0KgA3jqqprbkl2rRZFWNjxjCqftakV4izqDVlvOWARpFaPv0fqwN3EiC3YMTn4yQXNHHiV8ik2gJpUw14smb9MtZP0yc1n6NWgdovu/a5fIoQvSfS1c/XkJz+L19/zwkvU9bXzeLMDKY6GauwdUiHCDaM840pTrFy8sh1g5VQ1jsOwDYfABYzi1tluLiASb1BIPyUzITbIZLA3JUXoemMQESGnenMyJikxCTgr0CPAyHXrm0QuoXQbJR6W/97mMdwa0AhDsU8x7hyqZONuR9yqvcvABexZudCal55GsAXLTVn55DdHjR2j0ShYUnFT517r8wsZnruluKj5tMSgxBN3nPjIy3PBHNzjbe342C9jMnqT2aw7QThj5M0uK6YeS8PcjIvPL/cqIc0Bn4p1BkRV9P84DfPtuHCqQrw9MW60A/mGgDiNLA83QRjxgu53GuVvZmtz+TohHNz7a51QYWIbbD8SqaDVe4O/BSooGdrliUiXQwCy1gWfIH14KwvOcDUXpxCSBKD8UeqxQW96ZVwpZ658a3I9dkv71LtoidAfv1A2P1ZyBygHns6TX+sLYXPmgb3ayLwCAqE2bWrohDLYPWL+h/QEuxyCf7CFrAvQ/v39EhKNk0eXODYUAZvubRk+6anmOSFJd4gR/ngkGxofUV122+GkE17gwdP6Vee+7EGtkvvJPUFlt5TFCSODHzfk/kTxW1bjl75LkgbC7kX1JCrerbXHftZ/0XFY5x4DS4EybhhSww4crJ3dH+D5fj4Ica/o2D8479NukYdVBStttuO1wwQ4SQLw15JtC6d/bpak5Ohd6pzukL5Aq00RVLjAZe+NIb8MunfAFgEbGyrS6usKj2gz77qe+9PovvT0xQK8quHks8xNwCDxdZTaB4jZ3qhcY4bkVoszdnJghCCJ5mZjsXrzmvKqRAq1nJK+zZcDqAOGrIYLagYJ2zzecBjt89nj7eRvkIOO3b4UaP+T69InL4g4U+iLXA0KJQbBAFdel1MtLVlEy6tpcgeX61jjnJ4PmZSwUmIubWZ93TcQ13x6NUhVS/yBBwSmibWlH81EI6hNxpDrvP/cr55SQVYp3NrVF4SCsiAK2gCICb0ykb1nN5ufGPuXrhOq3do1b/Guqaz29m9x6kH4UQrv4RBohYLFO0s9YIR8qUhgOXRPAVVpjmDhfXLo7u801/ta4Fpy55ivgjk6CIPz7qD0py6f80/pixiv1vCOi+hAohO1cdSBZFTe/LkPKn5xvWVC7aukaxg0dyqh8dv+uuO2qGnDoXNwldHG/HHJCjhy3KLoJ0nzO6AFz1EN+L/0U05/90YOQVyLwAkSgD1Fsr+7r+7OywFwEg+aieUApNlr6j+SdD+bMRTyaM28cVDMRWY6t1+4eQ2WjpG1F952z84Gzin0sglvFv0GcTYznoY9v18sL7uHWsqV1Bgu7auH9Q4kAsua9ebnvRNRODMMQ5/QIziLLNHatuxozUlemWgB+LOqC6m2TXudohN/EHUIrPss8PzSzOQjA71MJVOxrXSSCEinpiMs+zXb3oKrv7BOjnFIiAyexmT3LkJIAamz6HQuH46w0/EyZ013TMrXXqrfUAs/gaAGSaZHv+1KoE8CjQUesYLN+dX1vyR3Dp5seKpLX25/9ffMc8VTwp1f2jEpNtCwiLYzHOf8u0ppN5fZifWn+xLoNVcQsAcZYF8/mzwDnpywbhbBDl+ex8Jj1vbCuYDEc8hFhrhWK6f6HpYT6krfWb2mYHKa7yzrTWT1nOkYT3LEcbjt/EXC2lAJXNI+eey/dqLVMZLNes1LHOSMnNjr/gHP+D1GZk7Wxp4GDUrmEdRjQibh+vvC86Ud53BkYahoLmjvyn+iod3faW/UNYzHtvG5DNktyopH46230LPJv13u2hJ7xILlOYb8HaDvtxJFWTUAFw2y4+sAtCkSRZVj32cAqV1/rUqLLq9aaxQMEwOZs/ENgvnH+ZHQz64AdS4WfnqbFJ7S6f55+pU+0Yxsr0zd79Y2iHadG+hXCIpYSCbL0Zcb9FG7af3yMiF2YSPWVewGvH4sfEDUoow57qoRd9dLbhyxpCjEHj0q+L6I/FHREDSGz9X07SPiYS34zOfHCAHAY/UJmfRAVfGLWPKKGeR9MflhPTAtL3oHEkFccyTBjEx/64gUmwmOl0GbX0haxFw3cbuLYAEjMW6v0UubNbW59YuUxiLi0HEif6wYFErvu4obJQb4+27sxYvozEipaYHdlw4Qr1NbU2WQnFOVyZ4fxZkegWa2IiZDJxfesvvHLPkdidNSy0PAM8tUfEAGplU6tTpf+CpzrA0Ibxkzd3Cm/eikln5ARe2V8hqxsm/rsnLgcetwfna2jTbAvbI9Y4T86OvGacVHGLMYK+caceuoN45ztfX8y0lbNNkOAHR5mzFHErrBZxiCciYx0JXqoyFnEdaMG+lRCgCm514P7lf4sYW3lg/m7c4lx2fyJGKpqIHlSzS5x3U8ynhJhdEgn1/JX7OSfsq6gDGK04jnHIgWmKqKGhCYFdLNNAeiY0v2bGE1Q/+3g2XQVxKUxaKkiY+Q/UZfzCcjhpnHqvX+tDOCnThLjfLnb4xlugPoKVmmK125G390l+xxvPXm6Hfjyr70NgAuJAlcLSQixqAD22b/a9HlurWKfrS3hXvk0MgTE4Xey5WXk1OF7iXQJMgWuDNJrbwvfjnJ4sXFAW2g76rRIm7woHb0yqP7287QO4scJ/HZ/0+uLjPXnfk6kjX0S0HVTpiP7Jl/mQv7zLzbLRzWZYPdKQI2ly7gr4HuJjwU3mGR9Q1Udoh0dlRr5TOH0Gha7DSlOz8ffuA1yDjXfNLut9fs3sx3m94FCzHym5BSBXNn8U4DO/cQdpeigmI21P5nMnG7jgvfmM70W+eb/1Y8CtwObD1o+vBpKVpo5et007Q7c92qnz/NfJG4v2NujyXQ6vxOjt5GINtVh9VejWH9/mWXZYj8M6cBsFq+xOXbtd/cebn6NN1kbsM/1yswmhjy8/YsStKAg0v2rqzRiJO/j5BUxpWVn8k9GrLSwXA7xSplEAnMSFDt+2gUu3JsjdJb9LKslS4y9F7d8hbb+JodExd2qeHS8LHjRRBxn+t5tOQTiP+ynOz3oVad/xuEIezEUskc3OB3V/JVH/wJKw7kNbXOfT9J2uo7a6QcsCufIuJTK1JbEd28j3Pej8cPy20tRaNE7MnOFF7/FL2MJlvq0e4u8FVe0cYwucfaWlBvqO23YlHgIL9fM2m7wFQBpbAWn9pNkHSiin0fvhWztVdVFcg1XCkAe2zUaNY5z7wN/7qLOL8awmdhqHOe75KpZZV2734E7PVdB05vTWW2nqQVxEDNb3SoMCzppG59/D2WRkSnf8AnB2NxNOfGGAv6rQOKTHmGyfz1sl1DWwwwgThFhaNt9ntKnjwQlwh2emxzKJ+k2wTKIq/iVRlSASlbFMojSeNrocyX8YTfNw5OIDTmek+E8ZlAW78n7sX03ees8C5xszKPisaNLF0E/cF8jiTm8nPmW30BtWbBvkr36/whbiW3aRlGD+JuTTIAI2QquyLIUnqmapuWyEqhXJdGA2TlPe1Sx64BWy+MaXUiviVdPU4fFIWsehgE4rdW7jLF/jB4eRk4UBc47zjx0NOEniMX+QWi+3advQsWA7E/YNSBYZHYG0MSmNcyEOAR//uLh/1c/mc7PDvXl1EnowZRxEhWfLPlvZ0eCT5gcru7msbPyy4sDIS5D5bERS/OSMfKIm8n0YQSyGpjWmoi0KTR+ffdEA9UC8a7tayXOF0k1MhkbmzR0SlyawB0rcMpEic/o9a/+UF7PVhpb6Jb+T8NDWXpuixPHpONAFB52qlVFvOePzAI9bip18I5rnm05w2gTnn7Q/T2LC7U1x2uu6qq4csLFolP2w3tnCxs1kum/LVkHsV8NIiydxB6JdPOZuVTW0Toxot55dMA2O/nhuyx6gVm7NfOcruWY6qvPFu2OrFP3sUr+YqT+FmLGMJE9xM8tHIdgNV6smDJz1drkbuQzfHxiFGKzYV07Qx5Gwl9jK/QChIIo4ABnMlFpaWpyG0pFnxQRK/Dhk3krjfL5lKMonuEAM8oB8XzQo0HZ6LNZ1r/f7NbhS5snL3i53a07q+CCmp2ov5KwSWhtXDg9E1c6f1XdkUvpWWZ2OdTcgMEUzxLZbIt5xCAxb452gPbD9IKPUhiNznJ+N3EaXtz9bYDI6/WrHb2Z53pdNXEx5yLz97J6nq/XEQszSjGTJmDPBXVoLOwT66mgAshliXRO86u3rssBz8S42iiw38B5N7MxCo1/x/LgfNpncIDhZHfJypWS+IwFE1V7Qyju5dLb1mRpUvahM3OY+XC062nx8ZG2AI/ZFkFSsQ7ACxN/GQQcpmbFqXuM6U8R+fnrTeWe0BXeQjC0czffCW/vNLNaVtKZet/Jfn6NdY+/zsbYKmetUOrDJgxTnrp5PMK403L0P7/w+oHUBA1snrprlQOPC+BSPrinNtC4lDPvm6JMnNcqoilqSiRjjB2mSHo6fvtL4k7AgWIq4R5s4VHxiCtdo/oYrb/iDRPQMFltYEhaF86AdJl7W7hCfccUOE5Xy4ZR4iE/jl2x9zti/0Kdlfw5CiH/h9Gr689NrpbbSXyHWpoLOZhod+M3p4hIlVOLtyOlIHQ1i+0FSY0i5LKO9jnfDP4/auw0e0D0d2lYrB/G6gfBRb0WadNitOllSdcNHDFw62KP/g91e7GTnAvD4Hw5K29Lp9JLv7L7CkYRx0hQIOSwCM+qsXoSs6FHF1AG3Hd7tnXGe4LEQ9bcJjuHBm7Us25q7Z9EblOE9sZzYenBzObGVFFH5wYH3PZZVzY9QOPCASF924I0m+wz99n/L+GXaOG1dEdLWeUIIXI+WFP8tBMYZiqoemb9F/4pex3N1aLa1uq/7Os6tUVlpant/oaPP/Z6pyM7bIlB1hQ8DMLmxd7im3BOAyRvmDRGfwuRwKACT513eZHYHXa6pU8xLm/c6Q9H2VaMHbiOwKR5zpXb7dmqHL471L92urOXqfllQ8Ib73Yx75pPcoP21soVpV9hVcl+UvtjzsWWZdrwkR7azeAnCvJldNrKUNLoGFAFhWretCCIYwT9pc7Wy8cvKHjGfNL36Tx9o+Q1E3lpJa4qTJc711L+35dFSDTqnuTGvXWHL9+HLjWIbJvI0EJWkcGmB5ZXU8OCH2LNLQb8b1xtihVF3E4siOyUIKn7afjhRoyKU7wSqHkcAIqeAf9S9f9LbCwpNxSwD5OYmHu8lOn3NfK7S1Nm/mxXd29P0O2UH7NDjP2/Nv2tH0yapUhMryKeypK8hmMpUtNrHX0yMzoJg2LVfK5Cx/PhbgeWx5WZ43yraIYRNUp8xN3TQu0+bOvs1ywSrO+QomxWN1QDO0M+xH3yG6VsoVewInvH5Kx4o4NumjLsILwiMFPXIMS6ob0U++R5SsRr4U/d46dHaFauBS4q9dxyOveMne+/2Mexez84AmIXuV8J0Jwm+hxVqw50RfDk3jxCytkiURX80U+BLe0Qa64VdHuX5cX6AUqTgh5bA2K7o4+UGz19vkTr6jw3f0Jj0bDak2fuyeDZH+kGhooguG9rcdoePQZpgCoNLWh21DTvhD2Cv6+XIC179tLgTEI6RsX9nq2hfut2DWs5PqkI+ARQ59wDIGuFbhQo1Nxe/3/7bPl6gJ1W4Wq5KqO5dcKOAXvmvOH2cb3aj15Wn3dsa7LP6hl0AZmaq6fkKQOYsr2+kTDqyTNARfs4/9KoYtKOZIQCgI1Tbu9FO6h3bY2TlV9pR4R40dOR5VHPl+40sjyBkp1GnXXBBGfCumF/Jsl6t2IXGAKah0txNkgtsQU98/QE0Trsy8MUKFnZ6lXD6XmxrkGi/HO3h+z3YYvjuA6K8DxBc8/83QJAJ2sV7enkX7+bPs6vXdNT0cPdKT+B5VqKX0PrwOVsDmRCCoTRHgkePkeQDq1qOdxaZ/8d4pxz1L6vaNKGtYFUu072SvzRkhUuypRmeWYgjN3x3qzCYRH/FqpO/chH2QeNp3+4XJOpoIX1I/Y+iQuN+9ntxy4ZTnwSiVpqCQzZw5GEs3f/j34o2wWnW4Odl+S1E/lsfx54SJ7OrBMYrDNR/Lud/klVFJKWa5Q//ZgGlhsUV0JLmuOwMh5caJNt8gMMMH20Ofxmwa1Jz/HZKoBy0dTfiMLFbiby/F0CgaTxwKAlht6efk+DEi//W3+vVBzZVfwU4RUmsHQIi1xl+Kfsp3cQeg1jbSFyDfYHs29PWvmKPygPGRrgkMcRz4Wd03jndY1edNyqGlbYWnKYdWATQgdMitEdkDwSzQnEzBoCijdFKPBSW6Ko09Vq9UqQ0VS8q2bXYyhK3dvvEt+qt2BxBW0aHnX0tEbIc6/TzVpWlIS672WdKojYdY7vDXlXsKAZKHLTHBXo8FtAq3NfpzcDE8Uhsh2SxGh5iVkVjLvPk52bS67V5sdVVlcgrsMC8EQOlqQyxv1pRsMs7u334YD9DjY8XDli//LGYL5288yjRmiXFyx1RgHd/PmFj7/5gOl17K/tfEwuACPWw6Cb8mg7YPaeXXqnhsKt933PxNf5xLm+9c6M6/1A5X+oZYXCb6+gcr2ca0teBqfu+OTt0Hri4VADBHCgeeq6VmldBZy1lUGqbHoA8W1ffr3EMxsM5c0m8cf75WnMD0seg+nzMU/ns5mX8+DnOYutjkQ1comU/3T1d3vzQs51r8Ef8MQrWRbC4UNdVpTw1E5+bBYN1kX9frJ9IVgOV3NlI0j+74bCXZXb0HdV9Fy2v/ct2xA/k7wKVhffTMyHk2hqx8Tj353r2Yx+jazIXTw+upX/KqNbc7drVHb2Su0aNkhCfx1Fk8EK8rhXApQhhVezR+QSAwKPm+Bs6WklorKpwp71Kx5xl8ygsEagQ8m1tuPTU7MufYyUxrY32qh3yi9AeTtwL7+DWTdwoF+DJOpOzOV/hxLREdXAO/Z1OwNqiYJkgyDfjzcxZK4LojK60uqrtXRiyKr/t2nLY0tdeD0cyR+814WrD2fTxC7CdjCrRLf91Ar7O9AspKXR9wdas3vJWraq9OG6iEXN25KWI5mAIXqIfOOb0oXGAed1O4Yj/pqf/oXHA5++dczuvins9fU0Wr3RzL3ESHaxeueeEL423J7GuD9Lka8+QYa49NemL24lu9Ubl+0eod14cXPThnjG4Tep1L4iZOyY1MYj3PNbeL9IVsieyQattvsDIBSHIgMp/Edj8Hw/U/awoaW66ziK83wixy/3dOLPOmi9efFPfG4uetDJNeZovuz6tYo9p3ZEwhQ31fnEoCZaK8fHpt5sXFsyBUlN/r7MEWBcAUv8YVoAiFGW3PwPgjL5sWM07bZyw+wg+kU8DlVxg3iVTuaVvM+fo1+etJhL3HpMkg+ZvM5sTirYliQ8CGfdKdOwY78XbbWVh02K6VhH692Kr9rlTbw+AX+HpfECr+Vxl678BtBoeWSc5DFPpuDpDTtwL0PWiI7+De/RE6AEsRsMqKhprk1qy51jWh14AmX9bXEcplqLed2SiFCe3LqfGI2MqYkxUOlxifXb9KGir/5YzevaIwZ4Avp/h6+wf9GLaXMp8GPYG4UE3kdd4MThSsOvhpnHfrFZtusw2N0GzL6+V7TrvfEq1sIEF8jK2jaQooYLYr8uGf8qoS9vjWrnsWDXKrqY4K3m3iT4wFHLXv/DjT1+GH/HjjdNO6BtXT9GRDWS3zj8aGdcj9zRkj02iXZh9+u/uAqO40lRDhw5tyuZXbbKWtrpqc5YyzjuqTXsmXGbXPNODg7i77vhhJZS5OaMurh9t4vT85sp0gMUa7nv28nOM/qBPXZUyqvCOQxNsM0MWVEmctcSTtv3N7OyJF0hKBSR21ItDsx0bOuQNrpAmvu98/rT9HUlXkwz5gmDsd8Wx3vvdoce3zLU+libtPoD7WwY6Se0uTT0WW8QyqNRdbQDEbIoh1l6bJVt7dztfnDh79DKtpn8yFqEc5CAIXDc4/DBsfRE7byg1efJGcx02ecRA+kqgGZ4VOi+GQ3zCs36f2vYxBf8uw8Zd0eHkNGd03jszwkMMaUrxZqNxpHEXCAHv94LL09Uo8vP2/+0aEd5w+E1+3vXps5gpijYcepNma4/ThtJvC19OboZX9reG9QPgdqJyFNK0sLt2CdQEZsGHsBdHGivUv3pS2OfHP9ToQuhrbzF81tj2PGrG6UNI4A4Aw+ZiG0fnLKWp2ZxMwW9WOdKmHxhbRDN0WxiO1JpqEa8sdBDgA9Z08Haf3wu7x+CN6JL6WqO65Wkx9lXDTUpTKLxZrOffJuB3GK4gVGb1H/bLGJrDgj8lVOph/xIq5sAyoWKW7R983RU97auLF3W2zQyiyYT8WXzSYlnaVG2s/+Lww5lpe+t62n6jAhIrwBJlJD9arEP2Zd6VuYw1XjGqtFT/OJYGiFE3V64D4v6L4On/P4lqKhYtLvJllpaLPrkB67e7wJJgPC4w6ROTec8ePDIefUnMNpNCD+lr0lpdkjqHI7XkraD8BRq4L6bMzcgLGm6X4ENLOEptnLM9aue5vvLEU9kLYFb/kbeTBDAIPSee7M4JKX1as0HkD0ghZNyCUG1yQd+F8YB5uys+M3rL72Cj3PJa9eqORug3Y7dPIq9UhDhROO/RbY+i5VjovUJURTVQoV4hTflbSL88w8K6JxqkIt5925vVEn8wzXISAjRLrceBNwQAnu4Xi41rOvDi+7Cwc+Tbiwfp7vTvXqz65P+eEuP/RlNK2z7sJmb1FOuQStLbFbuJMSc/iWQWb+f2bpUsasIFr+Rc4kidUfGGoRuYz5hubczF7m58XMPAAb8TEMK6il+e7bCHdSXOZ2S5QyePguXDsXxjHJVMrcBZRoZ+1fNPJDMKvfTH+HCw/hfa0MnEnYXnXL734UyiWm51B7WO/IaBqhdlT8ecEeeP1F19ivXiLz5pDuFFXV3j/GaWNNaZ72+/Ey5Q9ezXtnHxh/klhNGS+qgU43q7zvAR/Mcr4wTxtyDWvWsEvRSJbDWRv3L7X1aqhPs+9PTMS2mK3KOE8Y7shkpnYxN6oSeG8WWXhoaHpz3JawTNMnUSoKlqO0WlgdrItKcAtzA9qTLZMjFxX5v34Auzjw/Xlt7wIe4kNg5TqYLhCi5xRoI1FJlw7eVM+HNlYb4lv7VpnvB2IOprHMkgg3696XJk/5U46VmI/M5E/QXGTxOiO78UaA8Dp2euKJerSEUDAt1f2kjtFh8aEHCY3LP9/+Y14/GF5jjGcQzfFhCxlHHORQjZ/alICbX3qe76IqYhfm31QIKmJFjulZVdvaEC1EungHdgOdj0JuSwQFuf+OvymuDMdm6oU1a1aeT7yKauSgd2idcUOi5uV0Kpk2RjrHBqKYmMCAuH+Lhrhs9sbZ6zhD3gW+P18ZP1I+U9koatNP+43Ds0cPe2iI0A1SiLGKv0x3upo55WKRYDo7jgxcCSP5YXAxGFFW5dj/lHzkU2FbvFUhZFSUu2WBtOPGJmttRJ88QIwp+/NCugzQ94B++s9T7f1r1OghnSN4jqRAp5zfxpFVvMdx9vr0t8CGxdQCiQ/xb7Z+WBvNVKU0a0xZmhMRk/mPd+IRAQFZroXZIwu4Ar93OyExLc2XU1s/20BKjUZJFjkpjinWjDwC7efmZkov0so2AJ1TD/Q/MlDZ+vlGsRf4VFyL8ALW7+xhyF+PDDyNx5kFtuPJEbGLJTGKDoSLKLHYFeOuhjePIdt6rhhBfF4gDDwFZPz7fFxNzp9K1JLte6YWYiLUrSXg5SIQOfAST76uo2vHnbjpkXgxZOyzIPmGKlvsF9i1kQ6xOEo1yOfUoZnj1Z2DwJTJ1xzcHdQfjnGR40ODDdX/+Imu8mLYHJNm91ZXZ95X6c0+vGvbhERiJLD5N9bjwHqZkUCrCxbr1vtH/3thI9qA0pBeFFO28ZolDRlP2TKxoebOxZhij0pxAV5StO8k7Gx79dW1SdXnAq4BEw2DaJpGZumcZb0gKMebGEHAg5LKbBAN0sDQCGHSMd42bn5FjWNHFkKjn6pXGsdfCcMj8L2WK/OFdpV5RY9AKhQe8/+PEXOfNTlKZY06EqT/QQGaSZomWJeEYvz67eenj8/lWamd3j4lP1I13DN45Us7JYW/ZWru5oCLN/FS+a9vnLxd65/ZxmyVWmxDA3SlsyW/fTWwyDd7JZJ4Xx8MGjXN0SNOdHseHkVCZwkEsZjFRl4c/Aee/NLsBIMd9alW2tlb08xl76U++WWAm9ZFVQ3buCPF5eJdRpAFSjy8MZiHXG+QSu+6NG6TJru93V9N48/7FO0pLwzARH4sG4nLJVQu2txP1cmyPRj1mG0s9iw6n5WkUAAtOC1862rDdz5rg/7chtKDQzfAmNXwqaN7pPcYsWwKYLzLMKare0042LzUEfVBoQKDTlo86ernrz7wuiuDuZFj+IvfSgx7NMEwEmI+ocz1jdYXX/akN0w5gSimS51fx/MffmYU2da/dwAiLFiVNnVEIdKaLihIwBWqsIAmlFQGYVESHMU0hCCC0qRwVSRUDmWIcUEFBmAgERJcgYRQhTAhohgUAiQ4gkBL6dQGVjz/tev+v7zu98569el9XsZO9nr2fd97PutfI6rVkp90uaM475Zfw2SKau+E1ZgVY80tSbXwAzYXs06BfGRNj2NaLpUznM3OW08qwnPt1cDMCpelT8pvLAcWClAB62Vb2SKrLc+YGKnIGWBqAwpn/WiGyhHrrMHwNegwQUgpoJ7BRTVPuQNyn3TVsBNLTAemvJc9wne/sAfonWLVae9P3WRGj6ZucgwJj/YDOs5Tj645wg0G/0G5IOItfYlD2eHH0W6OehmTPqEQtttEDvtm85WS91bdGIylxvwj7V/hqr5uT8B52MWE1EGb/4MLAKfV0l2TfMDwKvGt5qDOxZWvEDsdDgjLr1ZUJKmngdsMh3R/JQZJgJwU41zRbUTUQMgLtjGG0V36/JnIbPIpnrzlOkHWJgta5TbzQGWXsKPQuzh6wKrzugKdOl+DnClt/bCjcFruYmnVrOoNLtQmbw4TPGkpvFLVX3zGORzdoI56K5fzTunD4hSmP1iO7FPiJV5Ox/NtF+NyF/7vvFxTYTm35Z8UrYIZRQuXgItOsZb4Ue3TQI4E+VPfhPN0CPJr0H6kA/ZpVa/lhd2+L/+uyp9N90MGmdW9hx0IUlSbSue5FYzTpXWA0qal1uAEibHlZ6sUv0v5xLVjT0X2pua45LsICjEtr0MkwAHhB0D8MdRRT8NmTYboo3XfzEMBUpyHZvQlPUW57G//RcXUnaf9I52cn6EdfFejn0FmtXUCA/qSctOWAME4zTI/5aiVyqPzg/Tt8OggP4007ur/wcqbC0B3Ufpsm39/d9aGRl6W8cEQANhjU2fNYId81/BIJ3vRbpPCDnoniwZsGB+MXAxxJtm7XMn94KbLQwyOsakXmLEtOjzdGBzPVMm9PsSbLEM4gjKltrgnDdvylTUXd5TOGwldAoPvAOBFOZT2jL3hvEN/7BhTUkUKMYpw2dXAZ63N6oOgiZnasRsE4ctzNBA/GlvnVxsh/90oG/Od+B3++n3cwF4L91OvCP96K/jh2bWhaOHTFmhnXvqE+maFZvW5WJE/84c0TLzoYv5EHST0wlxOBJW1+79VU4gtq9+6QaCp1TLeKz5Qv+Ml8IYDZtP3Z+MKc5WIFGaPiAwr+jSFfKqrYg3YuKHGdkgdi3AXeLQ24o47YtB8CmRdLjaVNRC508ZxPbVZyHGTi5eKHzDOCZN1xC0tnMd7YevfKcboVyl6xkEPlTkgdKwtA7edEHbbWNpgY//3WaqKVmwmcIMfzs0Gh5jtFlOmZJn9x0vmjFfBgR9QZ1ngN+6ckSx7+dGtI/TusW15suo8FVjdAQCurj0fN+wH9sKtohZCFHkADu1D2YL1FzbstK1Ml8aYkqm1s2L0hrzvjSSmu5/QTtt8Lp8GMRw0J3oJKqQNPLUEe/gGAsBGkQTHm2w+uwWJaNHkGnHOP3uPD80u/8w/xQzspuL6JmmOWBv40CBkgl6wkfYSm5tveOoU5D4MWVbVQGYZ9BI8dOzc22KpvQ9RO6UoZeVd2YzP4wzPW2RyQ7fLD1KkYmu+C0S95eklCYkMHePvnocsnQqepv8bGL1zcc/m9kfEHz0q8ABkD5+iIaAfYXkpuq7Ep6ZSE/FWdYFDmWDwoihBx45RkaaWW+MIhDl+/dMs0bnNg83bRZZ/XkEXnOs8hYZBm5StWuSXy2HkEOhv9hKs+JGUEEhm+zyz8tFOJehD8BTRE873tuL8fZ/sOEtNpM3/UW/tdhH0X8bPXUAw8Gw/idvWNoJKyPhzMK8bc4U2qoQBNYxDHtQEoel1Rgz9VAqcWmutpA0v85/QQ6uXnqIUT0c40TlZpzLNplOQ1dCQbs2WMyxOl8FFYJVMhSYfsGPymZA+rNtQIZmXvzNZmD5bVbYSDpp+kUQn72cItd8i4q0m1kBTEonH9tTUh7+e3ZItQtiP5qjNYLKrU7GRtuEMtHPJm7xNUETQEmBQOQY1d4A9m2jLDTZkDWUvMKKlQJAukcND/KdA4+9s4GJtKtmTv6FoWBTbzb1ahKRO5kU1IR7L2NOQApk9ikHudvhGNWW0HgRlOmR6+3j4tWkDRB93altM40UAHqTARqQarVp/OLi8zGyv1Wpc68U+Y3WpofKV6KnIBX7rsoADtafU84+Kq1D4oZWIsL74NUtHQX/Lh468LM2CuIOVW5zpmkqmNS77qkrZtJl43u7vOYwUCc6bnSZlXQRQrBWoFm/z7QTM+FXbceuNW9t/m28hzvaUPnE+AaHBmUJzOKKe46/3mwlj40LtVhbYXlz0vYyW/fU6iIrSYeu+FrjIAnGxeenYMS3+EyqiAYfRwO4Fb5S0Z9i/XmDwStZaYwr73+5wPBoOLGeAD9+sl9AeVDjw8j5DgBSNYPPk234jWE+tO07ETo5N1g4B6jXXdSB5YeEOY3K83bWdlzbOWdVX2kdlZOZWA7K4f3MjsrukfOhj3T8PUmQjOMWpqcQaHNr+ncjl3aHpkPq119aw3hicfdhofbNBu5ygBo3JoSM8RPSp6ATvRcnnsudbKD/l/pVS39h3XAr3ONkIw29wgb6XXztgXlFXhd3jEmI7xlldshdsQlXI1AnxpCbdt8hNC4v5oMvO2llduc8od69telhYikSgFuHF5ybfFTP2WnXVbkAPiC0E11KDVihn8mR0zHhKMm0DEWKOxk+sNfIy7/03Dj04DV8B+s1uK6l5N/G3SHpJ9B+30wXBPnR6iwdcX/MUUZBfG4mWstMlcXNZ+UIyP/HL2ZNF8Uwr414UesryVJfDKK5IPhV3fKcSitPk52f1t0xw66EBbgwmMlMbNaCNqcK+/JzvymNsDyhwOQFqpmBWl21xo1biCzx/yuvRO0MyS1wQmrOBPvFu2qGvqPwwMQvwcNZZ3NUxKvYvVvdmo853sP7sLCrTkgz3GYAXbZ/UOhifDLeYJJBTa0Iz85kxjBo/RN9ajsRJx5DmJRR3TdIOkux+C+d/qC81inbJ7KTHd5s9tZhfsDigs13JMAnBhGSk1353ECu30eJw7L1KKX75j/EfTqZkLQkJPOpuYb1hD4ifckAKd2Sk75UakpSYzpc5cYgRkXpGk1GZg7nlXcwBCxyu/k7swdi3fAsfJn4M4cW/RlaRXvdRcuAQ7k1rV+aP8N43GaVs0BG23VsNRet74AftuNDR5aiJHmMV6rGIE4ArBFF5eLXndJpKOxT/IxZIar/ftvTyssLj/gThffDxwVGdo8xdWyYoa2KgvTE76wE5LqLcRmE/ZLpqLHBdynz/dW3wfKMvvXus8yATw71A9AtDNmYLm4QBwBlMG5Pk3xQjeTOoueH5NEagVLBopkOoO2kst09k/PGUBV5r6voupLvMsUzNgHkp5gIWSypcIn01ZNaLBWKlA78VXt9/7kUl7jDmHgGyji40IoF6Ft1xrXv3innkrtoLSLbWr2SLNdfpNlu/xVhV1uLZb4Ox/4ovn0+dNwd72KkzD11UdJ2B7t1+YQhtqp5ZMQfdTdaS4v0X3icCTMzonHM8xSwl4L/z6SWVxWubEL0XS5HR7J0ykWf3uJgM+5Cc6qePpGCWSri9LO2/mvtE0LYgWWrLdO6bWUSUBT7sc9VM9TEQF1lzH+p9faF5xRaVW9ULLxzaGEDYOTCZsxIlXupqHGvBqcxLoiLQ2j36mOEBrC/FTDj74BjVLq/ndKmrz3BfIlcXSgyEJ/5wbHTyOwIbgK1G0E7qfyvrEj00jwlJu0k46fG4cH+BzuEt37LuzEfCtdOqO8KGJ6gNwsP7yX9QfAj9DGPFy4xZrZLXIcL1r8PfUDanMdv5X+2e24BGX8EyGYU7SZK21pF9RfX5uXJvgqEZEWwAZpUGFXKB/czgaeK1WnADwoli/r1eqFwRUibKDBx/wi3h54Zw1xnqi8DiFbQCetl0xUwWXnhGdw/kuOCcNkx4SOzK+PCacK/Hi2chyyLX5PSEJEx1EjAwvEdJhq8g6+vvvucoAkFRsLw9rz2iU3Q8qlR92ayWt80aAM5k/bFjQJ0ZZRqWWh27Kuor5oEqRzefrJspSWAH9BRZtG9OWc/TlIRQ57GU3bx5yrn9Gtq9l6wxqdRtB7FN3o5t/S/CBPPV6Hi7UCCgbeUfVBGDeCtK+C0KqVmiP0pFY3OoEIXsvHa3KcYMr0MX4b669+0vFKWT9JwLgtHtOQAVKFhh8+XBPgVDibV3BVpqR8L9OgymrIQEfo/IeyM86zXD4Yvx5nU/zwUJnDqGdWSKXW+fKzixeRdbJlWJRGEAxLZ/TaKQLz5vDv7Vs+C2QzenPZEP2c0do66suXjsBD+rGC3+ekjMZ1NUL0dYziEDnZOQSdtrg30+7IncNbMtuWiMxipG0hl1ddgvLSwme9UEz2VRRh0f2JIv1sMqIK95d/ivE7NeC+EDKEl7tY53M9Sr8hYi8ajfotkf/2AjsgveWljaEsVupi11LoWbDtXS+z7R1JrRiFBuce5FOjsllb5TmGPbAzhMLsqxFeEEYmXi2tIu93nJAt9cFr1U9MYS0RwNQtQEyygp28s7bPcM/X9p3jvYt856OzstQ/5VBag96/9k95Ez+QN8jPQqk+6cJU9PqV9132Iyqrot/OdoEW2llSFzSlOhaoxrv7VUBfZSv0KH6cNxjUtxrEblw2QI/O9VERfcxKnLELK5YE6kfn7P5PsqJW1+kpx635Odyebdv8hvsB7MEitp3uFldsG/vn4fayAPxi7xYyU/yXcDLPcqejmnJx+W6pGAq2k5o6NsYxMPt+ZvEIj7qBKzmyqdrXD5+2BtvoluWNoQ+Pjubk/u4ABhxXYCea/J04/YZ2rDZ7V0Rc/DJp0h5QeycE5GvxOc5/ADsp34E207S4+0KeN0rL+IRRzMYFtWTubSwE/sRVv5WdsIwm6CxVbF6yFm7IiFFK/1i26C+pJFwqlTQflI3R7A6YH6PpGw1zl8nGd1c+iX6gSBuK4rox7Da2gdKiLg64e4WPQzDdBeSIlKG9IeErHiP9+BpQ1z18vRxY/Rsl3cXLvlSR5xRVZvlZc/fEqppmy8t8OwG8V8lsvqeZaRlQsS3zgvUFpy/ndN1QDBbCKI2DKXK3v7vnCZQ2hvwcb2ZPaJJDz7iAowwQGN6r0I5EFnrEHu8aBDsbRxCWt63vERQFPW01PNHelgFajP5XN60grvs8CBRR9vNFFO7Wh68FlMWxsaWGZd0v0OQxjZ95pfGOvJ79wv3xWIShHncNjUUuXhmi1kcQKuxT31Yrcmt9EViI69LUAQ1VbZVK+S1vIensLJGltE1ztVCS8GTq54K0MS5AckrjMg9GugxWSiOgAD4mjYBKWkWc6ES6DcJM2DlDYa4mfXHkYxQe6m5qrk85GHnSaPMayxcA94F110m5z7ul3Mcakm6WeGQfKtIl4/NFaPDlnCiWZWsSVetOvmg1z9kERv+8lxDAbwZrtnRzC5fRis38N7TK7FRMZDFPGkhUavyA99SCY7CZzDG4cTSe9TME3v6c0g5D3XVMTWHFoJOlMXaGc/pnqt9tTls5MCU+ybCvvfd0Bb8pfkCg3quWBW4LrdP/4S8nlZtXNG9aas43bTaMXG46ejyhQ9JTVBlSmXc4Lr/VVtNiG8CaePGTd8omk7Gavch+o1qeKYWReXwIkeXX46RI1Z/YJg1NSZt1sK2XxGEuOye1pGLMQ6K0y1w1J4Q7u2xEtNWgAjr0v1b2ROduo6si3JoMD5TODA+LQnvHAz+NC8RJfMe8kIn3yOrbnuMD/c8geMPFT66sbBuBSIC/8trDmttBTVV2pUtzU3yN1J8zznF5CQDP2T4uFWtPLtMzm/TcylmRkgSdLAuGdTOjaW0fDeMpSiFJApJRvutHWv/MmSX9lLUeSkSUj+l7QYZubYdwK5OzS3owNfotdJJHPdb5pRrTsISpqcUmUD+IvVnkJfaaIdKRh62bjVPeVmVA9L+d6NsXCVuJPWrb8qBxDc0RfPc+56RpSh01zbu2WJu+ZQzavA80/5DiNSNLq7Nm/I303H9bql5fPnl2L/0q7vpI8VdlWR1Ef1O2knKWA87PyMXYujkNgukqY4fVsc/js20S2Y+9uiPEWCQozfP7eQ6Uk2J5I/V7gAPRFnWZd7r2ulOpMHrH51Wpa5k3kbLGsZ5fCJmwnNaIqYjZmaBKuJ380Kvf6dnFASd9evOJoA/rTRC/fL4PIXv09egU8VDvPKw0XFbWWwrU41+NTJ1oEtjw4BPvXhx+otPXOJoDCpAd/xEa3N0XnirsQpUvWBX8+J6ydAbvZdnWW++7o9BOAQ2hhU9FnQaDI5B0VpcWuvwdBTq5uddv1MzAxC//JimXOPGMX0pxQvuWRDRT6A1zV2Fn6HPxAkXQxFB8kDRhsCOvFYvaw4MGezFmzQ9jv7fPGGZS5vHJMLLlBtyUZ6BGj/QODP9T2Gxed0PSCzMRpt9DpcpzMC/gFn3YjslDlkGEVJKeDsA2HwmL4ovArzpLqpFL0YMHhOKslvXuR0VmvH3PcAMfnrUtB6q/YD4uQ6BKxE5WrjUR6oZhIelKaquJYq8gRsBD5j588X4pcVoCgS+XzOUdls3leW+t7Enb51H4fn66GCGbLja6+9FKKXA5XXL5ENo4w8yyALiC4h0oPLJF1X2WXOEuLxXtpYwP2ONIbCOzDBe1cqw5xFmNuhVcrbSifoPox45MOiQ+aTcROsdy67/qMu92khmjiLyLXzSghdKUJ1TtjQxkiahzZz85uFo4a6M616o2Gmh5jq5K0kJF8ggfaMqHrrVISF0V/RzlvTYY13OUOa25UbzAICXxbuHsvMKzJRoG2lFGQv4bdU+njaoAelT1+VnMA78LKaEWIdnFseqVM1NCrb5S46lDxLkClhNeb/ECM7ulI3jtRZ4+3CW6TY/EYk9ipooJQcF7PudJNyICko7OUDPhR7wccHtxnIBstHmceRnN+uuTPs11lrup6tzRaabTtEcb/lxp73HwCvHAhbSQ5V742GeNvwe0dK9eZc67uCWw7ooKsijySOLPJ+83Bw5lmlTTovlqZnvsn1wKeSYw/G7ZYRUVleR9aONlAMEsl9opuDTDfFKOeMenhMbL7BReQjD8AoSxhHO4ZAVx4txjS6k3Xd1uq3LztcNDkzO9WJ3EvOkNbxd/ptOLR3KcaCppm73yhb6zEHgLPGDT8HGxDaEHj4ROhsWKU479CuOqURHl5vpDbQR6/BK5qDTRDoXn3TZ0SXjdMS9SX5EkFal3/aoLlIKCT5+POu+WFxmC5psb0H6DqTWahOJjz2H5Y1VrHuvlDVZkvJ7k7LXMqGouKqf+VBdiihW6WUHSD1GaWj4glIjK2gPlt2Y5dd2He+6VJKbfmur7I98HfVDnDH6zJBrUEJDarF99qvRP6wrb7xwtRxcMpoabfQeestzyo5Ey55aE4oUSUXO9ixIxiHG89ai1e4ZFAdIsGP6HYVFlq6TDDm6ZEWqdJyr3ewqfZVS0vGttO4K4UGmwPbIl9okiza1kPfN1RRIyr1EQwoPrtjMdfaJAbLjvtaYCTSl0wofpEdS30MLKxi60sHIr5nvfsP6p9DvK9spE0ml6fcY3bL13g7QKfMw9rDi1p4m1RflpIn0ny3PwDDRYuYFa31Tyeg0tGd2dXZ6f65frLNbnw8vEVfKTgYsBsZB/npbVkD7HDBXycVEfY8zMe1zN/ECnbXugwQPVXPm3amoriFQx8GcubypOpDhpfGJGVayT4zCEd9G9zvCb1nKc41lCXWbQqCGZnF5VMjY6fpsHLwNLz/2bHsmaWuWXqX1MsYzY+S4hdvgLkPRKbDI7LoiqKuCg4ZG88tC5UPP4IFJy5RojnciWB7yBMQ1ocEefzlSewEKRZFklXkNr7MPxa5bk07rNh0VtKH9cNfossASRMfwxomPz06a7dncGRo7L2N5BoTQf4uyhSmHNo1U8hQndO4Tp7L7z8KtGjtfbd25xtRFXWMQHbcK1DrGX08prsp4bPTqYd7dyriPkw71qvxmA7z7r7pavsFKLCgpH+y8Jzbu3Wo5TVN6G7GLZyjvfRjZ0f11+YqTlZxYlWbkZIIAxFTAThF3msatWsYz8Wa25qUztgusCwaQIrXfBvavt3tkXjcnie+Rrhr8Okcv7LN7Kc/N+Gx/Y0+WW7WCiXEDidpQ37jFSFNdatMIlFxYf63PfHFVieREis1owAnKli7CQ43DP77y0+CedSsS+MmWUK5Myp+uiTEBkgID03+Qx8+wHiKSttboKOxcwrR+gkGmEl3mwt1TEKi96sH9iaLlSc4zi3C81NY/i4mamxGpuZsXZaY6letfbNdwu1fkVtzjUTnaLf+c+rrPHeuS4lm8Mb5hQiaIOxGUEnsp43YVfTCuAzEi8ART+sX1MNDntOBcG1MCCRo+P0RVar//pemfu8a/z7nsNWwpGekd42HEDxsi512d5tippLKW7rXFRiEOCjtpzH80RabvbcQkBDTeuYfSHtiQqpKEIAjvwoANRZsmn0t2xsV4zqfWp5Y5+y3k/q50jAferRgI+BA9RNO27oKK1idDJN6lb8gf20NxuW3dVjiMPFPI9JN/jqFfAJ6wHpbYo2OX5ilVSbwgW9iIEbss8/r73FG5b64Vywjgvfw2R4FsPz3heVB6SO3E3UUSbwHfApwqcwIX1R6kJVuu20MrstXkLuq8WqQfWW4bsqPDbr48KPV18o7dpVOYktgyFiNsGaYKA3ZEZVQ4Hqrz6A2wZQ0yPM6I0nMfA8cPsolRB2BqW9v58OSGZu8+P8syFeXZNR8T7OUnmHGV5jBLJkVd9es7TqgsJDvOOXrmcBnewNEqFlAqLvyTyxRfZqsONBiVHjWof/07e2yMVfdm8cVQdxQAbFDUcXTmkhlSxf/8GQm4YCU8wqvC99ORhhv9fqgVrhYiLEIZaxJ5814cOw1t+dnT1eG4OoVRmMf640zfaA9Wnj25KD73eMjGWudiQ6Tf9ZA4N7vtOj2+dv9CWY4e13hXLopIdv9i3z8RexYoNXAQBTQfh0UdCI5nFewxyP52VTJEYD97zKlWJqP1n1I5M/lQhGhk4ayrPoehoM+p9XSG4yUQCE+QRg98K7HM5QbnOmWLbl22zNW0H6gXmUdjF/pzOKiIS8QF2ibSZpzqhAlSyLbmxeB0l4kQRnX+lOxnrFLDttfyQ9SjFqaPy7Q4+JYtRDg3GaQ8MglY6xXmvlINOe4fiXJaXNaoSC28Elv6Fqhbp4fchGCHlPG+ruhbK1GhnJA/36Tp08he4GuKJk+ljaUqfD33CyeVAlJD5jtcLIZ/sngXdr+jA2xByCT6vXvt+ECFB89FoSKAxctW5yw2arwOPYZd49XVfwOTHZO3VWWe1dW3mJhN2WMZHaXpXaQepwXyYqupqo53het/0I+uUxKQxtVu1PoV6z6JirQnbEZy6p+weBdG/NjbpEFrbbmJXl+Kk+7UPaUFJHN2mbkzQ5XVNwxfY5Ek/okRlYtgyDxXJsFtTg53gEPYgQWduMn/ujZ0jn7oDmeFpN6hvZPNCD5ddJE4T2DDEgdnmTUlKgXP24rZzzHfVMz34qa1DeHW3pqKHA/V3TUx8gDULMfvph7Mzo+kZKNBBl87T5jW0T0lPJUcWvzHhJKS5GECZniIC6LAPj5W7ktdUy2qrEKpRG6dAKRjG3/2bzNuPAVW3aJqO4hsfcFXP629jz6fyoEvH3oMCvOg36Kq1dWdKnVsBVN3vVonn7ZdCayP1850+ULF0wCNVlYgXSwhnCwF45qrxI6alB54z/kL3mLSLvWzzynmn9pfavb1Mu4a0jM+cR9Y3/QA2IJeRuo/e+k45zuzAM9Cpe+fLEzKVxJvHerXHNHx1ZLGkrd8QUX2swQceFGk2Mo/ZMD0CwUzTrFYRxRqsYUEF6PjrBLCqI8LCG24LUqYsFWg37vV5Q9KjK30g8Ax8Sy6FDDx5an+AWPBsjge6Kb/IeGXoM5bNI+8vJwy7AywTDGUnDKf/PoikhQP2X/Zb62VO66ZUANYQK+zErGqs8brdpuLxyVjCxe/LtEGbQZy5rRf3RrbU7KvKcKzKTZjJn2PPHVA7DHo6LQrynPUUCtHS3iDu7AuZJQSwxx02MvNtvTavy9/mZMb7S5d/B6iwNU+M655RndhsH//wZov1vL8NOt49BlqOwT/c1A0l97Xw1IBaygAuzOkB5yVUS13Z4TPNYnNPzR9kUiyc5gdZ3LtDSf28EovfHNyXgD4xCoHn6Z54a38O9+QxWohT5Ij2iuH0Nm6FPX9j+hhAe/cF7kOAdw7H0C9Bf3WyoD/rsakl89FVaEj6OmxH2jVBjVI66hYEY3E4jjDW6IsVkqGTeaNvl/T7m8lnFyVXPed4EPij2ool5bGPPOfJJbLQqLVhDc2ts8gtGK+rpUQUX5tKkeMMyIMTej51AFutVG2VL1NbPSz6l2orTanaqjypylmZiPRn+G2MF7KS3+1yU8E1Dju063bq/JqnMLKamKQ6fTgS5tbyDZEkbrBsb5gIL4jct4/ERqnls5c4xbQW/wBx9vTGz1uGxlv9zYo9d69O/l9jjFN6TOxO3J0MVXVMXtcw6+hxZ9SKu+K0ttrkOoue/fRrj+3wPzVuJvdFGLswpouyDWN7vQUD0/ey4qY6Fq/4KbDn/webUICxZkbMChhiQiP9huZngDPJTACZPuFlMhNAF3aNBEANiRVVzsWIfW5mz8TL5lHJ5C1D1PhYUExhnfLHOVBon9/LYwYmdqvTzpUYMSXjIZJxlen3C0mfHl+SPklPLuyNogJli3jT7NqhemAnBKBh/NIAGi+aeA0Ht27DrOfjcKRi+hIzQYUZBBeExZtD4InwDa0Sskf+hR5gR57bbMKv0ukg+RX6gId6mDKzb/wnzBtp3vpkDWkZTemWMLGm8ZjIfmXZFYik16dkybGX9nzY+pYysLGC+QvZaQF281cWgK+vKbc3scIy0WhT1qTzyhosOo1Wfux1XnQiq7h+9iA3MDkU558sx9mXbwRLOUKllltD0oUhhIqSVlRslmv53MYbLxDeH0BdslfS1MAioBT98Dhc1RSzpedW57znusb1nDLVhQGfYMfbMiDZ25prIS2SrAWHgFf7kAclf2O5OfcSFW7eYmePWDtKbl71547yPVk1WHqXPGfmJKnJ/lqwMlETyVPjbhweZlmuGQxk9d18KHb9EdEJOl4Ozl9vop4ndRVd9per6DBT1qrLlusrWChEBbYQ3B+emhyYiZ3YoL2260r55T/vlKnlo0UZDXAM0yDssE8UpTcW697CMF5Oq+AbmLAlonYuGX0PZ3JgCUoYAncceXygW4De66sZm3vIOtcR5Jql2rcrEpbEqy2404sl4KhNGqnq1h5OFXv4uTcLdSZEu7jQyYJjRsBVgHrOR5AeBH6Y3lyACBcpSg2zOp5L1WiaAwVL6k00BM44faIJoKSk4Dos6npGaKRL5sdy6KRGEC9DzUTIWeIQuXsBgdZaSRFo19P/GYHQu/dlePF7f3lVxbLMOA6/eijoWovge8y28D89YX6YU+mHAJBDJAehfCHph8qXdBR9fP5hos5Od2mElW7heF1qU2N/PTi9bXFw+sxgAkQfF9r88wm/YrreGTUx/DEsj6V3L9KgNrFvygMb/OnoBUJlRYIeyUNcbSyxoyCawznDgmfMmbbqWVN8i2D2bnoJaPUVAPTGsLHoDWhf898BnXRdopBgf2tSXQK8tgDxiKMjjOeGQTG3zwv/kyWj1NPBiXMTVR0OH0BbrdyqlhmSMPaJ2wt8uZkCLfRPAmQcespKO+PcgUVFI0S9Wyrsiph7YFoqGOMlyRp0wGe+/RwHAif1vPeDUxF7M7Q2mRg3Bl4g1U/kX9Y/NIkOCQzp5OphI7SWdE8DpVk08D/h3Uc9OvcMfdojswHsgk5uDah7MT5haXCS9KuR32pgkWkaJ4OftYc0hyZ86ooshyaAN1Txs7AlrFfwplPYnvatCbtOaPR2ogNsttj/4wGZfOIa8gu5OeRrmXD3mJTcNHb//SThx1JUHctyv2daQv7eEd5CYPHPJDtdptpl5WvcQ3E6bRnNjdfSOXf9K3kXMd9hpT5RRQ/T7kRJnsxiBfsiYl7fHvOWEBYPYD/XOB+MtCpNeaF9wvtOR8DDwJ4vsRCvr+WshX2JhVhQeyVQ279XW03E5qZ26pAm2b9vfS1+VrLPzzwtR7llS0Gkhc3KPPd3qUOewmtw4M05AbzyYz6vqG6zDrX3WfDIlqjs3bHWouYp8TBVXJSsThUyQWvTOM5uBbFwyK+qWeyyihT+1VTi9oWpRGySE3SSLFAlCuMyRSMY2/ZlBLywpBFH+vgANzEIDc6YOBqxb5Y2xnivSiRZi3CjuO8EqOLejaAHpdb2xX3dvKOqNaDuYcpo/tny6DsDMa7KRC45ZGYtdPLca3OIc48DQXr8SUme/LnM+NGDlQa/9FWis/wuOt9SK0VzPvP8IfD0t3wkv1ZlLs/PEoQtBGnPLoQ8dKOQGzTc6VsuP1nAdQaPJPpJIyTeuX1gCmCrieLIISWLX8eLxALRC+C1SERUNRLaUfw8rMqmhlLJs0uf7rMq3KDBqpk8ZHnzRJEbaLUuYFiFjEWdlWFYQ+Lrivj4Ae+iJcmp0SUnjeCReQRWMwaS7k4/vlU+ENm2S9CEWEXEBoWfgp3gP6TeFt3zcMwZvtWFnfkZkv7KwhjVskVReKDAuOhJA94BdAO7li84/wXl/Jo3pfPGx8V6vSNY9tXl22dVNn8kegMrPRK18AmofrBtSLOpdG40c44S9zCRhyC+Hc16m5cwSdXdUNv2IrH6xGP99ccRJMTWH+n6JMUCQyZbhZ4NLU8f+tVifwi+nflWQpx7BlovZT6hkdc3Daci1PRBtY/clVkMgCG5+59zT42Cke4EpDn10zwKPXMBR6ue1/oP1XALyao494+bD/LGdtOzKxrPotMPfwbAaVu5eACpqsLXklyKAOq2WQ//KT+QJ9VpgEY6NyNf9IrCjpY2SxFu7ZAM4V70zdOv/O23XJXDxW56iJAmyTG6+rbTKXUfx6oG1To+b++o8F/8JN1aoJJz7gkJk47ZWJp3zTe4AOLOaAyNhJW2cdnkNkFB+AoilWrXs7kif0knahAALFINfItOtTR0QvzE+U8tVROPWXeuYV4YBgJnaq0bXmIn279WlrS1Ck/NGe4Bp64uHJemsv4GcubwSqB+vCiqCWCQu7bgOWGv5ayUCwDWx+o9zs3fT8a6pXuVZ5yZ06YatvWHwCNhpJi2IFI2WCTy4Tdo8J2uZWWeXuuqv0zWyLxOxY43Pn3WPVGksnSuekVc5lYTenlydl5nZtO9/dCAV9SQcPvlHmgPRZoZ2W75pcHewbzd/favP5fycJWvfaYoj+g2EOdHAnTP+cXFYSI0hwZ/6A5PFSp5LSRJ5LxkiBciVRcKuV/Gh2qAOowaO3lavb/FTvJsEndbWTXTNiIU4pwlNEc7uSU21pc0S6iMimrBdixpcWFHbiL/lRlo/VNPqVrLvZ9qJQkPPy9KNFy/j4TFT55m53SniCoh+jphdXWvcZmDHwejh4cP7bGzP/Age+DQ+eQEtd1fPyK75rRvdFV4DC1XUqMWKjJvc+mTBQV8CYKJDa+FkBEGOMELgJfjl/di294LdpQr0gS/iw3hGKMtJsIeQ8a97Ahf8MvgWH5KKoUXLgu9mYBkfXRRFxbWRbo/rryzz6OQveinfKlrtSnPN7yn9GRLTUTCg/sTGtBg+OuhehFBX4FW0fGA/YztNqeU2MhpHw9ri+dSTo8SdEhnzcFZiuc1ty6jacSQ6IfDcpeTu3tfFqAtVwc3/zzgKy3q1HoX8rXMEu2k+VqrjNYDhQW1o80Od8jsqvj2T8/Rc8az7DkA8mhVLdrnyVd89+ekr5mqSYgSFrenac9Wz01U0w+LdrXx7+xsPGwwrGQXAbdMWGe31mvxx557JrUlvWeEmz02QAcBwi9yV1ou7AS7kq79v+L6/n9GryhWlbzNxxLJoxhfXz5SJblybke1ZJYapK5CisEajr3EfKdZDTxH45xDBfhtJKGC32z44iU/G3QBRGuvkzFutsMYXAaiMbkVdn8VgZtqE4YfQ4wwQ5eqkr4JT1IaL+u4QdihF6iWFjJIMhx7S3rJtZ6BR4yNrSJVXy1cGbb4+RH/2KQErK7BXNKISdqF1KM1qctoOqVCj2VArfHm05tClzL5SV2U3w5DAAhYbyYrR3BX3K6vA1BLycCET0GBl55HGcDDcNcIIEPmhJ/K1OtZkqGksOm6HoMl0xQcWXM99xo1Zwf9C0KZf0jZG+AjjUj1KPg6F7ofNhQKUJlHpP3xyBdGx3f0k8dcYIQLeudSddS/benHi+hz54xyziiN6w7Y/yrQYIT6DDLoHQT2kihoO6k9/Am/HfT15CFX6m3zsC9pqCRlXrm/bBTnZtSixP6X8TcQzKNTMNPsDbCdyDvLqGjzcsydvkPf+RXEHCKOf8A8NEUBL78xSn6k91VgNjn/iXrrrtPZ0dY6NtXdouIlKRO9C+2mh3lfT/4lKnxaIFlHGCh3l18MTAiL9sn7d/R7Zzoh8vmXKVirHU646cDokQeoZyhFTlV1CN5Xu8z4z248RuKwRK/HA2iQz59OFUaIWL++s7puImat9OThq/5Td+pC/+mbMFn/CYvyjQBqqfzE3aKbhr8O9EegtB/zcvxWUpY4X92cBy6LYxVG6nK8RAMTLZ1dLl9xLI/dbRQh2hbY2Wofqz4Q1+rtjMwjwX3eV9qFDEfz8qi91kDJmL/0ydyGkAu692as0xee08uS+WktRa53z+ed4Hm3fQF+u2VRTn/uZF8B2VZ7zZQlEQnFrnvvblpl8XsQMnpjX3vhMAn4VnPPhk8+FppOuC8x/Cv9AeIsQeL3t/XImlI//y3HRm1RrnGpLFqOY2TmF7oOTvcWBKTczzMYpfWy02AtRx+XuGTkOQZNmaaP2U8Ef2DaWBqbZlYn3nXMiBNGtR3obj9HH2obF7UjusrAXLjjmIHJcXRYuINGLqhnsHsZzXsIoCXlHqCxFO8T/57+1P+bzjcvv8K1yuVDICuujqHqUIdGPOl74Vc99yw8RvOI8JDEBhHh0Nk8isvFOyHJoDkSw0bg56l7q+ZLT04Jpqn98z3w8AtbUg8Kr0ll9TeQHGd+nntNz6zhjcYkaPCGJg91lsRjWJF6FYvlelpIOnBZjddiSUUoCehLZ9xaRjv+26B0aNBnbb2vLKQ+cxOws5RWp/r9gLuhSuTaORoVFcpzjq90NAINi+v2ALXH0QJT1qDOBhOPigHgb6S83/3LONPG+UAkrNV44p0Lg61Aw+X4LUllDAL4Vv3thSQL2TSQ5z+R2e+KpEkWLpKOf5FkQXH2s8qK/jmoYxfLUqHP3j+zWqvs+u7IvAT6R2uPysou/XvpGUmlv0PItnfGxTEQjL777khmxeDxRlCqw6OVy2k3cOs+Pw63ZOvHnX1sCGqDh7ydHwRakaWpkPFlYDDzWxOPLvQ3bruLtcY3O01MqqZTI5knhQnvyrP+zEnOWMF/+VISlm6wZtBlzeh2Z+lezwiS47jnUJzOVed7lSGbuUuuDxSE1mO2Kk4bvJWJR8zq2Lg+DfS0bEZZfoFQlWwf01D2xSlynuTGCffHKyvQ2jreaA/SPmcdYRYfKJfjHBeESrw2mLB7A3LteqAizvjiXT0/BKDTq7Ji7kSRh78+C2ZCX1OzVHCvtcXErie9WJCffdpo/VFEhS4/VjoAhO6e9ppJXSnApQiZZ5WJKJ8kHns5zb7zaOsbyN+v0N7k6Wi9XGhxTJpayvjE6wTbi66FBiu8FFQhQoIVOQ4mrm95RVK3hSFcZgl/g3N199FAzHfR++QBwq4oevn1Z0tjt3iOOB+pO416mMydRqFYfc/XeTlYYq8lNPjxcFRhRqUa4VHVFs1kno5rbBR2Zz+wgca8jm+V32aa/dzoUCRTtbMLU6ATCVMfDFRfTjNNWrTRgpxeYFkFW/MAltX1Uy3a0tK/+WcDM48FGexPFJzOgL60kXXwEO8+wBjfulr/o1LMNEHEn01L391up13m4nZJ1WI5I9+GT/XisjZnirdEUT+GEBqLBT18ao5BvtoV83jx4cTqz0VPHeZ0kSIvHMgM/SkdeJUnAhub7yWBXAP6FdUjI9YVqI4Hfyztm/sEUkJIzUs3GEtmuBVCNa67GMTCzq3993Td3aIgIlImHiecZY2HfFgB0L/5UAvUVjWeLNSCjvYHGJZpdduzyKRWvY3Vrw0DgrDGkh2a8cIaluS+WHXOiOsBFyuCxtEoJV1Qsle/DK6AKlZqqxVRJj580ign39lcXiI7tburDVylvXlN9B/vPcxMqy5Iz9dX6PHtMlqvvw48MQregEtCbkuHgMKlRoGW2X3zxZ61HOfZSFYYjw7Hru6RemkdbfZ8onzidQ+vyxvcbD/wHli9U6eMZOWePu4TwM2HmeSuobgW5mrRW+ik6FjP37KgjsedXe0EDlV+9EBm6P7ka0P3A+F/XoZRxU2NBltIfIdvmI2sqy3FZqHwom35J6ai7ZMai7hRjWe3e6DZoxBgD/xIKQ3IT21IjcnPjKjMCrGqtopNjrhNdl28fKfz0UirwtRI3Wlv864lAaca13P2LrppuY/Kmu3sr5vtkWXm3IcUULO9fgf1rLbZamZFi8t+to5D13YsAJ9NmHDHG0Fz7tjNcMldtKux+eyPIoagoXxOKVYhJ3NxB71XeQaSfl6nbxC3u9Bm7PIS9Vf/gvqLaWG30HSH2mk65WPkcPSPeyPFYykkv9jeB2xKlHrbsU7NQ0LetIGJMNOIKm7jsqj9EdWP/phYkS5uwiJAG7YiKgtC7u7oFqCzw6wbpiCY7JAc8FQ0QKdZb3HnbO9gM9cyKdjNCOjk5uq1UiW/wKwD2KUsJwqXq60mTtziryaKtXrmDA+bMSIkK4pPF81lLt5jCynlmkjZAVAuLWT/wBpae32iQJWInFlvwmZtLhR+bpTnDLlkf0gPjTTqPsB3GK8okJ8U7UpaSeSuBQClTc0kM5ffyXjA1ohs+Wh9cc3iJwfMCxOeyoQJ8XVW/7MwIeFpmN+IY8CnsHj2z8oXmpzuB8FvwtapeaVQU2FnPJo0l9HcutuAr1E1buQqqAE22cGhb9uVnwlDFy92PgpCPkOfdVj+pN3ETj9t9m+qhJRFVULCdN4y2lAh8vrw9RxKy21RJ//QaKBqa82yXpWSmRLjngdRJCXsx3RWY+pwlFgT8di4FD9dOjfS1yHOuE934yMKjBP1D/kIi17MnJkNWqzmnxZJm/On+yqTdyuDok2OL6PhodDJm965oyAR6tMkiKiY0cusBgq8ygjRtB3CbfpSXTUMNEgT/Z8qJbmGZdJ2e9/QueeunzWnXm3DxQA4NdqabZthVlc9a7f40Z8u+xTKByuUfaVA2G3DOz3cc5SmtYpIlbOyrwWKHsbIQSZAoOYGqgfKhA9UQwMn1r8VfJKADJ36HaTKrGKf63Tsh1U9D2sYu2R5zLsjYY0ZN9kRDLuea5hAcwg8FmCyYHT3PwGsWA/CxweyzDBquTrvx3TcXe5lkoEoJzTKaHdki3UDeHzUP2S+Ja8tnWi8EfDXROM7qYy1XfwvxP0p6G38I1r8K2lVyO1hj9pDLi63sEuuYuBaU5AD2ByuUaBEmCfYd3rMaQdip3FHWKbg0icm21VRHKVfNNg78jm08tsLoG97HSBcnh5trx5fs8wwiDuLW9QdvPK3ebVg0TCMybGab8bXFMtPYiAM0rCbaA1N6Z8TVexXLByfwL3p5r/80iGVDp23sLm8J+y7ELJx6ey5vbawpDzXINE5KCo94W75YFP3mly0RUJFHrkbb7x4CzK4CXKcn55JZx2r/5p1/GHBO0vn2LzjKc7vsaap0ZuiDcHKxCCUxKaV5KeaHgU34EEDWlPEH0+TFGkVOMcf+Awo2dZRMz/nUtPRC5KXjdpCkB7cPwPYLtrpUoNTRmpLmSKtWCmA8nYQtuiRBexWAUNG+zRfU4Qn0U1OW3chhnO2HPRZ6VyymkiCouWKtaQMJ4ZfGEsoTz+OzIMXCpmg5PNtIbIc56svugRoe3ktVGRGSjfj2d/QyteXr3mFZ2CitheHFH9M8ej+udxQM9LonaMwusvvYDomLm2TibCrAxXJFD8AB44vdN6plhPdbgMvi/+X00M//97ScKbETd+JwgdQi7aOrb97JSxnGBoQ9466j3UFkl5RP2TKHa0aCDLquNq6mshNpg9ptzO1CV3DvLoflvQ2Or+LtLpgSElM99Wm2bTtqWtGehGR17vN9N0eq2QX8fr26OaxQhICwnElDhceNWlCg0UjKfcd3nvlY80MGW7w3wc+SlR4VZvq9EpdfR2aiiRTvt/qC29NeZJEevlzwrY5eqYFpfU3EtbeKuRKs+RG7ogbiBxpliwdR9rwbwKd//UfArxzgcUl5a+z+zQ0Uao/8H5sqLLnM4AlR2JeVbZEiUeFxqL0OIXKlhDqTszrtirxABL/c/FIwMzg1OxA49YjhKyZ6kXs7f8RRLJMHTtlqHSB9zlsSmoEsSAlPbOdfRmFt61OfVfbSu4iX9z9xrTVHJnRUJkxw8NukDSAolQhHmWnIBSkwep84UuVktdTr+d7V6RltEbJHVcf9hC5qypy3cTYs/rZP9Vgmcf6wDfxwLC0RXK6EjbfU8d+OPCuy7zcd0qQvsmE/a27ImdAeYnl/GjFWQj84yn3Yu3HcQ+pzTkvBs7Wa9ucYUmdqhBhXzlVnX0VXdAfUNnay/+e9K74MJ4xG2aN8Cx/sW2b/PD7kdEELCR9Zfra23YJVU0v15loFQocQo01o7g5W9LaxIz2k/1txzc6guApA4Ans6vY1WlnQrcNafhoXZlvWXmcZpn/SqXOh4gN2doYpgdeKfHCI9UGgCoKoe1TZ6jd54nnnoc/+qkzxD+tDGkWXBdTOJXYTFHN3DHyYC+Dd0SY2lybX2N/juc+42gZtNE19QJdvqkhCXE5pvVssq086AhCxQXgDh3VADzFKwi/0nw68HwWTGWYIwt6hgQIxq/BieH/qkZyKK5Hb72J0CdbyFtLuVi+YfK+u+no5fToNkWP28ke5fLBlNa0NjmR66IzMiRNGp+8u6SYG9T3rIxUpP14bw9mdw78b7Rq9LdKA6e1wgou4fso5IMBxhGgrtIL0BnwzO6NSOBoNsJ2FnZTgMfsTllrInR+xO0hg1IWdN88kuN4tvaPiCpXuSQBNWLyyNIacQA6GaxlczDf71EvKpf3ZuK0HCetANU5/iQCFZ0y6BCq9nStCX0HYTlNMrxkpm3VJpk1/E2MrJVl/+nvrawvoYYV5YF94+VGHbYNIanlwVXD6AAFGmVrhBkkXZweWs3E2ioXiHcBaLKxbeVgrxtTWC/lwmp/ZnTeqLAFnYBIW1nJfvj9Ex1exJxbloS/tbLMFltZGYfVVhDbPOircKls/XsqIm+c//7LTjtuTSfhxa0RvjffZ3nzSntXshyawo5ca5God+KUb4tzBVuHCH9OtfIIhypc6Smk/X9MiPoyZ3P6Tu0/jwYpF8ISfUIjB6Pflt4CDYbQd0UOdoELuhmbZTTD1ugKLT4T39QIsmbrT1D6z3Xm90vP//iRmO/cbBydg51yjDtn0yZoXjbRGc8/e8WMbVrMZHhu0zOvdtgp8FnbIwLp4OcTWXHqC7nNaWXX179ufPgZwMlrh4TbWR2YwHQFi1vGd52ErqCaPo8OUnV2aaC/DA85Xdl7B6nSBcVMQPSVyx83J7biilkX8va5gA8D+55Lj9G/QcN9I6yhwS8GANLdKzi7ASBy6pZMw0jm/h2DnoRRAXYTuGmr4w+gnNAjwMCl2DRwQfYQpiPlWPdkHKvnw984ViCB7cDmtfaWe1BZd8dS5DjSSAvPJPEKbmJQuF9zmruQbd+4NSlnM3l4Yuim2+yhKuPfAWpUefpu7+JPlWGXp48157FSi1UrfItshFuZgFDJhJXqD40d4pPGVI5de5cwbUXalpKr338zEqFEFOsXZjiEk99X5lsHdqz/jZ1TtXrqPiVN3HQjV0zd5xb+JFn82eUIAapSiPoUCGpVfDoprf6cf5/wYdqVOCoF9r3VnbeNlxQpSJN25me2cYirOZdd7DZlZ2B7nR+nhEbyEA+EXRL7AZfsZBf741OX8xTeUcm3jm89LdSUKrusl4PoR0+AVNm5VqrspB2L9VMmtq0W2m3pW9pZd9zsEbtTD7WCiHTkBtw/Dp3M85FjlP7m0rDLraSBWDgarFU50X5pmntJeeQBOF5AGtDtrB2UIoUkbx8Akgj0o5f/Sqy4Vyf8Axps9QQnE+kJZXM9FYfznXTiCVkYb7hVljtB2OjzFCUGasAAkOFApeo8HHmhpXBULuqXngl62bHW/U2qUFw7+RBVq6L3qi8kSvs44aFwY529l48q7pSrDSzE9VLcu3i10viVAgNVFne72pYlKQeruwF+VGJASWT4a9M20B8bt3zNj9i5X/jR2o/HocGZD/e+d9ETnhZuuLx7XppgkQq3w1J8n1QqpxrxHOYYat74PXDfjOVChXz+CRAbyvdLVSV2vSS19hWkgrTi0mJt9VCFNqhTBAB2NXMeZrblR1PVEaD/Z/sfLNwi6KxhzZ3UyABCazre8ObswSPH8baaiLKMuvvXLNtAc+fFnQuqKsVisKpqPl9VbHVGUnUwErZSF7fafgZTJHnREtb7rnlUEuy/TU90PifT5YDWBkHgol4EEiYGST6rosZvHJPpx0tXE1FsHsRZJyQUkq5YEF7Cmhy7C8ZnpwdStaf8GGZBUlUYej9CDA2G+bm+PzehW4Vaeom/lAY//iulwa2v3WgEn8y//0ppIHwB0VfBqBn6HlkdnBk6TRw+vzwTFQV6suUAhgDEbsM/SIZW2gZLGuKph+zsUzej9GTDL4HMBcdjoD4Lkufo61i3bxDHZ4WWm3/Qr0JtHWH+U0i/AQ1u/lkxyAAeabXS5XRzE+s8zz283e8SOkqdCZqi9f4AVGMj+Wl+E0YM/4UmOCIsSabedGDOqzeRWFjm5xEMBO770FUfiqoaJrgP3xDCMjfOScNA+twGGlKCXg0UtePp9Z7PVcCuD6kAmXT+wWdUZDh6IU1ag3l6iTVfgYL+qn+GMIS/5OV7IYerD0YycVot0k+afjT+7HJeZj6/VtK7FWQv2Dw/uxLrvaXXvaSiF0rewZAKNAmYpPsT0nrrOvC6hYqG948AbNnRnW6P644I1wvKMLuM5YFdDwal836zNUB5E8wr9/dJ6+V+jLDdXfn3znaSJIDnG27gW/K4eV49kKNAE/xjvElqhLiTW3WY+OOntLC6JR997BviOrpVvnuJ4+pgQcHfU5fNwrhhzrtfjzcADOXqi2jpQGQnRpSt9Vj9VYggTdtljoWfzaRQudst2B0rxKJ4YAFne8fNnp+wsWE0eiJbnsUYxh8KfJKdgXjVTOo7X/3t4s3upB1b6r4p93/Yan4+19qiyq0PCPaMup7naXvStV4/6tfIqhshy+9W29Gux0ioGw9eId/6lnNT/sl26Ny5n7auTh5NrP6Vr6Dcsik5IcH5iVfBS/YPv9XfvBlj+G37pMs2iO91CPjaR5aBsSR1O7gj3rsKCoady07fyYBG8oml1Yj0UOAbh2ebZmS4tvTUVUQT7C+sDxrdyVUQct/TjVtdJoTGs1s0Y/CksYDv3MIrAx5EDvXEm052pxDabadASgmIK+ewKjH+du533jjD5PzmJpSyGrVp9O6omdJnoCDDrH9aeL1CTB2rGxoVu/Vhd0nC97kYbniKr3HYr4038xV/IkwWgn+Q3+BeKGf7r4PxyYMWWJ/fUe0n5GgoIYGtQFTO3HrEtURB4KXIcVNIe9Z9YsXGJSMOTpoQZ8at0uPkvrMQjGFF9UqB16yuZgzFdZj9LegvRvIcoJxa48BnLHIFPm3w3akdjeV7r6euCtifUNKgJA3muuCkaQHlYA7Sj5Y55RrZXlPysCuOb58JgJkNtMtjnVhGhEkCTrLeVpxdOLySp3G+Z32kFVxyMElbC5lTxxRMPbGvHlSY6Fv8TQfLL0L0p7thnywvhcactUAPQ5xv9zYhjgyad+wJrkjL9LQGgKe1bSfVNiexvR0qioEEN8DmLhfvSwjx+pFflqa0odEqWDc6WXw2rAsyefhDb3W6V4bXVr+mq89uwSLzdpjatBWAlsQPfsAXwg+Ep4qXeWEh+rcuRfCOMN0aJFWt+fmYyjICAsoZ8Iru6AlrrUkfgTBc7aCcykc85GV+gWHJzyofsjwmXsuVCNpFdXYIb69UZyjHfUelXWfUG9AlAugrTOwK3w+LerHKiPTrR0gpq+kJRyee1QcO+ikSuRTtiHZIcGuo3cTgO/ugurDxZop1oLKKcE8DfaUJWz3V1iW3nN6BPUX/QQnMMC/nbYjMOxp0scBsubDeb5+BifCJvzcqMm/aWup0ldY+hlxGLByAtfBY2vvd1Y7J04rHc+RobuPjV0lKuOJtES7kX4Lycz8+Ofw9mOymlptDyKJldjAd+x6YLc/njmZ6b+aWdYmHBmLrA1PgHlkZsVZTIhsoJ+bh4PBBePI41T57j5DmX5WSoSqYfBiSmSmcWtOVo8Jxh2BUrDP2sd7ppVVyzzW3hfnN7ANfaGuFCUR/e/eQw+B1zUZHdNdD7yBLFY7DfX0zj5aiH3cDEPUaQQ+juMf45dtumPpuPHAn7naEpcrAsgIsNMEKpil0F/8Gxzu1WmmqaRI7mqytN5MzQ5tHFHV5Sdpz+cK5CsTmBHp57GERq+vdJBIEje7Oj8E+cM+3/gNMRf4/AMY3YNDTOb6E0qhs+sZkbnLCz3jmc+N4t32NWDlz+DaJnTRRMsZ772a7+ZWTuP7k7RyxKr02Hz9ochLeV6/sVCyZpbo+qCxEgCahqxSShiASsRp+t7t4tpY0e+jX/tXJ07z3rHvJv/O6DMyWi1bK0x5ExmvHKAkSx94CYNJLoBAIN6LwO6GcXxxt7rwA/6IyTzslgLAczWw66tF94sOLTUrSUE+ekgk9DRbZErqmz0KRM/M9fMwwey0YPR47a0IkkzN3bo9+/0lnQ6QV4aNdyP0MOVpxS+k/IlsQn2In/wBByK0yWwim/tRAFNIqdldBWs5vjWbb6WdYfSvO0O0osQG5BxWI3Bqntv7AYtG5DXvSKE06qK0AotgZx2NO471SMte0WYdXnnz8OwpesCU4bx0vi4d50xk28C6nfuC36ZJE/aIppuCdF9qtu3Ow5XuQD89IwCvIJEPithu3jmy5LDRmMsabUDcovetNCO9SUliQcXNrkQbO0ZMxdNstx8aqtOCF69rIPPf4oryxZ5dtMhQ116ZPT98zDfzmtQfhNfqYqbN6fGpsRhv8G5easX1n1LjRjgfOtV7+kWdt1icuqFxhJjSOzHACHXIcqfwFol/OBKDl0oUFaNE8XonpYwO/2yBQLVOO1ti+Jnd6bJbVw4Gki4N/yPNCWo13hHzXOB19wmKa9rZpQySzxQMR/bOy7zJi0sqpTMG5rJwBHz7oPKTFPxcSrH02L6+1/XRYQ31HGjOnrDTIaKN9y8woJJhSWldtC9Fvn/JsN0cjIGSHK+zz1pdUx726WD1eus7x2NBwlUgXZ38EBFNsCF7NB6S4n6XiTzYSGvoC2ILQeF+btYamjV9hwmbdK9SfLZaj4cYkqsSk++ys+rNGr25RqRprjJh3brtBOe0KiOVEQoI6+HV/5bwb4hx7VXMsjRikrKm+0uBRvNja7cXhx5Xf2lsVsmGfmrl3KBE2AJ/JQif78aYUiTkveglR2WPpUE6aj/IZAgmTOegOIfPztO4kYNfxwovJ/S2QyYKvvrUclLMrhoRUWZlH9LnmHm/cou1ORF4b3pWu17YiQVoWGTuzBImHqigONvfSeKEQcjXZ9Gp8YIsIF9VWar0Xo1ed5IB7Ig6tu/rLhdGLXu/TVlDPu5Jah6jtCKJWp/AegNq5+xvFdPxcvht2rHrxYC+y8L8VVjA1OY6wis1Ct2666Bfu0cdcgKt0V9ffq5zbhG4H6Qh0e9z1TdTnHLL6RJ8/cTN78lvn2Ql9T7C6mWQJO8mKBK7xMLPaFyJ6uvEFTKF6ODwwQx1fMxu0Enwm5QMCl7u7jFrnyYmHIrHRjg/BPbkuSR4c+9zZr9s0xs+gD4FXSw8AGeQt2/2iU6uzIJNhofhNwxoQhvWrPm8IZnMU9nCzmwFrC4Fv+A/wrWLWAYsyGn/JB9tbssBUytLWB+5PWOX741uBjXJ3xwprCBnWpL36gF0OwebCiy7qhxfAnyjmkz4FuNdg75VV5y2fOKva+Mxnqma4CH6NQFAgTjDjzQa6BV6GlEyfxGzgu/jrFxmhu1vCvLpbhmGEdND8YN99zeVE7MZjGp3LHKmnXl0jraGhPw5NPxLC8j4hxwsap5OPKWRpBhjAA72Lb2rYbZu+BFz7ibgIZmS1R5fVdXb0QNSD/ndOpwdqYE/zsgsC65L4o3EKwB4+ujlAjoqbnRwt+CyS36zJbtcIc9jbHvf/MPelYU1ebbcBVBQHWhEVEVIFpYhKAZExQLWKKEMrAjJrAZExMkNCINUqrwqkgMggAaxKZAoCMkNwJDKnYogMCWKABAIJgYQAIXCegC0Pvue817nO9Z3v+v4qeYb97L32Wvd973U/iDbKppYTyTqgiIaQd1qCeUy5o6phU5CsmXdSWyeqCWlZMyCY49tx3vQTcT9xgitO+p2rZ3wKD0fjt7Xb3q+C/iIbQKmS36aswXurcQrWnhNtIc3Uwm3bF2dMrnepNDSzURxNwGvsc7VgloVgYD+AvpNgFIAJ36curjm47/z3V8Ig2I9+jdvvwFbhp2QHWlkxX6hsohwy72B72UIKYDzC3w3HfBGiXgjvdBdzNM558ZvW/biC+xJMLn44asbhQgoHhtwB3m+Am5zVUWvKtH7R+v1kmRSvOs+gTynXb3GH+Diud9jCZwnmO+e8baRCq3wkTE2KJLJEfJitkGAeDhtPytSxege/MDhSyh3mVP8lgdBdosoaq09+dQeARvtynQcpv19FXjTgdqsDpOfs0ZlnRmVZ2S2OBd6PUr5g09zFxiEAhTJhgskgNmtv02eP6LYiL2J7OMRQgzePfCmUIhnkTEC438PDGhvQe8+9fYPcjVJAW28jHMR4T5d3n8nurTFfA1nfoK1fRdbeN+htMXN4rDtHd7HdUGv/1Pp9hk7xzxasxYD3TbpucAV6X6HdzU1TypvNBKfyCsvqUT1nPSjHhVn3BMvWK9q0B8+mSue63pW9DTb9mF+fmSKPyK7mFHa64H8Q3RO9jMl5NT+0J/91ybXpZpi1tyT4C2qvca+iof//AJUkWPS1V5stVxQJB4nu9ykdMrTY2QsYY1hjVlUCADnlr74f6TXv3oxnbaUh3+s3kKG/usg2LtZkmW4QLFmWBI8neBfZUvTDl1xBRAYgKgNLs4W4Cyx68w7/KwTkbPoP4kyXdfJvi6++m/r+kvdWAHvoCTU2qvOF3rnmw3avnwZcuDhsl6/nvXD5A6iRh3guvGawX6nptGeEJ0Wyv6DWOkBS9V2KpQ6U4aqAzZwR/Sg2F/xSoQDJN4U1enoa9S9Yrc+V+5VAhfBC98Ri+p+BR5QKYNTJ04canEJ8VZOGXeRdrJOr7+9Zsv+jloBAxGTQkjehsGAxBT03MAMJdaMKaLuyDLVw74Js656GMHVY1XmpQsLxGIoXxHDzjBXfoFnBwR+m9CjN7kn6oVmSE8qmRzBf7XTNTluUeQ4GaegHHRwaeADgFIcN1XiaucN/+2uPx7+22EozjacAQjfn0+QS1MfVEnQtWD64/iG1GqtsUOnkFVsoxWsGtFSD6/YgfIajZ/1+nRCXTYsH77jqMvIt311K/PPzJ5SK4r5Po33zv+WFMH/hDBNfm+IycGbhmLMU1thuPRm3kQI9QGnWgKgL4aRYehkNAfzoTayYH/Ge+/0NVmTtu/V70G748Nm9bcUQXuUYBEar7vWrMbG/Femb4OJ+xPk7wQLv4ak45IOxiZlmoqGZYK4VAAAdZLsoZoetOQXK6TO2nyy7PKOleHN1mkwq1QIbi6GEA4WhvvFBFgCROHJQY/IVEF/SBIjvjYYjQTKsFCRuyK2z9CfOxXrp3JCzCgOONL3taBP7Nd+TUQNc8H1bc2Oe3DVZfhMATjuUTLIAzTqNg4SaJBoU0tO2muGSfTgorDrHuc7aPnKuqTTSJthhY+TYlobBvlFIg9MkoMvCdoAnkwtAliZyNBYy38EBstRkuJYs0RwNSs79LcLUT7sgILUHKTG2lmxihmdS6aNDHm1tdPWS7tH2YqGvwUd1J9jBveekxPzfY33OFjPKDbp82LY1d/sOgt3ICT0S8jr1N/FWRazJ2xJa/DP2sY6308PkblHfkJdfPU27qcqhUEauFLYTzb7LMw480VnhhBpv/nQoT7NPI58873yf+ggXHUXp9JTZL6iPLHm89E0XkrW4tBi72LhI63X9ldSw6IHLlBb+/iHnSd7xj7rF2t2tR+KlMW+7QKaTdbWW0ldnt9t0avZtfbj679+ty51rORYMOg1j+v8MPv+RmAF4vDjKGIiZ5aYNV5RfF0BNyCrAwzAC6NTXxKIf7tTMJPGvQ2NEIS78oHtJBgAyKMyJMI2nLezssosDEn3479Iz5tIKyn3T8b9Mrrfx+GDqdgGqSTBZvUcoIOCwk+xqAPQ+mGa3vboyUheHuf1trMWCngJTc4sZRnLmwx9l5T2vGRenn/f80nyPgR8KbZL7GQ/h6VpGsS73u08mGEwrg4M0hbVnIYinhHd9UZ8t686oCvZLMAGeht03zv3TbSbyGoLve0BRKbfksgKaUJ0PZqkuZACOgNdT6Nk2G2MLbMDji0c/PJpSXmg/PUbXjzO8w2ZtyCW2+9q5R46DB7E+w299blz8BcO1RGsjXEy04D5fhYSaj0HPCQ4OuvqMGrv15WSepBATIDweuWx276f0H7ILsPhsi4zurF97+Hc/pMIxCQ5PG+DAitN56JYknE8tjPdggfJBFg5bzNRwD0L9k6s3CROT7qjbKOVOn9kj79BSuf053YONW2FZhsZilnVWYP88wgiCmmXMBge/4Je2nLkJsIPUtg6HZm/K6dMHYMeMRz4QLyCLUnj3JN0rmWz16cMVWm7mf0X8IsE0fGFs1FB6yLgS9O3GuQC9on1nILjdCaDyzuaFfu964j0hKsfd3S6wumhDblqhkol3uIARZLswGOI9PK9vn94xGL+NFLdTXVkD6iTNLKikaYc3fIt2m4Cg/Cs86D1U7XMoADUuDDYdBc3nx8D4atQ7A7xq1j+4CQBwf4esNRGjl5DQmXTr92EbHxVwSxnpnRvNvIf9AxaQ+ZBQJz/BK3sHNyUoy/vaFECympASX124Pcs4qNZEU+45AJk+f/YH/B01SrEmnIfMTxq8dLnLoN87ZaICcf128PUpKZLuxwcwTeeIkkTMnvvUClnv9bmYBpBhlDUw/2p7TR3u6P3IULbHE17B/s9Bo7MCfEvWWe6Vl+ofkG4QQ7pB8+YNueWXGlBhtoX0huQdKVU5FIlesJ9uR8hvkNDtTV0VW2rsN9QGl97ezMjUJlWcCEvuyPK5eVZsLvC+mIto3T3gVnzI8tdIQMzKHLCByuZ49Kg/akS19cwWAECcP+2+JGpEVISZ3ikKy9vWrmviCnOCuSrS42LZ/VkR5J7ECL70El20tLfwmgdq9e76YoJUc4rcYbC9nra7cQY8mKoSTM4HG9Ol4+uTuj7MfZytGADVVCA3msU2inEkRhzG6aNTYjRX/zNL9b+TSSlTZiMfNYqeJ9Uqx4imh8rFIWIYKD3i/llb3JiBXpK9AY9RkytdCSgZBDYRyyOSt/B2bcg1lzDyq66L3QtfUFxYb6mY//1cs3RKDr4NYbII6wBlRuDddgC/kWxfIU8fxlfI00CUeFa1RE+pApuiaJ13FRcEXil4eXQMIqb5XfjZ2QcyZhhvQcTDRUVgln9f+aitFRIaYwUeHDwDEAP7VICLdmXtsfA0cFifJtdQ/CS5zErsdPJtn9NlGWCHq8l7OezLLz1kmVVVgPVfl+uHs7OZCN3xs+5QYXSbc5NVWIe1Hf/ShJ/l7hSH6WHdGkp/5+Wl0+dPL+mm5UFCz45J8HyMwnK4md02hF2x/iBPOE6PvJT4jVKdrS4e/7FP6z29Hvb2gTgvoG3anq5BMTIZicnM8bH9uXp/43KI+kxQGNrECAIjnH2hR0xeT0z0za8vdLsXdl9rQMuNkUGxu1Wd43vqiZBm+yKdpEeoTSMneA7DJJgxfAD9sYTh8V8d7ZZe6x9fjTS8iGAnSJJGRx7AQ3I+Bn4l8sja6nUrvCmrp9hlqjIBEnrBRH/zzLprbI1I17jK3hPInjSEbwHM/t31Bq1wS6t7DgyXSqlQqKPrQ0mm3eWGBvjER5Aj/ECNGC+2iYFINRC+IcugNfGVhQ707mHvxXBILa3PebO7EUBV8DjrTvkxpbqOrP6Sg7emx4O5ZEgo9fBd4xosOYH3x7yWLTABOkv5r/dDsF3KKhUCJ0/DnISg1fsQQgD6bCPCyD1FzfI7R/kAMLV+4IRLMzNNAQ0e1Oao1HgaMj86d8BnhIzvjNs51n7DAB9zUPxnvx43NNNUw7hqdi4MnT70okH0SRtCNXK26TPYiTB5fpxs+4DhQV+9U3QnfjsaP9OZSrAi1cSlymVh3zeL8rUuK9jS/nUY1xNyf6yHOXTVXR6NN2lXHO3zCqz2TgrZZjE/4xIcdqujj7hfUYJ5j2KqnAjMqgddQ/loWsD8x9NT72EZdC8I4uwfmoD8NC9Jnr/fWrrm/XZtNHPA0WKOyD0HSJaL//VnX5Osn+4AJCvZcqLJ1+5ycC1RkoRKIh+hKLLyyurpTyq6lN3ZiqNJTDfPsHK8rtCha6jlgMAjp/ZHaN+7e8bKQiflE59HWv08jPhnJvYrCHxutpmunTPACh80br0YcjoxAZREwMqhRwotZMd9hgYpppgEI63VRwYYV6YYLuKgsfksAGL6lEHN5o3U/vvwy379ANUUb/1USsEOW7oYea3+89m3pgvz3qZP3QZ37x2ImZsnJg5vVgORhMHzK3D2xjelvxijJlUhBjSP6zV0+mqEHKvbD1z1YGpOtjtBtY2K4X7eTrW+HDa1y8XU9HOH5XThQVC9F8DHUVext6qm3wCotvuLJDSSItFP0Z1GIswVABavhFaWJtt2NIyz1ucSned/wchoKqJNmOCoVqqrBsQ14Y8qlcqBCxDDl8MiCeY4QkYDeLuZ061Ey8vcbCkCsCWah7r5jWHXhOkLgFUou7RxKrFwO14XdzqZ2G73cvjxH375v9+WE1tj/l5lny5J4l/C+1yrcUIVych1mNwntd9tqoIFw5QVKDvQbA3MyadXIzWNKJEzkwYQV3qFdeyzkhQZYmPDcLiJ9Y9jCE8FuU4H3diCQZITQqDLeiJ/2SYvSiG2xL2xsUGS1OUG+r7pgH5MSbR6rJvx6c1l5NXIMQh2BQEdaXcGEzE1OSPevTvwxUNs3rtS8qEbzkq5gnW5SGw+7o7NNQMB/4wm/JFUKMqoKeWOciE5ixCzx5rSjVgUXtRgefnWzGQ/OZTfb5oXzz2T+kvFMKWTNf+Q3wB94OI4fTdUAjQF4RwxDF7PAmBw4d9gsKyK6wuozd7BkPeCi4GR5zULjCOcDkIXDXKNsU0dkFCU7oh3u+8L4ycpSKZBX/4N6vcxPTKICoCHndQMi67bs5WDbJb90PnQ8JoAwrsYXQeqwPhenM17U1lrYjNHpf1QzbglTI1k/8PMbM/OXpdg+l821j09Nb4Dja/shhUtACSs9N41WQVvrC+5Pst468wLnp8UybZ9+CKk1gnNOCWiDFwtB62nFOBz49waR+fr4yePGplh/DLLqRK1IzYSzOi9IfZEzd2ARCVLA4gqwcw/OZ0WinY7XpX4ezZRl5b+pGmnfYTW/TE67G70aWnmsGaY/na0G+FpBLpjp71c3+o9fqhZ4WyfaxCiEQ9DCejO/OHFC8AYhZvf77pqcI7vH1pGKQFedSTykUEQRsV7ZMcifmu3DEwVO0cv+BDcbbB3E5RxhmVsngQzheWRHwZ86Hc2saloOA7BGlRgxz8/U0B3XDfIUofAJkDnXxJrzCCGm+ijTleuaUi5On4cCvo67Sev0mH3JeB1eyNUHPA6dKDftkNEbnh1ITkjSvihZb7RdOBxr5Pv2TABvYDrO9E/3dKak+ug/yQnREQULhnYn1xqsI8tMnmYc54/yDYlNi4KY8m/u73o2AYqlIvOOdq1psh763+VhPxPIbP4zevEh4CroDELXlETRZ9EcTb8d13TrVF9kYJJLY34X/EoT9nGRUcx5B31262XMd2bSlShv4TBY8kZlhT9SZFsYnNNJVSB8UP21MBq8BntV/clAhbnx6I368Ov2P8aGW2MVLs9sRK5x906hHR83Xyk8QmOkabONT40YK1TkldbBVWYdgCXaR1lH5JgnvRLqceqdTy/6+mtuR1NqIvtV3ilXML6cbC3Q4/POipF6msaPaJXoUYuBotJOB2gZj/BbW6tBu39ozIXEqRzq1pbE++HNO0HD2K0CsD7lLXPK93836QFAUna5az9sMRWdiRzQ1ohmVjww+C4l/mQ9pMY4me7ixxZWHdz2x2EIIKskfcsmM36V2Kxy92iK/dwulVdg44BRkuupp95zjbmWibWdgkOmE1hix5YpwLT6oVm7QB/Vb/Ahb2gB5HF70azb5NV3eXClFRS32ANzRgrScLdVSde0D0w31KWg2Hyfy4HwyqK8OsmmyGhB3lXg2NP2fwiSBndNGJ4B4HMs9pHv7NLkDp9pqDd+b58d5ktL9pu58BGM4ZDByomt/eCrBlGmGXxtkRjkjo90BPZ3bzw+D2LofhgLIql5d0SAtqVlRCPIKHaJXPHBc31X3Sm4ANnSlyScN8q0UFKnDfM8SD2HflDjTwUaUwWEMYhru5Pdk1NFZIBRmQ+34IyB2gKVinXBpDv9IZO3r0htunZxkO8+lqW76QxuV+20gY8h2c7xFuTVvfYvPHwr0jW5zYLnU8xB54hD5dlzfUBUh6e4A4sa/ngLtt6Mf3BCpU3A+IQW4XxQbUHOpUT09Ly8jrO0RtQN2nhtQAqC+qjw20ghuSRQkTa19HP1CvW2fquOWkS/V7STK8/IuqkQttzJEnkzsiwhfMSzA/PLEWB63JZxxAI4eQ8JFQWxtlilnPMPvtsseRUwMCVAcoHCUTYzRQJpvIzcEnLJTKgPMiLNVNFmwwFz4L3F9sa1pjqHjzs0aKYNHwM2XEepoh9zi2UJClYtBf+9ukoB3u+BngXbpDuK0CH1kLpzbo2BdDAPc0o2kedlopgYMO9mxXaFLEhV0dNUx58o1FJCeaYd38JQA21SamXrfz1KPd+w8sXpISOWGpcuFQV++CTfwLFOdmYdhHQo/3h3hBED6qGlv4TvMFrvhLP/ZOQtBS5ZCoqXFdke819btIASRVc/HFw9FSrfZe8uVuBV1ofR/pjV6ddE0/lCqXQ+Z1M2JIQGksm/vSU2C7GsmJrt8rtYDIWlLGNNF61hXNnGhTZt5YkwccEpouZvacw34L52UcLyHwxbGGeIWu6eF5shTdiufqfl9T+i+JqTeslxedZ+oCblNWH208uvsYhhkbnhusD6pGz6fKntSgmZW7XXJE0ZMTSxWnzlx6e41WaU8B7YqsEpcFsooyQkp/wgZ4y72U74ZcgTdRYgK4+yafrAHgb1vTJ1HcT49yX+mNQ4oi//pVsLCTRM7fxBwhM5qPja6rI4+31FFXa9FhbVjDNA1ve2oHHHEiPCPTUzXcZHJ8+PyrigFIfR4dXi6mMSl5ODq2E0XQkSXGd7ck2JmFcCG8wx8gs53I9wqVV/jy5GcL7+IuNgSABPEgr1T5LnyauTYtLI2gCoy1mDMaDVy0e7WRfNduxBof9a/PiGhDUrPlimEvqv4oNdJPfBePPQtQsXM4duPHgj1AUWaWm4hVAI6RDrG60ksc87NKvzZT6B8maMcjIVwSkJKkh+awHRuhbQN1srWDn6W4qbcImVikqNhcSqxpucfFBVmTrm3ZNDTmxeO74YAiktskPu3jJXU0+r7cXaTLi77ew/zaooDvwL0DewiIefB8QXAjzMwpDd4iDnxk5G/0PXE2Jdu3ofK5+xrWGsVwvsaVKm6gGQBFvxsL2MLLmxMGhmC1XomUSGYVu4aZDey+J9s+l+xR+O1H/JzQy3KHxxPXWwptK1mFoPJwYef6vTZ6C9iuiY1n4gafQMyKFobwZsFphAtTOR1lM7T76/ZvC/ZIZuLr1lmCvSxhaGW68M9mtt0uiNofm26GvyMHAI4D/J5E1DqVnV7YTC6jf+yug8SWHKlxQRayWrJiNc65jmp41VquvTXAWf7OTwwD8vXVL0WFLML0ihlR/xZy6rxMLyFsO9lXFLuArvsTCbgNMtnBrOJTj3fdAC3p0F7oDrpW9R8Xg9/zelJsTm8wwsRpd/Xzfcus88stu9w+LA6tRFnRjzkrsrci31kQzpQTQrrBexTV5zDIJ5oWyPZrZWVvMoHXu2QFHgvMhoSMXoEyfCtjNiXFIg3+Eq7khQYkS6XF/j/PFxb1zGXk6q9EXAAhSIaG6rOI3Idc7YEUupb3Z1mybJ12TlyM8DUS3yy90nlZDigogoafCkHGjFrJmlCEyrYmaDQltKPVOws1OTZGmPuzakFt+l/yYH375b5ZnxoA/2ua7o2e6y8NJNN81iCFqbDkCmsOT1NovnG7kFsDpaj4OYUKsgmjqfzmH5MkfErsN8wLwf4fnqmcAzqv5PqXa4pJ3RVBj9LODF8ZqKTnjYVCL4aUp+JKjSqpidt6RzrHYhqUBVESrfN5c6gm2OmPxjtfljAyPLETwkoDxoL70fubnUVFECfesgcOV2sWYMbW+Ln9F0Fg/aQ1d09JZ6r+IwP1HpUsHdoacmMUJQDI7uhlpRC4N2sKmeAvBtOM0WHSbzKP0KoNqAos7k5Dh8eoj3Y8CNf+FhYkQhwf5XPZiUC//dUks23gwqzP85epVJ9trAWp3h3Fw1BladaNGd5r6mqgV0h+P8eao+nxaSRhQ/vhcdbJPdLGD1EW+/ZON4l5GZUNk4pPjqZkaJ0BPXyVGuNem12sUejrkvHtP7dnurgpBRSyJCyUH+7eRwkxgRVmwmU19QthOjcYzOeN6fpWgnw8D/O65holC4GKeJIne4xD2MOYGhMe7E10kQ5yd+QsVtT+aHtd1GuS6UxVRDFwZOtoXZGf5d6oA92BH8BHdxeLvwlBkHeK/odvptggFNPst7yWX1uvfbnrcRGF9/Nlg0+G3RLpi0MQ9h07lLtkCigus3vxyDdT8WGByLd68bPF52kk/CYK/jJsNOcPbnL8reHbvs47ru5qJIFYluLZSD7b+XyllVslh4trSs7wv9WC1Vb9W0On3/tW+QvWe/E31znABocb3v1+gN5OSfyzk1G9+CxfbIuIF7yKXqqlUA2/99bkhv1Z0Pb6P22VlwC/F1j/lVEWgs2feq3RUXOlQZaTcKD7JVsvadeQ16NTVN+K8Z8lA9ANhy1/WW9E6pgIFjtZwjLgurNVy8otuDY54hJvylFkncFCLziqZL403EIUV0gvhCkt5/GCUpUhxuHhDLq4XMcCi/auWcn986t6p7OutxBltK6PnkPmpnueZJjPfrd5zL34XGn+rhcyPkumdufIiI+VSYON2dZO1hRp3eQ6C9CkAAWRzhKcxzRWf0o1NAvXOdNg8i/8W0MGz4WGNtp9rzrc2hAmAYXFU9RJAQtsV9MjWzmBnKTsxmGYazPWG7nELV3ELR7P/+viRDcqIAlgq8MKVHH0vYXhXHPw4Eo/pm8hB2nWV2ijlppm2XP4W7bZ4sWSrmYA0DcwOojARvCIvhgEgVxGLvxZQVg476pKQgvx3ojfOB4heKtd1IjeL+uRAyJEHLxfvp/zIEAHKHHdQ1axeDeLax0lBQgwFqXN45TZbHQ5tNkrGjEHsBeaeKUJT25yqQgEjRpEY4r7tG3XKcwAg7hfKusv/Jlub2+3gFp5RHhUFPxhQPcQ1BM/4PDvNg5s+mST/BGcvdS6xllyVSk5ezJx62UUsfXXapfrzpzD+UYoowgJSG2scbf2njalf8dxAANdHUyQoPslqPNNRU/mzoAt0NONnsWglvOmaPqe7GVRpuFWSFI3iKJvMBILP+MdDjrm3C2VzxEmIoARFcL9W5f9GPdvwKUbMNnv8FgGg87jJ5cwoc9hQTEA0Y65kZ+M0qek5t9bDL1vUB3q+GHGSdOGfJOk6b3GS1GOked1k5U+/gfidjZTDN3NnG2273QGhE2M7CQwMNral74yq4LOcu0lU4O0aTSlS6tM1te9bXQ5AYKqkaO2uLJ9C1E131grPmwZ4HtXis2bPJ22I67fT6hBYYLh4JbxuV9tMAvcxKBHXRg4Frejc0OAX3tK5fjc1Tv0G6DIvGbPGgkjwFhH4dqXgo9z5n4KP3VX3z1Yf3yc23Qvwu6kOcQWLXI8MOhkS+qV4nowzUPh86JGeP1s49pby2QGYof150qxj84q20SLf1B0DtqA0mcubL6mJXKvvjz/s0zqvNZwvFaochYhpXvjJH/n5+JeiDvkXf4ObC0cBEHOwxXZfx0OsvU4F+rL2uTXbXzd/g8E09GbvarwEQSjAND0eb+/zuNJwjM+QN6g9NOvJBc2NbwEkY/f09Ktp9onxYDrE/cdBstCkkeDUFPVFpup0yaNp4WVSobGu/BPWcsOZLm8FW4I4p6g3/qIwITCabnGGratr5a4c+llrhM2ai/9DygBNGjHUln/6nW3IZ4+k4baBbWYUpN9CgQQze6Lj86N3HxzlrIHv/8l3K2WjmTcFpdLQm/lH7rQY0Q5LkYh3QCtFXIxc+77t9uuDCln1/lXjENgTuCzO0IyyoA7BYjw6xmZ1JUk9wbLeAm4/B2Bcxk9fkyVJBk2jcay4Z39JGHbN7Fg9pwrZFbSCRYf9xYSrv0/V4f+ARYDoJGoTbSGG54o3ZE7bNQE0ErdxKt2e5aICcTUqhmqoOd4knzPnNgyEK41mg6z1P+3/u0LsF2qLmYO1XvOnryvErtf/UyHWPL5cITavexMjp8JevwBdmsnhjxEEhEuxYQPW7e7tZgJy3s/8C+QL0U9SCnvbSjBdrDHSIdMGHMiisvre/1TuJI5vcUJ3TFbEvAIWbIGqV7zHuOmb78lQw9ULxcoC0OHq80kANeFjxGVjovm2aMFkUNvCq6eB2iT33Wjl9eP5+zbR/cN3C4Dl4s51sPxX9B0MRiqqXB+U+apPKFyXG7cu0+ZKps7E/omUL4EwObSyl81txiKtCqPU+CMEUf9njMvqj2ad8Mvl8CmDI/BDEFg2teem4W90stmktqJoA+07CMq/cfWPJ+8Df2yyoKJthD8rRVnJZp4KSzmBf7J9YjmbaTHwVTZTX3gxMypekJpmtAcDdfqm/k8y/9JBS3gGweqyR09BtO5N8cbGMD1SZpj98sOMuDKwNQWUnC35fEeC6RklN2F1Qg+bTTyzPuRLieqB6ZTd+Avc2XShT0ye1Y9jZ1nWmL3OxcktZAmEEYSaNhaCkGaWXqEK4qeqc/5srsBantHK6Fb0wcQ6sDLe01ovRsXkmhg0fhiLFGU26FSBjWaiN9O+h2C/gxPaUckEGAR7SttUkDrv2sCZZhUqH2bTbVfYzpXaz++MrIpzgS25juWAtYE/6S9/Jzp7eRTS4FJv1COB6L9wbvTk5vNQRRstW1wAeCIRagFZVfgwOAyV/b6hWQHgKWUJQVN1xP2tGY1KaLyge/YUICZT+k27acjTUUX99LeuKDu5vErSMID73AslqkSC1lGwJK8aXak3/T4L39l6bBKALnjC3jU6rVWK1OV2yMI4DO3WfsyBG7cTjU9qfiIW406Mj9XgBTGQB8yiQlHIE6RcKPvy8O9+uNDgWF/Li0339Pa3+sxkPUEcN+xhOazP1UnO1JMk2vYaGRVs4VY3G/D+FdL5jVp0/3S37V4DLxdVCHaTXfNF1dS9iqY70coU3s7Ve0Se27XRTO2ysWtrVqBXroZh1kIQXl3KVeOC2mhbhv3Tx2FLx4Noe0qq4rkT5IJXd7Th63JTOvHyh3a69LDiPxAJRMM/hj+Ltsjm2FKjKhvxpudDDrVRMU8kP6M4sLiGvRyV1M6OILsdiqAhv/M/EiH8oI6a+rpLy3Jqq0x6fFpi8swF4SQrh16AoZO0GexFLRUPlVb5sb7RPeeKCVq40toPHZkgrE0HXgu/7tr5Yj734ulKTzHn2DQSiLtSdUBKdHOO/suLjj1sNlTDLPpj2nzDrZjxvjiXkO23s2MygwIVR6eN36vFCwmiu5Qtqw9diN+OVi7omgw/qN/Vkfg+fOWATfYutDJ0YMqb1dcvd1B5GueLu9FrUuUFmd8MPuF1LRuY2DnZ7tplSl8Ul8g1CwlB9Lv/sDf6vf7z7Cqa3MFs5eZSCpE7OyMDrKT+6MvRjmAqPu2yHF16F+aSWvcluiRzVO2my7kDiOXoUlfTV/rr3mRpdwewYV9NMB7xfFl6YSLQ2M7rQ5CSovvR97JHVDLc6YVvVTFuPWz/SlqwNtpkfS7uReih/CpNNYeXuhfhJWXTWjcTyAgLkRr7hloE2EShE2AnFuyDZlk7/CWL/q45Pb+vd124xpDhl6oJ0MG+1O0mCmgae7drwMPyqY+/eBVNN3HhO02PE2rfXS6WCkXpNmn4NxThoCeWIssCZu4d5JjydviWZKgbQVlHRJRmGdsLhm8FW7s3MdYdCjWZmN9v9QZUZDjT8AuktmpvB+rXki+QJL/RbRmSvO5H6AKQMzFpYI88TDJW4BRv4WmjnKW1wzStcYy2Ua0BMtdDTCps1UbJ10M+xHWKHrDokeeWyPbi04GmM82POshvC314Tc7nQ5Z+FP6OrQMxT/jIP+Xyh+ErZV06WZOstWVdb5PSEv7s4kTNfQB4A3GngSYE666KKmGpKcomYmAh9b53DuJOCXwl4uhaw4E9Foj5hvcyiA/dNt/pOryGg9YPmkNaiba76GKTU3wn7ivl4vAv4mz/BrIhVMkeNDv1wk/6Kq24Dibw1kP1kFCyi3kSBvnn61ZaW1y3NKJOijdlXmJunwZ7HjM495uvsfSfoJTPC8G4uHB+yWWQsg6LvGigtVw4/0/hl/Ry4VfmjJ0EM6G744l0rvC+RqrRQR77bcZCAYRXesr3xDbf2B36RgXNPYu+cSPN2vlZou4apc1mjIRUdY451hzxJir+A7Tt47vZ9CreQGDNq8Elb0ZiWN+77hib13rHmquUmNYbpBW3Mg239YcoGKJTmmEf/5juuuYbm7E1q+3n7/QvtETvnJdtjETalZ6xeOzkbyq78cZhvFNFwVUv08PgDn4lQ+tWWj2M3yr8LfszBdz8tIy+GOD1Mops18Sd6PG9CaO5iltJw8/U1wtirgl0/up4ImzgGBEMm/HD1CXRtBUb31k+7yFQupcGLX81LOp+3qUhj3R/wbs271HEMMaeFzz4XGNiT+onMj4de/0SPEFyho6tPToNWXN0WmvN0em3a1w6d62199zyf/9D+joJHrxxiTsyIRxmvZOPXuA1WNfUxUb2BtTXzYnbaHWI3s1f92uvQKc5vn55kxo9e9yNH3RY0wOPh4cMTVOgiilDeU3pagvfe0Qvmf6AAjEOhn77NpK6F5FFx3FE9PY4eN9yX2n38yx2YTAmad1cBpd78UWSX3UtobhA//y8CWNntmanTuMrtne7sUiG/u2EX6bGQ2WpMfNof4grbuh9l3ls8OqjGxMdJZkPK6G0bdd1/A/dzhlRleCR+ROnpEl1psIRwrPSjtEMf9M/vdkQmDXUoV8AOqSePeoiEer76UbQdKHYL4+4q63kOFoZ81yPGPWKH7RgxlcsRlyBNNTXguFUztBB7EnFL9HNS1R17PjiSYXoX/akCv7Kk+rxa+E89YZE6MRvMDc6ikrV98sy2rZousRqfV5PVuys0nUu9h7Y0NelHezOr+PpUo7YII+XbCA5TvPIvEeU9IVvgHf1B73rgIIUk1dy2y+FnEdQMj8UhxU7u0QIZBVy7oCcXSpTt9ngxh8UVxZly4wkQGqlu/ktow0n8LB0Bym2lo1r0N5OB/qM8Hr5LR/TEa0JAjUPmYXtYnnItmu0AuN83EGKyc0zjdvLobMiqsDZXW/+CYnQgTh9TspHsVse76MeEZnXPyDg8snBuEGy2E49cCm7pXAbG0LVdKi5Fo5mSzXJPf2mJtttIBHRm1c78I5QYRcMO7i3ZF6/+/453vUae1pENluCp49CFMCyaRU/Idf0I27rkDej3GqpYE2PWTfD0NaIPvfRQIG4wbPScoPnu+tJGcabpk5DsOVTBHhzfW084UAIvF2tItntjrfDaO/lWmlSjcAFpWAGCHaqFFOmKALsK9Ix7iK2LN4UVf4kqOSKR40Ub8cIe9vEcjcIQ6icRGM0hLqZPgFBCEJODmsV7af73B32mUy/7CFkEOprWdFF5WWPY3CKRmYYAQrDaOs+Oe1msBlEbfQLy9eRKkQhdvWbsMiirDfhBSlCx9HACHO1VXeHR8vuDgJ+HXEdSaSsc0UXrXwD15NnFlX0uJfZ3/sSYni3RLmh8hGbxbkdTh3xhTQI/XhZWqjGscw1Hb4csV/c8nr8dEl2n/Na/s0tr03sBjNeVq/lXPxDM4cAqbXRtusQuZ3fLVi/wBpYygistAyb4lXnUXOJo+STnK6+4WHiU3lrfojbEoe4ZMshjurq3x1V8RvWPfg6D7P4cXUcIwld45D2c4bVoO6ikAXbTbmabUSbAVzDnyB+RdmHJmwBpiycRoBq9pmCYrMacv+dWCZLC95gOkdIdGkbW0Bd9vjYpCratdfmvTvocEpJt084enGBby4bwAIB17IzTPSU2D/vitg/b2gPAII4+8jorBNDZ5907jCDZsUak0s7VOALRQ9BlvJZbwCkouaMBiT6C94ohCe7xtlsN3N3HTAxQLvx9diQtY7/mBA8ZJ69uM+8UmPQQd4ME4IZuImQyRVMhIE70P0NR+ur18CR5IAYjjihX8HRmx6h5Gd1dPYrVi/ECN50YOwKcY+vgoEGNOQhIf5sqV+200TwIvmUiRqaLVu5FN0ld27OtUHouy422h5UvtPXsVv82PaUB0166hP652smxW3ngRF+N3uhPHUbBhNlmtD5TP0xnh1l6DXgb8eyL0D+gGb/FgbtLqfXPjL+3TC7lVxRdqs/LDFesblhr+nS+xQpppNzt6NNydIbD7OSHB0T2SPSrPcM2gZQOseduHk9qeeI/sAIaqC5mqOVxY3KocNs2WJ7GN/e21FVastueBl7oDUO3KZtJFQybXHm5+q4t5sIuGZcOrLXCRm2+AS3nkQvijESbUe9WjwjfPT0nMAsuhb0zSMzQ5abyk/MGw8/Q73+RFgKij3wmpp22HshfNkFz1smt3zXVGBpxfSO7zFeQ0VahBmkMsfPbIJpfKt4A6lv2iZ7p5ngHMUh7K2TJTWGekEv8QPodCba1sBB7Df1qmd8vv7wr2lGZrhN7MoINJ5rK449tY1xU6RJWvhksyjENvnvHXhZITplyuc0MVVSTNS0JpQTfG7cLipd9K2VO/nAdjsMq/tG5vVRohsoJZ8YcX/ZXvi53sMQG3+/8kGx91TZ5ik209MAqeZdQDuNa4i5AHF9cEyglKfWCqmdMe6QD/mBgzTL0uiewEQhIK5pinB7KeaNaU6M/V81SRMB6dPnvIzGal22zagdp47yLk49Z53weeQ3sqcLDsqdZ48A9Em3WrRMn/BZeqIgN1spV3CnrL8ClEoKVaep6cX26emR7hCqWoab3T5cE75QYBjlUhUY3utSM2BtvVASu4RL5N2L8lg0sZFNKx/3upmVn9eXZV+2oI6LKtDn0IU/1v0IEknbcT0Sme4t2rdBCyNtH3okCFBqazzwXNeR9rLG5mfa+wR0dwyo31Dj3TVVDbvXuE/9usZ96u4a26qja22rdqttXO5FrAcf0HQ3x38COE9YC1X0uiuQTm1Pa/th53QyhjM2X7lzaY6FCdKkD1CmWYmMGpE/3CS6tYp+egFUfDs5j70izex0j338SDQ7ilyKnB7smxnWmQIudK+6Mz+uy8xUR+xMFbzV565wePt1xqb6Q1Ha9IFhh03V7oMgTXuJ7Chug+UUWafW8Yx8XFBqvYw7ysCu6ObXv8jakjt9Lc8ql3jePeA5CHMLgc3X+8bQCj2ylYLKmZnGNo6lHcu2jEkcNcAI22XX7NXnszTQNFGN+VSkq+uANdgWPSFW4zG+ZN666av2MocYTgFpL/tswuMVHBRwlIYPopmzdZUteIduW0yhKXlvm/oSZUm0ZIXztKP3+RzYlBvCN9TP20OXOy1wL85+HUovJGLqQf74+qk6G0ijv3a15hl3bHtDP0MuXW7YDoAovfxtsG7F357CgeJeMz164i4OQkP4OlJNoOl7JKv0llchDH9e1jsr++5IUfzob8HZ3jlRC86yNfAh4+G/WuejBDrojq3d6CIAAohlfi8uelKFY1wVDohRWjNvSjLflM0d59i2f92k3SnQuH6P2AtP5J8HjNSzLbmsyPb71CRWoc8DRq8nondf3UwwWz0k3DG76aecy+7XsiAIyh4WV8ubD6l1oIgKUV+97cN/kIpcOhqPhFD1fmH3GXDO3deJMVr2FE5ZRzIopdDCasgQQxsPA5tEyqOnSAU4AoLFPXfenBsRIMcEuKk1tHy4QujXnsUwaDe+NWEUMwQDVRBtwmqIba7C4OEo9i/wwxFot9PP+1bbIPNndaSYLXU4OvBvJR1Zan84pLZ7ZLsFOyg27DFj9PmT62t7AcAsIKD42mh2ypD4JRrXfDKAIZGlHbguGXAT+2QjcrOoSOtShjpctXUU8cVY+NByY+Rwr+wPBxCJ9d+aMZxEHgcdqZUG7UGwBl57HUwi1J4Ax9Y1biBlXO6trCnj005jbqDMx8h0Yr/K6r2ySJskmTuauvx66DPFibb9eWlfU6Q8xRVDYWSl0+XgwQmIYR6ypO6MVj/G8oZcgIBvSRc6oOJGyAEFIX6tw3xGV+u4W45No0NxdC13+OuJAIi46WM5jYvphwYxOQRNvUiTd26tq3+wsH8dKRY3fLwZpTesQqWagiFm9tTG3CVr4LeR0zOoWNgYr5DVF9QySwHFcT/t+o8o9H8PX03AmAzELNEBRGylJGnMAkCDDY5YmnzeFxkxLbYczhIm8dcLKAD9scmeBoSexy0uJzTa+I+gaJegMAkHSlVhOVlTW7l1DG1Zx20jNvi7f54d8ELeIoPN0lDW5VKh89RDjiz6y4P6KgPUaIugusNoTNqG+QxxY5pl9TcRFST/UW0h4JCt28QNoqR9Y0H5tu4hx2lf1Qb4lNrCfkUJ3gzY3+z9MqqdWEY1lKK8aYuFJBMYKWCHr8tR1MkJ3zyWsDWZeLPJL2MXxs5LmukhyTR+7jNU7XIlMiZtTfMHa5aLuL1InZJeYwHEkMxJETequRQVXQ9MAQxqPvzwYfUZLYnQkZxAz4E2G+Ev4D0li1QjydxnXhBbrBWm2hzsJn8Utw+f/37q4PviEkSvs46lRCg2nRJ6zcAZVSR/sING4eA3kAwOaJTAnhH96jvVRR45sWfvsxz5m9RquoIQcAJxlou4AMEy7KWJT4i/26bV16cdvpTljHmuqS2rg3lq+mJ00zj4AYzfA6LwAx42aaXV/4AqbgQBfL8/xl9PPINAjOwtfvrxArcnvgbk+0mGfVGHeKXcnG/MvHvoA23387VttjIbgjdcOJnlaSCrwyl/BQhH06dFBdm0JInQ+06ngjNHaAdKaOf4n6M2wkKtd7uqdXOLAgSUtX2GH9X/DMG6HQc4mtNHZTNvcSuIO34OYoVo13lXyFVfpmg9lg6W9ROftpFEwai7w4uE0zOeUf2vtBRVKVj7n01ueVlgZHL9kmpcshljYThkPslAjxZbHXPWlOYOS94JDo4+/gcB+SUo88HsiRmHWhqqObgJvmwLGtMNqa2iVkSFdDt6NHF57XYGnMXMw5gMqLwZQyHRC6OCOjdKl2IuRHtk19+nuDakAQo2qjwsuiePs3aAgS9ckJEylLeF3SyGQPacvz/ni0gkppPpjI25Ia2wDjbR7+JEEgBQlDZAyzlGTUg1IKMh2J7tdzVL6jhuxyWZmeG9EoiaDWApgwleYWtNeuJmEMLjzXbsmRXj4qTDuIH2lWYQT5ebQfReRmgDerdgg2CbvrsVozuwvZVb8SgkNrD1p2ppksJxMgMYt+k39q9ZKEEZgL5a1qZXCWO3w/N6wQa/kY/l/mluc7/qOuXD8yirZn9wcxteV1g9XjsR3mmvMb5vaur0vKpIF1CwZULJguPsmsljlznxrH6fEWBLK9jEqjWAYa72FtWaVs37Gv8xOtbgms0edl9atIE1mcQYRDV2LVbnJe0BrbXEoMw1ZhNu6P8i5vWffhh0HTJfNQAwqBnRVNiQjEnMvBuun2pqPHGcRo1u3uKhxYjxDCseVS7Bw0Ou1UdlQEtKHjcmxm70mIxcXASF8qt3AExzHkBBC7htVzfxgexApWZOEieQEJ9Eb5+dHTKy2LrQJm5b807X82XXcNNE4zWb6IilZ/HpmOiNFp3u3ymA0tC2BucAMd8jDfXP1BkHSB1joHkFwYA56VJqTitRRZssXgnZ3JpQ5b4INqfYzZDJlRtRjn/gbgeBdcBido2VTmlp7yq2dTsJQV2jTMw3N4lGeMPqNokFIOFd1CE2DY2/SgQIcPgeW/PzsmtdQyMO4xXyILXWbX6G1VnFJt0yct4UXzVxo0L2o36GO/s36mZ6UGrQqNPpWJcMXPCkk41Jd9eD+1riJoVJunO77/Mxm/nIouAGd/zOLvMRtzL/CnDnN3q8ROj7j6rlFjFdI/80Kq0TxsXbPHTGhk5UG69oxpgIsWaUX+wO7zAHcFKLUgwxlNb5bnp8p1XI2GBt0k/vo5LDPu/Yq5mmxW8xD8TBOgoyhI+OinB7KcVoZFaqnINH6Opd9at2yeR2tY701dvo90kxLZO5Ue4PJ8eW6Zj9q0IJXnAltfMK4uxvArFTc/k+ZfP5ZVTSGK514bfT76EywmDPudUFJ9jZlVK89ILOyrY8vw7jIXIrH3QGGJ0WhIfUhh8UGxQn3BGy3ymkxFc3ntcBUbGQdSRUAULSIFkVYYTODkdk48972AucsiWZ8cbVs8Odf2kwXDfnCj+zCl1OgPG01WhZLR4aFLsTh4gN02sm2KR/DNMdYTFT4gc/5Bb+WlqK6eXZ79WByudqo2lKvdIIA+dszxzP2qQY3BqrdHjoCuR8NhBDTnkOV+yVXvAZpu1oHfvFm/iXZW9iRaSOjUQoPKlrqwDZlg6QyDS8fGI5Qj3by/L29Nip1vRwFTr+ZljUWZTlDF5ZZfpSSPTefF1wACwyCtBDXR3WJV56LltD19ep3/jagzQ/jhXp6rV3IBuQhCaRKmi3o0bbtzJQtYMEdKxIaBpm3yggK3JmTn1EJZPjTGm8ECF9rJ039cvQGX57mCZqhKy2+rUh3mEAthjk+JwEQcFs6qZc97oIPfcyFZBx8XfomCcACiyOTAi5e+DGINWz8b8o2m79jdnSjBAKpxHcCYkuL4k2AyzxdMdRm+oeaGZcPjxyADpA5ge4L1w8HXj5sEe96ZVbWlOWfosLfGKI8miB1uBsQ6KCAb5vSWeoaDgWs8Uo2Bo0r9u3kXwCCj2LMXpQQoC7iZhRKagQH3C5zRHJAKfSWo6oP02lJL0hRQhk1V9htuR2Po65LreBZEGG8n8nntyNeQIdXdI49NWGWr7c6u+GVcgt7GN5EwsIKgyF9IQ01I4bimaVcqu8HEZxWOSUUi6ROrwPasrYYYbBdNErpNZsaMBaOC6gsiMAdMJiH2A25QomHGCBS88leCEjBgEQ2BXFu82diGsenMVHF8R9lE96S3z1e4SAodxMtxP5JYye8k/kLfel0V0s/qOWMPYLvP2H9aSwX926Xg7780vt01tq4JdctCPppQdd8K1kj2ZALym1VbbMHXfY69H0oLRgC0vRh6IzHmLPrJ9/4ZcdoyIa5Kk5CsM1y0d766MOw/kZRQUQRFaFkwEw16mnOK06uYtV472Ln1tWLfbR7u0Ax6JR86qtRv+xQmazodomm/xTS77ISpl8jftYsax8UkWmBgKqkt3kYbUPmyHnzHHycI0KGslf73lxoKaGA8HSo3IYKVtxyJasunfqfLJ+Or2m4s0b/rHgG7bGMItTVE1Um0mP7lLkRN+xWmlSayFP2dBjyqScP/EELBLEVGtG3HVLcuAL1ZL51wrVWk/y0l1mWgoU5ZQZZTkzAQrrlySKtCJvHvc5RzcxMTopEI51Fvw5Zvx+mDs6J3Bo8vd/ajwynsaWDXCGDaLCwhpZvZQoBZiN81VN6OHVr9P4LzHlioADlKuiWCw6sVaxQg3daYKnAb1q2UXZ1AKClSs84oY4AWnwq7Ol+ApnfaDDqIchyq2BsRDYiGMDMQGCmJsOEAyIfuSfRc6REBDYhpLAHeCwZm7WsuosDghXchspblXKTfOamAGh3mIbxLCHHbxrKCiQzfWR4E1lADS7s86vd3gbqZAo3EaSNqIH7s2yT88QkN93wSmKw8PHB7u2kVq31q9JAGSuxOdvVt5GIIuyfogQx+c9Xmjb0s7cLz8XlDcWENrLMl9PMkjW5Zzzt40UXIrY60itmXsHQfTDsSbWoxK8WV/LbI1uFSW1ER/GFVakSEYoyWyzxQr0tTxmdNsLka6MfOUFju56El+HfJIpEUqjJMTLj1SDM0rB1yGGR8Z5TvfzyWYOnZn/3qHr+kqHLnHecRQFjPLoGGzMiv7gHA85TsQl5Wf5XXMNdTrpHqv7chNWGHDUvFsY3Rd7dx2pCz28deY4AhFaKLxsI4s7nsOWXhJ640xO9fHv5d2cQD5bjF+dTzFK4iBa41/Pu8Ax/BubcjWzwQ/rHgeZL0Mt8ESAYIxCLc6/lgJRjByr/9eY/VoojQcoqrhd84MqTlqJisMkt0tgOMxeHPSp4rJHxG1SDQQqrM14ShJF6XXTeZu6bIA0MYyXhlUBzbxboL9INfHa8u6TiqZWTL9WTNt4CciiUc1IDJ2XNeBroRNq13X0CTier+FlvR01+V79rY2yGUXyENTGN7ptuuQliuvI8Dk37JQMHhOG/jkITPWqycdj3h8tMj+lrCMBsthmY26E6aPBG96wEGlmEHvsYI8txFXDOE/dHXXV41VKWsuaPXlOnOhKbOxr4BQC3E6rsRdiKDs3C5AKisnsQk45d4a7RpEM1IgzCc6bMRQyf+LY35H/e2907d7Tfq/n22mivo78v6zotZDNDRlVnyjeJNyyKZfVhIzK2vqA6OeiZ970wMVr7wJ0aTpWM8fOcWvu9LWZ4kbNYA8z+1Sj9rO+r0b/5AutMX8mMqJkwHt7os5yA6/Wg/etzAFUfGX0DyqirnXeXGlBuNdF3HieIG48fydZdgNJ8dSU/nml6d2OKar6HbYtZLlvMBJRtn2qjDFRkkm4NHP0vWJEaVbBgMNAhaFVOPT+3SsBqFuH60qidOVAzNk86iGkNq4xKuf7SmlShip9mgA3ro8eIFIcWndG6X7RmALXDL0P20j0O7ae/X6fXP0yI2ITboe85a6bpzVX/MjHk5tQvcDalo5Au20gdVEnZoAFcwo5iZV2bkQqcTrXBLZdVjs7i3unChrihNveCJOH4we25bJqwxaGJEKtxx1DdnZLq4XSjkgytZr1TZo06yao5VJM5SROOdxhhLiBVJNEmDL+LcYFTPCmV+JrsKBwFDvBXxxfCzxT3yAVmpAjyYze62GPyTmO7jibh+RM+49DYLesjE4L4qazIIZcwdjseex8E1VJwUxwq+4WP2rtBHGUZLb4FkZaM/s9hn8v/6dh1+myLJoeOPGIvN7Pf161gSK6ohVlmm1hpX3/r6oivJ2VRNCRS8BIhg8Bs7ZzKb23OtvO5gkOgpj/rawg5q96TlXOOUYpj0rQBd+V+HeAbavDktMm/3l6fd6b8AJ/P7GwJIj6PKv/EZaWH+o00ewUXqD+XyHt9lCcwlhtQw57s7UBFdpx7IrMv1gnFDtN/WjfY3DQUspHuzMMhaOxaTQzTYeLesl6Y6D+ptn0/6HVEmNOXTA314GRT5HT2qZu7hYNgSbRfSZ+xkMeMSVcVfdPl0GRrEdZK4F+1T9XAv0/NLWvSTRuiLlSbiQGprJPo8H0mel1bpa+I7VXlV+9JGYnyfs6bJ8AnWFEO7APS/DY3tDoZz4dz4DLZMeqATIOkLYY2dy0Ci5AFmTNTX4HYE2WmwVRWn0ttxcAqvReiDQKjLGT4OkLZjdGFkXHt51i7QCPTBZ5GXsOsCPtvJw9xs6MDdYX9Fj9E+UH1n9eoadZDm5VR3atE5ytFkvdkC6myVKw7DjhHK+6pTr0yCNTfJutQWSxGpQ1atWaLsm0fJ/TaQJDdyDytqCi+zCWrQ+2zQQ8A20w0R27zXCJVl59cn1fup6OReiY3AwKe19Bnzq20o9icPQearkfxeapJGBZtoVpoDtebnlnXHeqq19uiHtwa1C2J/ZjCaG2JOSIsHRfcElnmmuYsn9sR+twwg314rS6n0EuIhn/kKzenr9J1s1lkkUu2+62NTetfCLmeJe8GbwQIK06nC/60W63tzSgcsYmv+hHe/qIMlQzIoj281xYzPXhvL8qpHhjU2O7OEbXhKA+mZ/6xbtAx5sK1vSH1hlqksZzbNPjK7TV3CNjY67wAn9dsKoFLxwCm+AZuz5pOqw4THWXYi7ImLPf9AtylAudjuZKMsnDCYVF7DOg+e0dhhd3CLwg7hBYE8cNlmb63myd+VpJ6lR2yDH/mn4JqZW92JIlnHFgS/ACl8I7zsHQtOIJZSqAT0c1ZQcGQPXvmuOHAXRccnkb8qpfWUPtvbg3c/fuZ2339JKHecSMgqq/fEqg4vciouJGm7XR7CPBfw7GYBTK95gx3le8CrLXfFsejxIaiuk352U8UhzDms8TByucabtJRM6556AJ8Dsgq3DVWLfWwOo9TJlw2w0MXV2S7skJVaxW1xY7JwE8hdHNrW3RJ8Cci38YnDoNaXAJj48qOGX9B3XXpDit2DEmICDoVMLGOpvzHvM6cxzT8hF1K7YUwti1/EkCXqDYypqedQZ9k/XA2rza4d37DSjYFOMlyaSwqe1p4+AR3pjrno/JITRGCWPqmxTBhgon/ptoUVSGNIWDcEEhJwFleTpmcd5jjpsxLxX9arpxbrLYtPaGAGQBGvuoaxwimmNhfnoONUVxoHAAnwjRpwkAgm0RGPx4bQ/TewPJQ4JYsu+u6e4AzIHh0ni9KD4GN78PgBJkXVbT/Kfe7TbeF0U7Fw+tXjWyomO7GaeX8KoPFnQLq1oLW9GQvRBEdB/REmpzVSY35OEN2XBj/GjRIvdtZRcoZasC7IXWaOSzl6hl/Pml7meonJmNR2L/sflNeRCE/sjLkYfFeO+FYx7WsftWb1l/iCGTGxG7oZpu921AQr5KPvxLK9MvkvFl4FeSUR+pIpntO+JLKPyTrXdRY/zcWc8s+u1UYVlEgMqEUxMBVYGDGIYox9f4tdvq09IMu0mxhEUNxidebtODmM9shkmXAW0pDvTVPLBaaOvJzKPHXeEy1KDHwX1/R+G5tqeNTWbsq8XNAqfsTxpjy+CVZ3/T2BMDCN/F4iTH6ET4OMQ1KAQAibwSHTlrnfhy+/KRlkTciHB3WKDNU0DJOJ5srOPCRUxRUdBZ2B9bnNu7QcvBx+17tPX6B/BpgvkL9as6FiUxy623xP1LrYwUOAClae0JF+o50LwrrmRXWtAAThqbEB8RS72J6MXWlsSGaRUamXEU65/3y9SWBOwtmsiKENIBfA6FPxLOg+5jACxHh5+dAQLk4y8mQN5+g4tn4+s0HTtmJ5abx3fuMMNYIPbXG16J+B6tzHEocfNO0INp5bBD78QjrxI6Q88qnzlArajk5g24xlQMT3g2Mobt1qRRWpaD7La8g02uB18Bis+2O3xNnnEToC6TyDOCUiOzEvsPdTlbuadP12/JRbbXd+7u4uj1ICpGYWh2hIN7MY1KeCv0ABkFzAFTkjLTmTp9MJRdGrzSY+dvhPKfWRPygv2c2E+drYRHukizfhv6xfgQ2lrX7dTUbLghdxZieNc9oKxOPVkZ6gerqOz3aawLiuazw+9eMDy3pg/vIbWNuba7bVaCXmHvgfn4VdBrNJQV6frkBA3Yp2RseezNgFLwYI0WFuBZ4XmK/bPV8/fERVjqhX0GggdjJbS9nL6thmnvJiwjLlSllM/bTVXPJxESQt1P5ixcSgABhDQWgCo3tNW91S9nBkEpmMTMZ6PSQF/T4SA6hgxs1LR6lKlbZSxoBWLXhNS/+/9XBaEtix/gV8+3LgUDko2JqS25XDTh07mv8W1KLKgYR78KgChXLTbRZkD4vwu2S4mWg+2zup7c2HNHjY862SB3cwB0yjHwTmWCH96tGBTY8pQeXpFou741wzCOy3eq9cz3gs+r1AcDgFJ+ivuyes5uPYnebz5xQqS3gaSe+r96u9Kopq61HUDloii1CF4coLYoRcQJlTGQ21YtlqEVBSEMVVQEZE6YQ6JWWy0QBFHGJFYlZUrUiJAwiRQiBEgUQ5gCaBhCAglTCCQkfCeo5XDvWt+vu+5PFmdxNnvv87zP877P3q8wEB/tBUZvcsdS8S/owXtwG67djqFfjsqKNtP+ze/wfizwwVDoWoJc+/RPI8cELjEhYWPKkiBYaa0hJ5ayxQZ7XQLPrRE4x6E3QC3JBo3psumNYEtYkApm/HIxVhdC3qj4T//fMNP0m9mGT13fYd4REx8lV9A9IPAG1Fnbd6RdOBWVR38TzIt4bXiVE1UcTa3hdo5SRY/2HWQ+dPgj6RrbBsvzjEuV9q5QJ8Uqw2f08bbyOHzzR6ll/8nyCcoyfe0BQbGeaSBqhX1nORYGmkIvXmPC+14/a/vx91VnqXoIhxikmiTBueebFcnhoY/uTvzkqd4CC5EaQtCjPHGsCoQqm4Hvlu3/kqfBt/tzaFARWJLUw8muY4Q8jMIyGpLR9x7NuawYbgzAcWRcBK1LMj9cXz46pcocVYtXsJyXEFrB+L3YsQ0s+V6b8Uifxrz2+m3+glfPEmaetU4/mwpcucBdgJDqVlLTe39pg252ubBkULj8qMrWxrNtTcvf5Gbk+46qZGxUDK+nBjtl9ehYqiUW2EHJObWzLaSAyi2wfVHTNZuRPpe8EYcviX4v+X2Fjh5ScZr9OF/GxfIt/N0xusrhf+M07a7SEKxwbvZy2ctNL+QA+2Z20tBsj3QzJad2Edh3thykPGVkpiZrplcRYf774JOBVe8ZB5D31xYS8QXRuSJN4vHSK6BkA9KmdQOryqtMS9oIsixUbFLno58CX1lQ8LjNSbCoetGwEbZYr/iQzSbfG8eDbqW79F+q1+V9gVGOSx0ASKpN3E69CvAojsrY7FqZAigYVUs/qqp5qEAWjYRB054UEX3OtYQvpCRfKLFfBIY8m38QF2UUt2BDH4iQM+PimaAhYvy6Pto4T3Y/K5VEPKgbNwFIzkFgkXi8DLHx+hkLDf4TzFectLHYril3+MJgllzrzXmpWapUkzJ84Ge/+uqixb9cpxcMlsc715C/E2P4+aGl0l2T7c6YjwJLm0BxnD74hSHj1QYWsAOwo5mWezT4X+E7AbGdDy57zlWqdH9KWnlln4cezMTb3h7T5uNqLWZLxnUjBw/0ANFucjjr1ZkV18RYewAiygK5nXzicrDTdseneR7XGYVpwUUPq28+FBb36XO0AbFuMnx4u3ebu1Hw9ZsU6c6XVNbccxOOqpdo5KCqlygPFZKuAIhwwJb9BaWGNiGI0sQyQxzJyt7eGkPCB8Yf9C+rxM9PWRU7sH2EXDl09loZLt6vNsme1JaWwBw6D7rCYKxtC4wIdz6X+43lT2HYG8TthKgTR/aTPnt+outvr8FpvovKa6DeWxSG/dRjVPCpx6hYSdNAhO42MsMB2iDhiGuZ9DZ1QuXcvBERU4gPHqKWRYS6GBkF42hSO6Zdtl1T4HAgQzCkXVxtuzyK2orNawm6FFWJj939scTHFi+V+ATyA1KeG6Q6L0RKEZXmxMF9/owXRcRkB3VjqQ4pfQHSALYGnwtAf5yDIecYBJUOoMVmwbrcl3w7UnczbYTDK0k6h78vZSGpbExCPCgNHq6qcZxS1ftelonX91YCbGgvCLdcDWEj+o2evO/b8iMHuzvivfmAYBj7BjWhf0SdX/MSpYYYn7Rb81b/tVz0J/Px5SGPgE5wif6MlcffLUmTvVVFvwQN8d+29IwR3GFM280ynRkR2ToSi/PbgyFd6zGYCYJAfYJbWEavAGmX7M2NTYh7fDFLv8qmfgVEvvyAZ7dGADxzJ9lXcFR4lr2EZ8cYK/AsDDtoOHZxcBOas75DG5oOiN3gkeERTda81nO0/AIESmJ7lFUplBWNHpIfJP3xdi/Otyt+vv4W5T/q9U6gbQtG0XWfCBERvn7mzov/wLfXy5pt56TKmH6SGk7Okz+Sr6WkL8qkaMGrTb8FpOfsuBJZ+tyBVINLalCesMlb7WQQ4ceeEeghcZ0IOSOhv+x91eIdxcDM140tSFs3iu9xWbX822U68YULRePQ4vfRfiAoLNsIo4hEyn+Bpyj4K8zFaCRKrqoNko+rrfjF/8ZzVdVyTQ7gVW37E8wI01ofnR73HkA+SQx1fmJ8gHo4tnf4n361DKuDSfvQIH/5go/KZcV+Uegv5NV1HPmQ2M7osZ93efPRKXpxPQCp0NWGSxxp/oeHXzmcBRDF4J60JLHKIfZmxL7Du4qbtRUmIEZY2+C51Da5rsC63uWkAmeMqaHVQHdhDBm4WyNJXBPyu2eAguhQ51+bcpt1a0wfA8+kWQQJYpNgbLTkVMjnpgIQoKtPLnjBOCL7aZ1VMATat63l3nT9OBw8lZhazlKG6clY7On13mAf6c53zulwP4ni5n/a2oOGI6qYVVUPImSk6wPQUhe+d+55zreMSa/z6Cwk1akSWuGkNjMX61TjHfPkcl3U/S0/WkiJlm1F/fHxVWWgc++xOaqkdrTuZ8S/Wmte8r6/0KyykO7cqueB6Uno/dD1/aRH/pKQ251ZLONuIMhPoZz61eJbPMXFR0nuVofDd41mhndkfFcZaqHx9NWB084nr3lwrE8P0MX9va7ew8PZ570PlKfVGezX70BfpfXGFq1IZ4qvq/NXVao6vrM/Gkg9uJWyGiyZXFRj/tGwQIuhjk8+DzTjG8I4hkw3dF5rbvCNW/flkzlEcUHvgxF2XQZxHAKF0pROd+Wn9xkdJffIyTzs8sJgRlS2gq27OSSmW0NuAcDsGOO3Mt6IVlhHVb3e3dMT8EX97BAsEVHx/KRvSA6lf3rW+PgaVpdXgryjMatmeCFVsbF0DasMGdNfQcOC21+Hfw6w6OKLLl/n+eDvHZ4AUKn7BHWFb4qpQyAmFP4W160m+7myKjhThf09GdsMYJy6FO14bVxHb+4wG0LTyVLn77ksaAApmKYPiu60lolK0RX1FrqIAi7YvuO+boo8sqMNbJpKeRxbVB11nP0l1jJug+SzxhY9G84D/vhUTUFc1ejpiEY7c0xb+hHlt05w+xF/7mgNJL7/ZFSzoBv0LWsB/MxkJN+XMVy2hX/rUrvRv+ecdLdxPuHX45PDKRAbVHTrj7cjyjjWJ43k0F3bSTzrLIxt/d3+2YCE8IlD72ZOlNldb7uwjan/eivWphppTkBnNsz8epcu2gdaowxVkd/uRH/VvJGYQ3VbHpAvBiILmxCuYnWZ9OwD3ZhW+A+CXzdAIHLLxXRhef/iHL1/eI4DfkJL639kp9o3PWCPVrwWI/YM7EQ/BwiaQADora1f0TXi3pWBEHVelfguuuKQJOtz6Euce46aT04EIPCoGCzvslS3NL9t3aBpNmgxGnwm84gPGGMcGpdsoH8s2UAzNtE+MjEtAv0p8f18QzROtGENq9JtTHXH1Rf3QdCfCUTZfGi6TmMreTemLamJDmz5I9ibWOY4EKxHmMv/PYS4ZEkIwNn6lrl96uO+lGDKfKvq446MWdzvs1NDZrcixdQ9Sk3moYaTjls/ImXOC2fpufEnGHqipIutknBZq0uBpm85i5OXSNV340m3M32wYfTciFFa64l64TGZp/UZnhQKCqCxBQAsVV93vpSb8gv9dvMdFdcCBPW3jcSK0k2xiS3ywMQbzjuQpxvaTeUXi82LgzX5ABNxZdOTKQXDtqujtpcQ7/yjckOqboz5zbasiI5GEcONlWcQ6e6z9zRiV6GZ+24fukXSnsMasmY5gHc4adn6aNc/6KZx6Wj5bCcQWhbHe6Gp3scTbpy99NPainX0DavCtVLXB2mmmrA+v6Mdtc5pW1rbn1k/w/af/4MQtXkh1re2ZLodCiWO8BJpew/9JrJAFglPXetK+ZR/nCPOOKkhbvUsHBbrcj4BHW4J6BxOn/R21+APXSb+Olehzl/nfPxf4lWsYtOo65zMffuYgX0ywZauysEcSnTlRX4wvLqme6/0NpRiXxZJcxgNjDgEcvlsG3JXQyCrkYKo7Z/32vIAVvYdwNRaqzL3BCwkQXz64RwdLULUWMTiGWaNHkxKFMLv1PH6iatY2Ykyt12JpyCoILoXJ1VyG5Uvmc5fUWC7B1/NYst3bWorZFbnpwxpsdxeJdjEqP9dtyM7QDE43KPmgVIIzc/zGNNDk+UZEl1JXqDpEjzQ90wxoptx3K/BJeC4XmMMiYc3Ezj/2OM/9NdTt/xe8VLNzuVpXj1u2QufWRK3+9oDo3lvo+nvkF9HopDKt8V8QN0e7SIxNPinXlGL/UqwvFnK/WmB5EBAyNuKTkBLEA+E4J7F9HgWrahbR8AgPtlhaPPKd0GE4lRndB7nLYyjjUxHNDpZnArkLubYlZM45clCOYW9NqG5Sg9GZJIMZAeYyAMWM12yAS+nq8OTw/1KXq2sOjBHPvwdKmzxTfu3GlxObwC/mEvrMyralT17X3x2NoT2xqgOvX95/lKRLVqg6YQwYeBMd9VK9FmZFN+3AqhiV+bPV2Ka74pU+8S5bZ/BFqeERqorSaeQ79b21chPlScqp8Zp9Ngo6Q6AePXGM2RX5UKR1MHIln1mvGs1Vo03SjrTc4YZy6bnDLKFcu+4xUnhTnh8pc92M+oCqMPvAOKtFkvskORsKp/lEpWTl3XzboeJ7I3ZXNdI6c5O1LkiW/3wd1sKYssj3/mjcX8NYYt+oTya3+Gi4zgz821yoBQ+HWhCSS6enildnzj2AASSzur8+22GfeKbFmNpa2fTIDJgGEJ1fvu3QYlzZ5vgJjC0ciokuL8A3niSeHp8X2SyEfmHvfa3dcE5hhJgu+JrExmZipeSX9cSotom2Wozo0dMdoatZsE5lGKoe9suDn1yK5v57ND2L7hir2rlJvAaGArd1WbSzE6/78iipZ+3Jq+91/4Z59RoqK4jBx9/1lvlcudmcRARSy73gq19NrOxh/tazXnwRr/gqfiWSU68oNfW+c1mb//PbTjNFPPDi0FP8mVVpJHXAiLV2NGvLRsf1psrCYAHne6ql90U/vrntRfBW+U5RDr51+ZjoMl4s16DP1NSfadUUH5waHQVv3dqnlGe7LoLrjY51yl8p0qAfe/DnUYwOi4jzyPLaj1WsRRZg89eKuL7sPtODOQ2SANGzQr/YTUfqbwTWkkSP2xBxfGcFyvQ30fPnjcrajNW/DK6MANEj4Y9tpstHI3SEoKnaoom7f2njtIND4PjTkrAWoJ8x19x+O6ypcyYsOpdu3R1FLqfzsHfRYqDAN05PqN491fAOB6CktnHi87OzJUHDdg79lcbWkql1XZ9OgRKeiIX2FmTCHnIpJs6X/m4feNb1OK9hE5sqojoB8rADAJAtv1Pb6K96/VgQachzMMKTn7bAm+KbBRrsiTVSEWBGiKs0rU00BDr+aslWf8FUewa03fr/j7gHYvWQ7QkwoGRuU7/oUdjQfkOUB8y3XM9QZgnls0Gttzx4/Cwv8tHToJ6HfTuxuBS1VwMqlqC7pnAOIVNFxZX8bc4rGYh0ycFEvgqVubibCZW7CyBbwzv/yUwnT2NJa8jACs9kVg1eH7owNOaR/se7CWtYUHjcep8r/GZ8XYtltJyufoU3gHsahsl9Vy/Soe2Zdf9P2iXrU5/uzegKDD87k+5aY8rAupQ6U9esinZUg1+xA8OblSGTEj2fNcxMPRUfrulq94r7qIIvYW8mGR1XjbDuio1ac2DqyH6pGFVxm/BLlg+BkL7vFPpFV3PhnnsyjW2XLJdCYw/2q4WD9dFODhTSWKVW+E3APukjrLgMnPc7gl7+K3x5qtC/+o+9ILX5gxbDt5lRDbmZpsbJ/F/Hkq0wHVQEknd7Jzn7mfCZDin69KZOZQLEXRe8fFQli4hjiZ4GEOyo5yolnu2eUT9CXJduZpglDt6FcqA/Cs+HhuaUvEkfDGqrFxsX4pLA6Ek9kuM8qcFAM8cU3S0UnWkAoniDNvfNUK5MAQ3pE+CGMy2b/5L6AoEDAWDjF6YmQ5jcK6bxcpFblzVByg05LVyf23Zrx8lNFcZs673295IeWRYkfXEv+xGZf+it89gbK1FvRzrJ3d1ZzAkxejbylfMiQfLf3vCMgKICHqvC8pKsdAmn0wVdi7l+WMlGQ+vJJ0LXkJP3+oasrtV2WQX2cU06TLE5+m79vfMvaYKhN4bniKWpFxnDwUfjtbgGquydPiQHAA6d819gE4zFXT2Js6STHAQqIi7O53e4u/YvqVN1Ni5uInJgKfagFsCbEAUAzpiHT4lFw0Iio3TOlth4s1N/sNjcf1XKJW3KcVCj8oFIWg6jd4vISXyRXhKoZmKKZ6y3BnhnPmN5W2EotCDulQSSIlz3vypJDCKGXyjwU+U3NnI+QV1YxVLMgB93jbfyjtcY+kRaRe1ZlFYuzgSSS4gF2uWGOxtqhMmEIV6sAAY+tZQI7Dnv5KmNPMCXl72yN+09zloe39uqU1IsMrdb7ljrOLkWRFCHRE6D+yLRqKOiBq+5Fe9dc2MmR/alVP6nnsrnbmGZXt0quKk3tQ/PTMe3mrbO9TjpkhVi8u4kKx2eg3nLg6qRnP4Gff+5fTjYFdZfUeYTc2B4iL8g7CpMwEpLTcCwhUdkqQuMjaBeCEYFHc6pUBg0EFP2xcG6xAsHBtHUCSpE7VWzBO6MgZjVNWD6PhLBfLCFlvBz7zJFDfj/OtselCOq87xLwAQVYvY/iMq3kotPmcWWGtbNM0KI4ox10GSHs0alcdPIvraBxZK2o+V2isRa6IXzZYXYQ93N4YEe45f1etn6pcAyXfDy80UIveneZNyNQRKjHgzcUUNETo2FKrfoenxtZ3eC//0CFSyn3kmeQOBMs9r7oLEJyLRfSV2Du/dIflNlMclaOsK8Qt3CNc1k1RrX9S5AkfcVXdImHpHCaLOdYXGqc/c2YBvy1+WuUL6GpZn08wYCpevS6A/Hv2LX2PNWc0iHt1ec0E7N+lOaQHV8P6aMW2RWb8OQV7umgv6Gn+w1CII50aa4bo20jPWT8ZOmUgrlw4HZewZeTzixO7hP+NggXC+M7gv6LcEDvxagoG3ju3sw10GDP5xd05RY4Pvfo46wKYvHE/yAmjtYDokPjt0hNilRaBU+e4PCDcvYVL1YHivh76UkCHu8os/0/xwSOhgdekamqBzhhznvB7R+qPJp0NC5KZwYTyKUVHjAC/dbyACZsZktDX0jxHDteTQo8AMd0fgo7rzAp3KGhgp+alkkk/+NyPKPVqtRPoos7NfCnV6lq/pCOGWx3dnvO1sD4NCC2TL6XUMJdVaLaeWOloBwqmKjWqHNMFQNWG3imXH7onBJ8nmy6sALA76FvT09pXMb4V+3ezfdWiRcWTFE9hn8aTp6xLKCvRzR4dUPEwCO+QhTAE5JEA4sriOgJ6XYPFJypB5WvjqsH5UEdwePR/N9a+iytMMGs+FVl9A1Ulogwl+1TV+fbFSOd7Vz6m/3KsPCT+gb32E4meQIV6E8TZOcSLEHc+yz5e0oq2X34J7T/aRS6YX8RCFkscxfmzqLeR10Sy/6u9Fff+drb2vwjiQgP8nDLvau+KG4Vqidc1gMdHX2og4MBfJtuH84j9ZmEZ5guUyjbuLhU2zJKVpzPhfrZk/rqi+/VGLuwjF2Je5XZFu7dWupEFEG7QIwGhrv8TYQ7ddQ82Shq60es6yj/u56qZ24SqyGboEeQvjUerqwS4pbxjgXpPHtEGESC9UD8a5XyuHinT0YCaDqGGIjW34KQj0bkQlxKZ2dIYzmTIvMdKD2a4HSRAhwDTsFWGDNr5k335Xf8GJD8k+R2+3nRPOMXC0gBq+ZN7w921v+KCsD1HdbUfvh9fI0v+IEWRmrJZeSkgsqafQ/YQoEucxzReIBSOo8PE4P9+9Lq4ePU+NYCOOwvdZQXuSbuV6cLz9C5Ayo+UL2V886N2PSZLIaj7v+aXWNJieeSKJqEuIYozs6z9o/+sBDxOo/bDig7FM1j16t7Rrd0upLgFAS0a8vMSUgXs6bPoZM/0pbk+Bvrt/EH3qCR6Sb/QILZ4rTyr0tXalzrtA8neyc+gNQTkW9R05+eDMxQ6cKaZtvnk+uI/YNa6G2NU0V8WU4EylUlSiIrDrSzLwki4XHUXEapZc8HBwMgV+e+aNQIulaA4y8H4dnVJ41EV3FhJfJUYiXWJIqGJ4Y1ZNoBxga+eezjlZNbQWB6842vEboAAyZzsKme1NdEXaQLInLjVvf4yZZ9ucAkKrKScZAeq4kX0pNlCQ6dpP7CMeNcjTSzWjTs4oNjKIXEh8yWNNFtJwehMMO6lCHHmWObn9y1Bf0rwxWMR+Ub6U8yvKdcMnYLcCO8Ys21w1pk82DtkTNYR7pOPrSm2C2xrgP4R+AfDDwBYAPxjDT9jFwJNNLMZITtJ1pbkpQ/7VecfiYHtw0srq1Qfe+KF+4eKsqseSVAfGxcYMx0gwbaTS67ib1gZMPJ3A7dHgF9L6buVS3nozdSXSwyWaLGr13UP6edlECM0FIZI/v0xIgEDzvaq1CfeCfdcT6MVhIBdCHtIJTJ8meHKjXepXk8I1o86pfnY86vId6Zufr/4fUEsHCAFfBUEfvAEAvzsCAFBLAwQUAAgICACwQ0xSAAAAAAAAAAAAAAAAFgAAAFBBQ0VSX0Nhc2VTdW1tYXJ5MS5wbmfs+ndUk9kaPgxTBhlFYBwUlHoYRxEVUOmhhBHRGREY6VIFVKQGSEILEBwLCgI2QGlBETJIEymBhMBICw6914DUECCBEEgg9X2Czjlz3jXnW+u3vvV97z/v/oOE5wnZe1/3fV/3de2HR79aX5LcJ79PSEhI8pefL9gKCUkDb78N+VYEeFGZdDsmJBQv9MuFn+wjx1eJErUO8BwwDy6V4Dkb9C8KLZ17Eq2OM7iW+QyJXNC59dz9uC76d5rawotxnee67njOlc4Ou0JrdfcrOpb2gfFtlg9+zsz/fGBdKOyPu4oGIg/E16Pb15v4uB3lxjj3AFTXT4Ytn0ZWonrihq8hStdcEGva7NcJ+ipJ5TFBXIy1K3KRvNJjiElfQzbqgzkzlWdphPVB8nSR0pEUPkarlM+hrVxSwcUN/r6VEBvJnUkwhf/xU7E5I6rj2RN3pr+WR2xPMM56+hZ6Ws7Iuvjm6IsXFJcyCfXM49KZB0ce/tOoV+wftNWRDgJdn8dN0cpEbYwWNmlOVsGevdUhOzL09JJXxJ3tktbU6vCSTzLhD+4l42TLUhD9bZNl1aq0sRDv0YeI2W6s5X30LK/258jHCl5I9l2b+4TIG7SduYCgRWBbsUV7lTp6yWePG2dF5F1KXqaYJbRIbfLWXjb2uKav1qxsPnG+m6K0NDUFPXtWy3zkGeOtpNjtA/8wnoJ9Ml0SC70nGqMX2vn0qXJ+Y2UwllLGSKE2nMNwP1YdkKnxxZS71HIePdm2H79d311i6O73NKaozj1gbh+t4uGxxT7C8L4uPqPAxZrbpj0NKnWEmXKN8HjS+9BFMj51ZgwStzMWecPg1Hx7foB5Hp+KN1GFIEZUZhWX7OOpOaI5+rnm/q2zj3r4Ly8Ju1z4h3HjVHsNcuvPEe7aiMrOo6vgxlU5bZKWB7Ck/oMk453PJJfXhojH9Kw5H/Kk0QQOklU5ixwHNc+Vahs1zbnTM+7nqHpVA3Np/AIxwBusNlfvgVbv4XZpgRUI5xPeXoZNfotoqgyFwU6bJbxV7VUtElV6DuqtVu3164S++4nw9tzmxQQzyMy7qmn3f0Iw6ohvKtGD2y06HTv8snKttjJoIdH0kkFPsOchFfPxdEZLwwZ9a0EcFc2j1UX1DPhq7qvzWyaOWPmxtzQiEpJrlZSbeSF/rHYT7J6CyhyzhGKB5BOAlBBbO3yd13IJlXxzafReiuBHt4qPOehH2bxmWoWQknWPRC+OOsT7TWrzwTKdrrQ0GlkmdScF8WFfmEFB+PC6wvnww2cNjfWkcTWN+fnFCVva+3p/+KdRIcrNHGmg/xGB2kweQJosMIEEvQaAey1JZUWJUe9VRl9NSYvQcBMsFEiLmgKTalGQE7ofunq2hxrDKdvpCM4Zo7FxhVaorcpr0Mba633i6ZrECHL/iBaWH/8KOsXPUves5WTIuZ/jsYrLcBrDeUBK+VOcZZIG8TJ5TKDQRKVcuDURXNXk36yheQPfLekIg+Y7B1DlpgnJa0gk15A0HP7AxzuFu3pU9ZJS9Y/zd1WwWvN8Tiy7/W7wND8e581jlWIG/c6QrJYkzfMwAXWa2bosKDMXzngTcNwkkgjvgNTf7IIEuyjVEHi1K/N2sspcmqsnG+t5yGouQr1ME57hGs6iTCGh0J9rHfkyKeV2dxmnTv0TXLZudCyfy+pRRExu6XOCp/A5TPjpNaXOSd71bJYxzudmaSHwVn5IUdlHBYs5SeyLnRZ1qprm56cRUZHbFURUXOG31xobil4cktblLzeCWUQVzvwz2giflS5I3R/Kno8PtZYhqgl3uvikJzctVSIL0b6xRGM8dezJUEBAakQN76xsXrky/8Y2zaanTPqT9LePfE2qFseevF/tT1uRgzFOu1Vp3hjG2+QiPs6mezkNqsy7XZksW8AiQdEs3RHO6+pStWw4/wM8ybHUs49rP/rtyr3kWhMMlEgpDWgD0FGRQsk7WlotrUd+3MmZOTmzafVnFwauErP+4kBr7Xv7cHDcNYt/qlP/KHrW1IaKpwllMWvt5QTvc6xSB0njmgziU6g11M8eetKMMNYzQwBweFhAWh+tvsEW5AbOaAofMjNdEhuWUC/KRcNbhxqjmS8rtRo2MrOCM6OZAN/gk5e7Cc2/tQpoGF7OeOIcb+2wWHtA2du7wzD4XrMgLQgxG0+By+Jv764s9vmOgDftNYpHTBFDLSlOq5FX+2L8NLSyRU028ia0jmAE2HRTSrZyzdPLSo4Fly/FnQxu4VYnH0vtdFuPNCiI+FhI62ouM2H+1logo5/p3Mdrv1R22sV/ZdC/93/U0DWPCgqftTLSOPMWkh1H74rozBw4RDIhHOkJnYeumhEaNuqPBTT5jD6X72dq8ZlbK1nDpnXN1Y2g2RU0ipMMyT27uJrUCJ2SLm9gvIyRh41KEbI3k3tyQ6dsyrDUmixXozWXWlC2Mm6wWgS2arbGT9mRkCtNurlQz3IjVsIWWILYXr2kcYQ9VzaaTi3eVEQlLpAF+XL0TYYJlvfukZI5Zsf26mM/9W5E3OTGuoI1a8OEQkeomZC2FpYvjqdov/bVjORIQrAnTh8m6RNEYLW/uqBDZ3+DGo3Efl6vsKD/MlNWc0ozjtrGKUz8p6a3WVhUMMrMgagg+lIFLMjqtKhchLWKwCa4wJojr8yhfI5gGYGkZefUYE9ODgBBcKbecjEaxdziRwxHdLNnpDXx4ZP3pjmrG79YZlCzpO/EsV7NNvFj2L+gsxG0HrU21d6ImgiC6gBebMmb4AeJpHcydmwWthZyc7eUlIrHJ1S6Kzfv+JbhgncumYYtgBVNt36jG9n1GRYEy7CAUrGRyRNgkSHjcmk1xq0v5vzZTURoIPTqFUVuHcKObTicQVfvjhIHQTQIzbIwxuoHklzS4vOm3yYOySH5TfdpL9cDkd87SWSYror66snlJxY+D4DmZbWt2bpRIuz/qSB+7BH0LWnkavun5+jO7OrrDBMmcWC4ryEvIJz9ri6nGIHoyUkd+fBaWknfOyIqmHBMGlzDbs3wiBq+n+FhzNgIlYmDDgzizONiO4hJVHCefTyP1uOB4NDUuABIM2OuvuEthfAgEVjFXFVQOIsLFIh0ar6pKbvNdbjEg72KynXnr7LQzW1vjqW68ZJcweGDGCnQ0vR5qVF+C1eKs3FHPDe0HaFluPpkb5EQ0aCCy7mtJwwqMYxBNyelSzrMSYot3ZXO7R8ffo7tLqD1nMKisD7D5vxYLnGm5YkCGi4omLgrE0265dMrdl2tB7w+ps/W842R1g3Wc29FNn/rzm02jfyzd5Y7cVBNtvWliwZuuJNhdPKfSmjjt3oqspEXwKclTwTjcPBw0iqCmmUY8HHzVdKtiBI3oCONUYrPL0aY2BZfwIAjR5qGQqVgkYzcncZrY9xHp8rryACLeuoXBM2+IGM6bzdyqQX60yx2tQ3115NmKHi3KYo964QMIVfPtAMqoRmkWr23d6LazWnVoPSwXgHDgPNgpIHqpMJaf9tB6HHtHaNvYl1kQG/RvlykJ5L5u41nbc+UWv2Chud0BEqboRA1hmPgl0sq5RxWuoHs6wYj3drrSMMbFO2AvQqe4IVL6ipGy67lt0E/drlMebXMV4CpWOQYdtQlxTzH7m4Uy6QDzL+/tsptY64acII0zBn+8httSuGTkOmIxyzGtcYU3SXn+DjKimmvbcztrNkWL/OeRzJ5cz+oy3FCvJ3V5re1YvR7GhWRXtGTQUxpWasEuS61qoOkocyx1guNOf/IUkOKZzbcwUcidjhRElS/lZeGAT8FrHDI2nJdOAx06pmuqt8ydC1VYdFsGjqNV8qZzja4Gd2+hel+54ByNUJGEDYTHKn0TW0Lj/i4zUezz1G8dmTMVhXK3VRdMWqlM6WOIs2wjo9rEDIJvByE84sBymsCv+wqrhzZhulhbQE52OLXO0MbXyFRK5l7EZStrpFVw1vl+m68wkY8GejJbb70SYMCOKrR5MaafgMJMrXeAIREFEfhfXypFB63Zt0sPRbKvmueWWMCwwWlymO7MvzvpmdpcT97RXRimZ90HhuqUGLmqlKY9Wt25gmr9jprYzrzyRYDuKRCZv0b8pOXogwwDaj/Zi+A1u4HHLJKaBPZROaC0TqLhor01EsxqiXaVTeZ760HnmD0dPEmNn1Vnm71dYerY2mH/od+bjPckMkvtMoSFHX3JHtOcWl4LAdQeYlWC08EGnmb9L4vHBn0LczgMwOXMaWzRXW9VTUNqpyLKNXneg2t0Jeh7eNqEQaUx41ctA/vZueYnGdUl5XXRyBHfSNMPVxL6bQfGLk+iTP6q7Zu3D9nMvAzVnKxi3QZHpuFA7q98eYg64lL5U76MdzqTqsA0RGTuM3xEa7/WmPdTpKnC2sT60tn0FG5pV2JKRTSyNpWkYkndLI43PRWSzfhfiAuFpKoSnhAcGFHNW+TgBZf2e3xog1MmIIGnrdp9I0KBI/sAcuxAbD05S7tV78Isct21kHZ66B63R7vO4Vkl3hOn115HVKXPmvuhcwWcpfnKw6XH8oLoJAwwSdAKh77DX8ocbzsXF+z8cAlvE/HtF4hTutmHpTedWrEt9sk4g7zwoU9lk1Ow6zEY5bRNX8UqETdIPqCJ5aPfvdU+PL2yVPcj4GM1YTmXE9emB/Z9QTvmqZxenei5yPa55AbBqb8Sk9jjws3OtT44eMbe6ffzKwMov/1d1qRS9dvJGv4aLFo9QijCTnYfQJiHOTiSkoQEPIip5WOU341UV2Dzx92zyVWhAHEfI2OQ/essFA13ROLJbV11dDFybVyQJ70r5LKjk0gyafEWxl0oFkxsOpBM+0GPMPwIv0r8VNneHW3M932N86UT0d3fEKfrt+poRZIG9N7M32dymMZfb4B8HmAMmN4LR0e1fSzgtIwonKem1x0oy+bII0AufpAdEO114u94TnJ0odETq/nSKUGkd0Z29Tu5u7HqarNFx8XmUiZoA+z8G8W3gDK7l5B2avN6yWm6DtdFUJcijZBMmgMf3uq0vGactiFUuYkLMwy1ONKaaFiPyzs7PyoqLSxj/nrKHsK4fU0m3dfwnIOBeQPZ+6A5+gZc5YJQN8W9L3VR+ktBYlnq9NcNd9ZNZUlI/WEXWouYAovqF68sAcuDDq85NFxNLVEwulqvOxTsJMwthzyevlaBVcxvFCk6mF7R42QUsN5zB8qB/8uEed7ntmkskhHImrCNV2iPQkb9ylK0MUplYBebV+NbxUqjRzbZjcA91spC3bs4FABIpkaBmGgY2oby9BRqssHLrOh0dN5fXvOhoX0RSEBLWCdfc4kBRlMcdbGQOHOPwYag4VBgdk7OQUUOsoFG8Y1D8h1Z9wuvT9ZE9K1MEeKXR7wbYwrT6XUsMU9BeBD+OU4Ki0fAF/G+pHY0iWUOx9N+r5GTiNqvk29VNDgVJ+jjUMA42AOtODl9UhASQaU7TQv9WHqvQlJ3uyojNllfS7FSiDH3XWkAqXADywbSbGok5nMwJOMpPycJO/O8NbW6rFOhTbtkf4YP4gMljw/LlxBmAzrAyhHTYWvaNQr6BP8yBY5KfZndRWDmFVAt9xsTzA1Vr/Z+DTjfmuzf7VloHN91Gj1vt4PYjyGPqTn7UkveMh1cnkiva6PvKmD0DU2ZYza7Txp6u88f+Bpl3N89yXTjOg4eGPJ7Ih99EktsbYBy+dvBxxmeWq5kdjBqhSrlna5nIf7YcIgvnigF+mimhmJb/pjtkemUI5jR+P+ueqaTrD6gQNiS8v8Cxpc3OQmoWad68iS+9cO04HV3dm4f0BFypIf0t14Q+ZvPLgj0ZE1/YHZo8Vu7e8WP09dcVa+9FPPKwS/85oEUGw9DaSGV3Q5DHEa8BnwwPOY8JJXpuUBN5lqtltRlOdGnbXsIN/s0HXfFBMq1JOz7GQDXstW8Yj7tL0CATwAJUILX4nHgJWsH8OXf0hBTgFuRunilQZaui4gSRILZm6mlqFGpqAA9Xta38Zz5DBtgzWEHgUTVrqTVGPJ4bjmpR4iuzfTRRh0XDZPJfpdusERkHEbZf2w7OMJ/elh/IoyONFk0T2xGBw5qjRzfmebFClqB2mEYNyZY2cqd3pVW5feHNZ+c3jE6KVhDcpObzAPkdWrIXdfhb63t0goFjBTM8qzEo/NC5u7ElR8mNHBJGx+Co9CpyxP0Xr29Z773Jpp66TFS4NyOhYb9vXueFqSCPMIKp7ZV296mJ8+jtD8wfWDEHEkwwG+Hev2GmQDKrMbb/QfQm14XPfAqadBLlyo2RCBkRVOxx1xbDTmkn66cEPiYB4diUnniz5ezrB9p+XE/1WOTyoFivA/o73jDI7SsJLRuKlCp1LcKlalO7COkyMVxsN5cyeWxpiTIyCc9o1g0nKU5XCLyOZkiqUt23AeQeIjVdjzFfmm0CZAerO/GlRPZPOaQIjqY8K7Mwd0Aacrf9QkgOajcNwM8vtO8EiYe4d1Ix4ISQWLA3CeHbx202dUOeImIcWIP5/WrGXEmsM8MIkCLNtbE/XQXFgnYCqlFc7eGu2F+rcueDlxBvoGSOFlSSuEvb0VtTE7WsFBRz442Q1MZCUdjfYFE7B0+tD8I60T5uiKXqu5RuRM0yGiTWtHa8YT5WKrlRc9OZF2tb+W/kzUicuY9Re7fWRpkJuKJgU1CfB+NNQE87dH90M5p0j1r0/88OGIRK8DzbKoXKt49NEjz9t+89DRn5+/pmtVhHhjL7OaOp3K0g8u3BydfedaLXckD0De9Xa+2BI2n9bs44d0A2e7yh/QaBiLqfyUrg7Uz5MSllrVNiWDX3Q6iMRP0o1DD2mYyaXxy57+3SFx7i8orYHWH6zEVXoPZaadwvpIYmN/clIUi7VxvQQIsSevKmU7M6fdA7Qx5cvOvGo0Sl3Zpc5mYlKf35OD4w6c5YcByj/ZkD2r4hZNgduNC+xxENTxXjM1szFweJbgvRUVPDL+ZN3n56s6VikyeT7CoENP6VMhq2bMYONqgQk0kjaCAningFgYWrx9qHUyyT7e2mhgn/7UhxuAGDjUpTb4rq0ro00Elt2SnfFMa3umJV0VcchqLVjz4pZsnuUQyTSzF3fQCYX4OFvr4qZnWphGz4Tn9sTEne+Lse2DhUHGXIB+MSwCq5Z+umZj2cq48q7vxUWrpIf7fxUGxZZubd08ZHS2gB8WzdJ6h26188WCfLEupcPSdvMbRv+6WybkzjylU4KKTigcZ9+idx13LRFy516qjOXu1YgVXuTXayAv/9cZ4fzNLBMP+ji0h0d9U3aTeMqJAFiCx/l5cjURna8QyCAp2K6+vQ/YcXgPZ/oKju6bwd94o93IHNKKW2iZSwWT39p14yNXF5yst8sVkNPhHY8ZRhMBBSSDDUNGrqvR8D3C6D3NRC87vaoEtbUz3hujKhFdFDf9crzv4m+ECdmyvQoDa9eUlZvDR2WghJKENvexCgqDQDFe7cwHm9J4N1f6b5P635KMgQ7ZQRDAzHSKKzkcFghg1RfW16fSCP/J18ZfDS2/KQYGdNXaNR0lFx3UQfQ5fWlcDeaF4pqh6XCHGCkivdDISaEn6gjo1iBaq8QqKyUjif72UN7Nz0m6Oz+Wbo50Dp2HzgGwn8kZ3o9+gX3www9ZGCGlxt9sn2txoUkNDSV6EGGQ51uY6Ma5wH3Rp268l8uzSzvDH1H687eGsQsH8/7erm9897Zoe/N3pMfoFK09k+BYtiR1bXTr10i38Z0/YpU6LPPzAINPYUZYsZtVLpYByshAnJV4SsqQrIBG8tXmkIbk9Ik1DxAu1gFxKSJoHkpafk8crzh+I5w0F+o7quntE4lLXzmfWEgT6B+vo22PR3dqZ4yUTANbEBgVHvVlzgOV7xktgRjKVUCTAM4RSMd3Bwhl0FFtbu4CQMtaiynXpAsoL5MIxEOOxQ7J+gfz+DPrRfRxxOU5lLkmv7XUynwqUy6vsqhTctHMZqqglvUb3WjOf2cO8CD3Bv8ctlTeq3/k+5o5n060aSwDsKfmiX0WZ29dOKtZki+kIZo5GPCI8mo7oyWKWcAK5BTP9k+b6W9nrYbcMDbgZwUeeHrnhJlT4zCL9eHPxt6NNWwteOj2LNmryx9QQ8iR1w70c+XQKJkb2sf1+BuQ3BhlKE+jqk8ENlkmm1cMb/a/vOBH6zp+zkxsqR/jJm+B4t1L5zcTa8FBJOT+pGmnHXWapRbVhn9x5L+FbEYmhsLuDjjOY82o8WoBBrG/6/FvRq+H9vUzxNyZVfBOoNUaUQOz4kj3AOv7Pi52YKDnII2WvaZitLiaJIjNl9MkLD4fhxElVusFAa6s0khFa+Pqn4jHtYvubI/q6fYOBpH0mFJj4n+bxntDNrEYeO01t4WIXY7n2uwfo+sSDpmn/F59L8sGxJqTEZC2aO7cY9ITiTiD0AwnvOYNwgxEYsyLwD1fA8Sz9gCmObOr9XfneNPtz+qlQSYV4JxU3wYGq27m87jJWxFY0YpbhAhsYP6JgTBLjEJyWGmMXaw1n+Z/Evi4NTa7p4XD9fL8WUG1OQJkPDmq1/rI4uxxXPb0z0f+mC8gLSPnQen8MFp54pynagYvgAznHzdSetWz8P0BAXOzXJIQQKTexW2l3fp5hOiJv2w63xB96MDTDB7X8Vli+w7mV7BEL1niXXQMtRIVVBoXdVIisf2WlhmT1KEWZ7cgSp7T9yIiW7KYaDpf5xKP+wpZzdI6+OjvxG5xK5XoETsV0eNJ5K6jhk23gKrxlgH9OJy3tuLccHtmVmdfNKvTYqDQg9f7Z+xwOSSxbjbRvCGaFSXHj5kFHLZ/DvFaFpPz2S5KPBog8kWNazLon3zFlmb0szcXEMEQdwG3NM2BYzabACnyJChRxrxhc02mmUdmnm6M4dRTMPyRNztv35DnAdYJJYv2tESHntbUQsC4dXJX5Mc/IPrqfYFOGjHJ+wxEs/w26K1ee5T5U9Dbgu1fgzhQ59eHK91DaQGezOIsyEoKqbCgaa5TLHWNnXJV66UQ8RKx7sWi10j6vl5VCRCCR3uotV/pgx2l7UF9hV+7azNF9xDgDtdSUhXCbmdbuuPc6AWAXL1pyw1Y3Mz46LfqyMGR6nnPUGnv4oZEYKZ5Ha4aP7jmCeU0JG28QhZoFeuQ6+xPnI5dK7hZ7PSLRXaMZgNyTfWHLP0dfVtyx0m+7LKNMAgubCm2ZBt7hntHY02KtRb5sB1ovBnY7h1UUX+G7XbcKa6a6cZa8TZF7jkvMt0mvpvJRv3+97MP5NOo1hr+ynM+BykH10Bw+nITUNtz4wSUGxCyprKEprZEh4AmHtCVgZApn0NO/fbEzw6ihByaJw9Mq0j0ZrjvRExvLx4B42JsIcLYWIdSUa4b4DnQKqgsISVtzoPpySpQ+gM1m6jPgkPUmmzzB5ImvoAVhwEewufVtmhCarJRKtB3oUYjBa+6Kj7GfJRWq9k/VgwgiCAY66POwLK0WmXhQbVhztqauNdcN53kaZ8W3YzHrs9ugQGH5zW3rRXDBFw4YMEb855O6tRNxinHmWuMVcplT79KRXr0ce0jSw7luYZPh/isqT9QvFr1eB8mw3a/YY3eMAhXAYjbQ3kLPc8MemHashEc3wGLG8WXPb47KDjEKOUgUYVIeDrv5kPMfx3tL6OLDK7P4wqt8HCiNpI1MI72VkZW+ba+0wV6bblbn9KHkgCB4B+Xg1VXawUG5YCDxh8LjuLeBfBiyf2xNuCVF9rd7E/H5sr5WxoR02NTxHAkc5IhDnTWqgjY7kOyAAppfbSOtSOyOYWE0usZuQan6xxDU6wWJIM+PznQWuuTmnUgd594DFNcG6PV8H1uotgSIPeRt7sqi0JiqGLPvT/VYmyMNxHVrLAOi5mzxzQPf1+GswyFOxuWyTyLyFt7udUbJx5XN2wdV/bCLYelGIxYTcUBxvlzMZMTBAmo8+Mwtdxeyv5iuNGupS8Z5ROkuPXEhx4c4Wx8bGpCAm3FTn4h/OnlWfqIftWA9XMPlsPlo3ssLuj5TDEbpnW3vzfic9hA+7zx5BZ18pJ8TGMU8sKN9cJySE1q3CajjZ9/zvcc/u8qUKe92LOSIDBKMsiYGAGqcwMrqGv8TSAX90cBeWmwL3ohkWrh3gGYqIYq+p0oZnh3beVWzQSVN4TkHs+G00Y7CO7hXVZ2aw3wW4RVhkOpUoD3nOGx1VcTdaw6kc336tU6VspRvRQg1TRcqnmMYV3BYUM1awMqtuSiWuvHwTH4W0B9J4gG19/8xJjgrzBanUw3np7yOQbqCvQAfLMQfm4dA+SabJfaZu5UjJ+G19Ptl7YB2iPKgmdmxBjXCD8OdJK3cG9YVNr46OQvpRbc3zzCgm5sCXxWVpbjdGMgsQSBmlyRzCDcdH3gHvpxJycqA1SDFZxA+3etql7aLJNde/eCM3Uw7+YZteTFjYyBHz5UW+yKuxvfHZO6k8Jh3v97Jr4NreEXU6xZ4/rK1+ij2isoa2geUMBz0gn8iTP7QDfgzOZT6VwvALmCHGmgIcYwTJhdAGyLWWu1vAfTxBAipOkiILJr2LgJIywpwuQcIE8i90/Q0wfHeyplwbLKQEoa6wtj/TbEpXE+M29chKM3XognqhL05PJr1K07JXrFVYyPKYcgVjKd6pclZsbs41OGSOyMoVyB3+TNHfA0WL2Ljvm8XiE4QkYaxPh3JphGuo6PerXMD2oHK4cHjRqQO5j3BgZsi6zxtz8d1bde2e5vtJmEzN8U6CDBeQ50ehOjr4SYfBxQtmMe4GpTfxsiHL3EnK1fhmo5K5J+IfgGXNv4uVSIuMkYNyYXPkesDBaUQYuuKwFZCj/4T+eTY7czE214dL47IN0EjamThTZvuigvxt3ON0ktiTp9w2vEHChlrRWXUE/CxhNBrqEwn1OMJrwLe9wGAXcom9c8JziZMVJBVW9XAOgBMLWc26TvPhj4fqIzojP6doZJ46ib4gGJ3qOJoYA5gIyEET+ha1pTNpIxp49U0EOB3n80VV7O9zwhtMNvOAzBblYFUnPIymAB3IOi/zmTsQDNi5jcUZsrW40EytovDFryE+FeZZM7cQp7/G11qa8HwkbRMafNIiGJWj2iP9C+/D7OlGdoKgD9RCZDorz4NqguYhRaRHULAp8yS/rHx1Na4o9jRtb4pJrROOtH+XnmynGzqaoABIH/JjP8v7msC4eh59akAH6sqqa73KSbmj3B+7zaTQD23hnsOTR1NWuv4Bxj1VwOrzvtZeeBJ0F8iewbpZr1808hqK2VA0YqTjqoXtts/TeHR86tJiJB0dGRerIpSMPXcFxQqr9misHG76EUijThQWjJT6SC+aqnJ9v9SLWnjICmgdZ7EGV+QHC+9J5WFlueabxwp/+a34LzIwHDR+uBbwWTsCaeULez86NAy3+/KmAvJ1TzHLdjeOi4mRwb+IGuGFb4/4AEksvSdzOcaRw2oaNtxUGrex+Z5zlFgOsBTQnQzuw3SxYSchitpUww5KNJkNJMRTWc99jI1Ucmeji7DMiAuVXSGKVYoFECehX29SqcbASC7nku+JcSiR6KG7NjbymflvwJZUQrfG4ThFvMBFfVbLXQelS9kJa01wbCIGvv7pV2OGBmsgznN2j0mmmeZ1LhcztxbHp6kpTRjfOR/oAlqt6Df8Muwha3UmruB3g0jqCb3IcemElzPbKF3EEb7UcbJ13jg0FRF86WXRUGVaMO5f3jI2lWhhPlA/2aTzfVo471CGyq/OEDWzoJm66xehsF7K6qCPNgEmCG427c4ieWWnWr2fRuacOtx9rN6jM0cTmPg+G8G5MLc5q4WxyH52o2ud+nNM5111yDYhcjTL7vH68AQrG8vh0jjL0tj1z/aOcyEe3tV6vXHfXpKKCTFsPLOgJagPr4XS+gjtxrIBwNpDGxqCdUHla0PyeuPnLSfSIIMfjEG3b1cVSDEDGGHN7a2nzx8d6OqciOZ/5JIJXl7HLFYPKkxHFJBdrU61Z20qKMrTCoO9kaPXLcTB8fe1Qmj75c+V8nPv8ePzcODNqusrsx/M9NSYL9oTwZSfQGBA8Aw5QcML09D+ZPCx5NPmlE8MXPS/FwjdIJ3C0Fxr4ouisjbk6BESd4ml8TOx31x0/iKmc23Gk0mUvIDU9T9o5djwG931ITt7NotFgDHh2/+kpIqR9I8758yKu6zzRbigE8BbDGR7bIEkmFzP0aU+C3h2PbEVp7xQmfeoEO3f0khd0cPvlcdi/YI+YTpPmH0MN0uvt8Ic0L0Zyq1hharg1Gzt4c8QDru1XoSIJMHqAFzzoa4/5MZRD5PkZSSFe7Cs9ModiNoiAaVnAAiKnKqyT5XIotvh0dcdoMAIeJ5pYIafzTM7D+NRFY3+AHQoAHG9jbkY1FzKpSTcRE7MgBI8lpXnnNqczE7VpVDb/8mrF+HPrmhNJs93taYhB/RBmHZ3VBojueog7Du6NINll6+RQetc49IInk3yBjJ7ZjrpILG2pJMdg2vGXBtAMSoKm72TTy8kBNQsMb8pPF2YeAak+QNCG9Nz+uuDFlaRqyPXpXioVpBK9KCDxOPSkWtW+vgqqXzag1e677Sez02XfWwtHNko9PtFUfJN3nWtD3CvLFFIFaL7JBcYeeI0MB9aO5PdPyshy1kX80lbPRwEYGJigxA+Q32gpVIUEnGacypcqTX0ip1bhtAjSrxKW5goE2z5/Jl3uASNF/P0FVOZ0pFftxlOwcraxX0MP4X8nEH3AN6B6wHVuyWjWBRJY8JyX2VTtuTkHYE8idVZIakF47SSqnPxRCSpFuAXvkfGoQQxgp4/XHPajIMScbnkV7oyJy5idx7oR1s7R65pS7Dl7NITnAaiE9SaCSs2Zb3twcfIBuEl4LPskIeDJlAahXHdT6b5phZ0MBHnwyHrkoiQGu2J/6RdpwFtAlm5oTmwyXB/W6b28nFg9R0XUGP0zZlloTY/yC7qcn2Sax6hSMdBRlh/dj3H1Fqv55U+2Wmmbo2TA8FpqTCB33BP0r+X7KhOC49ICKSVjTUGP0zDdLkofmXQwjl5jeO7WAU+qDLT0QCdUwT2JClr5D9U7ETf2qWwZPSTo7Ied5xPaxFLqF8LJKjXL6gaICcxA00PpSsjmXAAYLs+oMe/EOq+lJ3pIgxXqv+0ebuIPB13/W8DqqeVjqIXMANw49Zaz/C+ttSHP1URSOYgDFRo1WKxSZ/g8GD/RetoHFFcGX09ODIkbndMu5qySbEx7ODApFBeLklo1JCDg2p0oYvng6gfIefVjGqAUfNLdoiUjVatsEh0bDFPmcGLk627spp5iaylT0C1L6vgQTpGWRKH6m7bJc7Mcc/bL/ObVGwfK4zpJ+4821N5NxcWUx2ReNmLfMJwzCnzbzxl8s9f+xKIke3Nel8L3CJzx+3vlCik1rXze5QoddF7xh56J5mdmLUJAcjqKW+ScsOF0R/x/T7E8PPPwt0VcYpPUd4V0o5FFd+Z9hoGMmepHvsO3v1eHBc/fFVuSuRFizV8qGtxm500X/XOznHoJ6NWIP5rH9pZnQW/SkjosQn0pPy//xb4br8/dl8jDOO5H5yTf++WnvgaIsZaF/j3iNhb6Mi8Ly/7kyGnYwT/g/938y//vNwzpfbsYLR3T62dkoGfnkJ9z3yWTw/drb+57Lnz6Uem2yerknkgRnpuacUZty3WLIGw+hnJTeDhS/Mg66ipSyzCijppIewFkusrvfWKO8r1fw+oeQvGG0beBAcJWQUlbXwET6/fnSyR/hD5uFkW1GawHI5bMZLq3JqPGl4u4Cn/6CgT9nuvxCnHugC4uD+DLEFXsMS9G6ZOL3uD6URf0drAZjXYqJ1mwcAy9xgjpxn5OTPs/I7I86MJIM8SO2DqBlkCo187g+PibAjD99pn6+jf8Fk8hXdvF7BG/2XM4cru8TgS1nLaotolsYUA86t3IyypONxmgUpz/zMa/6aKcQO3QM7toxZAv3XFhc95kTgdWj9kAsi9LlPbuTDh/MKfPQMCPEUWTLOG3TZdjGPaKwVvsTa8UBuQwITGdblsdfivTRwjKIKjTm5S8g3zb78nrYmatuhr4VQlTx8Qz/vC8jK5o0xI16irEPCF63n3Nyd8BUZx/fYMCda+/4h9ZTz5CTh1OKoVHNqVplv2O3rsRTybgdfFFj2MzCJr+bnSmkZFrS75o5fXHKG0lmvi8qLytPLQHrkbt0vk575a9p4QEtFWGZoJQCKiS73VU+OTuzgUsmF9a1J+EcC/xwfqyw8YHItzC+RO+Q79xjUpuNbtyQg+S+3ihcFcw5cvK2MOh0P+qn7iEX/9oyEVgcx1LLjJBVxA7ViRzwmDQJLEsNzH9XSrXiWokK5mtXN9t9FS0OdjcIz7RTMIAjffDnykXQ74LBSR2hC58GZAtk6Bb9j7xs5hjQnkK5vIEgEpG6x0Y3cgg+pDThhncEnS74SRgU+x2XnJXuX1TxTkHOprmU3hblTyv0HUjqmqgqGs+NKzGaBXmcKJWRS4W4FBW5gY4pD3wWAzIth6pXlq2VRtVz1+E6ksqxrG4C7p0rrMx6S7NUFnKaX5BYXoViPpG67TZbzit0yFheYf7Y2MOZXC73Zkme5k4Iid0WrD/vTht38VRZ7fkvMEb+wtIWxg4GdisUx1rdLUOU1m9mayphLOfS2drHmAVX4oNDvKPffSwO5ixfFi1lg0rAMnnNC7ai8HzRVEuN0f4hS5nf7HD65XIJli3Fb+82XyQfI4ktvVeS6yQdy3igOIKnhNzwOxl+d2SoViinkVI0pbT2o2zKQNe8vqxU+0QzTXcRcjVGmy1fnzO1zOn6ZJOKecpn34mbMh996LulewqkoaD1NIVM+mYpJCb6Kjl/NUAERpxOVv6yl+s+8hjU0S/vP7cGuMlZ2yrU6pyusY/X3HppKb//qrXuMBCW+wFBMA60J0nDjKkT6JeRu7ziMJKmn2VZOtkglZRx+9f4FMImadkk9kq8NYJ10ixB9J3udGRIrVt1Q7ZL5VBTRAPY40QKi7oy1wGp/riyzP9mqd9yJcrL3aj8IOlu8gDhYHhhhIGWLbNAZx82WKxuk39AAZ/QRpztV/t++tVyLzWZh7Tym4ryFFvqP+XwpWRZfvkUUpvS7a/7OMq6Fm9tq2bAewnq2pmc3A4smjbEB10jf34WGXP6daHou6TAzW59VqK3QxX1xmxD7kn8MjbCwV8DLef6LjFdqqMAG1T9I/H6W5htaUEb4mEHY+j7Mld60K+frdNm+w+S+i+9WnTVr50YfA3hnMoYibF0+rQW/nxfrxdyK2e/kb5LvKYDdg4/FJswsJ/cr7jQxuzdrpQipR/3zYjjysvlzc0OcYG6qWApZo19IUAz8BaaO5knWiokKfg18ALxXLBfZMjWtn3XFauxWrV0U/Zya9tNtnxJVi7FVwHHF1sadbIGt8nfLsECPeVjcVnxeKC1CZlzS/5gnmXyFOfl5qLOiTrHgCLJ5bqdb5YaLv46ovSzW6YQ8XPpwzRmG8TJBgwUbpc+/21/Fn32uJlTeZbKZB7gTM7i7xT0jZC7yMVC7kzly41hcNIvTuDCXKtXQu5cXSpw9aTJqS+Vyx3sYUA9/4P5cnqoHVR/7XJhTsGzm5MqTj/TvdlYN+N/pRk0Xxt63Z2MaEteq6fyli3s0io/2iV7wh2It6D+Gk5oowzNFyjniKJ6UXemxskh24EfdlJpLTo5oOEouhg9DBrzyauL40hPDyEX+ZPraVmyNms9BHcM2sN/hlkppCRlafdqYF/oUiTPcR5yNU4tCl1Puj9QNBB0D0rnRgVE5TOf8JEXtiQfaxlr/cAcElmzLDqfU5hGmM62VTXiJ/8JDvhayRWXPOW/vrUpYrtqkNOPm41QzEnexR9QFjMcbEG4HzgpLZYIdAK7Q7XRfXtsgjYdSJdHrHwXVpwg5S+cwaVU6QgHbE9/DHU0qbRw81ah08EJPLm18ANk8pq/C3oiRXfMVtuo0S2uNGT2olpUxh7pBMoeVBzPKJ2fuRCRBXFa02vohD3iOKBnIdjLk78bCYOGX6zwmka4QVfE0Snwu4hvU8k+74xOmPBLBoyyp21K1AnFI9whqxUnpOUKo5TudEBiAY7E7faz77/sRWgPynmcYco50mo4MCW+G6qOr43u+voj6MMdqJ+xtcLur2ZfOfnM7WxQ+MUBHlgS6Oh/4nYVwfrG2y/J+WXsl/+SuV/GH3mv//tmBSFmpfDrLF9Gjc7X5eyO672/frk5GnYxJXewim9j+WqqpgRMenBUzca16gjkeIkj/tXLPb45wEJAp+uz3/uu3jP0sxnlWXJXlxuwre7FGz0LLwcKH2yb7O7p8K9f1+NqX6KkRXU5hHyctpQcnueDj6TL5g1ICjbUoMZ5GVxeZruCIdVJbXZQ8h+vNQvFau7+2abFF/6+nnTyUB7Q51dIn+czbKskM05VZz/3F8aCixf0ZeJi1H1SFSYnhsvHxb4gmfcVscCryHSRzbNoK4ov8NmIZ5i45nDnmYJ6VUlq0Ar6CzbvF/794Sggrr7FYrPvtY9D9hDeBBkYmKYxCBbehRgNS3GBeKJOrg3wHUz+pX4oj63dYVgd1+wfW41amXKod5s8kjVMJsCcA+8R3nqHTh7pGIZPVzyDxbipKaGWF/18iezH4vcwPwTOo+zJcf22fkjerTbvCE6t5TEyrHUZvX83Xhf/vZSiAxNORw0pjwsmBlOSCQRTKqDlbJH61Qi7auwgizI2+s0SJ46l3W3o8UPJK+Z7S3H7tZMexeNq3Wsaskl0GZ8uENHDIDTfPIM+R8ecpdhkFCNQqhViuS6DZI1kOSvAJzufpKSu3XAzbjAkE9Zfar643B86xns8uRv+f/2FjUXBm6DVvvTEeh+1zk++Z0iUmeVvZtdfthlnFB7PcAx2i48LlcnzYWKC5eqo7gv4+XrF7GlXRWz28C/4mXqoWyzcoWBujrtZ3QhDwSWGC9rCsZ/6Pw7t7SWfLxLKUZn+DN1N4jytf2fJlF+K2OQggTL2607XqfaipUl602zgKvEBd2Ybe/SeJwwIo+gjy6DPMYVh0YeG4E00+MTQDv5+1ieb1eLa+iKxpe1cJyZzi1oQHIGd4Rwj6e/8sK9351J9n5zILqOniejsIi2bJpeH0Bu8YadbQ6pbDmKd1Vp1VDNj2h+/qKaFFcpJgax/f7l02tmu29OCiLvMBFSNR3y3zRX8TIapMJYKisUjdlYSmY4nzdAKcQfEliL5O/sDd7eg9+ivGRxOmjGNnRKSJyp+zXKpQ6fkPAV9iPLUk1RNIaDvtAByuvVcMFEEZlA7rlAmm8fOTMp+4dJItigYGRpxT2N10bA7+FZ4/6OZ7cjZpFNmaHg/rQC+POU7+ir4nLEDIGO9YYodSpiV8Hw20My5O2jp3WkLbf9WwfY5vKzx5oqjCrgauNo3aG4UVz892se7To/78h1+SLVrB178SJJokIIdHE42oit0Q/5FhJLL3mmpwhssmenTDjGvCkx2ipP07UoDCMVo12TxeVIbK4zI3l+un+PMvTCrUSA6e9EfjM7xMxrOo2dk86VeBO/OHs/7SiTXQ1aKhfBwKZeyqaC5qIldiF6c+MpnzkM5V4mVh+TyCNYvn/c0pyCufF37j1/zgWMhcCgA4yWP7cO1ErL1dIkeD2k9u/eyLv+TC/oy/odF+r/dvH5KN7wpu5CLdOnarLkpGtH3NF+ttVhASZH7wYsR3+vpYZtmyxyyootpLqozk8s5LS1Gn6azI0Owbs5vqQovy195ng0aMcGUZ/RuFyhBxweXS3eT7H3UX2U8dJkytT0n4J+eOiDgQbauIEaET8H2nCc7qN6RZ4/c12tyTb0O7CStpdGAjXRcPZVBjdmosihICdt6UWX9gjUwJAJz1tBU1ltORzfnrtvXJ3McNqvBFDKJtDvVH5ZfGf69wyldmE9fDcp9HthFkK0wtrwtpCf+UB59D9TG0Vsz53B4+nhbxcPsjFxLyy3jEUhZQ7Yt0bDecic3xHHKR8qmVYU9jjJ9EddguAtS/YW/SrJ6+eGswYSBsZ7pWcd0zIbI5rxf0oacLetsYwWHsBl8766PDJaaCpfonSH0F58AJrwFdXn7kbe870vPOfGlv8SXulQLKeHai8YVchPBD94+CAYdL78McCoa6/LiZEdRbXYNXcwObqD0hJlG37IE6thnyjpFviqRnlOgkAJuQ3QbDc/c2giDCiomrwrtEt+9pqplNkJEtYGdpr/bnWvPb19Lz7HU5Zr11izQjbzZeuEP524sOZ8r676e4nvfd84O7mtIwi/bh6bYLAByjZuMOagpX64c0UYZ3DN1Wmwp5MpUmBRhvjzUTqJ3Z6H/2s5E1r4uGmHbRX41VSEUWX9s4Esq7Xnx78lChUHgc1pmaBnLQ/ORlz3vJrKvxadM0M6HGmU/WysZLmf3o0RgfjbRpzwuCIMCnbKmC0RgoAqQE47K67f8ufWrHHj4n8XHp1iQ6j9m7yPsPJyt/y1b5Un/SLUecFX/iZriZCQP5tlE25HYu5KROTYTb2tUt+k4b1dgaV5YDDiSuCLdKbtyIfdon+LyH6anUVL6X4rl6b+/3T7emjhrD0vpmqu6igHUY8XHapahMFbnsuH0GF8EZnwu7Vlzx2kNBcYLQKRnzoz1Gz1HuWqYjWiA9E+YJcg5MItikEU0t3ew3RR/P/afXAfgDLM+miAo5jiBgzHWl30x8Gind/b3QZdgwH7IWdnc32qu28lpsQ6pjstxevXc3jvFqaSBA7QERMohUgjZNgprHy+1MoK/gxVbqg3zXAP65FSCpmTBFy6p/CpdRi8X5Iaq7/w8Z2+XcoxcH55tbUMgfA+FP80t4WY7/jxR4ZwNdsBiBplW+k88T5gO5QnlTDuTy5poUbqGwyWWpEJXjbSXdMRDXwfX7p2OKxiXIIj+lEqrd/TdkW93UVp8838gqv6/vin6xo+PcoR2+tmJb52SN4zuT68bBoqsP2u4x64JP4RvJgd1NPHeX996YUfoPuGuCQ4MHXkHk/Z6uvyB/LlCZvGeD5APwqG+W+blODASP2S0m6B/9fAzv9oO6Tr6DKQO6QV5oiHLC3uo1W/11i2v/Vi/HtfAyC2RmUTdvZSSe1CheebsmhkKoD/P2Nn1xFmjdNSz4UcTOyRnkEka2ocmCA367UCqYZD/Mkh/1DPasACku7uBv1qeGaCLEHowD/a15RzjoL7jyUkpYgulHMkjwJ7MAAdUQKpvyZ565S8MigHRoJ9SbSwXuHO154ueZu/rJTvSRTec5G1SwYxqMNK1ifeTibribtT/EnP7XwB/mBZdHDs5CdD1zEsr/48Nm7ROUY30RvE3QrHLo0eilOo2fQD/GXmlaNINs6JINfQ8M+XKOw9kZv2YYrKiiTqjdIVazhvfv3QGsstKH62/toI8e4neijHFZxiIXf+ZzzG+gdTCnJ3f534EmzrAB6rI/fu8kOPW+t+h/0WghEzsfCyw3LwxNB9SCkvblG/uhoWATJTSG+9t8ua3ZmE3XNCbw2njn0zS5EPrizd9iAIKpz4qL4CtXySddWL3ApweZxkljMU2ssLelR/YXciFv62jKERRocrvRFhgb9utEIPjuS+jMbSxyMsGhYMESQI6LGT8iFTSSDKp7SIEi3p/fpIa5ZVVN4goc+1IWUGHh2WnZAdrodyV1lQZjwckbIizkY6ReuVihJxQI93XczTBv++lPFrR0TRDR5TArsyJwLA7mz5kCwcmKQnSP/8FlgzVr6x950OfCOyZXN7AowLap4omBYzlsc+2Roa8w05JE7Sw0LH+/WROf8Ez2kWJ3tCxGKMMuTzL4gKVgfuzkvNGdtqI/DU6IF1IWo2wEEA2ke5Xr0ZeJscDYcRz+iPX9rAHLnnm7N3NUrO/B6JoMIsZOqCzMNiicSjPMm3MP6Bm0Nra6ZdHlmnpXdJT9WJLg/RuRPOO/46wuh+pUDavuYBenCDnjH/FkUw9iqH7Dogf9LwFb4dlv8rRdIquCRYGNeKx5jkrVGmVC54ruzn73d+zCp4zl1phoCB1Ki12xTo++MzhWuo3S/7wyI6DeT7uRkGDGmZOyBLqKlIYpPgqtVpqYucDEMOij4opNj0Pkhv+/JP28r3L1t3bv8ZTi6+6RyC3K3RQu9Yt/uRfONoCSvEipPqb7JROG+PFqqKZF8uVgCS8erJ7sXXBuacLrZWQU7GBEwPE6jFWppBS6uNSav08kd70LqLotAcW88zeW4qU7vEZADoKiR3/lJJhLX5vq1i/10kY1HBv+bdYinSS/u91ov+1tYejwxoF9vjk2OlacPDbjWDy9uAdTXiUpeUC/e4ArSAM6nE5ZeFzv0mL3Sxn0f4n64mK9Bz+y2nnuLSq64EsR5IXiVSYQ8aSx7ZzBflidNrq1+5pTK11/af+OvL7mIMwcsvvm3vTPSyifeaKf5d6Tg1ARteUO+16MLP/v1Jo1gAgsoLG+eihwB0jwB2fdI8FZFQoCSCKUJvanq64VoG2a7VRMjpq/ECluRtgzZYcr6PK6bnyvU5K1Neb9vXPQ8y2SmAhMcj+ibTcoPXCBbl94vaeLqy0n9fM7nLJLupwyGHBVJ8Xvh7NXte2PDY3mm8FTmeVx5JJXgqHEG205Z3MCnHOG4neWKJHCb2NRyM0MibqGUqoRLXC3zbM6umhtNHDpvDVx/WZ2X+ODZmGbr9swg0+T0uli8BqKZs+W+b7i9M8nIqElDwQ2GTOZgODtJKgK16mLrXL5ZF/ddtbgIaw0RMzlA1SeGgy3gWXhq9UahXssmDsoTyFx6e6JXpFT2qZkG4unYhRhK+dWfuFULkBEE9Mkb3SdGe/8A7Cg6UzJ6kz6sna+paN+SNrt7OeWTrx1wRAhstLu73rcQwqI7eLXo1PUQvuEltaj6ZTw8gEoD3rNBny325UXtZ6C4smiwKFaldp6GkcoxNLKfcIzk+O+m8i6SpxiadGlalkj1d4HaV+yvroZ+ORZo1YDk+iF/TPVnhm2YIagP4id/nSYulSlbZm1gNnJ8jxIdzAi5X+AgAbnj22J0Sa9jJmof/QwD5au39avctRqYjcjKwV2TzLo9kKB/OaD1nC551vairZaZihKwHOX+b1dxRNeH5Jx79iVuwan6K7UH9FsRhTtKXwzPoxusV3Tr2iEHB4bnqOkXQpGFjNjNA8G+52cgrqMZ+sMPN9srghaWuhX+KTzWmTtOURL+RkStci5/gcD0bsco3XtGoSnL8FFRMUiqXuaeJJUaXGDYzIhFhKz1q4RGfnLq6HH391IHqVybJ5z+uFiHbq4oTvQzy+1TwEtdQA1N5kjwhME2yibAeK/byvl6bLqCaOSGbUPxSBjWris/fI5A0kpDHsLUeBsPgZhxcRp67/GhGJL7i823mF/pJ3txyBvdcEeLxKjp3U4dei18jtcII0+pCgA/oKpvBos8p4mOBwSQvySgR2d2+v5L2RrIgMS4dFgAWlZrqdAA6z1kfVFCc4SPQWTBSzT75jNwfpOO9i+Pmm9b9RlM2zGzGUzfHpYLwcKCxcDCWKbF5UUxnRMIMsf7MU6dgjwR74ZVWToIu5IeB9MRqvCjW3j7y5PeU4XVZPc1OamawVymE+KyYxdE6bJWT0jhCuElWC86is3e1s/pWF4UCa+xs6XVJHHwU8QcjlrbH3LtUvs5Y7TBROthddBszt0EQHINTD457PnA2ev/8ZNhG79YDtH9ZYKwIjZtkUD1HECRMPAW3pTLwzViTkHnFP8O/sztom1b+ILXF8lnt4Ia+3rXe91K8FX62UYWt0sHqBbWCJEmExtOSPdGwTedtejlq8MUF3e1QTzK4bv9Mt12k0HMoF9KsGqR9e/Lw0fzDOGo2mjJ6nrhRxTOlMjdWenpN47B5gkuOW4vMrgFuH3+e8Kdg7FoU3amge+i2MbLVUNBKrhfeBq7mSoIW72fH7V/N+PcCe8nSkVGIXhPWw/C8L+8ORNFihfVkmE1Br9pnGX651PP8SeiHXHMDvXJ5DVaN2v+rh/7kf/n9v/j9+k49kUK9blM1PytRunYy7/5ME/o5+m9aZb6te3feS5wh9H3FWuZY6VOKvqnlXS7n+u/0ny6wgLoNn8OpRZV4/3pW8+PDiba9o/4GkSpSZCmv7YGh3Ucmfne86302nXrhh0fZIhnTjwi0t3o7uf2YN0fnm70vKV/17f1WUFP7b6fDn299+Kcsv45K50N9WbyAv8vc+3ffd30+ZUx4I6fz/cEpxygR9rZHFwl2y8TCN3K43GX/OIJHHcCqacYH83PpIRBI0ABoZvQEiycoEUFJR+I223fnfq/31BctaSD6hB7lldSPJxqM+CGmNOkdA+66dg8YkCS/poVC8WSaFRtlh9tmqLVJ2F3Td5usmpPqAmQQfkFY2hfAvbtaxZmYJ7RenvYVYtEqnIJGrG1HZLyN2TyjiTQ58QcXA4KpbFL6NzpaWK+0JEsub2O8T7S4EOn78a6Hzvu5aMftEmWIqsA23ZUbWNG+nRqSXBDFt24xjJU1jSMRiz1hujv6B//7q09fc6kyUwYjqfjqniyAfH4yM29qKuAbCmkDM4Uf5HKfpqgxlk6ixXLBJFPFmxsRtSsFDXQzp1NjKCXp2qp59wBFc9U/+mHDsFWtfy82SZMq7iaKJl4bPl+g4ME+jcAQ0aDmxOBoSzdA0J1F+D4/EM6gnXTowpGnCbf6WJw/f8OIQbuXmlOPPSrsBLPv+r3XpBuOiwhn6jVwoo+fbLRskjb2f3cAP6ePFbM4vSMuBb12o3ZOXfyxRn09NReJ04pR863X2xEYzypKMkAge93B8sF1iSHi2PoqQL9mfU+b+c653lk/Wkor2IwlI6rCzdi/8XrQFBUb5Y38OJjjq5xstARK7wTX6ml8hzh8O0haFl0oIHLpn7ICkreW/LjH0oXgARPfFVG240h3ysFpzg6VaUOyyPb3PIi5AY96AOHrOIzIrqPN98Z/ZwguM371WAlSy/BazGauT/idNEq9c+hHUnVY+fBtuZJFR9YW71f5KjA5dkV6wG+ewxcOJxv+LuzePh7L9/4ZPKm3SpS7JfkWohJDdMKUokiJkr2zZwxg709WislWyL6OEbCMGw4ylEmMdI8tgDFkHY0YMY+c+Xd/fN76/f577uZ/7eV7P8/zXi5nj+Byf5f15v8/PcYryl+rl5zBLJD/9iHmdiuVI+5kD1SN+YeuWwikxrfcNSYegTuNT/Oo2/O4tdmi5ooUfwALo0pil4Y7YBGv79akmWtyyyj/HIUn8Pg5s+zhTxtXDTGURci24VW90s4ZH9GuTD+ifXvF/b7YMbcmd8GbMf5caibTmVGsP+sk2WbHOcsK9gkd8QDEDgUCWhH14IlSg8AT5X7aH/7Z9dnMZIzUeY6yDrIVshRYAlNT06ny5ceTWdMq1SRnxJ2alHu7po334JJFQIHD1HVdY4DyW8jp5X60RoBbxCP+Ybro1gQkrT/xnOdalf9Xtz89dZ+hGA/CFhNotsTzN7bDeYf9qfWSqh06tXZXYDy4SuCrPFxzI8ojtLNN2rOujz+jyIqKt/IOqtjOlygbAslamabP9BtEd/3ijV/VfcIF4YjxaLvVyLHhqIzyi9YZuC2jGOmgAY+QbWjEn8xNzJlfshoaljBp7z3a86eZi9XxvNZ8CC4m9NXAAW32YJEX5V+3F/bv2PuRIFonprXXarm9uo0Pv8MIMZRsiNIrmBnoqJULCmGQtJ+TQxpxngP/p5wo5KTkRJdvx7hWmNxnxjarUq2DO26ZNDfMf3mStr7GcpC+F0NgmNX6BEeVeRqHb5pQPQknkivun3P85CerfPoI6TLJyapc3/gVgkSzP9tqw9RmTIPt/YhJJ1fl7Jb+oliZPlLNYU/7WFpNeVcA3ZKGtJqI/jsw5JuGhW58od23sJW7Z00ADf8qusSLqNUW+Ny0ujyx283a+LtW8XLV88NNDZJqNkPvZPzVDbgZhuAts/nHixr9BxGoWPAhYhkHgxtneIpCAlYUxX+lQjRA9QHe+opq/Y7B2fUOE2yvam9CZ80+qYswyN8AYZpuqRPuUEbw+CDpdT4HSwC/whIHw43VnDQOZnVCKuwejEaPzLo2dbxhwKLLcsoCpBhF0SjGqSp531M85HuObPADHr+M7TD8Mu6cWYP8VEc3/isgXgkbgvHfWlX+1EvLxf9mKoCyDeT633Ce19E+u3Sv6rxz+uVoD2dr8WkfV2upWpq94hq5RO9F+jIP/LGVz8L/WXAwBzduG7pglEZl3Yf8sWcH2X33hUUjYypoWiJYrP4eZ+HabMqrHvx4Q1hz8f2cn/P/+ljPnARDzGWDYVvzBvuBfAlYhLX/xddjm7Nbgprs0DvsZ/koN6Z9a5U+TpvaWOWig6NhvIlpB3em1W4+8NifsSjHxUvTkI356HsNYH58UambbaVt342aCF3YOLZoNWXMmcrRT6R8a7Eb78fp3XWY9nNPO7diaCD+OiH50//n5obCKk3ZvuOXcpDtU5aMNDW1018JWZbdcqWzj15wcP8htFrDpqdgU108Hhi6MOcxkHDiBkY5f86gDYMK4pptuAueYePp1D1agGznEWkdVMjW8yyv7LVJ4D9G99KSG1n3sV7LDxPLiufh+Wlrphx0H3J35C0h7XK/mEf+8bd1rLN1Vz3vIa0wGSDOu1nlDgr8Yu7jfgRPqpFnRbwtgn6crfBfMpWH3494/+GY9WcmlGEJQjgEZyx1MGu0vrzuYDbN+ppJHqM+O97U/uwNq+sXwlZ/FG3+wE71+uO7NcN1nrrLXNyytdkWl4RkteSgAUFPy98hitGO9XE5jDeQ33TpRAnlrPmcBCv2rDEART7F7XaGApo8e2EmA271KQAjo/b1y+O/2pbo1F4zi+hQidHQvKsgn+74WLBdQFcB9+4GeAo8i9BUvczB5Tw/3g9ZEJ+WVRoOeKYcbCvxk8w+198SDTEjulsWVXHaLExZCe4ijEs2LA1hftsmsjbK351BRFJlGL4sgCqmwmvBICYA8r3LaQ1QNlwEg5fjCxqNI2sZF9t82VQSQOTLErPydgUBsATvMMTqn3avV/yxHkib+hF1poyFpjxk7cbHDQN7ntZw/54/oVx70IbUVjas3itJFp/t7To4bHbTsjfNwJ9WX/4lIp1wxLwg5d30ybW+Gj5QD0p2dWGjIe0uYpkz65Gelz5GGZ/m/pbuf0bLYlemflw4Rk2QHNADKouAanqk/Wo/myUBnHTFSSOirVD+XY5bT76AsppzEk8Gc35fRh8w6ROz0BgLhx33Vi/OB6prK+fY+AKbu7P5y6OCYOYobwZi4wJHhE0O1y6rGPeVP3Ck5rr5ykAq0/OXY/P2+mR48FoBduYBfHg1UpXacdECVZeFaHaK0GvZim2R5iqIOJ+3NqDT3HSorw1zf3u3qqMkeYvFXnzK/CC012NTYKndHOkmLtpk8wU6k7Jv4S0oxBReiVu75dnjXhkQuduKbzwW3v/U15JsiGMe6FfGV7+UAIT48JzRm0daVqjYsA1jndEhks19U9mSF71/MAo9HkZjmV+aE6rZbDdOvK7u5Tsm3+bayXNpkMFTFAA2ODCdZH3EgDeedVa2v4ffGY6cu7tH/AiAhhENO7PIfvlirdsvc5VsZ1fgIBrgiNRyTDvYrmF25Jp+BzavH0WyTapfHhHzYzd+WC5kc1iKBLjxNsJQ9bZfBThz4CCa8k/JtpZstz8gJLLPnL/H9TfQv/T84ZkrqK7369a39A1sAWHCX2w8bJtH6tstuEyQASJybgwb2it2VowqWfFPUmaTxD7guRw35/eaGHXHRwrERi5GLcieeMjgim8us7Vol0W/5OghTvtKLD6Tl4fmMaC8TfHQjpUu6vs/gnVR54a8BleLjYBb6Slj31LblREgU7S3DpS9Oj9idNupH46O1nE8qU4yCbrqJ63HtQGZG2r5dgAqwDP73AfNACdgjQY2BPbqzhAQIiaGB86sgJi/ObdbVE6iry335jPNzKq8tk5Tft/lkWeIUVJmxvJ7ojYUZ63IMNV7CL0jsY+pWpqSsaxDjAHlnk09wcza1H69AOJ31xIL79Nyw3zSP/Y458wFp1hwCf+aprBEfxCC4PQWlXLmq7r5JViMnzLWJSn/JuWP462h1kI9W+aunnK7hMTsExXiAJGjm0NIhqE+Y0uU72p7HowGY4EnZbqLPEe2dDiYYAqjJv1vTnH2O4kdEN5E2wWzIjyJir/ZUTpSPWvTXosN2wGNpoIadaB5TvhEAKpCad31tYPsfZwZfeSjP/s6ujyS3lERtI/RJWj4oVTn3SkaXMg5HoR563FRc62pQuilsNJrYV9sSokPNgrrAIr6S6XlRaDFSA/yOzZ2E45BU+S8z7Wl9B9C8xySbtdC3SpeEfu+byLJgw2YLi/2RJAsm2uJLaoD/xFnlGH2ddwpG6dxpkXaW+joXFBh9DUVe7SpB8JYKJ+XhG9Hl2tiEB2PXnHo4l0rNAbX9MdwugJqAGMA/at9wkQFVDyrFaCb5RKVkPGAIwROULgunCO0KPYIHw4dgHNLQnZa7HAsGhTAhJNsW0nB9tNtfWPXnpDHZNWsaxZgvfb0mWCQ+0WnSK6SbYoKrX3CxS7lLv6XQtjhviUSNwRNeT9zE6gucivdLQ+xKs88PyACs0EbwZSuYIXaT+nuIdpryEY0Tf6XJLfENN1rMlLew4QdQ79ZaL2FF20bLrhj5rAEwq6uuuU4FQiPfmJpgQ2PN/jAYZVSCi3PFDGl81xi1KHkaUJr/cKconrrvIZYR3XgRNs16N1vYJiNvy5jICvsgva5NqNtp2v3pXzfgNFGJ20sNHCYXmAbRgYXSP07RZYKr2RcmAoyjKZTeA+4QPKcYYC0FIR19zPrev1M2P0BsbTS4mQW4j/HmyDLfcOOqLgJpkIRs8rgm8yPfQuQb1z8ULteljGm6vlBYtUpeS9XE17gGUDTy0h9etAmlJYGi82CabLcCiEyTyKX3bU5nrxCEHikrXTYNBDPVeqtQHEky5NmpRPAsnVRB+4TQdL0zCh9eJ5Fa/cfdnvX3yCs9F/yoKS9urttoJjZp7nQXSWIb/WiH6Ukv88VpY2ecQxR1LJtDevjgTYTkVygx0jufdNEH2XYevsxzXYKZ6mhubCZWv3ElYn6nKrpBHMf5gnJer5t96cq6zLeQHYBQ8jrDNnnm4hpY9G5Jd3d+jph6xE6UlB3852FLlfjOL7681f4PZmyl9z8PTQ2gl8Eig/gvawjnOM0+ILJOC7QPBWu0ShXFBm8Nf6h5x9udXqqFTK+qgZWqfBSg5jEDQIYoQVdlVg0PWFY+94G4lVgtFbqHe8n5kV16miIwHU5w2YuF1ZYs+nHH2GoiV8FaNSXLHU6bWLo//mDpPeVLlqVft2/38376QP+RdsxfEknKkoPf+2Qj4hLgiyvImLm2/jHN5TO/rawIUP8ECLGVyV2vuj/vSZXDGXxPBe2J/uJgQOqecYSRxy6L2pjjK6d9pZ9p4ljJ4cJ1GQMiSTwEA1IP83mLb5j8WL/0hBLGzbndybjfXY6KSqJweTX5tuHFiyRv+aD9cIsc7ERlz/W/1D6NJ3saF8Sm2ZdhqqwrL4geC+mmj2LO/HYX5oEymOSneqBkibiHYhx+zAQh5yqv53LIZGtNSJBf1JUpk5hXZ1gn9wuSXScDch9e9LPpKaIbVZEsUepmo4RKDx9LaYOS7Guj7LTuMqodoLY0o8fuC8/BrAi6ea26m14N/nPIlOfXmUJIebvplM3Kr9qk1YHOBJBk+LyZz+cqKV23yLz3u8i/pM9IAEJZlmJvkjoaDC77ezW22bICgcAC+aCsr8pFAmkboxzwpI5iSHZCxxeGISPmzII6rsFDar2/7b1lq3ueKrlxyqPk5XR/tDaIzcL6VVRBBqj1KcPrqs3uBvdYadaHThR9zJqFAhYOv+UCYqPPfPvZg2PEwqN3gYVfSxpde8xy2qeo/ldyR4PT93nYvQ7OhbykcmdHfrIyC8A2Q32i1KkaTmIf3zyO0I26hrohe9R5w0dP8RrkeR5OoWHZzrHUNYYJN/Nb8k4taFE01Y+L6VG2ttToO/Ut23eqp83yaG6Qvfh3kKbY/fo0Y6ls7dbgdQQTr3Y5JWyh0gUIjL3m6kEPjCqend9zWlZp1iiU4XDPb/183kr/gf14SMzy4kzOLTMDLWp8XbSIQYDIdM6Iv/Y09cdyhwXvdT/90YCbBZYc9E8n81AYj8CEzb9OHw6l6roKG7k+Jhl3NXVlTpPfRQRPHf5Qc8nr8WKN79L7NbcikVnKRu6QulzWer+L4br9vn/75l4QjhNqKJ5x4tm1TLkSW+71PO7i1thxN5fP8vP2ipqJZ6s/SQi8x7QORrHhVKyvDMmHmeeUvvtZwDeZnGqZZGPjq+4c9ZBk5qSQ7Ku3aIWmsxNviDMqj4E0GGZ80Ksn0TFb3657fKJQ/VMPT40OoJZT/edVId3GZ0JB5zA/4tiJcy9LvT8sazTFNlAmH+CtOTCEj88f+Mgr/jGwoSNaV0Tvrvh08pRMuS+haWyNbHKFcH7ZHz9NfbQUkOjp0XpBByXyl1dT5619tYfXJlRup9asIZILAaE9KJB7Q0ji/eIpo+2CGv12E2UZ/uerVrPH1JDWpxRvU9o+4476vgbl4yhkqAdrinPD7vShLyy4ICK9sCI1viSxb/gHABNSsBjpmqs6HN/9zsdvehGA+Z1SHPQDxcK5ek3Z6rXFnm7BYSMccLHTkW1SX5lyEiGMuUuRmAs+6zSQdASKmWNGJjAi1KJQgosee4gUrmaEJ0YEn+if5s57i6AQzZORMNi8TP9upFYujFvINZFVmLgVnod5mHrdVDa9OguN77m1PKOBU35Yd4g4uiFo+KeQ9xxpKH8skMFhfhDqdDnEqnhRs4CzAubpVNf5u+pnvkfvIRpfvwt/iYlcdRj5xc82mbxcUK9O+5wb/bqpJfm2MDqQUtblP1IaDsAmuGhih5IJ5X7c1xevzOZYtSagiuMMlDkyct6Kt/39nSI6cNob0rYvw1LfoABFeowimYS9umCZEAKxTr6aZsaw3xh4MT0P6hHs4I8+97thWZ+PIQjsLNXwOHqqrK/ILbTnwkxKd3c84dLIZqkWrXT7cZbhz1UCYQJt2b7ot67HNsnIVNfTlKUUzx3Dvuxu/+UxTwmZfAVv59IUQKAsnWNnf6crIFO2BixcPI1Asz9MuAyKZEWTYDASblOtHBkkKSjmrO+l6klzZoY6J9RPMrntAJxODxiks66kMkKbNcYTEwqvOuENzJS/nUSgIioVbTzFDX3YJvk5rM/6CkoFO4yBAiXazMkvEIf1L1u7Y14EWFt+qLvLpnbU6hCU9NNX01Z2UjhcNi7MQ5I/Qi7G85JZSu3z9CJuBApZZ/4yDP5cbnlZuCyIh4QLAAJbjTCx0UPspANQ/KkySz+R+cP5tPLrADY0pWAduf/3gXqJHuxEu83zh3NviuemspUUn3SPvGVcf9sGJg4I3S/hpF+V7lYLb0VMVHqXqnQkzhRUNtxiwqU6U45AkenVEfFyCsr9FwAKR5OW2cjbgQDzwkrLX8WH45Wsj0Cc+n5qfNTPhON10n5OtRhNohsAWNtoj+LA1N9Vo1zVIPOTzeEyCVP9IwU7mLoe9d0NwCr1ALDQi76KT0Ct0SGdbebaSiL3hlxsG2TCp/ue+pmlBChJIUk8S/dZ8QSOYEt9oSoQ45yj9B+c10sLI3BkjHZnXZ/YyFW+wNCRoUjty2BmqjspmiLSre/RQHK23JkSUznoOHT+9+lRLiDny76Af3S3oUo+V/BUY3J/ZB2z94aTDrX1CPWA9RimvH2CPI2wXlVtN1ojYT/bhWdNjTOrUIxIMMSkfBuR1+pF8R/prJ/N2S2LQ+6DPTZmi/6vGKQD+qoEtSyspQ+/b7pimNVRwaPtX2klRUhAKi6PRhBystH6w4Wo5Hk1zRBid2Rm4hQfso0WpeKv3DSDNHSpCC6XX3J7oXq0yK+sxrUj/fgkwz3NXmPFWJWFyQlro85demfW4Wgp+75GSP/ScKAkbe0ueZQdrR0yhdxaq42RsrfioAdA8jSL5mge8mXfFvzphT6Yp/OfstaMMddpSmtKvxn1I3eQKBx55Olb/3zJKaX5q92bzeJnUpS6vsuk3z4a4GR7iKDhkgDYO+2awWKQTsHHiy1b7lqn8NA54GyTca9Gd+o+Bbj4RTEtvTro168ADRb32dCtYVGOoex15sLZwhSm29FxZNH7wS+Qasrvr7hd+19Whf9N75nkeM+PuKv/WpihZEFEIAF8Ts7hV/SDBvmLYFhXwZKXgVLCWkE8UXQPezvaBfUk/9TalV4ZlzpcwtIpLjcMaiMonNcV98UjybflHpN7vrDyOZzsNPRdoFNCK0jEw/GZmXu1tPSUvm11OTZl2i7YsKhUyZTBUsp3cN5MCSa6L8+VLKzAq413jB8mO+ybjEPMSoiSMffvyZXUdqjueZMgHPfEM7RR8QrDp1UUczjVQIkEdbe3lD0Cxa+7sstzVR19g5cJS31DNBhMOLBXtvpSimwV+QiUKj6mnh422HrIkPtMEe1z22nPmeVprjJMRgNOoT/0Zy1b49I4v6UvvKU91NRq7c8dJ/3JdQYIEVcEqt8rFdNbvnqIykcLcGSIYS3ICd4/KIXCPlkgh2XcGCumPM56dvHEvcELD8nR/U0jVfB9k0I1l6xB4mIF3eg5/oU+MdC6FwsswIyTZq1DNK18xUsjhGgBGEVbAdqJXWH6yYWTZZt8ES58D1BTs53Kri8T9M8iS0NCWS5MUMyYj8/EyRVhWShlApdCLsjnRmsxd9PUBp+RD0GpPSq/fs4qshO550SO5tLp/bQj3LsXJpsBarSOci2xrARZBzhzDm22orGmq6NKds1AC9/dQ+xTcDp2qdWt9evom9sdgdc4e4X5RAs6CWwKDwSk0fc7QTzI3NArCxrtSoDnmwlR245fzeqtQqKLbiLF4joGN9sedHsVzev40r22m7wB4XTg07dMU117BVzbYGzfuldCMP3mnaE5t9bYnhS+J2OFn2Lb629J3jKzuOkr+DHlC2sNzgmlco6GTBFMqH0SxhgnzDWsojmZ9sqFWrhWrH616zEj3rh6eFS9O0SvSyr5yPw2YH2Uu5ygED1Vpv9p1to6iN6b6pOmHYIb5SrdQ46tkA64FvSWyo8xogdEvWP98BSepx5f3Gg2rO+Ls0p4wHUSIzp4uNj5d7C5hoSloKQXj54/HM26YaTz7sKD5KRbqXqTv7YHrE6R6Yp6d7cKqG3vnK7w0H6OnnqzHhF5L4rV89Db7yCIZoa2jtqklpNUtwSumFYH3A9O24ZWu95ES+HE2MjTD6OHNluXzvS7noYcr1bcJ0BXPKoWwifs3k4T7C/mS2q7+tZvM48nw/XswNyV0cQ3R9pcZy/Xqd5kNTWo3C7FMwU1PJYlnrh5KgHWT6Z8n+E1RtNLr0/Ezlgpm8kknlT1M65Ocncfi7XyVr0mk7fqUu2pyJaqW/8dK/2oG4Bx/O3zKZj0YNYpacyDXo/0zZMLr8ha4b4TpvpaCKvsN6BHObXI8jjDBfIRQx+eDJpoqy07TOtXY3uDgWbAb+f8hA44AtgW2Z7I+ZOy0douyXAlQKgdbz+mB2DVP8ZfKuxkyNyvB5Ov736sERFMTLJrTznXDx5pQoL8M3PacSplUjRO8btq3Heq0dodebyiJGWfIS2vAg6oKZTpS043FIy/cl31gc8rGmiqP7ZYDXR+PcViJ1rnzvYJ3U7YuMurIXNfwy5KxSm8D4Clop434mZ8C2Orrx9b0gP9ll05+LivjFRIDcbhNDZ+PEik6M3px6yufCYfInZaAYFwcb/OlsQ1CaTbTmn/VX4ESvrxsewcs/QSgH2ul3PqTRJ398kqgftnAWt0nNSTIkEj3UEJAMIh6LSHeDsXqw7fOK/PY4/76Bil7xgyUjF43l4gBFtCdA5nm9SYWq6ZOQ2kPXuVcLMrqo8jySCp/WbNBu5PBKF/uKy9cG+GAmRAnIDbVG3qo58Y/4EHYLxehPvKR6EkhO+J80i4EELYVZ/0oHV0fxfIq41XXl6mGCymn3fPKvhaNb/yWkEQTfCKX710m4zmX8pim/w0U1Ozc73j5y93kGo9s8YFD+sF+scCsEaovV9j4L7JPpcis0NQT2M2tWwIxxGnJ5Xu6dZBvJg0yMfnt4x5Eajjk+zRbz4XCDnSWhhV7Av+0uoHoXj1itAPzp8ASMpe61dRPWuvj3+a7Srcn6HwUmDWDvzOmoyr5/bwoREkHIO/LORCUoAFghQUP9ynkqKAQpqBlCkG41UlibbM5fKOOkSU+zYzq1biBRLghE0utl3Vtv24hf2meGPicC1/WuTy6ATIMTQaXhbYC1RxqDGtwBxq53mi6zyotuwWMqByOp3EOQ4mWw9GuH5fj6C9NJulrzhSmVOXMFGFNyor++JD53OmqCEnbbdS4fyI6KluP42hhDgAdgfGQFUf/tjQikPM+39gWBWjXO4oT9S+HWScsAzKdXxEu07aQ+SWH/QeAruxh+6NuiL2adn909GN7kYYbWsNcwv1CaRQzx5iZeh8t0Wdf0Fn1Z8IxuVBE14EYd1P2BJjtIbRqS4CHVNr0mj4NvCOhm2/XoD+6IqJAtFL1fc+CZNtc9lqakZ0JpS/Y0Jh8NBOsw4mgyS9/XGtzIZG3EO7MZY8M6Gjlb++5dY9jjO0Ux2SCtG3ORXVSegr7W5Tl6Osi6eLP8Igpw3NqLYteBTvU1S43308f2B0pCd9wHpWT6+E4ML5jrSUpT8A5273KvU/PN/O8J5mbq23bwWVQ0YS9Wf1I83VYTkRi8S4KrrH1Ex1GuS29Ss7LkVHy7XI2HZj3TYKv2SbBmxtSWsdv1Up35jl6qhNWRssJDO4vnsenGf1vAjAfMa9WO8dVIwWUPWcmslHR1QxcF5HCTW1FJz50N99msW13vOLknyj/fmxkTd8hHlqsycd75rdHvzkIeXrJ5tuVXTCX6iSPBtQt7UwnjZ7Ynj5sSpjp+mrPFI/AN2jm3PCaodiq4iyEx+J7H7epKsH8DPSYnk9RTSChWNyJIsof+yUwov/5Wlmg8we4lFhzXb8VB+uZ35hbJHNhpkpKUs7rU711Jwwqdp6xE3ynR+hz6igee+SybGsHN8GrrLuu0sWSy+u4ixjkNX9nY2Z8Piq+HI+ZdWP9JIsV88odEoppW4yNYeGHc/5PjNYlOZkWAw7iKYHoPyXv//eG+GLA9WgqMKeF9zXg9dnutMnICl6AwOgIVkZ91vXf0zC7U/gPcogz4852VMjtPxMj8zqxPuJyI3f7RZoeIMZQvPpDY5F0vudZLVYyz9shI82eWUbPp59GInUhnU+FNNt+XF2Hs9DGUbT6UNqobRHibUCO4+F64qfgCwewI05uA4ZA4Frb8QcVE489kj4NdnUkvWDIMSTUcljXu2/Kg9QqmG3+jmXuMH8b1f8XlVynfzZ/IOmbaF2d1CvzqSmeI9hR4haWcJIexaLwW+5Fn9pZyJZwYT/gYie/ox+ORbyTj5qJJe8P0MspjcrdvsiFp2dKBgRJ4oPFzv3fVYMEML5TrVnGSRLW1cEtKrp2iljGJexxvYlqjldMvZZIcHahTvjmrsYd0BtpDEhWwCtB5PGpkrf9quMf0PQYn55cXJiamRuaBO/1UaVe6xyQU0L5FBnBUAtfbLq+XmxkLvHo97UFxQ3phryBqe6z7ITb8OxHBXMVyXn3P1w00j3T63Pm00UpPdmiD2yItO8mxfjced5759v6Vddug3Lb5Ftl8d5MH/NmCr7pxfLjKrRZQBK2iePT4t35vQANVSWx1bFJ8YvRm9xAwuUqz6f2Cb7WAyfqS/omZ0WdABsQU5jXqBUDBHt5eXDH5B3PDC/ER7BaapTcWELTASTkLPNRdFsIzL2goYyR6CGyG8Rqneyjyp0JOag3tP9bWRdsqo5MshMQUnDN0U93A11dhIdmil7x0P5QUgrdZc63XPDrXW15bH/YFZSjqxPe7GftzFJxZsyP1eFGuZntRl0RZkuXfP48jCSmvR0UBdQW9oMBLA4uz6nAshQmihXq9eIhWk/rqWydHKn2zw6DhJUrZ7gR6cllA9CY2R9t58W9stLfLZ5oeZwoOTE4+jV5k7vfZNK/hBPuKULsgaUemoVAccbEI4nBqzPJUuJXgfN821rZZTN9NEL+OVrLgJCddvgqw/XutrYMb3/skb7a1iUhGdJF6jOGeUssJPxt0RrNxgm9kX6UmoXJU+g6YvV6I+/c/inEQilrrkTWT4agfMlh6Gkt5/A/ELXwRaBhYWzsF4d19gmuQSQTvTL46TLDLUPUvuSuppxXstGDLRO9X0QFip5pzMZZYEz6ezE4iGaBF2nhavsu/fGu14NgLJKQmOMI2PND0Hx+WV5C25vplaZz1lVEo0JNzsow3PnHMmuU36/3XOvfntG63MOIyUjIGqgAtol4b8GwAin9FVs80C9/YVf3eYglOTvcATaXm6ovW8yC8wB40wnXGnfC58xsUzqyc6xUIs8gFJYmgJ2YyU3ykiTEYBd83Eb0ACEID4kDBNeB58aUxpWcwzKJU/pr8msxQiZshPpHxxtk909pVk7oXJ7sH/bFv/ihv2uF+SM3nLfiCz1MqOWQZouN6bsz3CNl1uF5U4mdrsBxWArMlwhZO31OQLVfXVR5vTxLD49YXKO7B7im0Nt6CvhwYqvfk7Qm/UjPqC5z7U1tUBj9TGWY8Uzrsv+2DcADFKvEn5SeoLPUkWyk5+8d/qowHznX36X0iwltVvlHjO6ZdIGQvi7YnKzRITtw5U2Z/Y67iGikdek6F6iNL7f9ioVg2TizkjM3KeAkdzT/Lg/7UxjCAd8BU9ezRxtX9WI5tdGduasPzCThZ8FIFz+oF6VvpUWoxUXMa1W+tX1l1c5pEjG8F1C0jCB80nP5fKyYkh7kEB4V0LBz6B8mbceG10OpnVt1gvlHk8Dr2H0cB2OuPq/i8J6xJMPV0jhwKaG5Eg6uB0cWuG+nzjDj1PGy/4D8hTZE9lvD8+Kjo5KNvm/cpaprh5ML5KJe7PTO9TUD0OH1Jzv7TSTCma0JiAk/qF9KNgqj+vwzi8G+HRFEKEgxD8JbyfXDur/t6/sujIzIPJ/RsufQGhCgpZ+DjODt29PxXZ6/mCO1ZN7CqNqx7N6+MrlqpcEc/HtNt3V8TE9ocuxnmsU4b2/v18Ouh12Wl4hbGWz7qq9IMm4pc895J/p7WmZvoa5UB9lUOyfDMpx//BQFctZumvrRxCwYetCK1vknCrHOR8OopSQTGWR6qGBIyB9O5QlQoi23H0PyM2ODMBMvRjTUrJlQ/GNVjYW7vzR3/SA1V+Ssv/9YxxyeBW7Ui2wniHbF+PW+1bxzFZXR3uF8GZdWhLlwXqrnNOzKc67MW+I5/gz75aNieM9rOiVsg2axft9xMY2m6uNLRuGpCNH7TEDzxf/RFPbGspzccCCyq5rMjwgbCiwVQoj0vUa5T+8LgxzFM15G+PWbtcK+qr+MV9iul4wWnGC2YhA7c8w5qwZ3M81sOz6WAYqSNPwbnU/2uDxSvq4pbzOCy5VC06jMMkL6oQFh+uL/sJ4VCqGPLUrgF8WZ6rZYRISZue6biJ9YhWTk+Leg7KCfp0XMWglcKv/babp6GbSVZTAKbhBAdN/0CYqcPrNTRQ5h+zlq0CIVgjhC0S1y0I8WWYvdqbIFen/jBDtfbIFtBukcGpFIFFxRLqfg3oeR3hoH4T6dLkA2Pir7VxJr1BxpMxSH16EB90awG6qqhNKBRE1C1Wxuye4aUJ7MzKrXLMl63ortl0iio7wZmSyL5gcffzEaHujIc6uO14URWclAGKKiNZy3TcpV1Blw4aliSA5KnN33VZAuM9s3+O4CXH8Isd8p8gIdgawQja2BgIcGbhrk2+Vov8VLG4PgnTPBvv76mRLCZZz5B/3Jz3qGm4VGzjik+JBeNig3bTNO1J0Rn3HxPeUvRk5b98L6qsYIrVb0YrvM338/J+rKxjyTbW+sNAJ6F8NtgB7aoiVr1PlnmmP5j+YC6ovUnFFjLRIXpIaLeAeI01Q1TZZSLKuZ/H1QCCYFJC7fh5jhbttl9qeNwVZF/jcuL1njdj9YBcVtQ8/tl1nvM9SOztjSWWc0r/vlv8TY27VjEPE7Zua48gs5LBjV8jSZt0zgZ3bBoIlew7tZqcFx//nb20UuwOrYEXvP4ok4deO8qon9YHc1O4L/FWWJhh1eI5HTNzmo5n+Q+37bBNWQeLo5tlO2Zkj/kT1G+ybfGGtCQmoJjdd5Qg8S1xf7stnudDQ98Mq9B90ptWu9Lof8tsxp4IcrQhQCN1ZSLQ1kLz2cw5tVnwJq/Ofn5AHNkDESPViibM9ZDzZrhmdT++ddl31+0nAvQdgsIfb1y4/iOup4DOzlUBMbG3IAmCuLzULmT/4FE5TFlvtyKMLM9Z+PyyMsLQ9+8XhBpZI35hWjyyvXAyFOyVfZvnkOWEP2R3nfGYJI6L/8h47L7agEXLzvs5dhb8TuYmtXfN3RlJA5KnrlAIVqj/sxV2nG381xPiU3R+9DnvRhPHgO8WDmHg9fjmK/kfQKQG7te/Mu8P0If6XHkHvPcJZnowh1keOzF0itXkQlP5eqjavqNYfK8BWTg2eCmSbvAMWg1WB6ocfHcfa0TcUBQssZlTheu5uhtMNTTd8TBEE+i2z0JDenbnHl/v9QaBVzSuNVo49QYSGSbAg1OTb0LKFqRABXLyKfojb2/zn5O37WXEW+krlJtZ+uuul9yy4oJjNeMjOsf8EueT23Hdzwu60rOtdBfu2/mRvhprsvgxmVgEtdTCs4oWg09OP5OKkeBRFlIM/XJdO1kd3PbqFhXSbqHkauoSXV8kWAu67GpLufVu2yVbzhtjz+cGBLBTEhVjZ400gGOcerX7XEmnm2oyOSmUjajinSu0hrnxsU1LzE7II+q6dKTfy/tHDBhGesbfpzUeBkfYeYamAs4DQBvoATP3C2s76gu9AjEoSTg/5rirfk3pqCpWlfw2PBIskUr5dMaFvimBzvPc2qTJa5HHHOroBSlNJ8j+BmLjQPd7vHsVYAih5DIv5gMLams38ncJBWGJSdr8vCihD/2+5tBoFmg7KusBfv1aWH9JpkoQ9YO4OdNeDUvDN8bt8LLAeZ1igSurxDmR5hHciNnIjqgrH3DxdVchkH+VD0ZcplStxpWNTTTQIfW7PikVVvXPBFl57nVd/iTFG5p69ptGgP6mGkaQUzz1E0kfDgzcMc/sMl9VuqlP87whJ36xeMWtdDevyHbpkZuJkQ2ae649lTH/QDnoyzWM9Nf27DvXht9jU6s7wDfVd2FMdAAQyXxs4+sU/p/8tn8AKr7uI85ClwL4Mv7jr7kFe15yeb1sUuDDyHncEOjRGGmnGrEiHqlOlo7bSc50i4/uWZxM9UU8iAwZ63ibYzmrjfnh88nred4q9pxKwoHp4FH/Crg1gx8Peu39YLDJuTtwkDEVUpDKOierZJFzyMxzhIkm5iO0o8AHlIFDX7vu++KXteUByMh+2K9D+3Ac7O73sssNQH6vtgQKt0hXm9POM/Vx/f+L1TpTwoyXp8jpgwSBUutxZNkSHMoLxUc7nPxu9VcW3dfi0ZqjZpmXW4T+oYfzjnyl757NY8Jgc1w1amMFV5zGvclXMXYvF85YcGbQwK/dNEbuU02/J9Q1uuK33l6yH52S64pUwDO+diDPeb3BkkNqrrwNqz/uvA4FZT+8HXQeSR+dBaLxLV9yQAI7onqrNw3ZN9A6GJDGUgJBY2wj9rHeeG+TKlj/w9vMeMcX9WXdgbTIxcR9zxqdJ9Jk+Bbs5KTPruho026SV5CI/hhNqqD03pV/7XokTipGiHyNbA2qe+sLyAmDn/3daVniyjoH9FM8eStmSr8kOlt+6U2fD9xE12s4VBzH7pj239cw2xqH9ZqawegqT0NvmL3XPUHT8hJRS5z3Fgwn5xR4ND91oCiNevse762dZ32zGWYKZqYuHUaEi9bwGHBmZxYdr4UPGK+I8SR3FWxK2EcbXxwmh3E4P1SdSZa+ilGvf0Mpgcz3kDThquD93b4bC5MCGpG6pFX8L41une2/f1oUXhqOrToT7U/ulCyGeP7fVSMANXgTjRPeMuiZHxujz76fkQm+KDT47Q03Nh9WJVF4NT+4V3kP0wp4MhqftSgdtHCdU1iFFtDm2OPHGWNejGzrJoq/eHUy50V3AaZJ5OcmEX0E5qdG8Ugjd+WJOTONPB9S4iCZYl8D1K5fu+KG1ryR7P2cnDiQmu7XsQ0YV/0lDvbycp3j27nE3+pCFESyyhk39nddgHAAjv690cqptHAmY2eglFPu4flBmfqVfoQfwxlPGXOVqZ7xLk1HRCg3jMO7hZZto6m2hgLNdQbghgvVVaiJ1YXwL8YHjEc67Xn/+G1NJpvBpXzPR+ltFOSmo4k9Ees16wI0jUD9XR/gD9BB7n5bY7Moit5Pz1sRtszyQ9CRtn9y3ui0+48ROgMPhVmxqdjcU7f58kyunqZhyB9WXnfuOx4ovT8lRhgq2lD7nVo4cF32z67we0CPVDvRWt8iB+9btZSquBt+6KRdPWO1nDf84RCxOAFVssTuN+SK8wc9Uo8gy6KwANmC+wjGCZg5KQAppJJ5tsjpU3W88y+6tdbnKkw6Qco3O8NWmR9EbBEov3jlxh7FKirAGNU6uI6Dm/YvyrN20frCKfWHmL7MjUEPxYojA9gn3Ufwtd9VJitD+DIUwjWwFWqZpCKoDOWPuk6ooqqR+58jjwr0ZYgdLh7cqa1J0bOw2kC1+RyNeptzB3O0htDaUP3f9LJ8ZpM822RMWqyHyWWquviNLidmSlW85EAKJYptc/7tFN5IYEm6z6CpHNd5DXNzCfD6GYJTkgf27bgUeXWfHD54C5XVOcVFWSFrfi8TeSpkyne/jtmIwhpdTisFQDxanQklajMGZMNmo4/lfV1FQ3xrZRarLP8ehhHbLt+90gyXi9sWK3I+9ce42eT5J1zMLjCuOIdKF8pRQe8EWKiceezsly/mpxQOfutITM9cxKjjggdlZtDRFXwoqe/X045AXsu9k0smKNmXsCydlbY5CbVfLVAQQ0YRFBacWYGE4WJ0k6C6RzmxfZVMXsGI48njaqj/K9fAKchYvFyh77UqdC6m6CEDWuOAKAx/ZYZGxUSAblylfv1mpA2Atu6VmCROy/3b6IzO6JgA50i2Iu2JmKtqqqTjKw5YsBwh1xPe9dyk4N0pCD+do3DbgLrv04FeWcynL4q6yWgwztZrns6TdB5ROzwOxrh9TbyQtD0F1twYU6VDXkx73eNtPKBDS7tYaP1AHOQPOztJu4pYZOzEhVPqmeEBqZreIer3TzYW+CwCFS7A2A4Q5Vdqkn+etwfD1P9P08irUgwXh4gSBUdl9ZbQsA+07aj51CRwZzLRXh2dl0DUd+kMSi7UF84xuAAZS+LUUDMrXUjYOwpHhlNk9Si5e+S12B0y2r+w7v4vh58nbMlvllCFNIxbDDG11P539xCntwO8o6HLuDc2j15yS6kpwhPObe5dwVGG9RHlOA21HPllmRET7Pq70eOMnvaLBshAyVXxYwbdSeLtWDi9bkKwgXDuDlc1Yl7FZKehddy1W99yA59suBAyqRTFi7XNbmfRQ9aItj3NFXpFjE/qUPvxXJ1sXhaTCEg3U01VNeFEPsNCc1i6S7uvUtCTKn2nph5qzzg8RdUHOXoZHqJLYh0ePWFmw+IZs+yVGU878pguPjtIztl/RVnYrAEK0Du6CvO3sw+sCagf++8+oIC8A6Tx+NHTwcVXwb9KMWNP5XyYz5UegWqGs6a911FG7uk5kenWLNsgJKwYVNSABQmKlTTOLjt2H3RRijIe+pMDoh1v9JLmqkvp2BMqXzZkM9oWVlBjF46lh6VX+uFDG5PY7YbS+9FKtohA+bu5BeYAi8flieOJ9A2fPgIY4H/o0uyVV19Cmx5IiFDolAMvy2GXQHrgIqCOt/CGjAhS4Uby/JNsk+FHCTZWWO36KeZZrZe0VMJS19b0Ul4RLs44ClUx9fN8E/w4hu0fdbowL9KzhiSeHoBi7hGNkkDla8a8HxtqqklAyF4b+DjaedhsleN79YLnLa4i64gQAdlx6m2ZqoQ3Lr3xQFuYrjrJ/xBWXlWBJDc6Nv0/gxgY/Ej4Zg/ISlN4qUJhxrDnGi+ok0F7pN9YpTEOCUI13Y5yQ1V8YNfX6lMeUly69ajQfqlBjKYxu5SScYHy06SD+iKCsguTnWMSOQAWehuzLEPtLIHegkaDzR3mZ/Y3KfEAofHt2sCH2PCVghOWkMbuqi5G5llZJZbzO6pBn0zB1IPycDaweC9z/4MGKxk1up1SImY1/ZGfWBzOZC+if+qdG+z77qp/rZ74qEfW1cltwo4wcaY6dELBW6JQLn5OX3P1mFeunBDuR+2mU2WjAR0dXQI3j5eacRr/rjUrNog1mVuR0dh+woNK/oGpUxQQW3A74ny8deJZOLqbxnkS/0rJs9+rPNfUjdGABmF9xnzsTKC1Q2Flb2U6WbfIG3rGb2vqzZ8YTlNkEFZE3OOtX5/1uU/oAWLoyuYgbQXDl6+zuNgICzzkk+vxadfI75eWGU0iwudcTnm7gqKtKXVfw9EyFKQFp48WZ/ixYHLAw47ArAwl0caD6+gA8OR9I6yCX2rCprfmt/FxGLya5126v2vSTcy27aow/kMFO9F0/uX3FzxRhg/0SeM/vA5GrXY5GSQ/RffDphjUIcK6TAZzQmISDO2dQx6wBMB07BVsB1f7k8SiEG+90oW4Zl92NAPESwcrhk3k64WJTQaA4Lb9jPqhiOSKvMJXydbxqvUKA/oUfBm5Zdhl+U+xJiz5v4vTjtIqDinso6VQkHyL64NhLrN+5PUTuRtR7aqQenqfNxjHVgRW662SLbgIIgv2jEFhZeM7bx+C/4k2EFYiql7PdMg2VL0940fLfIAksDX1pTw11C8Kj3ECviTynIrn9MaleXN0Sr6nNRm2jlfOv1Waa902o2FnTU92DcgXuV8XfcPbD5Afpyn+3Uu862G6TvRsS1DFPDhEH4s+ogL1kpyzDDkBFkGfqBMezKLvkDoOHbXLUZ36Evv1osq5w5xc/a7j/ryiof90gD2Z12ASuz5hoaIUxvQx5f6GRGzTD0HnDueXNta0lmi2yvrbvJB2N3xw+GlZIwZptLeTM0vTdW+deM34xqlYeapvvDH2Az9WUO4jod8zOWJIqI1NS1tCmqi2BxY2IRniPvdV++l6MMbDp3r71K7xWRmizxXbT8ghkq6V2Hdlfq14F8XxCOt7NvIn80K5PjTIv6zR337VwFli/Q2EVvX4AVl8rHLkxY5s5MB8IqOkp+sW9F9sjFEUPMNAwRLJ3Lp4fza2bCRiFud84vPN+AlBevAZsA2iO0+z83iCw995VLSF0i2z+IunvIc79SLyHotO/xK3DeBGopoksJlzx4y7nufaG/PPnBEC+tCQiM9Iux2NNHpULaTbCM+H3lGdtN+eHQudjwywqP4NVg9xc2DCCTGybqJA9kF7qgXaaAvNTZeFHgN0367adey3ATz04H4KAN/pn7bkq34eG238ZYLHpKay0CGRvaVXe90G69emfp3Qri0XtonsoPJ4Et4XlaXCpM7vhpbchyhRxUxFIe0+9ptrOEnE/jhj8zA7zQwWq8ezKgp+mM5qA0L70LS31pfZzuiTGS76QU7qmGZ4XbL/c49LJ+J705Hqq4GnJm4I3qo68ijbmE/v6857K5boLjxccjX7plKgceKanvjSyYo6Z9TPx9Z0dpFjiMKiIy7Aii7JNk1nJVYifwWfOizEeJlKB0womiMFHnzPmdQA1TKBLJUayT0N4nTy0WeiR9RAWpbQvIyg+cKiqRf7HzjG+uKdpAZAptsk/Q2sCmOIigcSVvgiM8blAy6NSfmFr5Frx6Cr+K6i7TJfQQI27UZnUO6KrQxu4rUyLbAB2+na1mme2pYHdrgd5eBwJgIWAa2U5peFJXtJIIUgnnbyEbMHlNg8cVo2JX8Vyim7RPbd6XC/EtGdqhxisVq4aiiOZZeydIG9cxsr6p72Mf7w7ZuUMfgTqjI81pGB9vXvNhlRZU1O18u5opsOS1ElKkZ9IDYNrX4Zf7Y8GX5NGFZ6EBNK7yzcnK1GhNK1NfG3M1zUVE75A3zFYr/LsHZfddKIt4Bx0qEP+qnX9+10vlzXPHoWGrW365M2tM+pITrKDgcq73DV26Q4iNICZSwqND90FBKaQF7uR4IvcfyBB/n8ggdV/vgDs8h9TerP/mNJX/Cfj6f4PxoP6T/BR/P/NlirawOpK/pJhek06CvS/49/YtTlmTJRvJC6zvSXFEEP50pYiO/oVDLxpS6KagmOpV77pIn2t3Y6joN6Pz8n3aTH+uGlN3omhouKPsftTuXIi9xV5HN/ZQbiEeQdxM7hy/itPIIFkx058yRuzP8YcdnRvbdVKl9i3pMDWlI5zZmmpCyx+Ue6xXKesTwlsk63+KGDB400pgdTZ0J4M/kAwebczzKiibJNjMVIJwTeAVX++4CHK2ezUAebc1DBop4RgVbB9s3gM1+JKJE+Gn2tWNvqjXbNZkfCL3c/uNPhJvAjCQ7KfIRc05yGMHd9ZmK5PCJ2VBtKsd7vvy1V2Yrtt9azcuDAC5QbzLMDjn+Bs98XEDrSFv5pmOeliTj+JLbWJthrtapyqlV1W17mGKXBqPmImU2lqUicBWNM3vsqZtf9N4s9u6H7pYqJ4my5nbP+r2Wbp+CfFLmpoHu4qgGWwnlikr1ca7czogUfJCvszcuwfLcy4lXSM+jyoiSsyGClPzxt4FCK8URuyZX68+yff57ffyTwZmD3Eg3Ik9tUT8PBzUNL50aGaCJtj6pafMhsfxLdMstG6U2HtymZzUyFiZtTc57CjUEOBdkSnMD7xR/vOfutw3lwAYi4tDLoUS1IlUNU5MjCL95n3hghwAOtUgM51OFMlm3lORjah2IINiyngyMDX5pNbh89LTrNNOqd1Dy75jvHtoh1XN9IBWH2YVOIaeQ+xBdtiPDUOqi/dLdCCobWKFLalwo9I++z8s6Z7iCFHWupmY7rkSwh7C8zaP5YnvaJs7rzoDCzTGepAGmwWTEQelZvIIWGEMPpGhIiYmfQYJZcnI8c8cHJlGYDJN5PZJudmXQax4YVricb7JnM1/bSehpRl7WoQmxSwwWpKJgd7A4E33hF9jkIlzwyMVp3FWNU5xgu7olgODco+JqWBioC1612ODPS8sJ5wyOpf5uT5ivj7487GZXlqUXJd3mW+P1WxzlhhhM1gMtel3QJg/wgn2+SV17TkbyUbHlvJRPcfTTxjBk8xHuMeITclVKQPzpq+CrTaWgpbCVuVb0jsVMFB2Cane8hrb3WCuvNRDmPMh4aa6sYLfAo3bY0s8sJ8GeZUrLp1tSE9sLUXTQppyywe+dmZy/LtiV9TNezOwBd2W+2SAQO1YLVNcBtv7sy2EeHaQLL0rGawUMLOBBL4+fgPhGM9ZlYLqRECkRlH7vjI/9b/LqBxOgDVClvcbOoktdAaearWfpUJr7A2qM5k/wDmWbHIeqvVxtW/15SQ1f4p8XP3R+dikGGRmqNDneWVnr8CDyt71kR+xYuKNMoWRNOEbXYZETMI9hLJLnXUmAeNBiYFuTOHCkJVJrWp+Oc1jtXos+RihBjpMxZXvNEiHoP+2g3AjupQT4tcAwIFHU/AE3p39Zh3EXvBbvagYr9C0RRrfqKT4ucdDyygeT1jOKei050OQmMcRGyXAm33TZ6dG0iQ49Dyr8JY1Ln7+cUn7BpmeOUCC6AvO0vSwkJugUk4M2fyqv0YglBJgQAQfjMyOpc+Wk3n9wj6uBt8Uzuy2Im42uZjMfl/V3bnWBwzJ5h8Hf/42vXTnOe+XJqpIa3ngDGAFW5VVJTRzS8q+/YUvbQv4ihHRuxGIV8+RNruR803C9ZJJemQXwXuA/0gtXufLd798CCcJPWJL8ZKO/oB7KSIaeYPk184AvrYr/zDuyYZnVYXgDRBd3bcwf7sk78e5hbQ77CpxdxRUalPlJKE1Ewwu7Qo2X96jqfn6LKiTB9T8oAQUNnW5yr470uQepT67tedkICFqalh/ryiR0OBgT8rap/ZPKnsSQ1Adz5xPSninbfmcjVGjtbr87Fbd/f/AUGgpbMTD+5devRIvgQCpF36oYWUglStVi4VWcZ9l85nmxx/iLNNmjoE9VQvYYdpxqSXEfKA6jX8NS/ZdqvhqYus6pnD0KWvQfXjDnsrV8/vIea7TjrPmHS+zzJarOnbVekyMjwI1N/fTRYD9Hok5EEI4mktlHKeCHkzvjDEBSVVGb8cQe/NSOgYxO3N0F2Tr04jLPraAoEWTZPGlFX5PC6/QYI8UI19bi2VUl1FDs/jy0/Z3YGovmDI7ziqmCATxGMTeDKCBpXLpaBmW2eBtKLMdpc1yh4iZIKckHx6jtF1iNiJqGZ6hAGBLjPFUxY6hudmD0OLUPcXHeI4u4fchir+c+E3ACwuDGXlVoKGFKR+p7+7yTCM4mpJnNexV61PV7jTriMZFJIPwCxKJrq/eBl0PKkdzRV+WWMCqI1GaoY81ajRQI6/DWyiUrRMcwjyDX9uzTNmF/8ueX4WqPY8MmpaFqnZAvVxaKN1F2V/2eUvBuEPxM1v/tj4U5RmqBmn8tc+K+MGjM4nvR9TClG3rtNClS8NuhSZ66yxHpZ9G/MDe07njLHz2MdiBf0hR1uoY9I5pyW2BPRMPgCJV/NNiYYYdutNa09QbLTfTq7ZuC5AHG07hwXNzQR2jlqelsO+m8dB/h+hP/9HqDRQl7voHr0owmzstZgNZk60zOnCWhsr00GUUvYeQ4tobVXQi2PONjgv4fG1GItfJ9/Xzsn1N81uKKsNTzJUSHPU4P6gvguhqNHpsKlFgcTNp0ylNcomNUnrsVXL2XkavSHSaWBnRPtLJTWHHcaewPOrsAiEPDdDZLqsp6b4H8EJn+0ux/txQmP2CVY+766a0Iy7rSkvHVKVankk5WW01d3q7FHjqiYZw7keS6HZBX+OqgYAFuq5P2w45stySrLo7EaIOI+19EHtJTONjb98PFq0nq4fiw8LydwwVLHf8ZU/70HobOg+n6OOyZ30Mai737/QzxBM0BNl9OxDRKc3dsiG1itkqb5GtLDPFcnaom6/kPWkoZ6vCd4lXg/s+kbx8OADmz9k7lwLWiesSaWEXlhZS5sQcrIJe56v+25r+H7g6bDafK3Clo3LO/FzheUCsG6NQa4WzU8AzKUv/QRC86RHzRVA7bAN5BU9J1QfCLR9M+slwfsKY/NhDE53sMqFr/9RUilZhbcb0yWHp0n0L/Em2F5Tk6Upx+BzGuQaJ1O1hrspkNQM1R3fkq3PgeAhJaiK0pMxRbpcH5Qzk+Ujh+s1XDw1he0+nqT47U8Ear+PQVRLx7Rr4YXHlJCmlkNQsy6cRF4aa/EG22QxYrxpYZMvTF039MIva98KqXC1hoJ4Oc9x885BZbJZt63rUShVg+a7oGD73Gupvgy3en1GPXzmweopA8/7BcErRqb7i54ylpdqV2a32p3nzH/J16ZofzL7HKxYFoktc0sKxeYL5NohCQH9FlosN/fp2tVzyjYhWxs3tD4LIwYTPNNDQ/fvGbErbS2x6KgqLziwUxF/8HJCl+45HEs6GBgdL+xJZyNqzIO03MYS451vIgafRnoYl5eNvO8UW9PJ/+k8fj6GE0qClS11pN95GC2+hwXAJgrxCRtSFQOGnq/+dPoSBcDU7FmciSyHfZOcg2s5kBD5oCFr4aIB9xPxRYr13vcDzAVq6+VmLrbAuBZ91do/+q+5oD+e9dI8YhOEvNwEEa1KZggJZSM7SyNS76cxSxxIx6r7rm1x3yxyU6PaL7m+3myZkn3w6qxhUYnuB1q3bCw+5OvG/k7J/gNQ6iMujoQcM/RqrHCUwPGdIg97F3QImpPowZjwkX/3716hhf2nV/wP3t47rKn03RreoKhgYRRRUYFxUBhARUCRlpAZR1AUolJCR0VEQHpPCDDqyKhAVKRDgo0IofcACSpKBAQCGEMPSknoLRBIKN8OOkOY+c653ve9zvn95yXw7J1nP3vda627pI7d5wIgtdqzYwYhAz0awtSLWp8cASQHI5mK4HEmUUOF+7fA4Aq528PGXv4xLD1T4Ww/ShajPkcX+Y+zUa0s6uZ9HOo02ecVbfZX+mJAq3iw30T/m9lBc4I703PIIP+wVUVwQV1ser63dC+LqD2oJqQX8w6r0cwbR8XwtvkgHU1G5nYIsZYIHwg2R2TJ436rCBOaeE4kVTnV0gyHX++i4qNjtjNb+UDT33GHFiIuxFIK6NrMdV8P3qvsFphTAE/MlFMfNYmf+rhxHdVkqmj3w+7dYXZG1KO7CzpPL7+5iZsm09LM2VNtdj8h/SZot0erxqyZQ+J+bU8rud3NBM1xq/5xtCojpEHqiJMabZv9Vhh4mwHiME47jZDW/mUfOs11XkOw1MibH7wa+cGLWA0+cMcLfuXCvjM4YaoZ2r9o0VuI5cgK0gFIOcuqQiy0UMvkSOCLcCx8E4xzx93+o74IK/Lq6/LFoLa8u7qlyDkD8zC7rDsQszC7bWRkboKXbin33J5h3LZg+6avC8lIVFFfeIlN9c4IrB17Khk8hjnkWlAG1rVOsj+RL6DqS1WeM3TOYzDWdQZp2p9XowFuBNR4SkHWCe/v/Iay0EqnKKZ04gxlfAN8/xUH0YdiEeuovdwOexPm/senIPIAaSQUlDHF1IKnZtuI+Muorxrpn5uwEeMuYhqNs6luWcH2gDbF7OmXSMNqCEbHKg3RcjJf5yiQop5Jk1/osq9V8+lUZxPa+mkcKDenGK6Xq33n/gn4EUvP0Bc5eI1LB0YUqckNaHrRo34Cg6OEEYWpRPfXSdQxbMUfYGK5VsuKr8pJezl7Qk/8ULmAOxS1rLeqiMMMxkGJcDAC75ogkbXF9/SR6LP1JxxTXe9kHEyBtmySzBkJICR7Zic6FnpgzJVH7nWjf6cPtkV89qGhh0KDOJzuynb1ufxlvcXpytmlmaAT69p1zqt+vmPC+1Dz4frQ0uXlzlOFLfHo191Pca3eUrahjnW3qIsvTWfG+sXiCFkfUMtHZuLy9wf3Xp42adNkOtoyQypOXFS5AJE+pxcesgkt54wbyMpRHLXpclno147L8eYdw8eZJY1ubKV32re4pFaEaCyKu3CVLdwrNzI4i6ECQ7pkWbqSqV9ULY/YLzpZHWkObsRWIitV4KuzfhZ+X5/6RTaYtwSy2n34i6eLxhlgrMGXfRJYwxjYu6TXaFeBnmLPzNEvnu9Gz3GtL30AJfjy3Hz49GpRnPb/kMtSLbUi8EPB601pe4uAQinLgIxeDmrXsOsOrt3koMoJCgbvJ+s9o2Lee3Cwev6TrwMeZAGvchwOtVzMzMarBLKTq/fT90yLzw9ybDGyT5d3rS5v8wcoyLIPut96MTNzWV4TYt8dvBcyHk82muBE8cOLHP1hDGfr7M6p02b+QRxlsu4oMtNFrinp3fyTE7Lrun38Fw7s2einl7Nl9fz4EEEhw0EUsuPvvx009+ou1zwHcNselFDWp0ro2B3l2aDaNN77F0x2X+H9sD6Vk3Jw9W7EGaDiuLdJdst6vVcAO3D2g9KnBNfaHzwKcQjj8us1dKvZGwwoHMS1acEKwdKjcWKw8SWlcN1ssXh+GLXRRLz0iP41++njz0ZnytxnJtwjj4mkDr+xMen1LuRaKZ/XRJ34MamhbjYCF8OcbPIJfiVCj42jNO/GVUeKRFR7ncThf5iPR+tUocGXFFe9J+vrSFt7PKkxvsFBipZP4iT+PN9byGw7fxESkPVkLr80UH70lLRUuQoEQE98FFCqm47uCTM+r2HZfMdd4pz0EYhwR29GUF8HBzeI+9Hj/RUKXSY2a2lQ4w9X5V90IPkehbUN5shAndAK6TCZ546HSFY+4lKIwJJnH80+ELf5yL3XcZ/ZH7SMzH04vXOrfXVOy1P9Yddsjs7egoqmxzOI+EBG93DbHWxczYDVWSvkO6JGPP1JwJPt/kd2dIXepHz6kn1C1mdgda9113N2hhk/6umsZ/aZoADt22yYSzvqPDF0bHH4s9pS+d4wu6hiXkxp11Hc/o3KMAV8B1zuCO8SUdKwYQSiXZHR3Py80SIUXZ9WvDv0vAhraQMo/PBNsShGkee0qQOqNi7HOK+9AHGvO4vmDbJ/rjl8dWcm9oHEx1YkhjA0vfP30dPBqCf+ltGB9te0FkHefsKjCHcISNkYB2mxO4HhfeJNFZntK6drQOUjkpqbeieVwlKU6kymAgfjQSHyFZthnpMWPfzQJCuIyLnpRnzcIkyV0tWRFDgfcy02SgAk5rhxTZ/Yh1h+PLnk/z2exFy0c6t0ALTvdTtm9Ts6uOUyk/BezYEdAHvPNHhk0fa9w2+mGsvlhKk86Pg5BUSd6RyxspN2G3IA6DrVCMpv+pgg789+exqMUUvEHY01b2dzvVWiO+WKZ0xrxcejog7jt3mplCQP7vhIAqXQEcvpJ9QjZxmzZwLGdXfZq0dBpY4ppy/F3G946vi6dx110ORBjmHzRvt5MMC1n2m0oIcMB5r4lG27wt5vj+Bgn4+1jI79EDamh02vUsUjDCD6r95vFgAYmz/U16dGD6dkO7qXqlElvY3CTtCf/J69PeOxL/e8nGlzGcPoRVG7a2wTGWKVdUyxlT8Pql1xSwp7dupn7gvI+w76fOXC+PJy3s2451ilo3B7SkXdewV5O3Vjp3gp1DnzGK+h4OqjSim610esNb3HzRLKvYfQzS8SXLPTnboyZkOXZZdcQ2PQsb52RypIERi4guf5xP2rCIHyx4pRJy6jeUsFzLeru1fqIkzVvU5wzBX4L7v/HQM6+QCwuEDjKcDtVXLkEBNjVXQk/73Eu/X21+Mjju3yGZQb3kzm1eJIgTq7Km/aQJpplg352MkPe5zaQviaK2fH6nJHR8G4ohey9KjT7dfCmZmB+rjRwZZpcKH1bhR6dMDjLWzpdVQHIYPspxvjohHQK5NBnlJh3Yv3T3D2T2s+i7SYtv3cwlitXgd0r62IHrNt0D1VRiW09RNuKYeAxZH3HRLCVMleqFu13DrqblvMGsP5yyUhlgcjNM1R5y4vVZja29a7WQH+pj8aD1UD0Lmxs9J0OYH9eG1WasrH6DR/GzB0pHBNz/1UR1TKStrpvTVmv+evzX4E+uns7WmALyTe1cUmytze9Q9RJ7qLAsQzuTCA/FnDVfXEIMucOKH9CmRKvYzbUpPo4YSoZ5UPyG+sLpGecK0UjnExjXU3UG5BwQ+frT6ynmcgIobMfnXrd41+Y3TNv9D0fFAGkMKPZwlLitU2jzonT+DwICSKpCuPf4PEGXMRFvhCkHzZN+BFA8ln904TvTsoG1NRFSje6THrxj34cbQvIe6EWUTDY662DxSyDUqisjPlLukLuJ7nyvGA709EYlJjTQMoLTacXQ42RmEUOY2k0K4MwNdyK0zFoGOx9jwCQFr7I+g7F7LmpsBnVpIBkMqwdm1lYhfhwzWPp47G4k+ahY15VAhTN8atRnrAyQtUi5Km2RmNJltO1vTIhGFdZBCJQQJ4pgqQttvIlHgLg5DBTDW2hhtC4ZEEIRbtIAd8w5e+LpxePbqeF8FwBj/00CQ8MOGrLUhej/xacVGojAvGvWBptHmHys6wsafM6Q2pcGu4cUjQCLiMaq93M/gkSC+1BV6WQzYHAdt+nDIyKdVHXFlBR+dlNM/keZVaWsV2S+M85hZaQVONHUMJSInNDLJ/FiAHpJw6E18K7mzT8JD/IOBrr39d1mFsM4yeYMoDb7L7Z8EDdDrlAJByZ9L3yO1cyYWU/GJi2hbfyAsxL1qc9oJRd9F9qoVmVxAxO9rk8kfNDLgI55dYqf7EbOi1CXIFNiS7Af3QBefuOJQhg/6ITIvGbfvSy5Rd3ELpspq18EQbl5XJImSfYkKDrwrYMcae2DXFzRzYfyJV9X+EFGN0iyqXZSeV7u7+YHfX8yUeh0qk8ZVxqgOiHkwQDlSj9ATqRRr6v8PFi5FycXsePemkfTEe3hh3EqffOHklGBKkUANjqAKQXZ59e2O1eiNbvdRaJH+UkY3SxXUYusyDtAyp2JJbshXGTBHsmvDUX0GNP+xXrJLDkg8ad/BftdEaIdZWkM/qlzoM8MY2Wxdx9aP0EgYX1/4peOIQj3pHj43dFoNhnDDwg5zkydYZf78+GsDOp05ZdoIHOGcnp/WW4D5Wdq34w2KiGMJUzhp/+LdwiZ3Z1pCzNnLnwbs9Rv9Uuj+L/FlMQqQ7jjGq1Tv55Q7gu6tSF9ffTbkt+bP959Zs5V7OHzPQ3unjTXNUBkJveVTWKIXmq5nu3GXSBaqXlgnnRuVzvVOOjim9bVs6mEMqdMax1act239LiIW1Nrp64iK96ZJqf7qwL980c+Li+zz7X4A8KyHrG6hIr4CK2KB5Su9tUEXOBeLQ4NtzprpRaLZBq0ZMiJ6G1NAebTstWzD+c0eNXUbV8XZv+30oKQUbyyGrUCge4jo2Pct4nf0+33W2r8nV7PkpzG3EUvlsNyNNbHVO1Xdr4Lrn2IDP23K+NYD8UXMUktapx1nyI3gXOp4ASPvdOMrqtkIsN2YW0GXyvjx2uGt3mLFIf8gcDa+S6UHcmIrf1kLWEKZCXpF4MXky5/bSXX4IYmijeMetJAndJRw7Ai+eveolAZga8GlIXs8CQehGEWKTMe7FHV7M8WnyB2+ux8ZU126Xyt8AZGYfuPPiQYj5vle36nm/vjbxY8rIYx+3SV7AKp3nnPGNM5h1w2NMzu3dbLH1+HjUNpiTjnOC0lkVDlR7/3zU6sUCg/n29RO3/Iz09g51cl4mQDrf744Iywalk7a9AY42C+KTuNVWmEJySvUk0aBEWbZCZb2NQcnh3202W9/F8kZMFkceH57ydn2+HK/ay5az2pCJ56BAus2s5PNIl7bVay1cPLojLHuqUdI0q9B9Jdt/eVjQdA76ugbKinInx9yFWNo4RZXuU6+JMZFsl7agjF3EvFyos7+V9FBW1thR8VnY7I30HC2mS852rpxD80j/HOD7OTm6bRsMfmCkKah8QUNwY0EFdnYPnK5m2aG8S6Em0dQ9W3GdrZzpoUF2gv6rg16VSXM3i+iHzV4HMm4UvRUbzHZ/IZ6fSa4Ywb2beDM9WGV+rEzW43PLqdeLtUKfbWokODlF7eiXz8tDckHpe2Kk8IFzwOLirMgyZnk4NLuxpdtEFBU8hw9dotOclBGQotU7mQjXhIvcGGujNOplrPeu4E2YHVi1SgEZiBCLwO4bHFYEbA8VCljn2yXCyIagIgycYvtVJgtUfYUK/8c0qo8nmu4wG4l9XtXa60aRNchDHz7pQe4bA/U1Z6uau9GDkaqoYTAGKOBeBwZnfvmy8IRix/1svHREQDQ8TMEL+zrCo9lZORvX5Q/OTw2YfK0IqOmVX4emAGyL15OuH76W3C5etDDu/uTyWvvLwG05BXvoEe8tgR5nJ1Eas0UpBqtBuyfD9iBAcp25VzL9btA/9t2QJfgR7CogHgAywEWE1W46e6JebcN50SHlrTCMWUqwfIdg0JApOSeSWgmyltjR40MgZipcWqAKU7VqBv+svqTOi9mQOu4tv9H+mQBavpbzTwfYYzkPh0uxIKmcSY/9LdbHTOakYt9epfmug2HD5pjpf6XTXIvO1YGB+LzH/unP1wnL5NmjQiz24HQUTX4POhZgT6XmF4UIi+7CNCb4JqIZdkMv6TMq40vk5OxtlTj/65kI/2uXyzamUriUMMsYU4F76fV8A/i+zb9XKF+d+MPQjXT2SnYtmLekvmgSQbxa1Du887rRsm/SrU8xOSkybSetYjKzxahgyKEXmNQPhKg5FKqOZDtGEdAnniaBdOrjbWcb/YechFs9de+CxE85xSKTil4oHrZzimnjjL7Mya2kdumZh8ncpn+uLogpGXM9M8uNl/UVSZ3mHkUIFOGEMb5ihak1BQPuUAXDjnVUqYOL08S3OQQcarmMtnkfZ1bxG2x+sD7QdRsJIG++gHcNH4VfYUC7XHiFc1sunU6l0G+uFFUcaUk+PJVfOlP4liZGNWl0hAW36aHNw20/e0MHXibPrk6yAuhfQeYs9smcxkwX9vKuhgCkTLPkh2N/w6bdBN9IVbyUbG2WyB0TYm3RjFKmjwULsSKiHTKFaSCf89iiaXZ3zJXwQ7FgcDzHD6mJWgd6TNHGuUXW5mHYr7nlpyRTCcs7wxroTU5FixFCLOiI7zB4uy0KQWPBEARQplZbvnl96rC00bkUYerix3E7obJiQd4+MfeN06F2+okpI770YQVg8EvPGhhMSK0fq+7Ka0uP8sb1X6bOFwuxbmaUpagCKaqu9uUFIK20NeNiXCNaTLqev5QhmgFlwqzn1u8Fu1UBGRxfRh7DZjtOFIIyMtboxr9k5J0SUEb+FntSnyApP1euApB4ksVY95n37DNe9Vh89QxjsXHZuYi07Ypf4X4/8SjO7b3LR+Os5HKOKjqPa0c3aTlNwZcXckinZBWUR24v1JVXjnfUHUfAXzs9w0ZjQzTQyeS2vT7tzqPPvFsX062mXWoFZKSyN0gIczMMwygl43risZlQfUMDHbvVn+s9BI7HTYHkTRHoOmeD0z/gJPCzZOD4bj5YhqAXFqoSVp+b5+7/IR4ZCe4drhK5DF6j369PrBs9Z8V/w6YL3SrAELa9+upR9DWHRwSeNL0+SUXrYR6WwbPDn3bPxOOWs+ze8X3HSE46SBObdJInqjQf5E3mRZBz8+xDZwXO7vB3JnnTtfnlTBHzKuLlSqGB06UChfGDUiydDakU4W3ZV3xfWSLJ/iPoYKP9CyUbU+PqOjTKaIkSNt2a4RVFS94UuqJT8ia/ZpokPtti9o1sNbHYfjNhzUnIbj8tTD0lXL9RvR4Ey9KJ72ApD9ii0+5MVqWDOqliNJKeqBxDblc/+7W/q9vCEQtqrno/Si7PWSFVWBAIPflqqbMrSljvFeB7/yRDKb488Rh5lo+O66fJ0R+14AkD6aS7IHvw2JipEiAs+EAwr1c456+FvRlzznwQve5j1qnBB1HR9j7HYXPxT/8C0ZJ17/YJsRIJuLP1zbhELv4te6dsTqxiog0mc+AefDNsnDDZWZJ7s5GLD5x0AbTr7JaOcXud94un2bA/BbVBSZM0CcFDELge1LBj22l3TKLTpY9IfklRgjEf8aV36H1VhLG2KsMRBM63byTvrAJngCiMnnvWCsHbU2CO3ai8I2VpPtEAiQz0bSjQGtJOCG5F+HALAbb/oZHk+fxFcyFWe0ixeiRVrqm3TezouGtjwaIk5yFJMJg4eINq8JqLz0mcxP1REJSaffJiDtgtdvLoWXbSxBL4Sp2CudH8XG/HKyCl0eF23YvxMdmqUsJiQFa7F4RG+G086gO480DX5useL+40WguVhb/l3cKT6B947SihcbtWwbaBnkdEU6BMTAlBYyriEjd5iMMQZSXZLxI4p2NbQnUA22lz3rgYzKmI1DGXODIOakWlpym3638afsg5wisUo24sqdC2bcdnTrsAZfgOQr6fmx7el2+xMXtEBSmHrjBf+BbdN0ktMbB1sBRCWtoG/uXTtdi6LYNsGTo3KZka95Tp/Ig0MPmmP2tDCkYc5iRU10Dgq+kXzS2aUM5Hrukxnjn4a5XZKYJ79tznEeBrJp993uVWAyQzecsaEpnXvgY9y29NTQqxrK5AMbczZuXWUbU6ZF7IwM12cD8A7HjXE0LBwUDZZ+o6Cm+bixiMLu4gVku/4PBwNHWaPKtoD92QKRu/9mndBXx3VLcURVSZbyj79VWNLDNRjXriV7PHxjjnO2KfZsvPtpij6tXaSwxAGNUplw4bM+FYuF1qkKr08CzTefksbpF3iRDlx2hgHTO3KI/3JrVMcWO6HBcmPXCvnB4Qqsg441CXIq63mxsvvGk3teVjnc8cbqlkOb8d28YTP3zEz9yhOeRHNYH3aAU6BApdx37/zxZz2tkZZPd0hefMfACxG95RDcKW1JXDA1DMeNuDkqI5fqkVKSI0lHdOmmJB2Kv8UadstHyPgXa11HL39Fde4+CSkwCV+10HLsIC/+RgHhfU50sCDlyTutRXQQfuwIFeqO3jcq3fGT8rWNZ90Ja43R07g9gAucJi7PilIedr33FdAaxpBUGv3F6183bCgK/OudrZw0IsUOPLSIXZpbjeXOZsSJ3+Ke3EwXWkxct2755oyfR2+pweJW8W3J1YUCYZs2Yvl87/IpJqIjwfD7C7hs3szxTnIjU7xMd01pSHB14Af7t7MSZdms6Hfyjt8QfvbEOG/FvrU5GhymdsS5DHi/Xjhakzl7PTvbSs0FmS8v02hNHZ/ggFUBRr3k3EpujLRDqcHcRFcmYyZdpd7OYLNwXaGdn3DX1ouZLmlVkcazr+8us4RB6rGOvhyUBmNE6Kr1ZETrBsjwEpmh6Py8/K4JMnbqQ/HPubFUanZAWPziU2moDYdvWNJG0F2xz9lXPLt4c1VJBeMrMK7jYpOHdF2OQN1EphtkkFS40Y7ykro6Xpo1ImbuBq1Z2eSQhTLRf0Ae2gSe1Wdubi9bNF2LwIq2D97AJbyMeXMmFk2u3VjdNF8rMT1SV0DeOKoo2p6me4TJ//n+xEURbAvusIlLXz2rkn2lssUvCXfeHqnJzeP10wLfEmh+e8QcwIGW9jBGYRM07ARQcHmXlXLIW4HzYKbDubr2Vzb5qhsb/m1UhxAF+VZ53nFMcfHMYv+wNlA6Onn4zLhDXcrjN1F0mlZDn+oLV57IikPEhVSU5dtY/cVTIzDBmG+tihsyo61/omx/0B5EJ54stdAjGjZ4x/ieM+U+/SuRUf3x9VhqmokzsEyWCUEOt+AHzURIQ16N7wAlOZI+yb0mo6MN8zpfZe7ahuQxDvzf7TjlE8Nf/lPUjonjCZAAThAkMDQL9ds2m7RWEIaOnjfFFtTq53frGJNlHvhPZhh9p9j/p3ohouQPalHJzMEqZK9qVMUWyNmk5VSYY1MLHrxmJyW9QaMjaASOswRPvgsUs3ktiOd6rnxFzDXnODKECshm6iJIdGAfYnp4iH0I0+H2d6TPXWdJbxIY6mNEZXO2kjxaotkM9Icq2F0TeZndVGp21Xcu4al0daj54497ho33OaWLRz9zYYpZCTPuVVaRYJ7vkjgqOhM4cw9Q5djT6dwtPAsyfiXR0MWipiRrOFoodkZJcWQ+dy0G4tu5SksbFLifmPHA3LZU9neTJu1xnSVndg4UCDiVDitJX8bYzil4VNxQJiF9RvsslP4FgrGUtzCwEqCBjLAYs/dFXMT4FMrQxbiRw/v/qzywprkG/7/yrygbDFh5e2IHZmiszyJ2eXbK+KunJQuGsufeTlU247vJ7MqVzlv0DIA37uFub2tXhmDeTNt69CXonVqbdvKHqPCzk1WuPWNTaEs8PJtLkA1J28hsEzEv72W80ESskhpSuZW+e+DKkKVXSZ9PmvMr3fMK9bqT742uNSPW+cEOuwR60ypo2iQfHzbCMwtfQFU7E9ASBT0H5/W/zubVnwH/2RYHjGLD33GYBMPUJtg2FcD3srCUMaggtlt8AYJHmBQtfkb2bi0EYMobmEbyZK/2UmHrwr8TjbGgL7h5kYDWCbqxx1Y4j5OXIPfgK1GuHmbGk1U/thXrtVEO5GptuQbn2Ma60q83ga4Et60O6xra8naqhz6I2zWYvqUXry1jR0pgYzQY22jynwbT+4wVtCLJnLRltO3usQdBIxo+YaJbVH4IstbmKXEGNByGuMG2b5ZflvO4RYdx67ShmYY7s3gUwkAWIyblWh+eD8hVL5es0gz4TXxtwgq+4b6SXUxhc462c1Wh39X3lamFBlii6X3n4pqEwmU842O+j+U7q44hFe8epWvpbll6LWEPlqeKL9uxq+VLmihou2/JSzITXu+WiIYxoqr28rZH+y7QhhuNMNETamnDlp8iNRfojZkmPXQBwYMissyLn/IwLQPtDb/zhWiOUyzrQfNbEgMgx7ySc4W81LrNZkkviPwewCcWgr/AvdbkgTjfz9i931talZko2LpDF04A1aiJWp8KYfRAXTq0EMG0iULheTRTMxiQoivrD6+MlOfPb058N+m57DoYg68gnB/KRnBb8G6adkXa8MqIrc2zoxal1G1T/xMOO5TfWc5PvuXBDrB+7xXcGhOt5ABv2Rj0zj57E08G9sEXfQRA65Z+nystAnseGX49YFgh+FUn4GKMsvkAwxAkrCY6I9U5prFtObrkiZdP95GN/qc3eojXUtxwMM0Of+uIuX2zcKye2A91zezgLjif5wSX6ur8VWmFMlKXXK+ywESOmaIZlGEaNuaJlKO9h7hh5zsmsxcoqRnL3DHkoUlEqa3VLC1HuNxnQX99Ix+ebEeA9Bt/CFX2XSTu8i+uHnaFSh1ZXmEpC27s0qQVwobadU1kmcsQkMMntdov3p8PLo8kQozYXnZeRUZIUPsnIq1pN2divGVeeX+o0zJD4SJGZOkm8mf7bBOLWSi5fmL+cLKGO9d0FKgtjUue4/0fLjdRdgTyPGcbpoUkWUzZtycfthvjDCFkfGncSpvbX4iJbh19O4ToKQtgcltbyUHWAZfiw7L7dfzKM72BLtuR8V6uWQ/CBbvSWywArSeK5xtYHwtdlfHE8nydQV3RVXeoRvALawErZM1uicXfi7WmWnB+7oLxM0m3GSZf0uhashH4XMb3KblW0gr64VCT6mVs9HAPshbPrNeZ+ylEPTyL+q6mE5DSeKVQB0+0/DC2t/n69auV0NBfyKUENNWYkwMoo0tFmwBbTHq3wlrRrZ52WWVvw9q1qazM+qTrj/2uw33MHBtRwepFLSV2s6FZm0857asrqdkzc37D9l1Ggsh6nuw7j2oiGE8OK9M2QboAzHzBbpnD4zevzpRPsZEpvc0//T8EvBR5g7CoLWi8sSD42CNdo+N12ybP07AaJgZP2I8T2p+vKmcsZK/sOQbW7LjAR8B0aPQGSTT0RA75lzKsZLza6wmg7cVrndBXnQiXEtpIvmXP/DdXfdcA/8ihwAkeeXWJkPn02r4CJ2aPPqVQ5GmgBIsXLB9zr3Cx+y5mbbq0V5/8yzWn0+bSeQZ61SA2xH0W6Le0edMxtMjpVtDOXRvX4rojh/dLSb/1UyFe/9aYaLZGmFW+b4EcNoAJvVZp8gmP+7Ce51meF2vib9JenwTXEY56da0pOpv407RTyKAvjKJHtXl8cypEtiL444/hAUbGQeKAbjYP2UDcpIuZtFUg14Q3l9JASLOASh22W88tlVvAXG2TRjLEhtToHkDXt/Ke3OhOmewBJzIaQUrSsbsF3EA77kKChhNGALDFGBcsEpweABPvLoBbRkakAWy1v8kKxNd9s6qiXN4uNUFy2WkuUVmR79u4zyyC9MNE4Z6FIQLFK53AGKjRjx7E83V9Rp/pv/irs51yRyJE9nK+Y/Ys13TRLpGmvIm2PQoNXE8esB3QDbwuxu4rOOezp05n0Dp9m9L1TSMNQOn4igiijTDQKfDt3wQ1i21ftFq4G7yuu6CMvmdf+w+BKL211jX9xfsfi6QG0a5TwOmeykU6cpNbC/iNuzPnR1+l7fUBetwA0194xEe0MiWmi3G+rej4S8jHU9ZPK4PNZUdqm/i4F3yIlTw5oJfPN7mBszHagPmrkzSRaoS5tbJwrT00xP1y1a0+xmDHCvlAVN99e00P0goTPdAsbda+M1MPbT/yqM1SepNNpVdJWkk1Mm54sVClStGFOl0JClJsZbVqhndUiJPaFjUD9cdab67eqFerxBcsrtZcpCkNb2IOK1YaHf6u0k+iBBCqLrvyV9CSd0UZP+xJH7vpxrnmjIgMW2qF1ahS6NoucftG07jjFI2ybp3t3qwb15eLXmDjja95MQqyvn5hgfztzC3TG+3/EMpF/115v7ufjmD73Db2prOyRG66Q46vCLTGy2DKptm7XKOipl/yPBF2uBX06nEIE61rmwUklibfZUZtGA+VGnK/HxG4ek3WIwzAl2yz57nmiEdcdgn0yYDGR4xu37BvcsOzKXzEZa23WEnrtO/cza7KUWvw4tav/1HWtOjFy61VA373XhY9EI8VtfNr+oOTjx216RX58+FvWHPpg+pZKDoGV3d9mW03jJzKc3MsyzrJaLnywGrjyckGc+IqnilbsVZBD9rgR40UHtZMLV8rMH6BfutcoftM1Bfv2mja+saGPIZzGJBuguGxl7x+wR1/vbONcm9lxpv36pzrkx3G8nhGxjVuhTkKje8FuLs2mjTnQ/BIDcTWwIjjD5Zba9Rx+E3KDlphK4QI2PcUA14CtMvkeS35vUM3IjPX4c1Ma4Fzu9JB2yPT1jrLFcfMfOH7P3jLFr8pqUBq0lU0scynsJWFGsEtzDNMyuuhT/NB+7dFa6zlvK0h8qq9yYyOudbWSosxaZdeJW6tgdYTKcxYcGJVxE3rk/PFYvrKlrCWinMyrq0ZcKvhWZc5zHVftDGDw6QfHPYM0doBD2n3uUkA2wi+0CgiyfBskB6LmLQmXitBz2iHKCflJEU/6w6vWhS0yv88iR6BBNkG2FbxRJRYmOGgbCV79kBXgtl6L8vSjvSZRRWcnG1Oi0UUQ/EiFXN1gpHZYdREDHAWzv9N6h/li4OIyZmjbZEngV0PYoSDl1zkGloOcceH9vOxY3kkCyeQiHn1wTPulEUHZuN/5Zo/931G+asZKpcc49o2JUWqgYjOnFtnQLvQZwh7j+YjNRk6h382QwAJyVCMNum7aI0EyhhGl160bx+p1VZgBfTi7I/KTWrm35reoub0X2/poHQmfoP6BzZIYE6vUnU2qyuu2oYCIONsqxA6XMc73P+YTQz/6HzyZvm9Ew8DIcCdQBugi+dAzqMJDCM/TG5OiXC4IFr/0AYDvZGZI1cHfY7Vmh6NKAgJNnaMUpOXsA8beTl1u+Nyy7CYnqz2rpdpI6dSjKxvUVpX3K927MgWxsgq+cvq5IJp6itL1Lb9CAvllXJe6Jzyu2zxHn9gG2BByPNrQVmMBQ2gJdY9hhw9Zg2Noe8wdrDbsta9jf1TXsb/da9rdnDWy+bz0ALNblVJIC55FBKaW3SsahdAV7ckhoq4ZdV/CHTQ6qTGg+uacsLYgRuqCxl8KI9AJB71MvXX02xA+tcyIqdukU++XAQ9fd+xRibT/96PDMdptnTuTq5ScUCkFaZ1gr32qFOekBdYPjsDnu0AhsgPzdkkPrFj/w07r3XEvLyFkwz7fvOIllsnSHa3T+SCnOZaQH/CCyfUQ/bb6OPo7+g3KdmEPSEGCMuBbLlZxFwPXEFre45rfl61Nzsj1kfwiDLvx8G51DbLASKgt5opSR8sSf0aW5EFkfVdKSi9HqWBo9uk+W1074aXVeNLC7z0aI9UmcrN65kClMFVVdviJMrVNMS+zscIp5zT6qnJz/qXyLzi7BYb0TCr7Z/PtMHi5VmrdCZxx61G8jWW30uPSu4ZaTBwaRZmaRrrG+rN5P4cS06v4bMxbK5zV5FsWlG1PV/Rgo+cQMFfiDRgW/TbRuxCXnkWtxcZsb1KKOqHWMMO0hlB8hW9A3MYvsMqvzWQr7auaKGJ+cwSM12Vo9bH/GVqu5//dPbzNe6qOuiXoKHBmi+obU6Euj91oP3jU499IUL0ad7wP3blDP0ZriMManiP32ykQdtPfNQiVL24RenXXUOrY/e84DMkBjaWUdU9DQP6cZWDS9c79eIZdiOZt3enb/7B49nQyKiYst3WtGsbqk6IHvK1V8BS9/sbW64BEW2TgVlWKXA0Dch2S7TRNWq7nC9OIVxGD4Pz1UWNZNrfd/5Ox4T4TzqSIv/cWkqVBZJl/eSoes94HfE5G1ovp/LP0oy+mbDOzAvGT3Dnl1hyAhR2xTCibJbxyEWFWY5qaEZ3rdyod0Y25hjdOjvrJBoOolLX9ymoFx7xn5PT9pLNBbei4g+69yPcMTou0yYdlva0wc+x3+br18/1V6HXXes1aCA7DV6qztszakErbM3rDcCuM8+xBeLkyVuhZhrspq0rrt4eH5sRnzU3RU5bwjj6D0cSEeYD81u419SyVsVKO9ntVb7XPugX8Fz5ChuoJiUkbjvRJ/vug9NuwvwhrSE0md1uRmFo/vC2swRNYGZQCkzrkvZ7aVOgWDmjtGvHsbDD/Nikb3e2UyG9yisC35BY/WR/EIVgty66gzt2e3UbZdywDQX3MEzIOXOueAslo9xHmNX5gy5sbH/Q0VODkZhpP3HvV/El1FREnmqGSaAgSwTXGthDxPRsRQR1vAT+ta7VWwN6yh1/fGPinWkoZevT7z0iFcnE6GZ9DW1gArndq3l4K11QeCNZRgKnFeI7CpL3uCt8TMsOELFIGy6+d8rLxIDzlSlRnze/aCqzeBmKbpIVAl6Pbypg/tuxLGTB892bxxMCY++rUMXW+5LnxwtJBDHrlz2/Xsopn5UsDyhAfJZyCxzG1jIupD4LymSAoKpcaqSzGutPUYP5eFiDFYZmRVT1dXD1uNFYY8GqQPVqa5CGBZ6GWeadhdCiEw4EVZgcMqVqZKhA1YzvXTGWngmRBZTSqE/QTU+0x+7R8OIS3P1QvwzGNrhv4cvfv/DMMjP4Qtgde1qwgmVRjbvOkIwA1Hq9hX6t3cB0LgtTt58XhdMmG4gzyXF3HzymGHTr0SWdRh7+RZdOiTEFpa9WJ9EpwCDcV2CCRCxC/jxKjjeiHnYBrz7cjODx9mxe27gvdAKPWBwRPGj38PuQYgD/e8O/GplnDoCgu8mML2pc4dr2uOM4aDq6PSbJPz05lEgW/AXdrTAPKSHTfI6i3J7uV3HANEYfa2DOyeMDtbf/TSlnM/KtQH56h1gHh8z1RQB59vkAxbmppBWRXfzm1UAlKa3+PXp2JoBJmOUCyo0zPyXiz8HBDbfxSkXcX+SG8rQbWlroUAuBMoUEPb2jKMv+OmjbEY8e5efhIkB7mjZC3Ri/bOpvkPVnhlngXovnVvWyF/6rpXH5aUgvN8zZ2leg+LP4V2nvHAvDdVQ/kZEJAAsvO8+ue0/Bd5I0PBN3lSPu0h2ngSZ3Xqe9hLECYlnI06NSxb118zOPf+yd9Aifvo3v/iO1SKpCtzdPlQeX874m6gHJASdDLqREJPRHKun9GjSfW5p6efoYa0c5ANgfc1MQ2DetxPYj436rTr66B4UyK0MNcbY0P/xexXyMWBd6Uni3FCvB8JQQIz4lonfhNi9dlMa3BEK75J6U7ELf8ZMicHEVP0rRE9XPZAr8nbN+DWurZit4y5vtqODL+Z0fx68QwPXRZZSXrBnlJ4NUno9K5OL+oi1usow3LSshEl9stnkE1j6QIVqTd1EEDZ0Hq+lF5o33wAD39WuGiYOG/xt+k3viOsIXzf6QcYEKm+WATtqhzxvAqU3T+LEUKVBtGmJkpaOhar2t/HI08AXZScmEx3vRlsSePqV/oAxXxq6TzQd89kJkiKxi9qvu5T8r0fnfLbnQBxmIJQRcRo2sHpL4HCpea8D4Cv3z5Gdtr9urlrVk5k21337YbAjzyL3572E4MCoo7BGtfZ10kUhphnGuoqsDqramvmjAf7lmis3AhFj99iTcI1T83c9L1F5IDx5pBr9o2pg6IDMtAxyaiTwlR0r0l4lS248pzWkDZzcv7JObss0xR14rQsRVGINVmyO4Tv6r4OuTq4pnx+0H8TTMFIx7au09MxVVkn6QfPtR5faJKu+98e346qDiGW86zMC+OdOiZsyCyCthRXuZSl4jBD9je1n9nj9ZKEnyVXYO9jNbD30lp9cej7F+BVaW999X6PHOUwHLUfjgr0HQI/gDg2IAqS29X/mnACOf8a6IEBXOHgee7i+zo60b072PvH1V9ecBb9P+d/P/x3WAduwvLUsIeKHdnOTiG7Z7S8caYmLochWxyJOCnLF8pETKbK3KSyHtpVHHsjuWbPNb8+ENA6GRXzphyUFEHaqX95z+qCOu14YTYPw9jRaNRTJAPq43a+Pl6Frx07/4IvG1uGeUZgp573ZAc5eHGp55gX2XagycdGFMKc4IBBOnTV0Ady4wrWp4rrqRUFVN9qcSuCTqJHd4SRy8hoGFB2tbOjDuUZw6KsT6VUaCX0M/UIwuwbOyMETtYVEMmy31Z15PU4SYbJMLB2H4gbQRkajj6Z1jC/8ATwddHD0I7GcQqEqUqnBHjtZaYYTDakkRhFuFr0vTR6snNldEbJrU8zGQr3XO8oArayA4l7457THLKOfRlxyOuRCTOGEWVc7S3P25894hGMjVU956Z7r88ROvcGPIxnqxvt0tbPqgG257LMXkJ0ajfw/NMkjZc3eNvjVbls90WB8SmaTVLrqDVT8leTPt3cUUjaO8lXq+CBgPDr+3YU9uYpeBFCy4xEe++3GuP278vKJ5oJcdmAr4o0ZO/wDxmNpkLIQib5cT2hbWyqB2Afv/g+cfhnEDrvayroQhYzRY/DcU4TN/VwbNyPjCjsifI1k4taJURSJSbqOzoV4jt8SqQOLvrgZmVMxjikUNJfzRY6C5tGzAGkdYynXSxkDMEwLrZxorkiZENAqZwyfEWIpXpRL9JL7w8if3QFM7j8Jm6X3meNakvbIHsfhmBVByDu/zeZ8yzevWXsj3BezJaxvL+rnhmqAOn84nV6XQOoTpGNddDyjamEzzNTrYSqPIAdWLQX1N1101rF3oLB2Z/PEF8mRMcZ9fckncSlDYK3ESf0VVCv6pkA2rcPG1iAUBYSyABX6rQYmruWwUkumlEsVoYxKdqfoYswwiP3tevGrgzPyP1m8h2feGI8Zv+v4Rk5K03DjhGaUSKp6tdDdQsB32IN8ui9L2wiAkBuCbx5RVXf+m5EwfP7RnAhlt3zsuJjIC5n6O/xoCi02S5+jvkIMkaMcssqHHwDrCu6tnWB7iBg7U7K/BdgHVwFrFtECoiMD4c6Zx4pK+uafRiT2x/yooSn9STEcDFDd3LO3+pa5GcJ2uKCAWqrjmMq6hwO6ZcsBkF81b3NYRzaPkQuT27MKxTI7d1sXTtIQ+K/hZX/KSWrsz41dH6mZLeKvUqOBGJitovJ5Qdx8Y5qQpI4P+XqvC17HPmR3OTjuwdVMT7X+7M53M8GZE86/cdkJ6w762gzo7PVAkNXA0DkDVmetL5VfJb7uRekX/zBPuBaz5n+hRzjGpieGt+/4+7Nnxul+uvFhrsNDXGLSyKeju13uy+PoVDu1GGMvJymBFpa+OeBn4RISRjw7ThkUH5uxQMBT9OXp5KpriYmAPedLVvOSHWwq6pWMKEzwW5YqStp6BwtEINhPMbN/uAOrqM6JJuIaak8rxHE8AXVZGUAPQfx1cmuHec3x17TQojE8Ztjqxlil+gEGeGVRi/0t0YvDL9g7qTYMZV1VLQqyeujdVLWEqW9XBGAyIDCuWEnpBWifa05jwLSayfN7uuvyM/bUwWfHnw8Qoj14mY0w2hKM6itqVmuGGKTBAdBGrtUM2L+W6Cu8ZVONrxEscKayByMdnhuVjMkJsY4Cdgyrr9SVE2Olnp+yMfGudfFfqsEJ2JO3xh5aX5AcdnWQ/3MZ60jh5P2hhYsOr4ibWwRtH8Cr8J3hhmj+yvq0Wql/7TIxGBxNFALFlZhLnjnPKnI2phK0ed+qtnINNOLbcLDS9qhR0JyxKiLVC4NZf7HyP5flWD0DmfMvzY7+1at2UxQbZf5u2KuKbc4+50bZrX4LUGY6vAQ6ke7CB0B4WSRbzEUUuf3XEnYrld4v2H+i/k6aovMmltGMvmVbnckXpOCpp0TQyyFkDYmOEF4AWGrKzzFbtROqGxviQO17oZ37EnykOtRCLtCOmwMI/iEdUlghCMs+BzCSviOeX1RSu5sqVkk/DPPOc7Pc36u+CjrFNDrlpOWXA2tS/mFGS6SionxHEu74a1xyT6yBH0ng5v8/iCRDIq/9AF6ukTs7wKxUHH0+wge4pdaGOKzxnyvjcmGstURPEsaol0uOZY7LLv3ZJnHe86C+PrFoBWJpO2OtvD0OBuvyQldxiyT27t9ahY7BofO9t+/YMC4XJkW7x0aE6v9smx+fJkta4KDLllkrIknJPSaZKau0P+znfV/gTt5pwBunH0oanJqZkrbS8SDgc7mn+OlXLeKsvmH26uvNqyW78IbmXjpB4NOalEscnl5Gbl+fHhZoPKk8R1UMpURuhD7YQQUebzelN972MF+0wecuybnelIOrlv8UDhm8TrFdY+0S6yq86W34YzoToW7ETjY1X7RJ/QDjHmzkD8W/gyXvcJq/3F11QU+6ZW1mv8yqutVNvp4X/chAO2HRhkCZfxAXjx9PoTutW3RtDJ4MYR5gGmQaZ8L1SXFC1ZcdBCFqaIN3VLuIeYgvRhFEy6A4YQph38kRuW0Lw1dWMKt/vLEeRBGIC9eTr3hs5nmerM3/e88/2IzTOS/2Mxo8DSIhuS9Ryw/2i9xS8hxTd0t3c45pzQL89v8IvxuoF0TrupctfOAw+8w2oiyF9+/KxiYdOnsO3gyFpGUMvvY/6zr6sXHfKsB3ylyzUaFoOQ7wzcG5+nY4Hq+DwlffnFT+YSODP7FTS6+40lmlunkiv+eq3MaBR54O/l4cb1bDUTZujrfmIMNhE5MI16VYrTX522vh1GT+KzFS2Zyo2Lb15uhoHy757J7UItcaxR7UuZk7MnPF5gPqdNDXgIx9C7fsAr07B4gZ4ggdE/efhE61tLtULvIl2R1m8ZX5r18MRADNxWvaf5tAuHJ9jg50y9DmVkBr/om8ySxFmLcBoDNLgCpj5Q9tLjC7mF5XFt3VPzqAYbxmUe/O9+DD8067DGTHu9he7ZN5q9atKxZ/vyf/pFk5qAQK73Px7/sUXSDpZvTIwKUs8dNuzHkLaGujhvnsKa7T4UPNqcfmMzMD9Tjnbn8BvjzfzXAB+3nd5T+xO9mF98E40SyGzE1cI0YnwZfreqQuybUiuWofSD32Sz45vTYNaw0ZMUEGsOKw2Mk7vMLKwime6HJ+y2N0X91Y4GC75duuytI2j0h1sgr85hJ+BYYHt5cA8owzmy/NsbNqTYdE6s7u73aqMEngrFZD+Rr6oGy8z8KCi3IX5CT/hmEnFcn77X+E3J+7/p76td6f1Ctoodo0kdOQq+fpxJDk9Z7+sXrv6J8QxZ0cxnuvjLzB5c+8gPFfZBBh9k//e199Pc4yL/oxrOG7Y/m4IIkmXZHeAKEgzCbLsg/Jtb/79jsa3GpepsQyz5kcRQUb3XD7yQr0BwidH5qhldVPDk0cEp/z4OgxNvD5TIFHuz90tUysup0UDQZ6yVr3w/pqpgv3O+5AHF8PTkKspe8LCM5geSp5aiJkPbv7YYgeUkZbOVD0BW2LuRxudIbhgG/U8DYvkqR2BdyGNPZPnixN+8FdBCtNz5Vvl8ww/9aQgckKRNymiinNK2uYuWfcTfiADZ4LbIQq+q5MgwzScmoJhvDD4BQknml91p1k9vI1eeC7E83z0ckNfoN6ZuV3tuBMnsakgiwNZ95RW43tu8gCVMDxn4VNISYvTbg2uNPO7zM/P8qqsCutKr3ePzaPJOB9/sX+kSOjKtpd+5u2UepKGobCs1EX9qsCVGEiqRSNrXMaYU3NcMVDeJsMTyvaPgOECXa8ZbcC+hxs80LDS80V++0cxAkM33uIJnR1mhr+14NdtoP9ab3/iYMpfN7LdiOAG5f6w3JiSylOlB70kukMq6PKKjr76uSsTIta0dU1Z89w4nBTT3/bOftWA29Dj/IsY2o1Hrd3dp4gDGrqITvpic0mHQLtP/LjN8TpqbnJJcQx7+0X3Pil75C+c2j46hlpJkQK3/vSsZve2sWwE5Je+KJKzM8DOompDGP1YK3dhvXR2UptMxIQNPo1+2y9nXFnRRJjTN5Icz2riP55OC6WmgKRwVEt7EviDdmm/jyCaZB7JYJy65953foUvDh/OSlDiFWYkl7484wmdvs9OkMQxO9wwBE0hurkf/UIBrh0AKqhHDzA+WIQbI6ANHOxK4ZQMjTRgBlzR9r3qf9OgFGyBZ2nRi1N5F783uPKIY/hDCK3wHFHnokmWpQl7/HR1xZVl3S2y6kaHuY3dJRBVBZLZVuXDPF358vn45mX7gpXAQ5avNHNOq/SPRJLoxKpp3zP9kdVf8513mkoFPKly+JHA/jGxABu37HClP9NsWM2m2FYaQjK0kT0yCYbrHodXp1W/AToDoOACmeo75HqspjfgevOUX5R5O720qT+8H8ClUr8NB1rSQicmfYGSryTV+6H+/xGltekl1GF5G2Pc0poF8fU0gOm8sP9NGjWV2xr6kkLzY6T2jf2VtAHn0+Y7bYuDwTikmx0zgx2rUscA/+eXDB6ZRhCj/+ryDO/62x07LfhjETj37OZB2bnYsndocu+HO/fLr4yc8PrZPFBKMM6bPA8nBnnBj1LMs8sVhG+QbqPJJcNn8MGZW0Qn7meCs5vkFXzUNxnZj+R9bl08fqLC4ZJfJoutyjrgJZG7yvgFbKTg1+ZitMRdBLeBtSxTHZ+brVsoS9vEQxLY/Q/IUj5vQ1UcRRCzyLYuIe4Uk4MwAZjMpR+gSXCJMxOJ6t+nbQNUmYasl0EXIW3MujdWAYD2dUFfVmlL1f09q+PlTicTYC4rNSjcr9Vo0qwx+P4fHJ1m5DKu8qsje+RMN6EVMEdxHCK7zHA77+KZRBsy66GrLExCVQAEpNtB34eq9Y+F1Nj3yljpVSmq5ZWAOf14yLYJSTdGR89GZArXTG9rtW6iuZIgtCzLlDA/d3I3gupVqig+Qpk5BPjrVasp9l4oRY5EdeJuUN4l5OMQIsKnDvqk4q+q91UurEoAgG9a270qdq0UIfB+1yQZ1sd4UkZOMmVEkh06Z2yITIBjhVD36u0jhBoJcS+xrctZg3/Bb0tBUwMb5Ran9vp+wqe1EHIfhH9FBFRvMn8c0wFZ+PBNHxl4r9FZMuJ77qmj9WEyjlnuhMXvGM74TxPWOCrXkYNmO77FjGt8IrGX6PuTQY7lsHaXJg2IlVfJfcm+HdQOkEaeoYijRU9SxRIH+rK8t3iAe/GuoqEDt635ppEvHRPMS/hmEo85t/iErn40bcK6STsq60tDoR1Vn8eUx1FsYpOWPnFUCtip7LERprv5x1ze9ngc1F6nxvlQwsUaOasDTWNkpWGnkLNEomow+Dq2wvxtrNvD9Y32ldfWPexeabNrILp9LbhiEcCWNYsOUPZbiharFlSsdyC/2CvZHolMmUgBE8ce1/jJz0LkOiBCFgwve/WypCWphaucDteBCXE0e/pxzIG/NBT/UPc8Ldemn14fyZGGP86Tk+dYMLPeiU0vjIScrvEVVajq9UPwylgVgx29Mf2cZPxVfWJ53EGS/vFvhCSNnW71op95tWWnVZzpZC5V2TtrDl+GXtCtlf+MUiuzAUxT9tLg6Cx2p8f6VaPUe7WsYSVK5OqyuG4cYO84H5MYlfBzD6bsf7Dv+VLBZUEyANMc3DZJQrPG4FicGc8OWmXquoFUbhJ0VcxD3wd76BBlJySBFAZ36eadwKw89OWwwNUvK3wDAea3S9fINkGHQBS5ZGODrxi5Tykwk7yvhFSqJzK0VK3SX/KlKKXUwRppq8LRW7zLx+/mKStOsrxz6C7vVn5Ij7V+maRe39c3WSUVck6rpZBcdFUguKZcbHNnaE/tFkh8okcm8UDUB7SqWklY7iZgcZNccbNJ9NWtRpkkoFzn4o4LSF/4HNI0540Q7eRf3yFaQxfEKJ4ioI2eS1T8bz0kPLjH4ZMmSteMFqpZI6YETvWveZZP0rqSXKexMNO+iSnXmg3Liu9cysNxe8oTSIjzThImQwnT0Iy38b8thSf+Zjjn3TxJYYKLpSq/XUg98474LsXoZuGOk1hVWkXUgRaCaE94P8piZrwG0Mdaj3jiWf35CZN+L49nCikqps1Ppvmf8gVHdAlb4IC3pGrR7yZzKCmDMyY1qtaUCv6jRxHqVNljc9VXHuxO3ZaZcFdBFU4JOs812IeLF6wnNpq9faGMjHFNnC2WaKDd+gFawKeUNcKXDPgOZ8lhwTYl1z48VsGs/7MPWk3nbryvzLNMCXhsAa6sCF+sXGo5bMxoM6EeEZLN2yrA2pJRSVul8bFNzdpCwbPExpKYiNWoeAlEOR7iRqkeALxPFeNZANReNAyXW/OnaNvwMBpB1i1z/B+7y64OEYOu2G/JzHpk77A9zWOZqT1OYxna7cLTCn+xndpIXt4grrU1EsyzVz3L/n9y2+5fcb/Pj5/Usi857e17SKoleNZEnnMck0hTqAHfixVt1hr49eP5I3S9GEALYtkUkg4qf04vM443pvUibHFAHIy4/Rttm/ZPjPgJpt6Tl905pp4O7hgK+jJ68o4qX5hrJbWaJv/1n6VCOxWvp0G3UY6NqYkC02Lh9pWwAf7Gsf2Tk/2lETHsoRXzY/QmJPVc8t0oa+KISQDm/qcmLMKfIuiMI4lEQIKvmnrhaVKX6KbHk9gePwcUhPn9XLCdVbUliFrIWzIyZCe81JZfMXnAWK5QJ1hW40sEAQsisV4D4yZ4HERfBXJ772D3tF7sMLaPqo/5jZrIgZB0P9ruWl3pK8uEmO02Ls4kG8q58ZhYupOh/uFQ8Pxq6ul+v2PY/vPwuSr8VJkFHxu3vAD9Y0bWHM+Y3vNefq7PL8upccvAg1ivsx0LgHv8fJYmOIH9paa8CrIC+ju4DLwwh80mk+ffrCOTamP/rlsXv5QffVXD6/mZEJUhf9oRW3KEfwIOtaM8VgeNhUypcBJ8kwY1GmiTAVk4NAu+MpiajGyelI2YZlgTwvNmulSpN+RoYOasJPa2bGr1hF4b7/EGuKTCu3uIYAmbE5jXWz7R9PXJQNOh516GWoRje9AHmj4+J4OEgZjPQ6lpSUM9dlynIteHmjHCOzWdLQH5yGfQLydgLvx3eJcs6OyVcnFg7fSJ8YW016XSX+VNmryvnWvhiDwkK1NPit2WUN+4RYHzuskd3arnvQO+QbPki6ZoeNsx6+iXszducpwdpN6fceF8afmiAz6JKoKbpb6PTQ6oqMaxClHeNWaR5Tvf/0mM+I1vToo9WdnlNHPQPvI5NU7NWc951mSYbYksYXh2n5R6e+20TXy4Sp+1a6cVyTDKXxedrwNywsYgzzrXFxX0KPulmY3VHnIrQfz3LZVBs5f462XTpp++pZ1SsAd5qQ6m2Gxu7II3314LJXyt//TnzZ/TY/KcQKbm3pPmGb5Sb1vuEW6pzZL9jm1yQnUu0j7Fw5FBRzA12HAFLZYrK1SpPtRgsmsWxyjQLSS/47a691heFuKYRMmPyr8n2FgBlsSFXuhhTBJVPxJVrR0KU8MarfVZMEpkRcQOANANlLW6cEy4nSot2BLtALSwSX7uBbSMGeK571lX7Tvdjmf3nWB+9986yDDwdYm+xXTtAdQ0n22YnqHOnNNHd4l4C0tCvj9ykOgUcX4xZayO7N8HnlMLJvp2BRvXP4967EbCspVu1ZhdHEtV2JDHm9LuWtiBX76I5XyTqq6ijJIIS3F+miJcWCehedVxwNMXtS0VhqtbVsPG/2cbWiKandh9iQF09+Sy52GKUU2y/ij7CJ3tOMpS8MDX0BkwzuCr7DI4SvDfuOzAoQHNxDgF0wDaJA+qfJG/Pr1v9B2ZUm1vbcsehPgZC9Xw5Y3N9VMc8GEassrXOif+++Qd4lwS/N4O34T1Uh+cha2vMVfG8GJS+CTSwjG9XxMIy0RooMT5Gm0NX6nryvJhGu201+s3EhlXdU4K7K0EqwyuW5I1JtJeNQDgXkevw5Z6CE3CFnV/0HPA7kcj5VDkL4zAN1DdfF9XaQWq5TDDXUyA5FoK6DT+9DpM7bJfTmVcg0GL/gTab3hx8RWPwryOqeDv3kwbzX4lYkNvU9qw9RvQORT5x60/KpQzmoFgS8X07HgYdVDDE+dU6QLL/+/5h787Cmrn9rPAGVigNtFRWZah2ooKAgMgZSrQOKxIqAzCoKBWQOQxIC1LEqEAEBFQixKhECiYIMCSSoKJE5yhCZAhogYUoMSQgQAr8TtDX0e3/3fd/ve9/73H98HuThnH3O2XvttdZe+7Mv5QBcv2osJ6Xzy7r+FWRhld6dkhSkFuf4obALpZnAfyu+xqnhz9QuU9vldewXanexYYHaNWxDupOQUf/In6f526xzdHhZ+e7ddFVZvN9xebC4hr7d1NOAr2dN2ek4VJpiE9eixbm2QTI9+94YYB3J5fgawhvJxErhGdlHx/meNsyp+ZUj5UcrZl+t/HrYOSheH+BzktggpQq74uQMncjx5cxYOf0WwXrKlIq/oNy+Z+rUHDnKvQ4yYFdqAy1n/hGq1AQprULzAMy7oL//WMrHufYKDYPCmpbiQ/N78vZHApRFdgLRSHS56eRCQaqmMD+06UQkLt8Du/IUby8UGXC670FUTlkMzxkdIiv0oY8AnaNCw3kGRlbqKx3me1xGohdiSg0Dgr/Bbr0FK+O1bpzacDJBh/4NIeWjv5MEUHImzjtiphGrH+qgKhClSvDxmVMgpCuYkutk+5hFXqbleHJjpYR/865xhxMKpa9lqPABodl/ZdXXRh7TKlPBpd0cd3nXSP/xS1YdH/66cgmuhH4ylbh/A2EjJnpZlK5GAlZ156HVD8sT6b/c0tVNsHk2gAyqqnZbh9Ixu3t+xPumnTQ8QHF0JFsseFjXqdus3MUJDcVKIuPvKj0/l2K03pYTmydf4DpSsayFfVvTq3RjAlENlg+iWj/eMynmnwJTkoEOImOO3SzcTXjE/NNmhz7USM1DkcT5fPHRU44xyNfS1/jn/CsI/r1w9yuePHPymZkycei6nM6dOoOO8QNZEoqOJZXU3x/89p35QUKzvBYGviEWIeuBPLDWPipTldnknsuO27HIREvu3gTyRHTE7YyoSf+d+NuFl6R/2lp/Pv+7duP1buz3CdiP5FafDLP2X3mBWGLsnW8jbAqlr3AEzojrAbTxo9wI2Wj3/FglUerVTC6XBJb+APdGlFuX00hzdvObCs5Kwq9IChoVhp5uOyDx7hNufK2qDXpiBP5tUjIyVFO8TZF7YEF7KhFSnhAQmnTT4GyF0c/5r/LB/pcBdxgi1izExtOzjyUhPH3ztF+byZB4bQZgLWhPcjVCa7Qn7MTX601tByR5TuF4BYsm7dH9GmE6fKP8HUXt1hfxKnGrAcgROjOnasrLdeAVfY0Wqca6zGGR/9TrKjdXM2KstLKDK5dEfCFrWF+drKaH+MJ4Uf5Mh5VzAvbqRkctTVdFi3AO9Hf2cn+5PHvZ1YhXwR2af2shDJY0TmdvBuV0Bg6sWhQRAC+s7Q0CinrEcedy/lBBf/iJN6ZtU+4/jyDbhbSFUyjUPu9YfOp8JzSqKMqYVu/R6dI39eHQK0SslZdMWN3Y3djtZk87xjl3uyTzHgWz99jJn4XnJ6zYTNdjYG7iXuLTJis/hVnJ72MimPuLf9rHYxvMwD1vT/j3/q1K8RsiBh8SeibkR/xohQ5i8bDkJGe7jwUgqnaCw0VyxlshvQE3WawEb7GUfIouimjE5rv49KUdMWFy0olyU1f6zI/5QLi9ROFDwyTyOGWgPE7Z9SVOKQl/0yBlVXvtXLGJ9Dltfi7PAEQtKjjCNETCKw7dVQsEc88zpl9N+mQ8wmGcEoi6hPUtNmGKu9TI8miAdbC8dET5QukI9Z1EA1fW31HydtpREJLcFpZEPXlNbwUUNt756zbLdQkOVM7g8UVr+PEAzXb5xRzx8SSa992HU84JvPR0H8U1OgC9gPltXIwteVFvoIvdC+pdn92DcCszgBpdU+QC/dNflOFHiwVluCtargwPXjtvj9hcnH22RaPA70EaleYir0EdgTFlemX8/KHxlBQCNOpaEk4IX4so1U7gbecITj3QXgHl0Nb/7rBoA0xL3+rPpwOYmnmEpKU5xJjJy+UqOl1vKv6uLH3/QzsIntTRbRCSM/nLU2leAMTnz7my3Od7HJY+cDk0iu+S2g9zuhwi77xjmYond3y9yyd7ub5TGNPL/9+s8v87xhbRlKmE9V3VMA6MSIekB48y9ljaV7fJ1+B6+vd8PW4ANPvLl7yQcXFIH5q3aH9Ld36P1daLs28+Cb7sb8lReiGHnYF1OiWC8/IFtvoen0F2rIP1n4PLli6mIV8S2d8CwLAlEACG87/v0gSeBWT3y88ngSZ5eYBmQh8qic58l6CDiT74zmzv1DkUInSTwkaQuU/y+NDGqeZQ4UJ8CAbb5e0BQvb0jWZLl9HLYWuONNtu+edEiDx8dGnEIuJz/dOCpwX9l413XqvW6TqsgDLvmL6pyLcLlObXZ9MTyR6IjQRilHeEc7F2go4uy+w8y+yU091REN3nfE/m+erRGWb5PPlt9fzBVvZmA4SCsDskF3YvacuHtnXfg47/lh8z+rewW7ONiPsUM7b9g/w8mdCys6WtevSDhJjgrXf4K6GwM33DwqepW7JayXQa6vzgDXO9vOzV6PX+2RfbNKpJsZtBEKTNDzDroCf7OI4pQ9sLsJNaYzkyKSZVTFDkimXyhX/nMNaQzSamTkLzD5Bvsv7KM7ptQ7soMxrerrbdV0u9LLw6rspw7RYVqFxpxUoD+C/6VM+53KDo8vfMRS3l1sf2GZyqcgPPhFozrDssnKQOuT4yVN24G3axMAIQZRZAFK+i2z3KDLvRSQP/oa94MrcHzMWGE19k/jr09oQYG/jM6y1i1nMVFMYGVF+ante2NljfaTU/3RV7JOO6K/ZL5h7UTDxetFkuasGZWhN+jNxXPyGvhr/dLLaCoIA0udtAvddGrqUxhDFWbvoT7tda97d0g7mqqrkAW/E+4zY5rDlWLTZmeFQPnQxCPlASTfRd+hdpB7Ca0KLfLujIJ783kf8BBM1QFyBIGPBkKhRgWR1p0rAd6OwdJHw2ymJgo4UycRlOaJ7THZ7vCKKUxV5w7NYcu8lfWlXyxLJ8jRSmIRAEFEZoqCjs15DbUws1tt5PTjxfPrEtMSuwfqJDUepZuY+bNvzWp1PkfOfVp6cguO5DSxJvqwa3/ec8eAz/OBtTu2PCKF7mvsrLW0wlOScQOw0GeuMvYvfxyCM+mmMzvzI5rS4yLWcpbHTYgj+Y+vWRf5A78XzbOEJ4s2Cyl3M+RtF92g+6h64C+AUA8IoT9fuboD3SmHmBHG2kgwo1Z97n/FfkIZ/P+3HmXAfedNnCHjBFPzzwemNZs38/NcG01tXvuNRn9jTV+FzS04z+n8Mz/ZfUtPzmerRhw9Hbvz5zDZ5BcY0o5Nw1Kb+6TuMpJyiG36doID6+uv4mVfIBFGra/O3C4mAIi+ZNW+3xAt/SN3Jbeo3ODmb39mY27lonTMXwhyZ9vGdP1dbuFL04ZP2Ys9HAldqzwvZP5XlQ8tywApjlZ/upcPvmp0zCxoHrzNAr1bzLjXJT+DxaYgq7aSpGlPPwd5unPO0V5qGrSicsU2kIq4Gcs30Bt3Njj+OtM54+8Qfr2YyYFIi/USzA8eqAEnfTz8K0+0FXxYlTv/ktx4UE2+qcWkYylNa1ukRbOVig7/+IUMVFF1HitsZfbDXpZB1Q2JmW2/NIiVtwoZw95KIOxUSorUyRjLtAguf/AGbyuyKNncpct3jZqXjSnP3ET0sUJp6xiHwQUsLUqWM7iYOS8jfbZQgLQi3Uw4+lW+5Fh6LblTvvnVHFjb6idQtqL4gBInUkxlWN2b9ZRxIAyql8vMLJiqU5SquyvIM/iQkr1fRahTMgE1WMm4tGOzCnMgnmVg0bYHmcrs4XlvSIh5PzxEsaaSXF/W5OkLS5tJyKNIVkl23BimUMf69Wcl7QsXnL5JMsy3FQjmPBlWPD7r+HHOkZnFqZ9bJzBIt3nGxyng4ZfK0JhhNRr9is9VDM8oj7gnaasbkKfdWQDkG92UTXr4i3iboRyvE1ieuCk7dp9Q39mthwfsAcew8x6x6RbGZhFpG8G5EWIVwZOFj60uaStuKn6FmxlNFpYd43hP6RqQP1S00k7bwRPe+1SyJBx6JLeyxiTBO8mssCNXVsp9uadaCwbgcJcyJl8k0lbRwhgEs1raD8vcrc4VeDH0ej+dJQGMxLEZg1PPUTiKvSA5mc/NvjVkuYy2pa79ymSVMHE/tW40YpkbM7wHBgBm31XIXDd1lV7oAFhIzt7heBLDEQDm8FbnT9WMtDrN86i4OGN4VIG3a3Pz8ArDD09CgnQZ6mEV2dYzNV9qhMK6hRtDOLBabUwsBwm+TdBDpsJW6NitEldhgvgObhrMy9kSWEOps95Y3a7k5o/jjaTwNRBp6KTJlxLItosU4mf6minc77EQwP0vEwDd3H0THQC88ZGYhzjrJiaWfv0NvcfJKa5FAkLQRZHioeGpysS7lQTq+Xlu33wjr9HgJ57M8ZQwb77GYTdHZjzPBLGOp5zI0ThTNXe+5GZZ/aGVOLuVT6JIzsQSHpZY5K7uh54O1t4evKNkJDoge+NmD2GTCS8buwXg3BFR+76qMc6UOmj546arv75Gno/8Dry8spYkemh8WiytzOBNVWfQeFueTuvazjtxNm/6ds4FIBslLnaPXxYI7u/KyLdl1wfauPh2FIZM5bXc/4jZHWh04cMNIbToNFu7HpZ2fQ7asZsvV1Prk3FFgIt7lEWTEVvuLbf1SlWVxzcHHFhsXFHf73//B/hV4Rw4c61sfO1KtVlwp8I6FFZ3aMPbegB7jEF6+PQfY2jdMp+QLfWJHu19IACUGcTvCMxHZubFUwukr6KVI6oTHN4zVssGAlYg712e37sGYN62mCMpPB7hXMvXodQvBC3HXF19oYamPvsVUrjaI3tyoXFlhV5yhaA3qeWwCat8fWtdX3PY2alDu4AywC7r5ZiVtfUZ4ZLTJ8y37V0zvxvY8GO6PleyjfzV9mHB8bpSgEyIbqUJcjlTlLqwtAyGzU1BwdwtIuM8rhRJwF5fi162m0JrMP4WsIekP6Yiuv24siV0DPp0oJy3VIBW6B9tp2xdku7TX5twILBCFX2sROmITAq9sTiGukGbWaJe10tzMn+tFOwZhoR5Qko7zvpHzzSjZ2M1s/kn09IVMWpsT1eFTLub2HgU5pqGSV6lBhtC4tWKUr04ElxoVHWzwNLopLmdsQeEomctxmuPgRNkDxg+OPLgQwwx7qv/dX4WaHz3+6I+hMJCM/vqI1CDT2ikudQDD8WFbR9x+6wDOfQJQQbcjqjv2Pd7euZrBjWJw/fWYDuj2/hzI/jp7u6Gj9cLlXvOTEUY6+q1dwwTIjPpHe4xPalHHUD8Geait10fSkS0nWLL+tGh6wU4pQE0E9Dsp5bgYA2aNn6d2+qTS/UFJcJl86NVMQsqsHAwOLwst6Jb6UiZ6g0itCOFvWD7ciD9K0w4MOUaU0ZdFIqX4CLwvq4k+1v2YwREwhmNiSlUWiPQUuAOpK3Lk+f5bdXKcY2nx2dCmjvb+D2OIo7jbb0nxH9dxo+j2Ed3G2oBsM94zuqpsCekSxfrOnkYrkiLkUYkTXAroBjcN2Der9FXJ5xw+6gX2DaBPSXvr0gdofpbS3kcOFsd6gHO9zCKvSecke/D+/NyRIknXBDBJc3gNGanwbwgf1WvWf51rXFupUHwdR3cfu9eTC+sBIxMffwfBxlKdaCb5GFkPVVXZOG0W7H+Kc7gtCun0AEC+Oq5Mn4boqvrzrhsD7n2xJb9kG5z0NT+3Md+D5OYlRp4uzm7AmTiEP0gZsDBKIjeXXqtLQYPjQmG500ffNRUkRqJTs3SrLGJGH2rUAyD04GWvhQuo7O3sQcdYxwqMJmYsIyBQ6Ye297Xs91T+hBeJrKUcXEYEuDSXukdPSQI0SZ2VPiwszXVV5yyi+j/XNAIgreAZAnEgOcQNkoBOrooYqq1Js7FquHM0ln+3zvzZmU8NDUXtz9w/D8idv8dIjqm+6uW8cHQzutDDOeV+NnBhpnRHeRjazvEuXikXuiZEdOzGXIj2UFXWDcAy0qrI6VaCHUUCr7UsY2Yf23sUmL2qqEXiPX4Tkw2hWOX9U3ECqRmz7+ifZmf8o0LW4ltfiSq3/qHPzj6NlFxYpzUL6jLxViP2tnJDIelkNO6xcwOMd9d1wkyySn2VCAlgYBisEEE3LJDEez2b/nshm32hwnPHRLa+2DHLwpuWt6O2J6zGr6TtrXec2cipr/tHXu9wGHjonrvxE78zUuTXZcir3EOG57vm1o8ros/LtMf0b836rUB0zmdubbkRaxhCLsIW19C7kwexHHdlsQtLlmZBnYQpFSWafAX2H37WN1g0Ju5rziAY5CkJHSAUVANNC+3GFwT9TnyqLeO9Bljf5h7BAz/U4W0DFsAjSUKXFVVihTN7r7vPjBFUcnXyNv4+6cZXfVZPaF+uBny1zAZonMO1/fhProNhr3wE0sNcbPBrj9Ju7z8jh1MEqfQ+H/R6O590Hf3kndiKFfAZB4b3Vhn4ETOnLV52Olh7ODz5kp6Yzdd6zTVmc23NPW3KvtKPbS0bWGGqvh3LcXGsmvPZmQLzmJfPC+WO2rl1c5BN0fquso18r3jiY54ON/PFrs22fADSuzgnVn1UfpZVvj+gCW+J7bK19Y/f6EB2QsY1S/9irxzZFRra0bpf6EnYSAlW4wPywAzWb1WnsNJQPRmNGVj5Gmm+PaLlX8rJVmcu6aBRNJqI6y8fQVlAXU2wIyh/COmcfdJbaRQp5rBnPu67w3p97/ZTgUNOF6nhVCElo3qKRK0lvJ9L47FECdr2E7QiiZgdJqHexH/vRwGuneBOPfPR4xGK+AaCu4kqXMXnkQ7tpdrEy3La4KtO/U6rEHSY8HZsTil1qRS9gbjzQeLXB15tlquIC9w92iRGRaz7qQJkH34iPNFUZuWL3sdpBFKI73WgjVFJWuTek2TKw0RxLI+tzeqtVGD5DN5cxKg887uWfj+xsASheElEq/E4RQ28AGOpkgtdz0OhJ6zvFA/W6f3ivyN+MvoNyMlDZvRjmkx2ocg0os/HaEgbMMFIDyglvACH7ijHdYCQ5lQN0U3fFYfbHzSWMUlmEKW15Dqqwp9yOaEnONV22w2Qw6ZxFFsSvgHUQT41zBuVsdhXeXp25PaH5pGmFStN0gGV0IT6zAx1L7I5+g93ItWYBVDspQw94mSub8IC6GBPR2VMbjoPhcXnAg/Oeks5En6Jnr4nARB5ftPSxKcHhjDU1oze0tCpduO1pU2AALvBql53lF1jb1iiHtbU1C7D2R5Uc1uKPSffoveGteOyZhvrJ+th7NtsymqwM38ZPG/jVPj003kYal0NrRjdgdQ70hqxywHkIYbbnk0UvIpkNCajpirw1Jjja10XMfnw4Vhv3wbz0kEJaWmsfqKlvM0CSzcoVUlSr/m2w+s/+MOzq5805wknZRGS/qg16zlk+MnSiNQG8OXf16Z3M2Fizcl3pR7px+AqAIsm2t+qgkZAbyKTO1RpVSG9NDq1q7hTPJhYyG6JwcqVuLSIqYU6GsW1tiJuZLYr/yuaOIjsEAq6VXQPqC4gFDEZueftJVuNz49ODFUONEUdsIR3Hqw+wQspfIqZaH2ji/a66fBTRv1ZXfq7W/yNYxEM5Ss+1Zp/xy3cDWFtfT5z1LnkthZw5Mx5AuCQgis7EwSbrZQPD4tOy0qUMvK2C2Ry3ME7YH8bPip0AVUWevgV00bh29qT3GWBa9/Mx4wnaN6SpnDLbqkih1BeoXCBmQEAhy8wBWbo9+IssNZ0rukWhUeJjsompYDTWcjdpuD+8bOaUgb28qrRxDPvptgRiw06zWt6BiZi0Z+Vun/JF2rqZ+AFfetbcnrOquJLEcW1cK4SzL9LZ9hEWFv8DuSnbdBnnYAG6JcClpeDacWqk72Pb64Ow7BXtPnX0OZDaBZ7iaX/rV+JaX+edOHbJPTLkfD3A1ywG5z7sZjvSnde6V66FsU0uqOYTUFiHTjP3wZL0geAlDMhar/RaMxO9MuLRc3P2tEA7kYg7A8lbRixEVNVdRozBljEgYG8nQPU1DkASHPw9R+tM7qpOUFKwGA4FDZk+H9jlQUByE4fLbXNOYeCI+3OZZbEKM+3sBjnq7cgKEdJcSvLdTOxqOWiS52eap8Qt3gg18utGt4QaJLBCD4M8W33jPw6mBlwdTNBPGH0xmUTE0xD5Z3nIIJUX6gAVU3nFPryU4VqzByG7ja4cjNvsmE31CMWeUetAheT40y/LVHpZYKSYonD703LKfsm90gZmF9z3jYVPKmvS5SMTXRdeG6LCiOy1jMsAWeoFnywD8DT7TtkU0AFWum/rrcw4ToqTntsEGQbD43c0QLJGfz6/n8tW4nZxKidrWePLcdKEReKiYQEWC5uILfm+lYOrGQ056eXRCUSBIygH49M4IlijzF1bS5UVcZ7suGTQMr5V8DtY9Ew6UdvqbsjnAjMv9VceGK4bWr+aQfW32ZLAgx1cdDQccOM58g3OQwrE2eFPy/Y6WeHYt1VW5q4OJVn5SM2cyRlXMDz5XJPjPY/UpRLZdWlwkyYYXi3whw4/4sf0kVIPuRyqJWd+g8NrTFwY3RtYSl/KMM3r6woA5dhNSI5XDxcnKTLlWeuvOnYjl/WyIyX/d6JGgN5w4l3fx+8o8VleZclMp1rBeGfAlTq/cmXu8AjkoYNh9lERasy7XTA/ozvfqWLvk+eXutuuRgLhxL2eC+KhXQ8YxV/c2KfCLEDSemBjzPEWcrUu5pnts+wJTPwcQe1OXlErnT7yUjrOr+RtslKwq0Mj/yfqWqGxGrFPXDGD0NNtOSNOYfXExU5YtN2xfv9Ad/vX61Tt+6Jl7e9Lh4XlcwJeDXO8wW+gstLIZyDGxEYHreePg62UnyrivX9dPPllBbMxcqBO75ajvsF6xS2zm8mHQZAtv8UV+zc/KRnDxWaAZoYm2YGrcbmRNxQNoimBh34CLT6mMWW8YhpANXaP3/g+WSpYVHEE0q0MU5zNP7HJgEgZOCyuMM1L3uLaTHg5ePKNqZM+S07GMMh/IWOaqF1GylzaHcv3fkSKpdkp2GlTR2zAkPUt/QZh2EpuZvc3OKny8AoilfLoncIbiJOj0lAe/Rg6yyH6L9Z1rpxdf4XwvY6uMG5j7hnHw56P+PB6Wqf+DuLBaTIYnpOVbxwUvEW5tqu4SjXF4KxXr3KlyseGiiqbZIvclbg17jCfPB2FHT5e1QDvLFkRTmuSXiZ/YVcWLJPBORqGRNJPMCR8VpM/VChx9cQgZM/hamD4hUOSWH6kdY2t9ZlW0JBcmlECr/K4RIbF5yrUgfQiA5Sn9H74+Iz10orhRBQo53R5deoK/tEMkzirBOJoh2DFUoZPatxwbHp+gPuozRDQ+qjXRBJWE4q5RJAsmjkowKch3rPoDYr6gQZMhJTZcBWu4F7tBT7Ik40HWerS77Sz/VbipM9aXRxFsUdAEIuzKtzBmr7lCt+3Yu/65bhAKedG8BpLiUfFXgdeZLitgfgTr/+chebORUzJ+Ofm3qQQelPHM4v3pBOZjzVqs0yWMRBHIvENDWKQJZ8wrsMZqlCEsdHwqyDLKwKRW0ZlO9QFnjVnTvrH0DeuAIZ+6o6QRmcDe60qowQWGlOEJ82c1f8Nuzo5fl7QEt+eEnbdvj33Obwj4IHHUW0/J1vPaMuhseiuEDyx2+gpxUJhlC2MDsVFyaX/RXTm/160ydck5zJMEzEtyCPsyAjpbhV6lmUMoCdryZH1FYP7DS193b2+pqBBDmEAgYufZ7d4feygJ+HKcqeAi53tXOA4vaizsdZyjhMcbJtsMLm57iKMfIXjRvxgRxgPDx/Ryw36cagxNCYSPXX46wVj3gGw79kti7b6pvkJx7mK0LxAb9ZC+aiqll6wpSKwZb8FlFWXXkwlA+0EFplLPl10Be1U7HmDnvoJLJkTLdnFqWTRYO/qAQZ7O/D08PSVXGHbdcQxlcwFA+rjmNv4ADAdJtZd9imgVIY573yg45LsNzs/3TfPFOEmxx+h74MotjcoXFclblxWgeLaZugLkGVOYEHnlrL8SHpK/W28Ni4CeMM+tXha0X8kswym0cYJvN/FxRt0lFOdXQw9zoQRT9kJjMeahYUYn60EzaO62lASzRhHZ/icEVvD1HAu0kiFN5UBDP411ZPf7lW/oIZboBhXXhIWKMbF3s8UY7zvN0T75GqGGDqzrL2S7/6D32yFxC3WlmZdTAqnMVYzZBwrHxAVmfX1qp92yMkh/oNcROEHdKB6NeOktvK/rXDIAPp3kKUUYtRiaZ1APIajZ6HzBVeAr3ANZb/IcXMiL3jeF/vHZmKB7gOfltODoj8W0YPMTjAS0fEBDNfu+emqC/NJ7JuGAwA5A0AgAyCw+YpDdI3nlgTieK5B7TFuj0H3bt/yxxlS187fY6JDi7PRN+XeT6uXrUFCc0ohuaCvLgqUA0av4a6UI0JlDPBPTpZZHH+/EtfNqfoKoMIszDaP4hZdPudvKWTKaG/Os23+hxTKyyX+bWJv/IgGw3MfLgvpO/pj/5YuDQZdwm4tffetUXyZ/6oGOnYaH4G/OXTaE4J5bPsuEebr6ScG+2i41oUPRh4pOkNpyo7p36swU3wLgMG9FeQMWWogQSGCXvETWDSaLkv3nv8xaOArMj+/+R202lKihgFmaF1SYKdClhPklfjfBBWIuypMPtJDFjK/if6gOy4xWpc21J3VjYE1fzoSXDB/RUtWrpAYxwxYW0Hn5+i5+b626LkOWxZ6ioKeToyNlmxF8L6sze1O0FlhHrvKdZagGiH81rl7ELiaWDmo5Qnp1pz7SV0jxSxu9H0QkjmpyeJdNxnbkbUqd2sCjSyLGQfDsTXPCgSV5xpGCCtw0YoWNg7ojOj5T3c2d4cJCaq4tG+8gQlNzxbyLizQtUixHxCi8kHINykF/l/M6isNcrP6FWk7cpQAMMKVjiBPvSFTbY9mZ93AK9dLzAL6AbIwVOnSxkYHXYV4Pm6xXp28tX2idlhcgazvCQmItFuOE/40Y0mfdWVdB4tGIA7V+2zNDV2qwyGP5x6b6ZxEN2oq8q/Km8sYgN40EB4jZ1ku9mpG3uv/RqdX5db6vV97wmWrdU5xSNkRlEEd2hkEmStKKfURBHCt84pecwiqF0tSYxuTRE2YNWuYnoWGO8BwQ8/1R9zQSGCoYxBtiN/QwuEj2RGvw84mc14hN5KbBi9tvEnCiF0+KJopRmuheiNN5Yi+6OljG7PsjG34EVV+9TK0rre3E8jTWZk7eKGSrxHc9z7GXQ0XWPlx++x4yxb2qMhri58KV4s/HlL9S585grwmqtdzdcc2htPOXB0oicU2f587vfYgc3Bm1aQtRqcQ1n2NqfaW87VqXr9edD6IMmlL9MzFR+1FBKrhWsmTLiPvFcQL8P3tT1gZRsvuAs842p0dCXDE1TbkMlVcxMc7+qReCyVuO0pLRWrSEhkI47WDKFFwHsdwPkZx7tjhuUBKNAKjjLyGShq0cfhfYiRtqxmmcao4YViiKySuFkQJPkeeFgXvTOAJbaNVuO21SKSzuipGYJckFNwGWQa6U+ldAUhyP3CHQy3dYJGoZ9EyruFauVmtPrZgVgdl94zKF+a+WViYm2ySL8yhZIUgCrKPVgOv+8JYIp/oHNZ53aYl+RGhRapTW47DxwHKbO8LgNuRTcffgkWn3Odd8ajGF3MxUqHHKlzgnMDXNIHoXVTNVKyeb3UU5IkOiN9Z+SEAZxB5LD6b2QZlrixNg9fam5z0760+dt+dPqpvl2HmS1Df9qx3PSAyoxtbXZw8/SZoZbSIiOZxPDPl5Eu0k9imNyL+amswQxae/oOfRusDncyG/o1l2WeQx34Vi9J2GkF6UdUv/D9NSXTnZ5mTl+p3iRXKAVZGjC/aV6j0b6uS//0/TDJZshC9yirnZ5KUXT4B6sNycO6DoKI7BsAbk8TXHjMp4qUSZu810qGWaalufLJGbXWrQACtFYS9bl/a0xPnkVMUlyI45axyrmtwdB8spDAicqs0WWG7rQ0A2Jay4EcUsaBum/nmvl60xmaXFf01jwAY+7AQMXCscl86qRGfBXAAEGXdkxmnHPG5YzYdPWtGRgpg0+qTRREalnwrBRqlafg9VG35vdxCfwDS1McAbgHgHyBXK/lgAcLsVy+A+NReqQ0kLxedcopKiAsGUQMFIsT8mzFFvUyW8+zbUZWhABuCUz48UObe+1A3MRXaDYbrSEXjp06dGNusxJ054EyK2aP4ejnhC6B35MLfoOf/R2DBs6rrD0cJ2MnPoDe5MwnoLIAeevi84RdzZ3avl5qCN227tUFcuDd8oGfYnGrW5zMbk/M9lPMuMlBmGPAyLDS74kJPYKfjdRsIwZKg2yLUNZGkiB+IIpMv+djLbnOCShX2PQ7KF+ok47+HdHWwxhysoBy5+Exs8W1st8NgELZJLU/yK4t4CMvzfRfShR2rGYeWMFwnp8xKzhc0OiojNbLB7RN5u5prGqWFoZsTeGr6hAJ8tAcoJ53TUVsfWOpaN1WWyj1PgSQ/HG/eKXJqL7n3blJLl2+gStqadJRz2veN4MifER9Hdip0WmXUfZBlbwAgsbaULEisPskm3t3w+D460wVixKPjQUiLbh7KxLOTV6YXncDLJIAsXfIlpsV+ryCzx5KrvoPy3Y7bXHWCxWYAIIP/tbzHZBAbKEG5rsKhfu3FGK3P9h/1iV/dCaboKIqSfjzwVSh7TwIwKHzqhY4e8Hox6XK2828U9NdjAwqMOk5syipp3miSzAymR4ZG6g72ngHmwQ+nJs3fld+2MUwgXq0MOevp0nhAAsi5fCE8GEIQ8ANAvfH5PVIRY2J0wEChJzxvGTsBFj1bFVrfj52tBVTadlQvpFQZnpSrxI3V8nHGeP+YQJyNlvBlvLaJDlatJhjeFHsYeLtMG0blGiWuh6GKkGZUXM9eAES5F/NxQqPD4QP5ypz7e8WTGnqvLFg7E52XmyHOvO4tLuTulo3KGXcnDhZn77y8wObaPq/k8XdB7n7stXe6hLqYTcqLCCwfGpzqeku2LT+v3KvM7SpDWHRf3X6I6Et1KPyjKq5VvnBoGXhnYhDprJHdVx73QNC+wTten00ztotjuLl7/qpYV9vEaj8o52UMcmdJWwDCIO2Yd9YCTDoN+jbu2Z/eIet++CyyimicHNLibDC2aWLi4MwWmalp/XC0VEl/B7a41+ZMSN5oj/+QDY1WsHyUYgHB/Nb1G9C0uXtXj1W/fVbmQWUxfbtlGWsMJXWjtwWzBok6KlJyg19FVeU5RmTkfNrXfh/3/f9QRah504PaJ6BIP5mqnSvkiGdrxaHFL5/OFQpvCWRiAD0nz/ik1sQPrhhu0Iw/PGer4KZ9ai5RFvHjZzs3t81UaHd1vImO9j7R6nB9vGRLN0RO92LCV/lAPc97iIYmfVgYlK5u2qVqLAi5g+RXj2iGGRqlRMNumLSsEA22mPIex301wEFxMeuX46L79nfrZQ0po3r2Z38mgIdBnj5IUE53JzVPG+foA1Ph6+pgvsGNLrfVKK3epdjNYYMnwHDVLr2FYJbe+rgOwzYA44RVV0GWtvVh1IkAECTxEqlo7yJ38KShOpQ/d+M8yujrIt4VD8ekeIOHRBJPVwdPOAfNxTs0BlpWZBfZdKiu8QuhlwJjwJNgm0Y5Yhu4MVc7Dx9blWyfEp1TbE8smfMT95z3BuWIOdePSVi6p+OvspuKr3pTc9CXysUgyj2+y4YABTNw3fqV8vSZ87V7FDO7UfN3WUwsZWgBHGFV7jlw4z55GCug60sYqzdIvQa/hGEadGTU0ku6G1MSfjayRiMXY7FVbVOpYEN2hPDxaN1A0wi2lVypA2VCJn+KbQdGTkRyiDCvfExMi+uzfj4ccrpv/MJKljNYVLxRoTY0XbgPmF5Ysd3R3/HA8G3DuwNNX32WnfzkLwEGz+5j05/o5U+V4SwYIjhp+IpgZMry0aHn6Ewu2iU3OBZh1e23M9Ost2tkNUMa/MG1vAQSk8tu/vqN+4/I6VnT1UAmhyYJDfEKtB988nktr3lqfGEpb54IsiSM19TSxy4CEOTp/hvnhW8K+hBnsFhK7IYREcVGCazy0YjqygchhxQnyTTgM8KypL6cfhGtF4C4/O9Zf0Fc13yMeKpPHSqpU+sDIzUgsJuN9ZkfQmb4/p/eAlOoi3b2UB2sZ8Uwh9UM/CyrUBh3CbosuVt9t+IGRw5pDo8W3Ordp+9uD9nScB0tR7Q1QzYL+hRRqW4DSGf1IVnM8cjZ5yDLlrJrbezCG1mSK9WOd2hWexOaP0rj3qGxT8cGo962UHP8ljIiP546KLur6IfFxQCDN3C0b85tW1k71GX23r96Vlpyu/r74WC5Z/VzpTZUclTibH4/dIhvZo62cnrbIEDnl2Iiq3N2/5Cla7SGk6RnO/40pzPvbIXRg+qZJxvTNF2xxoYzhd3TRvPj8TzNKgomEjIfUIwvmbiQa09VsOYM5QI212P8RVXYwFpAmWpeUYwQqoH34GdkGFsp8Z1FeC2o62Dz11+uBe/xC/3/CSt4XPzvDSs8vcreVkWWmedYYWvCMPC+rmT39wBJ9AmaS/t6tU/Iv4Km9/+ToOmCmA1d1RAwXQFCNpYYYXVUCLbELTN/lA5+35LUILyp2PoYJ8OFvE0JbG+TRpSIVdf7mf0dUmHgPUR1IAq2fVND1jZ7a/SrAEU6/TwwAiAIUTtYvGBAj0GaIbHrR3Q0MJVxvLl6ad49HncHWPSDoiNDD5XHSl3gVl5OjI47lqnnLEiqmY6bmCfZfar5owQvTeZiebs8WaL+HGKsExJgd/1qyZ2Vj9fF1mcGbr0GMK7p378T7jmzrtUIsmxgxKe09UlcgzqUuXNHfCWyfxpdrqvw/rO5F8Fw/e5nT6h92ocK7uVEJTRvB/qIRq5vuVu34Om116Y2NXk65RTO8G10iRPb/f6nNDBcrXANwPz89ca2n21+k/+JtR5qpMnbbx+Y1azd57uKPLhj84EYCOXyW3UoxszxV0+zO+8pc6Dm4rsK/W5MjlKTLs2Afr354WTJ3S1soQ0dldfTJxGInZyqzi/kRaUse0lOqpncia7Rv05kxnzDPu3NSbOC+qXS+OIPge7o32Tpr0nN3pWukqQ/o4OY47SdcF+b2JSv9wm9/LdR7lSyYJRTb0kN0j/Rzlmwy5W5lGDt6l9AEGcAjrw6airj+4IR0VB5JG5jX/l68WTXiKjLDdX5Bz8wk8DiZTYbVVY9VvQj1gPfjBIwJHq1PDRz+ycArs57VFIVCFmuWQKW91sXGBnpOGIzdAtk2eCuHfWmKxwPvGLEb61Te5oaNEmou9s8tHcodoWlHgtuGiGGSL0sFPT2Zt4udszp+ZuCfQ5T/WWoIfpoDSrLGIi1Yq3aAfZ35xEWp456Nu9dytAgN+bnergHP3TQ6pu0MzaG+Vuekhj3HsB271kUeVthDvCsqCjkghwlpDkcyvqnHMXL5Sh7avJC6cuTVVIlrk3d7dlJq4JL6eaS7kK72pTzR3v5BD7BU4gxu3uf5ubpHv8N+tR8wepJldSZqvhCCfoo3/IdCdW/rkvxwwjH/uepz6rGS1I5GOYkL61qjKRvthz070NPdeme3InSqgZIzMxEbaOP/jzp6zUrbgHP4Wn6aQFu9NzfL/hmZxb5ZudW5d+KKKmsLugraatpoXRSzm59C8Omd1inIyDTvRL9mSshCgf+JIemgJDMqI2f/bNuvdy/6BO1x2j6dRSWmDW+wnyXru7NMcwM0PQxK8WqfQfk83LQ9b8z7T1XLN23M5toVWwlrvWfYyDq7CbFt1UVl6mKu6aVX1hW25YiqkA4VWSrkvOOBGQfptBGloc07QLmtrNerS8GF3LsBTHe66yTJXel2oO3Kc5DpG7dkJHtO13uXPKBQrLbvcgqDDJj03cIp+EGe2uwyNiddF5SYlxBK3hhQe3zDFpiAzn3VGHvO518GpTzSwXz+fbz9BTsu8mLez8baWV7iGtjvrjxKcFOrxfc+MnyyV9Zq3HSk62+jY7CnMny1R2ORy57qtCvV2b84tdoHlh6gTc+tfaMbf67cZuI6k7r2Y3ZVwa9aqvb9/gJSjWiIM8LY6fP1U7Zp/ubKjy/1gdA6VyQZYUIbVxDv5j0yRJ7crU8/zTIqv2yQOdbrsRVPub+c8gSBmF7RGSNuoqEbh7s5w3qLc/36t2KrAk34KIbkruaLNXwas0/mrQASIDMtcAvFVUr5DrMXz1S4gIqHuBMPmEw/0B7pzLxEefKr5yp5Xso5qjkTOmKieB4ux4+0fbPlcSkjOiWlTiToee9t/H54VKnP0N2oBIbA1wAcVWPBCR05RFmeWSDwmjAAXjXin3RKUZoVBlGJ2CNO3sdraDMqe0JzfTdvuKpYbAIbuS0KyTkUU90Ee+tcDsY7uCqXWZN6Oul5ZEzelUuLGGUvtFT5sZFKvas0Mufs1AHqPIsVPaOmII0qavPc2NH1uGMks6IvJEgeNcoQIUsUk1JwcSe8lgipjQ9vNfXMIeE9PIAw/lXYctxEdWtPCbBT/xDJaz4O6jfburpZsgQGlNlpsSd+X3kunZFoEL/gAPEwEA4TjrPclsFj3w6HCa8t5F7735UavMd/6v6RdLy7ddHYzzPa/Vhi5zfOw6hwfCZsXv3Q4QeKib7c4vUiK8Tj57bPS+2nSvJzTobo58l3Sl5WbHOhGV/P2J+eVTf/oG4QNnBmc0FshKpTyOPWTrkf5NbNUfHz/eGPFz3pEpxf3IDIiphCP+u/KZC4ClzS8JQp+JYmvVcwrBuqaw0CmHRWhpav/6i/8ry/6Y01FHbYrdPTeP0drAYWlvQHPk2rGjutDSieT/BaRylxCbsrvVWOPbeZfwv3z8k7X3Hf0qVtqdm2gkAUnZ9t8SG3YEMz1lqf7Mv00Pi/VV3gIjML9txjkVczTmPHyhZIrfK1Vbi6FfyfiRnpGjjWnSgnE3MZ50TZFKUdWPS6xWKAQGw3B1LuvUZufQ8AA7e7AlzEgBP87DOTw0XffMPRJcPSspS3FsxC1oQffrBdMLkYeLuyC114V7q/Lx9xPzv1+ilEklIdw8TezA85w4THmrhji5U39bsxRN4jPbI0q0kYzHZxl6OoF55amA83PtMb3gyqaPRNSoeW1oVRr5xn2CTSzQf0mVLlTs3eDRU/lKnMJEsYFfH3ivB9/rHRD0PPvwdWB8OI6R9TQ/cXUgPFCgTv5m6BaKQTEbzX+M1m6WWW/2ObYqhjXSf5nc3kFuy31PiG41r6ffIGL6pcMOt3YRLmQ0KBRFdPgIgNXYxO0RIK+49ckuaUYvIZUMceXz8zlt4bVxDwEJGE/Id8R7C3fMxkhcWfTegC0yxTWL5SfzSUfm+SJ9VnVnkdcd1Rw0ng3b0ku40JMWraSikCUh0+ULt4YooNHZf9x4aJMHBrMfbP1aytUGjWhvKjByd6lTm9rw0D9SqIwMctNsNs2J8BS46aA2Xpi46sU2jxGlZThAe9SGHtK3BWw912tZCofKoF+ZzOnN5M7GloSOKrCyKOeZT9tc6o3+s0UYo51WXClLCB8MxWICT0QyEtZEm03cK6B3s226TMdU9y1DlZcqi3y997S794gpAVXbbujRkMcj0+nYViSU516lyo+6dHX4PBu3bu7nPmC2quIgtgUTtPD2qZvOb7XNEzUIN5Baq2wa//NJIkQ3aCdGGTrE4AYvrcTBs48MTSdeqQp4osjsX7kowvLh3uHTsKuF3YsVeWZiXo7KnSZvDOw2TpuOPIuf3WoRokwiJ7O6SdtW0H/grcNItTssl9WRvCmmXwTTddt7pUF4TlkBl7XVmXTumG100z1Mrs03TMYNdkl4sl/ypCCfRWG2cxU1YbvV5M4VajqfTQTPqw5WmCpTmqBK3uu8zzOiSpNcOwRR+t/e/LXeJCJUR6e1mB5PBbJ1cq/mYtbIzvlfnCvdiQyFJ6BVZeQqF+QL/yiDotP2HKDMD+Xt1MeoZ+qyfdfDI0CQbHqqFmHjhbEv18NIfGXz2ta2fZr5smenc4/d+cnW9iuXnqHgVWMR7r40bzUtejRNCM1qism2wqYqfMxAuF2Q/sJKzFgQZusOwjWSb0MweN9AK1KG74BWazOSfAK5G+hRdpf+s6AuuGOIBXKmtVj/BdKFyizTyQJSvZpKjWsjllw0gilGerhazKKtIIE2O1lvGqGNI+8Oy/HHSZw0qTiomUxWaCqdPlVSelrf7qdLH2/R830WBBD+TIf3ANWxD+sJaYrOVfC2xq5iysLLgyfEtoJyNN243dLHzoLuUv+AlxcRrbwAIe+Su8lZl7rP+0rZG69VDXrUusoMZZjH9SV9f3XPXquOgHFm6MIiF15SbQ3VTVfzl/ImFNcMG989rhmUcwe8tRBUG++DMozWhHMLcqTxsjHjq2ZRjlDxXk24Q2Kye2eo877kZDz7U88PXq2f3AiiiGgDwG381NrwWQBHHbu/twQooAuAYDROOdnJ3nE+SZ2TDsAaG+CajdIxphCwWrcvjsP55uYK7rW/yXnj6VjZo4wze7ey2gkoeR2tYYnYT6C0boBJ/PMmrZjWjsswpKqcdP07PNOHcPVf2j8vInR/bioCuy82Q9cSkNBSgpAouS57/S4S72FYhmDRxjjt7FgyHXLYW9v6Y0PyGQlr5+FtrPZ2wS18vHRoFUJQ1TAfS+TL3VXBx8TDmnxTFLgagKFvrJmoB5XT5JaCceiXvkTMFRnl6ryPF2aZe8/R58TxRh3RtV467wdgojJVTSSi2mLnU5OIUaYQvsqAbT9jXvnlagLRRN9ONuyQ7qDBkE/+N+OHz+ZZm7ZI36ZH+f+bFOToenLs1uufYz3OXRz3wv04zN1glGeepEPV+O7Gr49HN8NpbNhv2X8SG/bLxeiO8JvcYdeBsu813eg5Xfzxx450w9Fu9qLGSli6rE6yGz8bgf37a8qZ/tGcR+mR/rs4yLxKGNAT6LOXPTXlgrK1tcsqSzKJ1i1/+NPTuUMcKHrO3G6ZHmp5jZz59ORW9UVcFmDQ1XVTv0CDIX4yKpo8HnUcpCsr05lawpUan6ssO+oPprsbYCMmZRg9Yp056At9lGe4QWDOwgkzVDclm0SCT1APvWq59fO0I7l5f2H5CyBwoi47Py11U8tN0/XKo2vI9uk17/LqOXqpC5WwFhi8q3g2ElPTcma7a+VgSlWBz8vlyQs6j04pP59X0SInRTo2BPJR6LsXRS7orj/ObdP2uPJVEyKwVC1owPPVBVKnJeitiVrfU3yFJXoDhbEXdt8wT/oTsW3B0+5raUnmFFpWIY5ca2kd8nO6ERjlZdWbZNm/Or0KexgT2cFLmnpJyXwZ4RzqjX+xcWpilxMjH6w4VD50Pan9fycKajjKtfeYUzqXZtn4lVM+7W5l2vTE55cZ2GDDIUrOm/Ws96rouB2cKTeR1z3kI5AAjoL2YYgnN/TbBoZPdV5jxqNjhGFc70+T+2c7rqzm7InJVWzQTvA5mS8sdmxyD2El3d0W9VWY4DTwOcFMQQM3cdCXGMCk7JCIXGqQG9UtpbEHXouzJfZJpsRNmvUSwHUT1CGIiNUMsKh5o46Sj+qCc8jZ005hnBn2d/n5r8QUbt+cUmlvfFGtNVpevCwh59xu++uRphV4nBw1G+4UKio2EVeOI/9CY71sTubUp9qfi7OlRMBcZkuS9B9Rb0tteZRHZkb0bGxvBv92zv5Z6fWJQiTFdl5cu6egJHIU8HMUtWfTtM1WhLvcsdnduuYQaMMvQxqGczTsAVTW7XR6VamYJji7BlQzqNPPYpjvP852VGaUTN5UYPhMTl/HL0aVacV6UExGkooFC458UjRcC+TCIMrPERcfMtVvHmReUapDTk7txTcbuwfQ34fcgfvnYJIfJmQNgbuLDoZFdkLsTdNeCbRJGKO0eVlssehiZmyuZXN2JMmE0gETGedautfkR5gjm/Xt4AWtqURFRl6irIPi+Z62ljatcMsoniu065SU9S/dFpjZn+1854iYJScslCpANG7y9i/THfh4YPDjzo+yecf3ycxIl/RxrZ17D5FLUXAU2x9nmJLToLj5vF9x2/F6nWmiPUeBcefR8p15i/WjPQQ2Z4ELAjKkCS6sChqDispn6N//AqMWM5N89yX3TP00euaMsyY2bC0IEFfb36uaOplyj41vLBEO8/c4bXnvMvDmYgpJYESvLc8N/eIDlD6gQu1jxs8b1VtOXFVqPCsWullfntKufBK4hpS+56HJuKKtSzcd3H0WPv0WDS1oJxSgld+za1uZeezQkmB9hO2ljs231XM4S3KEgJzvVRWcXFnhuAUG2MGL3tGb7+11fkbsAH9VbQZ4RSJBldyfaTBsnfCB6JXx85J+JJ1EN2/Fgx4PnfU4gS0iqd9sVpCqUadm3H2Rp+yL63U2Fd9j88QSYu2lzuhrRwjT1TThR1VDvisfRJPl5mt7ivf8CH5PGfT1FS3CjnjL7kZ2yfP84S3uYQLDx7j6W+A0LF5ETCotk3qytNcB7HTBc31he2kYslRDxkxlmeUlBwYkvFXyndQCQ9PWwXN6Z3e/+5TT9cMubyd8u6CBiYutnX0WhbphJWmfts96Vp3fk6Fg8cxuEGxjMmoK5bnvtRjfqBjoPIp78+PZuLgax5dqt2Mk72X4RbZHGZNdhi95L/epaLT+Kn8ZVDF4UX9g2YJMuoho1EG7B55W5dQphS/MXBktxaaNN5WTYujIVXMnhIQ7N+BWKL52dKYg+xGM7gpDkLqKpLSsu1gBgWbmGb5yCmuxYlNXnLOLL/9jOd7tHVmKMTo8NfzvyIh0kCn8xV6KjHxmCGEUp9LM1Hvogz1XphNEI8fdY42JTvESfN56tdiDDJB4C8uQXCULUExxK0W6lJ1jfJxDXdVm8X+t6rap8TBBkmk2sg1jRVkL5nqFHQcgQxKKCu3LMcjTph6N5iJ5TUQnYEy8rfbRxgXNr5ZaNH3+qXBUqeV0eneB1FYv/0XF6rZGOLt58KubowdVLcRLDmD0g9GNrxRmnmfcjmBuwxeM6Z0kO6pSF6/vti3BFkhDilTkmBgBKw66pITaiHGi8+lCc1smkkJVQzgXULaR1u3SP/GSwaHRKYU8WwAGpK4JXQo0aFvXnseYvR7Y87Vftcj715ZQo58cO7+6aFMmPbAmaaDX1CtFgjxKcrtQNE1VwUgLqF/PtnMI++QrXoz8zhaj8djolxM9+g3qHYd665vzQlZORM9lxHrIlMxfRGDsT3a6u4qr4Oea8+bP186MKX7sTYakIJFVKi+nE/xuUAUSRyKh6bq61pXonKUm9SsqOgEx8moJ37WX1oN+oPrhzVNfVKIafQTesld2ZLIprs0waRs4LGiYP1A6MV7+5uU1hvNTJuck084gMUETluR3euXdDeDaJd42OcR1SZ2T1INFPp31WmZVL2EmOYDUMzM42vhskCvb+BrV29k9hHUJHtlTaslNxLnmkgC6OqVN7/JbLx2OuVoJhX5Wy6P7GMr97dLbPJfYuerW7F16ROJLYAGYEXK7SCZ4jKjHYneOej/EgOEw9vhzMPbMyuG4PZjwx0JomgC6aEbWBGZE/19g1WRHUlJ/yS0aEU6jF9gE3fY2eyw9HCTrPitTzQHDIncCNHkRnXcLLyyVqr68Al1Xzgn1g11+U7AqL91w1lG+Zsb977FK7P0pVV1cVyqEeSqsvHaUKRHFlrgVAW14MM2YG/K3Y+f5WKEkMV6F2zhTYcxcwjz+xe7HtveVBfUPryITmzcCLokpCr3inZXo2tzzbftjzevdwyn6Ckz3545tDygzI6V68+FOY8QuNlryAaA2tpfghN321yYRIp/R0E1psSPRPoJydJPofa8x5QnxI5mum7vNTFiSHF60n8qN6BroFYxkQHmTN1zbE2ZPWJjiwP8R2Z30rAcHX1c32+FXRb0vRud7eYodGdOwRkaFLd2nZK/fVwT4q3BGG9XmE9DsxIwrt/qH/6T7vqhNtrbN1THiCTsTIt+FvHJsazhOURc9SWFzK9+/SLxtqSt4rK9iIs3cM1ROIV+vbxQjVl9vOdiszrlMnDe6/358y2OitBmWiAmf3gblPUyj8D+zd+HhT9Yw9n5AgCuzxA2Ie02gVlLQnCQvAqNrTHeEFARoJOnw3rF/8AdNpVvGhRRUJgZvsiThbOLykKlHJyAqKCbxXwgJThmBgbqxWxGRyLgSkjWhoAyNDHEe8Wt6C4LZpOqZx/iDLo9rIh0P2ayY0nSoQF2KnrYjwBFbWPE8Fu3YqA7LonKoUELx0quhT4L5nkMLsmNHbDjzY1vWV3VquDrDBHQsHNFQDnyKlLfax94QxyLMJi5oyl0Su9hHstvHtKGb7QkA56kgZtX8czM1uQSbE3C6PrqYmaB19/Qq1Aa2R4LCatg3jJyzpOIztqlj0bH8hlkVXPdTloem/Ita72r8Ra/mEDgC7B/IIxVXoziM+zL3S7NsS2PwE39SYlfVk4v5065vi1+G27/Or7qWpI7EVfEKLB3GX7LbsRVzuy5mBjfk1pFDhW4iDn8LWUMywteKmKJDX7/+2Yvo/gDjzzyfczQ9z+jKYtaosmYAsn5ktgzQBzDl35dfGR5jC9R5MgyrJ4zAkKv6PsF6q7Fm27bLyeXujcG6SXqEj0zxq3lOhiAFMhSvRrRbdDkBb37vY1AhotO9rtXVhLDtjhrfGLzpLLxR+GJqMq9otuf5LvHCl6HFVwIbSJFVClb54JNE2sUuhdp7HFhAVxTP8Qoo42M+aap9cUy2Tds9lQKi9ygwLjoFMWV0xL155EjTzQbB98+iHIT4gEr4Vipfh8K1TqIGripKNC/RlHeMTw+33HDdf38Ep6A9PfVXaNiWvT95ew24VZdhzR9sukfNeDAaIn+rbm0uPzwDcQThCk9D6265bHEjO6jqQsz/XlW5a1CMpnag0VGa4PgkpaLFrrjg7OryBWqj/+uSLyo4RVD2NSacuddnaSiK3KTMaFOOJD8in5VviaBcLAKjabX1QP+8vqLqb69uoXq6tG2HbpAhWk+WWUN1VUKPW7q3fce7dPVBrYGxCT+8P+fO9UwS2/vLKoZ/0V7PMir9XwtKKdH+zvKYj9orrkZk2WS8tRp2keLnQK058Mnah/qm0uB3KyEcgeNcmTneP3hwAHa4P8Z4mC4fatZBIGa4DVDB3MKCSczp4KY7ppMIV1FKpGaM+5//Ad7wRtxcvDW+B8d3gFeX5XiG5sY+V4bnVYyBqtC+J3Ic5O8KdYaOzrql67W20Ofdo19d7xkHlqkmvf2TGeumZNBMemPvMkufyrvHajw13q3USiJKOqU5lBuJJ+VaHM+hwQIeNWtzmat8EoNRhO1uzQeqgxLimuk6Rcuz5LMOmmXAl3n2WnCr9WbOYKiGUGfnnulDefvXSDmKauhctbAcrrUddCWu5nzQVZwnl75wC9JSl6iLEA8jaZIt63LGB8mvpa3zkxXnzd5/RcPS6vgPfGcEvzGZuRcn+BMEPnhCu3WwIkKW0wOrt2yRs++I3739N3+07JLjtMioa6gCE3tjaIp01qx/9Xp0GEt2/iFmGG30huGGp8k8Muhz95WzNqf8AgyaK/8ag6+8XMAipY3af41ZkM3kuVL01czy9LUC2s4H31pFWNepnvDQF5VXl8i7+j2Fq5Pw8wJU6+9wrj66kMOO5J4Wnc2/NlLS1LavMc6pFkq8I+u/HWH5tSrwLZxi0ypv9QeBP3aQARJdBe/ruKOaALuj9F0HRYrZVq7FQhlMKs50vq9rr/ImHaRG/AQamf3dMhGSTQeJZQ/Q5aj/Aj2qddA9p3I2IQOWmALiTmFpQYO3erdU6krLbRNji5Ne+y/NBvwm29nF81WMbLBr9/zH33gFNZe23cCIqY2VGxRHBMFYGEREQpIUwdqSpCJGuA4h0gdASArEyjkBGEJCOIxJpAUFaSEAshCIQaZGWqKEEAonUAKHcc0CHo+/v1u+993v/ReG0vdde69lrP2v5ElyQZn3s9qIBXG0h4PC6BJBm7Tk5qzbCdkitUIEh174/f6y24Yp/47M+54LHkfKNNjUDYXKp1nCuwcPRtlclKI60Tx8S+vQ/+96HjZ/F32eOvY7ziznNt1jBAHia9LH3nBO0oZEP44O06GwMofyWI2xmKH0j5OmvnQNGL0pH19EB+eGfShCxFvf5iHQGkSMz+CvFU5qAOILLmqm1/xk66lsB2YF0SGt6pkY6+U/MQsbxgM3gDpcBx/IyoAaXUSx9+izlyBrBGYP+kY75FhmKLnllKik35k0/jH5r5MIwRhD3wLlePsam4rTN9CQj4HaHqAoH09o8KFmaa1daq/Fcd/mOZXwrYRhvij59392EPMG2jIejLXAtYto5ryduCr9p6/YFx6c4m/5F+ftV8+5Q8yyM5wkcU4xRVlEVGyVGJpqd3K+znUB28Cs/o1umrrJ/4NFHZZJuesexpDTSlqn8E/4mcU4Z0SNaf5bfA+4f3tc+EG728dEEJIb5HhoY/KtrSk2Cvig6XQ6YjgdKOu9Xjp6gouNrFpQhiQmf/BuTonmci5e1QjcDc9wyLSCb6rojNasDW/d+4gygt8S5x7J2bG/kx1gMPt6RSlqL9oOswqdsAFn3sRuAqTdOizDlWPYpLQ4i61RXpxbQMWCDcbNwIpIedBSmpeDkymH7rEpttiz7uci/l8axn1tvbLudYBuoBH1/GYvhMHLGzH7HG37tcC2jB2UTGxlqYDiMfVPNzwCFTt78tjBA19iiZ/MKhuRPrCQ1mM1NWvtYvq+QNXLuVX7ZJD8NgBIhhESc+3mNHlrUf2ZkH7frVW0ruoQUJTK1f6mSTt1kYVzQDyVQ1gMsmgrpPNXi2tqJ5K2EhgDj0TA498BFT3ZZBo1Di9wSBWgPeEcIZFPY2OfOUnvN9aXmqynez+6u6/+uVLS5Kedrqcjw9wBAza7dayILTKChB+/Yun3ZQWay9MSW6caFGVlaB0X2RJuWaWjf9hQyIieZHD3Sbad9pN/Gt4hjM1e5MMkP2ZF5zREyXzUGAYJUerK1QXMT1VaqYhyivj/8CufKtgD6S3fV/eaWacbUE/a65V+0+kFvoSR4Zro4mLYw5YifbRJAdnMe/7t4ldNiXp4ANTfbOdpxsbIMpcsEV3KSO6e+OzT70J+l4/cnbtDVdG0HPFHuaWB5KUIXB/CZjpuxn+c5sbZVUwrxwanzclrzF2aLl7fOS2wBHLZZ05J2ncd5d9ztSnmp6NCViISRkR4wNDgazj33omq7h4dgAXGuw3m35F7UzKXR5miLRrpnwD4OSeApG3LO3rXZrqNmDW75bss3A+NEMB+WcsUBaQKQK/36JXK1cFM81b/xXN9jOc1VqTy5KfOd9nCoUbbyyQoG8ExSFiZrQtBw7sjQ5MGWEA4Ms+MN1jpAitCQKw+Vnb1L2HT06T/YdNzTNSPNbRGbwgrNwYbBl8jO10ot8dlrN/cP7+zw2Auz0c7BupAeEzJ32vXas1Q8Mn38MjPFXe1qJvj1scweWx9U6LC0vtQc0zp+BUM+Q5xBGm7BV7laoqZtZx+NHIN+zeCVXwpPHmqX23tM6aeJY5NbPJcKT4ftydaCqYci5+B0o98+/jlrTJSxzNn1phU+0wMbn9oPZ8sYbJXRznwySsaea7OoCqIHJDnZoqU+BWdKRvNxJnD7o+wpFm2o+7Q5axOBjyaqmXQOWDUcjDGbQIUd4yh8exugFDzCDkoQHT8HwOk9h2D+Mr3Sb/9Cr9569EYyc1amPh6ttMiTI/jYVfK0ntMUn8fiM0jpHfa3D5QYCo2NHggbNAHE0s33v702FX17YrK88F8uBxIhmSKKrol+F2u9hk/MjttRV3S3WDTMTsAwtOLireUYGKXDxiQpWeGRtl+SZik7YVtDQd0b4epUiSc4+tvHne1l9xHnUQ6giN9uxVZcwdAcVj6Pyz2RPmYhZQedIZ93l1yAYQdDEvWGuztNmnmxO1JjM9hfUYzzsMB/dhOcG0onpcUJ/fCswrOeiLdeE6oWfgTbrQVNcKxm4BA2sO/UkfNw/oR4LJzLasd2NDxijJELM5I7dGS3o45DT9WcWhSHIeRx9xsNgDj8dRAUh+Fr6h6OnnHQrE8uAPOuTokAMjbhbKvPPujzCnkv0ed0U3F/ZJYqhqW71WKNHok67+X/C8ymM3Gfyapxj+ZQ9chYjxoZJTGG6Y0gKQIfhY1uKbbeGJ4LJSNTPyXuhNkkYUWFhoxF3FtKvfoG9+TJI1gDlUIFkJjVLBKzSY9S1sUj0b07lHKSJk97sE8Tjwt3ZSX45rRXxO9DNxXLilo2zDBOpveMvGeO/rjpiJ2tQmfGKZefa0pMFBzmH40cUJmgkKk4RW13Usrbdw2QzL+gRrBybqzqmO/aw5jiN2ImDBKOQXpkFO+E1R+JaqhvrgY+SmiVv3jHOWgHjR8JfVYUnGiAlBKSxQO0n50s5ICA+L+Lzf2vCMu15aU0tvajjQ4XfF/OcAA2vE4yRDhpinqqKInA9szRleyvzYqi94Y7Fsu2/NrHeAbtLQLqTIfLCqVWsgJWsGUIHgTGvx4MM9Oco67PL9fIcFG1AGDZbe7j0wP87nqQ8rSmC1Cju9bc87RWDdkDvWVU/r2Vqf457p+xyRrNDZEZSANQmwXbw7DUq9Z1h/i/7n7EmoCNazxN9uY72h2EIScsEZII5PRmxHRtZtsAdFbcBCQoZfvOXCeriiwY5kYdoKnaJ7aYA08rsImSiHv5CdmCK4VhIrgncjJMAnpufUPpLj02WJXqH7I6kG7mBYrTNcylKIbCCy9fr9FnopFEKwVDOBd7iHm4xDpH1/z2GifZPzv7TnA6EaUIYpgrMPai6TsvHKbGJrnqlOE26jEDcpplh3hpL0c8PUuTiAApQ7QjNtsFpnmqovgljTjVQIHAzPdKQVk/DDN3uG7fJ7z3qlTSMORl3yy5BNM6x+wx3exp9JiN2J6spdcPbpq8NYkp/vsFx55Pmo5T78UoCHWQ3lcL17aYi3MV4Vxbp8GMT1Ez9XhkU50VsIaxI0YcQqIUG26VB283ZrZh50VnFXh//uIpKKMGpY3WPg6bmSARJd/wK9C1Dc6k0Z40VVLRX2ssdqJeY8w5fQfCX0GPLYCQWl0obrv51jBAWiKnS3PPDrFEuhXllur7WdIEW3IRzhghW7vBZPBEdL9xZ1+3nVhts7Pbej0meiCCKnLV7gluQY4nDrdUkreExJgzcNp6uW6P+tNwiZR9B4i/M1fw8C+3WbN/WR4fIWgQV21BXP3IZHUV998RRWcPP6r27ssVT+XRTM9MAfTJ7bKO2snRoS0EclEbMnu2CaBn1Z4mCKckw87OHYHbh64PHDNHBDrDsGFD9VZgVdOGk8E6UXbjQ6iWD+SFC/2WyOEakBze8m+HU/4mO9LEMPUpKxjTGn1DO1D2MC0Jc1lut11UJUChcgdg+KdWPkcbOds93563X4fzV44Z5KzJyBX4995vBlgvssYRRglNJsEw+9Ikni+8gAz7eGDYZ8357E3O8vLUBSbR2ekPyQCuPnEc9fBx0AyPWYTVRY3rGIHW2iDU8L5i/FHQcSmHcayptbPkfJ2Fk/8vyMTdOWMyJyZnxx+ahxadH2sZLWX6VdfuVtqgZyKXh/NQogGrZMie5lsDesuXnvoNwNWkWyMYxajC6OtkjNuNHDCFJudsUpqqkyWYQtP550/9mcVhIxOtmS97PCRWpYp2SY4Ny/fPD9pe3l/zlop3cZwj9idcsDIwyuAHW6vZ4uNxyQHTm8fXitrSU8fenZrZOdtZtjAknp9/e75sT3OX3HhF6LxZ+AJ7oTek5VZwnnSCH+S1HwH39JbvD5ar939lD/J/39/gB6CiZJAPriL7cpdDgwEamOfixdS5E04qNpwXxSiNff2WIQ6JrwJqQ+SW//LBYYAvs0Nmm14VToxcTTyiqqCso5tMjXrt91XcRtOyP3Jj7JoBWf0gABGdS4oTplOYslJjwmTIo4EmGUZZ277ARapY07BEFSuUbyFtmTdfFiYJBpk2q1OZ4c1WHi4GmVbiUHsDHSCMd1mIDUf+oYvto4entSX0cmNjdyj2h534Jl3LeIkwaq1lJm7Xd9BEr4qNOkp+UlUhmUbORSBS0osdjtqREG/VNhxEZxHNLr9sr4uodjwzF/EmK48li82OipOc4Asy0YaXe7uYP+2wLN3annAuuc3aJNSpcGLWf+6PZk/kjjdTGmZqtsh9LdNEX5eM+Q+jcnXPn93PLh31Wb5tgNZcglHkzKOCjFp8wy5s8h+EJZ0CbkAFdblrLZxIRJ60XrI//OH3xf6w6cUpMUYc43HNnCTyRLdJutxD3q+Dw3Hqt8MUbLvQDbsz1D0tzC/WGb8bo+VPnYFpVXjzx8Ra07EwbFe/4f5gm+uC5IWGqgLjPrloWxT7/YVGK6KmaTKkH70sA9zDDAT3MPsKv+xhkoJjhfhgfKGbN/UIaI4Qymjbel7XydhH52SUCx3FuTP7aX/F2g0Pw2hBabld/s83EVjv4TNXYVgdlsjQRJ8//3g862gjzt9mQzIpXlQ5ueab9bAEWIcUqixtUkjWbp42iZrOq7tyV/pBpO8YIH2PemD/9N8LS8r3YdtXyq1MHZtUzsltN3KdnBptamkJdKYW5zI6jdEwrbnk2EYPgIB1BJkJNn1XrgUj4jeTeGMqhLIhGG39KNmfQJ42hVFmpAQ7UMDvqh0wrVCAc7XCk1ksmg6s+1ijtBjjVHg06XwWIaizuF2o5ktglb18B8NIXFwH7aXABEZu63zpaPYaLWGe964cU61SlNq+A/a1Cvd7D+MaziOlk56PLO114sQqbVjaT7zRKxgcDusHgTOcGxx2iqmTGVzivEcYaN/4K7NWksBS9G6SYm8jNCRSL0B34p+oAiCa4lWxVLm7o/asG1q5u949736jQM3WU380wLEw85BXZzic6yjsxdpvok3EDHRSqu7NnJwHgKq14swLrVXCaP/Gdl45fe1aEyXLoniyxuh5xbKuYNSL5GCySrqschmr7Hb2WaEAFZxBvHuWmABugr7XDmw/IwMZL68DtfQKulWoCg0QJSy9Rq8iUyhbYTj8N/0PKGC57YHNdfBZwTMAXRuc6WWyk9Z884//TzcbYoSsLhZz9tznbVKi4XvUhane5zRitA/K/H25sXsaIqVFKcHFzkVHw/bjAsRK7IQBwLum2/xDoS6LNvd8fmbJ1KWjCZep0QtxhGG35D27k9Ap+nOVnD61tzVOs5dK15KLTbKRPXPIs6ualeZ9u8DE4ImwAmJb14gFFsfQlfHEK/Gqw89Xv4oqWJnq6SEw+UFPkJywVxY/OAQHlmBtvZRLVKx1neT51new8ffnTDSF4dC3cs0PZA4LHyaujflLEoxZQvH1ev39CS9r7etprcbpLbhcqMwhFAAzAit0mve1jv4jZ8mqcQYmp29tsPdmAuj02l36L1aNR25eEnr9rVYvy61WMGiRZ+yJIpfM7nXGUmYOdihxXT69WEG6JoteTLszQvYyajW+bVZFSwkhjwzxNWE2nELjkLzcqLWm7sNIWZ8iteCY15CaD5N7A85NLjN6oF7amlyY9A/zW1m06bl++cF+p44taeSusfHqR63771jFcR4DIxsreiofQ7PeudkbtVpVdxV9zEypTNZ7Y17w/aC3z2k/DVP/lg3wQ1ccvVGHW9e5g7dIDdP+3lzNT6ifcdawqTiH+mtGtdpoeLlb3hL+NetosPt0n4H5O7viUkRhwofeFYIxXpbj1kDPJQ/HNpb3tVY4ljpy9jTW2UCcG4zF+VS1B4QE0cTGvW+Tbc9Vjj93170wfOZyHQyDN8voHbS3QfeNH6sWnA/ZWee+XEn7/IoCcvj9aGa//GR8IvB6lcp2y/2E++oVE2whI0EO5jGkT90Ls3HPEwWgOllhgf7lMEzwvZGWbTU7DVsRim4GMOysVVwfGZ3gq5KzsWj+76IFiE9zdg50jTj3OZg1TwTGBdn4EfjvWBcFMJsxgKnpRmji6I3SBOO9OM6bKOC9HhPWFeScaJAE0GdQDJlT9CQvHNDbw2TeaXrxF+JXl7Ib1Yy5A7nCL+AOxhVadIAxGC+oYN7ZXDOXgdnOco84QEJ5xSymC9oBw+mph+AQcgDOjacWF3sVA4/kOWTRI19O1XmuMxEN5w797tmEpeV5mblo8oY2AjhffE5c7c+h6QHlnOC5gc90juQd6G7M1OWkL9RuMWDQ2m2UXpquIXjAzdFsXhv9nM82n1FH0xzDcnPNJfdZ436Fdf88oN+1J6+go8RO9+Lm/b7dPJNJCjFtNGQmNiT3PsDjm2OcJjwF8wUCj9KXhyvOVyN7u+yeHTig6hNmasIP0WH3hBe2bDERVODC0bWlKs0TQlNUe8yVTsibUEz6xtrwQuHfReD+P5UFA5Nu8soQnnZxmvvCkOWYOa8thfMBTBHRbpBTPzz3nFdWnKKefK3BiXZp+a9OeQCPgnnjEzWeQ+RVdsVP9/FfPdT0qKJH+Uce/rzoX+10PT3CezQcfECOOzB4/G/ShggfKzsd+vmEM/WSjyBHC3je92Hj/MZLHifbFvcs7rz+Yg4BGIV2oRgmyURCwYmIfzkTLPGmtrFJTtQa7778tHqlF2Baw38S7yQAQnc8YPKEzVO7nTAkbZds1kvl8mCMXcoPdtMfn9+HbFhMLBlZ8drkP2valmheL2aZ5mH7Sr6rCzbY3p0+KMagPdTVYFkl5EyHVsk9JpzT55OoUwFBe8lJo4Ptx2Z+m4jPChX+ekDI+aPK6Dxz4nRbymS+q+KLWKNKXobW2NDT+aN+jXDegYCYIAi2hUh8KRASNOQ791jQT795QDr+pUCYhlMw19Y1vvv+7eIG7LmOxQ3YusE/t1Qchtk0XsnA2qPizqiit5RUSbwJogcQw4REXneSzx1TmJacubaRSyD23QNT2c6aezPBOHGusxLyk7Vrn6G3ruZ7rZ7gl4HvVHQgQ2rkDJw7PgOwu1yZ4RaYxphPyggYLgayu7crBRv0lNCdSDl/NHa/SbretRDfl/TpTNm6h812xf5BAquqCmeatazpwplAnBjD1J0m8PU83u1q4BdYu8uksvcYLi592BKGn3azNJLF/rh8Tb/YdXroY73gDqw7TvXDW/1DxXZ3t8j+ecBpHgujsKw4P6/VI56YycIZTiuIMcr6y9/Zeytq7CMSeRsixzYfsH+NhCHLu8vY8iPWGb0siugJKMTzcTBKX1iCC+kbA5Ltl73ZDsx2W7/dtiDMvf8W5rYR+HXGdklPxDBbK0ppAqttssxOlDAz3T5FS08p5EH3Lhht9pntdgL/Ub88zIYo3LHmv+B5LwtrGiZLrqkZ8wd65lse5oXJ5x6PaR7SNJhww+QzlYB7qPL3FO8dOqgY59q+frJYZoOWp4Sek7baTvgnRTi3IzilS4xRmvvWf+JScnygsKoR+JaotioYZuEd7r7mIKIUCnGXcgHOt/lZEtkRW6jCkPQ1+lGd+eA6WTIzCtNnqHChiRJidb/LeiLmeAzaPGttVDNyC4GFDM0h5WKV9WHC+3uwPgshc6iFBdaI1q0n8rI6eBmF7Ne3FTbaogXe3SGxK1NF9G6fTfgZC9f6kOdvSLRxdvHGnIVdmv0dR7tNJJZXKj1NE/GrU9sBTGk9sEwAYeY/6I0N00pFjLLfINaynSsYQaqAwpxtbqwId+3SgAzBov+HetZcED8Z4INLqfRS1S1fmHLsIoZI5EStUeoYvRhIneMVXwP07p9B9+cNehMbz0POorn5gxxvNIK3aLmFmuN4Xh8fRxp8LfzJB2C73wcbX6q7Zxs/bfxi5kAc58DE380NI227MxZubYEcJA0KB6t+jdMfHst3GmobPBUegHMBkjgM51KfhVKLxVP92WSx8aeHoj3tBs/qzEnOQNHP/6v91rSIbQaoqjKa0ujToLeJM7vsTsCwbgX72VPVTLk6yD7VgYOAhpiLi9/BBMD9MOlkZGW92XQHuGU74rkqg5eF2E7+3huX1aEPyG/UsRr8nNZ1ataZ4QmHvBUMi0cVTxtctJoQBDKik7bOdzXdtqqedXVi29ufeiWtPnXEtUvb5L7NCB8fG4obdfM7Q2N+mLGCfCWQ1PGMZo/EMZXPK/dmiGGWUG+lk4KcDf4eWM9blfGlnudiYePcDQgWnYdCcxjlU4P+zn57hIwqbqWmT/7prW8D9vVXarWu1RNOZ/gU/3AEACsiXeRiNaNFuiMfb32/12suZGEuxCSujyaqN7WQkzS/ofPkimmn1VVI4WXRgDIDBw0oYx1iDIs9UAA0HOcvAaBTOq7skyTwAgv/+PxoI+NxtSPZ/0954diAM+ec7fAzfwK/E/gg72BevZG8z8K+tDIanOt8M3QXc1r6KWZKxYiFs1HShhTKX/SA5san1oDCTXQV2CZqtqqVklc6QRSuATALzwOgivOpCQUQZl+p7YWMXoB9Sm8uJa+JDmV1dgQGvsRF1UfNPqgbGgVQMz6QGHn+bcA71okiDHSZLQHIZH6R/hpQ5LoCIrfbagsdK86VF2mvSqIn0jhOEoCi2F0RCoCdsHwTgR/3IVmaDMhZpFDUm2EsaWwUT78X86jniUzL89vRMMztZNFcfgOWsXBs+ZOqU07DKB0otIP6/S6EufFFvzNyQlKTTkCxZn7i7DLRazjtovtAwhaQ7jzg9RwwG8MRcFKEhpu+mMcESx/gM6oawgvrR6a2EGwjLmw4laDHVJ6UbBNjIJ93h7ApslFjLPnPtAPLyVewWqkVjLtVxkyVI9ZS3DMz+0oTXGv1mGtb9bV80iX3gx0isouqeIr2QfjCzDxSjHB1aqwj/SIp9GFsVitv5lZwyieSZ0HAJlb0Ub6szxix349Zly+MQBtSq+gVChseiWYRSEHrlbSFg4G+imVCpbTcgYU9y1dX+E89RICttLObBib5r8GaJUFvujtBKY8IWhipexo4W6YS0oK6EuHspPP03OdJSOMt2PtPSzW7yGz3Tc8nRq5eOaLK7sKfvuiHTCs7+OVMgXob42advnTK2SCE9WoAu5R5tWb9HFZc1PE4keaeR+WbPBp2A+MJMs7bbRaddPO4w1sTna28aaeSvlrpKL93kWheBjCKesDz1nHWsW1ZOaEJSu+gr7SBD86S/VTEOtACPPAg6CgM6/+LX9BLLUdg3FjkiKeaeKR9s9qblSwK2H0B1keKhc1LHO9JKMjxIsWMweYROz9850t5WJKZNP7Bu+nV9MXO7N8Hn9hb9r7kpaqvTh378C7M1++ZLineh+jaJZygG2S9XHveqX5Lu0nG722BecH1mYFhMlrI5dvVqF8lBppuJH8xTjyys0P5/G+sf9DtuJuCxbI1xbtx0ZrywbMXC+A8jsdVTr7g1bDnZmmuw+dJGKZifzZ1l7j31aRzTkVxmfmVhglaesTIGZ4KyqA1xqelMCA5Z7jHDWop1MhFr9WT2wUeYTp87csRJmLTQdCU4tK+O/CLKaXOCs71be/esqAoqQ2uVy1w7GAw/mkmjdNstf8HFjM382SlbyQnGOvMairom/iwbejUN283EHSkXAcdKROqfKM/VJ3axzR+6oQYfcPg3OgPo1OZQsv5GYDb5z76fCz/sXw4kvakbzyiAaA0xBbPw0n9D3W2/kT4jpgjC/WMmf2IJ+GO4lxHMc43G7lH4VwEVhcH01pHFk9V8A9+2oHA2kroEVOuyHRsy61EYL9x4yWUAGj0e8kX2bl5eNE491xqUXZqfotGWz7arNHr/3GTEh/OZY1T0t0l9DzfOjFZogJTGEV2Pn9Ut0nbRag3VvLt7X4VmFG5krM5VLcVJd/vHfSQXKkslSomGmBfErpbCPx7hpqc8gxKzScaNTmYXIO/vz2FjEW7cAN7a8Yfj8v4hDh7zI8kxiW3DTn3DTwfG0LN1VUwq9+jcxLFJeb2QpCj5j8VdAZtmhGeHgJVDY+2I7hRdTtLFgA8HBsOO3xMdHMe0qD68w6tJZ/uHg0Rn9g4x3kn4/6NtaRa9MVacv7zOOXZXOILW8mJcmuY1s6hjGovFZ5JOHawOCvqwXXIF9HGgFJSE4s73ExVflT2Zsn81inGqEv9jAUw4+NGhvMb5IYIf9phGJJqrOS+fDsBGQarUqMykNsXjxms+RFg5cS4QGfk6AYxxvQaY9fOA9AZULiEL3/4fcUXrAb6jfsivmxbxBf4p+/wRaMsMwmAQFGBM8auIkWvfLC0B1ARRvm4lVTBU4kIJ97rmJ8GL5Qp05BxKxjyOOyJJBPUX1RMkJqHSkVwr1dB8ipIxvBm60OwJBn30fw18/veaS+Zdslc9z65BqsM9mCJzpJjt7T/i2Cs/RE8OVMJckn6zZqVwgAv4OGEV26PuEWjV/VkhKH3aN0Li45FFpBsW/CnkCvKmYd92k9q/dTfgW5w0Im26Wc2pg+WpKMgw0YDdL+RQq6V1+NH85GwpBMqKKGUQLk3mN3PREsSDgKMpa7VL0d2LOZmFvhJ2nROApghrlLok7yCYUrBZjN4gihR++SL8ef1jiN1xQcm/phsCaRM5ifqTISTZfEWkFOgiXXgockLJRRdk+sfjvsC8z+QHbx3A/TQ5C5Yd2ymcWPdr5P83Lg+ln8p1kZI8s5sZWORsG6cm7/SBr3+J8i2xGjR7OAmm+HnWUPzu2fYyx4sYH3aD5sLeV9qL6mZf7ihkxu/WspX4RXjLFP5aUXd01WavHV3IgvaDt8otExh3ph47rjFvdYoRGLulJJnSnVYWG1tNtkNKXG3OkzH69PxtFqR1/5bRhUJNimm9X51O1JjPw7NLLWGdj3VQ6M3IvQE5fQ25G7b5FYxbiQv4qaFyY7GPdL+BPIqwyysC8wGdUZRxZXfbHwbs/CTqJZo+/Pyy0ge3AXHDLtbv/HZ3o5QIOUu5rXe+NDd56A57bnU5kZusc2NbGZALHz8wU/EzSK/BjxzkCKM3ymueszOxa7zHYzi8YhZI7eSMcFwCQwsCkTdcXzpZa7oqxPeMVg2/214YZnqSsZdRxJTJThnNcWyc5weaLQBU39WW9/pS5vT8ebFNqe5jeYKhqnUTXpKsTvsk5N/EoqrdNeVvH5Y0XbWaUL7zPkuYphp0y4lJZpQ00Tbpf+cochEaPfIo8juMIdHwRsmWYmLWknrIH3fx5KcoBt5hJ9/Ifwftov43+gzkbiTMD/Qb8ei4iuC3K0r6SZ2vAehdE9Sd1VZWWPc5QN9TcRspRJb6VztO+FPkv2RoL8jZYEVqqmoaz84QHsrBumgEAU8ANcuRIScHgL+jgjsLdG22FtCl7jYW2I0Ke0T/kqF9tY8L9AnEq1C2q+LHXjwyUki1RVOC0A0+jzZJ7hHVJ6Ka5RdvkdbMNioWxbuEZF9pFDKL2bf1GIk69wasGNBV9B4thMfhmywaWcGiubboQ9Hbnmygruy8NRSB5vfgwvhGMRoDGyGW9X5L/9t5ykPDwHpn84Se8gZkZP7QM/cyn/pWENuNcYeSzQQ4gSbJ6U26THDhR8C1g9HJgIvggDTP/7bhbrK2lh6grWjzGx/xUJZkPkTcQaH/Th8AhiFwdkU625j42x4s4mFaxacUz/uAPkYDj+vTzUd37dg9CjBD2xm7wc2s9fRCa6bGi9B/tyw2IEL7tFb2iwfupiHsUJ3u17ulhrOad+39g5GkWEaJvJok0Kd1RfKE+Gl2JC0U4A8U5yayWX9zLbzFdjrtaXc6wu4MRRMnDjtej/anFntuB3SU1sO9whGCa0ITPmrWJzxTf+/1vwTLOnFCC7PdBH5rULm+A504q6BA9m65s1UUbkYBh89lyzyq6NdSr7BeQwflwKu2zzJ8d1tHyTJav5U0NcLWck/TIOhkHdqC2U/s+rv4GBId3trtbFHDpocJtj+j02eosIxxkPPPLe2icthWIoruG7PdaqUyoa7M4Cfd5VPzeNaacyI7uYRy6aA5uJs3edpHaEQ8ASP3I4/D7zmh7e9UwpiEe0rFo15hbXjZoG/bq7SjUtxAviWsluHMgWV2LyCK6eoi+UGcfEVsb02QzTGcwNIa0Sd5q/JWou9SnO0v/Yqzd1T1z6kaTqhrjU8EbWCK1MTL/GmzPRYYqVvhYUhi+h0PirMcVwxy9WMc4m9krI17wjB1q8n9ofUMdOD9vwu51bWxDbSG2YtvRQ6HBt618MxazkDhW62WdfJQeof3b5vcoO/ttjkhlfQutZ0k+zaVNEepLbxuHVBK935DoX/4BehJilUNXxgxKuCcdipTXMDq2yqV+LcqUGjFKdpw5lXhordIfxhR/XlS2ZrN25kzGpMevwGIT9Kx2D1zdQykdspp+Ufzu9fcVV9emoA7EBKd6WOQJjUVNa/sdcNKSUkEOx1U+i1ShaFzzFFICqS/KQBIHFa6qpV/gHAlqos3QhHh7f1w/iI2ZlOgb1+YWaiVbHmnVZ5e4cqO0ylhb4NBj97kcWCT9zLbYSwRSewt89mQQTzO5SS2x1sPJ+weiYOPn7xRYyaQ3tpe7fw9wBK+7PIjH5yngZ9s74dZWeDfUZCba1EdL1NDFp4sepTikUW9CAp2Jm+UGkUa5J42ekuYTFskOUZlke/PZNPv9v8REh2AAaegcaDaM/AM+0l2LgzxFUA7EMbKCoJzgMr3mYqYqo8E6ZlI6iCYbOp9MrS+zMaya+8BT3d98QZjYG/cF47P+ZZjmEga+Xn3xf7bz31pGft/7jd9FTkgX6zJI/9PfH7c9x3DcxkkorVXm3RYy7H98T39W6tvv+yzGUg0bYY5b7RRhYNJob2fhqD0Qle5t0DLKcmOrFMYzjkZF+KXxGiIJz5vOXP7lgJh/XJiBN3WjOb7vcXiwCY0+4eZS2sQR6G2BpP+VTCtApdV3xqyXK+jDPVHoYlgd/RMcilYzBtOZlDXjvJ+2pRZoDCRxuJVP+QBgA655/F3JdEbEjN4tejBwp4J6vODK5xMsS/dRHy9yRpkmCUTT2PcTZO8LnQ6oEJnkPGmnxSmbSnd3e5iV9DzqkkZdxCZ0tvVXWiympDYkfKweWPQxwAO9785s2Scxte6rbTOJIsLxTig/CtxQrLvelpyav8LWb5RJ1ib9YBN+xGuSEYzdXI7/dPHXCKuRVayp+mTGDhHtGwr2yUMY2FIqX3doHbm/diX9gkXBPMW59mmuaoCaUTjVGUYMjcAdNw0VQwZBDuqsVB6DEPVk+c8cf9atEwNbHUb3CbXj+iIAqDvHXhJbIRuZPQ8La0cETgDKbn4FxgSeyr1niZmlcDqmG8g9K8+Z6xYQ3H9nTB5CqGhR/eqsB9wQYyHaXLFgOFKK1DH8oOOMZq66FnLdu+dvnKiFLaAnCyn9/iC3pGvFzum/yQqoBlIXcTyNKJCJGpGNc6a/I6S9GPwLJSZ+6xcNpaIZO3PtWnTUO3IfNE3x8o9PKFliKmJXMWUzuGZcHUjrZteW8foCN73TQTwdzB1UL9xdzBOp3iuodr76texocBiCvTGKWjSSB3CtjJP+qZFJd2ZVOCuc+qR4YDWu8rmxgPrfFNbuXrwZBVQjlTdLY6PtEXM7d81VlFMIHod21ajJmrGiO6ad/P3ycQ7aOBYaxu+6kqVjl5k+rAUmlybnTcS4isa1CZaaU/jM4dtP/740hfysK8p507zURPB/mKdm8od/9d1dYLbsJpXhZ2o29pr3lX4R0vc+QkS1moZrgAT1dTQrcuLLzfAPFIh/omf3uKlPB/han9n6Bkb61AN6i0lMbGfdqmXp6zSnh5Lkux6gNl/FFd9Mz1KouK+UnRxYUovpDRYc7fAvmoixFEAKjqu21mttEfn/M8WV4mSvzbP0hn2rhJD6VKQKx7XwJaO7zeYFPe9B+MuFJpMTjG+4j9wGNmrnMMNNmQKuwIIC3/xWu2YBN693ufJpI1XmXuCY5YbEcoBCh5tJdAXXBPZxiGj1dUGzt8hRpiDOs2KRb7DhHHX3GKZSyIS73CusvX+YJogakqHXddl0o3a3gobxJe9k0rYDCaSHjqgLZta/V/0b4Z4LjNZiqpjabQfCIJNbDX3nC3P8F2kq15vpEkzmhGB1YIr8hZreBSep/l0UjM3DxXkZ/JTtHURf8WcQHNFPLBEtetXiyD/Sj3ymi3dsSFdJ1/ME/dnnzUfznSjLJI4f4qBiYYQk+Y81hkUXpPd1qFkFye+VKjIEfApu4l8GMfqvB6fTfry1p2ejwTGx81hmxq/A3mpe5K9BzTlZYWwrSiHIJY/QGND0QiMFwBRhnakBpbMFx+6oWkXm5dt+KrT0P3umQN+OMZ2npCqY2KzvawHXU5qaIBTmmrD7c4L7/omP/a5QeJBTtlq0uQbVJwB3WGYxOVzbhtChCOBlphbeT8+jekjrX6rOA638cbOEMXMHQ/sIC1vr3rX8DzGUZax2jrEZmHr+DFudtRqxjTGlVDyGBF+Dj2ItWx0Dd6vuyA0h5olWn/12bLxtwu+97Xy52Wz0A6Lcsvdlpe+0fdCTGupbsgUvSEPpLoOy7Ot9I1qdPVJCByvayh9Yu6r9kVixE/T/+LiB+UzWJP5RmwMxg1FOypfGFuUnvw1TxzYb5iLmCDdJTQqlplJp73DDPhXjG+RUtIZyndry2V1adbx/KK86ytEB3bfLjGR/gpEBZF0gSoVeI5thckdoy7kpEbAZ3pG3/Sq9glQWQDIiyF2R2qhIAcyDb8N3Vh1jgGm2turKAGioKnO0puEFPK2+SBSxqXhfv7p6i+uvj2iayF3bWQcDVr7p/+suVugckANuDsTBAnUCWj10BxJC1VcSLF/a3PS6JK+sSR5Q/2QgqUfZluqOCZDjCrLD94MatMM1ywJtpdX2zuLQx74BIHPC9F+jTtDR+PSjsluKdfGzRevsnPZMPMw/7np+JTjn1bbt1DYOHZz6eu+idcdtIPXSJRKTJ6FQjnVIAOnOf5W3ixYNhv5PLBD8Cg89uhu/1IRSYMO3iHCQZ4TrRsWOh1EfYOkWm9W6CvJ5cNhszLbvBwLMEvpfiYFYHRZRdKwRQfxMC/RJdJ7KUiCWBvd052kNll/5TSwcGuS8jrWrSXI/OHcPrWRC+qRTtT81Xyc6MJQGPqC1VWMQrlA2Sj6IXKsZBK1j8QQTZiaUVcgNCiTZ37Xel0xFbm1PqEo4NgMMXGevMNHr60U2JcxEUSN6eqOPmYxx4BvSOfKu9FNtR0rV6hYqZYEnPOM51EeyCl7nGVZrWHU6c+py/MF/nAkFtNx3oiqurbOIML+radtpBe39T9wPLv1P8hKEFI22asYpWwlSmSEXwJ6cGXfQoOWruIH8VU6XsfJ3akCiNSZoaw5pxLOU6CrdW0PazyDJ+QeSu3djhWRDOsS0a4dZ8IsZ7+DdoLNrsE4B/S+5nkxubyl/gUTpgFXy/x9eTZ/MQRHhxj498RDAi98Ys1Z8D+pcKHAZ6Hu3gfybGv5+RzDngmqpycjJh9CqDEJG6gjq9txcxL/CYuUR/kUqSEIbUyXTZ+SsUmuFRsPJ9nw/4nZB631Ov9qTgDuUV3+wZBt0egsB9GQX0+VqZNjHN1D3xp5TF4FTaXhmsHJOY8jwlNPIGZeN+HUYpCyH1qUh7E6OZSYzA9tXO9QF2urj1R4x/F5+KD3sUBmCRexrPt8ccDZQjLomu2xucbgwQdVR+cL5fWU7p2AivHsFAlPBdBm8f1HIUu6ck9X5WeD6D0bNXP/YvSg3v9o/Sy6rtxu/GR8u+H/R/sxt+enpRdmDHZoT/fmaL3pNP0iY3CANHL5bboZebffIPa9Rx2r1GryiAF3+scm4JRas4nRY/P0oJvBCuGxC3fwNB/LnF5XJxYKcdmVr0xHGM2PwV37t+dEr5NWf6zMNsXYGb8RDE7qjF4drwQzIx3nFvMjB/bpskKI8qx9Y+ynFYz7OHSzGs+OBRZQ/FSZqhCdPlZM6rKgsZ51ClW7p4BPKQ/AvUKQFFCV9afSuhbn3DmU/NiTg4NpUlg8ZSAkV58NX4sUWJvwze1ozdgo17fANqmYDBR1V8EJuPgr+by0Jv0+sW1np+GDiomWJn4azdYQIfykTVBm/WZaJrwuxamm52YLnKmMORtZiHcjxVm0FIfodai4m2u23cULxX9O1OnsKN3tnk0PV0zVsNdnEsx39siLXAsHfKiNkbV0CtppUE2TxZW+n6Os8JDbLFPwLwwPyNa/EH1QJ7G+YnB52IY48CA2ZgReUJW4I4vnZJ/tuoew9Q+as+szBmaugrrFuPpHjgnwJwK/MFXJzbL1XFDKU9G6kgkrl035IhaPW2FneWaVJHWmJ73LJd2IDaJUWpHHuXOp+yxP/+U+UmBSj5hDIe0OUD9AaYwP/MqrxeVR3mdaTOMHPnSQFk0NeNSqvyZtSTDCqx2CijRO8D6xuDwo2ssNA75hh6IocGSi9pY2iFopD8txj69MtSPwG/MWcFVFDb1Zy/sxNP53Sn2/DApVYeXvTdIUhsLB5YvPRsO9uOHFfvhkwdbyzOusRdKKs7DZM/EqAYjv6Y0t/8dUPx+Y+DaB3SV/bM5c8l00faz2lomVr+YSPjZw2isw54yiaTD5cPSFzxLY3X7Awrcmv3FV3CxBdZpFReXB7ps12K71KjBK8z+zFt1YBZFD6X8nyyKSQQKB9vB2W9qqLOqVnJtf1dYNr3pcf8EbIYx2zsNH5/SQJwgJgOCdM7WT+RHsLXFOopzeyWezTEhLFAA1sbdF6w13Y72IxRI7Yu1cb/fWO7GMQX+3v8UxwufebEvY/PXp9Lp2Trot5VUQbg3+WIxqm8AAGIParu0nmwSKllKjxj6V/T4Cy1iVkqJt1Kdo1C7A9+YLlzNaEa2fXCG18Eg3uAKmupKRuuHSWa+NHk1hfJ+PPv7KvnhkuUq+U3crwR+lGFu5l+m9sxWXJIO2epIZxR7wM/7E2p+IkWrqfNT9DRJvJMZgrkWYmarY5PVeI1rOxNuqI+hpRsISR3+G+xsvbZDOIdEr472Nx3HYP+mPPf/0S9y1sPHTVALo33Dol5Xzlrd4BlLsDyrPazO6sY3rLdXjg12wFdOxJNFPM8K4k0OOzqwiqDcOsZU5c/1TQZraUQYKsi8itClZZcupFp8nLJJnikwJvJ67CA9OSljQ7AkVjG2fSZA+LFupld1tLu7X3n0qjL1oKRAVYz7jBAOtknNTdMIF0Qd7JZl+vSQY+Hj/MbekXeSfdPo9ERn0qlnwv28/VuhwfDXti5mgN3seGzkcyfHzZi6lJoj2gy2wHXPS8Hk3OPDaFZutERJ8q1qPLJ9tFTI4zyTqW8X5kOVmBMmA6a1avjdYmi8/q0FMnz8HbKIrmjo3yLbNzX4/A8LKJGTWsyT/mkqAl1Y+iVP2rLzwWs1s9F2MDw+1/m78Pgtr3Cdn7pTxLjWFLYIoN9vWioTz0tc7sgM7EBpi5SVfk50dFuT6vMo+kdNDjBcTEKaRgftWd/s3tyDEKzj32qwmY4zt5brTkIdsO7UkU/5m/UYPp7PiqhNMp2bzCvxzOpKef/Q3ZrP+CAvwy7sji8YegzHBKdODD9TNWtTreqfFNGH66Rv8uzn0uffL7+ZgHIQ1dyvgahmcs2S9S2qtU/xlyRZKBWQZFk7UumSsXNeRCK9eO7Zg/mS/VeTk21zn7he86CyP5yBId1daeT4PuX+i0F4GVTzhUO5B5RkecrG0pBDxS98wAb9G6Jdmf0IjvkvnWJc+fc55f/wq+KIFCSh4a5peVcWW37jQUDQdKgEyrRbbRO6P/Snr+DKRdPVfLZG2cntHR8/jY6JTbGFfri9SxH0O9388OXAuroYQZ88WfUvhfQmhX5nAJbCBRtXMmj7bSVSFeR17WFJfoGGD1f1cwLseOx8aqLv1cLl1/RZZimYfq3TZi3hRc0TQxfkhAX59M8ePvmJSXf/UXd8kazA/Z5/yMZU12vdnrnBY2a+rXPeOEB9fgooKD7UQB94pMgMtAxMpJs5tQY3Fk4p1tXtmaOthp7pACSPzW3XEEVcFyD5YkDJ92CsDSr5blv/I/kQB2XX3uOpFb7kTCzMERubi5tpQkdi7uDrZ2nzZubzxJA5kkRDYfrluhNtibTPZKfypl1OyFBdD2tbuxfvFCDdQPz+/womnJmOXYzskkZ/HmlmavV+HOl0BiO7fMD86Rq6vw/O7t4CQJfotLCQ4jDZ3bHsCJ+UhV9H74WJj6b1o2zIwQ+efTgWW00Y/jlT2jrk+PLfz/sEYC26NIFcrLss7wLDgq5s/1orr1IDYDDhYOy+AM/2rieKLOmt/VuTH2xRcpSSlstgBHp6JlnjAk+VCp3MoYFDN+6tZBy70QciElJ1OnypICQtxqUxtxdX7CU0nCfdBxRqVSudN23CmdbWY+pwCt0K6T012Xa/EFijpyGnGL3A8Wp0g2nQBW71DXZv0kM5VQxuodXlBbzVjKgogmlVDD34hXiCnOhra6XeCk358losE1G0bKOnvykTrXFfpGVl33eW11QSosiVJOTISoaFvslT1csSqby7E6LtWbUP19ILHnpRjQ1hNkfKumK0OSJVTUBm6SMVZOXSW22nd85UUrjbdJIKZ69712n2ggRe9izqbF9uKMdz+VDVh1DvysUOZSs+PcjVR+POLirEzAdGstZJ41PvX7FBgvarte8QSNBc6gb/jESv4FoXyw7QJmYOtmSkkPoPRbS8GvCPNdQk+s9aKXsh+0f22W862X/J8uPbqJYyj0P+sYEztcAvZbQi0O0JKk565EgDExoO+Xei2bpOvCCNF/LuwVkhoWxBprF9GHIeUmHiKBwT2QWIxoxLOFgSmHCt8LFbVE7MzY05N/SFtOV1+jvqOkjpMUcQAr4ZHCNxz1RSkPSI8tElFreSesSuYSMjEBXOLlwZ5HgnnsTP+p37tqtxeyyXSAtRm4u9aJtFGUvGmkgbmHT+2c/ZZppwEdpGAZSUl13d3ayl95hoeoYPJPwqzHkgAfazRyz2swfWtMT3r7ooXZMwLbTMOmn0UIZX/dnOKyYJR0x+8+m2X1UJ4KCl3xU+2kIidUzVMcniJCpL0Et1FZkJzMW4XRfa1Id9aZv0mMNhR3BMSIg8uxMgc87sT0Mz1K58f0Brejv1ArrYdXaLHnCXBcIpYGWuLSNxTDak+og42ZSr9QyQy2mlI4uAxVkFyxcwxbg6iR3i2OIfUkWPuT+NAbL33RhfHo7ZoTmTCBnJVpTTMBv8NUmyPB6X3dXZXuuyFOtjqx9T8NMipav9APodzvuOssTRsdxCvqkYsITnBWgeS758Ml2aJa1HzJ2pajwlxnXMpyoTGpofrhCWx/qEvJy7T17JmDMGbmQk82bzmeWJOPUocSfB+LIOLab7mhrDLHffq/rva+lPwFq6VxC+yPKyZSf4XDjBm88aXoEe+4d13c3Vup3bzirkHlmYFYa46hk32larZdvtksLI2tm1jixMjyyMK7RpiX7fr0ZWY+r4vps/doDY8/OAT4Qnz149JplPLnrdgDY1L59/vHxPn4/4Adr04xsAV7KMciHv590PqaUqgFIU1mdCfvoI+OlGQEriAVUZEH4kGcoUDf59UWWoudm6xaiycIWpqQHXpNHPU8PPwagyza9B2WAxwnbC68Buew8PgU8Pkx0sa5Bp1ttFqVfONpbarTpvzctWC2MGVPQ+eJbXK9BoGxJADBRoEGnlWDkXiyBIqyk14jPKPsxoBPj7iqLsnXVkFQ2LMUyB/V7TRpteTITcWTJsZlM6CyuKyr6kZTLBFUDKh0qcXfDxs6JducLXUn4xP3yxTlT9gLN+qoRL1LDBCs6Y+xHKb/WLM16925BGN5s5+E4pbw00kDLbYBUDwGFvB+Rn/FeRa9+LXNcQ3kLPWMOn5x4kNNhbSKFuC3iF0JAm+mKFzcaNrVNS1XJ/Tx0YZtZVlH7mZQLoFzvxfZhZ+vTZhoT/4U7k+YZNekThhJelmSN/Tq7aVYc2/1gYqtr9xyXIqj8MCFwhVW2vx+9srzSVXjAICPhKipyon9Hm2rp9c4d1X6X/RdnVPfDgWIFZnZXRGBZGE/mUJ14t0W1TyX8JUL3o9un9eL/u6ov6SnfpD2cetiI69Gem4RjEUZe+3szBOdaO1ILq8sgRAWZ34BDOvw5iOX8CUEDR6prAlP3fWyjMJCmOnou5QLQ44HM9PRAsPNWtDYyUt4eQoZv9CKzCfWWC9K7iP8hZYWW6njDkMK+rIsm8UFtGj2jW+tCGl4n2WB4osDZQxhoW+eH5Ru6+VYB0tfmLFx0/DSF/wMxHXpEbwP5gb8ax94ww+SFV1cfDfVY0Ch9n4XOFZBd/DQLf3i/n529UQv5SNJBcA7kRGRreu5Hh7FD2FefsB3vWgQnrq3yMkomm94KOwrqbPxaIM3CnjMUmVzNw6EKrDak4oq0dNF1Lo33JO7F9MbraeEHrv++dEKa/2Gufya6/ZdqAs4QlcQIjnYARf6FxTWpsVmZ0GFPDNnosICpLeEVr3dZv7hmYmPJhJGZ+as5qyg1mz8vvleiWYkCJntfnA8vlbWef4pUM0zptfBe+Mb8gLHhC+Upv1sxDowf0hJB5UQW+cEK3cmR8PcnAJHeem76Ngmp0jKVamxkLBArIxmNcg3q35vvBu+e3Q55w8D9XiWp9pIA7fJNW5YBidO0GsEnxyvY8/55Hq8JC5iA7EtcUGwrEMOc7RmYAVFsoQXwA06dT6NVOVSXOqSlSesRVbtavANwo+Z1FOhrc9IT3044Nqar5qJoRL2vawW62cM3Ys62Q0+shYsuVNG2DNFwMSGjmbwFECy899NgJCYB6QdEQeJRNFDT44WGaR+DaVF5cIjUXYkqhqseuTTXlI8LBHb+kP6b/ho9vm0yDzZyttKbTs9RDbVczAqlQxjyvvmh+eP8kgPrFyyXp+cXLtWli0cv1zupbL1c6AvRywZIMmDRibuZgAzpuD93Vfmhtqk+Q4PZG39bS+/PP/e/BtDZglV7S6R1xuCDtcIFJ9oIDTwEC2rGYShgFXXDXtXklcbdZr7G2Xv8DF58CKR/fJo49y4Sj6rY2Q6EnyVjzsJW7hY22niwgBCf8BrSRxECXSGCKFd4fY9WTfKJ7WwHEm8+sf+R/D0FbLUdAyIp2b3/lEoi/3SwJqfncpp2FJSWFgZFBZV9MDIKEX5W+9WmZ3IqVHLUtFBsv+aQSyQLI0eq3uLFP/QIYzfuubrknwcbJ3WIn5F2ngfOe3UZuNLVLaCgRZ9RtCDNVhZTFgGmu+YxFL13Bzb5WmiaT62O/NtU/hF/tnwXHFAUlk3dBa/OFpYvOg/wOt0NBwo91mGngIes2EJlL5gObgc8sTv+G1IJIhHiKAsH4lG5raxm+ZsLDDoZMKi8XGx9l/gQZ6587vmwHZhiB24EOhf/97cDSjl59CVAvCkq6MKZxcvDxksKRVPW+NzUPcElBV83qYNgzFOAdU3Pvc7w5JdDNYmbfl1L8AUzWdXLEYrLYQWtoKT5n2XQVNYsATVc0CePrSe2ZLxp8XSPjC0ya2ErFl5MRdY+UfScGonsnxKObRSdEc3y8uZU5dEH+8J8LF5TXvvTmbarEOsUKSilNtpgqY5070KlYleg7k1sxp0vWnp/4GSJ1s7zBHLG5YeGtggxfHqc7VIkX27gEHJhiObb+dq7TnWqw/M7Y3LPnXb97qsJVYNLKRwv3NXA+TE0+d52YkHNhd9pCahp2XICu/JU6fbU58bKcG5qKWUYO2jZdgedY2o5U3s7EH/UEeA8OBTr7bRPAXOHrI9iu2cwV3ONvUZawuVlaMWTivLEGi1HPcj8HmBGXI+n1v0bSIxAVRugagq4JBB/W67ZsFq7UjE0+0xuf13hoY0RlYVjvnXaOGqv/gwqB/AZYZVmRHk7t9n2WJnbXEJfm4qfXDPazRO4VScqjB1ZBjj2jbqxbzRhwbObsmzbq14q4sGp5369oL9lP/cmQd9AdI7y7b+MXc6erUs9iWergkrtzX8YeLXT2Rc3YBl+fd4kaqximW4LJMK0jTcRxv6DswPYk4ok2xX6pvqwDJX0ZcnF9ZQfRxSnwjKw5+eUPlvcGWL/vXgWQQy7uC3LknvcTgJYBy6Jq3FLY2M6RGHH0TkHJpxYZp8sTz/zfIid3CHWTLnpNjr5myQjmqQvjh1+NAf93b/rJQOyZ5uqZTFLnXLRkct6F5af9Z+vPdFXnEZ2Gh+Uj19gW08tbf8+mwkCPJ/7a1jZxIrH9xxkA0qLDNotKkQSE2MEteswnaI88pTIB2obd1lGlE4ha7fD2uSImY2FnZ4omZAosFqncXf3wxiu7FP0JtlX5vOVoVcHI2GqGRQ1GgE8GKAxunLpJT5g/rQ/wn/tPjvZES1uvZsyRuspQGNm8+Qs+E0M/QLywvIOb9NCmVpKLdXW5ALCu/o+padK6U4LZ2/QFdKYZd2pNb0Asn9mAyLruoCeR6nMqroLvYaGuJMb1etPLb4iKz0NXA/rT5l6d6/25127m3WLcYNMywW+TU8WZ3xgApZMgegyP5mipqDHUjg3vSVJuXm8GhgOx2kYotRrlulY5h5T5j2AUk6a67uONasCYlRo8jf0U/yjEjL6wIDjnbXSRuYOk5E/gE3/HOt7WxO+9kxxMnzkxk+96zW6h5aAcKXnjZE0zkki3Eifug9RmfvxPrGKVju+WvteFq+D4Cj8aIKovNtqJyiZPREyA5s+Jkb7JYOxVi8lHp7CjSlZVkguj4hCoYr8K9COQyyc5pNw5Diu/qG4JpkaugH6mTUO6oJ9Jg3JHOZWsctASOVIiHFHWnFIYwIvORB43aXTSmZx1MKhJ573ers4X6ifNbFvAQj0aTD6AWnxivvqpNtwngPDsWCI8wQYwG3uAXnS20yIADo3EBwYex7+o5WQG4Nem0hNIHi3u4t8Yf8/DMZntj73GstamFgSORfk9Sl7Bje+PHi+ftslEN9AplV5BdVok2MzKFd/92vhfu1vFmf9qcioX8/pOZWng2o/4KwCTMAsVRTmDct2esiOdFESNMLzvn+T99BDi50xaIqkryNrLYJh2hJCc7O4+ZSNsFS4AdxIdeihCR7UIstALhm/AMb+3HSdn4EwrI3ZHfzbW91jaTKxxyooy7iuTSblsKmPtzv9SqnK5kbJZj/lcPocXUFjNyU68qHatqt/euObY6RSbHT7sN4GJkUcUcMZCyQjhHKeqOz8WjqnIGDGzu1g4wLmErEHo5aJuJRdBlosmANDkrUFA8/0KaHcClgDtJG0J0FCeltR3tWDRySOPfS58wGyENVJ24jzVVfsiGkZjOQksDyH79A91m7C9iTh/QIc5UG/0Be/Gj65NPaILUVwaPaCn6Vkhz0e3TWGDh0RqFj8H7dJ3rMa7Klec4dutNY9exbBwlzUf+BwDoxQxGm7W7+LtzFXSLjtFlHLJGlJunCpxixdarmZoRvq2tbXgKzn1D14KU4a4kPPEhGMAhTXBSTox+/c7gluG8n917+iEeBoWzOCYlCARwKe4gZYO5izhn7YH81HX90cWX1zNQGL5Ap5teg0wQr77o5v0mA2vo6sWLZou3RnGfKdweJ1h4F6LhiuNcZnF75xzUwCBd7qNOpQAcsqcQwL6zUyOtBhXp5P1I7Fg/z7bNamqJjZ/q0expuwcPGFJzWNmEqkkVyPOd+/oC4t6ewNgUfH/RT4r0gNiXQfe21wTwKI+JEyLNhizjc3GvYPsXIbtuz2d1m9TyC7jXh9tOnxJ6rAspb48bbupa11Vk+mITsT4ljKPay6pEsiVIVHL187WaNzIOOvWAyna9f6QqkkippSTBScgvKlxJ6FvPbDw0gJFwVS3Bcj/P/FvjIX+nzsc+nODRDnhzPph/MaII76f+a9iaXIRe4fnbIwDjse5dJWgIH225i0BPJ5hsoNNrBNOFukiXHwMQD+mzsmIIxxOjX/k2akvZfiuLhZRoU3kdDC4mzWvsWMyhn6+fZzc2tmJttpZCCW8FV1L4dDvGOrfuzFzlQQ9Nn83btMTWDJm3y4fGYO9qAMtxdHD2K0gxfLiT+bcx8GQ2XZajf3RKxkT74vF679hZHcBRlaGiv8wkjlT9KUChFyMs+9brADt/YJN7OEAx6KZiwqGe6nZoY/FGQM3efbd6K3N6PN10qT+6pIz3QG/9zq6BE3CsB35lOD4gf2+QWvTXT0F8nC7fQLNLER1zRqN5cu+XiXGfU7N8DTl7QvfcSpTLNmP0AA63VR0E5TRugmf/DR1X6W/LKH0gxWg1phWQCRNwiieO5Ab2449VW7+b8x9aVSTZ9ttAJWKA62ICmKoBaUyiIjIGEhLFUUEK/OYWkQUBISEKSEQtWpVBgUZZIwTkSlRGQNJcCQygwyRKaARCFMikBAgBM4TsPLg+37fWues7z3n9F8XbZJnuPe993Xta98bm1hhTMcOSunY3uKS/hG2LEUfx3kT0p7ECh91jkIgoXaxcQJyy+YufhHySaPJobaWzI7lL79waasMXm56oIti49wlxbaKH8fe/PjFYQ4s3Y5FdVYcE1NqUtb5Mrx8fM8JTmmCK6dLS6CVgLExIbOBry8vXhes3BsnWK2ppvRq1rPxZVAhtkNDH7TfbBdXf47f9GUM5swe9+6WYv9VKErMn1pR/fEYoJBH+vugcO/Kwf6U5PX4yfe+ngNQ+GDeUBgC3htbfpDKCb2TVuBHBpu20psXTQtyL88wBqGdVWLTQmsF2LRQCTC1o0m6mgDZypz+UwJ1Ju8y63hjMl07njS7geMOhzKm1eMCufUyK2a0xUfVH70g37h4VD08RHxU/R7f0LQEgEwtOsSnZr84xMcSWCcgsLbn1DZo6B3XtFRWdPhdSPlLnsmC0cnK1m3p6/qnhId7nF+lPJHh1iX089W6lXPAr7Wu0Veb542zGjeOayzZPOVHz3ypBRVRll0JShFiVwIvvox3F6PR7dtn+oqDofZkmQ/Z5AR0uUnTjSaVsillZunzLg5vRbHoM+7JDWloy+DLemUIjUmBSof9bNOG/987fwBnGllHZOwiGmdWpYS7+c+0ics4/f19/SMAnPQGFVTIImZjrBK0peNWT7NAaqn/6yzfeZ8esBdhVdl23x6q2AP+26IHPPNHteumAVLuv0zux0GTG8y7hN+jU9O9n+nf4zybbx3k31RSTEdYgpvLiI8AXSKO/Uxhynm/n418tT1jyWi1U2z6XCOkVNYnAGTt2r5H1SxWs1O4Jq3xINF3RcQpYUnrNd+Z4q9qup6ycAZAv/fNToZxe43hAeD71UcKyoGg395W9/K12nE0NM3xSu2e67654wFXWvn2NsHf2A9ed1yz7M38cfCdbY6b3JTCM0aQlif51FRYjMCwbD3edxzYEN0e7zZ56MOnzoSJrPSQkmwvViZLIeuyKMfBOTMt95xwjFtAXbyL88rGoXWsw8844YqzVkivVmmFwY/4i0HtlQ0G0j6+GTpE96vRPU9XK93pfuF3Ntq3aMu2B6tHXX5VuHKw9lHlxXlzbabc0d2FTqeL36Oh30vejY6OtkqiKC+9bjUAxKV1CXPP2H7cfWOHhXpRxhLG2ShknS6x7Bh/Si/WA0Dur9KPnYtl7gbXDE4zBO0ckBz48BlLZ3+C3YZ0DYf89GOD5eSz1umS7D0yZpvhglGM8Gq7KHa2bs8bXwlyzvzpZyk9tL/JtBqqd6aL01X+AIaMBcX4WHnswVkL0wImTYV7v1jQHX+mCMRnV2u5fqJK8IJKekq3hXrquGH2xWlYd/hvcVDG0NN34JEmwl3ayeX6OOhlYQHMV5o9Zj9eJI8ynRKVJGs01reTyAKXmWPsncGijHwzUHhWiljv3SkJwTIrdANl8bYjU47xHebVE3YCzgb8SHnw3KhYVBoG9c6UrTmdwDKnBjjstx4dBNCd+5rSpQRnyHFOzTILs+POpWK6TerJOjiiFpWQ8XAFAA4sWteHrheOIH/q8ydL8e5s5MaOQdxZBIiRMj2FSm/cDvfe1UIVhLcDsqp50hLSw+oTk08TRbigbaCcdYTqPO/jKsmGwtat8KWIMVCE/IKBpxcxsONgWKkhwMFefeFg8mIOFvFzdcamT+uJwvo/JyJNElJP78JxZFWlAB1hXDMXHFq7Bi2Dl9Xrry2ctW7ExptQTYME6ZBy01j9FXsvB2Biih1DxZrOeRc5FYqM2zkXiQo+akPRd888flcelWZZFsuwrxrnd/hcSZzkUG+bHuVelYMxAI1g8Tx4KJIryjOaX4jwTfZ9Wc4xwJKlUFGbr0X+vQfFMatnrraIOpHzTvhyWLQwHjVPirRoiQ9qj5rpMhs+EjRoLgsihFNGjd+GO/+P9OL+D5zuNssTzXrKvQDrQsw5VVWX7jtunG3E6KyS84gUm7YCokY94QtedPL84PJHfiaIuaV9S3ZxQVyoMi0fYarS24OFqiCc2rMvRp6CwMTzzMUTRvF90/0SqIHwcAhVuCU5bq0sjKjleDcytT8GJFnEZwxThQ71UL9U3VFNvbElG1aMBI/pFWAmYu9vAF6Cp1Zp4oOJYo6dJ1tuGh7izXVj9JOIM/LvQLfgJbBRX6MTlJxlT1XmQdDpFYFbh82F9nFdC0xJ9riiQM9PEtZuFhtAtjQaGqOPHAVvyGV/LTKzqSNQUs1p3yX7+5Vasf19FJ4OUDN0WEQqMV4Cm2mkQxrqC1okZ/0U/cn6vkS6y/Y/4hhhCOkWJcdJ98bTaFTibpveM53dnj+xyh9QhTpquIYUjzPe48AKMD8ezrlvVv60pO5gdoHX4H1RKdvXFVoX06p8eOEe6Fyh0GaI0c7zkh9bifJvHf4xxGehC10NR6ffj3wQ+x2OuHuNfRGRMlfEfgdBk2693V21hFGXTe5xP8tqcZGVAKAnEHru5EVytp+PixIQdfmTvDrbbdyDq5rIt/kQdF3SS+NwQVB9MJnWQJUmdArduv4A1ZkdJywlUJd6ItIEHd1fune0YSZ10b3lPPLFvbW6DEv4ZN4uxR56p/dM7WX4xmJDHidLZYA5P3BwsqxKKr+f/zYslWwH6bk8obO/MMNLml1n4tfWzWgvbSdiMwTQbmyXBNoQ1Cp5LTYQnyAf3J55iUH7JahK9dEY6WHptfj+aITsIqhpSqD6K0ek3ikry+DpQiic4dFccSjVbc9n5uWKDRI8jmuNCYcIfZMEmT0xDIsVuBnHEf0JJL+IioiHGFkOeGkoicd6fAZQxI7xUgHtabcE+m4XkQuCNsQ2uBrXY4DM6g60gKE9ZPEYYk9lxrtP3ed2ky43bsBPPsaEU3bhGmaFVczizKG+ourQXgn0TAUXViYH7sjVLfX8fmK0lsIcGqaqwSV77N/ikr3cgKkGruG2+lWBadmdF9Q/oBYTOgj+9vxrTd61T9C/sfJ8opLPBXHucw1F3RAjfQP5964yLMtqYYC7WuyMsKoRhoPmFcCejPB0DOjJ0qFg6Is1BCjgwVD0ku0r6Lhz2reTPnGu9BH1Yv1JcT/weiADeJjDLVebcp4K2xbGehcKD7c/oWV6mGmr5WtiFBMswwyRyralt9T2uesL0o6i/+ixP0HrVsVY2a9j/zKF6jEK7Xg9+EdUyhCZYAZKzXufATCWvWMsAglmDGoQKydAZo3efwdqvYVIsrndADAFMGnKpGt0NRsQ6v3fAsSliAfShZ7AOEAEYjdoxInJodmH8NjxFm2DvWhmYmX2fHJ40nYQP7QRz1AndP3LDPXXpAcAGf82+ZL00Na624J2Viqj4thht9VTlr3p4xZZwAMW7tHOf5esEYUlXOlb/sERpeIR6rWpcQfrFUKIflcRHjvF0z/fw7k0v4MRzVk+QkAkTW8zTCqCGTdol63Pph9CeMguOBvDueDrjjJMlsErQ7OCTsPECTfs3+qiLkLQJm3jNSkxpchm/ordORkARPNYuxmXr32B6662jz4eV3VH8DOLz6RIskFQmI593A3s+HvdBaa03FxjRJvqXaSbL6U6eORptL6eOSLCPRADcX9VQu937Ryf//udPan7XEzj5VwW6w/Tdrk8s8sucFiCkZPs6e6gYr4obuzWHlzDXkZt5U/LP574BqB4vxH3IOSeZN8BGF7wPwwPK/goc/ofE2uzA2zRxFrj41v7pVtQHeGbabV/7+3b1Jqxp0F6vdhi6tbeTXAbQkAHw1Bg2nOoscXXbKi8ApqvzS1SbvxkSLN6T0+BxjIQb1NyoXaRt71q5roh6GEuaLc4TNoMJ0TUl4Zn7S7+AowBWpQI8axQrTgFWuxq0LpVAEG7t5WzbtRmT52AUOtChNbvgv17K8oz26qA7cmj9JYF6sBm5nY4STOs8ykmnED2X1ibdAoVNdDC7BJBG7fBA8yWU9Nx3PYlXJziZZxk2BXAcMS+4E7nmW/crbV/h3Npb4sLggoIvcH1lNANwK6DHq2lh/FCkuSsJVAxChrOsnhhSHPFK2BjRuzNnlrXuKLfJq6dFmEDQvS+uly9flihd82Ay+s+OwNcEWXE1HwsiRpxosJPgrdNdzWN3M6k3q+wMnj0DiYmglWQ8r3lNCke7zmGF0GElCOsQSv0Qpu4Bmf6Wn5i9yvguVi2i2twXoQP4hQboZx3LvMwgRrpAMlQcZ5s3ZsMgHxfeW8geSi7ajrQIvhCdD716YjCFLrsWZ/Os8w2NMRd1+qgvySV0gvIF1JVGhSuzUWVnzUzXd00s3aWHtk8//NE2lTMK0efAav9V2MkREwwxWVw/ul1Bmq4jB3323H3z47UeyHxDSnnrqoXCEtzbo2Eue8yHK0RT0K+EU9CHiXdsv3Du0T9CbLHKv4hBm0qetpqJ/rDn5D1fusJwijsfZZ5rHdm4oZ7hN6n8Zz5x7pH/U9xM/bSB8Ng96G7BMo/YZE956nVsq1RH4dIZ8neIcTiUJiCCc3IrhS0AfeIyeLnQZc1oN86t2stnuxvISgCS7rf/iMksuF7+AJvUhvAYQTtILEPQO7gGvHZlyuUtPg1oQyznA5XdXczB9+Ku6JJdnk15OA0T6eM/YfPzJHbnX1TPDDKQT2tBr7c83wNxqVSkyydMDcOe8+1T3fT5xxBgT+IxvAQnPVjIw9lM+yYMtc0wrkyYnHOOnp610yAInureHrJtf2W1+CZ0N743qEzdMvsoNKaPiUbfESQEuVNq6us520NWGCSncC+as/2dXzUOz3NdQZj0BHSEdClwhcpp0pRgdYtx71Z/10qhdOaJosAH0pSGjzukLXXZA2JXEfL4j/g7XgwBhbw4lL4mAIFOh3pCKiMXoC8OoXLXkGq8ANNrvWb1lSYGeNMy3cKwiRbBtqLG7S0+PcGF/Ixo15kcKmmetEeZjgaZr/L7Qvqph+/4mb7qGIRdX8q+QZ1WyjdGw1PhjlqZbSMTBHq742wLCEwbLFbRNtzVn55C7XxIc9Q2FBz7XTDOf2RcaUqXxeP1ZxghjMT7Uml5Cjli14u9AcsPJbwfDmUJOS+i0rVwoB4+WfGhReQcou8am+5vinal+AdU6+I+HZwVoXXYlaFOjrvgTirYiFdO05f5KmlogFoP8e7GaR33oyY6MRWuYYvrjF07nP9NU2iD94Ts4dyHxElivnBa/JXNdWmdWqpz/TQACXcE9l8zpttorxwd+XZdXDBhvhJU76PLF73aNUgNlZgRa7kskbyaMGB4lVe2xHS2HukrLSSZa9MX9+CNDglzXb3fdYiY9MWENUJU+RYAyyT8RNfx9ymKK/Rwzr4AI6JsW2JGZ1aDTzgGTZ2+ds+JwcCrBCQQHxywCGTMWWTsUtupANlIAIaDTzso92XRze/onqa/pNJAcgWkzG+cWrIANRRyWICPmuH0U7WIxW9xQT4hPpA3BHHyaBGbZQfsBfnnbE2TXPPSpbgADB7/n53wT/U01YN8TOOidVIEVZV1/aIsygwyhFVkNnHmXFqDkSVlo1NtRklI+F7tZNffPl0FT9Q3f6zOfB+u3eZOX5KbSLTaxLfTRmRs/TWaOr2J542TIOBwRU5to/qWGWXmLaWsOG6zTo80sRmwmYtnuA6Yuu1i8+KJeUqNpKaVCYCH0bi+4+PbTxd72mV7b4WP1kAPhPvWtBViNGVcZ5LyKs2uGNVqpsB6Rt1/azkq7re4y82nN0TG87WXVo2nMFS6GlRImEUr61d+PRtqndnIjnWJvGCdZb6mKk31l5AS8/dNOl1qTuqff5Akj4/YGE+S3R4trd6m67WOcP9UZiuSf/l2zsv2VAodWBuD7ib8fnBD3BkgWnkrNGYJ7j2lglJ1Zj8PM0bGBOOPxPpLv9F9sh/1CeL6vSjAMimUPXnXtHb2UsjxePlnu+dhsMZSCQGUbuNm4VZJ7aqTejQPpUufxquVjw/L55Ez+0AeOvUCv1N2CYgb+LS9n3NorC82yKnTEVZiu1KxbjB3bV8Xf5lz/hj+aAiUsPHZYeJ9x7/L6PlYnL5pt6iEf0B4Jbd1MTJagnexD2/9XjhHtYwvwKk3w+5q+MiwyJqbvNTpypk8HI6UaXiWLFwKfb4HNJ/rI26Cwe9TB9j0Oe//b+YouY3sY6Jz74MQr3sXxyE6hYPQmlj/6USSeWNiZ1pNj9cOP7eG3i/9ZmeIzqa0nmHrL3TXyzMChacTPMm4iHl7Vlv7CAZl50jYKURrhoz3AXGgocpKFRsMZRiDxrzS9qzEKWcv0KXka07c93goh3WoCy++0szRH6X8ga8441PgQ+NBnSe7T4qn0G4k0dwgUpN7K7dJhXEnz+iXSSFqszoMeNCekLRHMcVMR1RSY4yeMx0miDxncOldPF8gNDhda2491F8/rZgjRi2elOHaBqTNzol0G6BNx4WPpl1Oj7J6drYxLefwhAJjNBCppYR6+aaJudPTpng3YLbscQHQ7CZir2oKhjO+k0XIucuyPvfIcVOf184oJkva82muK5q8owPjIhGhHRVMDbgQ/2S/cHvc28ByOdaKva52hpRjEtW8r6MRCsBc9C5QwK9Pi0kmiM7uEsCVdnkYQuhRvwIFpw0/aWJpmHfxYmmPWPiiaYqnFc2JV7Tu3DQqq2LXcRolMEjVX05jwIAuanoJkh780kUtluv2ulw77NyB72NU8fxvhIYKbaXBW09np4iJ8keogXZFk+YZGn+uK52aKaHPkJ2PQEe/srYiSMeKKlctIi0HSWYfRt/45CY5ujupYTIKnBwEipxxRW+xtjFCl9g6j2i8eoabMPQByvP7LGkkV9b8szue63vCahUJnEiXOwzD/uXzE5E1NlZYHyXLzOMPDkKXuifZf4jVrX/TTDxGHwhmu3iiqzpkh6mg05zzgPXASAY2hrO+cQa3OYdo/x2QQ70qOQGOyTKffpeP+OPc14l82u9PwES2PNTmK5pZoTaOTxim9jq6vzKbk2cAJCt2nO73t0We7ywN2sTEgdFU4MJmM1gb6I7sPPAVM+adh7wfu+c27vURAU0yNPRnDAOAxa+YbBHAi1oFFdpPKnYND+w8+8zVWyTFEqTtlJ77SEZpmHHIBlPwgIUKOcfZBXjgCXQ2HPGFcy6BAOLRg97qRVGj6Nh4jElrCwr9ZQMfuQ1JftybcewZ8E+8ud7qeFKXF1t7tl0mu/OMO04OSPG7g5+UxBlS4fyGfe9LUTZvbaQjP42ujlyYNogVAY/SeMEMqZmiDp8DUHvT79PV+2GLt86B7d9OGuLNJzBLv8aRuBDwlPq3/VLLYc/y250jetwCeMKBw+Vyg9ZE5RSCya6a+4Ab7qpvXJLKA6KbBf63M4rsg7pfvApIpGv2kzsqsOpx/vGK1JCMwAdF1Dk1aD+ENDMzsgFp9ITjsoBQfuSty84qPYsbEK/BNmyuqgnIRllB3sHsJveQ+He8dGNwlyMgCZmRjIRtUsTSK6trhK8wy0OTYBmnArNvVbYHFR/YlegmcckD5aI4VFCP5/uXIMhbxfUpFdEbcSH9gLKWsjPYwRP7hPi3FzAd/zcl6TCkUm7bgdFV89sl1Kw4yMyCYJ2K5ettQziwqZ26BLOZ1plBI6lUkrVG5h1Iwn50k21nWG16RUJAHINGw+ubIkCANQCfd7BD3eW0g7FEQvu1K4YruyX4KG05XVsjOEBQ9ECznrYGIRqWo2UYmshOZnKcAHbeeW45pJHdtNiZI7qk3/rkdVYjMzZpZnpw+3+/Q2NdTzTHPaXDvJKA/9ntFLE43PQAPSRDB3ttfjSOrKxHq4hZeXNCBeb0hqMqUkwfwBx3mb/C+LsNiB+HRJ6VKchgZodTb13g+lDQj40ncJYwdzoyH0SoVe1Kscap9h9515Cw0M1kNaNU1ERcwvDWODGOpLi+AOIhXllkSFDqGUMOvXhuTiOalKz5XAtCDgOS7LNLoK7odYquEg/YAEultKyIufftCz/Def9w3/SSmv6jbljXtG3rEkeUHQdEyaEKzFxjeU1YdPBnPoxbGRHssn9WT26CYagaKMJstPiYgASxwMUJfNBF7jfeoC2aPFYM3vlq8XD5s1kvyTb23nv+ZsmCz7ZcuZZDmqO16iZhYOCTWCE0Vyc+b60OPOdsWuH6bHFBPogiCjD4NSpmZnsHQ9a4FklV89JsxOzrMDPutBNHWdtijmwWDgL5Ey5P8Z4m3Bmz44Kfay/wyNZGOWhc77g+3JhJ0DwrynlvCz+OuqzrTTb0nLR6OHl960JTXjiXpcxazw76UBDjaN8iOBuHrFhQ7vc4xYNJa5s4bWX/G30tHONA/0vD3ZuimW4W8me5o7vwWUm3bENepLVFkXKfBOnY7g/s2Dh6fKTMSsTO2wdbMuy/z7+zijWzv+fRsJ+U/IF+5csT9mbvkvhW0sW24kyxf4HEihSsJxw4M68UpBKuFl7Uv/x60j+C2fzLbdyfF4UR6N1YWO0J96rm8hsNARGK5gOq0P4GqAo0k3hJ4ofBlpWdkQiRGFZByc/TTNdwUOl45YSqIOi+tLw3psf7pBWhqnu/9SzZNIfidfAeZTSpHjMcdss98bc1L5xLjOEzL0TURRgioFkDJrEKN80Q0WEhkmzh+5EIjDKR0TuWqVXwF+EEid12RHdswjxxVxkuk7OGaGGPWc5qavyNwjM4dkmOKOk3XMODXEP2A3bzLEZYr88OJymr80/nu87zjoou6N3x0Y8wXYWO4Y1YPXyC3LAA3firqu1PiwwBGu9o0vssg2hfuuybdnBTykLFQcVmf6BlrTFm4xFUmlPrtEJ/QncCU9+T8WIR9WVCb8oTYUI9jTHCeJOJwhd/CdNxraBVuEXFuW/yKLkl+bCxQfiPkuPSQJD2ExT+9suKfasARNAWOcQWJHOj6UHj59sjPCE9KSxzCd+RqvBYlvpJl0u9og6JuuaJFvzzCwZ2W5QFnpbdM/Lfr5ledHNvW34Hk7Yl+lRe7BUke0TJdczoHfo6Qqv7djU2F8jizPid8oWY8FatwiMa27TXkYIEfNTcUbxLuVmFy1LCZYVDu+UWXbrbda5zm+5O3xiPSzD1O8795F06NuJsCxvt7w1n0KypfcXt4rsMccEl+fpoF/RJ9ZvlBO9EbNNPyzfkO/hk4MVws+PSiAklWIwz94scaD3CgBw/fVdAj5YxEEw/1ELW9ZyWtiISVkkgzWsoULHBcZpkx163LNrfGv7xIGAnwBmZbSfiZitFhtzRY19n3pByYJJ4kkjPdJa5AirufugWMhZPzQWs6+1UUvsC2G+pRI6PUUPSh1OEfoRbQySDsRUs7D1Zvnj5vmhH5Y/aXF+vKJk5PNi1Ooery9STh/HpJ6XZgcaUyOJxu7atQQIOiKiOOapsGZFn78H0BMHyixYA1x1HHTQ1Hfr8DHpprtRHUZxGv6yeLrQ61fRCoK72HDtUf7ADbPHLk8PXPlnegCN/JecaI+ca8kSKISVmQHRVd+VJbtD2/n51I8VdhBYA6xovvN+hX57TtLIHj4CWae7wQNYroE1BrDQ3Bug5b1r7za42t3juLTsg+MjBifvTiyl9UTUTBdVJn4XF2f7WxrAuq60tsFsxKyrJJ/YN00GfkVazvANUXV0x6bvHSPc6MleF5JCgyAZDzFe8DMNfhwXyczE6KgRJj2t+0yvK9odkEIuWSUbQLNXKNJmuBpRXPHHl3yp+Ft2L7ZCcyXZz/RxHg0lwi27AmRjMRCY/0OEkUQobTjuEfcmsLqLJhKk2JZUxxqWYqHb4RI/jhmHKSqQ7TCWX/54StNXMfdTJ010oUpVkUNSfQOqOf0qwUsBPhfR1t5KAND3hdxBa47wgJq+mZ1jnA65JkjBXitOojZ/7mfwxp18YbG/+dvz6gvAznt3b2W3RPmf3c++lPM7TcO547prmrCdQ3lbOeKCaB8zbSNpazXAE691Dw41TzZDynsHQjxzZ1da4mqXuplqT2zz3barCf6r4lKtv0FQKKuLphe0cSpPaUNG6aomvipBZcRseDOc6xKXSc+ME6k57X3gWMs6bkMU7C02Y6af3LOiJIo0/OJeu8zwwefVH9dcal3ac8TuNf6LL8nz8afDvQCKVdNnLtYV52HYtq0Jv5UpH12VLljgV4oaqXTZsRE3qeybA+3POof+UHYzDEO41juzFsufXryj2b27LJK8QlrliHPoVHU1omrr8sUuRj1Mes5OD43cQYDrF2vxhldiwHPqtv8Rd1uVgiT7C7DVMqrkI+Z4xeL33eibQaXOsB6d85p8ygiZTCV5nZ6YvymGmsaM0+n7OYGs63y4Q2SFjn2Ug+fpBQNr7jpT4SSoc0kSk0nHD7PjLYz5FSpwyiWUdKBJe3HMeuurxOFsiCl66DQt+buI5LUTZe1VFreVyLINRpO2/hReUhj2RiVd2zTzAy/5QpCE7PKtkv24OAxACa7d+PqbtHrXAxG8/K3itPqetO9sJHjTYQdg2hjlzpRTnhBq1xOACGBWTONeAkRCh+P02e45YI1eT6nsgqB3/cBZOxFWKdqk3RuGUQM73eQXS0xPiz+H2X9yAY837SIuFtStvi2oK3Wr9BClm8i8Iq8gcY1plZs+s5aloyntOzmg+lJhjhS1ENdfqJ74Y5xtprxTwFCJry6XVhJpEgCGRcqlxfKSHDm76fgCwLpeLrMu7IXGK0txYkpuS3Fii2kVcWuaNA5NGJws+LzNOUHVoMG2pi1hLlYiPMErWiJxK0MFVi7FS5kjb/9jcG+SbRvWCxa+2/kkLL08Z7atnbQLfMX9HntwnA8By+b/r2HOxZq4/7rc5P+DhLfwExqN1R/pQW76MFybbHxamXqTagwXiAqEyLwXol/a5ltGGCuodBDAb33N+zv54T4RwuyXCi0CKMdY49sJSQLV2Uk5vSm89G8cXZU1va0ydHBgcE3TjI/zfdJbOaeNnFBHz2HabEmT8YosSvai56z69FfPWZD5xxXpEuFS7PzT5QLTxpqNTZ7vizxRUQbisyyKCFrpglxrUVMPPwUjgycI5cE/WUY8w+Tg+ga5OMMUvHKGadF2qzjtvGi7hb0bA6jh5ZHIwhSKcuPD3Qq1bFcHRm7VC9palNYfAT9RRt8mrw3yH2v6WIF2EPGAu27m0POWN3+WprnieQBcynGhE1HLK1FkDz+Uax3QWzm31CLN+Dq3pLA0t5S2NLeUfubxiLXxgaXk+pyCZMJIe7rod++IdpOMslD7lsbmQdKu/iQCS9RXdDNErz14togSydfa7gi63Ffi9uEJ4M1zsARXrdZKHBhEITGV3brgMwIO/b9rIXJIFbKIvYHkQAsWZ6MWq0itPeADozcSYVqVeFeYMp+rZqY1OjBFazcj6rkHPhg/P/Kr568LAaD2kNNgh4TRqZEwrDj10KRz1SJ67XGzOeJ57GX31qXAw6YKpnvtpUbhpOpexJom+31Z6dGCrBxlJTnOWAFBh+8qeLR368HMd0x+1pnw35cvIfLAYkhzLVMc0tyw6W3mkjFXC8fE+kY10lbzd4XgiAi/mSbrjXhZrfMzeOvd4BfgpNhz+CBwMlQe7l3RD/CA1A+7fp9g2rvvxUEbzSZbPXqAzRybF7Bi00Yu5u8QjTzAuYgt3zPscs4tBvDM/rtcREwFsHnK3hvIP1qVJkMr7DONQlzYcAzirkGqJjSEhRcG7zOGaQfslEAVqPYLAOhF1VhCqKH115JKD8C6Ah0yCeqgfg498AXEKNBHsvcOaciNfrvmDmEHHgk8ONsqteoCa6Ol0cydwY+e/zOaKc2WA0SFseyp/IdTh6CXfTNpDya3NXWxafFG+vLBei22HzJSypRJSPqL7tp7sIcaOKIaGWMNoZ4vTl43IrDfEFoQjg0/JurYaxsGuvfith/BaYzv867tS22LZjsxIbbT2ku7TS3CmZ/5Ry1Zf6w0O78gVqCVILu6qXYsJhngZTm6zOK9ZEm2OT9E5CMPH+wOLHDskphlTyRthIFsJZFKAIxpVBUAchF2uUVBACkP+Y64YoopEiBBnZz8gih794l7+PDON+EBQ5ifcQ0tDY6sXrfH3BaKIBsNofpWoMz0cQ0vs8Nj1zRZJJeqfvMatNWdc7VdI7A6mGQMt+n5zHkPrm1tkkCtfs2n2QSjpNkucMQ7f1dxFg6PZtMluAG8XYqGsFvmSWKHuBRVB2daTnk0fwRMyMyyxVZacgC/eNFK2xcsttLKt/pbJRV2IJcyD70XDwQSwMlpkmyrNmlvWLgZ9BhWz2F/TwBNUVpw+Pl2KXZ0dUKjlJKF+lbmNjh34+h5WMd2eJwckhwjwWvu59+dvIBW0gafrq0DHspsa9it2ODrc2lF/Wt4rGIPY7Hpdz0QeDTY+PnUS309pWvQqQ8/jmrm0HJf8BVVRv5A90YWoM0cXJVbZAaJ9E/BcbXF/C4uPc+YpHzWMkG4P6lyuuiJy4KB76wPmbL+ceVf/fIYu56F81PE5Uo2rvLh5CikvlZL39MDOqOTBYKozRK80J1dO20sIkVjAuXhnael2f1n2pb/fmJVU+/Nr+Lxh/3Lf9H8vygeEVFCau+Q0/PaQaWbZrUmgUiMmegnjQTBC5bonnDHgumIN2xGenn2CEcVy8a2598YJUwOm+aR3C2lRC/FGdO1isC3DJ+5Zt78ufChihnAqYSDMoZcx8xGhYT+G50rSD3jy/hTtuGrhpOiJZzr3QSP87J5g6zkVPsacDc2VRxqSa+aPXEngglLG/s2Ha8BWr0kHq2VKbtw1j2u+sY9zdUVvyCMcB693xTuuf+ucD90VgxvsLxv4C1hnXLuXfq46eREbNVQxZZLggmDe0i/eHdZLbrvbdGp9v79Y7N9++3fOjPPAYQlQC6c69c9kj2xmzVCUA7wyWgh2XpmIx5yQIeChGzdgG8Z3f2jtWnaSfGpQuFfW4A3PuTeWDY3OC+aG2rCNWw9ZPFCO6xVrwS6zpmr8SPxndG5gLj4Sfv2hN8q/HWlnr3VsT9+8rKAWOhYOxPjEPLWYy1eoxDa6/CxO6oDetjGzIvJiIuvvBUZSg3iRP3q+WIYdILMbrG0fA9IS0T1eXvKCpetwj8ZiXot8vCAA36re1T6fK6M2Nvgualuqy+IK/gFt79W8HcNMGFR0uz5lsGwKDR2bls3t9QO5XEPmRXO3bP8dXN94qDoLpcKUxv5AMsOKNym2L+tboW9lleGUk5K/MQk/BXKhVbZQmBVpFVNHdxwbDwfMnuiZS7/hYUUe+4jRoo9XztlFmd1shRR+evYprEFteWvSQCYehsl++96YmOtYhhZCqX3zAucdz8/AUGXJ+eGATtLXEltRdIccVRcz++XZJe/roKgZ6XYhfwdFRieyeqmuxGWdcur6ccvx2uULM5uvnv/b2c3F+cGKJu2cGOwGhuhARNKwzuj72qgiBbNnh/Nj0+GtZgPR4dfgaCtKmC4TI4Gd9Je2U0CdSYT+rvoe0zAcjg5REzghgEChytWZFtea1Ee/IbA2bZ8HTx/sr83EWKEDak/0XOhmGF4UlkIy3YnsgxTcMavknqnvDGozwdOxVGQEeG22AtR/dW8walFE0MXuleXhx4VHZ2in1TLHst0SEHURFkv/wRxfehA4zv9gDPVr0Ci7XsJXhYcQv3J1RcD6geN7vq24u9kenecZAHyWO38j56TRmjxZ/X0DNbt2zJpJMsBaBw31GjLZ7X5G1gdC2VxIobIua1Gt3qasQA6XoHmKu5CSnZ/Y2iwThTGzx7cwFsnDnnV8g0Li8hN21ElTOsSmolKlQSRRa+s/TN/LYfSFkA/2u3mYhGsfqkIdu7CF2fXWjz9GeEjGSFoC7mXeX4tnqAjG2ezIrj67SNJ9ujtiH9K/FXujwvjgnpGURZR7f5NrpJsk0crur3iIx2+Ytg2/X+ajzGLFK33XyjaSgxzdHFXO/MclTjU1VOaT3aglZZzVBhRXJfGZ5sbd00cmPCMETjbrOFi54OfmD02922ojw2gb/8BVI9SK/sDkhFy0P28y/tPZNaRttKWjU2G/R/G97Bs1zvam3yJ9SKWDn9anHdScDOGA3QGm2uazYVk4Ay4GA8TpmC+jGiwxhu+JeEUVmVsnFuDLlnVJCLz6SefTpShRKktdJmykfyHdXre7SFn6z1zu4Pb2uaFIKOUmxi5boiLYvP/2GBlOpeQi/x0/EvzUdfdcGKp+djQw3eEZdGCURunRsukX8N8OQnafrL4UGHJJWaFFKqgxMHDsTrl3MvZ68m+HND+3XdA7JUiiTlauX5GoCzeV+4j+lE97I6mt7iAzyhgeQNP95HwSb6qgLm9Xwfpd8skh+TzvEgLZRgAgW14K/cYmwNAgndEll9E3ZiSC3LsLlUAPjvk8aL5QW1zwxew4rW2claMOCEAmBQEITGIX5C9ErMnhly71BgmLVdr+p0lePeY5WZ1kZeHWpGfiiDljSXi9oXycjA0JLN/KZIa5p/KAGQn8d/IzqnZJdmJucyi9U9yslo+DGPpaSbXMg0Ye5w/O9nL/o18aHpGAUDd7kPWZi4BAq2syae7I/wh7o0Ua1LOFDG8ziFUf+OKfuoLBUn25qoW344hByl3Pb8/uynZa8rPPM54qHsm9Z7lyLzfJZaRh6MCneGdJ+9QQ9kEJzQSFXLliVPlya9bYO1SztbMrA8c11PpSGF/9hurrgDulnvIyrNZIblZk7OVZvOVoupWoWZYeXK/3bX27qz3Nabty9e8WDUDZ/pI/j/L9PmXRmS58HP/J0NxSo/Oq+lQkfioWtme6arBytDx7cqd2w7uDT3bkBBlvPzB7znAxRB6d5AW4ckirW8p7dXEBUI6JjP38uthHpgNbjsnrkQS6irX4+miMy8AgOHPFVISfyJrm85MNA8m1WEV4I6/a62oUbmp4qCbDij7peqe59JeNgYvxfsUQdClZNXI6g17pdiWdQQImtKxbcmQtfUP8NznPApYGi0saExaZR7EaMfnaglU/YV7m8MCIO7ZkFnnmyuKZ1rAxi9reLLePyZH5WjSZO4FQx3/44llB2+jsG2uXd+4JQKn7g0AH5Nh+2yiUwpD8ckaOPC6OJp2CllJok2nzv0qgcrsQv0Ji4l8o0mLLFZ/U6oJskY0fLwkLvFh5Yuu/ynXE6uSuMdGnAEG7A7RNn923ez6h2DhjL8kTpczxfoRM5fWsd9+oKM410DNocntzQXFj+NPSSWCj97r8clD4QoWue+hKiP3naP23rZwXGdaDtKK4sNo8RjjNMGQ1z9BrJuZS0GshtyvSCTBK38AcMTaNo+3Hb+R1zA+Ysy7Bfc5p3iAiocyUgfqbHuM/RARUEejIa2boCNKCpfje7Z2hVo0pHR+F96ZPr3svUccwHH8Qncr36wz8n3eDEErdVdcPbaqiTwSqYIt1vvx3uRmeNxRQMHdewMqITsvpfUYnq/p4z3rCZJm59BWZlsgfsI1aAkMKpQbhTHGcG3lVs6fEigoi/eKf+3JMynUVT9nUJ5S+pulqrzLe3GuIKdL1fG/tDzMnECKaZVPQFM6KSjiGAS2662nUz3yOqScUxSZb1Lt4uSO0qRxS93jULUfQTCp+U9r0K5UkT2Msl3zLRuSm1iO4alfKmchbCPSo8u0+8SdwXJUpcD0VCWqMkOxsvQip/D47/yi3HPj9moMH12aqXVy3jUHES8JfIvI6SsPgHX8Hz0Adj4qhIPQj/3kK3cAZT4SYaZASXiDb4aQPPHM2j5IUDv30OUJwk7HWRO9fZnwy7eOls4BXGRHemyd5Zbq3E15fJMj39/9/fa49i7umy9f1ffnikO4t7K+kxCPjE+Kq/cjz+UjpqeLPcgVUWHMg8yeiIbvPHUGDctsEDR+Ruzqucc2YcFYV43q/VU6U7I6ScPKoAMiFjbScyDu5/pklSun6Gm9C52ZprDenggoDLGt7bjYCAEQJPP2W38FHjSOFuaNdClPy8v9lPWRxYI3bJEGvciTBkch6CP4mWYrZPmORxETv0s2OTJKr60Sk6PXyCzB3FOWLvAvm/mBoMduYWgPMdKLV94gPkeIFyZ4rt66Vom05lJyB1vXwBwCqHfQf5xuLY9jinbc3eH46GKeTbHqs/S8++VHdzJOXJ/arepuxn8YELNvNX7kjZstK6gInS+/O52qXW/SKXxbuyOGEar1nUfzMFpnR7ZzNqLwic75ggi9KxFHIOUNUYqni2Exzl1Rogn6hCro+64ZnIIYOTN/wyQ0HX802HzyRXeOJEp8j48sqF7VsDeBIs34NqV7jrif6xlKxD6wP0lWhwdI44UnqDYkQNjkCzN/hwpsD5BLEjY6W5Xzf+1kcYfR2UWC/Q6Zsq3Gg8cKShiM0USyPRi09QxsIUa/MOdShapYDMTo8sMojga/At0rZNjAnLq7CBBeUFGPoA715rbsgcRLHAn2KBERbEq9E9T4k0Bj3bHV7P6+ngfyePrxxDvM4h/5tCnNM7lFWmCBLBuaC0HJ2xFzG23L9Q1ZUJxHko51ZCjitKGoVKpJL6BYeRckY3+16OkUU7fG8xNUmzNMGN6XeGWvxVp4XOmsZdDo9jHwie8Ua4IM3DHV8JcPdliP7IvJ8njMuU/viRB3EQGCglpktU0lS+MJVLv4sFwINfUc8Q3XBVLuspsuAxckthoIO1eD1lJYhvUmHHGiMZFzvIl8LVGOmPGuWlTQfErBlvm3JuE98upwB/s0KWszzvpYO+UHg8x3zI7fvf6mH2+4Z5GOuWrwgZVZmvnxrXMV8O4NndBQuHx6l7BTsBpP16tf7v9DBlF/QVCbqlqK64Yc1pTff1WtPJi6v0nvV/t466xzf1m6CBBygwVTqV5FAXEOGvk/Tx6GGM2MKt7780Ui1foYbArWflFTmutdJswcbqjAls9b8nP2hZolyfwtoAqUpp5RS+1Mjen2v59f/sLpnbG2K8Iq1q8C48fNnStYyXoJMNR8s+jNV6DSNvBzeP7mezAO7a36QVLs5R4UuzkZFzWmP4/7UoNCFz5T/CgVM+k/VP1pjT2NfeE8SdDuHR5fvy4l+ig9fqPzWD03KiYPSr/3qLGN7+dSdThJpZXUonfVJUOH8NSo9aIvaL4SC1xW+abnR4vbWbTo80cbQ/Wz5Op6rOv9jwGwMcN6ipNiXABgR+Jjz6mcXls2nYZ926Z2mz3UEo3sOpI1mMg81S0YU8bWL//oJ8OqEux76hsCvC+1jHX83sn5WYINQM4g8AhZhmauvQM7T31sjnIZQ53oGixZD6+8BQExuEYkACE9InOXklf1JHUIjAmj3EDKwuOEKlcvK+ttLBgskF0rZ0P69H4kkEKDvdyMg+prR2uvA3dxTIBXmTu/kRybF1TaRnDZ5Nxg/6L/4S3fx78FyMUTs9CdZYdTJJv4fxJzAg1dYO0yCZuYjp1kyabtj25bZK03uJrbE1PqoxDsJuxMvswzP3Zs1lE4/Ge8Bel86EHXQhNFeJZkk+0fRho5HckZvi/anAoZzyZTrsQ0z8bPqnFi4jig7nRUltwafEL3cZzBnvernCyOvblDkGkKf/Rr0dpRh7fBJgORw1n+trfKgxpbNISH8+LbEjdFHoBQ3XXKa371/vT0QY2Td9W4/mWuL2LH6VIHifJIxTH5Eg8iQfnXqIii81N3dnOV0TLFjo2axnF6xxaMFE7dsPQex14Ofml4USbDpsLU8ofA5RvrUam7Go+p/tCtNtUp1aSgKkIiLva1CZmVkS5nwh2lmmqbQ3o9i4WS9Qk6AV4Am+oyupWDDlSHEWziZogl3O2nFXCZ6kdJew0sqEKPSjKUrinKK0AXSaKiRjPoRo7SpPvN2wtP14suT22UXnEP7tquxufhg+yxmc8o1QoCCO9Z3YWXJOFPtUOVO3DE8DzR3xLsGyra6w4RmJMTBWqr8YINExQIinZk2IOhtl07lp5p6KF3KMH2PiZYokKk0+/vfBQ967FnNay93eZHX+KlXvD6MbsHfJtGfXqZj/outbZOLQ24jf3F0Dh7HHEegOS4amHmAUiP48kfPhRp9qIPA0D7Y+M6OCN15OeJsCOoMOe0cMYwPMAR5xHJQ3sFv3fP25opazdm+L08aKlHnlFbC3ecGZSp3M3uflVz/an10Kf5dvaT6D0BvyXZmhiY88+j3hXZyMAD7oTshUF6St1yupvvOWpbDy5e28kdQSeuWVwsfDCcPkZyOJupmVDTEZDRRYOgzuRbhZsNU96pNDx4NP8iOiaaXveusiforwzQ+nje+AlgDKrRBN+724nreZsj6/W88L5/5apmmLZ8J2/MqXTQNHCs399ZapEnP/WZE6SCveVxK4wsYJYJoc0NrViusNNRuqM4TBAVVVnNmTXIU65wPOFheuZKraj9SUviZgziOcpAtG0kneDoU3nUhOG5OhWzcMBaxaQc1CGcP/7/LxQWD7g8D2//zH7pH7ng68Y3SEo2BQjMuRlef1fVjx2t7MnouP2zgiipFpXlj6a8DlSHq+0xJn7DnqxdQhHqgu+v/1i5L8Jky4U+RSIxQMNe6egs7fQ67eTJOsf3WBtdG8QppWaaFfLQY4trs3/bbIAzNO6i0TzEcs0NlywmVY8nXnVd7EOlxb9uRN6B8Nr4Y4ek8aFRg2nCl1VGBN0O0/tbHXBQUpyCAAZKSFqXoQ7JOPD5wYcBR3kclAvN/COyWIId+BCGTJcj0scvDm8vQJ8C1EsFGEMtUACG3kqqqXTI8jl62tBxdXLCr8R78fTjR8ojh293K56SgTNukrOr+s/ynTSsUGGISEEzBNX2HMooIwHYV1XxYHxhBpFF6C/wN6lsP1uciV1dQvA6jeC7z6b61trWD7RBUO0mogNY3nCCrA5sthF0dkBtxj5Ixpzvy+Lrbbuxxi7qG43tcQ0aoQLZoazNAf0P6Z4cwvzQwdV+GkYm1GcBRerOsF0p+pLH6VZ9EMhv0Ud/+8WuCfaHu6MHd8+n3BcUxT4oqzX6AcwsZkyw2nuDLWxAZ5Tm0wJLz2CMPJWu10iCGbUeBMCLlZ1l3olZmOWog/XsSW+Anhi9Jtu8LpHG6x6RFWZT6XeEWC7CTEtjA2kNPvnB2BTDzoN/djXb1P3NFWAfDN2mduKXT0ZUj1i0um2P/rMAP3kyVCoW2Eo79x+y2ceowfQPQYGnZEPofNVSsaWZuRb8fX+KOdQv/bmzFJc9ZGm8HHXMMagUBHTnJdjrM7+bAKhIQD8t+bSH+2Ht6u7CgQSXozY3CLko+xQxE4QVaks15dnnYSDlku3G4LVjPWonwbbUVXubFl8F09teK9Nkuy9U4LSaPWy2Gj+Z8v3nGakm2CnKDhwTq/3YpNz+bZj6U5NgqMr5O1Gc2jz3wafMmvhZa311YDP1YBk+4OPDbQzXrbhfS8BmOb4EbO/FwOYQVFpxWaV2z1T6PfRBo44RAMNa4vW4tVzoJhwHY5XVBuGxTWIOrr5Dt1TfnlEAU8Q1fNSI8+h/LJzF/FZRQlYEyL4uL92U6hEcowlmsEd37IRk/DWO0vIkJV4kqvqfJJOz16NiTiQ+bPFWvBffLmKsQuZRzxxN7I9p9rlyfY6zDi74JfsOsvfYpiqsxMJMf9y5Qi9LNRu6nv1lKMkRis7KdPcwPVxwwdJscDbKbC6rXJnkOKiZLchPdMxCpUFF3stX2tcPAFgqEl00BzKCzrmuhSNSAAiwLr4P0g+DOyFYBQ5HmUnBmu3tzwL5ue6u/T+Fsqvg1XpBJ/Z78amMZr0UbCVlo9uLa3GIkcQK4bVBP1ZP/WD0vi3IYZWRdZGo2qG5UeyOspS2ceHLw6Uxv8xuVVIbigKlDZLaARyLmp0okPYbGR8QVJYQbMR0zqIxUBeaRU04jUdsE4e2XtgAIKKtQ5iJ9S+fblhm/QwRsadZdnQj2e7po5fBpw1tBt4H7nwsM9vL2Cbd3yLHKGIJuAqBFzTyj9Vs8MYEWTAC3v7eHrOHXsa75nIlm1g9r/JO2EiwscVEsDjo+xvQf9B3JyW6h221rmsO5vYFnXyrZydJW3sUEEcEVxUrCTZah9FaplQA9b2y1pu77nvgQ/aEua9+gtTNfrx4ouOEA1T3d8ThQ099013GgubaDtFUIT2yJVG0odfxc0SK0Oe7+c9OoFna88anILPDsyVB1Orp3ZYAKO01+QpKrecPXfsHlHI0BIugZDniYCdGRFkngT8sxM24ZqcdJjuP/OzqqJGWp0pH7QeWNswY4u5bazTCm1WD7kDPGoqQZ8/l59i4rwEd/pNFvyvZlLMlHYHs1VAQKL4ayhIWCVKCKrmiEULOpkl/GwC3OzmY1unnLm+2y+OFP8KEXZdfwpzSnwsOTG8eyLT0JcVW8iiAos4LINg0S49adMbdz+ZIjJ9bTn1YYruLoGPy5hTmRZ/HQhni+gfOTU3CQgikfKBgSm413nZdeOnPYybAGt0/0c5G8DPp2ODHNxoedPlA0Ji56knJJuzwbM6Z/DetU762PWdzdEGbuSeg7cvf1a1tyB6e3P9DRT4kw+pCqbtE+SzwVExiTfPGLGTh9JRdEv1DSup4t3uDlLTMYE1YuBiF9OcnwpJ3PXXs3yf84bhZ2+a19nHhI/js5zxbAkh/vMpQhbj3Z2l0puGRce8dnn7ItOYEPJKZ4PS9DfJR836cGWMtzjpkq7/r1rCySZJg54anK7SkCKE/NkQXi3SsZeEMFOuMnvglruDmsM+frliPpNnV/M5AnRtVOziGMkpKDzl+5zwqxg07Czo0sC8cWHXE9f6VSeQPNXDHdP0ZlpvtmvLDjy3fDenGnDg6Mu/7a2mbR6HqQIWOS8G+Ux+xEmzTtyh7GcNzo6lUQgKdUtyRUxbUa+0xR0LMP06CejG3Vca1XK51ntp/Jf1etp+1hnNkzbl0y3TBPPV3PXDazkcDefxMjqZKM2ipQSWbTOp7RJfBK8rsBuTAtfJymviEnumRn5f/MP37/xTfsvhOfGR9lth+5SFN7HtFJ/FrekSvJkvGOQPIw9tuGg6Ou7v3tn80w84cnNo/T8skGTcghecDIhc0KmNjphuXP+v5SGi6TFMWLeJY7BTwMSIQ/iS8xh5FGyiwt67B0yU3upk/e4MtX/UCKUmytD4z5z5/ByLQcAPhcL4RwJYYlusCBq+3+OmlCe0sAFx274Vuw3lk+J5fCF6DRxrY/sB+2uq4vRP0HtkD64AAn1hiStaK07cgvNoR+6wWg7sRsUPp9MjJD+CbVrZ5USQSb5sQAWmas1SHulQrrkOxAlbnjBA8qr9ViUHEtpAhCvbZg8YUL4oHJkc0dScksYaoMZLDGiakVlEmokS9C708Swe9yAyHeIDOk6p0WtlZf6AWfII3tlQ5dsl2gzinUu1aqabqN7u10z4Fqn8fl2RJt5bHTwI333yW8DrIy+cLJvX7f8EkdWf34Ax9yaa7paU8Ct/p1f482JmcVwok73eURFMYPn1yVCWuMvgt9dbk5jiP7KzQXqmmjj+C36KzITynkOBtN/OppBLlMovlH2BwH9CDckn1JLKNzyI9mh00HYNld3MBGnXOOSxMD0JV8hPAdN0l2BtqIahixtmcWDez416ZeW95djsrfAwFPyNzNW2w9+OeaF9Ih/CIXvl0T+awBDuznGM25mt2IQ70ev/2FaQeeSboAjTH4zdyMpK51dl6YQyCqncdA57x4JvMKeKQg1STYUy/wTnSg8fU6DQormHPWLtkU4XDqlkAkD2UH/R3inTr0yfTD0N7poq/uaAl6YcKyDUVnAjQ1IBrmxd1yePzFjbjGljsws75lxDUmwrC1JhMU57K4Kog+2fh0S0J3YkxHhvgg4w7Ph7ufqvxhbkeNLQCjnP5EwE7do0Lmi2J7VeVYNdIO34k/0kLzz/CuQPgVMzG2pSJw6cNycz1bYXN1R5meyAZSfnk3P02PjegFszv4N7E+ZRfHGoPqiHdCMkRYsw30ugtbegxAyT4KfUut6f8zBhoDPUnvo9wJwZ0QoqK0a8Qo7WsIZeBQEwOS9U/IRks9BKLOJW79d3G9GrP9kILHFLKPodAjLKpjL3x2zhatoN/lQjR2fMigse98GKr4JISNw+zrMw6ztDkEKathhCj/c2b2AywhkkTYOmmnXypbBrpviUs8o4LaGxwTnUVPuqh191PHsdn4MCmCWY2S3+zQdCo4UIawgYtGp4NoeyfB5bw138iN/1vUKH/DtiiVVaJz85oFCe3kqQcP39gMdD9nPkP4V1hoZOGKtFv0mffzl4SBk8KEY3QyZbkAM+/xkN9lKX3d9Kj89aVldPcdxTQ3hoktW1UCGHV0T1KCAZzFefjnpT/svwl7wcBcE7oLVD1hZmmrrVehK8y99042eT1vHVSTZ4S0sQPAJOg39S4iH0dYKvT3xbx2en5sA2//cG5ifxwPVVqwGfviNsxEN7UGlBe3xDw6rhr7KRkqFmXYq/cyPr0tSQW2rtOV7l0Ff/wxU86zWVJ4x+f5trhTFUhGeZp6Nih/S9rkdUrNI2beCUF9o5dmMyTgavxhaMQVMznsxPTF7ok2EpC3oiT0/3311bhdeeLbmNVzLgPwPC/uAxlz+XM+fJzkn5LQtpfMFT4qKjuzPwLNUKAjhX8kA1BUVN8fdxiHeKKX/5VKOgPBbRV+C4NkuJ7lqIg/JHZ1DjhbVCGvfKF+IxYBmYAw1NmJEg2GZb6KNnGSRDcJoK0nZ+HlcYWae+/dldlWNog47k1eFpDzegUxOgcA/r5+J9l3iHiWhjw/HaKbKPJQe9YOgLbBVTapdZETKZHh75LYj5RpqkRWEEdrIDDtScUCEY8SpCR3VWD2/1KZziFL2MgKLPH+bnW3OcQVJLL9U+nUzF7w4O1E7c27uThkZea+X8We/tVRF3NXFGajgdAD1hLAOht+QJ6tJfFeQJqlKiV9YaKlYFrW3RhG60cU8K6HgCUDEV9HVRJyoQ9Mym5cOTip85zq2ssSjWHADricjq7NpzYYDz26FJDR9jCBVEik0mCxm8BtwHgX1GvH4E59AHaBehBKkgPPgTAcoz4sd7Zm68wVq3vWBMuaHw7sW0G+Pj0D05TZ4d2PZKVhQ9OxgQGaQ2699QCdI3c4YM40xIKXlEmzTmSTYlnrFX1q/ugMzFeq9nQrBgA49qiZOCDgTxnP7NDECNXzodRpkdP7mFAfZYfFr9fiY472D0tAAxpnRrvpwinnv2AI54CHkmtHviV+ay6pAlrphc1IdUqaFeo0PXBq/3ZlB+crSP1xcWuZwwbYOvd5UuUaUkA8O9eLrJRYpAw1JPbThlFyGcIyVoqL2GQDH/b2Tnxlb33+Yzu9RDjfNXQ5QECtLnhxAqZm8lernBpBqz2SMiu1zt0ZgX0mbn/A33vL7+tjeH9Mqv3KEzuLWfd46LAuHU2UlPpgVTjmG4hw0bvj/o0BvI326fDkf78FoNb56Yy3TOnJrIAyuY5Kkq+LMiYYqWia8CL5G+WHRihDKT+h+pX/y3SBf4FEQ8yz4itCcF9MqYRcy6k7h4zk4DtXH9T77+eptgqO9frjY0Pzx6MYQ2YKJNIDxHXlF+yTRp6o0C/Z++bJQWo1dz18Ny/04APL/6jAZ0/H+h5P3938jWA6LXfT168dos9o/ATC/QTNcXyjzZ4Wbn+AKGrIq1Ru7f6SzsQWDmesuGV8RDeh7T6LUlXShsrQRulwWvghVw7YKroH2kvwR7nfLB/TK+xaLRyIVGuQngP7EtHEmJEA/x+jcaN9qBW7tEMdQhVaPyb8T+MDPYNI3v6DSOTayC2WW/CMUXuFuS4yvyLPXJVnkk6wVoPlB2rcgzCCtTigtEt+wECFGay77hpuZfI8z6NbkkUDPnoUL2n4r2OHQM9dajaeriaYtrb8z9VVg/EJt3YY/MPHVO752o4lFtmstQlnFnqEn4urTFU3oZruHm3VLLpnNW16ELX06kJUGKMqmpGQv5WwvPxIAVbj5nnQZ2sAkWycvBQVlCdqwRn3MHDbcMD0EXnZAArhnI+sh57qRBYI7+8MxPIb/agiiWil+VXDgY7dFGQA+FxMFfDingyTdhyD0tydl7EZJgXoq58o5+S46NbFYP2OKg5vznp6ZCi7jWKkXsvSCSm04EnYn+3LNfU5soNTPAn3tHoMsRRXe6ySrRdhReeCJY8d1QVbQyB2aMzz+SY5hUnESAotGn5dP8ge8+g+zq44A3D5u6vYESfNF6Uh0fXEgB5mAbIQ9gbv+Vy+4NGH2GzVBOgyz56+U83Q3j7T3d71WF/Z3lB0AKnHez+s4bVpm+LbtNswQX26Ytf+odh1uL+oW1jmKWaoFT9DeaP04YzLDDRCn9wcHIzjvO/ejvzeCj3/+9fSA4tTqEOMuqkHCQnkn05lSRb2SZiVMhW1rHNGOa0aUMI2YaONCEzFZOdomOqCYOYbEONZWwjzBiM5b6m+uZyvvfjd2/f+/efYq65ls/1/Lxe7/frc12OAwPXebA2T00gK9/3GqMIJ9ms/ujGzOhDj42VWxiEayE6eXRFUqFp846LXabmRY5rDwAUWp2doNC6riLk8mevwpVgS2mmzANlM3zzwcN7inhEM3E4+ntFfa981RYsYr/eVpkmTFD9tyoUqnASE8Lorfk5VN6d84VsGV0qD2+2UIv/VTXZn1DNToBbr14HwGoUlBc6Wfk7IShYfL8ux7USvEdtEyAs+RkblQdSYAEEQmCsLH717AD/qeq69mFggda3HMnPnOsGCIPKrwjOYsnjSmPBfdGoO/1eJ34SlDpqUft2n/mF8gs35s7vKJxXI6gT0W8TCDJCcZMhx5sP+K+Q75amrOi3Trw8AKny8FUUia+i6IvLtFn2yDxraIap49fAKA5LBJVU/Wu+knrggFAVPdLXa6SwJeossHB0VGLHASDr8UKSVfiOOu0UeuuKvd1xJ+jVEspSAAwUqItej3R64xKlDE/w6zqzLwH26PMxTr2Ksb+5/chwNRq8R9zCdAbqyZmCVEagLkJqjQTg96PKJkOjuPbCObbl86BRrEG1u/HIm4xr3TMZoEn1cjsw/yR+2yxLPg/8fJQ0cs2sbvY1wOCyO8I5ObrI0GBLRgrM2Uqs/LpMtMpxFyPOyX/mFwZ7NvySiqRrd6xL9a3QTSmJP1B4wCN5xvfCDkxD42l7fqQg5DrmvZguERYe26bVKo7Pdm+fQDQ8KgyfOU0fTXvCz1T4ag7qC+f4bjdwxW3mED1oo7fNrVav9OJFq1+wrPJu0Cew5VSlbHHKxsP8CiLbet2LROIPZSWVksVXVib+KmGVW7BNVbLk9KvIY1YfUTT1Dim1Jm0SFjmWnIEWZpYMGw4nXW4zeJfpMpC84H3wkcEZ8/tlVrtlM+vakh4+5n2I+fCWMEUmEb2Q4sZqniMRTPZbzLGxwTzITWyWCd6i4/4g2QRr/kW2nd/IJmac2v4tAhEwsauFfkSQWk0IVn1eSjtp8KdB8kHWkq10xWRhtv21guCHlNmRRV6yoaxwMvk+ZjTKq3v0KjevkEcoJMyos/WTqQjYvtVBbXSTf21D/fm9xiJ+rxF5a3lWxXsIkzDI7ttsTKtqj7oHusgnF6daNfimMqvCoZtnHXKPK5wVvK9ySYB5oGkUBppsSnNp1gpLpN22i3JkTIDZEkE6WQKdvQe/FeJ9MwrqKeFjzwXZ6o6V0JqYGjiXvKh8clmf3gjL3o5F4N6ClJpiyYQ6CqBI1XBs1EHPntgG72vSEa5OqIVQg9yqfRKG9ljEti9rGgrUzG+lMa+Mk/7iKor39fKSVrVX8uc1JHR9fUh0EvZRTrUwOUN8o3H8UscYIxmGhRnFvtJwkxsJP4DPanRAY65hBJh3bHUmp84vjFMOEjsqmvINF5p9xYxpngVHmALMHtqxBrG2/dBHYeqAgHT8OOK01xYEZETHQPy/AZLq8AOQk5VyWNyFyQd090gNkz43/2zU3kHnLN9W702YpWRRkOf+wZ3FrBnflW2ixtZyKbLjncwRpsPYOesY27/xaEZ0dHO+9YMJ3Tzvc7zNHdFuq3d+NpnvUoUsk3EQyrhaAAufoWfsy8zP2JqLIMowM7MYAmhLdSDPsVvu/W8rm3ESOMK0kP6q3O7To4G04BAML3HGdfP0CKX0GXkqjJfcsitLPPN8ZE9L9J3xaEgUuDk0U4z6ts6higTzj1rxRS+wI8NmItiRNumhSj8KaPXtnEsmaRI3o5CjCn/Hw7AEYbtI/VOMI021uty/PbPIlsq0ROiRht9MWpcTsy79q447pf7qWz3NcDeotmAyUewift9xkrDtLU6QSqo7oj5YGHNovT7KxlF4zdsRwCFfMFeZxcWAmu7qfddLgG5MZDhQUeBrhFpWU6rCaAv88897+/KukUNCMHo/3KYZ6DZb6OsixvA49j/d5hVfUhIM2/TBtqR0/fhucODLTr5lSF6E0e5rqTL2Ft9pWJkyWuFOP3nnA35zsf8SJkFW7nnB+EGVfAG82RjPyvTUhI71mn34fFWA6e6ZlGp5+pBOV4vNFvqP4NfAFbSz9lco1r1atZsnp3MFmLFHp73yd8wwHa8oBGTavhsX/Tl+c3m++tu0avkRWxVja1v/8fM6dn1wolOWRehkilnxC8PDKb20KhkJSIpOUccWqBCJDs4+eVHc2PMuuxmjpl9V9VXUbYv4l6jrLVT3fwxOVA1K7j1tLytTvOlLGhaZ0mRRdtdb+xwUrbUB81FROEe+CKjeaGxd2T0B3jFJsy/DNr+oQZO4wasHih3m1+jFlOHtw0qMjMxAcWNuV3214FTNm6AFf5EcX7qPEQrQVZs9HbytQ0+R/6S/HPLOXAzbdehFmNpmY+7P84a8AnUjUD3FspOH16HW9JLV+EGzvLQkRav2YVwC3116/PF5jbv0A3RV0mbp5M7HgEGFpVQu71MVaC+/cH1WbHQ4sb1y4MwkzRrtIG9Zs/CZL/FOX9qDk0Cyzg2u88Qjg6J9kacb7mn9SnnLu/Cj6l/i3mhwuYfj5R9CWLpwoFze0+bKHQ92YjupQMnYecPpTcZqwQPguW5auVsSmGUffwIk8IiQhz2mtYc74Tm6w5w4qyoEaTqa7/jedAyuByfvny5Ok8sf3Zi497yI7yzZE7V7r5/5UVQ7OVkDIOUfDl+XQBFaRgNlHgxNzI/U9CvgeZ8sMI+AQMuSwGXHmWPT4Qs3DGJdREcyP01Xsjeyg66REnqOG0GYtJWcDyVNwPr/UD3svyTW/zJYijd8nu7bxQBZIkNujDBEuJq5aNWukJY6tAeO1NC032rs2Lu6Of23333lrq6vGQnT+rI1ku7glw0alXxJt2sD7pFsd7NopmXre03vzZ9a3KybxXzgCl0rkDVTiHIQSGF9M6/iL6S3TfQ2DqdOfi+I1QtRKSVT4uLG4iKww+LGtJhwMwCCx6Z+ECvKylVy/3KWu/qfTbdoJHWoQE9pgM3X2r7V57hCmxfteKdEWJN9Wi8/ADZVevkDpw0k9UFzXXbg6KpGk+ixrXMBFUHt7WPcqVTNp+hk5gHK/YqUlngVht2Oqo4ksm61tzRoaa6wZzrxIjnFOKXrhlETqm3TjxoQkJ4fYDUMQuehW9LziS3dLTYHBkHkDIa1GYky3pnB/x7Mj66w/GP01gZr4rhs0QkHuNSAkBA14sCMA6AbO3I3MPS2RXD8zvgM9xvBiZzz2RgSqIp4+X8M4AxdhwqCny5lplJkY82c1Aqhj7W8+UNnPf8vHKSLAPMSKFsx8WHxKQiBCmu4KMMOS9iiLFejdsEl5lCcr2ZPTz2ZotwkqxyVZf10n4yLVA48Fe5aBe+f7Vt99wbWlu/3lCX4qFHrLtwNp4aOJh2cgZDGBKgQt1e8m3L0r1Ihqm3esHfKaPH73yaXpbFNcO2nW4OJRgYOJGdjYXDrWhcci45DBrRiyDfUbAVR47GJAaLmnVjqGtSgQNtocDFLgvlg2FSIWl1v09ADdy0XyQnjUXTUOADbrwiFJALVzojNfSvykGEzrgAOmxXnm8PrgtGndXb1KmX19MnIpRwYjH0TNE2WLvDMTaqOsgEPTJ4r1pbkAVR4JkjIfEs3IB8RpOJKUTb6lI9wWgSok6LkYwNBymSeVht1FmBiKLJyqBXMlkur36b91+51OUllWQQPvzJ1qtRHS3Vt2r0/CVsKEpELFrvtWitW0sP9SLR9uRh0idO5yxRZAebgc7c7to4D657zBJdnKPIchz7eaEMlZte44XHOiOd0XzQ5He8VNEmtb9N0et4SUvusyjBuxXz1KzNfgbdnsK7tHxAg8OMJtaGTfob4XyFvoNoJLJ3AzM1xQCwwZLQgFgI4/N9VyZrZ4dzHuY+pnAHRg4pamL40P3d4CcgOXAbx0x7PaqmGfLE48ntT8cY/m4oS9RiznT+aiq5Htq14eaH3KZHV/YI4ZDfMGxAmOBerhoUW0h79LD+O6iJxdbP97V9bjKNi/BbjxG8PunPX5RAJ/vGyWFjtrGEbY4ulANOCzXwVx0inj8Z7quAhg1RE1x7QFegx1Sj7mk7F2EiNgv7FNlvo9jGjekksbLPOxx1do6gGvLTbgvyaN3+DNo41CbDKlI+ewRTsGel2loLaxpd+/xZ73yKIa32fPE+QDOk7W/RUTWkXo0TxSU9qte+1El9p3qgPOArvzHvdr+zQFybzbMgyC8NjrjqxbX/EZix/ZqGzRkq40ZAX1n+x41e4vqQ7XwyqNmPGpdzq/tFwtD7weepjcV27Ue+jnf4eN/Dw2ViHU/1im0BrYbDs0LzPcEJWKkelxznmkN+Crkb/wTrQjnY4P2MozWBuoEpNH4OO8cmDSb/Fonh6nwzxw58Pu30uQte3DVuATDw748tC/6Qt2rWx1bbWe/LAYBQ/Dm+7h9GL++oFlz+/4z15lIZXfwveEL1GRxoqox0e4ApsuRzi/gskQXZNkznFhoq5lPvsnc7kbEwxiGhcLGsMorpStUE2CZLsORG3GvZ69ghRlVR7iFcDuSYpbdF6gMuMA++mINXtLmwLYqIYvQ8wYME9iaUNlvH3rfWyDjcYeNU0s09sfvhrL+lFYFtYKvFFj9WogZrnGtlyGvT+hIPBW6tFGft311HEqGYdodAWY9RrAHnJXZPH+yBGLVQa7eVunDp2J1waywI96LHsmr7XHSoZdCEqJozTNsqaVaVHQ1ZsIljfKBVIX5eFPl0upsiFaKJ/5K+42CD3MAYN8aVMZsw4SNJazFhRE3FzYGqM/fmTAHNflGZSr+WukanTY/kkDzwmLBcTElZpYqdrvnXNwcT9jLWqC6/4loCw0gWH5D8SEEEV7Yhiu7thfV6kOgUUl9+tqu9os06uIExYyPaEOxvk5cuwwz1ImcF9drWooXBXTaZFwoSFXsHEQJGheVxhKVu9FbMJ88W07SNkID4Gp56hjZKnIEgRYFL47bwPLpCGfnYawC4MDVv5wi+BKUGe0w6saRf0X/7/lyhtCg7A0Nxmg6OKo84zZOJjatEzPNelnIV3pow5TkRMdAhmbGXr6gY9A77RauxcDyry4MkMHEg80LVDs1eRmxwXi490qyFBS/ihPySxzTEga3FDaoLbduiV0eeXtUkn6rsjPiP1TggPfuPTyt8CzEDtpeRn025ZVVAEDwf+KzO/+8UPKt3eYDx8I67mLPRcNQ2B+mmXqlRskWF7or4fQWy/4jXnI7G1Ug8J2airpf8sr9NvzFoJMA0P5z0uTugaIbQ3sDzt5XyWQpwZj7j7mn8yhitjpCWarTVPNSLgUQVbFmDQVpt2hsR6/l6rGGcOBApW5uYJltkKM6vA83t3+eZHB+3w7/H3klJB8tf4u5f/ICobvI8utxl23PWwGPnUE38ubGXjpniebuktTRqxLX+WgUEMju9wMkrqQlvrcAFUk3sJraAVV70mxXjIU8wYrxsEFUQ/cEPpaigEp1uvykmBQTFjI58CoDesN/hjyN7cZ0MyspNbhqPylloiZ4qFqJUkG6oBW3+isKswlCM5vqYCeJFPgRuX2jVwz4u/VZnEuCpTPZAqUwWATCbChGCgof1DVWQS/0yXpwHOEisXjcYm+SHQE+2Y+NxomdR6Meiew/j9wiitiM92GESDZ6pUTmpE3xr9cx6ouD5hq8+noRlemdarDmDCVp7KnGQpdiqeYOqo8p3QC624V6nCL9a0CDNbzASp9svl02WiutyyACkpFj/ZeUJpcnPcPjywdkHOndkLIFmedRpe5OzQAsHiKa0Z1f6eUGzwO9BLOUUc3ZON11RTMVZzJcbS6lpdodXZYp3voYW951WEXP7oHgj8t1IR0wHdmPhmugEEytGr34GyhK9JfD/nWrt4SvWmHq0Kw4ioVtsbwYpytn1SPnme8x6fE7yyjjRHr1WL2kiXx4fMvqPOu5O2S0MHNr/gPJ+ar94cGLZy8m/Iq/L6RbZiL8yO+UeDI7mgGTKRG6UAB1XoVZg+Ir9MBHniOeI/1fD73wmsk/pBodK+OWSnm31zxvk7AXPHGtQdmldAnTNbrd5UztWPzMqd+bhsbjU5CIlsfNHQsxJmgvu950TGRV8DP/cA3m2QNfE4xgV9Q7TiW+Pa3wEDfmB9qx7iQoTKmcXx37kaCkm9nju48Q3ppjEYaZb9koRRMwUSn+lXDEsE2HeNZ3LThpDo0LyB78t2QIei1Fq18ed4j4eC7CRBasxAstY+IaoI7iP4D701fZsW/n1x+E13OZ0fwQqY/wIgQw3+jgAhkL3FFJYrdwAw8NssKr3mbg38thwwRA5ucrEQGsP6vhzwYuC/Lwf8NfNmA9EgyAAhTZM0Ze2GV6B64AnjK4vT5A/nNp6JYLrn+g4WjnzybpiaGweQmEcj7g0+YX0MCqMoqqAyJWwSPR5LwlUQidnk9i3PuRaKhyAVAtZDAeaAg8Qzy8NaD+gwma+VdMnfCTsv7vFYjYk+0ONHssT6HRZm7wJIV88O29vWKG0u5wQ9/XI/qFuwTY+mT38a0WcVdurnVYvf2eBvh2XtvtO7Z8lZpbmjoTICo9+hTeJmelrtVdSJ1U9+goh7mh4mAr0WjwBk3ZN5Ta4ZaRZArjdb6YGPhnFquMRslMEQ3VCYn12vwaNVGquK9hbocz+6XE8fPcBtY86PRzkYANVnCoEsXqAzqKRy7bAIqw/bDwnnBjvbv6sgE8lnlv42PNx8hIYsFGCNnIYMAL63fuxsn42/6kvc1BNcv3TCORyyoBBkqeqd0mPm9KzPb+w7UBZIHIAsOGlUcS0WPAWfagBkezhMruAou0aOsyXFcb59Syj05tiXqQy4eA+5X7blREgHuThgcT5Ck7DC7wsMJZoNvAFdNQc5UPkx3hiwI18ASE0/cg5ciNrm7HY1aicotUbKncLRnad3W2xAyJ1ThEbJ677RbWszSLenQYNX0LrltcmJb7/m1kvW5tYLE3qEKkd0rtX6XtE8LG5GXJ9TGDRDEaLOr+vui5LGwoI59qqlffG+i3auBdFjgdibltwGMRtuXSup7p8H9KOUVJH8J+7Xp/9Mrw94FVZfkJ7ozm0XS1Kgb8eyrtg5l+EzeR8w1xzfRi9Nm5IsBKY22uxWyHEunCC309o8x+F/1Tu+lNzNKkwn4P5qumnZ7crC0LYOL9nONoz81vCGlKVUjFDFTC7nCi6uTPQ8i5M0R64/O3VyXdU1N5Hj+pfdNtBfTq3XFxQdOKaw+aX0a68rUp/2at3v2bNCZwQXeqIueKJTXFhc76son4JCa/viTuKP+9D4YptAulEiC5L60tcUpI6HYYJVoGfadjfQON6eEa+GqJFf0YU8oAUnswaanWtIiNv0f/DLj6BFXegd3q7Wp2ak6PBlhNJcMbgwNAtCs3ohRerYgfjgANfalVE9OWH9yMZTi3vHXhdqyXNrUgvFjeLoZ5LIh8iLKDU39yo1qLZe3N+NBIV7QOszDser45BGHwIjqyFRasBnpRHISjHtvOtjGd0wYRiNSI+M7M84HhdZD/q1/c50t0HGAnN3A8LHquCd2JIUpPLiH5jwFZgtFsGPLiUu9CoAS6ONZFtBau640lRPNjp0U3colj6xwVg+Gd7pL71nBHomJQLzASRKQX6TlhH4Q4Vc9las1dNwf8nwtNgauMD2Tcbxt3OnBqvKjnisieOgXfghib6n43N2MmVDH47/Spm3C9BRGnBS3kI/GjSGp2eXOYAqLsTNsK0/iLTgBPIS81ujfgPvHUUutjtM9Sd6bruoLjxpXLfkDjxh6fexQMdQTFCaIJUxpjQ12PW3+gacSPtVp/JselkhnYOssoc+QGD4sgDTPVRip9VWLcw18vG/7+E3U8v3xN5SwXbPlJXjhjy7JB8SkNNIyoN25Xzn/D4OCIaC5hG5HHJ6iIvjwDsxxU2ZJqgT2hyFv1y631+V1EkpMPGZpuviJedGljJ4sZSyiG3S1u+3qetIHDu3JPWB0ZB/AlpIDYgHJcpZrdoh3WddoLL6NS177ASXVc2aGcOf6EupBoWdT2UlcvL5xFRFvhRS3BgeP6wUnTnUSDp87QEvvKitUolLnaG/TZrRNbY2pTW7dxJREZIGvfS+OCPIWIGxbASYPo+dXbLxkv7qJJCmF+GZv008eBM0RBTJGSvXrDEDUPoV1uZ7Onn3Fnq7Z8NvbYarDFanDbHRCNcB0AE6+RL9L70f0Rw2mN3dJYsldPRWB4Zkq0Ev/979X43k5bqRhSoLITU9Y3ALz+kCFUOgqY+UC56NM9IHDCbyDr+3FWHmdg66mIsSkdhvW99EeJ1DHsgfwnnTZbEsCXCiEMuY/ry6/wEvbq/LKVwKzrv6tbb+MAiPDKpVmbgapmia0nZV2/xrYosLCjsFTeK62/iSsFA7x4HAhODHR35RgVPL4/7yTBX3SCebWEt5NkUIMO+VTMuf95nPJJLajggwj+QNpVSTIA+Lkj70k7Fikx4mJY0Gmsgbh+YZkSAIi05mPdTwdPq2jCfOtwqn3kCDF4qpvKsCh7lhpcPju4EeRA0bVx5MQo4wtXHvyyxviiuvE5alr6qNSXTCXW7yuIM3Yb87pejvIszOtrEwKtlRWQuxPIeeWYp4sfK0/JcZS8GhqyB6uftn7PKmZR0BJvvtbMPqfn68BbDd0Jwhxu3USfIwp7I5evEQuZauvbpF2a3/18ha+8vYTYJUYh8mamp6aTr4vHB2zeKTMwR/v+buhu5Cf8dzkjPaIlwOj1jTduqlW80LEFujIyBznNN0Ng8k+K6Odiyl85EQMu9PI8x8Zy0CM/dsee59JJqjepM+xRnPUhBaegmwf+u/JwNu2re4vkVy+hpbZvbEIReoIDdqMBGkVnb8FW5gnemdoYDUEjWuRc1M3QM/iT6hb+Q0PMLyAlClJiLMsYwzW3wgB3HDHJwvd897lc2bgT+ozYMf+Tik9Ilhjs4E2PXw1b/EFjl/JVI4a84OP5Buu/vmvmHbr8ut84/G8pdbg/uHx7sfdsX7vfeUcSY4uBbWXS3GWzV73OEm8+KCzA1UxmizZJOs1ud1vS5Pyjfj/UPV5cIvPaBlzgVJ2c6Ix3rSGLTAAzCX7ide4Zce9iW/So9mQubh/j/3/4JlOX5cd6ntePgdO4uIUSCLf741jG523xKMJ/6LS3ZTfC4VeISEYBHixty8hcxA2r15q8vl68fuba0jvApkEEz+0vDsIbViIsQOel7rsY83V9a9/UFCRdmFkWZ0ovEqImISyJpyhsuOw27CSgcUotFoyPMBlo/z6fT5EEinT/+i063hb3S6JZn6nU5fAoVzrA+SLiNEjSdj1eFfKj5TKIaNMTAXDfT+8o4nbQQp1CU0mXshlfceVkwnDSD7Rvxa0iGW40UQOF0MogrHgjVFWfwHP1iZflo2S58/6a4zQxOicnpk+hSArBfkJd+JpZNAxSRB/tTe+Gj5rdimz23Wjl8QAkwXX18XxQ7PWd0xzsSaNvG+VNB+0rX++ITEsDo7T4dicZerKt3kcnyXQVdOO+A5OVcPyjGEsnTkb0CvacqDYdAm5x/C96oYEYXYdK66cA76dZWfJNQpBzorAC4T2SofMowviaso7uMnGFzc6tQfVW11tCoe3vc1wdCnAmQlfNDfcyW3NJJA7DylaUIwHcbjbhFAYXiPoQvqTskg1ugVTkhP1EFmVVjkE0cRzfVoALV4MKXRCu2nlwc10V+0QSDB35dGf6tq6f5PgPQ6+AeQ0PfmT/IfDOH0oDSC8OoJFT6WVHh/XTr579olcjQHneTNipHg9CxTe13WV9B64Mx2mMxkRoHJo2Cm5/3gjGML2xb/XD2BT4su6UK9or7gf0oT/T8JplTD54iAFWfMXGBf3jGS6QaYRAOr6fGlDxqGHNK2CM6Q27GaqJWQdwkIlp3pHrw/xCKHngnBLi8swROfgxAbd42/cFljZqK99GgIbXf52NaPmLN2YZIB5zfZhpd+ruuuwV2lTCZvbUoYMhln/drSdvsXCsGzEZ9kIe1JbhOX68eUQo5hu6ixeDv6G5Yenv2OpSq+4PKpiigeOCKXQ/T3E8/qRlJ+CynwqX5zIDrSSjpypxx0BQ8RRBT4VxrPcQEYcMZm6xjqAdWVFvgB/jTF0GmHOTTtotGm4kY1VS03PeS5oMnya6KLvAo7APXm+J5AX6tY0HZaC6cm7SLkJVZ+XSUtynDir5KOnbe4Qmkf9bW/3/PlwQsyur6y3EPfY9HpNu0QmUga69FTbd1A0AEF1aBOilO0/3m9kRmZ5o7R9sytZq6ENJoWy3IJFDnKnqeJZYijmoJEt3FN626i5WDO6qk4OwKqqgFHtM0Lm1opW5yu8XAKqETfW1u8EHzN8LUWpy1afAvF++mUOJGeEMYnpQWY9L06jp8McWNTOesibSP7zIkPD7+8qTaMH3jhG7nnXQ9FdvvSGCppPPPtg5Mh20bkHs2MSmBhV5T0rjg+tH5TTQon+jh7WsFKLhV6r+7I8i8gwFiWN4KzSnzFjT0T3hOj6itrFe/zQrJdjVTbqtFCVEp7aLS/VeQHlAizt+9Is8EvBstFBwNcH2YjxLW4Yzh9EKz4RH2/yNGxj72oF3O7BJg1nfnCIUYrg9KzHS3VPEgjyoIvgK6/a+dEnCjbK9ctRJXKLLJufR/zKyWtFoYlDHfMmQhRDbqrfdOGnjX60Ku0BKp46LDhI+eYbUJUnRVkOWH7wY4drujTEUp4pyU8fqqriQ4gOfMEvHXwo7mQS9EbCdw8SDW5DLzYPkKZ7l/UHSrHAReXJAp4EOlGwjmFSVP0KfN1OSrL3SryzZajpYdfLv38yGR21shQDXC5TWuY4dxreud2wSAv9dQV8BwYsPXBD3WNjNiKeEXHrh7QjpAEAEmKJjz1v9xk8CQT98pWt7xPc+8+t3cqCYMH0U02BrJZ45xqQaq0WSPltwCLzsF9mpZW0iE/iW7jng5wdbcrK9WaQQGonla0clh+bZTltZi9ahSWalrwdfsIB5ZRbHN0n2YavdfjFc+qeOgBgCTwJKxFfSDkEy/5A6j49elS8ftN8PUV55/fHBjS8MjxvTaqkKXTJvY1OB/QU6lEm1vwsT93+U2MIBWTsNyZoYqz6ceQFF6obHN2HZsBlYmMRU95VJccxXPSyX+o2jUYqaLDyMcN1oza+XYWPN2/kGYhOunNw1j2Qqu97hmbqfrOgw/hx2COJtVoteFi79HVkv3LelFjI1G4fJSd+LhMp0LoYkA1cbbTEDNfXnoEIr17bgNs2ykQZkdjtUR3+LNAp5lbwAsNrKkpbwwtiV69nGcl1hTeitcEI/RlKRYztTv2Qv9v0QrN082+HwWt4wKwdleRzMR/+78YOUujFVdgAVSJoM91jbJ60t+Wmh1C4TRORHSHgxJM5c75/Rj36v6FzLmeA5fuVZw7wHhdcB1UcrPbdAhwhzkQmdEe9oiG5qjdGEr8F5vVrc/FzPm2oxbmV/T4Wtmxe6FrdznaYwgUhm5DZb+4NtPN1Kni77viBK2efAIPPlnKqmuOmZsk2XcIcAnqt50yNT8RVbG1lYEaL6x9FSMCuQBnj0QbvF+G+FFR+jc/yg86VgbMtFTCPgqgetC/Jeg7wPZYau4wiA1cNtNX8+8sgL4n6SITRGnJNn5234af88q+CKAMwI80pXEltFEyIy4u/hNsMkT/+4M+ln03wed352AfhYTBSOWCDIVA1eSrfodbObbWgx1itkDFGuW3/m2eSM4MU+mY84ZZqa1YQiz3aciCVnxzuN+xVpxO0gqnbyU4wqGN4XOFVKcU+AXFOghqFgtm5WnYRUuEX7m83Yts4WDndiXnjxCW2zr/DvReKRYd2vuT3jHl+3oh2CZVmlZpWnZkQPyGYVR6tretdtnn8jbVGIfCL37XEuPX58C3vnV7aPPG7YJqoh3SSsnaejTM4o3Ju18klKWdTVElQsi+s6GB543GdZNqOlF4xs38AoSp0cApz8b3f3oGVY9VIIZo5GrbTnXIOHyCfgggxZeHdE/RvgvAO/z13nwF6DEQ5g+gyrtY+zV6K9WJjxsaGDdtj+tea6e9OzjJctpJs6YAgZqP6b0hWFyKgQyWkNSXtQPLClPN0IXnLw06IPR1Jr2DEGPIk+hSI85LVi2ktdyaJ0iVujuRheUpvgW/2Io2vGwWxf0hCPPbvlwXYPZ8TKpUemJNyPlyD4DdvjN1INrfZn4cQG6OvrNjk3G8KXfp0XTVa3Dq3Iers1kJCjL6E/yZbl8RVQ0/D1nTHp1j/nWR5VXfCkPFfd2qesbWLZ96n22mavKbFGP3i8MiuwGkctosneY4Ahg8spTL5X3K3I6lq7Z+irnj3Wauc8+boPrhavLb6mkOgIxeQEIs2FPkN4SG+35F6NPxe1assFhRyv3pE+46jbhiu+ZjimgMEUAes5l5sDGwmdMxgNtIaIzTyDc5Jl3tEWIPysLL5WIfZbGIoTdhtwHkNp09QPUdv+H2J+tybBHWv3sGSXXQ9CWxdNJdVFHob3QIIJ5ZQgv7/SM8eYz/ofSIiwVf98/MxOoo4fDZy/8DUEsHCKcm/0+ixgEA9UQCAFBLAwQUAAgICACwQ0xSAAAAAAAAAAAAAAAAFgAAAFBBQ0VSX0Nhc2VTdW1tYXJ5Mi5wbmfsunk4m/saNooutVotq1W0xs6qptWap0RHbRWrtKghWaiquUhETNGtaCk6oTW3hixVQs0ktFWiRWKOoZESJDHEEESE5Ly0a++197f2d853ne/6zj/n/QPJy/t7xvu57yce/mZhununzE4BAYHdly+dtxIQEAd+/Pnuz0LAN8WvjscEBCIFLp8/cz14aIYs+tzJLVyXZ/zss8po//m7/hLQZPtmUUlhQQ7rZOUDSQ3Jx54Vz0/ceD8U128mrLx3/N2+eyc/ie6dPxv5+zM7dZef9+T9sv/pr5dbj15tPXru55jLH+G/RD3mBy5eVVBYAdFu7Q1wbqeVNxh7EUFcENq9OdkvYh907csUJrtqrb3HNjvQV42y4Ytq4G/QXMaSRot7Gm8Mn/bmY6B2G4MSNkkGvsutT4rE+d+mjoiFTkZG2d6fYRVcOFTP7LuJXcwiB2VWdVg0qgRl2LeVflYernSStaq4KqOlXCK152+uQZnubpsKMR/9bzkI7Ky8SFbQFINaktGrj3HnRVkSblYE3GZLaEqBRkYqT1vaHdgrxUxrPFxyWbQ8NGvnw7kY+aazjhK2/cbXg1VKkkR2YPwPvZ0Lo7+cl6lWBYWeLe5Yz8e8Vdd+5XrAANdyH8ESW2p9siFPfzxwb4TvE8hG9rwGzJXa69VZto1MCVU/Pu5Gt+9Oq8gRUDv8N9c74R7A1n3DvOY28TXUHG8KlQWnFiPgQcs6X2YIsd1nr9plDdaGAXbHfKruPsuitr/oeyb2VNEziGi98PNC5YNjk9fwfTs7+GvR9g0Lle6NEfbF9LC16rVQovNoew8X2lTPX2imjaU4Yx7nJhbuvsdLR7CjsRPyjUmBOdaCdSgx2EiwWKFkvJIR31VB+M7fxfNJqknVRnxq4yS/YeWPpIR1hhs4G4QYXRfJVjX3JzwTjyiRTCsn6TXqN6Ss4HLL2f03zfjVuYbYkdM4FeyINuIyEOPElJ2dG8cY2vXSsajS/t9L+nP41Hhic1nnocK98tIf0+Z95eTlRTsPefwMuzRlgs8Tg/n8DJNhZXh2nirchSMc6kyvPTlbrvJ3IXTwXxmYTfYDz2e6J4C4K4YGKWo+eh+Rt2mLqzLdZTUaK8nZGA3wUjsL40UztkxvODjeooyAGtZSbXUp8lJjAcG7p5u2a9ZnX7owFVwx9BN9mxhkQXeOabgeVbmdhQetO6qewx+HbX3hych2HyoTkK9KEqaXhkIiR+AYgjQsh3Q9O3vOBN8SCP8Z5vjsxuMm9UpcDFTxXdODy6OV8AHtbfLyTmTvyGuRf1uuD+Xptri1WZEG1jgmk1f0uTG9/M4EENyMsvkFnjPRa9KAOGMfRFqXHNV+OzczNWv31XY4J/TCSWO8AqudqcRMqx9PYTg11ntNVRwAvzzFZbGksH4LY+HSGhGz/+CKvwBN4xqz1mvbUP5dx6gl9YtDDq67Q4DorJQkl10igwVDsnXVDL59k/RD4ud6TtC1RAx237OQyDlHMNrgTAXarTIRm+3r4zZwfLLGEiwTsNQVf3aEf497lkehBCnA5n24indt26ENnEmD3ZPYHbjbPy8F+ZBicBfDJ0fKCZC7y59iS3ArH2R9IZxpWdv7E6fAM/oTvRx82FKKbeNk6oW2Gqe4oivkiarMiHI2lLxvL0F7/v7sdG9O+K0L5//miiuCslBQbiE1sZG5RiHUVnMbSkS4IpoI0D40CAiVTZEyAvT8onYsaSCWibmCWB5hvycazPE/vBtJMl5cZaJCqn6+iavLf54vXs1bRIHWZ+c26E/9SRtTk/V+mZVaCkqVRfFO7KlH29L5lFdmUuB5byhlqo7T84Z21sboRigud0O8TCC8rwbdlIQK84Vfajhz6ev0aDIx+n6TOqQqBIKgrAsXnb39lbtUK63qLbtSvhaVEb8DQC2uOP5q/doUpRqxFI1jQt95fljsMwvN3iE6qud8SJ3IhMAduF+A8HDqjxTcz80/DgvGfVtn3k0p5YZMFDiEiuvfWnzg4q13PcgY9PbvOuFwJXZht98aWyM7qMe8msgMowORoanaHwj97G8R6HE98KQJfpA4infDKcbn0+aHyu9wGeUj3OFhij6KBzVeXhJDiqwlFcUVRXAIXe7QsOY+3RG9CeaB8pA12T6y5f1tUvWzBj4knME5F0GDGy+pZ4MfPlSj1fyiY8jsSVLgLpi6Chr4PNYpScdnOWzMa1a+DZ6qVVGC4bzx8cBU8UKOytGjxBpmn5bFbwZnhmk/p39r4Z392GL3iPvYWUeog90SfQlped9pTXzgdAnQODRIaWkF1UBCZUhxrVPygsOsXqVMhVDFg7+5LqWk+nBRvMVKjCHHC02B9cxq3l7+hCT6twTKceQMO8swRu5dX+Zl+vNiljbEecNTfWqWxrgm7UajxSJ09mIlX891aVAaNY2dg8I7yjha9FK5Kn2OVzaIilV0Qs4W61YiKNqoCwPGQYVewvTvYE/TsJNs+4Jcrq27vfCuj3+3vSI3CaI1GWtcpkb+Y0mOEjfBeCxp2XfxvAbSezlZoi7GlxX9ej/ZJoO9XjMxSspebw41oK1YhhCm2/qiK+Tcz1pmsz9Nj9y9pvd7BkVOtHP0PEOvQ0Jcrz60j5u437oiS67Es35srFJ68tnJv0t/d3ZKlQuluhHefgGM3UhM9OiRBsaFhGinPJu0s3NUOwGV6EYfqieruBjXBY5W22B8a/2nWjWyI0Zs+ay3fpnsjTmnkI6BhUbe5wkJaY0RXUWhDbR7vCh/ulgpO4TZDM78JdaE0jUoG3uVLZ0TL49uYCb0GNJAz0ip3DUbBFxtbibsKHFMJAu3MiQCXnqlwmM+UJbOoGTGEZTh6Z2bzZImgBsv62vcTwG50Kjx/RLxrygPXdPjXT7+QfyaPkQsa8iw9CcYdiK99H11MPV+qcZgKOC2WI2T/wJCI0Oxesec2NGFO6O9sY1z7f0ut7oCrviIwbYQJOzi36LFojdXWoP/zTQxTctjcekA6/ZIIMVY3imTFXI7SD2bjHvdyP66cV7Na63T/1BQqjvCabGVWg8NY0i6OwUzml3VFQ15JF2LWsNxYFrgvvG2XRGmK/LG+5Qy7i5aqmfvH8G5hdh625OOm0gbWpBvoymzVdMV8waLuZp+NciJOHQWlxpYlO2wgS4t/b0rN5W/npIkt7EcJc4jPd62AvZo3NYY/O2eu9wa00wMDAs7aaJr6Q0Gp5hHiuHlGnr2XBhOe7OQJrR0KPaq7xzdzInWvUrLxxG/gqij/Foms9S1dbd1fQEx9DClwJX3hcRcftg/1nr3fdUYlm+AsonImLwsTEeSw2Mb+b2vmkOrlS1OxnVV2gcVv5zV/NsCWvwHdnPIq/B5lQ5+uPrw2+z2UGY6yHWkgiF6O0gtnf/tmaZhamz7LLLC5iEALyUclTE5+jzTOBCFe8t2tXUMp26OmKAA/P3PPb4N5ayqemkKrG0uKyQk1kpw7W3gCqed1riOM8PscBgB6ihRwipdAOc0XNmcaB3v/MwL04RBLXtFcO6JW2DDvmYApqPsb3idjV1aLuZlTzMVOJ9F2YPcT7o4RhGXGdgSIeK0khiOMZqeEe6rC7QlLbKIirIBzNrKMFa7/cePtpYbZ76YJvLW2uzFzMtTEPtPebSLhwK4e7Iqhfobrff3rCBiVPbG1+qViI36IDleStWh0MpdyA0xQ2b13PDFCNZbaLMMTNWkcU17zksFVGru3136ivZpR+fCQWXpMNRZPYvWHdncoCwUaPTjUt0wc07DPvGEvaW3CqFIuzx+ByjzbzG6T+5up2GE1spibeAkuadLO7wFu7JS21Og8SLQj51xQeVcdy+Np0hqv9dAawitr+O7fhz3OEQin861Cfed483O9ihAqojZWWqLQkuullKK/PFY3kYbemN88aFzm0MBooMZ9gdKaIklTAfi2aZGjXtFGWRKQsHz7zUbkP0YKdUQLYsoMQzJUTc0G2f51QvDD+7LymWHkCf8VqdlLfXhEWG6xN3Phtmc6XNsIC68KfgcctlrpBrwL2nQmYaY01rvlK8GH81zG26qGl6hvxoOe6Vzp3a5m60YwX0Umm3R9ILVRdC9OhtCCgWdgrVaXJjOUjsHgVZgy+8gSUAqEvR/5z+LONVg7K1TH3pDz7YrwE7VhE/ilF9xzWrSQaHGaR/9Y6pmFRJ7To93qKn5dVhXzEiLj9g/+tqw+vS/gD9LbrnsiTV6ZBDg+P0zXKocfeUlGYjpA/OJx4PGls0LROdXVN7QL/TSDz4IjQb/L2RdyiCybamEUkVZ5U5gOoqIhzbHgYf7+jJYjkvMJTasxhX57RLB5pYjALVQmQsHX/s0Enj11PoagDUQ0Po7Em70tWV40DrfEcHGMhtis2/KW3npULB3AMzivzE2navDi0M20qDMDVvdcJ5oPL9iqha7sY6neZa/duVyKkPDXYi28vy4zCT5MtbCoWFfSrZLq/9oZX8ERJOHPH9q5W25dN4CsYwtl97Zw0T+WpXtFZUdvxGXcsQ+/kjsvtwqoJvtLdWBelO7GHMEBRQrGYCFu3VVY9ucwzMEnGT4colQFRPSENEPYg0Dvd4fcEvPXnn0W+URTKGbtBr1Y8987XPzzHRf+yqDQGYty0hizwHVHdCbRSpSalPDu9ARS103snmweui9B96v72PedSu23yaEHX3LadaQSm2IHsue+OjlgVlN3q8r5hAzywJzm2cvnNdBLfqhO7Ln1WQaLDak/orDvPbFFl2sBzCZMgL9EDRs1nyIpaltKPfrY4bmpHl2/V1fYi4gwKZm3sBT3QGoAURPy9cRj8AQXnUuF1AUfp5zWSBuPZCkcx4rgcTXs43z+VFAHENTIYGz44mlbnJ8ufper+MmmAN8x4qrJ2Og/FS/Bs5zaxoF5jUHzKTw4IlAlawQZhnNEz4uWxAUvpLXBiljlQ3jxqYNmeu5xhcdN74YozSnNNkxuxcPdTpzFrMpi7aYUOJ8ZuIDH4bTyuoKoYnwCHOo6eKjEpyYMXr/Wubr2ddVzmDR2LqQsXNlaxnbdfBCS7pEOcMKH/ZrONHeDdn6pHIksE3Zpxl5qjIt4FKbcvNjqpjR/CPt6MknlYqxEbR6aYJGAiqLRGazTSN8O3YxEJVSplLFSv1V7RLiNx6VyNfOvh46OjO06i6R4xYI87qyz+X8rd+kc6LMyV5IIEWjqjs7D7/L39mZ0BD9JrR5JdDuJfDGYQcfQYOwaN8Y8Im4v/RJq9RnJVMeNRNRgdCwC4OSoliG9bc7GsD9OWjiC2kpAOLjmyeAfumwWw1WCwx1R4BgXtwZ5jHFtiKic6171wqFw4wYjdwcfqiscB5ACH51XqzQ49XivCZmmJKjB51HOTs6AeHpp8bM4LaPuRUpQjhfn+I91cYTOSoairo0iWwjLlD6t6rJlM3SJ0dwUYPwJMWZU2NTpWaqJuCVr1PgEnM7SCm9S/Z4NZ8IR8ReTVt/X0kC7V/cVA8kgE86hS/PmSbUcdwMIfuGifX7bHGjGD8swMoZef6/B66eylhzmuOc76pzNyuDys067sutVlEv6bgN0cyqTek346Z3qqF7dR4YT1bF86bXb3JWaQP3eFOF4FXuETBilWsZTtnjCgLIy1nQ/IeHylx52E29YD372X1eYiMGMzLCdwZ3objp1e5WyaUGeqVLts2cr/SK0DScDEQRtf4y7JKzx+1XD1ovqprQjmSbGTfWQW0WvE7iklOFqMz8y90MVf+NZ5a8wt6KRPNPrdKZD7ynhGA88YGPX+AWkQR++KUBnJaggbwa//Qj2pARP+/8+X05RXyJyqW5gB7F4Y9sBwY0cpxiyzDU5J++itJT3WjS5z81/0ufjRNV/cJ6RsC4GVp8veLPtZjpD3o7QwBMBDJMGgEhJo3ZQLeVUnkjgwAPlKgDMlehb9wWAk55Q9xEwExE48QjTTFOrz8eNcmC8hYZtEzWRpvGAQQ5wZrZMMtsRsBW2OimxDILp08LREDV1AMyV/crNsBjTrNMCwuwu0ADru+LoeX4hdlNvvNiaLFGP/cieX1xNFWyCaO4/DJUEXJTxQT/SWipidi7V+lcLKlGDtIkSF00r15hAqjpkoRMHXsDjJNQvWsgnj7k/fNh5rAPKby/3RvkfenUmxMXk060rIjfTpylPdfWpvOOw4YvjOLDhGAnTSiNt27UxARH+bfCalbnXWcgm6Jq6VQjssGJDObdFLTXQZYV9PbFoybk+O9qrwka8L0YYelhHTg2KIUkQqVYhU4efqcvCjTT2zdNc9Q9b1h5VP8r06kafNcR0XYv3fzFhAetZlgBp7Xt8dCYPg1LPvKXPYO7hOnrlOIJvkDuWv7zqbY+cG8zH1n0bwufd5K3q8mIjTFpXjgBRzZLXY+4TOzm1ik80qYD6QGSUkmcEXtJxrkQXieXCRjXTz/tjRDjEDh8iiko4murZWbwYiEtghsKrrv1FU5y4g9DyWFs81kyIHLaZ+xTWi4R7VZX03Z0enk2ACkZrurx861Bur0FgbGLtdfl1Tf2p+AhXZVUAjiEM9+WyKGrOZuPBCSKephfyVCSD+wpxgGgpqCzlGHvjxwg8kZfeJTX2zZT8Ts6y2rCOEQ/D9l3tmZtDg7xR7juYHwdi9U3vkPjxDl0WacatSF0dB0gpZ96mh0uYfoK4F/cLepOZfxhk+d7oNrMP1mownuqdyMJTfP5eFGYHob3dDbQfmPN0OclB478tm/P4ANh+pvV/F5628kglzFpexmOnFT3Lfq6merMC8LThl9ZR2zN4t5JVtVM2cxe0LkmWLekVkEQgpG7VkcrK0AK4BkHmT1qDYNh5Z8nlU1o/Mdv15QqVoHCK1RVo/HjtSPQfWom0sn8kid/5QvrLyd85vTm17xQOBjni5tZqOvuukCIpZxw+L9mUseLYQcvTYT6XMi8CiqkKjh4ECRfTlltRMysiON5rB1KGUZrM/GNCIY2yYJZAzCKaoK9jE69F/PpAVHFpD4aAKPR9xXPxb12s8oQkBftLHyQwY5xFalDjb7ss7WgDyEHXjbFZAUCxflQNi8u0NMILQSzf5l4t6kj/uJMWFhXiEux59cQD1UT/OV2pDLnH3OWd4AkdC0SANmDEqy7Hu7beX8kv2bqq6hUS25zUwsJNo69nUmzzpYHFJNjRUY3tMomMiXVU7BuKLaVhD7XvHL1Tdfzi+bxwDgXgq3Zey25SRqeyucHhKxpvEFHoQkwOAFWaV+sWNA6oXkwqkTAia2iJQdeFjOvZHdMppvrOAjWrSXdlt3YoRYuOMnHqqHMBO3/Ajy3ijoUMCHLte6o0DPEpyNuKi4iBtiWa53fR0yjjkhdOBOQEWdvt0/VujMx6JGFZ5srqZcUziKtEdYNxDMMKHGI0eSiSgufvbtxuoZDIBgaeOXT9Bb1V7KG621iSAP31eOcn5EqYpVmf3XpfqG40s6EaKPL/dawSgaTmF2imzwJGzNRenxy5YB4Eu611/BsEgUIND4M9nHDzCa/i5B/mYh04eqnJAHyrIupwb90arzm9cRzYI67gkLaAB7Xa2GhTRdtAL+6Qy6/o//2jrG+hZuvfJA5SlkfEhhWnCpKmFM3R5ToZLFOw9pbLSF26TryltK0yyombQUa/ePPKrqhmraiHR2inX0fYQa3B/J7tYEirxGmr0o+TwtjZDtorb0bAl6uH8wXfVxcqky/1vq7hgn6pDMPY/hcOLz84QmT+L9O7IOXzBY+P+HrNZZPdyUnaTgMyZ5upI3O19Vw7wHwoZrwjwZA6FPI2svsRjC9EI14EJiDWik/Z8kbYlA2umqgV7EcQIQRZxxHBvscZDlfcYdVqxHFu14Obpx3PJASP7B/pGR26PFrt6+Jhvw7Aw+6jgSBIlYtTHfJLjBnYxs1b6NHY2O0Tw37hMK8/Md1mi+XCWR6fiqbluu/Wk/7oFxNlg7kPortCWhvdp3baVp0I4G0L4cPqH5gBlyhZp9T53PU1M6NZEjnlBe2m0+aWA4BFfsPVj21a5EkHK+wuzC5WNpYRv30UVU86YVl2OIMIFMBbhvnsrS56EoEsKM7D2LmTfzUeJRQr9GHoEIlU3nb6z5TbsWqUVs4lFtANccJwZa9irtSb/CiU1Ck5uXCixIIcfxbqRzZjXqx4rRiLGHiUOvFq968CYoRx2hy3eFOpjC9xlHNxHY6pu/5l56xdPNbEpI5ZpQAj33haxL2PHEEda0ig39KNQI6Uf9JA1cD2pB1ahT+60YcTMK6UaqhxqO2SUac2Pw22wKZpe5jjdDu8qWGEpF6aVVmBinQ0pQEyOf6zUUM4hFqiiFvg/Hl9JRfCDOm1eMTQNyxzeQUrDDrJzH0manZORO2UbLUmBb9JdlyH+fExCYhBdTt17mcthUy7dFslXHInYWR1xNOF9qcnUcBEjUWuWG5c5B1Ay99LvFt5X0HS9BkrsRtBCZuWxb1Ee0xUMTOqbbY47fwo347Bp3xG2erFHmEml9Sm045xD8pEwhvPfRs2HDNBWWgSAzrgJc3tVR6XRKmW5FqmT/RUy4f8hdaEh0ittmiWO1lsTg2dS6EqDTCqs6O4ww3gVOlzsbMwc7XlPrEPYtzgQUZZF8avP/ZjNjHb4Wr8ifGoJL4xrPqG6TuaZ550NDp7LZjh9893NnJ8FIr8Vhyu7ExpdLxuKS+ISQlrDV8WfXwYQ0et/io5BOW3ytBqZwe6etw7lc0mAzZWLwute9JAiRSoTXVcr3gi0g33u9jHf+B7pwlje+RuM7V5HsuQ0/s/UtuOOXtCvW4RaxfduNr9hMwaLk9V0UxyZz+2C6qASBDwizpgmudm3LbYGIxNnW2PARu1k6MCKKnWoLnxrItapgpB2Y1671YWYohx+dMNscqIMqpWvS3Asbra88ag4k+syp+2Qt3gzfqxaF6efsl35n7W7VK83zO2oFns0QAkuvOneXn3zGuvaM/8SLJwm79fXkZRC6+zUzBIZwpLBFbNQupYA52L/YDKjrvuyQu3h0Asc4T81AB/SYLyLbfHo2U1Kz2YTgTACNqCe959XF6CWk5w616ovFCgJzDdLwyXep1RZj+eHNBAujlGLHBwiDncxAKIJhHF+3jAJGIaCFp66sS8ksyS5atAM5qVMjTDlxr+6YVpMIjB0JQn9lXbjR6Choodk5ci2+9fcIEPfc6bBLKaDtpHqIuudOMEsoo7SvPO2wBkqY0sn95kpC+Llu45JaMEt2dJ5BZF5kvBCsEveC9T0GIbCCMzt9i7csxc6KtE68zzJTDGpN5Eooc9o31lfjLKKM2JRPa9Ibl9X/rnzas9zCftYBaRwsbm2UFv517osSf75WwxNDDb0UQm5ydGYvJzhvv8nFsuPH+0wgC9nGhte8BxESeR8+IrGhnqtOCLpSbpBkRwPnEE4LRFu1FQgDFo4pWJFlEJh6I2MD4Oe4xa3p2HDxfp+u4z4FwCJi15dMK4JqVIRHXl6vhpo8eqiSBJnUBmpP/sqPsQ9gHtlLF7sEit9Z0Lt6oOksPlq7xSQruUxOgd9toJm0lsOu0b9IeW+jpoGtpG4DOi42WALFnUyvlDPL2L//jYkBbXgAXubpceWsOcjcCAeIhATY8WmkT6Tsc3hGNKwLEd5fOaUfIFWDcDNlNz3wMUi6xikxRe6rXCTsihVh377kwfiwZe/DEJlfUWOCHp/H6bq6lHlL46yx40Gtp5v/+zBxQuSk3iLyFJEtjCdYn13CzVMyMU5XLYPfI42PGZtIIcKc+Bp0bGAEQmULrOezYlCwGu0aR0hhhL5VbGG/us08z6zb5o3wmTp7NJjDD/sB5ubnbzrUTJhYq+yPEMGSVLA2TuQ1b3Q7GTHzTUy9J2sB1SM92sQPXHhkzVw2bHJyj/FB+ayvNqR8dyrY2uuKYMHXJRCLudxfVA2z2w9gItA3Ut/4EtuDTtpj7LKaVo2SiXJLEU0QO0DrzESIRZf0WEIcrJRbhYqnGk7HGtpZh9ORQXkFj5dfTTEASW4pc1p/6Q6NqFzLcR275MXXRF6EXfAVbJW2RvvLwufnTrlxaia8nOvN4w2r584u74h54f8LSjBt9Fo8F8ThsZZP41oMdM4NJOpwIVtj5W/MFXbrDseAwBxb/2kvNl5C/7iXSxpMxQ1R06sb6Z7BR2dQgmDdqWZTttIFGZwUbjD/Er42doAMEUXpJdVNKNZPF22uruQTDIT/cMhPKY2OaINJJtWEzbrYUvQnm5v4NmLQjlad1sqw/pgEKq18qJ9a8JN+t+4wIRac+tO8fE0V+XtBaskoDpEgDo2ZC2vlBjTpSxsdsbnG9N8lfFYUHrdJoWHol7rRHpcvjNguQz8J0+djG/C06UoZi95t57RB5iFGu1AmcXf6BEiktYPwE9JHf5p7vY3Kvfa8G/Rjpok3SWjuuscG/GSA/HTVsBg6CQBp5D5dmOwFFOpKfWMzc3Ebba4a2Ptkwjbe9cSXCZ2fn6RfPLgZy2jz2IAsvbDG8W78cE7uXuM6O/mvc8pBV/PhZC94XkoITZ7W8iP980gTMiVVS2MGvvr0P1ho3YpqiztnsYECG1gChe8n+iqDJz+qSYVw4ib8CcG95qaFhWtBXyvBgn2E1retlZluTl11W+R/9EVll8wvzQyOVAbObk2gOvL7CEQWCcPmZ4okYOZL9o68FesoaJooBreM1HwA4hq7EEaMR1oIGNtlzUKtQ9ubihm0awZxnZ681HGkJ+xYlsclJTikG84s9nGP3PLMi1sAHtJ1HxzVGJIIsY6/ApwAygnP2JAEw/jFCxKkKEEqesivlpXOyvLUWamIja6oIRRnpkrYcgkYqrGXqYdY2aTeye4FsL2Vsr2JSja3UsaybeM4zgBdOO560w3v0gBL/dv07fdVsYRP2gEpaXyh0zwIq7XHp44tnwAt2FGBQib+ksO7OvZM0C0kZIS3/3poRWk8jvERw5eVPATPrTvYgoCRG4UFEa8367BdAlBK5oQAzbjm9ufA9J/ZSbri9mhgcnGoMptjLHRDtPBJXVr/P1ocUNKtMoT+Qn5D1hWi50KjA/DeVN9Yh3E+kpvS8nSAQTM8CvOFNemkbKhM8PdGk0UYzmathJbVAupbnv9C6xyftohJ3hEYX1RWHu10KNaVkEBr03hokxIspkb0w/EtHipoWWAvEheW5pHXHrnfQGgzAqXnOxPy6wMqNt3//nw+nS7cW4ezG6paVwCtywvKLrc9QPyNhE9R/4dk/4cwdEM1sGMw8+xQGF+47C7/NniHE3g4CdwE1cpu2SCgZukrf3Gco1tExHLH09c1FHnUE7QUfvZC0ucdPGOCsvl7+VDWG3dM8UOUM5sa6FkQjXEdXpanD1cMr9P6x1txEheFBziXv/XgZGOSKhWjhPzJsEgEJMdAZ6On6grTvCUK5ZKfo3AD7y2YZziYnyql0mYVmX56bHAZUSCWtKFEjRs5288MqLlmURuujzYfwn96o3NHZHAF88Xi7bDBM3NzM/c21rQ3asAK3fcSfA2C9rPeemNfZsV/okrgkVaeGAEBM6QmGfFiPzmSFTAKlACjUYB+/7FCgl8p2GLvaWOI3cP4rLAC7A6WKH2nTtYXp2skUp7gi9QP1J/qj3RGYtebVFRR/KI+YAaMCZVDz/RPo5gXiIedwh4V7eoIGFi6E6Va4LBGZrj++6B+4CUFxKdZWInUpVfGbn0sFe0EQ0MrtuAr2yzrT+DZ5lm1DEMbyftGb3fc2u0GwrmLimml4WaMAOeALQNzLhWCeYJV/0zH/vHapYgbcaOUXs8n13s3PUMGHb92cmwPQ9SWlTx8Y88CU31HLG4ImNU6lHkqFBAzq0zIVFxM0Cbvq75PmnIKv2XFyy1KTcDNT/rYWaVoeAQO8FUMDQFO+HGbduRRK+gJUwcdpoBkARfP9U7P4/NEhPdqFJMI0M52MO4nZQwFRR4feTqQ0jf1E188Mh6NBeI/O/NOwtYWxMoRP9WzXubhrF06tcYRg0/nDktLisqcM5FZi0qVvOPRyfqOtt44+JeB+HyvdM6dgj62+Y3xKMoe6uQH0EYK1OZBOCRpgQP/NdT01n+YGP9Q0Wx17Z/1G4+Y/0oDnhmnZ2mszzxoXK5P4VHD4/BHT6PWOUIp0QCtl3WdgRgNabdsqS6lgT0Or2bKU+YLqGe7KNjHQeGTUyB4oOKgdz+f0ZG+0HHCHhHx220RXoDOG6k9K5Jwbitnw7v0jHU0MfX3d0CKTmshRMY1Y/AgoiHPxbDHli/JrTLOPLf6nYcHmDzXzqGulcqS8qPuKGg3juqMH/fezWE7jKf7OyI4kNDYCowkO7XYjOeoaZpRp7TbAxVTzaHX1jSFT4itk/hFDMZSZWRk0TSD8i67BGDJ1BSSh4QFBUEwTeSFdiwS7yBLzSIVL3Jv/tjD41+bgPZCufJ8kW9yaGrfBeDzBb8hQda6KW3IkSKZhA+ptW7FvAW4+1H3Wp6wYZT5cZfgp2XnUbZiXbRwUOrEZklyQzmIGi5BtsEwA8NCdbXTjbTHH4pLkuHjY3bFkibqxb7QX+Thi+zRTVEUcxS9UG1ZYeZdyziH+SLWyhYzOUkaTuDyKXq+BpOxxFQOtQvkr80QczQ+8XMIOO3xU9f59bWf94iSVcyvhw60GQHtJ//p6/7BNhnS/dLGSL1Aw3JnwMSUQciXVksOplb6K/caVcGkAQpNoMBXPZfKfyAd9xbi1TjvEYGvzBzB39F/rWBnMDAR1tcVCg9pN/TidsSWrgJjYX6IPee9b39h4R39G2BXtykAOjMfMuv+Xf8q6h27sz0AXv+vMHgiFsOyVvOK7Km2WRvw40yjekjseutxWK6p48l2BXzHK0Wu7dG51aDNJ3Gj+ETELNggYimwFZ98d/SDCn7ZoElezH7lZgVW5keBlPlEVH7Pb2D19LO+1z3ha9cftc97KK15PeVG79N/dMV4Qdhp3+ajefONQ5UK7l3ouoHJsnioEjAMaZhbs3ebgdWBx8vHrYwrFQcbFzU8WnnrCpwC2Ynqn/kTlHyTIgLNz+d32u4Pw4yb/pUWwdCHYSXVSkSGpUA+9nL+7245egx1m1itwRnNbAJekLSIh1mdKkqNiI5RSkobjxPepxRYr/0I6XRE8lya28HBjlqZ9g2pPq9mPC1/IP9T8R6lZWMJlr+4vLq3+/ubFmk6PIJozyK8siRwS4R4T41LttM+r05mqbap32tFyViimd6/UmGDT9oWQtaSqlZ+9lC5ny6nXVE0MtSVqoh1incoTp8r//hPI1pAC3nmatAPa12s4KNYYsjxliVr5NBbtRuHxFoKam5GhNTanFQIcfT4F2Il5xXWVnftK0fHFVaC4LkvvJdCm+AUiEfFERZsePM6Lip1Wdpt99fE2EWo1ZYKpLe2+DL070VH038aHRrIV3EdmCQAJxDVfMEZNEd1F2LjZo5PoNF7aoHOsTqsU2aFeeZaV9uliAEpDX+oJ1cG/IjBErSOiJD0stSq+W3sJevEZ9S3uzdBtzoGelv9yTNQxr+1ndVVNaMJjdtpMjVO6b1TRTt1ez6rfiBzQqSW4YUt/3/gHg+ARTs7VbsTSbE/+FxR8LQZziBKC5a7MC7jr+Nn1Iw/Ibjj+tzOVNDIEcINf8NPeR/9LyVwiLwkK/PPatXdn579evc95JbD7Lzdl/vamwxMPeTP7Ff7Cx6yJDt10LfiZAdVjFJAqetm5vCNwUCQhbYD+KGHEMyAzgVlSAZoc6Cm4jqHJujLbqw9oRtiEleYn+1O7Hy6Kqjg582z0Lhg9EVfbOuH5CZNtmwfZHPJj62iYJB0Aq3gHdv7xcAEflmrHSsj8Np9GCtPNvHtswWVMbdzde8nm2bR3AMK/ra5v/E3vPXUnS8cD6gcpNUOvLaIZ1/0Tvbq7xuTzp99m6aJ0MxFU3kWXQ6GavV+pHSXlqeD3SYhgoYVqx5CPCRGGcFRtnxJ/73P+SFEmb/WhPa2jIXiU6sSm7PD+RJkzm5UQ3bTP2/97POZpGK3sGqTEqaqT1j5aOr6u6F8bJFWqGC/SK0j7098yXMYOkDjfbcv3byurHBwf6ma9BdGw4jIEB7VjtqKdZRGZ4PZSc7KMLzmFZoAJCs/3702vs0ira9NYjNqn6FE35OkEAo3Ds45FHN1+QbAOA6nW+7p4+w8ZPx5gDu27Odh9P+LVfzihWf6SYJ2WNNIe/7RX41F+d3dS+iWPiEDQh+ouhw5MeRe5zxheuNfpacwpWnRb9wJXZp+VrGSO2TPYNOT9pLIJG1eDrBv9IgIJJttJ/MOs8d18/Qlj4mRUHCue8kCYvhyyb9qrfLftiJX0gRX5VaXOn+5sGjAQ8qcBr68JGgQFWXv96iNl1mQuQ5xWNUE7WfXoJsdYD+oWF4beP76ZLda0NwwBtyRjL9/MZMtZZO7s9KDU5Q97Cho0ll7MnFkvbHgu2rnA1EEJGhg1YWvkFD0iUgRH2i6qmmDmcu2g+abVl/naH1vqWpffQbJNhP/TBl/BuqGx2SJb68QrmeRJYQAa7I52oLXxE9iXQ7fU57bvyyEhgZJU130P8vcYCdS7wEDGKE6DsoHzUac7vDq3KZukhowwVsuGZBGWpN9CxDzCjVoNpvMWehmINL5dOBau8db3TBVsYCnUO8B44XNerFS2+1CDllzdGiNhOLb6ijC9W+OYPDrk8RL949kZB1vFC2tqNPSDxrSKcPLLMTj4EidXFMMxnvRr9gxeqxb0KK/Lvnd9KBFNwGg25i5x4yy9w1GN0+sHJ/hhr9f4j+CWeT8aTvyHr/a77grBoPkhL2Qe53t0dIgWIhm1n48y7CR9YB2yNpG+EZsdB1tApsIyk7QyqzW8alrOepJH3MlCMIqoYQ4cdbNvGpNynqVwN+0fGdAbazg09MwQKNtOTtGVZeARrEs+O7VbVybUkf1xLU3qVpOg9St971LCXh9ISwLpWcRVYYqdMDPUGaqz0UL9slR4yfTBdA+tmHmmG+Jhzrh2v3zctJWPNAEdMwaHLquag35l3O5ZK3Vde97SNGlZv3agVaVr4R6aNXmMe7djAdnil7S+p5g0V80RKcR8+Il+UckqcjvgZGRxrJDWVrepyUjmTPtKtUV7rHmDLlb7MqrefB4Y0vKsnosORJKQjwWlctId3Vn1bUTDxzJuU4fxWb4jEgnSPXQm8IdmczoeKJ1sAaeQnxlltpapJTqgZ9hXho8NPOCe8IGia4J1XdHayq0x8Z9FdojPn1PQFbsMLqBY8Lx7MAdL2jUwvoK6xu/rRBihzhsG/BstDiqZ+b4bdX6zFZPH3Qt5a9sBEh9yGQ7elr97MQRBhp5ZLhHhcX14Z+xpfKUUi/8xcaUCmUmNauZehOYpZxBI51hijPylD7qqebunFI4qHslMfPmmDoBMWOY2bL3Vyxpm9LHCmpcYjAM0Ef8w/YZoZ5+IJHewTwn8WAgmM+KYNuSg1tpyoA+pHIbb2cm5P9md2b/xog9Xelx4MHg3YxuWII6sS8UWyqFF8dTYiW6/UmZPGzoLPcu62doXtYS7qxC4fO262RSD7VAtQKar9mkWmKaCX9/blzMdsR0Inmz4/ivW1aRp9vB6VO943t8UotZJE/xrH+/dLdudp66saO8flxPvw2YeEE9XfLPGFMBfQ4e4wVMCydUyTjSBuRJm3vjFRSSRs+cN6VkWCmoTaREa7XSluSPMDu6bKUy/2MYJn4gmWQG6qMNAycQ29HPCzs4OjXddSoeyDnv3rOc+RVUs9gesl/WWY0KdGatIwTqNonJd8CXGCkuZgBzW40eL3RJaMgFFwLPbDUQ7E0DbzI+bkGZz0MT2mI2I9LDHazL7cmQzLwnKbFpfpfAdxksr/3CItDD/en1/wgRZi1F1fbw4Ud03r3eXmFKHaM+2wt9MgVH2YvtYSkiL+WZqOubU7SlibsuFLUdSmeoQK2zr1NxhiF1EZUIWUQAArlb/33wNLpADAiHtHQ4kxuF0owSrQt2ZvYkZMhVwUy9bjbfIMzrYdNI7kVV9S1LGRWGaYvr6h5YjNEvDEfj6nehkAF+YZxaf+hcKyCtemNmgsW9s9I27TdS5eyxdSsf25Qk4bewCAp8qw2G4AGCzvLGhwzmYX546NZfwnxW3ykpNa1DmRA6HCcH2GUbnqxXdYCwb+HnsWwq5IdlTQ59a6avuR2bC50pgHdPLwSxk02VyUQIi82mjZNJjcFndNv9pSFjIzx6YiuM+jRQlfv2SXbeDxyHIXY/whnfMY/lZsIYPBigoQzXVvE53duSPI+mKJ0Gvj2dnWKGqmXpTU36H+H3jEjksd9lnV+r6osaTDmv8QpPOELMzvvD2TGriIH2bdV2Vla4B/2Bm2IiPhz5U0Tdv7cAqUfHrTQTVyh+sKJoJfW8AoCH3zBteU+RFxbz6fh64Qew7Muzel7PFYfY/rsP1Fc+mVH+M/Rb109ZM7P0+DgRKxfwJvrk7OlAlLY+yb6TNyvfn7ehcPbj1Zw5x3xFGoBcx42ENMBn/uK7mrTc0hP/X6dD/9Ob86zDX9kw1Ll/vNjCaXS3Tn0ZkbBKm352JixUFXXvEZLT9cx2v1kTCSh7fnUqAVwRn+m+8WCiXcbo7cBrLdZ/38oEdGW1h0TrpiJ1bTy7I/fFkl+bD3p6y+CtLFYnHODoJMk3+1IQbkYmJxj5XTjJ8SweGE+WZDdrR34KfLNzWZQqLS42WNOEaV923uMP7+B8Glu4Zdxq1kyfQRCyn7bpvqQd4CC2Voc2RT6TLr+3s7DtFZHxMuxrJK0+13EJngd/jf/v+w8DPVzKp864jrmJ++ZzOG0jBkFxYvO4VwZDuXmFkkSFaYHab+NYBwsrfM+L9U5l6RsSutkOFSxkny/FZOscaJE8Xu14O0V152HQ2RNfiUWJTntkwHmGGbp0QppfaGpyduYUOt35YC1s/6v0L5WSxpTAdhuQkFWrKp/aY55v5VDQwO1pCH9paVSdkMstgpzzCsZSK0+TraZ/ldX9W2im64HJF96nCNezTJe+ijmXY7nydsDrM+pWtDA38+iNfsmcgLzP7y44GebIUuRC7pwTT87ppAvKJL1OoDX2Jfk5IQQPvA0SF4fdldhkyTYy8vpXAuqqpAz0XYqJhr2E+CyXWFF3ei5CmhH4SbvC6vO9psKFfMLrtZ/zVaZZ6wMwJWiMmOGX95XPfPD8fV0MnO6Pfw04z9MctlZ1QjFRZqcXab1tmeO//3riRCUfgaY2nJgl2ReYSqWYbZL37wQBEXi9SS45Jbz9rYfu0OoLbbxNQ9Cy5R1irsbL7BD34iTNG67z+G0NgJNXVTcuSvZchb96EM4ML85eRNwzguUVNWWa6exNTqlPSLSNLIJYRGxyd74f++s9DdwcTZHEe7+/uS//k7DZwGzjSs0nPHgOMG3s5M1yhQOaVOudXzK6PX8JUYUYWUz+R5M9vuOzsTPAN2razkyF9zQmKEAhMC8gc6fA7yjdfLkYBdHQlNJMttFVtBn/WgFyZdnocdgFfmhGCy+9mmQAwrTYjlieQCT03cyp1Z2e4F7cm4WTt6L78iwE1pTXHnW6NbGeGdknkTI/MxJhHJqbaIgApFPXJBmFkCxjFxpKqBeT9XvlC5bb82P2jOUq7Pr3x8mwoQBIX8FgNWak06Zyms29+w1d3/zF5UZiu91lPwUjDGJ9APTGGFZAPrTMHpujDsaQFSPeFlJL5ZmBYkGfeiwL0FLZutad2aYAq0WYKiz1yXbST84EaEHIHoIqxyx3DU1tRfKvxZxSP+32wQT2qHOrNSThyj3pWRjzjZFUZKD1il/5KhTJnzxXqS25/0HOzZTpsveJxo2zSTTbk4+3R4grburzutIqwjWI2eqJNqaMDoyn14RxoLZnS66So0pqfPuswfNAS3GJt62ekXctSepZ1sXAl06blXXBEEtBqKBvGb6Onu3+ih2GAOiOkN/bRpUW2wh5y7UevhhQH1iya/ZYLxO4422zWU/I7fkKO/rC8uDevUHTRo1Mj3D8toJK+/lTNBC+qUvzjz4Of/MDbKnXR0JTqGT718Qc9Xq0n0OkLQWcL4KrIQqcRALS6J6LlQof2ZZtsPVP68vdx+/3ar/XjGVtX5Jlz/w9u/h7vMcjH9wHPfG6OaLlsLZ0nkWm4wpyX6R+3Pf04ahNZp+GFgEn42abE/GoAS8u6CntaGLBRPbhGQcjAKap7fkJTAJxS8y5E1COcESLjswVJ7yfRP8rkWP5tH296gSIarnrgG3Mb2FbvtvchfHnYZDslhhR8f7UfmOvhXmaft3lsw68EAtTsJhJwOsFXE5cc9DnJGpc7NdEcfb2UgNhVLdePn7grylB3MTTyPZDSo5NQJfLvePkUGNkN2pLDgkFPlMydSiFuX4NLPJ1q/KylcljdgYWfHNlXFqvfDKcG7QDHeJ0o3sXei7dHo6+fNFHU8nQ5CcFb572D1+XWNHBWvvfunh8A5mBVKSAvWn8IGV990iYFuiZMj7po3u53dOOFb7nBJwOjuJrTik2OG6e8JareSuWYgVMAWN8eqHfbyCkM5FEeXHJ8+PvAvPBjcnpf7hOCTR2mWT+2dpHQ9bF+cwWtzXlPPWGT4ro5Wwz8ZhZtgNb4BQ6BWpiekMyhdi0GBfTmGcthfiU7MV5+QrCetId7FbUzlJup3naCBn6/0qInYdIMSJrff0YfILaFEnLx2LIHRsAgUF0sKPvkj+8VTwxtRrga1nbVWoH1FGp9BQ3klCBWRh7ev+KT/fUlC1lHMLaCBtI2k8UTsIHjwvR19cXwJp38z4P5QrC6hSXXET8LcVTkD684fyLPZUCTKgFgPmv35iDeaSygUOSr7jchmGOiUlybc2qYG2UoET5iUeIVCYyeMyB/fZ/OPwQyL55n39jZmR/bb4sRIFdXtTulFcknyVVZ5rPgvn/jTFmpg+ev+I/+oLza65EE3QeFK49E7CItpB/vrVLtwwA/Mh2s5Ql+eb6ahr4p6qdR+zjXGfM262XXTQmK34BS40SZI/YUETnlb5g3pm79pwNAWt6cxiu6onQtjvtaRapvDIw7bssQyLTYl2wjBsBY1VX3R9teFQ3fj0L7LG4P/ApCne6zQYAAMf16ynsSCFSwdULM5dQ3w32zW802cPjPts6zEjSozLB+orvxoqod8aj8ZVN9YY4cYpdKUVSKWfEEgJiw7lWbmlI7UUKSovuvqVMkTsXkUY1TsbNFuyeDx2t+EYPUzfRmJ9rakXX91GzxYLa2ugke/US6gFVIzGfCyf954As7ZfX83rEE7YkakHrekL8H97pLiUKehqyqfNLjqd6y3vTGG3VV170SM79V3IQ8BbwlaLzVgurLqzW2TjEZjnBTDbQQLLiaGUaHpSz5FuLIdOX8Hu1BhS386LD8f4s8/ys3dT4B0LdJIrV7DFJ2TRmmacE/TOqTz+Qeb1GSIhg+nm2Kbp41s60pdUeGrG7SHpTKunp3i3PtZ3IzeXPSh7nxXJfJFbbLqSPjTb+x9bYe/1b6BzTvtj1J6C8e1QGo0ue1qnyRAcmRX0fVt0NMR07Y7jfs3DboBiCSM7XCdsTVt1vJwq/ZocghMrFybkpbdeamgm3BGJxxnnGnzD4zIjmhX9dAbOvp02Y/ELYp+WRxGcvgvdUcYG8J0FYZbs+kcqBYAGx3la5nZr1/n31jSp3mRr9u7bv0qTtAbp8ToPxWAsmUs8EqM0+hJhEV3Zkx1WNJ/3q2rMmfz77hvtZi5edJ1wkAaLbMDb9pT60/VvOPpDTqXhA0CEq1ltfnn0oIKgF9Bk4bVykSptcl0/OuW6tLppp1TOqRaz+vXcRvhfj3bX9iU42noIFOetFuMlYuo+pzUbeHW+VT2WGi8kKrxxBs+efR4hq5oKvSv4go4Se6WzjKLvL6PgdUsBzjlpG7V74aO11lSF0hZfgdUM+5DnCJ67MiqZ6fFoTGkFRn6nagThl6fXWBU89tUQ9Hv+VTzlYCtMQKEllS39Dlv+XagMCfpLFkKNM8mhpt3MZ61Vo2I+tVWXgu4+I+PKJpze6lWoem2LT1K/2Sh+nNrJhwa7bu3DHb4XaGnn/UwIZa3zuqOmNn05cKueEWjyA4NsauUcwvOVGKHTdXYH/X4Dq0/37EKWF695deezFwSbmAvIX0XqKC5ZOR3dyClqA14WSZbk4yPtTv3d8YBcAb5bSGCVqetfC5TEUutUh+EOhs3v4kqVQqY4rwmGCZmfpIxCpSTBSAyqfSOUWm8eBJpZ3DNJWe6Px0z1sHAYxIgY2XmrFiYEahEVMDsRaNn7o/FDVPaMnWa43Ud/0zIeHKf0lISoi1Wo2GigTNjYIVcHrTbuNQHp4MMMepjKQwdfkq2GXZaoHMkJHCNEcD+4YzdeyagHBALgt1D7qaYntbEqd7nhQdo8KlcprUF8aod6e7meZxbQk7B+Ekle+HYIP/6eH1SAunUSvrWozVSrFFJCFWzrYvU8CpWMwvRgj21iu2w8rPkAkBKGLhZyd7/fdCsK+nk582na08qCCuUL2DdNP4NpBTGSIDv2o3JfU8fV9q05mphhsI3Hc9+D7+TzAfBWb1AL3YQchXS9CAmd5YDzRv5ZH0oc9IhH5yUtOXAYuRXQAoxnVr5+VGS0QjrIsMzWsBR9T7AE7mc8yZonW9nlkzUXocNdPH6QSA2+j61FW0rFww8LQbPq669pQ/Tzr1Z2U/uM5XO4YZKWjwm1mejP5WEToE8nmZ1lAL++P6aIfGQQ3d1JjLaNYk6ZfpWg99uZNgez3bmav4+M+prPK83PwCv0IAgzdqTnckEJLksi8/E4JFNDJ25O2EF/o4Gp+NQHBSOHu6w6at6g0a45d+73F6ruNb8T9U0Nb1v0H1/k9vlkZsgSWAhG4s6GeAd3YLbyFV4gGwSskOUVk2bHQfA7bQK5KQtr8/NjRJBSBnACUila4nnEL41smKuz9CE5plLYmHUtWPqz5XsOV5FYd2jJbmuzsM6RrPd7vndK3dnUinS28tBEqTf/AvO7/CYZn6UgZ+QEChlanBk7Ei6mUZg+HeR/0Gbn70lyFf8DbCs7IMg0KwE0s2dTEDCSPnE+avf1SXzLEuqhnyFiNJaKgaFdn5J4pcdihQQJKFYPY32ftGD6FVdlRnMOu61kp/QSQl+Ucq7t/yN+CH89PF1yOZbQUHMYEUAOa8nwfcxcbUZZKlrSMTJWlTa3YDxQSnxP4i/sZYdH0J5PLMKVvRTrgZsXBXJiV42TnGcGesT0Dcun+z9SdF2WKN2XTF70pH0OpPt4DqSjv8Fdst4/VJYxCo+AVioYB8xCPiIWz6nNVaGeaMYF1FASwOO5ghtteCdCec8S1B4fiWaR0/mvhtNdDEK1HWR/Rtfrd2kdb5zvn6GM355/JBvnaXVIrgU1aCaznXJHpaPNwiTi2UejyAV9IzpsgeX+ANX1Mlc3qcqTfyp6+atiZlKLgyFseSe2eD0MOKvwsa9D+hqnOi4mRpDr53AS6oQxOmT611M9b5e7aKIubaX9x4o0xzG/OQN3Nx06lyomqNYd/JAajYUnKXcZ6zvcwh42QtQHfkdc2Kv8I6CudkxRxO+ojfEoKdNMArsuTN2C+mSB76Oo2sjjEcOm7+oqoJum0gUgg2UKBFrA+JCy5k4K1i6+sa5qL7WB06mrKbx34jPvzR+iEO7oIGnwG2nxxwF+KS2Jbf4tNwpvCDEYAhVkM438/BPQDTDZ9oK1vKoITCn8OPbFM1wbcgh9wAKOtzd6h2zRQfIGRDcpc5r7ZHtG2F9+g/K8A+MjG83ypKPyiM9fpuISPd7xdrTzWa2mj3/cnlk4CZbek1/uVhHZOqJrovBXAWm4+uJTHIYanzNoyfZR0jCdUYhzu+FSDHqB/Wbv/tr2HbJIXWOt4paXhOYv6OTnP7Urho57Q2gDWS/c/Xei5HtHfcjGSGOquFfpulNQhK57BiJfzA/PBkgt1Jk9jcG9nnALgIO9hXLVOcZFrEnd4qihz9HwRk2QYw8bAf/HnA0GnKwkBPwacInzd78PJNX8IiYVAbKNPBId88eXAgocQhiwAIg1pYSSkos8I+0ldrXY/celHZBE2ehqCeBcyb7OwcdbkirjkjmXRAo6EitFDAiT2TsLNzAXFN7aqufbZvY9evHlshS/vTP7DHHf8sK6iOTTB1rebxzg/5s9bPaq5N6Jr7llRlm5kmWk3U9b4XS2/m+c/wYo7kxV+9MDp1a/qEYp8cgkjMSpQgvhCHqzu524vhiRjN4/C0dMB5J6tqPXCwd4TuywSnug/raVRyc5tXhR8IYwDq9tyNY66t2w7+sb6FVf9cXJS6XQ8d7xs6tWXd8z93jMKbEjT/UMfmnvj2ta33TI78yLq3ICBMU1vAXuCt93/95f8kxv7/N/9vb67zZ8jgJMfPtYrfRm27bH/d367727vffPf/dNw/x+R9y3YPEZvflctyT5k47t8LexUZeepTcunnvVo5t2qqfn8mVCJw72D/T9ucjT9vz6wPokyEUooNaEsvs8DGxmEKWjZoS1LhG2t0nRJnQXLr2A+/fC/o75dYjIDWv17d/fWnv8qMqEN/NV9ul+Cdf7369vvP30vv+yVyTuAvikRvv9BfPf3/8MgBNGJOwyIbh1wab46KtaT2JaKW08H8CT8Uf3JsmAjiuzT2cBfXpzOGFz7fTLdLn+dMi/sQsuS3nhL6w5hSXTRx5HzVajmxcRX4XT/1Bh8l/mJ1IxgUnoykG1toFHTxuMyN5knu2yCLq9+tigzf88OCKOD3O758SbKEJuzOagyrpwgsAYdcW0YGuPwweSb+e0TeK9xSnshen2FfW0UuFVHWkUmCdOj6muUzQfoL7I+gcQ9/t+nu8OuaAGwE4AxRmwu4Yrw9x+velPrrjdTGDaf/MKHG55qjPoSGAatWhC2NX1BABS7MMsp1s8N5FxyDwwJ0Ch5vBWXcvTHJcbmeLb282MH+MCFXF15hBOv/I7EMsNpwUHX4fHb60wyCpnm6p89gDA8IRL9PhYeEl8/QfdeQWampYqeJoU6QT7VEaoWtQ1N/01enirZhK/xstRlvuZH7LiLtyVJIetV3R332/mmZa1pQEZCiiMVyimJ2RmWU+f9FznvHs73+/8NvtDpoe7RH1T6ttrpQ1J5tlQ6jW43Q1qwQI5HY9PSUDqOt1orVao2SKEokMTqFkogiQYRWkBCJEpvwe/ecz7ec7x/343F/79/v/uO+/eGBxDVe4zmu98X98z/D6vdzZzjt+kWWq16/TDqMBwUWNKIXw93zGO/1ZPot5UJ2iymq0IpsG3Kd7NObKN8btG2IVbRafphSXLEbuBKN1nqYV8+DyqLhBJTfiy7kTI7AvzTVVdifsb708xvGvC7M+G/eB2AJ/wk+xjBaeCMOQHgG5CECeXsZFhv1Rano8R2t6WbLYIDnpmTqly9l3t81MdHU/SG31bWO9+fnwDO/Q2wdJAzi5FsR8OUxgUZfbb23sAPmdEfuPLabX+wsr6pdlDn9kjjZ1e0E7YbVTPer+5bes2EbdnQh5D2wR/85/daz+idj367ydsZQumA7Q5TCG7XBiuk88dmGeMjUR4hQRN4apoC5SffEljbeiFMUpTqEGrYOfsIKe4xlUQQdQNjNdo3nPtpXqK3Vd9XTwPRvC/xuy3+VwJVKxMQCMDW8+FuAezQjOnqCa5Zg4v6Mc+RBpnLnDLNY12kX4eHxnzXQGj+tuM0cF1p1bo9waWno7yYxALJqr1RuRFjn6qB9N/09ss2O/0qh7CtIupmtlMXy59KVqaF5uhuwgH7oT0ybFKT6s/Ka3H+U637RD8uP47aMhwCGb1/pmxo87JjcKsIhnzckTNOedf89zjfkf7q7tyr+q/onP6v6BXKO0+LP2QUs8x8n2LxpsMXy995JsqNc3UpXT5f08hJfOC9KTZfwl6iWDWq5xd1RdCrXCU0qKB1z/7v+a3/7ryXqnCU+Og0j1xmvGCaqCDMneu8CCAHYKbXBTqwPOtIQN/LPSlPZbRIG4oQ7nnPElGnZlAJ5qX/yK2o3wNxXhdpqrgfmg3eV8Ldai4Hu/Q80bIieZ/Rri5k4nJsDN222uPRQ0tyLP/OzVhYLhXqtb3Ftw3ODR5K0NRUMmGChl0fK69lWrVheGDwjtV+JvVNkIEOJci3gcsEyU3klw41nAkA04t+iLD+6Vd2yAQxTAyN3+/1dI9is/9Rp1BKIXq0Dn+rnpnPKcyfBmgDRSSEn0yR6Xlfey9Fwewsvb0H3tb5Vod7k+8cnsLL9JbshGi3vpgpj72vDewl+9pUw7l2HHYQZ49h4bqZKF9OwSVv2M0WnKG8sws+p07AMWbfzI2Wks2+/gHPwa5+fou/1fyNaAdhcURELh5KJUvo/l91zKjmnPkK+aICmP0CR8jY1NWg+1IZJnrmwF+HEQh5FPhHzMIPvSVa8NSZ3BOZP6kKsy8s7jraLLajYBU9Q9NrN5ltDL2nE06VLyXd92h+m4+zf+q6QqaGoGy5GD57L/Mn6OwC9x/5DBte488245n0v/qaN6lv/AdE3NI0oYYGArlwi9g+WbvqnnN49AUto4P3HAtfsaCH5M46k6rXzbz92vf4/zHOd5ro8M7thW04VvTRKwG738gfrpCfjH2hO/Q/uHpnv9F9e+va9/Sc+gwG/tuWfEtvx/yc2/X9zyrlUYAoEEGXjiIxSVnJF2TSr3X66PawpesF/pViIy8Jj0yt3j0YMBC+MJXjNHPTeFhaxELzNOGzyhWJ9eHTg8sLJTH8v9crSq/xXvYPMPthJ9lPCc8bT8kBJvXm/B3akUuvFlKFAbmiNLj+y5q5xP9kLa7I6/e6F3YCiVFOLjWd1Rb62SnIPxYK1MdvUNFKavcKLXlKmZ7+JH7uFto50Yj3v9S/bxN1hBqKayc73A1Wb4F5YSXN2JXTGhxGUbsb/8EVi8ajZl3M+ZiyZ19m+RJP9Kf3v+R+Q6O7o2odILacqlq82XWk1SOaRMjEUAmX6zpEI9Dyr0cTLRXsArSdnxRelGnSGeb5C3h+cei8rRk3fhoWpA5CTrTqfjA0SCOf0TnLwzXZW29wAQtaYbgRv78U2pszexdaDn+svXvvnGcE/CctNLKf6pm5Tau0HUVCScBIg0N4Pne9QDAFjlirNR36u3JDLOvwIjakjR2v/tq+QaCOvCpUdbsIF3mHaBBPfSpijNg2nXZSkw8zsc3Waf5txDl/Nv1gwAhzGwoBk7J2ZtOThblnhIW6uEiK3qaPnDJIxnalK/PA1eWRQHVCcIKuzMxRpSi9a07z05k9H00Y8RHVsqy68iNySXS4z3VTllWF3KNvflKwJmMAqIgYwDjIx2YzbEiPfObpyCHmtxaJ96ayIKl92Xo46YBJbowqG5Dr20gN5Xx6jKeOvbOi/trxnD14HqO2+KmKoTUI/+dxiq6v8MbXNabCAe1dChLMwut9BrKj7DPFQRuUKrYn9m2atocVlHqaomxOAHTyKywtfmA5sWZ+rinNI0e5/unfqiiiV2ZR5LZyoAzB7Buf5+XvqnBfHRamBZ4bRLJegs5rfp3mrXbG1bWYzNT3bWTmG75jIY4VAa0LKRRHZt7I6Bojd1cRDBfYFPfsuqWhnSOcKZtbnzkKxolOepoAJnkyo7bkS49IXNY/ERgTtlEs6V/7eGSDsx5AABH1+VwzF/3jd6P7SC+OYf83WNkzSbH+Kb8Ke52cAiHXWxKmApyzIAbaxXF5LZRVi/1mulZRZwiZEcs5hsrxeuVRMXfgoxdfOywYIC0J/bmoW/5n/xecMpWCWR+v0uY5ELqPrtpuCAVQXpZeWhRDhvOYP0sr5M03FhKw1Ub5XJ2FuFfX28Baj7Brf9Rz1C5BLrw8niHAakzwBgq1/SwFtE0qEY5igqymdO57f5B0l9MaKInBkQvJhMWqb1qy5UVpvLSbHux1py6vIKjk4iDS+moQN953UlRGl4v1JWAJnxv1ftfb7yg6H7y0oy9/1xfKfP0ywXNbXKBLhbFRnD12Yq+JWVDZ5Tzo3Bkua05X2DKXvaPyTyHvtuBknnsvYpwmrfSyJ32zer2O07mdas3tbUnVzGLdl5fh1W+dtmhS7DMe0SPjKHqvk7yNZYtQJjxIvn062erhJ99peVRy6EGvB6hzSUTFPb2o7bebVfESG6XGR9Uyq1dDC3jDMOpomxYUe2cgM7optHhlqSrOzuYds51I60JXnYK5MMxY8ySR5ERN+LZlxJOcWQwxfebNUfV0u15qw8IVFd99daGIfhofVNy1QmXQfa3+7KI+g6qGZVZyM4zRuB9Z8e+J/H4rjvoM0C5qGaxtWf34YhEXh3FQnaKW4XObiQ6jyWFuyDPPABEEF+vghdRjfOzk3WEK8i/SLWgClI0aiK7bL8AvtXNAHkDLj/bf11HYf2s3uR9qaKDu9qu25rayyOrZO1GWRsJZJFyLI4T4D2v19j1tg65zoLx2hXwwSWa/j3/ZZ/Fnjc3in3WvFT6I03Ox1aB8aExQRRBtWkM5lHNam8qyVcGKy3mtGnFGI6YuQHKuyX/Qeby5zAsIEZTcDySddTQBm2LWQnRD3meV93uOkq7e2ae5XEOFUB0S460iu0te7P4UbclV2h7WzsG/hgGE5/nFALRZAoBs+ZHToKPT3ic16Fr/1fByMxfOqU3v3Mp1W4zncIp5b0QMLl7/ft3QguSgpu6aRFXFq77GB524XGJqdGSxPlm+y1wtc9euseBaZRGiu3Btgq8PoSMbk1LyMtamITPVJaEgOZKgPKcjYXo1RYlfM1y34I+WPszPdS6z7PPsgLl+ZrOhl0gqkv+/uaCN9oM/3WZP8/duTfjsfzCSv+7WQN75FoggywrJX2+xLCAK6gxQaSl6XxLKJPa5SKCdL2xjbUMmzFrfWbulZKL1B22WC9kirRAcM32TsY1q1wd3toLHhFYaAot4z+86kPVZoOLSCLJXHqEl1ZrdM0jZTp5+M8S4VA5G5Th6TmzavYfex4bMiHOw7uLuhyvaw5YWP7hlw6Gsd8QQ7lv6TT2352aXPXmvHZey/hGHVfoogLLx388/DRgVAHoDIN+xWoyNGRRdtpuLfgNaX/yQBmPru+6xXOlh0bT0TDR4oeKn5oHczMSIcTWH6vqCKZEqaDzkgIGUS834gk/HqIqb7THbOuUrLrcFsAGFjYBf1O0pGiFvZbF6K8q86y38wZy+i2QqmziwwKshotfzPK3ZqESBAmPomQvo2c6/TCPV4o3zHiqdBL+3dTN2iwjxe6wh6IabB+BJ/2kDtDICQCdsZ4zIe5fusasvNWKkY7LNsLv2lYknrxdV4RHxJ3CNNODgUrJKFnw9c0D7xykmM2h0Eq1HvzLjjGa8ThtVst97ub1NJu+fztjvDhxkRH0kfeB96RbGwwhRQTCVl8X+Lgck0QKIHRDhizEMOIwaiVMxx037k/iTu7NbVol9vhU462KourDn4uH1jmKeczse85GkUI33CvdF29LB2bmXc0rGbJcGx09XIXXcSyT3zJQq9kK/7oNyCNobza50PpQbnhYWJ0mX0GvKYmkYpSQpFgcIVb0aO7gu+V/1wYSZqrDm84gqhmODUON9f8cNwtVvIBoQZJdAIGDnIyJp6TGhsKFnd/jtpiBNg+IVTFx6t6bBOZjWL30axakDkwhgZhBRGc4bo6it6g/9jaGtoy1PVUDKOkCtla/Q3dCMfqba6RlejL5UmR8wuv4h6qte5tYcB+sSqmZ2pCGFJx5ZUR3+DjwsXKMYymevxsfibUCWODXTbFIhlRgazn1TlPx0efxXZhl1+BaXbZvsr2lK8grKcWKBTQC6ql+R4yd8MyjbqX66usnduNZrcMn1ytZayxg+Z0wc9bExgNtaxTX+wbB4amJlGdlqOiybqpMuRab2niS+5XkORlQaDAbxqT7gqnNDqWkee4Zm/DQyFBjPK1Ua+bAiDa3kbiefi9lcQbTp7SOL3TLkTHgJSWacM9kGX8MNya5PrkLLYGERoOpww/kONqLJisTu7J0rP+NcyenXM1uWq2Pd4GNI7uhPeDPNajV6UsSTdTHU8fwK14sAdbqnP4ZSPncU91vtVOnSmnD9S45Oul9fMwrZN9SQcZ+BVXYJf3auIU8/qpbhWeU9kNE72fk34PoJE4XbG9Knl1izjx8ZA5lJJqzNNiqp9uOnX1Kj2bSIcMA+elcz409hN5qR9OLPxIQCR6uwMV+lcILShx5uHPJt1vROfpU9muPMeLPKvcmd3SOngVXM+eChzbHbdqUq2iwhFDzE/pzRLOLWm9khDRiaGeIbi7m7KfOiVUj2vXpNUmoDSX1q7IdctLn6lkKXeKvtrAbD3oNPT2/de9gZR7l78MR8hQqApVCil6at08PSbZy1V5y8Y3WPdi7LkVxQbQzxy8eLH4NnJIt3I/WaYCx13R4b2YSJti8SLSOeDH8xc0MTZ7r+Zqnne5jS9JqSX6QEVRm2ePHiEbZqK83Dq8/0tKc+0l1DL3Rcso+b+p+ph8yQ7Yxx37qmbMnKxKvgrxYtVQnZmfcND4FWQlWldosZpp1d463nnMGLUBkF7mNaJhmmj7RXkzocFyfDEhunXS6jfy8JCXedNMP0Z1ULa98H2kexzKeVYtwT5PGJWJnIpObaptk2t0ZnFn927mOPcOeEykKc7MCfhIKNqH+ys/isK1dFRv8f0PbW4ZZQ+/2GjRtWKZ4P6JDKd18z38T1WHtN9Jl9c5U/ZZ94Vx+VRLR4NAY+XmjMDs746m1bu/x0aEHAjLJTuR5Vrw+ZQnl1NkHegBJAqRamHParhu0Gdqqa3L8jx0vOJC+GWE5/g4XSTnU43ew8lNwBTgztcj7oo9dfVvPH04tLVdK1rU7GJIYsHaJjDR7K8Uug1hy9mC1oQQUzcxO+T0CfJ/hK72rl1sW4JM3zG4zzUdEdeXOEVZZYtNlpIl2LWfvry6YpBLR/axbRNQJCqpw9ndvYTA+CmGRNE5Txr7Gj1Q4LutIGtrVue6Kq6yYkFtbRDoAF5n03FexqA4GlTPlEdlqu22l+iMKnNIMVYallV7weysux2fsnqcBwOSN5S7ogBps5CRalOuKFdMUp6N5inA2u0zAi/xWDtImzR7rj3e5KzivjG3VfClHY0MPPl6AGS5kmBjDBXFur54eu9PdZ9zMEp3ZOHcBL36KwMcexK/G7lAWfnED7efT3HsAnmCplBnsA0mdBD+BM24MLvju4lRjIsc3oL1yBbxOYFYCp/0IoY46n2m/z3RkVRqs7X1M58IuwSb3dyiU6qQcNOYviIVq6eVEwi1aeP5X6gqlgv83Yj5laH3VVTPsbuxg2nRBGOzf1OS1bZ9R8ZjdOeTgBh5/kcYkTLOjpEKoe/M4bSM+r2ISqo+VSnAKY1ryMr424tpmHtXwEFCGrjg/VbGvsTmlQ7wQ67garQtGDap9ZmpZlzq7Ictpr7x/r0aqY3XckikhcyMhm9mb+A71tdxkbw5XUB63ZCs1h4kH6l/beYJ3kZgow+tJnqdxZyRMeR9pY7LZ4LHXjTrEc3cEc7EioVS0q1hUWgbK/OLouBM8phzzQBiDJqXbTGFR7R1h8vOhW0tRLiVNDRgwp+mHpuo/9wsySdKgA9EdoaSsOYW4YzPjV8Lnrfjx//UHk5xmUusHCahTNNLRFjLsvn0MaXX8EKdF12xFCUm3quB10hKvYJqzuvLeUPvpYZlvwV9tlOELKa9pTKtjW/DIqdb7hIbDtpI221vh00zO522onpuz8/3URXKPbcqQovbivZ/wcjsA6S1ucOLICSOTC/WQMp8UyIE3ebK58+z3ZgxJ8qHaFVneui35vvrSp5zi7ZlpVqgZbsQdKrBBNPoWU/zoAWlH+/9NbRBie6fQxf92KCDMmPZqIrW4vZl0NUGtCvr5pI2nfzamh5lI1PJWsMbgMYntWhAwi9eRr8WOF6Oh20DGbajUmjahq9FHfA0OjWBugh8yR5cIvQO0290WNNC6z0h+0eoNKk/9plQI6CRwOi3NdHwf2iwYc6nWS5VFTZB99M/PexG/FuiUMXintupEZRLvgsboSj2tPGMLYaSYI6gpSMZ/V82iuXa3HYyL5KR4xTpyiBqQ7pSsGfJPAU94UTP5eeRIQKwZRnXUwlKOWEWOfDFpGeEVPpnfyB5tD9SXnOCMXDhy1RuJwNOmijrYrvBwJFWQuDGBt1x8g9UqLY5u2h/WH5zRn0TR0nxqcnDyT0JhhFjRDsJS8vNvmdX4k8hWTYELHI2Ycdy4uly+Ro1/bqxbvpzp1N00Xy5dk5SxO9cr2/PEtM+LfG7e9MjjpoV8NBGerc6QM7be9sVj6csv5XILCgtODfKVRw5lqjXtSV3yXYgHqdI0p1Mwn59Z5v5etyvy+nHf4Rsbxwh8NzMQ6Ze1u3c/voqgY5+z82WxMngYWJkeIN23JodOKsTCqPO9WNRn4XpPrjqoxNDR5e6NkXmK+IS06Vg8Wdo+1K3eMC5RffIiOdagPlJFAyeYNcS1wjqHh6uCmzHvKBkwd7KUqFFNdo77y3pLKPBUbQRa/JGdKGC/UWKLYUack+yoPAuG/v1IV0NYpOSqk31ZvKWg0GjJR0yNxqKoB9zMsizr5BU0VMMUGbj59+PRYh3Ge0i4UGLWHJGbin+vyDG1+uNeHXef11h5sxtlO3lrXHKROX4u/vtQ3R+nb4DsO6B8pvh3a8CoGjhjioS6apzfwmZMU8awc6AjfeNklnx9ZVrAYMg6cAU686QND1u2mvgSQ2UKahenquIoYfsiAryaqlQYu4ig0pwSIcMqlwtm/HOx6+l7KuwSTAKH28NuLOQCDdpBcWHXoOt8z9TScWuwb9e9027IhJ/MF1EaWmyk3li1GTtx3YHwHZxgedK0obyJroN7HVOLRj/DBQa/Doz36jdbmoro/M1LfYZ8DaQSpEOCVVjD5L86NmX9xHwWhP6jOsnPVb6efdat+AZs+DsvdmfqiWUZK9+A3uvrYb4R4/ymyNjFrS3DLTJZ2RE2RHh6qtl++0Tc9wD1xAG8AMnKqUBiLiXfzVjDKtAxpEbcXLWQ1wj5uTmp01JAJM9ntCsHekZUUN0XdHhaKyTZaLez78fem+bFAHwjE3ObC20exbKEe9ABNX+xBjV5SjPI7fBbtXKMY06XW+bchz/soPvzzuHfR554z51FFYx8IBEvsrlmxAN+iwUjhMVffdUHYk9IxRY1lDAsSJn/KVYkqKCMUFcxl8KRIuz4nQ1E2J9PpVpDFGMNBGJmykv+Pnu29QOSC7u6PFFXb25eTSdJwcLT5F54BDPy1Q+6Pc8Zae+ZAz7tYqH65V4HUudjM/gHybQBi2ktLqW9IPdyxupaVbzBxrxeHwMJ3TGc9bwu4kf6efLrcVz3Vi+fbfvQkXEr1DjNq3vsCFSVSKImSeJ5KYCWll33oPcR+Oq6dJmpMiXqwQNvhI9evmGDc2BC8ONdzLhtcHtx7bpqWPznI/gYuSgxeuRP0R1lh88yZkcKEczNvT3rtMklW3SWqIUwH4apJ+nTe+qjuXYc9q4KsXNYcf1Dmefe4YPliv+LC5HQXJN5JYTXyk/WZz1EhLxgUl1ufAM6klimLUQONhUxlRKnNfG3y/Dht2473zeo4jjYC9YvMJKULWPM3cp8O9pycXw3/tbYU2ZBA6kodus2ZU7YtctELvGFVfBgyTuLWI8HxYfE9ISQPEqkSK7XtUNibxu1aisWeptlutFiwcdL9Oyh6R6jolzsqBOAHRjqj8AOZGD1hyN+MGv8pVxfE9g4GwoCp4v8MqRvGNHpTccBchSvLBqOefgC7yJ8dquDfUAUhynkSWhvPF8LoUALG1h4LAZSaQjnpkKhuNP8loO0J5u6K+ITdvoldhkrZfjHohOizT7oj97Dfw60DodE8Gqh4kvvw46B9GBU/94ZH79dx//11ZjAr5ZECEKMdgRbgl7jV4PjB1zYmQoucS8hSUTejtphQn7JV0OLUp4a0OkKVdAk1L7RA64KZ6aZAdMdmZvF4UrX/VIOpvtKr05V37a+6QCOdRYCv/CSgSkit9NaRj6ho2U4sO3zburi4GmK+M9U5erGiwxInnCtQJn+9XkpPh0rmkQQSuxs2ATQbVGQrRLJ2rfV8eDgJ48MGbWqDeoDW5A4S+IMzBqGfAVKV9DDZwHp9gOHvAXjyX5KFAdw9yo9siCwGm+siMF1eN0uLHnAbHfDPdi9r5a33Vi4l7RqoPapIlJWjXvf8yom/IZQROJX//IGdPLmsAEInSWbgUSFpw+YK/83aSzu6fQnEaYyQxQabBa7mGuB6/3qD4Lh0lMKKm4ky5mL6Ilm/DjJCdOihTdV8uhlsf2QF7U+tjWp3v6bQY4nQHE5zFKDD46LTRHBXuqT04DK2qM03tPR3M9Pku8E5Jn4YJ2aLU+WOC9q5Rzdoy258KSCLUnqnUuIRycdIb/ZCnkNMM/iz/kYB4tfQBC5+QdU6OlPrFHHWlhYuxgTHJJACxt0fAL58Kn1V5M2nEtRNdU/NW6CSR9z/PEN6T74V4vtC8U6DzLO0xKT6Odu6FzX79JDvKnrPyCdwDbVqtiMdk7LXpaxcJLk8+ds7TB6rBgBPkko/3Lb3NPwSfwp6AK+qlvCJWYc/YHkST992HmrndZkTsxHyUu62YSkjIhgSPzOwi9NF7Ddnpu6DOmYodwehwhWmX0R7aNeQsB/qh0lanFaVKwmRDjeZvMYPwPO6DhGI92d+xrrULrxmVVfcVAmYPsLPPZbm7Z0DPRjk3LHRmM7qYo5/fexw2J0HiJfTxwcTSAIyCGW4H4b+hGr9xu0Jh2R6tLMcnCquEvHgcWHjj8djtnCZOfy2pz94HpiJ//HP8CYbgyCnDyJn9h9xx9k7KEqvRCzD7Hz9Ya0gSpW5TMiXTQepnpJMKSvnfXiqbhF4oCFteOImaREXPQf2opj5bHCv41j44g6gpvvBUdktw4Z1s0/D2npL0HxNNDi5dWELKKW/h274GAe99peCwaopwMKH/sWp2RUYEpp7YDHuN5oRexl0d68MEPURqx5NM8JWjy/HTmTXEJZdP9nWJ16JlGxI0URISON3u1dP9d6+Wfouh1Nyy3KsS0L3+bmmbNPxdOjgnRZdt+P3eW9o7j3V2qioFbd/nLhCN4/RNDZr7rg575DHCKnh+XHbsVR3Wm8N3anTUFC/VGolwIp7q3FGy+7H/5hepi66yVnULWIrkVIYUo7aVufxB8CVJK9oM6+TLCtzq5/apqfcC01w2jV+nD2ezF1aFU3XJuCgVXtSNXI4VpdK/wvceqcihsXcd4U9mYY7bD+uSPfK0AcWPwd3tQ3thUwYOhigbSQRuH+Hyeo6uhcxvpf4429wEHVy2/eViGdT77um7OH8H9HebdblEKjz2ud6+fON5XmGSZ5D9J5wb32WUISdUrq+f37ZtmNI6vZrgN3fAVVz4A6nFC9tx67N6dYT0heqfNkBqe5ZvsnRqqqDISYwKvzW8/sKpcGsuJWsc5oc70Za62VyjxZ28rrx3PMHw3pf3ZdL+ewDmvkUu4wivZhptxH9wN/KrLVLv6/pUojscURkQhVVeLVBFhVMKoVCkdrEFvQWaHTq7vKciTaqoBRd6Y50yvDpEmBq9ZBaqsOOeRF7g5UKIrbUlGtnpPKhn2ZtR0/sTeuIlSjdhaHiymueiP2JXKM0xzmjDF4+mQIF6z3HyZ0tArwe1/g5ryX3A2K2aWcBaN+ASJBd6Y8s39aTKiiYA0eefXZrcFDps2pIgA+d6ZqPs/TEQdN5gdqnrXzXG6M5S80T9+bSG2o4tl3M+O7/WF3+AJYyPg5TE1XZhVbsl8EBPp4fcYm6XncNdfbhwfYOVLMd5o7kV+rS6Z9uQzf2QuvDox2VtjhoGk/nTeQfUnbTLZc9Tvmvtwe8HaudNDQiZ1QlSqZeaf7KNMtsVd9UhcYrXG9YgRzvRXPZ7m59J//BvO6A42eILye0Q1q5jeWWyvpDGbM+z1bqFkbS90Jee8KGKlWduvOuZTr1RV5cTMU4V04G9r9L1zCgmJP4XP1dW4/Q5KRL+99DQlt2enZYjYcWu6Ui/kmuZ8SzrE677AGZWy5buPqQwXoSTdia+T1pUud6GKZYwREYnhDvom9HXdM/Wq+tzVXplH3/J2ADSn5LZ6M9Fp76BqFuYfJlPamr7XaQ/o0wJI2lO3+S/5Yo/Bqh1UIxRUnW1o6V3FELVztXUiLod5Bjehu1TFaNySYQSMIa49kGYwnix+umWUNCrXx3Odl4xLMbiFp7dZ0meITVldtF8BsDgaJ7dkmcHwzunB+LYg6ycA/GtkeUvEXVBsf+9nfI05w0fdEG3mNP/LLXfZu51h7xPjMr7cDrfswHhu+PZfbfXEt+b0z66C5k1eYY47/rM4fj4MffCMC2OsUwMZbqo1gMkoQrPDh2KhsZ1vRX8fb+zN0YySLyBGr23VkQAAUlwbDNAseaulZoAWToV8IOEvvLjkQHT4W9NAWYPvU31zkjgMsj/NK9lib8mwt/+5py9mCqWzF6/6pZiio16noY1uP3Q3PPMDSBY+pcqxVAM3sJUT7bAfRabJFFoP3F1t967NSPusmNj2ofmkHCX0wn+wye/Tg9mAIjao/IIEY5kPVI6N1VQiUnuyY29StzeEVoAkpaOG88XK4rQ6+Wty9XuUNoABz05LyQoEjB0HDb1Z9kuq9ymhb69X70yd4pT9y09hIIrO5IsMnT3W5A8ajKvSbAG2N91Kn5esThWEWsFHdP6muzwB7LkJmNrudbUAoCw8bFEq9spVGRYWyOLqMaXTn7kfWjaTHJLZx/d/xJ6+u057dYr8fyOVxLMvW5U/kGLyhFv2lYf61BJc/ZdN9XA+ukZ4kjnk1ZIDnPdZIQRKHJ4lZ4lWQkinGqSnGlf71mAsFWTsjvsYWiDG7nJQnFCTtg6fi6yHG50CBVkfT2IO5xgjV3aFYO9tXhEi2lra3tdq9p4PguiXy+1hoqwHy8oeVRru0Dmv7dAkbLkEqUsPKP66ANLEiNMwT7hMY08K/UVG8RzBgyNWo56DzuzpsdXuMXG2PdUPBFdQ+bbqgya4Le2CdwhfWH1zIgGO5U/5NM7IhSkMslDZK1aZsJgBiJ9uCagvCvA2jPCnLludNITw58QUUuqvBMvxYZO1vlU4x/20ZyKUxGXeGFo3524bsxJU6oztlc6eJJ5dSQMy7iuftEVzmO5YDSFTYeGkxka4YXTGCKUmHOX/4F/sDXrv4ELyuuQhMjAnQCOYM0DTaL/igjngFTkz6MBHoNYepiwegoE9D4SbsgF+Xfi2/f2Gddta0j9GtJ99YAbiDn5f+PSC8tVlNrqWhf548etukQ7Cs25Pn9opEIP48BdGW33ExqbRg6VMcOTsmsKiZquvCVmTsSi5SdfBmX2wGqrYunbRDiNaE/CFHPx4ekA9YKUiu7JXUl2rhATyYx5XxGO3ad57raJTwzdh9obUm/vXJPZamQ/CES5vUNp2gGZE+3Eb3OD1sDCDk3x3LyncxBGMlz+yhq98m2/goc0W/2aMSqqfl2umaKECIdoFrpmezHyQU812zVLZNmgIOqZAG3xgB9UmZRuSTb3QT4rpWmhT61ISfqVlhzNuj2s+cNwe8wyIn5xN4rStR95q3EsigmZbkkbU15s8sRf4P6WzBpuquIRgSl9+GrEkPCn85QhYCrf4rQKp7vHawB+6WsOT3/h51VW57TbIzabCqqSQxU22Yt4v9a0619/zw39OcpbXmXGyfd119u2k8ca+14kN+qRsjPHvC59WAhVoKvHMyJl1h7BYJk/72dsgBTWE+fTNmPet5dImsjGwDZAgLAtYDCttnzy2omHPeuyL9vNqo6Ukya5JXdsofGaCBDVxe4l/SnnJFwimkca/3111faIt/Npvvw/P8sq8V53ZdcvP/LDXhRxBDI8dACIRBydTH12D5ZqcYutDjApKBHOArI8hxwBhHGr5f8VXgEEMHxA99Q9Fq+aKkZFP9Hj/flalDqWK56rp3xpWueK8+yVDEnzJOlclh8GMIl9lnrYHMVjLT5huKxNY6wCiEf52ix0+k5MIBsjwkGGCo+BZIO6TT8jSs1JDDSzqDbQu5Ha5p8znP8gS8HkU+xIFQIhHR70z6rKI4XqLVfskprX0MWDPOMv69jXPoQKND8ZO+wwlEOleiF02l88Nkn449bv/RgS2k+Eg42240cVL6qdbEEnHR/szQlGedRUX93TKgFfcW/VOWM2k3yDG3YGRmkKrLAMZjIe4/5Vq+pW9C57GUfFSx1vNCCVQavR3dpRuT73553Du5ntrHb7ykb1scdrTmveCQOypHPBivSZ9xrx4icStPtr69/8saYLR/8fPFsEuxUU6ZhS1LgG9hWXlVzBebNFkz68NB0H48w4ercW5PJu924P1jaOntdtxblJrJ6t/di08FwU8ddZ5Zw6Ql+fipiJjHcUWMWLbysdurPtbHybBXRlgp+bx+p0pg7hEua4MsIUPFsmZr9x2OSeqvOor19W3xBRPrMjJgpUgJaZS6eBjB+cpoddh3SmjqwBpB8HneRjEsV/3p89lXl/O2XidXoHONHkIOgPs+7rYiZ678k+4TsOV/Kml4YYMKrjRQL04/v7kZ3Z15mnktF+vZJ+K59mip32EB6kDq1uRt+CIUaVskj8/dZf2XrK2vlSpxLSbn2y066sOfi9QxPI+j5yF1R8xnIW3jr7fxOSrmEY+vfENedpR8TKRalx6soevmldaqFautcUSEreK5jHnCqn0dhbK2TFvq0+R1fTEXOyzARQlE5l5enz93wGm0eebUVcn3tpi7l//k2y1LNE7cBMj9cG3pVd8LFXYeWKHZhn6cMlQJZ8Pj9hodxuTeYoMwAi9pngWVF7yWymat4EKEjdM1TNHHeZ2CG9bj5dcEwuHuYXi3C6fHnW2b6ttfycjf3+w2JUTG3CatkHcFL+xm+TaOHuoFc6D+TK9/jbGKASfrrxC7Rg2/E+V4uzOie+8nqsz9E9pYISmvPKx2lHdDYUMIIhaj+Q5+XfbnlTKfrWZo1h5HiKUdP3JNw5UvzzvvXM6+Nsx2YDef+zkRx8x60IR+0SDDseN5yreVU8V5BL1pVDbemZ31jf0LSxPuheQ1ek6ZTN/UYSA2maPQ3ycY+XFAd5o2p1xd/OK3iEhUxKJ2jRMneP8K1THyX+vAR7YRifb2vE5OjcVgzOgq5IxZFxOoOOi02fKoCp76+3vWUYQ27WhfOZ6cZY6S+p8PnVQPZ6WKWsaR793//P3BVVMAmb/Hlvl1Wc5VqnpWEcLfxO8BSANWx7/Tmj3cu/vBt0u0YCMGLQTPHFK7jj4bTQOpMh4/5Etd9LLtTrz6MN2BMjxfILD5iP+3mMHEvIiuF59eDwSmUTeen/muZ67fgh85z6ZarHm6ueufQNudD4YIdYVzYhwQ5sUsfu7I868+442LncKNfRpNDl68j54YUdkRFBSJ4Ih7HEdJmDV5DMlOdRVYvhqckiq6OOAAhao7P6ObyW4czcVGcwyLnpevsbekJFOIvstmSZiU/E5KvitEa5j9PuO/dScmbnOnlRnqWaQCS6nuHXAzeTWhQK2mLvkS4UqK4G6Q1aTYQz9JC+LjevGLrJ3AvmP6nynwHLlH3czwNy6tNOPad8SQJmqXBaPNdfgDJaTrFZthgTtlrJvxAqxt8aVLZYDXMM03oDSBxb3nmgQRgzdhC4y2oUOxAkL9KXVYlfUhzKEdYvwSzchB4JD5Kb7mnKRFlSG15dT9rT2HVKHErQzLFnYgPLTd43BtL8ruLihoaimv1Jc+N2oxoBwvfxrh8kzUlN6na9wkfDpd5G91hYYUY/z+bgVZP51D0nGZrspcLgbNI0/bpkwDi4vnW5AlvWNmeZGGy0Jtc8eL3PovOxlSO/bjLNdSwdAExkFB9eu+bJ0oJeSf6Svuvh6avHfmLfC7f0d+ixQ7YNgfvfNQCIT5MpO3yT2+8tq9jtPHW34vjigT89NE+KcIz2oRwTJIebQq4Fu57aR8/4Iz5OfhEv1Ku4w8sVz/u+3KQ/fgIgRB6fPKw9f06elE4jbwyK2CcIzxCrZKnHE4dRRtEJFbgMbKIUCzkJRUcfdFzUh6Va738z3piTBOpzd12zreak0c71TUajO3ezH0UXMQoOnfkl/nKe1oki8j/5/HV4+y03Qz+tIuc8t+66lHFF4mvVCsoQTITTdMt6+OtoOtb2KMpii5an+9EbE7+tgGkCzlgcv2xn+aPMdMJRsSpFu3TR78iZrbNfaZupE1cyJMxJuHwlq116UZdZ1VEVw6LV3GSSjpOzlcNGc1Q9w17SvJ+TkyQXk2gGlyqgBHOXRz3yDQ6Z070cV5aHm3OO/mq55K8bcrWjjT3tuMVXI/laTswhUACVF2eUOYGu/IDfZB5FP6GGpJ+c15HKDKB32KQ9fm/cnR1kg7ScCdRWjoHxcHyFaruBVMzD/exSV3tc9aJQQYw6L5FZynm++Lh+bBxJKRDP5a7sfgeGudlQY13u7DI7D1QyQyuSu1f6txPwQ/5MdxDCGN9/wYlq8TZzf1PxioZyMtzDQqVCeqIc6cyCotM3UyH204MnAEMzuXMJlqb+N+SeXz0KkY11SyKQ6Pv+YBz3e6T5/u5mKlzWpjp1QKb03BekqoaTSFi8jMaGXNwyzA5UvIHCL66aQO2smTIEIBDb01z8qJb9jiI9/RqrMdGRiumT/KxFfOe8eEzsWlu+JWePpJ54rnazDvLKJahsfXY8cshc50DKqWPs/DYKvfx9W0gme/DiGyu3R2UmxBbRhqtFnz+rNOrLxCTO4Et77mZr5XxI9S5PC4ySGk1yiUAPi1KZlTz35fY/7wJTNLA/zih5+U+7sj7Zm/aUSJrjJEj1f4BYAAp0aBxzj4WS4UK6hLnVYpgK0ui/FvljRP/BH/Z1WhbSeFxLiEcAntZO1kYn3eBwnse2aO1IuaJLwuruC2IGGxWh4UgtvYQSjoMADjGTOrgjpk5ldP/In/E6k2mB8+pDmV6T+kg33lUdb1Op+Yqr0V9Jrh0Z2krRCUTXxiW3sh9XICtEZoJTdBTX9YUCzjZvcU/rs9C+8ZwkfD0U45E1Wr1x2lp4vPhG4Iq/+GoK/8/dUV19USE+z8ru51NZRASmZnm+GRfaRJyVIdoMgBTAeW4zbDle1XcdHSoZKVFcI9gy3H5fwt+ras3YXpH2IgughMvYRMEVtPYdcVVQAwnAR41xPJwoMN6zJ+IzgEC/61W4GavzKvKzlEwDASvvmwBKzNGLqFT/SPNUnzXrRvVbAGGXBj40y/Z7I9U87pfuA0DO0DX4fuQSs7MQxkYpBcJKuIT3up3qd/rIukFsp0X8F5NVRfAOoq0YkzjFowUIsjab46Ds7QyQseFZ47rzd8uwXHGB1ODJooqEZ64OL5zWBDMm3M0QYH5KB7E8BO03ab03jPVMinFa3MveIQyvQ0nykR0ee968gX13YtQ2sXaIYfgRNiwR+N2QV1NafbfGOK8v2e1UQ5hC5KQ4MfhhEkGCeNuny5ALZ292dyToYrWTGEWpg3+5iZAYLZucz71TXN0v9rMvYCha/vhLwpjvuhuM9PiDKNCQPAEF8ovITwHadr19DYF004zg46MtJqjUlumUTd/KDsHFo1O5++jS9+4PBUpKqdgmPtNTEiKKOHflW47MOTeGaPkysQ8EoVYOjw1huo5VnhMxQdQIqo62InyXP1xlTe7fMSsOAYrHu+aOJaroOIlR2868TWLpu7p9ma6uak3Seo3eL0Z180cnPR6AbjO3i40hnWiGcPAQYsQdzeIQhmNiu20lAT5DW59LRJM9uWLUcsqasvoLZPJ8t4pRuGcAdAYH9r1XZmkjk3IqhVjIB6GKRBYYgcTl0oAI1pGJ6Xuq1dIdGslgnnZmXPXkbvGM5DS5I5/CKTh8jSYHfHuzm9XEGNlDlJqMW3N+gCIjgDCbXqT2FRHDPNwtvCiianzy/URVZbpxdBFofPfe0R5DT6ZAOXgJc/pyXhzo30oAE9Sd6Q+wXKp6qynXx870MefQJTpchCMXpiRGZfn9q5akYijevsNQFSunihqpR7wTtdOvadfjD2pYpKjoKUA6OQF7IzWkYyjaV1L0KNqB6PQp8regvqgSS+Ib8SwigMA8ympv/DbZuyU/7IbqzueeuYzAOjKAsP5jw2j2ZfFclUeQk62yzxKNMmrIuzyCTFZb9LpGopassyuE992mydxLS7/5UJIsZ2z3paq2fO5uQfV0e6Mde17hVYpe9pial759rT68M3k2LcuKok/02dFYVn5ZoH/V5SIRUv1+zKukOKvCTznYJH72yUEeDE9QfbJ7uCfXNmRSd83pIFANTTzyXunU+1vc1egChzeZjx9/eiNx8uvVNQcxtB0xfXdAGalkHNHjkrLm3qn6qf8xPiX+/EvjHz9GBosjp0Ajpm8KatZYzx/tOcszHI7ZJy63dKVfI3peaxmtyloarIye+2hG92QWuEZOBwsLpw1cvkL6EtCltGe1a5YTPntyPef0z0ujz5QVcjKzTMOTlZkWYLt9eXxuq1RsYjV80d9o+aPycih/MmdlKceHM6+8/D2aNsMc4lUHu2x4zYLVJZm2JshX+HzsXr0OCLxxrRDhgB0KAyHjVc5Hu+gFxgFcjUJM4kUyxIPTCCo3pPOOVvS4WHvw00DOUQOYJH3hrdvq719P2i9KZZea/XS5Tr3nAcMPXx4HY5d/xEX3gVIjqWEd3KRf3bnRDiXCyfDNlscV716D1r1194GpPFUNkPxAw/SJoSkNaSVBBZEphomMu8x3ZivzZoqKwri76WrrcusXRrn4sBYz4Yi/dn7vVseKpgsEAKG21UQPZl1dbLB21Hzl9bkCsA9/mmoFnDjv29xgCTR504h+/W8xiYjJDy07RakXmD8Py+eHNFwtxQmH+zK7ORPt+MC8w2vNR1de85UYWx0g6zn7tIFdlTJkH1BbLorQu6pou37N2/QtdohwDvzIVGswh0NTKl8QdSHrOeudJA6ByoaVl+GIZat096ovjRaXCvIOyGXVBoOheJUtjzqisnbR5fcBBCiL8n4IRir0As/foYBQDzkU5rDlsP3Pwvj0WPVOoyw0u8UOJyFwh3Y/u7c8YheN9gJjcM9ierB6JSfLaLiMNTd5Ry0yn7557njmEUmRpY1ofYfTy+vk22O2s0UlNx/VPXr1tzdd5j3WomOnz+3660S+XvS58GVjfcMrEJyXvvagouk29Xt1kcU/P9BN/raZsPSGNYWe3cIUpeKFo4v9PrTQCMWc+a42rYza0EXYss5rLfoJiptdVNadxpUZ/5VS2nUlRt7xqIQpeJX/vhwWVDyfDUzNhf1ek7iDfPvW6pDf7kc+vjC81PFmkt6/fI1ryKb7uwi3y7u1DkUeJURFzY3MNlcCU0ORPfpmslqJD5oFBa8eqUxl5iy0ryy4rqAQLotNX6jN2Xnv20KditaOmzc3cDws/VKHg8KaNv723NgcWCAzUJgGwTYz4fLAEDR59ZIHYFwSVwQIycWuPjyvEa81v6YZcWPz6rcxTv/SHL3/dqye/zro1fvXc99q2X/BCPlfMAL7N4xo/0vmoP8/M2VDjgintF440VxaB82R0XC1erg0zXZd6UIci1L0qwudboZY/QArrOG22dJUOF+2IFHb0p9VoNCJxo3P1CaI87Y3zAlO8DVrDF9vMzBm3tplIG0gPy1a2vfUSFbItmGrvMZVM/tDrjV4+UY0ns3Ome1hX8L+RXa7onojnjdaUW/gboyYVwoRXdQbre7ruuQaZmfwOvRQQ/Z8IvvhbIs+S2iml/jZuJ+YN2OFEnhPD7/hRu8QoHmD0asPXnsf1F+Joeg7WnzSOiTj2urupxKN1PK4xkI/tm02CRy9R07gtVyxmoKbxaa8SrTVEo+sj0De62DGgbaKEbb8KK1rJ1NeJbTL3Kt3vQjHKti0MpPr7vKj7InZXqDW+bKbUcrsPyu+0zZvW93DgGwLNV7U83GeuwSK/8JIX7bF0FkoKiJebTY+QXieNZqiwR5K6HprZ2CmmdwWsuSUJLdl4EQDJYzLJWpqzBx48CuJ79QcwSVIyxg0x6npKmQpC3vOBlvmz1tP6qvfcIg+VmUG+qTHDcRLMxO3RKky0rnKDn/NjU/FG3sAC26Yv4bcpFuDFPu8K5KwfaxHVpXReaaRQFimJr1F3z88vAVVE5sN3RW2U2LSO/2zRE3fPZvFsOsSmiT6jH68sKxgxtWKcaJVZ351MTaLG0U4kZsGwzfkJgUFV2pxrLaZkzZa2bNZzaLUVvMjLDtdwETXZ9ds3oZc1uT4VDUTnHW6aH0uFDJ4JDMCQXKChVwymvd5Ure+fZaX1Ocf2NHGRUTREl8wFvfqrZamO6ihH3k0NPvs1E6OCPZSUiqqPBCksKm+q7HLARx/wFM9gG+w2JSdJ9T6lOKXCHJq3NPdeIWT5GeWrIxLvmfIc0VK24XxYizHYRELkw7f0HJjXjqAyMKFneQihkz8ynq6lO1RO0beEbqCiOSTTg34R5Oi3A/N8rixl/wiQXIWabIxWBqXP3NepqumQv01QeADEJjksGhuCGXwKonuARBMG7tvWF+OyMrhppQwx5N2qF1qRsvqlxu8zH5Vu8GS5XwqeC++ou6wFkU+aWU4tLv+guDzxYJjHfTriV4CSww7g+4185vfi0MzS9m+rVESCqRHKXp7gjp5Do056pc8+DaL81eVElRRlMOq/WXNs4MXHv3q1Rh0uxhVLUBhOHOoC7apMWUPOeLHq5fCvppI+vbi1KIXvDrRqQuA4Z4wezFq9xVxlk+VhmH907c3tyTRJIe6sHchrK8pt+tfKwaX3/O3VEqCnd8yfwoHz63Yv+Kj1lXyQPEk4dlkoexKQnWodUhifb4q1/jT3g5oqySipak8OWMLRj7wK0ebZrflWwOS4uc0OAE9gu51jUuVCfk9JrHM41pVvi+0fOWAu5nG67zN1EpvmMSH4VGfaMVAz2ibBOVnftg7Ne2uEm9PDnh+dvDZb1pPO41SkLY7z4MvObk+yXMwXWx+PNZfKOCW2V62DrFM0fPv0I2rfBshYe6a3xIWPA4glhVPYEfT3qVh5yNDOqIMwnn+54Y1cbuHyJA6eY01INbaSBBFVLTczN5k7sUb7F1+B0w9TgZV9kvY8XfWpZQEwYObrQp+8YTX6GPuClfi9Krs8hNaL8fUPT3i2zJ4YasR/xTZh27qfxiAWDnRz/iSaq/t1CgN/I4H4Fx3U/sWRuZFzHM2odZ1EGOBkjSKIxQBJtHkvMkgW/WfG0+tj3WFJhp86A9MMXAzjDLBrxSKTi1djzp9kIMHv1AqTLJex2VvSmfVgGmyipYoizChSXelcNt2B3d/mrlwzVhlufnohIkoVbDs/AAziRB+TPJYzNtHiE9ilzWLQXOdV8H7G57gBRiqxOr4zUuJUQNTIqNmD8ylDYU4pQ/mAVPeVdaO7MyxaEyOdjqlWITjqINcCv89hvLic6jvQ7E+Z4BAERjXam7zy2Y7DquxCWN7uZr0i2S4oQA0PScLp9uVkhdBaVbDgj5NNcUXapFrnDfNH7HAafYc0WBq5Zf9eCE+ky5sBhCDL7n0Yo3bwt2oLeZs+GU6Y2hCjIoJCIGIWcW5e3CETh5TDvSWJbZysF2moVW2PcQ+qqGIO3KzL+UUV1BqMTzDu582PjbZ6q/L3c2gLwyldvbXrtJcHh/UtwFONvhT6CSlmMSJltBPbSfFXdjf3LaI5Eia4z40CUaGRZKa0++gUASsDUCI1UkSpVZGgrZLFycfkz3bcg6HwRoAkR1nIIVuX4d1MneEFGymqrXjJc+4bjGnh+FSi36by9p5hXbb9PUGhdTku2XcK14s5xC0sFKQByCIEvAmgZFiUBKAcILYXRIJk40xBT9HExnnnepC58eSSruXOXam6pcu1ijptI6mzzSzYS673VqH37X5YQwgroH2qptXOziADSBgXg693nA6gLjqy2SbqkilMRscEoMIDstV/KJgO3DxDs0z1sCC1pBKXvUtRXcj5NJba8+cg6KR+wHIjmQrEU7mW8M5Q5ymQO/x7ezkL3isVr7yDlN7GCVveJBTntyWq07BMzZOu1DW57rZRWBUbsk8i4YEgE3qWTmHCt88w/VxudzWWeMY5PdpT6srvG/gnVxpaXFgn3Kys/3I5DbxUYqhwGomrhfU0tHDj+PodDprfS735alt01kVxi9r4wS6nw2L7LPse0b3aIyH+FU42Pp9HcZZocuKeexwQovL+Mq6V+oFVT+WUn/dpflhvCQbk1joHDX8A7Z8ud6SoiXqA0bqqVcUJo7u7mLRr1WrZ7oypbHiEqe54Ct0xq7P1dhnIJeTEdMS5YObLuhdyVluXilR9fO7aWfSPBS5GZm+OzvJT0Zp0apinjDZhVf3pVx0CdqLJjX0C0GDJs4r3OWVWcyrvz8Fd/JtFvJ0h/a0SJQIXD9mwVWDTehGaWSfJ1EuArXZHImgKHX18YpmTBxynlVA6BoO4ejT664FQS4L7tQ7N+R9HKs45ci+ggiOplx5GZQqnasSaWrWqMaJGH60ACjVbhi9XdkRyXvNc1D/MD9MyWPWK6UmV5m9VB+uejdaJOhhIxYnHRphs22ChWWDMEeuTzfO3y/lPXeC63lWD+cma/nrYsO3nZE3Noc06Gp+YR968Q62+o8tfjhvMhdkRpqCviXDSIa0+jQvxHNdbmhV3fIMaaO5ldZcqOtYa/3yhGwKcVXBmZ783yQo483EqK7Ri6xU10i6qYZLXeLOeS44W9mI95JhT4RgNJWY+K1ztj5BLBp0Ab3atope8X0NoFrT8+/PGjm6wfWUWffHauwEvr8k4TZ5x7OPSjmasXGEk35dxuEsF/YJn20Q4yPK1e9GT2ByxuBHxod2TO1quJ/oIhe8vaGLYixqFRfR+DFqG6is6kxGz40ftNKx+9yl3T8RMZEt61Wzwm4oS2OHozqWOTAlTJ8CUug/wAnmqf1qvB++SxhRREPbnj0pF/BzYfsBxfmK5IMf5frjEY78+5esfGG+XljDFzmLmn+dbqxMkU0KL5R0jn/zanbgyLaQcKWIrggL9qXm9NvZMhHGfyinvcm5NO1m9GfjhLGpDWCo1AmqAvE8QVZAJY6oNBky499R/aNA0px+frGLcv/LMxp/bpeTsD3x/1r+RZ8MLbO64LuanDZDIKuoutEBpLEcmZ/6b7Lucbip6zXDPYHNJ5Wqnk62r8vVOGRuJiM1UN8+GvYFQMiPkjCAYmmeYU2b58rG3v+u+xbPPZtPpFPhW0623jyupFYRcpsuX3bLdZvv7uG5HqW4MrOZjmWutxMHv7/+Vx1U31LeDSjW8qJrUYDhA0srcYJwL0AmbW+eS95inpRAeGIWBhiqr9g6dIYrTBaaVgIIzMPMu8lJ/JDmLf4+qq42X3HXF5pwDvuzZ8c7hyiaH63aeJFP5H9VmXz5VnOrRi2Wh87D9DN1BO1tSR2Og0kq32XkZY2KSZY2vS3rKSZeZt3wt2abyxKUys9zLhgaVKB0QmWZiW5uu/AFnjvZcAjIO8doe7ldsoEf9Y0L1EvLth6kqAOQzs8pDL/gSo9MiYP2tll9NYvNtqPZhB/lgmti+A4VokN4IfRWn0NeYTC7EwR3x+CyzonMJkxiKchpkY8qPqYVzhma0dUciP3Kqo75KXraAe7w0ybnjGNCDfICsS8MnyxcHx50z9TL7rfJQK5YkknRUT+40KOkitA8GpzM1Q6/p3tBmvgsus5ahDOj9HC3mr/F4GtGxSMzSP6XXvSMAGMsZ8d3TpkvLeUmH/dZTbztNnONj9VwSpAvbp37uceWHzS+eqbPhAtmIOdKXPIfVC1upi6CrCsHB9TY9idzNF9yqj7nk+hycw+1KWyfQN5CUUEzNP7SW2/f+L1YE0q2Khka/3yzuT0o7Vr+F3vvHdZU9vZ7b0BEBXGsdBhFZVQQASkJdcaCjgiDDYEAKkqUKiSUhBZ1FAsEFQUpARRHRSB0QkJTUSKGFKQECE0CJBJCCwFCCe9mnJHM7zzPOed93t/1nOu9rvOngHvtda+1vuvzvVfZ6AaHvbEp6bk/fy7XJu6ecI/V7FupZ57dzhC9OJgRyPQGTMt40jn3LKLidLZNM78MyGqCk4gvcZXPJxOta3YCuqGtOTyCtYP5jKi3KtXh0hzvttGcj/f8K1+ERn+9sMbiudWw8cYMD5/n5ti7MYVT7eIzW3s22K7vXlALjrJsvXN3Nf3jxGBcx2BB9aQLOMVdamWlCqKkuPPmv8NaDK4ZuCXtAidqkO1Elboe7xzd0aLL/dslzKuFE28Ng2p4DwWO4PVVpIVrUtyqDj7MTAQy1s6PTx60il4abc7knWo+11d09QquH8rya4OdgcyQ7C+Y+1OLwlBx8nTZJ646AuKFtfRdLapoPGvuULpby0yQYjA4qYtTbAcG1I/31v9nGKfwDeOQ9o7uV+KGDhdEpd+H0MKNgaqIoHj3+GDZsgE08oibSWHkJP7j7UVDu4h4YLLSOulCjoXGgY4Sa5dnlJmZ+bIMjolRqySwfraUYagY5F6hxIPAcq+jDNnlCJDc7fU0VD2tPjXgQI7F9abU+khxdXtTvr7ZsnETJr30Q+uWi1VCv6+00gZXWnD70VZP/B8pHORgPTBZFBIWbjeihKEJsPlgDBcLLt6wM4LrGCum7jEhxTV6ob4mGlB/GdSZ1pdhPEjwp3eIdxRY9+OluLkU93+lt3ndhL4sOsnLRYMbQmY3QyYqh0gTRvZuDkqCsojNTCeYT0/67YHUELEglYr+OFUaharoWp41SszlMrU7z5z0bxwEjSHZuaPXlRawEePPeQ0ZBK2kD0PwE2CZxKQCyCldwDJVhiFIR30tazEGXSY0Wz64E4tay3GrPinLTfwKu/U8H7TUVSx074t5QeOzT1CGrRDDDiraF1I15Jt2vp0q7hCBYeu6uSXV3So+9cDIeox/Du/KbhuwlvDdNqMBoWreFFN6qIW9o8fPtgk9D/uEr1Bn6CUeVqGCNXcIky2L8h2PWzeZfX97Uz5NittJKypvHFyKTRuJHnl4276KuOKG0xZkMWS7EufTexZY4mGdrIyOogGzJtBoYosHd4GIh9xAbu173x6F8LFyQJyAME/XTXqe4XyiCg+X/C8QzeA5MWXUUaW37Dfe3bv4wT9SAzCvelNrBis/XDPmeQgqBOLZU4O/E2IILQHuVj4Uzjj3fsXKTAHdYmJsdhZdCVrdEu7TLYXump+7a1GpF3DNObQ9fsEPkkIry9p1X5pcEaQSqW0tUwJLN6/8pNH+gUVZvy8o1PfctcW66JWZRhcqFLRbPXjMj86HbfSaopInGvKFYykN97iuL6brOBnigR7evsMZeRmUnwFoastC8JEHHrm1t1ecr4NyNL1vQD6elTPR2pBw//zI8MX9H02MlTvsTxlhiR6zKBQ8aXyAdIu1rSH1tJL72lAarlkI04orA4akc3yqB8RG+ubWSsEGJTF4y/jgD7RxRiA+srCf9BtHLlq0P06xmL7lStWjGtfLJ5El1pzdJ4iUNYwHVgFNYcnXaXDF7PgTkQDvJGxd7h8jPk5+9KD1NNNQTb5YWJ5WsrA12IAge8YBx7R6yUqi/xJSEZ/OOaXb1CD4J5DVun7fD9jbPvNu01is34VH9NMHr3Whv/eLXuIGzCBkLkKa4bg/dC92OSU51rDKRuAbucCPX4/BXhwTVLdlRC+wjXRDl0Eq4ta/K2sHtlMNSH76NbP4SPfKCA29CSZYmmdT40xwiWiwRT9U423OaLSanHisaZQIT4PSlKviMoJOBXRXu4YYurQe8Go/kHYZ1jyTpn4e1tGYnXSjvv3eW4Inb/NAPmo1GxHlC49928muHiuMFd7f89QSOV4QS2+buS/cZz1aSidhtFhega1HlT3NBYCmRtBLzkItv+eV6Dkzqfsk1jv9biG8mi1KgRrRwo7S4jwN6NMjrxYauyxcqvjH1TKyFjVoNbXfwzDzfuF/C85SDS76Iu2JH9pGkr76GiFOw+zT9hihKJ4cLhz2Lip9dPfEdWlGxnVB9gCsQXDhtlw/yL5Jp/dG+5K3ZcvPFPptgUdCJ/6nkDaiojb3tK5FzwNGAckoIyjqws6s8RmCprHq+5uxOGErc/HWxIX4Z23LLfYsGICeDHxQbLERY6UPtZ4t3XFLezpiZ43aatoltpK+h/6xtFYZU0vrMFmuesvGP4EtWnXb++iX8P5doP0HX0tPiTP/Ps5kTm5MM8bi9YKa8KsMgx1L9KpDsTxe/xcTdVy/RV6VDAPRvffuDX9DHMjtWcD++N2JAzpqGE0149i5RhlGoCjUpWTarN8x0luK66IEkdfR6hpPVOtutq9OeR6gT48EC1prQ3akLOom0jsckeEZ/d+tQ++tXBnG+qKGMGfqBa+H+SMNtdqlWx4/+RvbvNwhQdcQ9HaHKXV+0tYy0JzoGGtCFWPxQ44qFbHbL1QlqiNoh71mngUea77E7hT9BlraNPQhT23FhnI4rqTD1X7CCLTvy/Q2eswtrBB3jdJ6tOtkQGSI5hUKbPWDrlzL5jmz0VzCi5FKVYw/z8RBtfgBG5LgquGRJMWd/REeY+A4HhyFZ/3KGu3RpVEV1NvVT9A3RI/dTzJS5ex+rV2PM86uRG1Wz/s8oGYswwj+lXcsM04iR9e3tv2TtccLACmvHiDep/1Xjq7JI963g06YuGxBRLhDHBGkKcTOI8vxp36V4m4xU/xOb14FMyc+R4GjzudOC+VUY4iH1Kw3MDvBHIMd3KwffXzmQ5jLj4ZlPr/s9XnRqutJlW5d4c5fjABIVJH6/nh++dCx1R+9rhbsnO/Y33puxCgHwAn24S19ojjvXslnrjzquTuIZHgTgr4dXjX8PC8NPfrsalD3C9U3eauFt9NaKzbW1G18MMcbm5COl2YYlClQWh/54eNmsq4PrGjtFasf8pM3I7j+YKJ02rUEPpXhnCbI2AYrBRlu9BvDVYipB76l50S7ze6Ojfxrds4z2rU72J+lVkECzcGi4lanYLtzdsxLa2y0Sj1o7gs58ZBy9YE/kuIP219fNppvEKV4oEu3+AlcmrG+MYelpYzp/ggg1z4+nM2kPBpL3fNuUAxpNIPPPDueR3SNWfhtc+aBOm/EL4OrPFeeZ7/WbqyANOalIsaCce9DOrMujU+oKqXL7yPYDyI+oJ+cfG08CSNM37OoeD0+oD70AkQ24/hPFEjKm4TNmayUXMjgqmj6Pb1wK+LiUF/E/RMMW3p4ZMqQp+bbWdQvWHfZYnD8cYVnnc654m1jmi9tZNmeH4+d0a99P73Khj7Huxea3nL8f52Mu7Mis5h+bHU9TsFGf2OcbTa5sd7w0VIvz90IQ4TrAW7H6rDRRpEzkBWZPONWWefi3v8I45C3fuO9tNw5LW/DQZGZP+lH7r/m5+yVghIV9Mts6PIymIidY6qtX3es+Y1VcTTRTFuna4soau3oOqIPANX6g9S9N14L43+zlqdqBr24d3v05InXPi8W1h+qYAcOqaPcg91EKi/xL++hUrXul7/KksjBPd3yNSB6Z6EuRqJTExEA9J2f8cAWP6tsANnKzXvLAAPKufs8dQ2DMvHHug0Y/FPOcYCkWL4yM37vFOrJ/0By90CSi6z5J8lRTsnPfwxy9tLgZqHfBEKclSvchfMFvlMebmlZzhXyeiZVEfOmMZ3aQNcZZtMpjPvKTPopTHfPiElzYkD66MxAfukYua6xn6A0CPu5Zolq/ky9OXcsXj5VOohMr3rxRsLHhiracEISP8SZhK61gX9ojRwx2nCt3S/tkvOH4pWZxSzVSJZcZlb1lUkPehTE3vLwvv1qzJTydZsxNEVTKa5qUuyVWCkmP2HrhKuBzmOBIWKqT5P6OFXwCgIhgZDz6h5ixESpGwTA4Tv5wdv5zyby5bHSjMbc1kX7wKFLKr379Slcb1HBe2Gd0cM/YQ6lx2aSfuQswLfAc3pgcPFH8X/AcWK/uon7U5o01ibec/fgyF38PTYEk9SB5p1+UUYElYqOqOqXlGHhPEdOOPBb0knXMDHlezYpTFOsYGN7aq+1XuzZ6DwPbbiKVKnd3KVPRjWttT6G+s8CkrvVMqJnk6Lza5Ujy6L2kqW4HYa0DTEev76CWj0g5Th1zOYeuLvKd8FFv9iYNkQZN/4lwe/U05GAXRx0YXBa4fj04ky+0L0Z/8zLz/3USHwvG/GrNeFDWWcGk7Xly8Re5lVO51E3erBqsfOk8+gVt6VUG6pdRHzlk2mJ5KMaZj9R/kq04XOmshv5U4++4Z1f/Fncs6wFJyX4vPEv4ZPeGaHQ51a2RA0D7kCW26L005DS6M3qVUacxhGPeMpRltZnd+dgBWEzio8gRYp0LxLmuKhIWQ3LPAqhZ+dCpUgGMxNs9Ecqq1Ah6ztLXb1XvU/WwjNVeQCx2fEcYflqyDD8ikwUzSoDQG6i4u6xlzd0WBhJMyxcwWnUc0Wmtsp8pf4Ux2NxRoHitsxnGVv/z6+4JuJiEwU7YunKEftv22MV87VF99sbHnBQMYGf1elRUXX5EH7gKdwWq43Bb0ti9iZyZ2Lj1nn8wU+IbA2eaau7g9W8C13t6TsXExr9MUyTpy1qAyEpwtlyvAmXlfLywnDyaFh1GD3WqHsRwT7bIKgy945GmsafCVCsEJsGTtbUJu/4vvH3zfEZV1lubNahg7pZQeNCOwA6Adc5ecu4WuVrSefGl9i2zjYaLPigtann2Z23PC2S48JTABjsl3uvsMfaMiwHt05EqFzbjImyp71MREg1yEcRSSPe4nBMocbP/SRFLdffncEZXjWWFvqupXsE/ZHdXuPIfpcx8RX/dKoQt/HxnryucYOyTiOTqQNxOa7VaUmmF5qsBubf2x1mjwdYeu+/La9izsvLX1w78EHzUOGyRhziAcgXfdvgqJ1ApDsyatLn2G7bEZHd+a+R9f1GmzO1PjF7xMq7PkM9nWSWVlwzSleN93xVQX0CJhuhEb6gFxmHvq6tmJ35n2Te9D1CbUcFgecq3/Di2kry5cp+QET4xde2aYV7LwaX6E3CEnq+d4XOkvgfMNjuqRqrIwDp1sEMMyASlRHYgAMht/hsXYYvgPZtfjz1DeU+ve7+zxdcHapjjMZh8S5ieGHE/86K66vo/2TFtXVDLdtnrai0183SsSx715tXfWnsfMcPq/T9f3ll0KzsUDezDcAxlTUOO0HspbhGQxco/BBXliHt5qMmVyV3Xw7OG9dsGfzlEicwPij7YEjx1H2Oy0huTsmfAEc/l77fS5uM2EmAVu+VYQh/pil6PuvjzcMIF/lR0WmXk126G948oG4V6vIbNeMQm1se9NNmlb3STNM7v+XfQM38PNtLGPftfiWECWYbNJ8dr7zpIuJQNmH8r7GVP08cPognWcoLjdukGX+n39Kc7JvT8Atpq5evfbyKQAMkWWxtWrE6S0+q/cTz5A3Vj0p6wPHlckFoeLqkywlTDb6uFG++dKeVz+69DhoPKrjElXCQ5uSwcS6fg1V6cx6f8Vk0/i1V7rC6UZlspsOnmdEnVW3Yr68Lu0hpF26xQ/q76iss0Ld/GyxKCJnmTWDf1YsuNwP+vmSUdpCLEmpe1eHgSH4tRd5ijQ25LYjKBLEt+U9s88KG0GbKjuEPIUBuY/r9M//WwaccGMpQKbE1r/5zcTU/u4MzQ6jeLohXwaYz/jUFd3U4gBIeJbfXI30anBp7tva/xq6O/Uqyk+JmTVHaKZwdmjGoBr8jKAQvAyeZgjv2PQXnxlMnT8mtzDQdOSU1e+JdlnFix24bjrL39vGfPN3yfyJo9yvdOSvFjTHk9PKgd/hPSP+gNcPvtFb5YcSzDdJ8XJYr8tF8nITYf01nj42HWDUqb4nXyM6DsV9nhP3irDUM/urZNycYCFnu1GXw9y1x5xYstiLSpr0BtOiwJfo/XUidndYU5Pp3aOk1XoqwiHfTPCszIJl+a/k7/eawG4gU+QAlYLsmt4yPioBJ7kXaF6pLqq7NHmDht44LPvJFgx2szzifZEIaryghlww7Zkz/2pAgxSWeEsFap6OkuBajM6oDf8TvLJDNNKJa5NeSDmaxlP0Sk/xVmsLeaI9Hey0aAhqQr1OXRz2k5w6MqGLw+TePZdvMt0lxz5hV4q9lHSgyREYlHh1vhLsZ5Ski/wNei5DayyLoXBBdyFic9yrWLIrM8+j2lxjSS3mrVYSWR64lohUyjKQTciSwQqRxcEgqz7c8KAGQOf3o9RjxOQSA7jbS7yojDQKTjjrBT7HmhvlfKiNDXwNdhjjK/ckWAJkXGu7cYuyRIv/M41cJTAs2oRUMe0Xz538CukZ+uXdcX2uRuhVkZEKLcP/mTFCcQbmcJlSsLR1I5Zhrvvw4lWo9f/noOLrZIgfeoZ9RgboZa5kqY0sQBrhNDBvLfr8K9c3xCpA0CcW6/iVLGLunbASR8WBVgz9bl7I7nfJ+7LIzgqWyI3d9rUCKS3kUC9tZzCk4R0kdPIowMTTeA0TWpZ2iJTewNE6a/styqEJ7xmobcvqMi+3nvbsXSb0/ARpUbz0BaWf8J0BL7+Owd9QPQR+8VgtmjDl6ig0+KjWtMT7dWgmVsEW/fURBQ/G3/Oi8UbxFZXW1pj7gpqOHfnUoNymmZPpq94uzOsLXgl9d3foHNPL9TCjZxzvmvfyNQkoXIhyS2nlUrWf9J8tgYe7py12uFpzlb38aeHlzPS9f6NOvq52ZeKXGDjXIRIcdHzw0qdcUzhY4LE6MBitn0VvpA2aAm2urQ0mD2ZXYrTWHUyD4HeHK5toeyjp5lmSi96Kfsp9mxypXZx7Xmv0kGFBZkXQtXeN4UFeGT7neOxgk+EvLNxoTNrblFpIGXUdqzoj96YfcZPhPfeierU7udQfIxKkPDxEoAr1SkXf0P86zZWRc34K0QhxxD3gfkRQfYlkgrj/If82HoD/nVztO55MHnvPXZd8j6hWghyqnIF3VEVuKWAt7XlXbx6e3klym+K6pl8bQ86Tkz1T+2VuNEtOuxxPp9MLjsRPEuz8VuC7fv2DhBFIXPMMBgN4dpH0IXE6bpatIXU7PAyHJQJrxQCGqW2lOkB8dcWsAv3zlAP3+v2mvHJsOTILT/syAU08p/V5SftYh8SxYmi9UtQZr0lM5O4DXDhMuBLDfaEXNWk7HniSrZBHGT2KHqKxQiv1himgDHovSx18eOR/7dG352iCx8MBBuq0STbBR3peIYZ9XySgMHBULRN4ZwwiL46IZ67LAZ1lJh3G/G5QZxb9p3MreYWLlECI3/SeI9br22X8nsSYaSGKJ/0pi1dfixaFjW76vEYeZiM9IQdmX16+nvIJFWG7ciZ1vr390Pi7gMFRv+n22tolpmZGTRiOdqjwICzo4oGky8+RL8yX/gITBygw74Z0RSxnOSQqxYVBWa93HmBWZ+jmnFtqwf6jR2U0rMtmr3awMhY6f/klhhoDbAb6nuc5uJ5cKtqcvEe47HKPqRIiA6Ae8fxH5SZQdfdtQnGcbtzJwqye8SijEZSiFb/qwnFrakifDSL57L20gxukk/pkgy8O12zSIDj/xgfKuQc9tAcOOTgEmD8lyOdt+mQ918XRQwfgfWCjfnMkOPhVj2jGsdW1pIRIE15frbOKNBlNUOH7RWwx7xlXR+PNcZ92PWZe26I+htU34vGt679U9WOx9U+T0jmgNP3lLZr+khmqvyMwiLOSDDhCrqGVC3QVQ3T4Yii/KMDyz8JylnSiUmqYsZPwBzZaXWzD44AfFVycaNQKIX47z+3OOzm6xsxaZUN4jLL1FGR8mnM3v+o8mdC53ufvBAPSXxKWDew12Ey04VNjz1mcjQdvnL2h7woVtr+6kEt8QOcM64dgpyg8sx73geMfvcWA+vC0qneopQqPi/lyRsLDI32Fvqlgvn09uTb5yyM5VpxGhgfK6mHGJ2LS0vS0PXxaL+Bw00Pw1jp9GX8qdKbmHaO7ZmoS+aOqzLriFap5kailXudqGAN/3n+XOHrKWdrg5ffVaifVVzIarsLVY31c/3/y5+tmtlrqfL45LkeJO6RKUfP+5yS1kz2JEsvTSprUDLt23P54mwLdGk+weE035HFfU/vROSH7aK4jbHGTj8+UOMDgJTKp/rpo3BjTaSwu7NtzXO5Tytu/Y0bkq1Bx+xxn9k4dYkbLccNCJHTONyjOo5uqoxh4Y+nD4RqLW0r/GwMiMn4R5Io3FVAVeGgF7DomrtwhON6UZw02NpM+ao7yChuriKJgw2sXjDq31d1Ro4bhdDY0HfjdMwjX7ciNOPqOfNTLGqLECu2+ntR5KP/YTTflfc2j3/4SxwYl0o2r+Q5/Gzi2/U3cwxdC+BnGKqjX64tCPDmdsPDQ3mO6hnTAaF5UeJvEE7nPqi61JF6sdsNsq50yH5tG5GzdvTH8wQFUrpX5p60kMxbGm6vz165f2XI3+MJRqgn4VrXZyMfFc+5/Loc3MYA2E2onuzrQVEmdBOd5uUiRnLwM6GI1nTgTrfUBV4Atp5MdM76o3aDehtJFLinbnCi1T0NzDqec5K1qfn8PxobFbsnN/rnehTkecmzxMXVod9b4z8g82+/374mj3UAi5APEqdQ1DwLTYrQ+vUcw/g6meN553QTSsF2OLG1Saxnn1C05ayXK7ZC2dMLRdLlYYISp/oyEZlb8yM8mhr5FXiH9TBotXzKZ4RTFLHzed+TiB9bCXy+QsEDe5DnxV/vxiYfA0hEzmJE1ZEJILJW4TCEscUcHQbp8/7hoF9q8Ud+qnCr3VplPwlv5O5wPPnGtEQT0Acou3381XnPlL91YP7ruw2ImQv+T+a2Hb8RVTL76tkU6VIf83NrilvNmCoe1HhJxgFyQrY/09S5zdSZfsit+I6hcotjuDPvMbu2tW/Lkpyi1j+p+8NnGeTjfclZ5f/uTaGTlS17hZMNYin4Sfjz3JbPpQSV33cX4oh8/aWBhRSI+OKnZe117dql9jwXs2810PMlKX10mbFGzgfaIJ5kSGHqCRRfKVYUBumctmaidBkhqrVDHuW565v1DjgF6nLQszePyfS6ZXBJD8L6Q2mhPGnxCk8hC0KXihP+/a3PBckV2Y5P42ek5gcU1IFGiMQp9+eJEUvzh4HxxQrCF0yhoGBZhMXsNwWmx+qvgXvr3Kz8yqD1jCtwk+snRhgpjq9LGtGHIV6epjz2n3WfP9GjZMash/sr8t8bQFBxaUZlqLMJ5s/5ycNP2AnGKax2dXJrtgf6atroRQIfCULNZxAMrZPkWeMjylyvFeX6tqr0GO2inFhTmpNMXLZ+wx5TgigpDt9Zd/U+J0+nUmUYj/mnDTvbXfSWC5W6YSxhKO12u6ZDi/NY32k20UuNTlG9eYj8YfxdYi3nGs1V6Zm0YHXZ34/7B4WjomSG8daN6SvjjxnS3SY6xBK1Hoduv/DdYd0zp8tUCxOjElPae71QR1JG93la+HdTvcPCJCPKIlhqS21Gr7tN1KYecKIC40OaylEEYPqC9byrUpdW85340ljXmXI0ae4znQDP4WpprjqCNlgVOUnHGPdKTjADOdHPtOn/2UDZu7UE8s6Xh5mMA6aQJtsOLcZYtC5f3uYqc4sEO7Q52loJ85fqr6Jxmihq3grM6//XOA5htiThmcuIqTah4fsoiG2XeI75OesKRzXtJ8Mpr4FPh5QZImxanHEDQ6iZFzrV4qlVinzsZH/v5kw9hlqNeb/f/HQqq/OG24LyYjin6gG3RBNYFL29q45xUGC/OJijNLm9scojRqb5ss7X6ztF6cJbc8iK/LEONoe7wzyi8ZrHbYFxsYPU0wG6FVKUkcnqWzenbbLM7ztNbHLHx52cNjOvUslllbuUSBTz/CcI+TDzi4clYG5AoAXvdDLfZeVeW6rrJ7GtpE1do4g56DwGzRpy3xx8TPn9UlH1eSSBWeu6KBqa7UXx1h3KROLbo6ERN2H5gECdXhVgH5zlAB+Rq/Wcd2omBzpm1AfNJC1Z2+T7slwlAQqIyJEky5DbfHpFpnA5NmUxGbhwwmVGFY+fp8T82g3XjFuafSjECldF0gsrRy2lYywG/qzgPo25bJI1QTos42ynh9b9Dz+8U5H4sPH4FGvx5vHX4K6uqbmRIcIkBkbKucPJiFDNpeaaSnEcMZIPQxGv2OK9jOjZ+Ut2EaMC/PdB6lcdpuVwotkhHWhYj9tHp6fUPDrOOaSq975JpSOnrz+rUZG8cgvdB3Cn5k2dbsV06PbsSqUDZeupG2RbKdTUKkuKpX4s56H3QipzfUlK1hBH5MJYz+eZz1tXl1XYiPFjWxvcfCYh1kSE+mInmhSy5TP3ot+7C0Wc3gvm1r0hbI87EevKOCTe0Hhum/jRYlWOyeLlnDQOkFnppMu/NleDv9iYbmpduuLyqPXzkeR5jTdIuzDDxkQBsPiDsYbyIc6nuT1vCEXt4VfLdP2kfk9493oy1967O/DXvbe62NrU6jVZlndNwuJr/DKvpTf6DLykxO997R2reUPvKx5Io46QaR8a+GHmIXgdmB2sJixQCsocevR9Dt9QP54zy0UtAF3qnms2MTuqUpExF7OPb4M5j0mFPm9aj0A6zkhnS5gsohuxL6jeUPymAG9wE42cdGeayJ0tKQgJIrsreMqBGbnLFTcwAy3XTa+hwAvfcD8/mEcsuMqlRnoaVckY8fm+KRVetZcaaA5vIRoeNHGnK7fZKJ3/sHd2LgR8BSTL3eZOtSVl5mvRFD291bGiZwBNDJb6rtThOynHEn/lF3RRlGHiPgVGS6dhlClquqqDi3htFeLZvJ9nmeoLVrKatJptLYPiFtdy2ZyfW/+8cpcpSHXiXinhN9Q1Zm8hyFL7PAaemJ0Kufr8mXYRhPRuwELNFnVxYZAZYx6fmKEoOtVYqru5im0roKyiwIon5tLSKjmi/vIz8yfTDw05S6W4sv8mL+6CYMze5q3r6qTX6GDmnGd4rfmlWuvJfFET1k63pyDIkVw89vxboC6Njd/j9XDaGTEQC0g7Og6kaVfWJtAeCM80Cu8bxgFJt+I0CKC+Hr/WNggL7+iDKBnqZGU0DegmkTVDO2rKJpFj1EllyxvPiZJFbd1e3yK2R6NJyy/nDElB1AGghlMUMOqXzOq8U3fvl4lemwE8OxH4poBcaDgrw/QeDaDswTbGHIc2hZrHZM2pcjOkznPKWH1gN10XOjvLpAOY5sgufHVWG8sej5sehBiIQmTt7cFWbjjEEVL9+dBpSDKCgnGJrrcekaKNTZI6mLWvbA7NYlzfWIErpFPYpeVhpMzI5/0+GyGSNgQUiwjhK1hAo4F5WWljA0Jwb5FXNx7FSnmoPrPPfFR1KD34iucBZETOs62vjoi4zGc0jhF7YKU9w3wCtDDNcXxq30pD9hQXuzCku9DN6Fd7ZWxZBCJMpMqDmNwVYGvHAR8HJGo1laWno1KCHlMsrYoFJJhbtOwSZeKk29FlRK7bMRKK071U3ZPGTk7fIhCIDL8k6eaBQ3mHF+EyZXiN4zl7/RA4SWKtqsW3+5OuUK1it5u/iHdRswUeMTQktpRtL0pYJRJN42D+zJDGByZnZr+yS54h9vVAtMgkp0gW7VOX8UZLn3ukDXrDprneYZyauzerPMFGw8xNr9UKvkLKqJsbNauPdVyMP37aefh2lvx1m3/BYwxZBmoM5FdNCIhPkU7dirU4auESIfAGrvll91M553Lgiu/jDh/hzviGGcZVnxqxCNqwrscWlG1rhhtsXKjS9p8+junoFTuvlVeCmURBumv9kLLIDhVfjBdo3JwyJPB6+rrrJcs34qK7TRqq8m+YGGh0+fCcu2eMtzWifCvP8VQdcZl8zOAbt/lYbhhBqqZ0bVOi7R73cDzyxCICmrTs9M07rlfIA0Q8CJAKC2LRc3mQeE6mLQ3SkeHu7h+59odywXPhYGamMWLHBelbU+PE+Ky93eQQ4ZzjcYIPZfzdGxfBkOOlIigTKXFrgyc7pIetKMnWaNb0ki51Mm6oJJhoxOrwB7BQ9xikn1I29qqkFznY4Mw/lUeDvqFIaWn0VXfUzb6oe39K+yXbXcoV8ilTG065+chcSWrdi0wLU29M33tF+HSyhiGABV9B0fULXyJ44hQcEwbDPOhakxiz4l2YLT1vbZTgd5G4JLo4p/N2wu7YnE7YTkEOUlI9F/J2sIQf14iyg9Cdsc5iEFZREAZISGX+KclgmgoZ3t3H1GCl09RvkZIK18NC3Ftdtu7Q2QaHZVbyCAWwXVY5pZrb51OUgW6cEAlGINnzG+TjPOVS9kJtrjbQ+t7qd8/Ri0yR6L9zaBFjFD19iQ05UFf/UJNY6w9XLA/CPiEJp0CYDSz578oBdt4dBhQZNTsOFMDva6AlDa4yTrqLuN7lVT5bKa2yU6xHcdI1MVkPI1dS8/oIpjcrdr+LmsSy7B1xxWMJ3mONeJIwMg71RhVmu2cHQ21q1fr5mxONUTfaWmzCe/Frs9UDFbvEl7cXHp5EYcG5bXbvFx2OgkRXh/1Q5yuio7PfVDQ4nr/NI6MrEqLfHMHjSCjwqlvS+SuAZLJvL/wFFesYJN9DcZ7JqHtH9YZ72QHlOJmhuJYs8Mtug31io3NMFQVUOBU8cpjedgbLc5rZOBNc7UbDPV0yHBwafaW2YqZ8UEg+fj+YckLpPlz4JDCsTYLC9vAa+l0rdkHnxY1kCbsseo5aMjvKhzAFqhd175wtgcY6r+1fjgs6VNfSyVO9XoU2Vp5C2BgmGEZ0k2565aSTxa4htdOv5LFEinuFP3W5/LnfpZmgHiaVQbMDlQvTlT8Mz7rOiiXYTCLi/P9LZG1pNn4JB9FVA13Ppsucf2hmiszCxeNW5lOLekTcI5X9BHlSsGqJtNEazi8Txvob9EICExUlxK9Iposk5xWfvO6YMXIVYqMOymoBBjMfXHYPGpA1XtB+RtONfGr5hzuid8sPuk36fmjqlj8DeyzckowYXihUbx61uPPcfg7/pAuFdAUw3ifWIVkFWvoI4GtxIMeLoTOLnB0vduH82r543RytrZH17TGyQu3uhk/a1VzLGRtpPaBcbNakvNs7fDdqUpu2B9N25Jp/DU7zr1tmfJ47Vxd9PPwr0mt9zpj1XkiC8VEb3eG9VFnl6RKRjrVGEaxrz2DLdza3BXPw0abggkNnAzpKXRanCrS+uuTyZEk74LRta4OQfaP16kHUA2O2E9PCu2qGHTfJAb+J4VL8I4fzLdKf+/mE6m3GmP1kvQiF/rpcydC5w/9fJSSfZL15GAG/kDrxzOHKQBSD1p3Pp+VYymmjCxZVcK56lmm2pzQVBzMg31CmHObPMXTRghJC6XmF4SmJS3oHYdOqet7SrDWK+Kz3C5H4bVtZ2LBMc569NmUL3QyBMOGtaXrgytW2djm3ocMrRbBpyoAgVmXZ1wSm6MCz4c8qScGPysCI1UXzr8r3fHMv6k5L00Ot907OA57Vtqf9zOAXUs7VGXEwZP7IZwLTp0l5iRFMKKQr8BAfljst3VtTZw3HDa/JKq7UqafjtuslkPcFvny4739Lkx8F7yM4Nj779R2vo2kNLKr26xx3/tR596EeZwOFG7OLU0RoB8UFV9EoBOvX/CeUZRWaSeIBOL0we8GSJNKW45/swA+gzYRjIGX/Lo5XWxOwk/IHLWua1riEC5h09FozzWgc3tamMBPytZm5eTcAA6Uco34twyksFtZa76UPfyUuY/JG3EBJS0bUWVX/VslZ27s5buMWgjLZyS21jfRdJ5V124kLHIW3Qfya8fRPvGyXIGDtaRdsSzcuscVL66T0F6kgb0Uu8h6Dq/lgIhrzemPyYWs7KIpJQpCYwSVO9bPrwFvMn7bznd/7+2t1fwle5Cs7kXA5f34cej4CjhQgAqUUnfQ8tYzbr0bWxy7nQfx2Ox4KyELgdszowWC+NXdRz+bFpTDardwnjjxBLBfZ4+EER6cG3pzK3yG5HB+97pp3yo3nTIi5iPDwhvYyGoooPLG+yBiFmwJxzb5VZJ32hbHCk7kADOQUtjO2atjYdVrvSkSFMyCr2v/4lR5MLQ179I0jdAGNgHRIri20ZmKsNEpNJ6y/XOWIdBpPbNNLdDeNNfPotOxom81ukBOLm6l/y0cEo+5N0qOOcyHAGQFF+MqHOo96hTtnPwdZsxeIRhPJEPw+oh+A820cM7XgTa4eDLUcY4ML4T06TJhbeeDi+ClonprgFcITQijt9qlVL6Y/BONGurbdWlEtM9Nj3GAI582AlVBzXKIqySg/ubTQd8OpexzoaekbIqP+EH5umNn1VgVqqscnxaXAoBX6tm9OPC8uXGb3R4vgB0jQw5v1CjvV0Vg7V/FulLFquexLNKI8Wn5DWZC3qA5XQISmueCkyeNgYs917El1pwbtimokkD4vYbpzD4Hfj4ISg8BAUpK3cWbvSrE6OVLDYvRzCiCDRrydnU13Q9czUIWxWT7qNsGzb9U5E6H4QUi4CR6OcAMk6V4+CcMntylU189hN9Pf+TDefPvATfemb6FQlRJpmj6D35TUV+98+aH1PPwC19Ws+nOB/A8UH4qMaaUBbWKWPwXWUZmgXSky2OuGzAkh691tJjrQ1hN5Nvha0lb+XAlydRIL0bCuAGMox+U/uZo6pEe1dvjIPFq64dfDKxs0j9Q3pWTkocdliIk2YkT+dtfnES1jUTDPMNUTPnOeNX4kDbRs4mi7miIVw5GLyVKr9psrXiyLv6KlGOqYWlJlk5LkloiNNyaWNHRUaAxmr2VHJxQfI12lW//nh2kyGj/cCZh1iTvBg7F6aH9tPUOYHueufuyUTtWOVxR2B2wsq3K+r1jew7XyzC1Y2tFkU14tEB8RkPiK27JzVr3OL58HnUUIMl0/WH4kcbN5znfdtJl1p4qShC088u33ZZ6TEO7UovMPucCiQkxCEO2B+NFkzhJMUiw0qKS+8CDU3N/FDFeH62hDY06fw3OzcIqrvRV0H4NmZSkB/d/Fb9uCftxMISDxFzxkfbNBdi+YFVW5Y/QArQa3t228AB03dFotKbPvA/VSQ2MbmiKuPI9Dcm6lcGSQjnOHj7oIdl8PYPWtoAbsGDX3kpxfNzImGXyz9mlrRcGcaBFSn5XilZ7TcuXtf6JifhKzL1R2upTvGz4GTFbjv+YBj8SQz1ebakczdCgD119u3ckRGdzRjsDwIdNQz2qKQ9w4Sb/2nPnM2Xzr/6+wU5HExkJ6h0HtkAd2L3KJzgOBivSLMsAZCayhlliBG9msFV2mm4LD9v0J51XX/Xfp6/1fAT6ouxr2XKB1pgd5uRSZ+uJ2fpuDId0dKpDWjo5AlUTm4Kd2ErlHI+CnxK7qjMvdm2vGgIGqUQKe4q5uF50wul6+ka4YbaLDB0mqYdtp/K6m56VpTmn+8chiDo/PtZ3YZdqU/7Qdg7vg01XK8uuJyMO7gb6rWLpunIbsy8hGUPB/+qVSCNjAq6v1WmDwGgfTmnm+8jzbMnjSS6VVGxFFd1Po5/m966dKSJ72k+xXwS1IXnC15CMBUKNvQqt274C5/Tg3G5gCWt7ZfPBgXzLp7v9faqr+9Pq3Khzk5USyN5S0xq8ATN//pKGrmyyLWFA31dyOkfXtb1N7aBYOh/rQWJ5gNcexdINM5R5afPWN39C2hS57QsgMjkh+8NCjrMfPQIsRPci8Na/KSbCVrmgIZGa8PsgBlgifYfeMYRuFuaL1cgAgbCqp2RbbrZayv66g6iNPKeogf+NIY2pQdoeNimDojBiYawPRAWzoeflELv99mcxevvNAYiHznaGzelCTzmOk9h3F+UIM6xe3LgEh4v3kcDQ5ugJ9+Oy/Rbu8f2fdkfCTzHrLfqJ7sPJma1IZCnixu/I4zPCuJrKa5vGlPtxh2+gU57vfJhPWdclqq5T6WZXIGCDSEtEHYIGWRc1SXNgFijeh0BaJmgOWuhs35nmsTQzbhuDZJelF8GxDRNhdvQfDjI1EpPBmd5ccfXy03oj8+DF4x/IRGt6YZTf6aW7k//BLiZZ2f3rLKEB4hKhfc5eaKv0N4jRsz6K37eE+XYlyPxta7biFPJWa8RM9ZRM9bEhYDRA/3tAvolh5yVuOzA5aJnHoEurHx+cbizEKtuW5b5pXWOkfr4KfynjLoL+zBpxnOye/cb1aEXAFhu5xQStTU5lPH7lLTPkcnnK68Zr7j+48UH79GXRm8NwjQ1D130uuQUmvB4aPTAtVef7sbGNgw9EDrMG72zKhdJCFpEkPTlqCa/VRL1f3kUWMiMFPaT6VaLpCrQ4nAk7o+6OrtCUqy8VkmyE/UHSZVL3SoJXSYHJOXRty5AatJDPDtcTK/R9NjzcmZkzmPiUVJ+jwYBm58+r2xU8qFz2pIpy3RyrQ3cGDU+QDC1JLiN1Jta66+7zIOlP6fevxfgc/Zst19UT/jn9LNugrdyEuA+1yk1C+JX3E8mz1jzYQVH4x54WIoMLnROjXP/OCgTSQFIeucGVOu8ReUgqvZlsb8eFRLOGs30frxcbeQQEHBGXD29PYp387La8iN3HpdjzBVVjAU5qNeObF+sSgBm7+nXWEIx1dRDoyaY7nxKCjN+WJoLm9JLFbqKO6Ul5N/f2wRDO349qak7YU0mi8i71+2iR6gY6etVa78M4CpCox/WWEhJNIrtk7WZ04u6Pqw9e1rUE2y3OWOdblEct3JOPeg+fDnVo2WDKZwrzbUwcO96G1g2/2RPrFk4viivJSg84Zg3/IOTihxcvrulhfgQ2tLfO2UV2uwvc6GhLYV5Q2SlNQEbiEACGpxBQfY6C7nmly4BL9fSbg6UiJQ+d9H6jbKlkNM2fc/4dyJfmy1XHpNQuskmGmwElY+HNdR+9jZ/mBxEkEGmTUwIK5S1Sn0Si/iea+8hIhR4vwzpBlacHPSifDLZyLohhTwenNVHtSO21rttU9eueGfO3Kc48nrc4gS79ywCZhlgvdLuFqXFT5pb9no+krcRb41W9605Nr/frTNtPDTuCS/fehoQ7O6SubJYximI9ng2l/HTcpRaOgCoyUBcADtS75b2tbijFyIq49nGJ/GjvJn53TLc/So28cX8HgIxOGFQlmJuwymwe+Yzw1JsDR48lXBj+kAWzPVLSF+/FZl4ZfKtGjFBI5NnT2fv7RpP+o01SXJFLBgLctWNpu0GQzDprruXix1WkuZ2JpmGRo4YtpKuBMbeQZZWb0vGHUv0nA8CcEwqe3q9DeFxgyzDz873CKz0RoLUZH/vwgUAJzUe9unJcwcoFIN/gK64Wc9JdEUzXdMVMj2vdkbFPeWk18MAt+jJ+o3LIyrso5cMNzc5616cxnXyj8GdUujOkjCUHFe9R5YxXhiXbBFFkEKG2nYpMhJSTzANguW4gWNihiJD/mVuuyKKqudASwhEzFdTcNMpADSaAT03kqy7ggERpJRJNK7cJSiGxs8wuhvHINZ9ItYE5CXwnAv9xqKCi9Qt/e1Os7irzgdssoFjYaFPRnIVMtmO/YjLCQTbTZScCg2y4U65USUZLrRFnPFHkEWcy5H446jcGsuEJ0O99E5ZhmgupCr8VrOf5bhgIOs2ZQCRzpJCV052GiXLZ7JqIOXH90qIROasHgb7rjw8zsDHhOGWqpaPv0ZTCdL5qtxEvb/Df8FklmmR7nSFnASnbD781VzJhnmUFPmApzHwllQY2O1l/xnbnEhSgwXsqxjzbxc+yn0leAQ7QYgP0sznBexRGTX9NKG2UM0+wQ6KnhXUtBhAEKEvu4zUtc7traYyLO9PfQrQkQ9ebmfNIqN4TMVDc9MYUJbaa5Y/mI2p2IEZ9J8fyKeTABKrSILk/B0AKk40LMjn8UD1Edot/6bcVVIPzhn9V0WUTQBm9aMjp9o5HvH5j09GTC/ooz5RmKNYV7KTQ1SsSseFkbl03vWAmonH6RECRNXbkBqf9MPTs19eeizULwvk2P0FjiIDJEuf7WU9kYvHFmb6UzOS6PF/yqR0D2sTyXGh2xDjL3+WeEu/et5kT/+U2F3QdwSfVUjTKYv4VS3N2tat33bVewnLePFPgfQcD9qiXqs4WOnTCU4jH5J6NNfb5N95yCLYjm7o8n9t3z0I2Yah2SILfpWY5K1ftwNQ6c4bzmNHZRn8TqEahAmQnKuRFhlZMtzyUjWclYoNGcr6tPBFogr7qCsZc9FlZcYEqgFqO6k77JKl+uYg+xYx9T605vWuqzSGLAN1oZJ0g+0rMnBSDpyC7YXJcF/FCTy7nXRf4LcnMe3jtYlaCF+BOrniKsRnQoiahgEaBEh3kFdP4Jnud9W+g25wyg0h57Ica9apbHS5GcbG9WQZjROHbdTXX91UyD9yqxIcgYFL7XAh4hRRhV0WP16tplVLOmg21zXyiNhuyKJuCosE3AhYfznB1v4n/nLcV79P7ziZ7ltB3oNfd48DKoodNP0q3jrd1YQaeOF4iTaNppNAh+g0bCeJ+2wD0BJT5/R5P0DjWkCEq+lWvBTSbgObHamenxwU6UHmOLE160G5MWOJI0dTpSaLGh5UqOXLVbDuuNLgp6fx3TU9UmjRMx7hunuxDLLqgSqW4xx8tLACgc122GU+Cn3hUy3RnpsaVjKShwbxdDehmqzf2kxPeu/s3d2he52x4xQppDuBVThjL80tdMJWaMoxVc2mwjXJoLZ0jXciUedRCClk5AViT0jq1UhAw4j58pHaEXmJTm4WWCyFbG1w/FRXV+tQLSKaR4PSpnA7KRRDG3cDNLRYT+rZ05tsRmO6HvAE2eY28Tp75RjBNIOfNY+vZATWBBYcptuuYAhfNpyXHFb2nUgAx7KG71R7ioh7rB3HH+pHnxm2q/TA6ZKj6gxO+2VlVVU7AjhIQJc+0UjJhpwmZFc3vwn04XeSViNjnRUzfew6rWh5u+OkwK5XeRD3HM85B1TpB6Lcf2rdKem13y9ssbE931lV94upGpe0OlDzqyo3bWvoQ6xBl4KzCzNA25DGRj0OiUCVwc4PViaYntBJ9o3gNRAdEIQDIbjzi9X2ePrTcGSwndsJ5mHmDXaOYk783rrFr/TFRNttl2g7WlaTjzUnWgYgIiSgZqweh1peaAbenPmvstctSffZpiBJHgUq/9SpKPnMxQkmPCNSLJxxgXwI7Vl8+LIyYmGkPDgCBMQnT/UGq0eJe82YafIzZj5niwuE97Lv5eebnLevmG+yEA1ybnpURs6BKjDrIXGdaEZn9AiwUOtQ03rRxNoK/KsBgWf/knxdL4u0QO9yHO82tPpbesrcCjVRotkuvYAv9s03D1VUDia/72NzKLaNVl6nIpGpmjW5ksnHk/s0bEZ74PlyN3qVWx+/JxO/YdqCtixjbnoOoWXho5DZlKKRmdQuJfG/Nhqo2dj+Fr7P3yobgLqcl0LO7xU9lnysdWw7QLqj7Vw9+MRiQ31QpSEMe8705d1Zk21f51/XlUMOKNlw7owPKWKLB8iw8+/bEQMjbwHo9Bv//OE7rNMdzvzOkLGARTbZH5Vgqtkz6EtMJ64t473rS7Yb4XV+leZ2PAiVQhIKKn/bq5vY4XU5oC93VSZ5Z7W5pkN2BXXkZf1cXMtgBsNvdvnOIkAT+wcANez5yTkrJW6iVKO+uowlBbUHQ+UWG99hrM2cMugOZXueVToBf8rCGZq6epW7va38wYb5hrQH6aOgIRg+9tHVp8vEwb1QIz5/G58qS1bt28oh+nXUd73gvWsdjcERrKfIxph02FmLurCeWx8O8bx5CbHtUwc+47Sma/ILEREWb55YMFU865Ql7jrfmbc2M2thCcqOe2a5xx31HlYj+7yA9TDHRS1P5u1XMti+cyLLxzoanVIkd/zOyi5n/up+MSNYZhCfQ/N7zYvT1c9dm55DsN0TCmLX2TpGlwUqvutwbzCcOz4jXlhJ74oMvhbulifZOsYgJHU6moVGpnfuIq5krO9odWrGI+qDYj0UMwUk1HyWLMMA5XqREDPe7zxudYxL0kM+fnw1vEn4NkE+J5SQK5+E2DHXI8dAyFMAtEfKKIk+DSJpp1IlVVdy0Jt8Y7GkONwNnzNqdRqZxSvtl7hyZi8GG+/X0D8+BwrIZKW6DfntlHpHQUM0+2N/sOetm92EvbqajbDdlnujgi4SZCb733kDluIiwmrwr/9RQOILsB5iiGf7x/M+uerZPk46zOIL5J6FoYuQqdXYbG81Db4wTprbEMJTbMIZSyGryMpGyUNlb7t8A9Ev2vx2OK8k5+UpZAr2DgYN+Y/LyXCJNy8BXVatcRmj2zE0A36cZNBYM3+xVtdVE0apH1XbTQZn1G//2eBF6tZjvFm/99Uoi/wNFbr6DYl7GixCJw4PbXcbgI3uuD5MwixOcKJ5/iZx44GRMLfqTnv6bzO974Z+7cCctQtFu0WE1gTTZs8OvZuYDPG/yAt+DUXh+DUL04vGqMrq+DekuV2Lk2KDOkxlxXj2srzZcBq0Z2aGQyQ+MEdebxPtu4QnBCdJiXoIzGovSQI8I7rLvUxy80TW6n+LIsb2SHNr5oXtYAGW1Wfsx7uma/p36XvUmPtrLPGR1+V7xNFwvDyN+YlXdt4vO7QiHRSqqXJOhulnryeufgpPYIhIRRCueDOuuouZ/GcQP7vgyXyJ3Oqev+lrRf6/0ldh3DC0I/XuyFSiFNL1zSfj2IWRt8dsHSI4UpNRq26zUh/ToxerM7Ba+E9HEyv65/MqEEkBRntVPQ2fb5Go7dUesCvtvD544zhCoSJh59JEvfSKtwH0opW/VVirXijGn2N/5l2C+U+2FyPGQjoedvh0riC57fEfOgdYWoluSE12K0ogasQacL4e0apUf5d+CtCoGq1fyRi/z5RjECum3u748NF/Izfkhg+pP8R/br3nRX8zPclevR/ktOPq9Xk3EXaady5C3FX22h5NO3lIVW1rQNTpY+1pT+UzBe/DguXI7ROe+H19w4E+/b/NdZUjlX7g/B58a1WmoM7HV0PNhBlbXnUnp+TGotADXwd/PCjdd1PI3PGhhVfC/5xszClRKWWmxgFQrV86HZVs4q3fR+3E0OJqEe0+U+slSPNxojT3J3TWxbh3xteZHR0h5jbkpZa9N/6gqhVm9k0x5eD+fypma1V7h6ZCptLd/pDt5oMmhjp3dkPTT8AsJ/pMfux+b9iBsbvm4x2RpZFZcYx+5wNTLp2X3VT37oJNrp7T6dH9WCY4lQjmHYd668G/YPmyW+jL8ex8XCqFXBvNjtyEN8Zg/+FcvX0f6MhwA8sW1pqq0aIIboX3Yj3PiwxSBxfmNDIFOauuC762dOVOj4ZiRl5UOQJVUXLcyNVNLN9CDNTPF2aZ7g4Sc5PJUVBnqicHQA0Y2XXcXeLDe1gjNRv4WEqFVWhcQNex8sEy4WbLEViROjtJhlvpr1kjAKD2uTh/3VxF2hgBtGjb+WFq1iGsOVc5hvE2Dwa/rovmbdu3tflKxWNmzsWmSn3XSE7vzLHbanfmNLTOEcSVTVMvdgqXy7t67E/Se/C5Dk8vfbSWrchwg1Zal8ggsaPS3Jm2OjvNGhYAPfO5KxwHPy/HNcllGZCs0lgrGOujHbD53uEafwRpfgUdeG5JBYCOeO02WQm2q9ylOYlbyEdav2EfX3UJ+4xy8oKDLHPWKhsN3LwIQfc8eV3W2Oje8xMGq104mPKjU2kP9W3pCDXVj75d5wrllesZzmvvEHUPPkeGW6g9Kt0XIfYpc8Az4yq4v448McGnJ/l7fPDUAuP4pX/ubMsnAD0w1SJRPe0aWYajcmh+oRptJXQjixvPbjFmQA6MbNfwJKkUTeb1HL6QShbs5s9M+BLf/RQIkj70KDVEG00De7vpAXdCTjgvrav2ax3SGeF++YuInFKxkRfX74S6gCtjBZnHN8PPwmlhVe47to2ameoEjPIMSccz1/l7SIiXadDg+qsOvosSi1e4jTYI/eo5cZJ/zfJld0C5pdT+0K8DvFCQ5oLD28USjnbux38PLv57coP/t8D/W+C/t0D44kaJEuXF4/HRaQtzNYtzixK7BNquG6WekyjO9b+vfnM1Mr5v2eT4BaU/83J//RSUlsV1vf2W6MmP0d/uTvhWDDhYvz3z76dh1klNamOailn8bz+32fDXA+Qz/Qzk01Jme35a/Hbu79vvMYDqX0X8HdIVDMy3Cv1dlf+hDLDsv0Ti70isyhz9/KG9vZ/HFwrNZr76T/dNBJ0vW0g1DX4I53D451KHWlpOmweOuPCF833P4mDKTXurIrT9bql3Jq5XqhKQWwZ9BfrWv6e6hF0WW8l+K0zrr9f4waankMBkPug+HJi6OShJVFdw8wdRuwg1RU4wcsDewUOlufUGpevcq5G4AvdJxQ83FVvbTHFXRU+7djLTFdrXf6udVsL3pwUAOKlAJXX4a/P25r2P3vJ7g4Cubv0VDPnjIW7RuK07IQsamU5WJSzfUT3MXySVkfb9f4cDljs/BqsN7jWm6Yb5N/WFXPUfDHxdn8OZl5dCKs2VTU+vt+lBHasafKrhZi2f+Vdldv0VZGmuQ4HM5D0KZYrfT2Mg5qD6wyh1be3X1Y6AZZLAK63LnT8Z+EZw794IK82o9QfCVLRY6ME7xQ9yjiLo7LM/AR/xjw4aC1yX18oZXzH0AK1tcHohZCTMqn7+OFsnnfVA9VuTXd3/d9NV9wCzHwYGyruCDhYmeLSIZ3pLi2bdzP7Yc8OI5da2HhJw3vAGdnWxF83vZbGjf6gSoRXbfwoVzz9SHQ8z04lPZr2byB3YoznOuDBYfkHXTPNY1YD/+cK5YCUonZoQT6AysGQLuVTfvzoI+lt3twEiPaQmy+FXFW//TqgrIihkMoeBqspswU+mRlinXOKxBJ/eVClkREMdNB6u0+W2zZwN1e3Rh43fjtnioL1m+GNKxdxdY3JBYDRPIZMzWN+z36pMKuTvxgg99r3Thcpx61cSeJd9nF0p7BvmcqEV5g7+cTBy/1z9A0oSNyQPn382QgnqYHW/7Ja/zvBwLGJwZPLmHvvBDso6v7TXlHwfAMefULYB6wKa7hzTb6/fi/+7n0/ars00us93Lz1C6w/d+zRdPjPHgqCW4JSWWplXM7db0HPTDrUVg1fbTWjinQBZbcR9C94M4it6Sm2pJ8sy2BbSl/9qkJ6/h9ts1kqG/l79iv0m9/rHz60s71JIXkWXZfg1lNcjY+sHqH6JnStjmVQ7lN015goG6gzh/2nny8OSytv3QbOazDZn1FKzsrRp0dQSF1BnWm1jJqfMjRYtSwJTUXFnpsyaXDJztFQ0bTItdcwFAZFWyTcFzBIT0dQUFMVwQ0H0exoPZO/7++N7zfX743tdL/1l5+b5nM/yPPdzP8851xnBaeUE1XtGI1ABllhU9Lmx34XqgilrzjZYEsR9difaYIrjnsZDceXVQR66nDvW9q1mfIwR2i0jICjhkvez2H12JTbvF/GlVDGvlxEmApxswm8tgVlGuUp+fbXbm3nDiuUVYOaAwp/j7WkcvFUllULsVonIYfPY4LbUfKPYFq9/NaQyorLKlhbrr/XNgpOX4rDRcNH7TKioDR148H7tGMXrgXxcatfFq09m3CczV+aHHjCU/IEltQXXpSy9hyo3u1DdlRkbZ+1AOX7k2OvJW7WxPX5ltNX8vuYOTChYnFZpK7xJC+Q2BUeqnXOaXbiCe4Hrs79VUOw/obXP1Iklyeyf9IGc4Tx7k0gAPnwbNJ5tXRJoyvG54PgO89hJkMMsLEn7K+MpM0Llyy0X/fpj8qa+YvR/tgbTjwMDp0XBAeIpn7So6OlHRZ8aMuRZ9VY1rWJtz63gOaUoyaZpUU5JSUclLC3NPFeecFjS1TVZAPha7GQ0KeLOZvqf1s40cfyzob9+rWn0E2LWzd7l8K+KCWXfeJRJhVCigxcVF6N4g8X1mtDRiY3TENK12V/Y3FH+Mhd5XF584ZZjNES+l3II3NhGxULC9aG4P57y+azhqIEjBkPoDZkLzM2IJDHvl7D1SytjhOsx0wEbAuDmhiUtxmR7NCli1d7WjB1CtyU5Iz92p2fSEwcKe0SHhX4jza2FlFPdGGnGt7NLNP1RwQWwMnXcarhjjM6Q1SeMf24XZqb2Q3w4sPrmktzdzFVVZ59ifCIzTgV4/mlYP3iDO2Fjs6d2udNeuUFTc0Fvs5WuE+slo/SZDekQ8fUrdA9t1zvDBd2/d/t5X4yvWwRvT1IuWUPhlLRSCIU7bnMIqH9La4xIx1ePdFW/+PgqFmJnwmoyvpL4WxgWoWnvxD/8JhiavIWRKXbw7sE+C992QFQHoUTZmx2HgLXxYWVq8t9CIB4MLPuO6a/7W3d8PLUgMKW3TWPyPhTHQTIK15k7rCMwNd6ie7J60dgDfeH24t9Tt8xjj+UpeCDTROHa7SEQw9v+e56g1QQBlz4uTOMm47WhuMpnpcbDjdDRRmBaz3pX9fTQSvmLei9Byw2VeUpb4TpaC9i3NX2rI7YRsPkf03mi8wb1JjYlXExuZtRFr9p37x6+uoo+YtAYdL925QYjXSfOjhdT3YuEqMZkS1Lsy9b+awEXLQmJsn85U/Kz/nPvogLXPW9wvfI67J4oxjOuh0QOCFxfPeng3m5wOzgwsa7E8mZxvu8tT91jC94mZAunNIUFMBS9MBZ3+LjmAPaKNHL4hfgkqXVxDiNiAKsNMuw6hbPdidv8hr/qljG4u8rUbQwkEM1/J5LVD16/1vX11RVTqvCiX0EiOPS/jtEncZBwEldu+GEUNF2vZANI/sFZ4wFwb1FKHhv8/8ljn9YSouddDA+hZs1e3weyQCi0fOvZX11cZvR76C3gWP/0HoBDFQqFJGCfBt+1v0h++NA14OPUlBvMsrY6rKykOwNwD5hzVXWkhQSTUU198fEvsfvR+KSHb89zH/Je2kQPrwi4R2utqHWp1fD0hJ/QSwJHn6cc/d6DiDL1RGNdXdbIPsz17qjMIxkfrB2OfLBe43s92dW1xISOWeBdOe5ffdvAGvXw4e3uicnJMnwTMyHXrlCEnfq4oXXC01k3EmmWw/v53ruUbpDBPZQLysCFTa4L4sffNKU3QOy4grqNZNH1toZj9AZYxRNipg8gTV9hJdvzPp5LDnqa0nQYlZul90PQYUtbG90bmui9tfq7wJOKVQbrEVEMvJcZHNEruLR0Tx05YfRHCALLauth8tYHcQr1t/kuNuQF3atL3sHY08iLeneg/JS4puFYxgA8CgvtzgRdQWu5IuCK5rPdpIlQHG85WeaHde2NJ3Jlrcs4/sLeBm8IQvQIruvEv9l/+WdX86GGNq9cWraQbKq7LO2cuVY5uJ1mShWQp8EexBdFc3bVjY1a/EAcSGVAwgNJvWNQnIFncYrQdfANpvDcHepp2Qe1WtrD/9ysX6y6xk00PwBH7rWYl1rjrR0J5JrEPjWBiHswjkvfcUV0ZeuQdZZpZc9LPy49jEc+lEU9UO58+vh2NiBObFwV1Ga9X0nPfQ0ZUb/QJ03as7MdXyfaju9DYX8DcgCfgad/wmxNRT+GL7FvMWKII5uY/0pFYllw4AT0NQXjf6JcTvIrFA5qrJiiR3DwWP/AwDr9jim9khZzsmbOCHcgSfg9T9TYTRrDW78Iel5r7EXjoYLDbJGis7xEHyEctc60IOMIp4kqxjyd9JkSK6Jxxf9tVbH6JiPJyPEJddyjSlLkuOGr8u3JkJogrix14Hk1mh4b0SF1GT7x94MhJ8W+x+ZHa0rM/r1a+99fHQVmLxkdGMitMTM/8VavVEuQeHlkxDdsvwwfIK6Wcw99VwJ4CRChtd2Y+Z0FkFYaeEQ64PKvGeYAx7z3fiZiFEgaE4WGF4y4T4t/qn9Mjn50Cse8CITlFRpAIo1BizMOPozNX3dSIjIHgw3kh4trCImS9xtIsORdvkK4CTPsYifXgpCIuOvdca6zYGGL4pYms/qUoD8Akfc21NDI1ZE/H+gRpHMf0m7H61oRsNrNi8MDFwhaj2oidz8RGc6OzgbPpQyKq3nsnhiVU4ZPvMQB4o5BhlAyCplW0Rvg30GpoeCGrwfndHKBYFPIJdHNnjF7Jwa6DWqn3U9eefn/Nf2/rAlYo5FXwOqtT5Ii3J8LsJp8g0woTnJ0PruUhMv6Cb9JLWQI3C5n0OMwEMM/A0n6OJ+Gbh0mIN9a0ZYErPfpwlVO/L9Czs9ddS9o6UBIfGyLWmnBfyry3pphiqw3HntXk4C4N/JOa3qi87yZw6UBz1MfeY0hJH9qQrHr763UiIUrr3dsl9U0WloiWcbkKxfaRvaZDEw6+S0w0g/m5G+35X7czXBesueJbZBnMeLPyPgAGSbZKy1GP/kDv3XJ9MYwY97MUSdFrIvAx6QtjvXzggI7hMX3acD+c5tb9GRVELuHXenb+vu5ByuOPLIt660qsJhKuDTYcWeVbzf1ogjvM5xbwAv0zEXERbZ2+zeONYktahk3E5fkcAtNjGQ+y2uGxYsUEoWxXhF6Sf0mDV5FERlFabpqAnxMU0K2f+HWCq8zgcb94bphLm6moWcu3qtfLmv+xtRX39xOAhk5H0/fTTIMJnI12Az5vBRHoQ3/Trm7YgUODooYjt4uivUkLSo+hRun/iyo/YDPXntBJIKPN9yeqv2j1uKovs5I+SWM07wa3nfCnn64GDMKcMoja9i+xB9hHB3ngPi696en0zFtlbauR6wE4fcyMMO55Ht3NPnPB6KvH2d57s6C4nR9SLDJtsf1zLiVug0nCqe32+IDX/fbBem8scUAFR9xS3536O2MY4rJJSqpL8kk1JyZG1qf/Fnc6lj7tUZqy9ERjti1md9jrKuS31TGoMv0U8qhbit8rXhXdh/jOjQz8W3V5LOMgFQxt3jT6lBL7N5h27eYJOolW+7wbmH0G00oLtOGBA3iQe3UBZX3Il2MLtjrHfBb0I2qzSJ2P008UBQB51/GVOqd4ErwWPKfoVhLZW9E8oOCP4yCY7Gjj8jOF0nqoz7vDQrQmSvqBnzG79jDkOMvStVxx8hih82d0houlHKARF1ZO2xTkuFhQ9J4e6hAmC42a50Q4+tDPuUCmjXV3okDsSsbht98bkkQMb3I6rjDeg/9rN46A+H76AHD8H6SzB6MsnplBt3rdSICyFMisvczAgRybJ3zrh9+EbdpsEuvB/G2261oAYLUg2/RKU8Han3GiA+EV7RpU7t7MNL66fKDSaGlvbljIacjesWk9M03vZODoLhQmRfEsEHqA8myD0qy39mxnYDqQChbOsriRtrYosVBEKkQaX//u7ExrsGN3f5ALu86+4HqQGD2w5bWEpt4ls3z2GLMwTc1gyFF2HwOJHzLX1wS+W2x0PC5wI77bLfwqXRwwmOXj+fQxsJRMsQu5APTN7AJYifxZ8p+Z9tq8+GwEDKzmYyCnX1g78MgpSwnK1S/wSEFVeMGruiXBOR17FhnixC1IVc7cXptSBaJbGv3loWo7kOjDNs1Iru4l+sHOzbeNc3286n4uWdPjMHI2yd2dq2rJmoZdPlgDP8ymVj1k3UNuVIU6N3ppflBCmNr1EwGYCvFubybw5NbZnSCj4Y1hm/jX+O7+a+Ne4m8jbRJQk4HMOU9fHF1bLV4YpNo+8ym4VoNRd/A4UsqyFtpKNkUvQY6mn8EdrJ4x3iVt1j9fYJs7dCuxFn2SAfdXORA0CEuygFo2gvscSh0fhnErsavZNwk0RNVc9VY7GcUSs23+NDff3R1PMxN2gxwMBkTEpGV7aifXanHoynOywnMrLCFOcbnsIy8k1gjY27CLdtuXiuMZLzjSmJDvAZ7YmsbFaxVwPkc/86Jc2cS0C441qC3Vg5wr8EdK51Ip3YA0+siXRwCl2gD0vZRiOGZET0nfiVb7MdIUxcAxcUzlykdxSIUR2UAMBuj1Y7UnWzDCGEOcgXEpqcQypJlxHWE8dCNszvQDJZiURAaF9FgmDWSWhpY3ji2D/aY+WmM4/gyAxg7DCj/AdEApH7d2R8zwGCQeZik3way5Rb4S//OdtBjESBI+rsrIApBohdHBY/tx//e8YwGKpAIsAeApaoDeX87KaamCm82dwy54gZxt08uQsqVK7uQrNBMmnOvgkpqYpmTY/TUxNDSOlCoiFxA0RUB5khz6HZl8am4pqvUX/bKakvauHN4Qty9AM8BtErNWP7Hr2qbCS+I/GLlzaj00EHgbDxi9k9fB7lptnFV/untl6Wc/WdXRz9GXwcKoM+1UHDYZC6NXhMd4cppHSRWngeETvZwx6m26Y8T4xu76sr16y7x+ayuDxkwGdX9uMMM/E0742mAxVhY7+lWr7e+q0vGwZdXqjYoMo+OU3azv7i3YRrQtrn8q9ihbYTEs5Jb6oJ4Op/yEb8KGC/3MFaywl/ncZ+xpbh6f/X5lL3UNofajInbgZGP7soznndxx03KBsZrdN597ZyfM7VDUce61vfxRHPzE/AHEErz8xQobvTFe8RQCLJsG3YoqKOHC89tQ9lR+eP+vEZywnmjEYtKScB+jyMG9XAKdj+vBoFN8pud7E+KdmA5RArsSYsa+TohrwBTsi/QWE20B3CvPP/EktymBOjPgrMQQ+Mk7o0J4wXsAM33CMagb56nt/jO96H2doyd51Je3G8VR1suYHllohcjUGcCj4vaeTWGrje7wd3HLPzqThey0KJqLiLhF9i4bSIe9iOw3kCujZ4Rlz4jNioRpo9jlpxLOzfis6c61TDH2Li4ozLJbRtyPjtsG+XTxsKyqdWhHKZXJhViB/NP/MY7OeAv7Kos+gEYppwDbti4gtrdIVG59N1n2YAAs/RMdNWhkJ8Gvajg/VFbyg3A/CYkbJ3P/nk1I2p35N+ryQ8otDYpG7ZIR610CrW/yP9efDbQu8+iEkyUe5VVP3T0vFwHkJjoVH19x9AzQfJNqwTdaoLYhD+QwHE32/pvNe4180ykYktKvYq5P5IuTfqcdu3DWwbb863X9D6KOABIuG9GVmAuYkcMPLD8dCn3jDWiVzH7NXN8yRPixX1f72N8O2GJDZW/EcdXE0zo2frj3sUQIHbEg7x82+Gu4rjioqCtz9Dv4Rwjkqm2ax0M41Of7V+7Ifj1g87gKZ/Q4Vtfty6jIIZHz0Xx7ntmXrexegF/UORbPFCd/2k7inTQGh29SgubcVHuBSR5kXOb3G7ldj5hqm64BJbSJrjH3Tz9e6DTajrXcYg7Y9js+Cxcc7k2/3FQSm9VXo9jUZ1hmq71ycSZ5JCm3iDR6oEJxxaxO4ZI0Qcr3Cqt2aVtA8TErURy44WirY6HIbxaH8Rko5qgqqmtrNJLMh6axR1t3y6LfgUtj9g7y0NbwJkvUBO0PZ/wrqVSeU1k2vkhc7gh7AUtCs8j+jjA7J2uE3gg/X9+QP5kxpcvCuC+erxtccQPNO1etXDt/WehPPIfH24V5DqfOWiZXHYlp63UwCpb3eDDaNaK3c4hr7tMEUsX3j0e88jjaMho1+dXmpAL2Igdw2+fUHnBUUWsXjSHhngXEBO+jo8qLhtzDp+RXntfbttpgJKNptYfrC/zTftXWYVu7yLZb0jTtxk/S17CK0c8j3SktJOnxweYS4fqBAjODcoQMunB6+Eapntx7PkG2ZOVE31FUf4czQcIGXFqWkbnu40i6bW41nUnvcG8QI+fXRfejoAK4rZu1xzrG62U9EEolShUdF9zJQdX6SEUordK1mYtkdx3b5JJvoFNDkub5B60nYaW5wNJr8qGgc1z+CggVhSUhOhQ1hb3oAR25FB8ui4yC16BK3JLEZEnar6LIkXwUUHhwnAo7a+6p5yfZPD8nM9tNzCSR8ASLa0BgrDSQqa1pRhJmOg2OCVQtD2sjEUpYDaZRm4hEGMTCdQe3sfGkc3mWkgkC4JIa02jTRbFST7eDd4kiIOOrrLgdAQLTQIcKMG0+Ib3Z1lEqBT3rZmadQgoE6bBlNEEiD16xoeJUzwP++owCG3+U/NFyIhF/YeMPPkD56pYcCsn5FG47vhxPM9X0DN9jbMwxxc70PALW7i+Wb4cqg86xD7T2cRIXJhjP5MlqEzpKQhE3/Xd0T401Px9LlUaddzWSCsHfYjxlDZcCgm37Gi/i8RvJ7Rndt7uPG9UwYzgvfz04oW2U8k3gV57Btne2WtLoKMX7oSQh56sb0T8kf1NDh8L13GSOGSgtb/cFCx1KoEiPJR3VBRp3TnwiE53bGuPHhrGv+m8Fk4VD0ZTHJqgrEl7oui3sPETLPZT8ZYSRgjP3oPvmshcK5/6hGNa0auKB06cKPET1fc+a4ZQgvjBhLIY1lqvuEfPM7k7+FPdSTPEFncSeslQ6oyUE9NsaukaKL2SeWoeXFJ0gshQE33ffaKwo5yUpRdhNT52wmVGmL45U7eA2C3NPTyvw9wHEz4NF8zSzxpQCNhUdxqUZ9TdbaiWhTNDpPw81unTHWPC7aP56gL+ggZfPSf/I2OrhsPDgo3OupyYGrDWvuz/LBRsaU7PIfwBNcHttvCRSrhvOh/+xre2w+qyu8i5wcjhxQ5CcZRJuLX6rI0IdC2YZk5EZWtw7gnoqCPWKjVw17w289pV08V+UZhBNlnHIWYa7dcn6uO3hD0NX9HTTrcek7rb5rdWJ2gvy66Kd41ayt9LDSQui8zSCtfKiTjnb59aAYqLM6BLdeY1xE5Z+BKWhOvI5Lx8pGtSgwTuHGr6eiy4d/mQuv05kUPVuJt+l8NfIQ92+vEdjg510FvsWbte+wNiUgN32Uv3fVqrekmngVYO//7YDTA0ZCaKAk9NcG9lDsePfAhCw95Zg2/4DZbPyyxM6dIeHDOPWCr08/02ODmqIeMbIgw6KiMuAsuAR3OSFop1+sePxMqwwdQTq5z87+90WO7E6Wh96yjvheL6rvfdIu8lLQkDnFHXc+d0Ksd89sbRiDmJg1cmiAxLSDU3p1dvJIh6Dv/qj63JIkIp3l3ugrp80zUOFsvH0PS4YK2oU4a+koqGhj54eHFZDfMRi1YGUg1jzoQSWad7fxUhOSxDWTHazo3oRyaNB7q+FRqw5MHunWO/lPmaG2jdj+mJaEkdWeXnTxkMvjJAGVg5IMuYdgOl5BeXaC3bBkb5sjm9K2JsKShi9ZR6Bz62JR6Uoi+U2bezwPfUAOisV76oVoSmgiwtwHPugI6+fPky26iOYVABmJBDwdadAYifAjyOCbbwbMAa55KyhWf7ZRR/ozpgoAV/j9IXWjfzlWSlQ6TdBzfILPYOuulFSL2GHa1nDwF0hmcurGctYAmj7DHqEMN1asFO3ek5gvU/NubC5xLEPNvBC+NAey6X3/1DIqNmZPjTapo9vaKKYnki6TkyHicMr/r0LbRc8tOsETwbXJOl+mh0jKSv6V1DA8kNoBc1Qd896knAmRwrgxGe+E2AP0csBd3XCgw/UzVBItF3hSBPA/AD5dSflKxV8mdJcU1zoLyohycK/yNpPtvlAGtXY1lFUlHe6vlsufYYmSY3g3/npG8Pyhmwi/bpHES+7UwNTR5tRxClZu1nPWJF3Wwd6e3lZmIA2qJdPL3q77ZYC22tQgfN3nEJEsg1GiNBaoLmFIRk7VJ+XLtBu+ZIn/Yi5O4ntWCZZwM2quGGTqF5kREyeR0k/H6QaL50EjpqLiR+bksqvAOs+59oQ3F7WbyNjiuB0JLiBFPbCCI45fDj1e30ozHoM1nvFwPlrzeoPzLXKIgcl1+XgQytQ5QERQFM9FDXj//wYQmtuqNjrLTCw/zgJl7fyK53IxXWRXSboMP0o/hW3fswRMpCPIoejZQGSxd6Z8f8tHdpgYwN8xml5zTsBzcHBe7+c0bmpfHOB6avj62nT5alhzE4JeaLIo0exrFiBqi8sfqb7ZoZ0rCgzX6HllZO348HqWNK6VjTEW8NWzfd7JhyezSSWDJi4DhyGQbrCKEKX5Ry9G1cUXk2dh+JflFZZhT/X+RRJf4lYJU8pxSoJu5GvozKPVl8yGsfh6g9PZ5P/BAdAzuBdokZRADTQLdV17KTNNgZsPFTO0AfbjeaQz1e8zyRnaWTRMBPxq36eXYBoiy0C+Jp9NWUJQwN9o7fdTXYQgfwjI2/aGrcm8XssoJQ7tDQ2fmCONn62g7lyxfKx9SaOSyh20F29fkwYR/Avpzbd2GyFwlRWnfQBO2djjpOJY1B8kMrFXy/ck7dRPUt7ejArOsFoskQFiqAy9o6jPzuWgla83WbvSNIQEx9712yeSiZ+QwQVdh9SeE6876m9dkcPjLE5HsdS136vKk4W2a8P3pELwrgRdYdNdbmVrcgWrbXbtYlD3qtBtvqU3Cg8BDLK7viV5H+42Kw6h5KV0YmTpJnpTVoK8mbuYC7riS0D/VfwhAVHZPyFa9dA6ekeZYgGpP3IdDZbi7ZwIIqHoeISrIOsTi2hTr95c9c4JpDd0EO/14ZfIjs4mxqMCB37M6JUgExm1+flnaC4l9DdxxtRj2gVxQcEFwjarDxSl6KVkjO0/MFCQ0DTG0nyVqJJM6dfi1fdoNo4I7//cusfUH21J3HBobG9OeQ1QXE3rCsjRR1AardgOuySxMpVlL51DZwVm0QCpUv5XrYE0TfEDm8/ge3h8ik5sBsP6abJsK/fC6nVV8Fu9Pz2YijQTGUQNTrXikO4pUtkz3v6Ul7HybtJc6jSAYyKaHCTe6QhC9zi1OEFmt9OmLraKRJgA6xy00PlGh4LfBn+WoC4oLw0wLisNvclaWCK8te9Jn3mKMsKq/i07dfePEh2AeJS/rcT/mPswKSJ75febOrIIlOL8kxNzObntrn0PsAMGHRDvwb5R2AaF1kgqf9gzJpgRnn1b8/u7r6zy8s0dXVpUPXf/oqac3+O/3V6416c1+EXPPVK5NX16rMVGYqM5WZykxlpjJTmanMVGYqM5WZykxl9n/VbJpRbHjj8x8LpTMUw19FyyAty+YOqjXnqyIqSAWpIBWkglSQClJBKkgFqSAVpIJUkApSQSpIBf0XQle97Nd8hpaNzgTbq/HWPrny1Xe1Fs79WJYKUkEqSAWpIBWkglSQClJBKkgFqSAVpIJUkApSQf990E/UEKfPH5lYI5gRhsyj7LSeN/dz8zsJcz9ar4JUkApSQSpIBakgFaSCVNB/OaSm92qJsct+g7rP/3PefXhX8Y8nf/sfUEsHCL4/V1ZM5wAAc1YBAFBLAwQUAAgICACwQ0xSAAAAAAAAAAAAAAAAFQAAAFBBQ0VSX1JlcG9ydExpbmswLnBuZ+y6Z1RT2R4HCjjoFRScsaDSrjqKgoCI9BLUUUQEVKQTIiIgNZTQIcFRZBQpihCkBQtGOkjvM4CElgRBaoAIISQBkkAChJCQvIN67/W+NXett9778tZ673wA5Mg5e//3/9f2zuPrlqa7JQ5LiIiI7Da78ttNERFp4Md/BPxDDPimOOF8XEQkVsTst/O3wscXJ3e+cHbP0RE45eBUjvz56+/xFtE2nTd+O3TDlss+SvrnrrqnsU8vY5An35wmPf0U6CwC+bUr6IXfvtdSe1KOF6f+1u4R+4+ze+59gP0ysFN+wCz1pwtKFv+EPSyfFd4CYdvJU/PzUr8eyow2pvjk9NCd8ODCm0q50exjPEZrGe9T8khO4HhDJb5grokdyeqFtMjtRRyCw8atiqIebQrJhIWWCH7DM0yprMadyVcoh7COI+qLUX/2pBiFQvZ9aC9VHTPwZNS1f1at2bSuwb7wfnTN8tC47qlfi67Jnekulfn5b64xuZtefYe3261NIlDJjEpispWe30T1Xqe5ajxkYzH7Uo7muK0VZP2atY+nsavblXDWF35aoHnk2cYYiyt8r3DX8F9qOxK1kBKgJwTS0WkN450EJwXEEcNOo0qoAsRPE8EhjuzP7K/YlaPg1mbFlqf+fCxSv/9IxbZmjimFUcF7LR+WcfgXn/6KbZODUbhOSm//0FtV2mOxqj/+5uoS3lZOdDhOYKlPtQiF3A6OkPiylsi+be5jCn05yQqP/GVvLv6egwaCVnlk2ZRmthnyDu9tlTCLzJxsOVG6R7HS/o5ChG91P1+dWDr3WbFp5Y2iXQIOvVmF5sjlZgc64t3WadKt7KAJzSbl2fduhRfzhHN7wUcUpyiPdXfo78+LmjOhyOKPDN1ZXrdDvEz+H4PM+qeT4COByG4lRn2WMeWvsYreYcG6wJjiTuG4sztAdpLYeoxuq57xAZcohDnGqDJ9MyzYKbwpytEnPDqA8bxc49fidIl+o+M0BtIzHv5u/LbaSB5iPQdJsqem3HqcZNWWvjSoq69/IO/iwB5qyuf7SWby1Pk91HNzekN5bjcPNeCP9GfVKdMrVY7+zZUVGDq1nKNIYJI8k4wXWnhZSPWFkIfsp+n7lzXeRgTaLaq0OkLg/Dg7RchLjmHI+O8pBGb0vYHZOeLk6vXwX1DxmHKjxTNv/EKUb2KGCvfmcYxuk4nRrxf68bdk+yD8id6KXfJZ/V+/cDGjKVKPxanliNMm8UiKZL/B4jgrUwoWtsodkoL5GiLjTTCq9RJB4WarNu3+O8ci1zuWRs/MdgqSktSYw/iTJgl/V98OqZXGqc2KTWPj+R3oTX8Wau70fHbryhhNEkU7tDZhNBJxeYG1g1K2K9k1CmgM9kzpvJSfijVNby3Ds6oEDhS4EV0toP11yhoN0Y9Zq51T1fVdnjGSUYczfzfl5GgvWNdaGNOeFKk33J3Ajlg2KA3neVYV3/OmP700n7uzP2qx5R5xmy08HKU0cJJ6bof+7vuWe/Mu4nTpQ/PB4UFTEQs4Y3SDxuLe4MURuzi5mJXXKe2gzStdQi4hfVO6LowZo/iU2ys9afPmr2zohTDp+woAQJu8Z3UUjNnF4iNW4dEDb/Nrp4YiCHSVdrZGqz+I+4KLiZ5mhLVS3hWf9ectNlwIqw8kgBbX7MIePnRbBbkKD2vdU3T4O3A/W9zg8JkcOH2U5N9CTg5W8I96G+KFvz2XjiF9phwq6S3SIqdjBt/PLR3k9RvZ0IaTTBUaP5A/QVSZ6zPW+MWVGXOHroaQtAvpRmMBg0wQpxLCn3seqCNklMYzXlafLk0dHxqTaqzpuI8VUr4cT1CMKijyAWOb6tbIKWk+hckcnU29A3llshzndTJbvUyym7nnF8jqXUrvEdexj70jWJ+FzNbbfl0r8SgDyu9xiRdLi4269GRBVYEDIDnN1Y0F1D1vhkRZJKx7XFxlWHUh/IjhzoWHSsvcxZpqjnZIEjeER5QP9LRX1XrVThKn1Ma9eYgss2PUoUl/blOSxnc+yg+ikNqV/w4GN7E7QOW81hgmJmwikLiYjlH0Aut73vBcPI7Rw8bdwBaIyHuC4iFqzPU7p43iMWuXnCyyVgtAU5xlLlvojQ12ohj048uwpY000ht8w3rmArR1ExcP0A3T61ZtiZSkhwHjTEg82OnCHVF9m5ek1KU9e51wy2aj9NGyso15pO1HMdj4EbqzplVrE6NbptChfo7sg6lt8ctK+PCotzCCLkcFmoXzvCLhHYg/sVjjzdS7u8zynmG7y6t3KAVGrXa/thmcK5FSpzmUny117UqkOJeXL7UZ71UZR20uajm4heR473YUdfztb65fkbV+3FYBq5kpu/pgkFFHaqFVjpOaKLokvaToJHnqqF1u5XtNw0eqBUc2qQMIcG3ph7n6EmgTrYuJCmVJw8M3qJVqAlo9MPLOsjn0+XiKK+oGaH2DRhHMjZtxJj59XgM0YppcYQ5WNcFIrUwp5hgg/hq3t8XZoXqdDqhDONKYa0Yb1Etu8EkFwkBzWi4p+U6E/l1y5vwf1ONWZY2h0QtfVFty3N/IVgZD5GsNF9NvEF+Ona31HAhuaXGGP8/FvOwHJg8n7lCTkOzkYitE5KVeDBeg6r4AfREvr3HC5+B+nPe90GUVpbnUv139gdSrbjUUjPHZudcQYhiC/dlLEli6ZHHqnGmROHUpoxOEOQtbRfupuBk1uE9bjZQUTRi7d3AsDTg8IbMPlcvrhTiHkkZl/RtXnuxMkGG+VBTbnDEfixMuP7uBzg5ehmIwR/o5tbCOI4NG4lTfrFNM3peq9Hr12YVeMHjB0cmuqsowDT+Dcck850XzBEVhgTamAA2c/zr4KvbECgAV8715SMNmxrxs5iNomPNwwAXtdUqgb3B6oiI3Md6apzeMZFtnA3Ia7aPH0C4r8eGBW9K0nkpISmHVjJlt3EDU0qDg19IDUjFUV89zd4996Oke0utPCyR4jnCfPvk7Wp2tJEOaNjVRIO+Zju7Bd/gsDfazl9gSVfY4wH4ZkzUf0JyJmoZMhjEs+pfG3kon9Yj5lzlqLYuZmupNizMadk+bp2sApTg5GxZmVPXlU4ykOBUC2WCQkhVDaPv3tlkxc4cPZw0P7ewf07auGV2zAvChZZi03vbUiTnvDHQ/BeLCYTXItKeKJ9iCA4cmUaAN0x1yS+pHeIyYGRdejGfrpiVofS9SLnJpd4EIGFSxyYf5i8Hsg0drTO8mTtqQGGIr93dY+nszroIpbesUACgTOpvdRCL/erhrV4m1IxrrlENER8ApUWGbQRdD79qXaxhwQDhUGgQNvyka6eI08ioedVaX9/nA2GMH7QbH3lLtypjLl/4OQS6pW6wq4LVufsmNUvDO/KTtNndsq2b6fn89HSazkcYGb9wvdU2s2QxdhfWSpHGQQxSTeBQuO4rASlJ3Cd6kI582RgCaupyKnlo16W2WVm0hMUAlEf4LF0Q3+io56521LZyEXv9dUVPEgZ+HdxZYxm7JBMHjqvbdoNXAUVUmHG+BEvQ9VOnEvhwZXp0Z996r/7bIZ5IJhd/rsFObcKvdG0rc5EUxAjdceJAWfO5IbsTw70GT9dUhH7mU5N16lGxveNBlrelujhXXpoeSLPhEUN6Bduh1kkbpzo3Qk9UcZJ16A98He5+xyqlfyVLahNVyFKuw5dI6UuPVZ6mbTtDKkVxF+eVUTYQM4N5ENhkcueGMmMiExY4jD/BJe/NIR0/J8IOi7ZVm11Ph6XiQPMI1ciIQ3V7Z87ND+87Esfohj1DtKbT139X3bXYMh0jRcSvLMPCc6psb9hqkaGlhc4DqZscTALnfZWaNioKPGe2InDsmXVuzGcCfLTiiQzRqdozx9+aRYqxRzi2YBHV3rtjKIN4DstHjKaRHgVoArLriAfHH+Uc0eYqtAEg/klqEVyF9+AukuJGkSK8l0kB67DDJAyVPBvPaSYk6+KmtOk6uxjPH3VdKmY0z2xAxvG50XzIISxnutojir/7V2CzMa40kKhE3c9tDJ2hLGSW1vI6adqkpj6JtF5WdFM7Cet/sgC7T5/PIj3qlQCstNGkQ8pEGxdSAqJ+/mmcFj1jK86t8BFZ+MIWyMc61kYp0In/JiOEYLwPQb/OvJAw/cnNPu3hHdANoVZuDbLk1Lu+YlcTCLv+JU8XWh1ZeXSUf495Na56Z2T32R8kHpvLfm6bP+BsQOQ33nm1beMbCz+Hu+wNdC7i70VtSLwFznISQsspULJG6L2UwweufAYBMLd3hyMgd3sC8I6Dsl6eiV/XuAqonXF9pFcSXCQYBCWiZ2yC0/w6wXN89JzC4xC/kQBReY6zcqQZfGsUr7yVy7ie0rGFl4Qj2RfZ4Q260K/hK9Vj0yGt6GHe4MfRQczuuNZIT5T9OL2OsD9fKtAKmIZrH5SKLKl+78bjNjfAIZJg8J4neoh/dSLpQM1GoNJbn1u5WvTlhJIgI117rqzzwdhlfwZHL6rf2VEukU+a/UHzLioN+uxg6m+c7uwXj9vfF0w8f+f5mz1XyFDBaaFaP2rU8UFIE0k9UgCLK4dUiYD8Q4n0jNfo3bWpXueMR1+X5nsnqxeKzahO7UeZjo/WkJPJCEE7PMzfq6NFtx6dVfMDdry+Bs770F9mWbG6MZDWJH/3w7JeWHgnEmSwNUkE5eb5IRqYlbgZFbnObtllW0WDIre3iUYSLMhyZn8dWuhEGfhsPoZ+WQubBe34wahEJ5AeKozF9l1pz2QFOvU1rS7qV9dUFXv5dVTT2VnyojRlaXNNSLRlisACG0XS0vYYiaIRY8hA6tZOaPmPyFn6DHqhaQKclK1EEGb9VOlNhDwHfWrfYaZaa1Z4byA9evBlmFctQEGbbnPBo99+yoCGsU2xmHdpt2U3daIzL6tFSB20GVSdFL7wYhuaGcw1qePP9Yfx7WXR4JXtpgVjfq3gZTpouvwj/Bywc/tEmTDjEM9bzJRy74xTJy0HUTKZozrh1pUy/KUp+gMdtFxr6NL0P7EpzLVhQMlQownvdDj5tIpx9WvFANqzncGiBbfoOeQe6kZ2lfx8usWD4xUVlJc8HSZPQ1sFGSeyxwlY5Pputlg05KDQsK1lgJhsWRD1aOb977BnAHkNG7Mfm7m+KVHRcbuU8BMsLfcWqfJ/4W9y/8PSPXVQxWHlFlCqwPrtNb8QeeCYsEINBiRfIdh/XgkczJPqBCOQnqh8d5/876OSPStglvNJydkZRsa61wO+vGVNHJA7qlaPF+2T/IFc7xiX87JuQiNNqeH+IZsy05lAfPWOStW5kUUlIj9aAxEjht2rOZq9JSCog+O+FYcNcGWEof73bmrROeTeMG/NTaT863V20N689VRPeUOfOkExAlkV9YJOPW9k5dWHZBmUHdSi9EL0FoO3hmBwpBCYUMuldhJhypUDohvyNpef2sfANcgi+9flS9F+vbWot/Tc2sdJx17L5o2/NzC/6N8a4hzcBxml1BKQRNAuGEuZej8KnjBsZW5S1aYGw3JG4Latdvf2V9MYscotvxlwCqwA7oZAJds7BThjl1mc+6o3M7E9LLTLoUAgmXRIGCor565TR+wLBqdYNgHP0V5aspQzu9AF2xaILDdI84l62qS6dED9UGE91aQIsqET/h52CNR1irplNG+vLn22Q/RTKZTQSPVY0vfzS06VL+tTpvtP7fh6LFafyuygX8GVzSBt+5lVQD1KM1CuZ+nbwxsyaJyqmor8qyaKjSybnD99FMZhAsTwuMcYyFifkpSyx2n6iVjkKes8o+AzyU3/5+UasmhDyua211wLhK0mExiFEnwtbrhJfctXbV+Lb20DZbPWxH3Vl6g73C6NxE0jkB2qNDrCuLAzoSkQOL5qiLVAjn8+FdfaZAlAb5d/DLNakVeyc/DyuByAMUOx38+xMSg38yytpFHzjPsRgrQ4avRBFNKBPVCIiPh4HshXg/Rkx95Y3VY02aUtt9mjczDrlVWJqjYLx8nCjPjKkaY95u3muiw46f2H4VIkdsR8G4AdzC5Wcpbm1WoqhEdqL6c+I4evdOG9R/RMH8lDRrzJ1D+kbdlKmNU4fRBEDrTBSBkLltYxafKkBv5/Xdp9FQpF2TkQwjxkwyk05fXMXt7sfq/RdWfL1BfLdKNySVnqec+6VrLpEa59VrKU41RRZvJuyR/2M1EspJUX4ocYRQFsUYvoUXfzsOE8RtrHpiS7Fp2CrMxA9TKsvo0QkR+hD4xtzVaVBfFiL8UFh+riRzDMLh1gGvbfQkG9cej1XSX7klC+kYoYbrX4G0njqBRSo8Kw4tU3Hnn/2NCJiA//gj64TJ00owklHgeLtF60vbsbU8+Mb1hHQ/Xk/+irt9sW6QSkid60VG1HnN/ZcKb1KfSunFp/H3OjX9DAeOPdG9W4ooUcvQd9NNDJ04XjBphyLzRa24hG00Z8hBq6fT1H4izKt9UBg1yGyMMTJ1f4tQvSsxt8D53Ze2dq+4vxEZWQy+zvNEgmCaWBJ3Fa53TikdUjdUu9S9KJWCcGXk1Ur3cjPUJ+Qr5ndimrjz3+hmGEmgMIDlBa/y7jR0VkhiAzk0pBQwngdPFtEPqHXzjkkjJQHVklLPnfXdK0PnhRCsSvqJkGsH1m6vVIh4RoDBB+SZGamZ46/xQQN6pNllaYUpG6p3rTr9EOB0SKqsgZaQhKNq+0KBTAh2RtH+/zeMp+ybofjPnr9R9f20ybIj+r5Uy3Fd5ROwF/lP8NPm2XuyhH+Iql+zdQMksFN6z1+aWyXk7NW0dpRWcAUrx+YrxQBB5+Dh5/2TV6IHzlw+bcEqDbR94OXRD8XccVWsNeRv9YrLDhthBeChtdzbCtFctIEjZd/jEasA72mnDFmulmtqtOn+mgH0+LztX0+yW/yPLVrtbWwu19qx0yt1MsPaQf3PhnOFwqA2JPay7mXu/mXsAWBQazPA06P//6TJ5gP+Nfsc/XcNQPFBs/hD+WEB8HIa8BKFBsDJLr3F/ih5+5pjwPFYKdN0EeDWnTkDPqNrFzsw+jrw/RH2Rp3l8ZMFdnxdRcLddGdwcom6ESvOCem4znACnx4tLfQhvSoF0jWlndwyOfq6+T1zvONHmnJOnePRUr0x80Hq1tQ6ZULuPrbrs6qarKKgz3czBBjCG9u95YjCAqyGgOi8VSxODVI8Wirkep+gmbBZeuDWqqAlEv003xKatWLRh+f4iMHBxE3jFRz9QfJeoNk72p4xlEkPnZXnRgMW9ZfDp+Xz/RmZmF1snw/iMG4iti1NaWqFfEMIcWPq3jqv2yYb80YF8w0phSjVO9BBiqi3RdN4jEA9cDNF4rHkm0pJjpb5vZ814oDXZMypU0WmJfVbbzWhAuaoTGcDiBCac2/CFZTCP6opcMfKUF4tyzcT+c5FeZTdFl6a7lZjgbtbr4XPMdSuifp04+/O3gA3TgvWqY2NITNxy3dne/Ln9YwlHa6w8gSzI76ONZOzNcBdQ7sk+kENdz1O0x3zljJtvIFYVjLJWGq4zQ6Cr9dPsvGEndYXX9OMgzvs3CVPnvrQcsXJAlQjw89R4BK6qbVA7RvlD8bjluusFXTbS05M1k/EY5DvnK7HE1um6+ihdfpWgGl1oZXnACZqWxqBdf3O7eKgNWuobXazSXAF39+ttspNglyvqAbKai/BIXYytaI5EDeBoh9OKQtPilxiCpOvXW8T7gg5X6e6Ht0S7v/c50Vudm9JdiU2qrS+WgP7oekFC7d6hHmo1+y0UBD1RmJjRZelnDlywul3FEEYF0xev12LhFL7xWzQ6egnWCj6dIoRUdDIKeZ+5iGzAYTepaaCqo1714mzNdpGOLvuIXfI71NKT7rD9gfzbvr1GmCvA7gdR7tEnbYthsrVNLLH7SnZ7xyUphMka+/FHoHaOPDgYv68aqAF21mT5luFfpupELw8uiOdu+hwsAw0Q1mUl2wpbmdKz+4a7/dJBgw79Gi+jpp9Tg56mMgmIMD4E7OqsK6258KU7zHIj8VBjw/Mh0R/ZTLssMdzo7xvq59tvfy1q5WyL489zcnVh3vRJ0QHA9s4d0UePGLZtqIJiPcrMVyzwk9oc7Y0aOyb0TAAscFeq+yMC5dWJpAsE480WJY7KBmwllj6ld5a7P1kVn/lD1TwUUK57rxbjiE5KpDbBK+F4DFZHn2hQjH6MrHvm/FYNNOaomvrRAXeoXtk3VGAHVonIZDyJBfWldm1lagsGbJH1cFOhQdjk8GgwRhVkY8iruKvvXuyP8wOuH3j1sBRLsWl8HtiuHoWDULH2nh/Zr9weSPyA/r4WsRmCTjhZkipYkQU2vCA7ZdTVXoCiyPMPJWKfDwytOaIQf4CxauvYzoiffhjAtZRhzdGGq6qTTOOM1Gqkc5/qESc3K1l8eIudOlxtRXk4XdrT4+cWY+Q/0parJGWyo8STP3ohpAF3Ticm6K36MY3bsLfmsSY96jGFLqumHxWEriH+LUbdLZE58n9vMGuct9OlOGBovORvG3YtVgOT6WsaXXdj3emwcZhLtUMJQ8nxrNWkP0qakQwSwRrjoHlTY6ZbTzUA395+mOmi7Lvg+f6tu5v/Vcvtay4ixIdsawIC7AOq3bdcUJHSOxrd2WUXOUoMd/bNV4wzEBMNEflBGr+z2ujEy4GF+Fd8VwTwL15PNK/rn/GZt4YRPoMPX3LEEERBhpze21drj+m3a4aAMIYrycpQxKMYbvHeabNnEFMAEI+0wo6ENUb6jve/wDCzUdr2QnMQ05npSyxfB5rpZ68Xz0Ce1XF+/s3ng2nC85p37tTR7a0ukMGaeSC+TnhpC0DJUyw/UodE7UMhRDjOasvDvkNxSBT25NYZoAmtqXfSkn8DCsVMTo6wZdBNSaEjOI2pWM4NRL7nA/dhEowS5A05OkCWicc+THOj0nv1X8VwJmaUAOtq5XIO806x5Abm1zZUue2Aq0PqP5N7ld2k7yGd9y8Pw/KYyjIVfc1mjzQFq7oB15L3S5kRg8KM+BdYy8y28jVUUUcfjUP0auxTLyGc5X2lNkJcWpKRF+YARi1uzBDj8no4rzzLJdG9d1m6/W2Nlyw6MXcUcC1UJWA3YjT5n0vjPjlr0chGxHVzgtM3PZq0h+0c2hMudYnDQ1qOjS3b378gbDbsDnINO9yhaRavskJIlRXmOsGzd/VgLJEFs5e57tzuLr3ATuClU/o8Rg82IHAPXZuL2xzanFgNpKOnI0650ImKpPEV5La3nRxnGaBi0/E7Y8IcI1aMme3J39XLpAvfDHCOJ0FkpgIWJoikLm72vHi1CMyPkxUJnD5kRPEnquFnQo97TTp0M16pDhZcC7ptQHz8Vdq2czAkcss/VXrStEYrhaCPYDxVw4bf9eQAhVVQrlqXYS/dMRG2SVvXlujyaDCHQVN6/wmVnMFJDO7/Tq3e36Uhk2yrVLPaGa6D7TnnRwr86WJ/SoLbHQzHJ7wP0dkgSVq/Jx74+P7DTUyT4TngDFHAgJqQuy11QjTMJxyqRQBfjmcTeZ/LGtgBcexDcDRQErd36sa+Tcc5W9CXSKa+2tVB5NnFJLxoDUt7bwbSX7Ew1CUKPnx/KOVXb+PL1y88N5jC3GkWLpy1vUF7/HVTSTu9cgmmAgqKQdZb272vLPk1+ZhSVEZAqGHDaQR/z/a4/js+VxQpgw5t1EBGccmYuAYyU1gMo51ryudOP2kHv1LwDk4zSxZg+k6rl0roVFMPpaxJetDfu1DQS4KRw/iDMkrwQjgrvrshBhIxc5tbBzoHGNRvIyENzSh5MOqarMuFVvyikQbFscY6foZYyMwYH98cftVHAVBROT26UO5SYardXtaEtukwLxPlaVfGA+UvwotvIcPQKk6iBlOVTwXw/tzzJoe6UFEdUtE+E3wq89lnz0kOSPAsvYJi08nDXo51gggso2W6z9lFpvXlWzipFCGwESPmIVzs9p5L9CVzsfCpuKYw8ePWUqv5rTk8exw9yQ1tcm0qUS0B3BUfQqL9SVsZOHjCIZDQ01k6FtsqCrrh15gIHsUwJxMfqQOxSU8A+xqj929fflNhfiOFm8Y0e36TTHVMYwgjnDQlBaxInBH0t6JaeJDTYQAjkpd5M9X61uJKTIjDRXMT5qFaEkHTZhdnLizdEOGKBFk6vUwBNro9nxBIW6VlpulEIDrdVfsqwhvG+/m3qrYMv7RTkuPE3fb1GSU7Gc/UtNn78T96poZNest/JeDujL1Jifj0yxfRjAHf1h/PeOEHi+CFj1J7tOeiWH+Q7rJB9at1p6aYs4nNyJm4ueZY/TqOcqI7oHh8RWtNuNs22kug9bUiMi2t2HHl6acbtajXWOieZE+TeQcpPa1inr/HnZzDUCcyXgxNCBVZ/I7qFnQ8dal5f8asuiYd3jNGlQ7QKv9I9ebal61u9sAgs8Pzov4H8CFWpX7pAfq3Q0LLrAorwTUd2m53UO2Zp94JmO076v0WX79Zk91C4E5MqP8XLes6j1oP48EVFeyH6JHG7OmDMB8ShDVnHCkOTfpRzGlj9/OG51GjJcUUev2NpfADRwG0dnMhATs5VanE5MHsg9p4X1g1e9ya928+cVAp3X5hZu7HmjetMwZlpzuqKgmp22sz/tcbxiJJEvDpSgozvZ/UGSX9dl32c5GeomiuFfZuvamy1yoFEYs2l0gYh8ET5ZrUCw8qSIIfghwgPpfRowI5pzg/HE1Fxfo+g784d0dtVrGB5azXk5TfYquIV2Kb83VGLt2LpZRtoSWr8angUpRaXdB7Q0UqsYNbFtBCL8zTrYzvCelWjkEp7UNB+sZn8QyEso28p7NtUiYO6VkFwYeTZXP+TVgvNJe4zXoHHS353EHI159/wr383UYHIh7DbzBZddO60GTlKHrMJKAH26C+elyvfaqXlB1rYoT0+6FpujyQScnds7S6d+IBgeyGsnLa5pff+UAvuN/Fan7dr0Ft34c5sSRpsNSNIEHAnVumvaKQaE48W1sZCLsko50d7BiyeJkSOvAV83kpKoO0+tCDwBk6vN9lCtrTLcf7bRzw/7EMnHcCunjBdZfDkqUAEs4JtRi9F6Fv5JWtSMpcIAW452yKNzWmFYL9qT9sLBOmpAPzhs0/Wwg/wwPhmRlLylQg7uZQFgB6ASrvi4huD6zWIR1b89kWpdbBQaIzaYUXd4eseTfpeKAJg/HlBoj7EnuCSyClJ9wX6gxTeQ4AYYKIrhhHZlfcj4SgTAZkXJmuMetYbGb/xCrH0oANRUS4Ze9lcSbDuNYcPWbPmzXIBDXDfa8TYLbQm2m7N9xN1ERl3x9MPOxYnpsdHOI3aCdg3rdiu36fWt0yb/CNjF0Nkbpsl+XhHK2k/ddutDrlpa3RTX85OLslhI+cvTDnMmTOZZLb5U0mptjD3+OFVRpUm5RE7lU6++yxUQlqnZ6Ef/Zr58h88on44CiIs9RFlapz6v3jr9cQG+eBWHoOie4vf+9shaQFYn8lp8/NfLAOKBUE3iVY8E/mMFEMD0Eqpzf8uvlrEuZxCuAJkD8of19d+dDNRAsa71lPYrNN4bCq86hoPnfvpwB/caZ/+AoWYSZgcHxtp4d/G1vUzuZM0aMEcBfcfe1sAZuhJqPHpz1QpYwI/L+COuUYDP0P2aKUee+Wjnsv3mUlQ6sWPeRQicshJaCqaVKCMfubR72pQ93tCjRXWXV//srGoMzSVyp8CtcrhC/Z+2kPATtS13i6VzxYD2B+obKU79DLeNPfB3c6VBpio2Qz2TjIsApfIUNunfjcDslRxH9kH9Xhp4Tr0wYErVuw/46TiHWXe5I53ha/WU+OzIjUPTx6eXZWRc9mkLPBa3eBY+Ub1XyTJbbq2VKZijVY5TasokvLzp2ZM1Zw0BzQJUWsowIAiA6+nddhg9dUetshKfUMJ4dOJ6C83K1lPVTgowtZQq2FD2hhz6vExPPw0pkxwTsOWsey57jFHtJPt3I3dj1RTORsPs14YbD6Q5fea+wnHT2k/lAOJ2pB2kocu7NRxwQdkEU/+JRgaWOC15RUNUHxLzv2Yeppw4lqvI61JXa6I+WvDfoJPtcniVbLxczPB7hPAvpGBZCJ9jm8bxsWgpSb0lqEB7cQ3JJGjNPmhkrgk49LW/pBcF00agGqboDgaAnOXlBEw0DdUiwFpbgUgfzNVaSUk8ABZTnx0zReQHdGd7nh1jbqXhV6HZ+hgs28AUSKjFQf1fFq0ffHi2AzHzvDw4e5e8gvXMLlqdkWGy08DRaaQMhBVffkWuk+8tU39WzZApIHcziatPtzbHE3XwUqanrz2wTJ42bW3lvmKiWEVGHAEfECXn7rWre/OsjKv1FMIcMJLLL+aqQ2IEVEX3tGSMGCxEDIYYx/93lP33talm4pnWmUNcZUgzuRUp0owWp/AWkqXBLmLoqC1C41zR3eUKg0Sa2aqXGz69U7U2SbY9desw/+tHevh/MkxjAjvGKLkg955t2OTQPn9IavNNtjxKuWvrrNAHU9v5F14DgGnGyPB+bYXI9VNpqtIRgFt7tNil+mFv/C5jXv8DqO7WIWtoR8Y2qXVkq9HKWysBfURqYxZ5sS01pfy4oRWB1JliBNJ/fVm0gffTI0832crg9jWAToAo3IzxV4rmqnjGMGeLcPW328Rb5RTZm9bwkM83iGPBTDy0GeuS9s2QHyeoFMndkD8l7zIa/okQD4b3yTAEgL5zG/Hggzi93D+TDORzbaQisKM0+0iFs/Uja5V//3GrK8JBax8cumLlrVIFZ2LT/ljZvjdFJdRJY/6IcGUVOhUwaREsY5xLzmwZEgRWH8pOVPh+1Ec0XGYxc6JtukDyiGnRHfzemnYpnLIiXnlHfmFgdcFE+CeA7KCArmolUQU3RqdJab5l+jSHu/1bJxBltKOepC0OLEjyZBgnFrveqv7ViNpVayPFcKhhPfPeHnPy16KOoULKYIr8IasCR7R/XXHDBdKlgkubPY/lfwmV9Hk0WKoh+j8+oTG7WybPOrDedrL+8kc9P/XFlM4LGIoBo6r9GcpgHkBLJP0nKkMiqFrOcJ1SET2REaNfJDcA/mepR8BaAUNqeacRncIA5hCcnTilzGPk+d4NN4t+auY00OnbXxFoXq2Zk8hQWDNkADAt67vPKLij47LPp9+VwtiftItibXT//NBDpcC/yi8aonKHXBym08wG3rTttONEk6tIfbRHR3TWbvwvWDvgP+dS+ZcXPicmOvk3sxunNlehuSnNNYuEQZBCJjgbKm1n3vkgqSTJXgrfnu4LW9zDqUqUVVsYA8lOCjtonwL57CLw7M3d+qUTleG6qAsuDsqLa/On8qVgnMf7pTYyNcv+J6NEVL4oLBrMA9Xx/B0qNvlXubqJoQyzMIJu6LP2tfkX1LY/5xjIW5LYyceJs7kuQaePYhQ/fsLRKs7w6j1Y6l5NJ3Mu4r0+O1DSKgsZ6aA74w5/vzR3895G/RNWJk6Nvq9rmxh1ta/ZJn3QfMAtRzFN5tDZ+k6vpprbm5k0nFcUdmgeNVUk+99b3f++tl/f0VCBFINB6dNwnC88hsY+p71ese9//GdLFwPRyNS0ZJ7vryp/f8B7BQsTFfn35ats1aoh0f+fX/z57o3I7v/8c9fB/7oZ++rHm1kFKAHsanrOAU2vgYkXVRr+ZdzxSwn6rEaj9S+v26S4iuBIL+vR1qXnbb2SGIudZVj1ov/68zenDejl7fAs+KHe/gKGHHxfzcrauLm6Xw8ytz11qZcv4CJR4TPMdisZ1fkrO3oUdf4oWcjEWOynV10SPfyf52gbKOWu8y5I1hc1+mV3qo6cMsHcwMZ191dsk9fppBQsy9mVWsfiVBR1FNSyA/j5Yud+mL7LnfN6ITmpwKg3rGOlQIVjty0J7fpx9/sj4sRW3poFs21omRgsPsU2dvu//ygW25uP1HYf85I2rnuPMw6R6OdG9EW4Cm9ZJ+F9FPKvx+Kk4xn0uuWHpHAv8Xv/edloU0coa0HFBEPDxRzIa2wwNcBIweBudqWyYDZaK1kWOW8lutGjUnbrx3fVvtC5GcuYJwJuoZM/rT31E1UF8l+LAJXn3u9pLtgavYR6Wb2RdhZQrbqVgXdVRlKJlkX7gVR/buO0yVYhrasb8GvBm1JVP5Zgl2FBsXPKZQNkQlfBsHMlaPPLg4SBznJP199g9sp+p/blDXaOQtW2iue3aMWrt9zh+GPtt+fqpumBuvT8zVpPyzwb3DVXymgJWic/kFZ70vqUTqlCuM4G892VryEl+6dNm/eXke6zeJzKzQmn/9NjCtuleH7F5ynmnYEzQXpxw0GnjdBvz8Lswkh6p59DlCweldYHTbyqJR24bAHa7Dxpsu2HNkr6cTpnbv/XzW2P/m/fvLyoQWwW7Mv7D1piLSx+HPTBM/91U/Ti/3/zf93ccHflPemZEjp0Zch6xCla+Lk8r1kEBV1A2PLmk5m7DFD6c/f5nW3qvH1rVpgcXffz0EaylW6unytlVd+/Tnq5kJgX8KaHo3lC7vXc8c/1navN6QL1UbxW+02u+RXFB6sxVhAMJuhBk/zX127749u6/hl5xWikTLCOa0u2lGf/+Xnu+Kaz0jCCTR+tYy0YozLBU/bjOJR3BGXVyF+XvXuoDhvWI4lMZT5DT24sqnDYjhuttxHDpyGX4KRONRPon7Vf2+N23vVvALWXBqDv5p9howBuaultYcgML7I6f/4U57gmOKb0NmeEU1dR27ws0b/KXLrcEA+9i4Xt1FJCxPNab0j2y67Rv1Xo5PcKDV9ESPRbZyHfukDHQb8OvXGDaqn+4tNzquCqE7saXEbfHf9g+JRJ/Gqv+Fi550R9LWlupKy+IqCjyrLlp2ztRzJrtu6lDrGMSPdrIcX+MmraiG3tbutevgeRZflLbSu9O4KZlgLcrN0factTDCuuFNJpjibGFqfyvb3cBO3XW0YFzpeEaIevE2zS+g6E4ni4ZSwuDNnoUtA9J1vFvfROW93MaJzvXSAuizgsY7V/dL33FqpkDGGxSs00+Gzob8i2pyQmoFOvfWREQ3VL93CsRg5ynprucvK2jW+MVDdBVz6hT7cFki7FjXQi0TE9I88RrrrxsEKy5GOQhFI2fN+BsnqP6e3DhkJ9u0wEZxCdv+R6MtsJW1TnfdMc+738wXnf6K9cYbhWRN78T7KCn+uzNqm49GC5S3JRpcsREVdh0G2xgz1amINIq9P+j5VsqX5I2dplqle8fYZU48ekIMG8d64TVJx6LrLeQ0kXNKwPulNvKarv/9RTNgvLFR806oNcamKvSvYXQKac2hsDLsXVGmx+QIlTN+y+LlY5998tkPVOJEfxnzm/hOGs3BnzpqINC9W7xzN0y+vnHn+8CfXdz3GItbQgR7dZsU2vYZSjYoCS2y/wi+b35VmbNczFvW1Pwwdc3J8nib6hewck2b9aJvZ1kuxX/5qktoWovpZPL1A3yQWZPMm0MZYcdUqiJQ4Hc3Xznhim7aAYTMQNXgEoHiMzrO6CliyzjlW79dAn6QVcHniZ1rBwdMU2NkkxA34gbwEi/hUXc99Retvo8ykTik+LbKEIuFSrzE40Uvhs702lxnLEhEvlF9n4a1Z+LjfXvXLEYNMn4/Ijs7ZNOok2LBVmWhBZPpAw0YbrprgiSCyjJ6RnYVcDY9xkb97+b9189Jvuxa6mRNZ6/RH0vOy31r/EYPM16T7DgXjYirFkf9z+Ge7ISxH52g67VaBEl+gXduhkX1P+CRPjneuCFYNxx3tjyG1ja7ZzDM8Q3cn2oNQ6vBgs50K0wHiW6c1FfrclC9+dwO3Nt8vN3BkagLxZT5EyqKg+6BfdA9GD5jMSrst1RkMupOmB8tnMi38MWkkqoea7yKQ5q+J+S8sYcsD0kYrQ7LXHrbsI7TPLLBK3g6Jl+hugV7R51iYrc1vWIBdt1DsyIJwPaLixbNjeS1JVLnNId/wSZxldF087TrvKZsIblLTMKYCo+7R8Y6Csbf8qQPoGNm4D+uJwUYFMFmJqdXw4aL4r3fMIWs3X9c8AATVkTiWs+ewLfaKmmrSmmq9VGrEqvGXcKXg2GL58zlpv4iFMQPYInT6x7zmxJIDlSo6+0VgeDHebjiOrBbkGhQqiWZzKWp5tSiu0GRyCKNWYnA4/3Ay+lPMNK19Urf5fIwH/fTM8wSCkb1tas7DS44Slw/VRbhGoRdNXWp0WPLY0XoA135goEUquIbCZnRNnVMB2uvewdI1VCIFgnHWzyesILzm7vFvKsYUrSbB7aMDesJX0hE8PaUbxvsQ1MdIkUXSdliu6LwPyW05+e+lv3146enpLc07ndj5faFvbX/AkE4roBJg+rRPJQRdP4MVHfLAf7FlSmKsjNsHx+tXMts2I1CZIVrEImD0X/6Y1KTPI/lci1JLMqjo+1Mg2Wh050pQs+7bQRdf162t0QN8W/XbldbX1OYP+hepbkdPbFyVa/9LiFUtuSdznDtVF7cCe35feYOu3HorZa090DHBWJoapywCGMF4N2ctZOF6D0vlczKjLlPoqYmeuf2fjrLhMceK5BB1b0KCx1zno4eym8phLExlP0Fwpn+m4ZaQrnvU7gKpAn1KHloe6BbVNt6ertWT7pi+w4phtFlS6YBbynHkUTXcdC2B5vYV5q8bLs45/4Yunx7uiL1IWmrwKVsZX2vje077s9pIFlItgtwXSuoUrPccIznwJ9sSyqmeJLQCJREUF+0wN8Y9TyvLxVlfCXTf6ZNReRc99XV+o4zdc/unxyuOvWsN9ehCFxJCB0b27DTpi2jpXCvk3aXFHKlCHJcvitL2j/Yor3il4Q33mPub6CzpYibOj3iUg0QYVu2wL95nPBapEVHjHeu/6IGz/tJmh7YTS1Ovwna5/te2bDe8vdVavdxaXAj1Rt0Km4JSaDFcjB+v3+9sprw7rNVc5RZvp23Ln4jGwDlhhc8kYIeqW4CkZqXwrZaGpXovpPYoO6F6VOQUjDp5KSxgnR+p/HXNWyjfbUO7w3iEWZyVMdGLFkO13YmvhpFR9cWqdxpqFW7NW6+35V50ynR4BLUbOaBF5PCjtnk+oN++0CUXpJ7RPt102W2nPyFNPF3tQq+fheDnOY/QLlEgOaOjCpv7UfT4WMNTWpvUBzYC4aFmpt4zErZKMyVkQ4ztYrV6d+okjlgkU6+DOYKxObW2jo5rJiMOvoJaGWmmnjeYvjV+lIZxt/U17tCXL3ojklEmOZMuC1UyQKl2AcE33qFI2xKmwEwVhTgrdEygxmF2pbtZGdfMkin/lS9uG17PoZzrEFayiPiO77AE69ZTzJe5mJCBKmWjkOwhlr8yilWjDXKYWXg9EbCga/om6onHSGQwMRgC2kF1QHwAeGNGn/a1a6f+uFiRWrU/b8vhI9EX9odCFfXm99FHWFdpu+1i1c895QPSCBNnXlN/m/sRSXWI1TWfE0VUGbgx0tj2dBQYzma+fNgNEnNKISHLM/ASf9XNU4ywratJzS0m1VoyJE5lh1YDy1n33dEsHvudT3wPeB6Ktq8+lWfvYBkmWxUyKU28Zq7140Kg9/ROVT57llEUgZjrL8z2idMGWgkLrEW16ds0L5s1XNKcWSlmjCNi4ucqqvnECUBUo0jm8DBiopWLT0lu8Tu0cWOs7YWSf+gF7rNukCxA9upzBmwrwRgNgDuIdp0rgog1Ft0pV+UHNEv00ey2nT7SfZjLj1gIiqmET/M46RPFhilV1ALdgh3PL/LdpaiV0NU8C8wRwys4eCRODbX5da0b0iMNv/yLHG/9aYvLvUG8QxVQMuUMbs0li13ke3iYHf7FRsHnKJIys3FphLq9AktAa6Usw6Ai5Y6dF/KtET0yvrNwD2p7by1FSqOjfJ21AQetiPpLy89vTGntpEZF+ynPvfHZazViUQmJxtSGD7A20HRzT7k0Dn5zgw+64olKWeqeGT0/MXihpKrIV1Y/ZPmAzEvEV80dp2JLKK4BRpZ1YL/0K+Cn+N3qPra27tV8VfWZROy3WzeacZazl5AwfF5fIlZmL6o4T76VY5zKdPH+CttCyoI4jre8/h6pmX6xPzbFyjXL8dXeUWu1L0gz51TjtxEOjQa13mmaTE9FaevQDyRnEI7bpbDQSUoOjpTFtsM/64l4SuWZ9zSUO4Q8GdvxTCE9LVXsryCIQwCX1FSBUStvmNbowvFkrYfIbIWl/Nwrlrh1HQ+Dv6jR3fF3YL99V6Xb7H9tKdkzIkXX1Accgu/WrL9hr3wVMO0PU7sQw/OtSbJf7HuVH/1xT1HOdeSG+beaWSpSQAijJ1NmvjxK58UNwF9m+68fsf/vP6/9Pb87rfVNMzeP8s77Z4013gTFANpdzuIpxD1XjNi9uKaXafpc0YmW500RlUwxg5TYQkdyHmot0G1dsG256YqM+2Fk7ex4YMfnBu5Ae5DAhovPh0DzEsgHKDe4lDggmHuozLa+zn0hAY1BtP/u0xGhBFKDmUHMy1NEQX3cFBPWA+rwzl2ocEsKG9k393tbYnzU1VV13RQi6L2vL73shjbQsiK7hyrpQDHsVn/MleYYVmYqt+KcN1QKe03rT0NOywK/9vfC9Ut7m2LboI2f9rmHHg3rPQMxO292wkmebeJu9E/i/Ch5DnfBxmT+JCfVoMXOwP6J1lv2ROJU5XKCWTdTze6rCCd0ZiG/LLHDLhD7rJKRJ9HvlwAppoWTEOOXSx6yUqXeZlJc4tMebc/I6JZBWtexWOjlRS7J/ObHIwSaZozf5PlyKu5fK9hje55K2Jm3AqRwCr9uvOcQm2cnjtSfxmTrezT1k6PUcheDoYwPuc0zg20zUvrBeRJ+Eyqz6r0KpTp0iUGvO4I7quSiw4H0HgUDwYYO+Guypq99RcbhHdbRp09TyvXUsYz5fX47c+0a2QGRyyPxQbW3CVQOK1THwhfrgQ5wySGwpty0zZ7LUbs4srDn0WlC9yKRNWFIQ1x9zfpIreVonY7CkCIGcP3ddklPuYaZPjFRXfD+hlFS0vyZ+c0t8oB4WXJXd6Fue18K5cZvqJphgc6Sz2ouRxT3QW3EVY9ysA4gXluq50U2aNJI81MvxbUD8IDS9rdXvCtNuek9IU5IYrCE9s2zyHDnoa9ft/a4y3u8dfCy3LFqrCLgSMTE0+aBPR13HZUulM6+5D+r3HjicHjKnb4pOisirBQz6q8o4nL/9K8ufazxEGwS5XtVt5vMrpr2mBQ6xpdY7yiK8xKev9to9c7kJt2koIiObWrJeoq66XJmWZ+KZCSz064D9cbIHrbSqgwYx1SjUEp/5Lpx6IUtv8XplB4Ty5qYg57niORfj69ODucKDD2N6xKltHQzWwcWpYqhoA37kq0JCzb5h3uSGt9GaHq2miFMIw+LuvBJvBII3TfmO7FnIfdWylMPZy9d6yLSpfWqv5t6TWEaPKYfg9RoS/XFm3dwN3/oc5xbVVSWTkWjTAQuqVbtWjk0Tf6pUQ3XU6WVIs79HQxX/vsRgHo+dNMKvSzd1kFFTVnWps9v0WpgzPUXJ6qEN5xMhy+lr7DfPhb9+1iNcAIg0fQD8pPacH7OEneN/AwuPxuKffxO16/Hfv7+YfxRjC92KyiNyic5Udf/PYrBX407UizL74I4HpZ1NBb/MrzyV1NF2bwfCRqg3O5HA2jwtrHKOLR3LLAnmbBw7rSD1mfB2qdTx0nRbVIWLjiaivwousK51VTLBSN9tkOVeDYzMtcqZCXJWtiGwmebTJ11RxojWF8SeoDA9RA2tfQ/T6ZWIPPxQsovL2wD/73buUf430d3nlwJYigKkswu95FZsUm2R4KUw+VosHBDf6HlU+8JJE7TRgjRBrSqbjUod0RDVlzs3eb88GMXjrHlBiOd7lx88a2gj4/2gihmsDvKGKY3NH6kVAdfNVgXzY56t/Uv2NL4RYN5JrX/yTkeGDqmaUFSarLOQL3oTgLwtT0jhvoPmmCftxlXdRsmPtR2flWwk50jmTAaEyL4BcDPfNnzIAlxnDi7LEclp9QppQMeVRqBYZFJm/lD5bcEt9rHSQa/iEWzx2DzDE9McrcRj814bpjfO0fLnA7AeAQ16W1GDWabvmQZy3hSDCdipCGRUYz6X+I/v9bj8+ns9hpgSMp+JlXOLU6z7GwCIx7aXAmnWCHdLoaTS95VFVuTrGFtwLzLF8h1/vO0Gq2f3yNZ2Lr2OLLjHreaKwUZ8okpDxos2x9B8+P7nLrJAqJlfL6yKATosGs1iXoEfhglXAegJHn5G8Nq693WC4+nk7h4t4liAKle+Z+EFkcG3UJkYXZdFz2l1pg3mLQNOld+/wMcB7jLXJtoVy3y4ofhlxVj5q5H5d/J//2pCQY1/zmiLeFpxGwfyJOWH3wKIjb4T5w197v0u7nffnMtQx1fRO72qWffnYaG9aVjA0FmibxlfbejTDzvV/DjEsYlmo0XM4/9GWXobcIncEOFcEoCc8VrRBoCPXYykj9ICLkrwVhyscYj3PSOjhJdvDVDG3XFFf8g4oW+A4Q+8p9aMQb/GOYEVysHhjb02pLrmufs9l+jhIElxqrHPBFfntUd+Y7Qt1+C75cuS/t4XNbf0T38+IKnVsTE0GiR6Dgp4r0AK3DKWUXIhR+INtzRg09ZnOpLk9SIeNwfJZZpQGjO0orIDKaxPOrcBv4Z8HqaPyqx977Gt2rL6XM5lV9TSeNUtw0RW/KszpXV87Y8yLYyssaFJokVUetbKatZGHKch4H5zWquPYPiksKaQOKzaJE+eD80hQkLg1jKZHcth1x3LA/4Q6CyyUS/DzUnQ7vCJKcuzLm6G+bBm7pNQKBqsa/Nt7KPR3+Pc6lv/wHrsS8fHp7QS0FyBj8t0dYWLg0tlkxX8GT9g5oK3pT+D3hdV5DFX1Ef2WaSv9BBAmvPDAojdfOCcdW4MgZAbomao5eCj5tQyypeKyb0GZV7RR/E/SVbeZ+8ESciSjrCK8p1utTzZUHy+YmbJDAJ6adpyje12/SRvrqwK10TPVMwybuzlOt1y0cy+nCM6sIpAz0rnwNEUO/OyQnZS2OrXk4fFpUzULN/ARths6ekk3P2VYqfu/L9mJ+H/v/l/6ea6cKzRbUL3+T1wP1Vr0utiQoa8857+X6bEOuSfWrzJWRZ3voKLOnDky/ShgfBfzuRevnzRw8DtLUgjJu/Bmz+6in91uHS2m3nx/PueJ0+f9t2RjZnBX4lt3/OjbZW6KPLDWHR3if5gYr+c+enHkf1/4g91ESIbWII0gs+14zRECOlTF30bEfyVmAkBY87cYPgNuCC0zjCnaIEwuk5iIoLcfFK2JY1QykCEx7XaYDu/KF7oBPwG/bCx4Py3p+a+okXbRuVwToaEFrTcmVM58XS8Ve9ttu/4IBvn9UF3sCJQ3inpSOsTHY3Gc5ZDYDAx1NqjICQtkfRTY4wbKbx6pAYqvR94Tni12gcxGLI6MZlnrj1UVfiBXwgz9BCJPDR/PeRMxIdq3f1DKI1guQeIKyf5pR+Mj38/bCzfxXaon8dGeAa8JugP2RxrO3Wnx8BzcM0qtVo7sHgN6ke8XB2aybWZPM5zgONdajmTGWy3d+mNwXifqaTnDpRqOuHiljl2qcT8w0S91VuOY040Tt2fh4QcL0wUWamrCsZe9lTyG7UbqZVW5I9yt6t8P417S/ts9tOzWuQhfwNLdOm7TpGVzMoykcm43MY97HEXLmxwvEXyoufRej/mgfulRsmUqZYSr7lFbz/e2nWgcLEji8/E+gPL1hKkTUwf0C9ca9xH34+kHrGiHW4fJvxrxQZg87/OQWookaHbMy/KiE3Z960vilL9I+b4GT7gsDGyb7pfA7mC5EZQCfOl2Eh/Mh7uLtMQAadiA4upP7xJQ6z/RhZ1ft+NRWouJY047H2lhamQNmQTyiLoXufpGF+m3CgtlO47HNat7XNqOlWUOk5xrNPDNAnPe5CukyTKbKJZEwv/bqOB8c9mBHvPYFY13zg1rdJSgzDkMhgQLCNWOqg/KdIgslJFyNj2JF2vK+PSYc932jc/ru4JwawZPzrstoA76uhxuclvwl4Q4bDTZATsLRLZEOP2Hnjonyphf4nAYkL2o0r7raHHk3suFR+c1GI8uQ52VzLoY11feHviLbr2EeY8mxQ6eddKpMFgs9Tblvkg2ftzrqJXZKiPisnI77fCJFtEvh2dmthn6Uew1y5eO+O+K4wblq7s2ThvaOfjoLhXv3TXpPu74HlldOo7UapX7WT2ePf+vBGx/qG6qetyYcdEcoih2+75WW7Pc9t+htf9sriaLvutQ+oxTqIN/i+35zVSAvLfn0x0mHaco7KGQ6Lk3stH0l/e8ROpdqkMrAjdnhdMqtsHM7L9NYNjeNQPGJwodV9tm+T3xnm6VizS/CKiVEMkR1oGO6I7FJK8Pw892dk5EWZ1ONxKJJIbI/5aThgq0rCaiszPtdR5rL07jrLLMcxmpKZs91eokBWOAY+Id/2I8RLRJ8I+DGgMm77+MFgy40w+2k/HOp5/GyJLztXuMlIxSX5G3mUSprFwD6U0NDmjWOaV72VIrYs5JiL/iVKHd/nOG7fP5egXWDuGvCIfPoEbe53tNt6PVRt6/LZ6azXVnjUpiUyWGFVp75XxmtPlyHnuMsDYovMdlSIO+BE3mobpwUTjN6mEha12E1E4JTJ56f6IbaxLI7NJS4G3CPzUq4ZhDP5u6TcYCnE62uCjp93rWjsdgr5uVdjMvGpY8WG1+yp2ZXFYrH/yZ/HvXXZ5sCDV2d2Da7RiuNskrOisld/D2Fq72Cn/rbGEFviN82i+446/1/vhXUeuhRrl9JlZoT42yMe68LzdkKnoXcAjmhSS98UmDSVVFj7XmIl+ZGfcoJJwjJtdfDq4403ZB7zj2KHWHs7PZ11UXtzlAXxnJEqllqTHe//l0zAbnP7nu0svjRJMrPBq2/onyxfcvaD/6v/Lk5//D3beO6yp7F0bDiJiARlEehtFQUVARFqAEEeQUSkqCNJHEVB6SQiEOuNYaTZAWkAQUEqQGkgoKkKEQAhSAoSmARIJASGEXr4dcYbMd77rvOf9znW953dd7+8/wt5r7bWect/38+yVnIM0ayglnHws4wznoc97UBgOrQH4K4+AICJMW+r3eadbPXyBEtjufr9aMAJ8oFtrvNxGezElA13mAu+meWmEizH6q/EP4kUCPSn4FxzlkmYIkkU0xRfbse9L+D+7NcGqPCkkq/6l8JRxiULA2xKbuvbdFyjPY3Gz+OYJC0xKAKwuUTTuy4U6j+5c5pPoK2RfRqK6OIpC/WTmqd1ZJs3/5tmsg0NDlZHnj5MDwXdyWbaDMZfNi41kdMXfvZ5OGs4LxWaPhvWcpcGf3MRRfPa+sle6SbV9PdjBeBVQ7JD8qkWy1kfrmAmuEgkbxIxXskie4h7UbecNOTN2G1tHRVjnxg8gidmDToVc3ONUliQfFZfwUmjGpSZk5fPo9e6ta99SantBMIhO6x8tXP+8XrMqyk1Q4v8bXFYVDFqON9xYXvy6srZjYYnRXhm6srDPfR0gLrmTlYIAZhfRgmtxS6WBxdq+hpO+NePjaxh9GONbQKQ2E0pZwwQ2Py63wfWHYpnz+WobRd9FJIg2O868Z/I8fhGYtv8DPoRWj0b7UhifxJnmTz299akOl1HrvedwP1erR6T7L4Afdzm+BRO0DGDE4cGajUr30DSvGrnP/Zy5EPA+EOwZHHXt0s+eYkkcfsmi6FnWE4rBxAZe0ucAmuhBt/CTv4XH3w9ZsXwQcAXjq9ezHr3r+yr8Lpu6jG03MpeDn+69d9PR1Rd+NG1+PMtSN+lNZICKfVDguSV1txRsxOyXcreZKyuYeRLWceXWbEHFGWfHYbcNtpITpW4V9WrHd4om7MjMfhaYd+Rbdt99WqW6od9bhCBUzd2OB+wABtVOXuVBVtuAwIzzg3XM2B8I6nfWEQT+kKJJIWhgZBHmkV1Q7/RdHvzhijx0rSdrLEtEyvKtwZ7ql0HnGDlytMYvLuJI4om50uRffcjVQUOy4LuDa1PSlKS2N5ocL5s6nACtAQ4C8uyVrH6D1Du72HG5vrGv1Xugwwqg8MTwTbeapwCw+9A9tGU8wlLCPW0XOBu7ffac0C6orzyGLfmCVVni0x5fXc6ae1fmkoiVwyqmlhUEVVUwO87I+Ojt5vwkov6LPTsyhwfDHmS97WYzr458zD+deMiu7P55WiL62/72hvzi+StnY6lxqyVpwsUDEkwq1CU2d+oJ3zOJq+SQ/ZCefDnd/Cn/39Q/2t154Jv901NK4KOlh4NlGOYfFxBOnTP4r5jiCYMZ27bmwPjMwDglEwlKoH7np94+XhL7jy55zxqi+ogOXp/xFf4jH/JuAYCOgBzM24etfgC2fNppob4SGGCQqQ4ySG9u2RUnYb/9TtkYoK/wtqlolk9SmvdrEW/1LpkQc31mhkP0BfVYhXsAI4MFn932xXUReivxB2bdpZLocUdYTS+oLwOSVEEGPu0NxrdjA7dzXE3K2UZ6/CsqUTRxuKxjCVpwxH3003vNIeyq058P06ZmQy/qWL65RL254VZ0iCADvzZOHx3dTRIWjlsoepre14d+isxEmoTKeovlY8te5SROPUEXnRiU9ZGJ7CI07XkSapx8fM+1Dp29Ut4elVU4w7p1wTSAxkTRYzZMXybYYk/kworsd09GJXl4Vx6mCecGihCmRdRLnFpLXexe7oFauJdiExwCvJNuSsozCs1ksOj6TuYTAzLMt3V29MBEi9FCqkNq/04ozehKhL5k1BC9Onwy4sMMSRMv474/6bp3qGyqeyKQWm9ZsNegubYV3wr9jpxLeGxDeZOVttsJ5FJtV6mYJnHZ3OxX8v5Ju3fXJ/Xr+52pvSJRPgqvD6ceDy1i6qlG1Wo98Tkw6r+qRLYhfrGrnVRflGD1t19KD+ej5xQWvhGOksMMryC2b3owH2BRtYaBDydbTbrIc8nJL77vIrEvEIKjBTat+By74cCDHDg8SoXimxZQ31ePgTBc47u9Z40AFUE91s2fhtKHYWAI1Hr/fD6kVowDyBBV0Sh0e6vUhR0VKReVpRzXXomhsNKd5Ak926Bbglj78qThaMXQbSRqf5NShnOlQX7O/ifYJ2ZFpmM6ONzEggxSUiwRFWdIsF8aeVORYo4QWrPky3S5IANDhieyQXO1kSabiJnzPaNeQMrLUlOvRmTcT24KzAM0GkzRs/oGCEz2RbMUK2Zqlci5APsWYaaODB4872gaJgUh7oQzPGTaz84jJU/2KGEwZ3Zy5MtbDdhjQKb9Yp24I5fvMRAp91MJnhHa9UUXfkZEr5jbRMlF769YLjMEORacQNjxILE2glDylwuy9o4nfkZMWscMPXKB6K5XvfQfmHntRPDiozvULUfw0JEiG3f9h+3gWGfQsly9wiYxXDbjJZU4WXilEc2OM+K/DGihQQaxFKcjIMcz7YCiCrVAm5lZfvQenvqpqB2bo0nPbc9lndfsrmWRqJoDZQZ1J19zHNhOMt5G6tTxOpRKXcOlqtkW3W+qGOqwi+OhV+AKyAffOI5XwOX4nmFjYEknpsAxM0bpynUTHqrZr1aMZF/eTQis/WyqhRd97uN8vtutPySuTDqEojyFKK6o/LpI/d01xPXkI0dEa2agUwny9bR4lI8KRm2kqc7WuYB8YK/Beib10dSc3iarqDmJRxFpSeNzH2A+15c0pbudvENbiTcypC/wIXjoX017Aj4D5Agr3wPFWw1yHNK0PwDzx+XjfOlKTmpWc/WVWhcpz2/XWIKwRDFmnxw5ZOPgMEc4u4ADQWDPMy7wXJ/4P4y9xQ7HS22LO3gBveBg2KQc8KmCEiYv+gp7HdbzcuJSz+5TLiHKlV125yYh4T9dJZfGvYyttk4PaPV2sTFiOHXUoQUMrO1nu3I9RbsuVezoq7If0V1pP29tNTXRNIDBTbI9urTYV+SzKxN/Qa+4pepfjFPCtpQ0GhNnB3Refp3e+X2jNb/oel50dvkN4eJzME+/aVe6uXazZvj8rdEo3IMimRutqkVtxBtlO9fNEa9ruyVzJM6gFtebKySYdjpVKF9x1FQuNnfXeMWDap959+WBjhlSyDV8Yx4G45v2MycqRoEqce5w2PpymfK1D7FstVkbScZxC/bNolj+iC1p8JaqZwpCOvgs5QwFDBIL9kANPyfv5jpG+a1Q5hYfferdVbVFm69EWBiSTKWjYrgqaoupE9zCA/Sfl+KoUASrUZ5/6xZ9bZoQtB4QQIA6kXK2iMiXNwz3bVicWTCktEEi15Jdpq6TmC5ehn2bXA9qt03fB56etGg9F1ucujCMWi0crll7UytwkTgHVMzjTUH+PbntnBtRHwDpNZXVZCsS8r7U3DqlssBGvavdOfIsM1dQJ1qHaVYTr3Xyx9FoEwQ8PPSFka+4JhEehPp2Q2GghhZGcZXMm++PU/zIWbr7F6A0PHD+WEb9eli+5WDZNli57XrRyIfEW3Tdhh+zyJCz+YBqmHUR7jqGRwTw0ZG22NcG3+0xshRcA4Lpm0zuCmwAoEr3Y8nPbEA6VcT/GNnhsgMYqaxseC0mOBKgwYqaSz77v/ctUPH4PVBtb5fxu9lmC6+K5+u8i+NBuJANlSEMs0MR08XvW6FdRLuaVx1t674SLJL9MBvRzpzoJ89g9jKYi9UXf5yPxSfw0J9nPEwuTGt62Jf1/N7DHRsrkSvyM1eIIY34mQOvOl/5t54ZK7c5FKM9XnM9FPFhzOYRVg+m3WGdhw3YURSXT9BGJLkuse93pSkwgA1EIVM8XT5qIPv5mzhJq9aUDWiJmrVHrtnH7xi9dj165cmR5a5S88oHX359Zpz1S/mzjwFF57r/sJILp6mwbf9onn36Qzy9JVjaRKFZ52e6SPKRGxqqPU+dx5w6jaZPgWQDTTuubE9Pctaw9HbRpiXIe6aOLTzI11p/3jCh2D/RgZNdKAbVrta9uigIpf3pKHB82UH6jGdn0eMbh29xTP47yg1wgQ2ydgMnFt8zYfYCva+2cP/LxMthtlNXLW6tmVw6uge87Yfv1FqbQXMnU1/lhxaNPQCqp7h1hrJUcey1pXA5FaFLNjdR5uUVexmHyDCrTsKTaRdrtKAiL8kxA77Xx1tgsDlIiWMEP5t48ag4KbNnukM1aydqRSMsQOCHx4tszQ5YRJ+GV9PHpnjoOcdPDs4X3SkqIfJtbv/zgBpQR1dqe9oO3erSEdvloVdZ63FXhykApd22YByEdD6o9EnICN2eyfKTjJpajvFvejbQL3G9+QAnKgNDgKgSu54YyZDtPIlvBsEEDaYFoO73gBDzb1ibVQal37uPDnB23SwTosQzze2YQoC2divVev/BpUtHEXXdZc5wqkIJ5MjCA4Pg3xYAUDW13auYqNzii8srQznc4Ywd+QyU0emaj1Wj0zw1hgHpfknE9i5o7qq9rfKORu+5vmsqbYWx+svNCfkMFqFyz+UfUf2LuUY3PnE8+3TSMC0hl4e+PNn5WtVDxmSy9KOmWJrtZ6CO9LLUSzYvN1YSno1boDQQB3Eq8Ceq4+seO/X00uIO9LuTwlz6vDhrTydyqiUUjnxV9OG+yzUHQY6GbkqXJJuLPTaq1+rX5DeUpY1mDjtdQk/0mzgqppjZ+KMNYN0ZBsIem4tBVacJTTypgmOP5f6JfZA/MbEcBHa3Ukqd8DRd6/FNcj7w1Z9YUDed2309aWOxfcMu9WYB9Za853G9FPiZlkdzOgk9QTJkw5ZdFbHNdWj7gtMchBRCPBbNdI4yENrYJK6R7pPpHCb9ZvUX7I34QCKWIWi6wHek/asTGeUYsbrWLh+53u2UGMn5V/Av27i/pHFtJ/c59nsHuL8tIHMXxHXk3U/ir4E1Bw3X12kAiD4kA1qveo2aN11dWxuJ4p2qa2ECqOVF+2Tng+juj0mf7EI3p2Lk573alavDJRl8kQhWjmDdWmief4/zG6be3mLv5jNdnnCy56d+0/a1mPpJnTcmEpv45spLknaNDlxaZdOCdEcigGKvHdKFR3QsDxozjjtWKzkzEV/tgvIqTVZc8668P/57hXaFGcpttWRsmNUkP1q+3XZFf8XZa83RbqNz2c2he6ogdv774r+VmkXPU298CJRwt5rF3Xr8vOPjNWfsiLOSmVYlWR8WWqYl2i2o41Y8ZWAgXnbCc2kSmflcCNtpamaamxbudBzb9viDTOfcbofv1ON3U1wAmoHxmnl+fVTtZ1A60ak+NA18AZEXMV7Z/kQuzpKu+oueUeLng6oDa5JGzFtFyKv1TOs9N6Wnpbrq7rX6WZjoJEIwFN5NdAqCh0vnzPpQ553gWp+FC4tw+kTbDx5GiNptevaVxLxoagzFkx7i/a2TbWtHvdfqZGYT5XQXBHPA4Ij9XscFYPXq+FdYw5cS9ukF+Reuf+9sQeGAID/cIpZkXfBLexgfHWfdM2VTL20QkO563GqshbQg8W1RSSqaB+bpQt5DSUhOjPQMks5peDXT3cQu8Yyfx6gLnsIwPTeu/ODpb2CA+Zq6zqSf0tX9ffYRv9dQQ39MK+xwUtmc/vIq2930FIyJZw5Sj+RZ5MV46tQShXTTlXZBh0PrCpmagyU+xayE71FEqrYCLe9zjY6emHoSOc7zY12p86xyHvqYTWUE7avvalxRxny2yQ5w0jO5p2MdPyP6VO91fwiclBbXDaTE+/G+tcusFnTDhlX8CNJi6y5mthVKdN2uNX42QpX4hG8juHFCQ11EWGS3I0xT6kPXGQg9wDs96QgVr+yuPGsb12l7V+fmwrdWmRuwy/zVz5qTBrTbwx1M83AXqQOkKgPzMmnTBa92A+FR/zT/wprzRTS6fnE3CgSb/KTJCIpR8uhx1m1XL/Ze62BoxoS7iKKWpWMttAefX4jt6MmoY0JkoQvuj2THRSP+5MdyiiPL6l9BSIu+rJ69sxtL+Cxo0aSpXqFmdCuiSdVzw9CwJ96j+eh53kuJLcxBqbeDwU1SPTrvCxvTZM70eM4W2L1cjN9YLUb39FwZ60HPl9rWp/Z0Yb98DGEc98/00hUcMd9zpeOKDFrZCx5pOBiFizgI8JUTUZqXBF/686myBQY9caUIgEW8xt5cvYGrSa3yUzeKPKRuojVP/1BRO227i492Y9WHyZKJPj7XHfQU3d+VrsoFHuxj9s+ZaKHv9To9cQMLVWh9VM2pDSxJrWj0z6UsbM+0IHrDqTHmExV2d9MWAo6BarXcu2QLgi7Twie2mxngpwYCtdxX3scxxODUBxmlK4yUvT8rngp8W/0zkdeGH1BnUbTpgzz0p67Ry/VjzMhBDZSeGN/B6ziBS2T0bx11RcJDM6hpO5Hknvgm0UzGIMU2SgKv0fPGHPWVqP5h/tbjL3LKUHLWOSB44tyRA4Hdtk0x0+XbNVSsXA9WK3uZbUSYozmWcJHiJbFNLZxYN2151zobJXo8nCp2SjiOxX/K6dZuOrEjhUp2+IGkI4iKVdSeXFjFWlp8rzyQYpIPfS59/npZcfCM4vR+S7mkP5ykRx1DfWTNs3s9Ke37opzcCk6SaSE9REAkyIocpsIsBv2Z/EyiQeS7mQEEsXpAAWQABANC1DvX8hdOEr3XNwOBjVVeoy0cNmxq3FLIU1YoNCj9zu2SP0usDYGVupy+5q0vfZRyyyOIJtHzRweBdxuJUBiBCdSnFZUVdg/m6xWBaitnZwAaXotOB/TctVs0QfY1d88NUa/C4FqtfjvlgfWveMaj8B95C70SvVH923mfGBX1Kx3r4b+CsN7DTsMv5+tX68xb7EyrBYunLmfcqk5TAw2ahY32n/KkuEgMalzC3brv88oTX+RCaLxudy/k8LRUFHEPJTZvqrfIGxbgVIi7SxGqZEbMfM02ob4o1OMnFcWmf7disKDqvqghy8r7GwW+Kjh2guelTPvFoAk0UOAtd6BAc/3BWpcrhSQb7mwjuaz50IITy3psp2Sj4j431jle8zx+DNAkavUTCPjSRLrhzLzzeH+7cNJBfploeS+ZHO92dpHnxkx+va/4zSk5htbQrz9vstbbgu62FaO2GkjeKcKskAAUEd0Rg8252tMjhwZI0EJ7Hfw1CA2CVfRECPDQXpAVyRNgfKfzjbRDD5ufqbPC80AwmSxPLbSWo82SZLu/AsgxtLcsy4yca5+NpLUYuVR+78tHkUc2w9Uu8vU0Lgu62r40v4vj4SJ5pjMPUqZhfjfJxcCTJqG6HwgMNs6Aaku0c692BmHRFW8E7hRNTbtXXwBkt6gJxAaEpGrbKSvGbajAxP2O8tANNozTVkXFfiSkU0nJcWeaYn/qslGLKki2QJYs6u7hUZlqe98jzNy0HJ07tpyCIdrejQXBHOdepp5qHprlyesIkIoaYl0luyJA2NgDhuZ5sbMyOF8GuI966JJptr4+KL2+a84knnbHJ4MK6F69Hk2kOXGsEeaBCgjf6RH0CVLJa9zeyWOkVNFuvLndz5d56MxSYxv9h+9J5UdIroH4nyYceUme7OwB7Tq7C8vm+LL00iLxAyne8Qek8HGaOyG597JLK2nuQ+jh9BrFpFdlgHXSoyXdDSveaK6tvOaVi0xBf9GKtfSN98vHoVxsPBPqqs7DY2lThhmx4XkbxqYr4pviJSrtvqQIVrfgiYjIpax2P4/wjJkvr77ha85CeErto3IrZe5ZyU/oQNYCBpRzDXNDuxuMjfQ62zVz0m8XC6EH6m6Gcjr/LAdp2fFg7K5Mn7QXqeP3b6Xrt8CSpraNO1isueJkcQcaXYulGXy+Z/LJb/Zmq1bXPt5WHGnoUlYVA39EBSWW3oB7SXJOer6Nhr0DzZ3ty0o8lGX2pw8+6+0sQ3FyynqyZN9cZMRqfd4GzTDxUc+x09U5iTkTR03xGkXXzC7os/2A0mW38WR3d1Hpr5eUPSn+FAM27mtwLt7gQnrO+vIlYWm137wtndlC2d/BKuDtoGuzLL6iJK9dirF+lwqlarbzeK3ee+N4K/8e4yA5FHXGpnhVp+ZWVjiud/emoEHGdB5WvMgBrhCsF0jK6QSf2g8NrpD45Gvlc6FtHJA9B5KaOm4NQ184uqn3/GDsvnxpoShObYBK+/8Wev8bCrGYSCs23FhkFYetLa5krK04OQ5XklGJQIVdnI5Z0J6uZxqSHCkZc0AliuxBGKwhtJ3thITkm4IM/Ttm4R2Gt9cMD3M2U/jX076dB5RGHW4p4AVR42NoHoydA0+e5LwpMFDwEs9nLn4DzQUZMsVfv6BpVc6XxPYNHwMGXXQ8AXL0JUYgWGP44Q0HdES5yjEFl8M5Q33DQ75zfvBwPetrWesnh0IyKIy1L8w5hJwnFdv4wCvDK81KLkswtGayM3UFd4mp22Ps+cfmxpKCvjbHqXuHla7lNNQhZC/Dv4pmKkgPxnpjZ4ZQfi37gFt0si/wZSpsT0u4/+ql/jnNF7Jg3hZNXtkHo0cONK7cGjx0m+AompvY4LED2+PZv+L1VBpzu5FW6yMMQ00NdVdmjQWdDAVbiR78/riRKpQ9aFnYWm/qbpfKXBnzEw/964Bla086w720jtNKrxEQ3wU1acIoj4WtztWi76/e9Hj8Sgz2JTyCU+XHLvra3HkAvkD2nn8Kz9IfQx7Vet+TVOXTKZqZ9KJSlHF2+PX7ikKb+wNgoU0H/mIe9OFkg7r8s3hGTPKz1IXh6+8Pu1TB1w+PI+wMmWZmorRAo7IMLLh9doV6htK0rK6Iws4T6pdGwu7fHOzt//Ctacy3yRL91IiaZg4xKTeXbizV8e+Bt3h56TsVTL18fwpUq+4oatJ+YT/5pf2um8s6PRIhDI3IKrSZdkJQnjKnWNF/Eb09M7tFwydy9qJXl1nWMeHpslVh46cVsrhjpuKoOOR5WLe5frvB+QNUiR50w2E05en2zMG/N5Dedf+bT037uZyYk+4/VY/72N9+PvD66cWKjJsDlYjPg2Cclbx8v+YrfNs83HhU6oVTj9Ld/BhE/LnhNLWCPkaNUUkJyo4cXGPtjU9btQt96aH95ivsimcaIHrhXn0/u7+b1S1hi7+uDxZ/ASGLcnBJ7t0SLyk0q9y/DD7kWBuOC0K4BxWZwO48kbqJ8hjuuX5+TgZTSYtTf656n/OWFPcBr7PWA9nj1A2jrjMSG+jmhi3n4GZ/IAM3APq2QaegAlT+HCsWEc06/rQ7o3gInDHdfXszgd3HboCwFLmAdVeHlyFHdftdtRREYilTnSFP/R/QF3ubLtKee2A6od/uVohmUp/hljJ7n6+Mr3aUz8zZqRxuDa8GwdyKPZ2qUzVTnbJWj7YH3+GcPDDxWweAzDtL66PU6VpmaKGs6XQraii8zkQQ7G4TipQoOKF5aFBFUVZJx9rbY2xMjlwECVHpJx8zlakNPUgBBJ4BZKcXshD9MOl2zPYQiIQq3vKCYUjbX2umjf8OSHhy4XmiTDc8kNP17q9ptgNhzT8cr7cwNzgEknVPouDhYVh81vizvvKZ4KKJY/rMYSZoDpaQNbbAfk4mYtZwiWlTpWRPHrqGE+frUiPC+qdB2AKdNIDTEW7FgxcjPlVt8/d64DBLzEmyHMqHuKVQRliUWzadDcxqH2p+K3yhv30dsAkyTvgbsrCilGhn9mYPNJ7v+I81jkwsa7m7T4lHEcNZki/g111d+Oi3ooIByle6O/FNTiJqannAZ6AIZBA05FgghYRIRhE7J5vEyFraaEB4ze/vGSOnQDrpIYLQDMZuDl7Fj6zy0KcUJ1/fh+DPVFTykgh+7vP9gmNK8NBGHeqa3U4d77xgHNKs9nYY1kYlZ/ArFt7w0aV7aEoK0JelHcGFBoadgJEUG3Hw3B8neIxyHTldLpa4usu+aYWT0iJHpHno897EF+VuJerzsiuvfx9/npZfoEZuvEsp8BwuihvYW157cPZuBQiWZpN+MRqNZcdMPCS6UNVBBuEt9KYue0wTqerJpYjWK09PIlBt/Tb+koxyR0EoZn6mRPqzLfoEB3V3EgHFa+1DdIowfuSZEmRRqoUxul0h3YKJ1XyGXr9cINGpYVfwHrYWszAWT37B1hK093XG+EuEHAWM5uRmy/Sv+OpfyzTgoaPv3dLcZIoR9Uaj5iqIufn90Vl19XBLy+rqIIvRm2WnxVfbtDTXHITsMpB28vW2IrUV4YOXNXC6I/o3TVUa8VMfytr6sfpUqgWOak6LzwJCZRZsYgdGPncqyZ/XQL8RMTRLc0t/mk/WQEP1kEFX8so97oYykVPV7zm8JYL9FQRm8FXIPdYmkVt+rdUMQ+Lm54iTXwXHpO1WUnCx4bgrGfapoYUgA+s4jydVcJ2p7jhc7fO5fnjqXgVVY+/IetDcyQEL5/juveqCqr78mdSepXnFe0o/CPDtuWR9uYx8Dgm/cVAF1Qpou7vPVuBCwNMlqCG0Qa1GaPJguFwb1v4tLnHQ+0tI51KVV6Dg1fgVH7LD7Ph0yp9TUzr1eHjqkOBwkaGjUFfQpI+9vMnV+nzMCAKfz2SBu0IHcNLLjCIWMxwy4K1wfe8mIV1pVbf1kQT+kADIri1afbxm0HsTC98qvNpzjBM923lumt8/nIZToZ6nbJH1t53bM3VVUGqJagRDrqa71f/02bf/EwOBqK7D1q1R2+ux5FSMPNbXMHKtWr1w3tuTNTVOcGynAcKikoq3GA68oAeTUUd6Oo+9AmqG+HoQ15yPogtBsjNjphLudF3IFMDCptXMKpqMz1AkYWHap65cNvCCDFZWG0lwgI++xOC5huprxwtHxa36jz8BCuaFaCK5jmmNjBtgGYglcm0BdbuBPzMbw/Tl49rmiGtwDGium+0de5QM4Hk2o2mgltkLAZTRPnnDiGU536GatYu4hzaeYkvjv9rFG7gb9mlsTel3PEkQasGL12TI9NHnIe/bkr3ijgROdVe6/wkewswbrq8rCT1LN7lX0jV3nfuLRMG2cgAkmgtC84BU7skNVeNWfcUtZTuh9bilJ57GeDFuO/8294GHfnVxCTAmgKVcI7yCv4BgdfE3Z2t5SUyoMBKoAytL7L3BiSlEHy6PuuhGgsAHPy5NJNqjh3vihc3iYAFNKQotac6NmCXIp+6SsTaKEKG4F1azvrKxGjlxwi7D0TAilMtFaYCLuJ7rt4smBCXDkzJYBF+hrX/fc+H7T8JqMVL+LHcsBev/tzum/82BDvqgNUDcAeoMG8s5IlrT9N1zdR56KMYhIJKTTQqLAUE9Rb6ml10hN1swU7i5n6oC4L+5nWdtyJgFFCP5ZAFH7PvtB0LCJNbt+PINZq5Pa38LEPXt9sd2AzfZvmvmGcBlitSaRZuxoZtPH6DgUtU6b2XHJqesqG9O8DNnArP8Wkjkmi0mPierZ1b9gvHSzJDJpWObzemqDOC5nL7zelP8m23ltiocu/KGvPwex4NDCQ+/8NifN96cX82pVcSAAvpxE236Dx56fEZd5PqyRoFxRcyVC8aXlFpsPBNzslbzhzwypMtMO4NeG8AWxvLs3j04c4Pa7x5xhQAt8VXx7b58CeUCAybH8pBZ3ibt7zDU5cDN0wJydCAitX0NP4wat5qNDpg4NumMKwbsOETzvx6X7eNV2x3yKMd0rlxb9536jvsadBkDowjMXkX7uHtXz08g9ECDRQNp6fi3XxywpqyPhT2wt24VnLW6M4C1voq5ceWVdaHHazpQcMAqEo73lKvMQAiXLz27JZ39/vIFjUvXKVVrtYmhWKnhk8prN14fqfMwKVyYI88P/sLHhuXyxkWUbtjJbK6zCmNaON51JvSp5b7kQ1PbqrxdBp3y7PpXnvM8SI6ja0mPJu6kjqsyXcx3NMqcH6xNvZosd9AGERcLCCVw1GSZveTyjeUQ9QJX6z3AZDopQFWS/WbfNMN77UXo1d5yK6sknlfw8uMtMVdeGORk+VjZ/mmnLNp4EQ8pCy+MexOUWcGD72CZh0fe3ww72w+7SUv+MZ/Gy40VbV20DtlcnKok27SijD5Uy5V7ivHSSys7QXNzP5Wo6w078WDjDow7eGyUlLPmRTX+WkIasATWkm0nPniw2KrLYH8hbrhWzh/8skJv1sXKMyerYtbSRjVN7qbL2+odUH2ZNvnNIshPzBGErc1QjPIk6bqdagLNPU9qY8K/KATJpzJ3QS2EhNdo+HQAlxTzfp8tUH1l4GpNKOSc3/DTSdoNJdtdsTadoJbIBRSH2eRFay3dKEnPyZqS9KvQPzWk7EwIrMBU2dQNBda3TiVkiInhUtmbySLn48CDxHpMV31i9beQPPnzGYIW7mfmi0GDTImnatVUQE/iugJWEO0PG90qWj04g+4FPv4e0jYyzdJ9Lit2r2/WGNQqixoTlv8sznnmUrpcppVfOHKDfSwUPfbiyJcb1wp6YP1xJbVD9oayN2RugkceiapG3tm0djWMh/48/uOD1KsMxBICmUN0Hi3/VRCqtkF80tUXm3buQXwRJVieddyx7Clw4+Fkuay9xamd54pOp9O/fqlWN+k0/t3kr3WZwNZBsP3WHq9zQtHW4cftnpmXBnTV5Qv15uuZh0ZnXfFp/sPK5nPLOo48d3cdOXD825jNJaGWFKvy1+1HC5y78Y/MfKuGr2r+eK+Enkgz9il8Kp58TVbJesLhXCy2pzqhpCFt5ZXIwYz69ULWaXa4o1dw2v3mM13vCgF9vAo51xXe3XTCZ/J59ybmyHQZW0e5KWm3bAKgRZb916WxW+5kFWbrmefdHNBAifLQ8WLaYxxaaX++eVvwDTUIkHyFrQY/7lHhoSudgOhvCqERf6N8dg7RugZgwjzFN6Fim1nJaXRsYef/HwERRWZMLM/HG254cN76B1Dj6zcexDLZS4z2r3HMAgCcLOrzcZh1e6GlGYCOOsYH25JmqhCf4oaCfPH9Nzv3kvc+M2nNRvRLBJR3fJLnPOFb2i7uroZbL8btscYRmeYRf/xOeROHYDPPR+kmh7Cew2Dn6IsZ+3l790IxZR/VjYaQUlHo0xMfPTZPKbf/3aYpvvTnE5bLaJRLKNlNQBLf0kJZogJr9RjR6SfvoCx9fUqs2AYz+x1/lBwvJDPat8LZ9NW/9h6cfnJG5iBjFdhQf264TNIZH+litG92uKqUwcPuZxqZMvJlG6ruYdMzhvqg2sejUycHFoLQEZyRf2w9f/t9z4PVe6AYlU54NOdgnxuTwnTwXdES+cQ0YxhSPzLpIYX3f8bYyKnua1B/ibWZF+ljSDnI6dnOA4hwZLDZ7V4yi3h73N/+XsVpuXIfme9LDP75L285vU5ZZlrfJL70dTyMXNJWTVP/ovqLQX4ydb4uopVaGVuUESwfMqYPO4VWNiDnPFNwl6HgzZsWACDsp0hUEh0nHgUk6SCNXrmAOmM3f46NeOEv99ocEzdEuaUnOReIk+HRlJXlkgsCiJNWg3v3M866/wZemNjx0+nPKRJxtQevOLB6NCUMmDc4HdtkFb5BviQNUlp2frH+Ox/qwe/8nZb6l01WN2w/p3iZAzQKD0U/qxFOlcOtLX4N3Z6kIDIAOftE5ySe6tQJgp2S4yV5ph9f2UZyjNI7OUz9o5MwDdR1ioGfbmH9hTeXavZ3JPoovJAOGQseHoL5f/5Vyf3216kiWgwfHt9/ru2UBb6TL5PxW67yGRs9XhJ8WKoMUr0NRu6G/YelFdsdn9Bfm2CRMxy36WzDd3ezmU0HSY93EfcHvEz0BIGtHdDySQkgGKIwWN7ZTM82iD+TEdLtphtzlRcXjST/hpCDYUsYnJM0I7//HUWx119T5ycuVz++FGfjFlLmL76NuH+2CUwatHEh9DfTig0VHqeF9xQnOvszf71EHgkgnyOfXJHRIPkv91Vp3Z+Eh6451w/BkpS1exbZVeorklQqZ9qFn/8P6Km/e4z54atza99fZAMiB5BUeWsrbyG+Q5GhrPkGVCLgSqamj69Lb1+DXFGBzrugUioGALxWZZJ5vfRQc8Fj8TcM/RUZoX4sk4iW1aZgZmCxLitzv3AMVPzob+Pb/OmpwZa2HeLfkQlM7Zmuf6huYMe3t3Jn/T06IVQ/qq37kRAcZbKstrkw0Cem4DGlrN3nkOMKuHI1vzYyWIvzI0HBPH+bPeegJ6UoZHWmc+Fe8amaSD66Js2RB0xU/oM4iGxlzlF+7/dsFTMZCfYepF880y55d32V7V6b70Ib7OtuevyIqFJki3vuvso5tRIlDv07JSYAI6Ts8JCva/3GEoCaRFUxKgU1/yBQbfHnW5kFFb3+4tZTkNzKlSAQlvOa13tgvi3b5C5lmCPa/vLYW885AFIM11eVbcRRWGydt/eX7n5801Vh3cSzcff9Cg852pyPA8FWJCisIyUG87HHfZP04xSamqSEidc+KCNueWPPFD4AwQSOtrsePUpTtR+wO5vRCS8tM5uUOwhy1Gt/OtHzyAmAHDnsG/iqadHaIudbF988/oZWKeNghIK2Q2dt9V7/s48UOuwb8Jpd0i8+399vYvhYaSrgk7AzcdQf/Uzm3JdJlc7mEgP8QKWJqm4l4gB1BpZ12rFDl2wFJKcjrXNPhRLIQFDVgpcUEu6REfKMhb7H2aJMyt8+7WgGwR4+D8gN9uzSUSAQirvT8QsXmi0QlKQn+nE5cYGhsTst4iWYeYRfitN9YZfFfyc+CxSP8hnu6QoINWyTn94FxYTju7PJ1lFxxdjhw0iJ2x0cCxYc/tuW+5P7mSQ/owx7Qs/kAR76QLgCaPDOA0+jYOTc/HRV6exdwE1K3sMpAVPbSI9/mXJyLNUtvjaeqvDUkUpkhuFrE9tAMIduASgmcSlC5fvya7T+PsBxWZglS1aKu+oXK2t4ApT+YAjQFDKm4sJySSFT1jGQ1zsyKSf664o2TJWAmlO64bmG055oTGKfd1KzjzxZrHcI4CdfT2u9YUSIJwcUuvf9INIR9kNNFONYo+Qe9IHB+XGgzIuZ6MlJ195GIhTfSWaF33hGPdLZ5St7RSCYagoAz3KxwuuGm+E9ieyYprE0e8JkntZNCiMYm5MJDCmyTZJtj2df/W4Oxb8MUyDGgNKUs5tKhvzQuIH1Nc5b8YF9l8aD5dXpq8eC4j/4tUnGe5fe+7gbYVI4wwC/T9FAS3sKDeq6CWlmyR6lfXSnMSJX4HGOYSEOfyBXK+2vYes8LobqPwbf7Q/w/sZ5hPJfLR5Qe3/biq8SxkreMDwDLcH557eTf4HHWxactW6PORJAeaIMRVzno/s/duPkUpLRXwIEVVHAoHDywVkfvOoOXAKdMzptRdnsvtQE//fP4Zz1HYpYpLbXTzAADVJR3M8AEJ6SPlCzUelfNe99CgfkoDz1aidv+iSnSzWSIPKXmxI4X86Qj1xnU6cjZ8NfPsUBMH1uLOV3n2ncy4CV3pR0/YuTz68xpqBmoRnDHOl14m8PJ0y8xwPA6CgHrp/4QvQOFVTP+9pEr/YpFqapf1/0W60tElcNCwNspMqqkY2KQLBcU+zqGPMzUKYZ5UseB856/4YO5e478Z6m1RGiDIP6kJUDiJiKLDJYRqS140xohSwGT4Jsvsf22tpB/mfqVaoub8vMlbrrtnTOeyU9gA2dmOyp8QuYC+G7/t/3A8uGx9Jaz5qcwO45PAzno59S5fP+3gaIwv1jc57OgzUbPZqhwHodxMCYeNmewxk4t0GJfunv+4ry3soigHYJ9RcgZPYLlwM01Z4BU23VDUWUpx04KF6lU/0qPycOfrv9N2h0rYPmZn2rqmuxO7Sn67t3aB5yhCufwcT3Behf/JC99v2HpTy3+HWoZu2n5HH/vvGvNo+tpi4T+wr3nEF8KZjUCn3Fn1/89eQnzm3b/6c7a/8e+D8xcGTDhbbuL2X7/qyQp5jxiPGAys8h/M4RfLjF0d8SodezpA9c3nnA4CO49GOcJQ0Dc2orAHczm0Yiu1pZrzQ9MAWEbq0Uet62v+bEHuB+wn/6yX8VtLw8/xnf3a7jI9YeEq7l3NS4gtce1tu65xufUh8P0n8BLAVuHyfkJSGcwVwXNZV2ZWI2Kons+fZr/gsT0lwHtOsmrXhgXtscnUOQIZg17jbmfUs+UgF7HHjqCh5Tc33FnctY0LzdmdEMyr2+MElaAfvsP5CT/ifPXCdhJb4gY2yYWU8xLO6RdtbmnldkB6nRq66mLrx3HSddPs3tEtItXnrjIAMYuxDvO/YB8Y95y3nmPGqX/NllMv/xCsy/LLiuLvxjEjCuRKm8WG7r8mLhU34u2AfhD/6XDf+v9GkrCD6X0P6Ykh+eTexGsirysLb6eAFX9QgXrh17p93gp+clLdDjp+WHJ5KiceSv3R8+pjYGStqatxDUDK+eIvHvILny3Cvk+qlxHXTgdpLx9jZ5rTb1SbeZsMXbsoejUG1J27iyZBFC3A8t7kmtOimrHVkAwg6Ejqh2bV1+659+NEr1S4tXnVfTaMKvidSPfrrHRtPyV1MPwOsq7HxTLB7wsPVDXGTaGj97LZU6Hdga6mdL25PpznJt+nBJDm/ePnberaVtL8mf4FH7YKZEMjDo05hrmjbV5arIZfeFgYFSz8qB0v69XG79Fu6gGBW3lkAd1IkPT2KAwIoPZvzlyAzTakgxnmYvCc3rACF1KPM2GircP989TTXlgfm8SsNB8AT9LA00L72XXQ3JchtKOI5f/AoCG2oX7+HChUwF992ZZW5xKJ2gcKeBWi3tvYgoVRMNNyQ/XWZ4O2mmNEayVpV7ftU0hSgiM6MsOI5UHZdAeM7MtENPH+O9mzxrVCqTaoC3gkvLMtl52+g127b24tAzw0s/EpPqouWs1VD6O9EcvEzVSdkBdv+Y/tLFVONMYg8b12FBY68+CwhHVjpc+9DH5YLG9Bv8XB6LstSJABkMrC9p66wvA/pDmcvk/kH/QvH9X4t9fTeWa3XwxmKiDcppiJAw6xueI3CfUVFFiN++df+fTydB6f6sNap9+Nry/Au5R9NnNQwEMqlIjV1bN33Dgz1B4WXBxKdunrS+sL7tANgpKjZ7ccHRYoPjSU4GLFlLApeBLJLQwupyycJv/FhTUDqvolaw6u1AEXqNMNfQp46KUUPrmN/l4o5PNyUAUCkxksflYlUxKC2hYwfYJDE625IrCSMzn3IW4gaO8jlP7wuz3eE8DDmFIZvU7dm6Z7XEXBqqNuXEiO4z4Fz2hqXrJOEAe7CKBg5jW0f4t1RtlGHfuW107ysqtIS+sGQ+Fpt5ptYQptucZKE23ebWnmxJ2c6133U/ANYxV3gNBup1L48joV5LModhBnUOxUrJbUkRXNyw6JJ+gttBOqo8XGYhCf77049PsVR+EhkjZIiO2BtvIA4D4hZT2JNabNDd9kXX7Uj0jPSWq976Ug/pQQ1ra0wiwzYWresdBmrNixXPDh1HET4GXHaKWHqX9TvkRJTqHp0bXNwHIK5ClOrBm+tvbsVd046mNchPHuGZ86rbz1XavF3wzwUhK4Y+JHytWrLnI40N8SJecHkvjgFgoLANkFkaisUALJncJVw6QLMaGxZ4zSrqRnaGnRd4RWuWpt5U3etOSGLv5pJJBLAzyCBVTUMxblYnCKlqc9LSJygqzt6aYRYT3/a87KmqGrVGUr4h5REYRxtPdCwbS+wO+if8nuSBTRbLTDeFTOIc+Enq52LiWVVO7i3sEAPIcAsIHLuD1NBXWZ9yi9usYfIACgeeGRtg6zqNC6f7y0Lx6Ha2sCYLfUO3yYKftFQd4sgtSWR1LUHpmoFzH0oYrC9TFdX+Vbww3RT1Tj0obREgjSTXVjqce37YZxmAFDbSGgP/JMILHZq8+LsDwm0kT7Q+U3oy1jupm5tPod8sNhSF0kS3Bo2UxslDTa4NyJQtlUomCsKCPnXI4ztOkXTPTB2SdUmRLC1HD8dGgItpec8YnWVjuxWIXC5QnQJ8z1WMpr0HGODzfHv9uxny8MaiPZfJo8t4/3Xi+38V+wBmytsYMlwqhiarU2pyUBPrM8z7QmHhK48yAsqCVW2+DBskuD8IdWeNoTD6tTV4lbFslvpCffji2Chi9nVC5JkZ18RpmkAGu6I+Z9Gzb0NIYssQlnrde0nwa2liiOLOgmZrHadECmHpHoJ5VKl9d2Val7y2SpIwIjz/t7hlrW1001eGoaGOX5q0nxqzH8gwUjMi0KwbAysbKt0uLcVhlUbSW/OGp6lF1UWGrZzo9d5GV2iZrOrj1UFHBoeGPHLhI2UkJASVCc1AhmkHzA025m2cwh5mrLytF9lQ29p5mD0Qntledb+BZKVB8cTVz3s/PFZzPhYVdz54bqiTmV5Dm4aPmIzGB0wU5S4sDP7htTVUirYzU8MTvfAbcTCSsV6xN1NBCj0sW3tYbdy8OdvWr0bTcW5cAM6XSvjo/VwjiohpKQ18EoNkGKQyQNjk+iPke+KpaqMNRlVLJIeztt61HQER1rXjNRKGbfTpBPGyVXRkps6G4QZrI0X+CAQ5J/4gWj3zdTODb7Q25DA/DT3UEP+RMZM+vYSxMoQn+y06CkYOOJxZWyBNntz79xLfCgOI41Sk3Sb2sTovYD778VMtPajJ71LhE2j7WVfJgZqECXWRYeMIGAxdvYiUpOQ/BdysnxcrnR0Zi7t+mE2Nh7hEGJvRHSJ70K74TmMxmT33GX2L4wpGBMqqmPrxhqmTvy2GNtonH6ex0ypj1Ghj9/MKbo87Uqzw7I77NQOor2FpzyIDiTqvM8CQcvMcKvK4mtv6N9/XMg2CHxkVzGX/e5FCGf2yMlsetdA1AdWu+fI4UAyjhuAXOt/I7YPmgaPkVLPjHFJH4FX8gelLe3np11QHepWi4poZQvkLvejbg47Rkm4f2qZFMUKUYWT/OIXQFUwONL6SZmhm0OzXf9VizbjbwnFjis3uh0Re6OSZQ8sjvkxzZWo27gYoHe6rlSsPgJj9PFCCdQd9lI9Q0C1tjjQUyEy1iD+rpdgnCo3sJUw99cHzd5sch2eAsOsQhpDU4GEs5C7lmBC5ZlAWKqTkFZGCJEwsWxwxRPfl6PFrzyA1Ps8NfzICGcxQd3PpU+JXAE9HX465pqN9lHjpjphJSag7U+q0H8s6zag7RZh5aRs9PChKztGvpS5k7kUlDkEeiuSnXxOHYHnn3rgNwQ16HMROLDuMnTE5M/rZQiPs20A08lQUUTbz3q5ZYJcZgplMLmT1i6DtzQRKDEB7lJ1tG51rACHJKqE7SBSPPZ8HrIJXfA/LDHqvdczYNqwuNIxoikzUKFuf7JAxyZXxTXjXUBTNMUjIYdQpRd+6R6Uvg7PCt9FXc0oFfJo+TCc4O0LcwubQIPAeqmOkdFuCW+RUgAvkglsbHOeAJssLD0NFzuAXV7Xml+zzQ+ckbOtxDLwoF4amdQIQGuPKum9ebp4V2AooH9n6cZUxpIHF4IgWZjRE93U7wuAbvT8FE9A59uq3sui2KS2by8P7no7WNkB1FQt9fSGI633sQw2P2biSJ0hJdkjtuECSSZ6sWS+jKCVV/pWt39nWimUKYQ11r/5XIOHcI6whxqqvUUV78feGm1CRFyjOroFhQmxEBQO/9o07MKhgALlWP9+l/MJF0p+3k2QsJxvW5mZR0vpc/xfelambC+hHAEcJ9XW7t7DC/DQ3x8HO/F/1ibrIM8dmNsQXZDS4tPMNGtaNqRSwxz0t4EClJdlyfbVp695vFJ3mvSRA8HbIDxvWdauJc/jiwWNALJ0sTXuW5Bzx5mamkEAmYdteWy4G9nMAoDh6Z4qhV4pLb9uXpW/8euc5UofvHzVn2lEOFPq7gn3WrXlg1QtvHV/9w8+WIMcPgPLui2lWfnwc//hzgNVH3StL2mcmwjwrhk5l7OOdCJlt0kmJbuibda39ZWvmkVKiOLR9nBDzIFs/Lh1FSGh9liqbSQUqfhGqi8b45EsCQce3Cf9G8SVxqrralexV7Vohy32CbaXKFCS7oozH+cutqJJ5YKb7qFR9NDk5INwpvh1zMso8m2fOr5JZ7GbHbdZhfPI2+sBFXUR4XFKIkTsgyEoYgeFGbTXKtnEznTywCB8nca4Ug5oQ90Pd22QM/CeXa6pCvX1kpkCOcW6tc3tJunW7MqmukhrIfwgxRx0TUDrF0H1G5kWgrHKSOuV0hcPwlR0CGmMPbuhqhca9ntAC9zMs+EghfFuDqgoBIXFJQhvvVed115U3PR02h/c/JQgjPtI7h3/udvd4EQORnUFkLB0dW57zqn5/v4xbLek1c3cJQHl+qyBk1RrL12+VvWC4bs1l8i+T/0Lx/Z/G/p88c2tUChD7Ia3jhDJOMVG9Tg/IibCN60ZaCkUnxY4nnlwE6uXLFlxFsZeFONRE2WE9Ngmoc7M+r+AxLP3eEz5ybemExgfnABHVpgLkiHvET1tDfk4/FEXsqqp7Lv1LvA8mDJbs4P4lzQa4lX1ZSVGYu8LABABmvSpn4WyY3nsHqeU8nhDg5FwdGRaKDMl4/g+cGm4BYNn0T0Zs4hmH+HWde5rnYE41deH3laszYOHqnaMB+2hL1i0GedkBqhtn96Xb3FX2mhSBuvcOhllDvPZ+/AbOawuBrGpd58m2SB+2SD62e7o3FBfS63ihKCmJRcBtuX4RBehx9yB9WWhSZPZcODKkfVR7ODYYUyPq6veh7dKCW2rq775LmQEQgUyWiMv6IsaJci/0EjknIPAU4Qgjht/3GC3Ytl70nf+AU9OH5m+U+9f8LxwiilikDwZWF0yhUk+FkS8zMgpDuArzuoQ9kyBZA58PVfA/ZCqmjJ7pS0EtTFqr9WbnyRHt/jbJxyYmvvq6Z8hmdqKAZBJiC3QOn03DL3bkoeuTkW/nhnrNQAZYq60JF62BPfhu4KYDHqrEMk5ghwqCV5St5QRTWEOfmQ2t2MTagGQtyGGEntygOrYkEpSeA/fp1heG0mye3UaES7Mv8Q+0WUYeA5TOFS4fQNXM90HdtVc/NzKL9wdXDHU1+qlMDOkvWYHSEYJU6tei7FRNi+2kSwJJj5OtyWSl/C/P86t7w6Qbzq88Ai0TLmzlZpTvl0M8c/M2d1O/egc1lNT6C7zC3PiuDTvGkLoTfy7s0YP6Rhq/Zb+pUrcpVa4ZmhKH0gI17yAc9+FzCUvCurkO8dENvtlLTV8ovXJi0OkyK+4SYrjv9Ta6d/dufIeXWxgA7FaYuAcM+4OfvdECIkNgV9TVs2KtFOdY37oBUSg5Ot6inQ//mBlQVhP2if6Een7tou5J8UoaRn25i+0FsHf/zlyTpJTBkEACRO8GV+wm/7uX8V/69O9exr97Gf839zI2Y18LkCGrs/sC3+clLSwvf5mCL572f4a5y3pGMeEH5GV40LmQaY9aybVnqY1l9SpbU+hgOU3p1/5z72xPCAV+NgCCgW0P99NPVTPhpf8U/WCmmtg+39LG2zMlP9zCnj26Xrk1doROFAZYTEnLbQift40+6w+UWMa6DyQhFagH/3ijmT58LEqVF5ghN28ft06rB8abBKY99tfCjx3xbWyUCQSyl7fUbUgjSvVp2LEoItwt2dE8RSUn8DX75AR/a43eUH5GQcQjneS2pLaW1OitR7z9sxOIYpLu0MOksqWAq7p4QgdGcRtdf14gk6GQF+tU3fqTWaBVB7vsQ4gIFJ8maWryS3q7tNC+NdjaRdewoHbul0m9nbpBUUNj93nmyEBJmn6sJ01aIx5yIbxEoEBcSwoqJH/s7rkMLk1rqQpMKUbw/3CWQHHZTnJ9m8RLR54L6Wo/uRzVpuC1sDcz8EYg1zvRE5+38cBgb0OeLE0bKde4g2rjhRBRPhBXcFScbCYDNy+UyWCH9XpzhSqFxU+Cyw9MRqaF+/k0rY6BkFkB69+KvJKoo0BpuzJcGtIOwgpE88ff464030I42XI2zeSplDtYxrfblfPmoSatLaljt8k1B4urFqKv/cNv+BrY6ZLlawva0YbKQ21JfafI4gSwBlkVv7E2nKevRiDwx1AYyQzEwnDdP1rySn3cPyE+sn87l5yFav/701+fAB84D0NWq5Z19ecdSIAHhkrtfOvmrQAief7ieJOvwNbN9bFALgKFttzaDHDfWoD/Arg2RSKkLFhVgXAuZGmMP3rH8lsQ9vjII82tQSA8PA6EvZ+51JCre3fwOEoo8k32dlLZ0uX/UEABRZpNLnXcVxSaFCo0cIc7QdEafCRjB05WPa/Z1xwgI6lqcifNMiFS4yURAxAN66h6JkrJNya7WidNxblHmUu+qzLCOFzY+lynhdr7tdqh2bS6jwfsY1ukrQ7RciGaY2tiWG5hAp6/TEyiUu2D2hLtrSncgVMXT9hOKqkPqJGmlUwHACxzSB1CpCLTj5Jp7MUwZV76KSDj3CnrHrn/ocIlCiYEkmnBySawJjhIFgchm3S14p6MSRjKQmm08X+yzShAvz2tHSIAiUXjyONNn/eSxm42mU6D0qmpILBTono2mXt+0p3A7aTqtUCxdmEwuSRAskzWisB2dH17whL1a6JLGe15vk92du06oExttgYBTB0Bkr3jHwhUP25XtUh950wiZUw6oTSB6qewmFtuHz9hI7SXv9agMi6jLdoTlWN0trq7oKqqp/+o8/x244Uy71EMN3bgnSM3qL5chacqce+/UHz/L2Jfbcop0mFNxqDFfiU+Ehli2MgLZIOM/zpyBuBwB6AUW5lsHUt8/tltZlJt39ZYxTQPfvq1Dr3vNNQxMzMLlI3728MKQVhblkft0myr675/qBV6GOcQRp9hVARQ2fWeWoaa7Mp0Z43dLHVAc78nHzECGAfQfwAjmhW7wPBAdboaOucO0Y9SjS/zfDKbyE1b5qMy35s54tvoATYODkXalEjtR3FJ7DcyluPxd3WI1MHGQc+hy9NKjhgCuxxOchjWcwiLmJo7Y9xg0FrFmk87wEt3Gx/YhXNoZ3lf+Y18m3XdwCIstKGYkAHZeooB2Btk0PFTfFwxL10gxYZhdqPlsbAJf5oCY0lBJ4515Hmxr3xA/qsMzIZgZvauOIN8lsIXagDq85cyL1RwloTImv8gFK+UyCh5f/UKxMv2XFm/aQkh1h8V/0bWS9YgTQlg7Q9P5Up5tLYe6dCyMMiD3ZupsBqLCGwf94oGbAzeKHKhMyN56Vb8pLbyM/I7SJdu0byq34wjWW9K+hUd4hqFfCWHdNQt1qrNTm913QHdZ8Jp6FgUu0hATU7JtPkMzrqBZPlYv+tB78UUMXJDgl11IsiQFjNz2T3RbS/rxaDutY6EvXrDg5oWYT7hMeY7t+YaHtDdRg8/RS0LiPMIOfWdDenVkOF1zHLbcsjKMAjcdCNlYJSI0/IiagrIn4CEf+8AB858LeOBxRwta2y+B1Sv6PrgrRmxQT0g7FBRCDJsf0Mf+6yfjFr2mPfZRF2N88QlBLuuQfAlIQTWFHIB9UxIageJcuwounPiZJXtVeL/w96bxzV5du2iQapURahSBQohrViHqiCghIQhqRP6ylBHRAJUERBFQhKmYIBUrahgEFGQIUClgjIEBZU5qAhBIAGLGJEhQMggkSGEQMJ4nqAtT2zf7m//zj778z1f+e8hyf1M932vda11rWu9etYk3uDJrDosr4KU0hLrpWHzhKTfDp8ON5obfIQnUwmIf0bs9WMoolaTQoPnrXC4a+BAO+A9ZWyknIls3nlWv9pf6wtGCm6ZCY6uT/v1UKM56QHGMe4H+J7s4GzamtzgaIOOZ6VuQRWXpP6pLxpBGHZAsQQGf9Q5yF5iMnfSJirHnEx3tmLr7cDOdMSUtP6iO/ehsB6rp6DBeE14S0Fp8ZGBoiVgEhknBjzNhRf+3x51zRQSGBZXNriqXtgSlfQ4+fvhrT/qaXgtXOWlcvHLrbuMC2gbChrvSipHYMy9HSfLTLoeuQ5ZnbzyhtfX59doN5qtuCa/z8FX+Ekd6aPI9NKSGelE45DF0E8DBm6Say2hkpKiUjer6kW8o5NQcMDJ5LlGU0wj9gWMY13+CqZdZMx11DLL13b09EKsg6Gmjr1AR5iQjTSHboBoawA6/BJAh99LyuwJdmVuVmFT1ZRl6Eb+HvAWh6FoKXhvq3fWcPlRi9LrH7p/ZMKBj3dEK0yPA+UPgLmP1wgAzBwAYLZ/u/qlqPdn3OZzVS3DHlPn5375mEg1UrBJdLVsifqW1gmx72O6wD1qSd7HdBkWWD7jwfuY7nHOyY9juviUNbMMp7YPDKcVl+Q4A25gJiaNLZHkqKc3syChxW9GscoMp3rcLQgSfoDlmsb1MHihywYw6jgGttdscE+8x3QIhDrGxClb8O1zFrwtgf901oLzowELLgEsuE08wpKhbMH3gy144qwFP+j5dNN+g90KC374vQX/AUI1BD8KKIpMeVqMUOD0jXrCd79moCgZPumEn9t3I/mb1x/3cY3QmwqgCFzrZLKT8vNLvUFOujdcOaT7O8FJT39mcgI1Aw7pvvtPCel6ZEPGQ8UjorG08cN5cEvvTuvymvP454LO7j6+zWBBcZgPPS/tl3bR1R11JsnG9fvU6E9tq8cT5JorIyLxyyJipuPmBvNHZHaojD8uQJx8m//gEbBGdI3Y3GDNfM/ex10W2nct3xrXtG4DJviryR5k1csJEc1vQBJ52d3QFATNir/grCGz8qLqiRRjP/djk/h5woy1jYQRCLLuXWjrsCV44RavBb5LPxMC7RxwWdDEu520T74Wf6pvXGqcNzk3D7siLQMV4RWPe0bXzMgs1xSPcr8kxYoxK9/7WdPeBeyEhOeMJemFy/yCklmxVljz2xQJ6elNxPRZuRXxOkK6CIEIfxy6Kq2wPMRtXyXbQa7O3PlGvspza+pEI2hfeEsF7Nk4YlEH8l+s8DGxfCOLcIbb7WQ5tgpw3lurLFbIt0OsrYYz7x/xs6DWv2LXED97xvyR+OvqrzvHzkofFDuVSEdn6vm+d0XLe25wc2Q/F9KMzJKzoHvhTdLJ3DtmT0fT5siz5GZLVwh0B9b84dJtto9cIivteVbDBzde7u3nhBdNlhzB2kDRMQDqH53fxFzQUjU/GIDO2rlsrJHPPGH3oaaq5Rqa6UUzHTyk8SWh/DEo/vLjSsApzXiSN4aiHCjy8TckU/IpOmjBI4bnkc1PFOvtNGHnc/uMdoxBZQ0rccLNn6PR1DazoEl3PbC8GyZPQKiVR2vdTQ1sAGMKDm1GcdWaYgU7/zXhBwkbgaZLMu2NAFcP2XmrfO/oE+ZDZlKahuKCLpUYxXCWpKOKVAOI97y2bldC7UYMBTnRs+hgcrIcu70R5zZWDLw3jyPhvvOE72IydPxWEOFkFvwyO2Uz2cjRzf2mKZmWfzlRfLD8DR1S6pOZrJajJ8SnwhSbicG1G+BMJ7ApdE7b4yP7B0exqq5FhSU38CMPiW41tvRsdkP+MebnRMBty6yR/jwxTxg6dfg7LYFV3beIjRyTpK7YvKTkTaWpiOGzVZGN3gYX3kg1DQhJHRmS8oaG+uTrVtkD1DYHtqaWpSPYTbWI2j3vBOWWT0Fy6XgUYHAMPUEbJ+XzdOOXHVWnCiuHpT13WwvlzceSBV6aILZGMWmesH5LsrGoP62lce7fX39CzMn/DqZmH3+aPYiq4j5WKz0TwtxzSMQUdPaFir9cfz1SHAyC4ZwaRZDYpnJHBGls6EgEpp0ejbJvKHezupHI+5U0ORK1Q3WqGlJq9dgpVYmmvH+WpjxozjTpB/ZMqfafE7P+CIdZmrKObkyy8XdkI3Y4Tvvk3MddxcDH2iamycbJCMQfMHzPDRQAw/MBGE5IuPlDfpx2zQt1Daf6GKkWiLcpCCyFhJq7e9np83DvRjA73weJgXu0b3gfJIZxyxNhze+DxNfCcj4OEtfjUiHIUScKlms16kpTFR5exWcQo2fzso2N+aZkB0tVYffJtkrmA7ALaMS49HteNkYpL2vsTJFzVQI64co2ORbwUZzNbB31y2yA7TtpcaQlOiEj0YyuGsDCzhPKDvPf6SvlcbUdlqIFo43OVrZCDKPOkxX0w0a2042FVXbEVc4UZqrH3dIrlNHxbSoBlLmTAI9iEoJcxOXfZCYwH/imF8ZRpi0omT+xluPXvL3ZnHv1duDU6ZFmRGrwOi43h6e1MwVk8FI6lGPEdt0ywLOfEGD9JyWDM5PgGHHhf1KMGPCY3Ctn3lkCc17as441aOBm3L0mhBR+ygDf+ySIfoCYETy471WucSIzocr7YiBgeoM7ec9Qe8I4k5Yb10yDNhH/nXGfNTnBx4D99QlgrAFobJNsbLyGrBELhbsOO+xVFTRQv5ewqiXel9JuTc9fGcNa2HqccX4ypG7aAnuk8ixo+pAlSavIlDoFsiud7rOc31TyUMKVtLHkJdxA65tO1ZrLdgfwq+0hFXmjP3YGJ2Rogd6M/08UGJqdBEFOpQBe5Bm/8PPdIc6bnHQWNE28SqSAT7I4gA9BrsZ0tAucEIcFlSaoldzxayklkuFQq/GO0GZeTRYws9e/HP4p8q1/tAApzd+snh4pYUTcmXykkTsW9jAv6Cbre/AD1RamqAQ8e4gzSIbZJutJDJ9feQAHDOJk0UBy8iY4o35lyYENeh2ExIjrkFKbnQVduVcAm3UKWD+yX45Nl6EOlHtBSTGk5ZUHnb+p4e4Frw9MutkgpCPF1lNP8EK2c7Dts7JA/XLjhjxVoS8xOLOxu9kSHXMmWE1IdbGt1EPDhrf1L06PdN8iuH9d+YadVQLCUs+swaIM0AKN5kRtb1aZmUWnwwr04MTS4StBq6urIEgBAxk5+YPagiaiG8xF6fbe/qYqjBmAQPVQwB5YvTvO0rbMipTanwopbfe7ORkO+DFy52Ux6plHIdQbBHnfY1hfhiWaUVflfScCBh5IEAhcx4Pyva07V+pzgRMFFupxl6ITxBt+qe8HHAyukb24HPC4XBhaAxhSMTSwWV/T6ZQbaoK7LfxOlaqQLx62VXrjPpmL0gmRXKsCdUpFIvdi7qPUqy5Q9gTMdhW0FRe2O8zABBfeUHZ9zfMlvwQPtKfcHmRlkFy0G5lF8vNclZEhI+arlw/Hbw/r2IwCLyHMZvogobnUNMY2b8Z8bAdIGst/XvOAUiBuO9jLSNf75+j3I8AXzPcbiJiaNrPSIKWXRbLLjz/sJA3k0bQd728l6kSAVK+GTtsVqI5wJS4jDMDjlzKq++tlzc8aRNX7E50d6hiOlYc3N7mrp9erknigcAaZi9wBcd3eNOnXrN8MjOoecf/Poe0E7nZF6O9SrLhYfgvYjvq1P0q8ArhxqWGhvCAxzvB3rlPJAbnZtr7Jkw87NwdfWihFEo/qM7v8H04eRoErf9yywJU/nqvMeF5qwmLgHp9Nvo5GWL4dNmEly03yFt4tPONn1Fp0xM/5NLjCpVhfsDDdI4InM2d5cHhIMmXHsfAURshsZHty8jtV4QMzsgHt0VSb3WJlNL32Q2RbdhMc2Z64xrupWNBhBIxy3nXvXN519HaJ/2zeFcG1RAsmV5MpMZ4sljKO7v4SnHflz+ZdDyZuarhuO5t3jX+fd/0SLQAF5vzdFH7/Jj9KK6nVrn4B0vKtMIZ74ish5pvgaxQEc5HzETZnJ4rKJSaY2tCP2CgX/rTaF4At5eMvgZ1bsyhiegEDNTPdWAmCFxaWSsa344tP9uimOXlaOuFoABhCz+O4iYIjWKNeHiyN07dmg+YhyvD5SIyL2xpjhcsYK5NsqPNgG18DFwJxGg6ojPSMfpvTo1NyJuT0Ttb6RfxWUqIhrzy6XA/tbe7aeYf4UEJ/MQQHgTqs1zVIqLtIX2+5+9bUMxUhJ/sE+jDNdEI+LzdNJJbQlYwAFnsNgny0j15aAgsPrAhBnklNXiq5F2jkfkWtaa/DoC+13kkQZqxEaukE8BNDUFTrz1lyluBVoUUYMHAdLCAFEmCGvGsWMXaIOI6VqTsr9uiSFKcbLTbjZ6p/tmwbuB4bYG2mJpmfPJWVrMaK3LAGZxPe3P81uXMsY25SoytXq6czCG1CsuG1VGbC3rFX52IlXqrUMP9czvEnsdoMqMc5QW2UR3lJ4KNa2JJ0gkgYuwJhYLz6mcNr+SKxSWrW9EmOqvcTTGdOSsRmcqc8Q649p+GGZgNuM3xiM8e6fGeH3nz/FMDDDt10TNi+uqRVK3SiaDnt1Ntd57kk7x2u7hZ7Ia5tumgGY5zEUWXkiwd2vvFxh3SUgwLyIyLA5xvFBrcdeGqfmtz2DbvsS7azPwBuocObnDsB7DnKJG62hAnq0l4vLemsJm7P/E3qCkDpCQOLeUJxZLReCy94yjdNVA5a1MfslwFzfqWBxkDumUiVgELVgOZhrzqM8cHIFxPPruDFB1JPW2mzLDWKDvoFhbLiglWFYZqkXRDoxGlGFDimIRtdraBr02oQv33WZJ/nwk8Q10YZyq8sdF4+CPgIA8/07f0djNare/D6aaez6x9kFnUSj9oQpzbxnh5lkro0gIssXpjOXbMxQsP9187x0vAMPsLWDUTeLd10EALFn+Gvnq/hvIx90K/iLkFj56Ly/DssQwnP7nLwiqqJQ3e86W2L4EWsClqyi/fZFMGLtXBtDVhx+KO1NyXZoe79/TODR1zzU7hVMHswu2swc0l61qsDtVU14xPPa0Gpr/B0iqoQMAWFZRJf+mRnm56mO8gIhF8HPm0JbfadyQ0Hs1ryuGAkIvP5lPJe/3eyyh3tM+NT3iH6MjRgU4nPT1bI211cjVOP/Ty8aZoCmnxtN4+rKVa2MAbw+0UxABYQZ11KZEdlmRamXI9JC79/Ir1SB52gJqsD5QwgjMDLs2nljkxEJjAqffrYbErt9p/wX0uoliEXJ9kxv4n3xnhgK7gAmg18vHKnIpi6xnalM8WwinfnKuHusPeFl/KWkxU+A8u0+gKHn1okPek+Kb8fDuYZlzso8Yx3va+6Be7xkvx91a1HClzicWS26hZTgH34UdWtP4KlhWZM14lPpzDo9YANjXo2aREjRu6nNYrk8oMLmny8IdaY0xNFiSvAhAkesD1Q9b4T0BrFJjHCaBEEGRRGi7mTOPZtvUmEFZk1wS8G3z4SfwuCPMUXXvJgC6r79xC6/dWE+M2EmmAyS24PgcLqU6hcsMskfLoOgMvTiCjB51TR4ZKGVo1s3ni26dGb62JW1d9vJWw4WPTihVsEYP9BFZtd5XOcp0QQ56lk68AqKCFpecEDWuWVcCRDYuRJIj0kKdOMC5OVi27X6aPIBn4zk0soEdNTaUpFt0H/KUW3JkRFWEW7yFjNhpnPiejjhoo3SycArNIS7Evf6JjqfkObGPwwNBxR1+M59BkWFKJBPXugEtBbHflr1Tq9npZQQoG7IoztFzo2FForc6g6UVYu8zH1m/u+7Btgy8rXdpS61UZa7IG4ppod4+UkT+hv0LzaOOMHqcgPNDIEv1+LeK35TYGHrQYwAN6ge64KuhcOJxtxBkTlGbdGB0ERJsqxp5DxgW6pWL5RT6h6ji+GlKrXFAX6p5wrlJsa58fx9NvZKxkhDeviJNlUlQBavKZ/ICGiy7Jm5wvxHZNr7HiPCbhuo5tV5RW1WsE6rrSQ1wadXjU3flPGQlXhncuFzcx7Ie0hEOhPWGezbE7DRbN5Rglw9x37MAsy4jrlOsBYZkYbii5mACZBfKuftQ9RyBU7RY0jOk+9Rgs2FvzGkot3LnURDO6nXZacftgctELwiAoKnbskfacoM0j8yrY2uWKwWAxB9quncz0kByve0BknjvTXXhTF5sYF27RtItOCL1GSa/YRx2T2fWFUSbdhAE2Na2Ww7pBf5y1KKhgEkzz2z28qWYML2/7GcuAqpNTNaidgXO+LCIR3mE0Ot/YYwYIXNJUckfjKG5iLa37c0HK8FZeRudQ4QbBrwIdq+84cOnZZwlcD08CH+u2Xo9k/+wVVRR4omZgnRBoaEQo0KVhOh0poeQVL7dQ+fhjgLzMeSOYDUJ1ALcYmJqoEdIYKBg1BM6/LO2mVIhGIPcttL0TU1J8Pix1gQUobYp6X7HKIWmioEtC+Pqp7NZTFiIo78VDyBsDHxr/lxscGr2ho+3459AUh/EbwXeP8tGy3e3YXA8Hb+eRxwL02lOTpte+6Kik+E9KhjWY3JxkiuzDfbes1vSb1JzVIqJpNvhuolwiHWLou8JiOL1ssneo3WMaEoRxcUYICQ9Suhvw08z2idvUy4lS3Oaipc1PZbqWVffPs/9nk7/9vjmoA/xdY3e6VM+oxqjDhQPcWY+c8eNqZHMA1yf3BoIYDysKT9BRMLdnkiilxR9WpKRxuwnR6s4kkVHzAKz5uWNxsvGLJiLaqcBjiTgQ9+q5ih6Vo7aWbK9s2Mx6IqpvZ7n9BJFbYoIoj2GPHrfzodyClmInqj2p3AA/2Wa0v3Zffu2tVPe54sf5yvNHB6YaryMojeXCm67GtFQ5uOrZmFpiNqFeOIBCXwn47TwigDBPcdcb9ZoLue6aWkYKphZplapGiJV7hdu+ZWntG8z5mahkxiPOEr90R9CuS18ElGukesTdhApP3PGJUZd3s4o/MOT1j3jxPCQWv+Z1HbKPEI6YfR/Bj1JqIHOWQr60DqHQnzMfofekOS6bRhKgEtimPxEJl/OtqsQNcuoNQlO64H1ytbsaLnS3duT1buqM5vwkBipansOeELJpBQhZOCiELh8Kt8a+kRS8cBSGdt6Nj8uMddXAg8ox/kDJRa9PPXLWmqv60yifixsoZCZioxfqPIWoBdi5iajqO0cIM03Vup+e+SpbQCVMHeMUAgvXOsfWS8OinAHibVA94kI6SB8wQ4rvxSBBXJe3HbEgobmIZ0Y/PApxRZq3uEphxPX/bWf7nmbbIt4Z1anrhy5eAcwfkNI9ZOIuxWZSO+hf4gfpcU2QyBhYTAMs7T6gJ3sjRyHAI9cmAtMdnshNRaHSJMCYs3UHpKtYHAKp7O903h4KI0THGH/fGWgdCOtqt0ypTXjZi6FcOW/l9JWBGqasKU5R29KzETWTW+eCsz6nvcan41bmli7wpKS3YXHf6lYW4o78+xjFaQuMC8dGagzYbsiJbpBdjIaGcDlFTiUZCvejZj1b75GaHahU9hTyopjcrLyndoSIytcmUcsHiDcfCPQ8u/fFZk66upqgXsItHkPu6LDjOe7PeBpE7g8cOV4Y/PZEUOXE85rMmXOrYQ3DABMUEJmt/KvVSMt8iyJQWA3jyocm9n6cTBNyU5g0W7SpIlsijWFsaoDJS2yFZXhd7Nxgwjq/kBcAj2N4NXovhSbvnCY+6WelHzyt+HvEeh0LR2JnkxYJ9gToVjV+qBDhnb7DEj5U6sYrq4ZevpNUXlaiOANa7sUhpnFSFeMfDpXjKZiYuvEHuaVXQtSvRYyu/1lJVGDp1/Ya/HYBBk/nb5gljDUK9IdA42wEDrFPnA7dK50Krw4VbtazZ7juMwYI0XYKb35E1SqwJhbsJtYtKBqJF9lTCpp6usB2BBs6rvDdj1BgTqdl2d9iNgUELmqR1VRm74yOD8/UG8M3jbSSqqYEnodzXaPkvhAFNqKFlxOG5i5XRFLjT3O7q7cdz/xy6EqiPdjdOTZq64S3xLDwKAj5D1AD9v+BQkbBQsFrTY0fDT8gl/id/Ovv335c/nY6hWtb4rPJR3ZSLePkZXf2a5jy2/ybbr+9rknd9cz5gw4OC2viXcvdxlPjuozd+6g9OL0q1zTtYVlpamkwdOqji/sG00j6U6Nzf1RAj0ck3442Xp6Yl/JF9ZStXxbrPZV/T/ir7avM32VcaLFnvo+yr838l+xr8p+yr60fZ1y1hf3Cgj4A40ItK4gIafA7V/lZK/0rBoNo/y6C6oMygCr4OJpZBKEfHZ4ti4RbT05L8/0y0ihtRzCsj4Hk/ATzLZ7GGjskJ+pgOGmdClxffncQs4K3F7qOE9uJx7o5RadukG5kmw4fkubLF+nhQBeemnmKVkY4qCYB3AVvMEiPnU3xMbNQzNWOXBJjZRCcH81me/pMlzmYJiVItBqevp2915QkZCAU8LtOHk+mYdtvhM2NDmBj4uiG6w7giaik9dbwsxRDhjZu66RT81YKm+yyZy0LQS/hxK+C/GdP8+sRaak3yYtOsxBRDbGaDPWSKPwkmlJAXQk3Ibh20QYPUyDJjwKbM845KMaySvEYjtXqRNpSnFgtsh3taSc7Brz3x1vs6N+4RhvVBSssd+W/kGz1/xdRJxqXA5ciHxSMpP9S0/Aa694BnEKQpT51oOE9DkdZo2ZXGrXwBz/djL9VlnDTREehqDZISke5GtvJEQ9zDgUKG04llgvIvDV8QYMvQtj9B+6Wbho3gNSURGXODXqUsR9se1xfsHX9VPfSTSgD0W7YhosSggfrrWIVj0Ou9e4EJ2ohkdXorGEyA9yhdwyCO9Ej3zY2A5h5WCXjHbNe//1w82gVBOtWTSmzwQ1choRNvViZkbfYMevdwku+erZFelD/hwk7oXI4WtPH3evH34UD06c3AdbAXYuPrdJdUwsmddL/RlIVS/yEmBLnmepyOTxIfZxgnEspdLdGanEPgxW9IWYZ2x3Rsvo33+xzKtZ9ue1Bvye1ae6lQnRKHNGbZRpNOm31jcIBdc//HijICchOZwg4xI7MSLu3xZIbcAQOfnXYwRajNq1JwkSypbUf8izPu/eyJtCWUF0rNvSrBEQN/NTBKSCouaTdYiJ+6eBTiWtnNWljFXksoSKQMn5G5IpY9CbDOCgctz6/1PZXCTh6fUu7mUzq6aUOmF5fK31OLfz5UJCrn+UiG7+eXYtoZi3iekyjQAsNy11qiOdZWthHlpa5slDY7hovVMjPWHlNQi1GoyaMv0BGmZCPjocTguTNAMj+EcZmKMK7RAGrmaNyfUqizhiSLuSc6msF0B8zqWDgebFZ/PAJsAVE6iuqgFP1LxxEU9YSMrazbdYrqoD3AdsZfZ/KLm6I6SFefFo8SwUGJLpYoAFwdFH08s/0dBFpkddrtWLhvTQo1QK4rYE7efHX+Zas1vOidy8ai3Edg35cEfZ9DLf7qQ3XQShMUy6OcdV0kCQ13+wNzuicr165C/8Cc4X+FOeXtf4M5w339PsKc3v8VzMn5E+YM/hhzjqgEfFnDNAG8E59WtPca6BRO316Vur7X4TeTLOdv9ojGTypoSY6ztCS9j2hJe5XsncWFt7Olq5wu2URj5XTe3CePW5XK8j6pAMtH4ZYRlZHqFkUE94Ktbn7WjdhWUsngQ2AJFIvwOFRLVvztIPrzIabH0wMx4W/KnxUYckD2UL/nw1oYnnhAvBSbacVaHdLLvOWUCuC5LcELmjw3qfJCZsKoIz/VreRdlAhL1qinAwtmun/uhQypUteS3TAoc0Ms0hMC/T7IdTlgUtLUFWVDsfOEw8uVEE/mfrWmyMpW4LHjc/3Y0l5N1B2rW7lB0RDk9DXlLwJOlr2bPkpkgLzcHbpJVVh+PS5jjR9fsK1+0gprUGRM9nP7uoq3OdmYu29nQ2JAwhZJ2K1EWsJluS5a4Cq/SGqx6pEGhXt0us0QRXCxJghPDvYXqwQYSFl10vMy3eqhZv7tzk6LY7wTP3OtiqxZZ5Jdb5nNN1pcIx996ApgYqPoyAvd+IvLb5nTjKsnQ0KnVpekKQAfaWsKw/JlRGQoiQOPv8H9RZ51MYfXGXKH+gsozdhJAbzCAWpK2ffYGb3pGiJUPxI5eXqrgEp4lK8SUHGgUFar0fRNG688x/kbmzWhA2EqI6Nb3P3mCb3gQn75padjYR5aaHZEGzVi59yzkTlQDNDe+zDejCpqDOoLtPcR6npbiCvqjjPJHeLamdWZgYT7UsRHIdApsUBVGAtNB4aBotklQQbT9qBo7hWoNbnzkDVuwMWqXaW0dWWo5VdoRiPeQ2uzpqrQy4UXCyldd8/jbphKwMvfDLEhPyo0tp5hKl/Tse0lqgE2oJAYvQjAHG3sFPj+jsw9lGyLrzj4+k3raI2iMxkLDBTSxPbnRWpL3Iv90uuJWtaCk8zw38SHTLx10IzaXRBXN6+bxjEkD8BnGh7KjmieG5bk0azWFNvLj7X3X/V0r0hjzIoVW7rMgBWTlyCqJmDfRl8QLblWdG5jfKTWoxlNSn0tnXlTlJBv+Ja6nqG38zJ0oYzlIx6WWgqWtshY2PZDpwOs7sjPwctOgMKEcALgKyMwzVGD7emgZfX5PCHhSAdNtPF2VH112EAiaBPZ/FmTt/mfSMGbtn5C5Qb/18sbxiHjPX3896hWG3hukvgsZj2D3ofHwdZfTxDPzMn6QehXMt5BwsaG9KfEfUGuMxgMilIJoFpMewKAaicnhyIBVPsccGgfe3eCIMzNV+vmCVee5cOT+TeDSopnJiPt/1TZM2uu0syNTUwN4BF3IaXtE8+VQr4+wEZldOy4ubs5Ab/qGs/CFENZhEj4boZ5FWlsfdotKevZ+VBquQnFy7/4yHQuBySUY5HfPB8w9qYePWtjPLIEptcS8cAO0D4M7Jkf0qjec2nU9j+nUYcCP5T2nPyLNCpx3e8UprDTysW5gXMUpsS/ojAR/obCNH7/g3TEHxSmtP8ShcnpYwoTZ/lHFKbmP9SaMkFqTTSFWlOK188b8kQ5ipCvzWzIF/tRyNdWudhdJ3O2NjfiHHcQNTNeBLLy3t5qnxBD72/Zex9CvsBk3mmkPcarBObJAmAWuksG93X646ZCunrHzZIzMBVnQozWiLu38RqXmY3Zz40A+e3+PGG11CPOwt1ooL4xKicZ77agEg+BPh/2pVtNxneP7WxNAX5oWe2upMOORf4LQi37Ch5G0B1cSaasLNEP1mxU6zRVB3BSmytMZgF+1eVvZxMk7UUC3HF6xWdNhm3m8CTIuOuWQrAvobE5bHZlrhvqGcdx9gMwp+KW6PkLRzgXcVNkS00x8zgy3XCxZGEU4Sl9tLR8H3F7Z/iPt1zVmnijw4+Y7oYufaSfUuJUAhL3R9SztGnaDYQZEH9C9g3wtoPNmVfUFTh42Mpox27MdNu7ZVRUhh6tTCC8wMW1fpbAfk1/VI1bd+himwdJULZjU9iuGtd6SOmlZMm+z5o8xeUvP2t6EQQbfirPLfBKmQCFyx5r4viQ0pTNv0hYiKq0QF65GZnmvvqrnhM/Z2ApkuIK4olCQQDVNOZ1kerIaKVKQAr8FF+jiSmna3eWgOb35GfA/JYOsCZSx70g1OWB76LKp05AXGcarsRLdFa/qULI53H7AGxaeiUgbN3MVwizNLoxuXPsKfPs3BhDBAAKYnPwRa0viRMzBcRZuwq8WP0ZEsR1EGLduYTtJLkUyCx31EJrGm9pvBJMGYNxVEJlT5VcoNwMhVF9DN/W23/KEePEslQV5iaaeU4fhkCDdziWS/aVwP3yOSWt7xB7BnRi1Prf/aKQuSOW25FYIZCKwZ/Be8nkYYZC+rlSz9a3Sr+OqPFK0Ja9CoBMz/cwNzo7MR5YGTs2RPJDOtaz818GNJSEU9jrbXPLjcm0rCtWJn2C6GyPI85BgqLtIitSt9f3M2dBr3UvRQedtmP0yTR7bv0+HlMO64o75gnvpHFD3pTLYOAI5/NgMGeTjLX7hIzaP2Zz9u8fs/mP2fz/4Ah4HNpO8MrwGR9KK4n4ztgZQJCaYW/Ky4Njh1M9qV6btHMrBwa6iW/GKjHtjLqctocRCXO/v9cMAHn6mRCaVm/0Bc6Ga5Fi8Znqc4D5hRXD3c68PikQvIy5aUXunEZVAvijXitG/MPcj4W1wKIY5sgQnXDA5DbqoQUGDfbekzvmCfFgGb3HmmMHgX+9ZW4d/yLuM8XVWqKywp9dUhW+3uGi9L3gyxBkT4f6xaL8JTiHi+NEzo+vGhBHyyq3TvtDKkpdE1oKfqIEn7DJCt8+xTJJNeStYhn+ymoD8PHQQVEnEsBaVjPkqh1zF9hli/CDWPuSPODCOyEZ5pQnJ0gENWHxg1JXxqROfsIVyUJVYfG3sL2DOyrMyBTjy4cRGb0bbtT388r1Tb5ZYdw8PHg1uMXF0hYC1bws0Wnc+KD/o8uFpp+6vwX/2RMcvdQV627Z1UARtRUuN3A2D9tANlrMz8iwosGPdOqivaMwM9H5d9IMDKXwmsIg+vEBSEcKdmwwBLR8UHV3gSfypsTmlhVNVdg+VGzz6NwXxKyY+U1VRdmnuGMLAGv6ouQuocLXygG87AYDU6EKRyBJTLVEwysGI1WFLf2hVlAaZ41EhDm+isx6bll5TLBremmffeY5sJtSQ0WSWXteDNP82C9kXmv1W3GTDUYIB5sVaIYrz37Uk+EpXr2BteQXD5I3BGpPIMrHcVXtCIOksfhEnr1pMmvHhRcSOmS8ItkFhAODTcMg0KX+BlU/ws/0UMs2eA+75Gt9Ezit7/d1Rd4+LpUR1Eivf6Graci3Womjpemt772SaMk2/kG7RRoS3jEUc7UlEACXo5jjr6+DRm3EfZSJ+Z+s6fuPKfzHFEL+MYV/RpCL0o21xwBTeDcGmPOsxJy2QLu1RaR3ekbA7ujNMwnnsly8JDyT6SZ5IpYOqvO514gLJtvc86UcGa9SCcABK6IRWDkeq85y4VhgVcT7ADZLuljQ6OOp2p8GnfsdqaFoSXrRDEd3nKmXDEGGU945TekqtYH6dVAXDVOqhIEg8X2KDGzNj4jnT2YRXN92i6ju8d9Ym0s00uvl35xBRSLJRusZKz3vJf4QscMhCjAi069D5OP76ERSJngkm3e/qgS8bNy7ib0kIP4JgFpxqQuHh35jdVABa8atUBlhpSPSAMtkO6KPXf49IXFFWFD4jikNXCfJIS4YlPUZDCyFIJO6Gn42vODWQStqUaA52e0jFcCctXmkOvKoL080BlvRdtQdAF17XWN6L7yabp1bzI8ZAEiz3aY/sdZ2UG8CBi/x/6wJ5/MGgvQykE3ZQ6CW1owoHjFsc5qzJt+yNwWjtHPHvU84Pf9CzoSM61ii2VyxcKk9hCp6tr/H6tjAl7B9fr5n+UchHblKuV3HJBsy5dcQl/6IFBWcQluB0WQ7mxXu8d7caon1nScMqWovRPg15OCuwZaPUdSa7m+tePFQ6eH5jkNCXW7Qq/rjCjexxhFjOygvLRrrZbW3Q5nj+wjPmsfmN00MvCkKcd3BOCv3k57UtYOnpcDNteaGIKtCv1XKgiz4hKqsP6WjK29VhQBsf89kdT8RWMZySTU3hk1k11eH5f7gVjMD7slmTilQHemoIowwgPU7RcBNWUybm0jwOHcFk1VSBVuxZGSNqnB4XhoR1J3vxyNZsyr0HN8kjze8nmkJzHz3n1ToFZu4InVTG9I+eRvwSAfXKFVmZgbegpRejG0ltTY8j/29JxsmexK+ra985AHRJ3W2OqTmfXVIYfi2uV/+m+qQ+mb+t3yGV0Pr7oQ0XGdDjI/9LmoHgVBPb8HXnwRXFj5mf1A7yPmgQr9hmYRrVTPbk00guP2HYtFD5eoQ9pxikfdfKRY1/o1ikYjxQXPwD8Wi8P+SYpHrx4pF4U4fKRbZ/6+qQ/IVlZny64rKTPpHlZnQj9L0wO7wvjqkcmZSxAGVhaVQoZ+QINffHQGbozENFjE1XTgY8qac1Fq5g35cfn44lVcZ2X4wYtCXvsEwp03aUVUY4fLHr4ZQQQM6Rbjjpx6vDd0LPWG24AFF7cxyVHp6Qtd2N3L3UNE2S+g2nc9ZO+8OO4Voh+3df/1E67JvEyb0v1C9vGFFVKoG6svHzwGvzL2jnUE8/oQdlYWnH8HS8cC+2j7tl6S5MF2k2YDdEAneDzM37VbUzzersYvo18si2ZlHjE6FwxU6XFJ2i5IW5aafAb/j4WrydMFKMg1+x2iNgtpl6kut3wiebXbd7SojLcywoCocvTjs0npgGjyqa10paDS1cajbjyAg8Pzh+HIdj76o1vUJC23j3zQgVqKOH7eTnw99k3tL5Gi0OAdlxnaeeYEnubXLvUfy50rwyNjBeYCp+N7/epkuPP9VcvQFQzIrbakR+woeOl2j/sLa1k7/qPjRyajIoiDa6GPXHJHP2KXl8Q93vNJP+8L9y1Nro2LiJhuGd0m0L14oU48S6SI1Z6Knt4DrM1w3kGnre7cpWGioMqyAS1UJqHgxTIeU1i65yTmdDjzBZB+C5G23e/p0AzUtRWAI0pV6XBR8HzIulm/MT/mOzHoilQLDmFrwNe+/HQ5pT/Ho09SFOTu+xrRqo9nuL63wXW2g0jhL+TKVkdppRqRa01K44LktgGljTeS1WbynF/R2CCbviwmJVvB4WuSOUaglsrJMdWRTAHhLGFIbx6sEPHoKW5ReH1FPLLnmYfMVmi2KTqhpDKm/h+88pOfELvshIRZhUbmZnw/Hsp4MLmi6T5Y9kJUMNoKFDzsPqASsriS+RAz6W/aKqvdjGlT2LrAt0EeJvEUShqDIN9bwEEtE7LRaFnXXyWWB9xlXONNQJcD665hSGssFmDGw5PV3UYU2MPqxSaWB2x4oa15f/YQYAJ/SUc3b2eIPGCpiSYyqdsDYUFJM7qvkxrAWac86hYi8Mo7bHUQOJ4VHTcsGuh9OlxSH6brbR88Weytw3AiA48KOQ1xX+DeAzkBuRtr+rmVQRdN2ZES83q0ox1gH9rPyuXazWgbruThJAjCnCm2V6ilTXiUCUJCmoFbauf1BxLk7S8RxyZFmEvcoROTV3ovIp/0XRORt50TkUSAR+diwP4nI538QkQ/+oA90c1UNg4iZZagapBV9YKj6tnGU9YHoFLP5TSW/4AfG9VGSi6xijXQPtmD8YhLRvUCfy1AVkrB/07clzMfgQ98W2Ye+Ld66hZJS8Pil/hQIsiiC1YPYKkAeMvJ4dO5kSXi2uo5XneFzvO+o/v6W0wEP2MDqlIBsmb9z1h9iBuogMYMUhZiBCVPd+Qj7fd+WeHwY6U9dTD8WM3D4XcxAodILNpmYlP8Yk7lcQYUPn5w8CMuReglqAWuk84MBYvoMAN56RnlXY2MascxFkrVF+MOJeZh1UVbHWWKsvAnUD+RxE7DNwA6b224MI0Gg9hJFAjAWWE7jLS/WAmApN4+SzVAVxWJ1HUDVMaTaokXphLa3oYsFOHvI1IBC+7bkzAVwweYFujckTFH5aDgxTxg2sZnRYUYCs2IDBmahXTX+mrbZVxR9xGIucO0p32DzXiVTB787B0vjFPzUCc998ZlCACn0tNjsjNAiH/VdBN9wgn47MZt+DdtoWxf5TE7XAJWjT9t5L0nPCKdsJuossZXpCXSnNbD9bRgELeEo18UCXoAw8GqVkk1dnIMcUrEN4kjSno7NjDzgxKanrVc7LRtUUrjvJ6kEfFkRaKI/f+jRmy0lCFjlQZc8eOsiRkPVdWLWbYuwXAjEbXj39u8PtKuUdp4Otfh6NXae0KtMGKyNcTyI3e/quIzNbQSFBzYDE85WOiGbfDRFlewc1vsZp4Vmt30D00IL6PXSpad0ElRGRjnJcLhq0IKmNs6SEf/6PrGijtmPokOQ1YFsn2bAOARpynldJeuAjB+wRCck8In8akvbAcxpSvTBlkuSEIj1ZK9mP8Ranarkj/SMqAT4Xi7P29rbQDQ0pkiQF2xMZwsjL3d7GQsy8X6peVheUuGdTl10wlHev/TlLyPnAc+dcy1iBdhjeUdQIEIpoyoeXnQYQIRBF1jvAEQojXWpWpjMKjZQiAMlIWJaQptzBaiZsRlm5LMD92XV/XvCfexsCrqETyP3t+TT8mVZoOa52+LAdU2Q/Z8S1/NTOrIIU6yrGa4gvxvXdVYhaRurkLTNV0jaqnuaTMP+raQtSiFpm3MpViEfUJByPS1t+t6J9BhFmzKKUpuyI+/blHFOJ3m8lva8lWla/hVA/NCmzMpvep9KAHG0Vilq2fxv2pRhL7wkKtqUYRVNu+U/vm/aXfi/btotrp1r2u0917TbqgD7p6bdgR+advt9iFrGPZNZxIhmJW25kkPv5QNSTk+UfQwQM/8tQJwEAOIgU6QkB1ALmPPcxIw1FNc04Kkyz1VB0+tfROtyVJAMuErA5AaPIGXzqM1SKshoUBRkON5Q+aMgI/t3OTw30B5qJJrjnR4F8U7NFLzTzEQF79RvpJlozdlHi/mzKP1HtcNP/+CdigYjJv8zW6bcnScUVTfHpFX2Kdq/6hPHhr5SrTNkRDT60jHtdH3TYbE8z/movqe1lHy4BUBUBO25X1tU+vweuZRBkNd4rSSizHCvOSPH7BIlba9Xgoq0CGxbu87SD0KobQ4om0qobBcUzTZ7N6G0B2KaxtQBG8gPBpdcpBsKNBSzF7NhDdFEVVgbW4iinwlh6g6/OlnRKqeZygCss5gfVvVVIMTVIMYbmDrE1I2BULTA6dmhZkTx9Nq58bt6WV+hbeH6PnjqYu+HKfMlPaOenLwwvR2ahvxtdFRZn9UtH6M6dcC64tdrw24ElVdgrEgSH9AAGSxttG1SSof/s6YXWmxPwn5ETHs2YF83pHrwVeEetGCy37vF6fVdpTSKbs+2nsnHzCzQrIhBhkGgifh3GRhsjb7lt8CsbkfakFlXbgUP8Kx6MlQC9KXmjeJvYGGgNrVDCwH/TASN5SxJd3yoGuC6SiHnI3iLS2tTQaK+874zdh40I1fjASNW2n16+UoBpXapNYMI3QbTVQBxeLKR4EITLuxX/PR2SEfuqgu84BtRvKqpqjlbSl6XYkPuPDSFc0VFnkgXKSwQxRDfa3fF1m/JmoaLJQa654IPsTyPSu/hX3bjw4JxE/sanS/w9hjGsBaUOoOWif+Rf8zOf+noH7Pzj9n5n2p2mmdVWGGoiH4rgzRO0pNCuanfjazVUywAOWBqau8BNqmFOfUTIT7WEkV42EkKpYrZ63OsnzsloEIS80jXI4Rzo5E09/dDoOv8M4sAwOYNqZjqQDtC0dicBaHHG2wX89dGE1h2t1AVtcPalt3uhjbyoV9BT5deDIDytpn+05PVqkJ9f9mxJAgyIvXkYlBDgvQgCqSUlR5Jd4C4vpK/2JiiVITrAKyxSGvchadO8DFdtKAa/1Lgee1EQn3t8LuTFc9dTArCPcpz6DfsCYneq/yMmuO3HF8V9uOT9s+axBt5V6pU7sv0tfJPjD43WnziUTprC7uZX226jXUowocUMmVrEAGyBCPH3kBKKdf2r2ho++63K73B3kJ9BPZVaaw8PkraFZr9Lqs+ImM55TkjONjIo06PwAt8ZnUr3KfZSCB4VleP9GBN0obNGrktJbU3V63Ol/AaCgq9jDRfdRBWvSyRjQtkZ0Amd3HcIASadzpsfXa7ehJBTShzHmMmGjNGG5jrR+c3Bb50cX9OjQk2smDHTayHLVODW6IF6/uYWRlHKBJTbygsRq3pIVUlwJqQO3MVEipQHlmtqS17o8ZencHF6RmtG2c22vZWez7uqDoV1+eVmSLGNa/EzlAn/WxVheUPscaCsAvGVxrvFp2mxZhOAwaScjcfTDWUmVENyQ4vBs1j/bTQtsl6LwideYJLh0uisWf5R6NS6i9O3bSdJ8TYVfza7hL6bOi22Cy1o4QqAQDY4edD+avAFfeNAfRZzQaU6ITFnvbSZZRS+Jv29i9KE0vslhXVqApL17DsM5Jv1/g1S2/Y3RYdO+Ot2VG+2X2pD77wKb7oUgxDVYh0V6rW8s36PL1wHGrQOuh1VNEChccMS/K4YBeSsYlm2SEMM5RfiUMupUk4VyWCc1JyyqoJvteU52M6BLnGlzJ51etRqKOI30YYRpJZpaXTr/EmjSKRVK1GXcrlffSygNnPFLxUWl9foCOWF8rxwP1YIhluL+Y+QW+DTB3cPo6h4HvyQfuT5cJPKALzf/sI8HsUHU3EEvaQhf/3wZr58lqFepyTQj3uQoHOTMy/VY9LU6jHtTyrFVXv13V2qGt0jDi8ucl2QZOnCiMXXMyfR/ijmP9dqDhgMpK6SpHbUErWI1mzxfzFH0grVmd6jV7OffzYh7qObNRT50v3rem98Xt+MOV9fvDhEWxS0TNyaCppE4Xf4/9o0jkfRFopzpWASSv4b2eVW0MUyq2y98qtZqxksUnurHKrQSvc5SPlVhnSaFY9Dgf/oNy6+xgphSGdJa2Iievfk1ZYj6Y6lJVbRRb7f1ePM/tYPS7ciswa+5ueZG0J/Cfve5JFf+hJFh5vYqm09NMXA/suYUKwIdUwgObBM/WyvBMvyqojH820uraB4dVocrBjp+2ZqV8gyPy5k0ASAsf/UEO/B1JD18WveavT3HD1dmDYbE8y7Do2w7t+uVLZIab9YzX0kd/V0BVNqsFlh9X/MWWHD1RGAOw3XFxaYuy0osg4R8ov4GDysxE0bUdL2Lr6zrFdJQcXXM9fL9CeAb0sWWfmovRCHdZqRci/BL/OcwngmlbtcDNOVRSt/6i1u5Ff/3l6/W4HUHjS7vh7hZvw8J8hyMX8o7enXgCzXAc8B/wXAMjhPnQYsPxDrwB/tUcl4KsFTdw+RT6rf6C7BfX13HctsgAXQnFW6rXguliFUBx/4AWv9qmsj29Du27bYzXqyjoLoLMYRH70MybjsyZPXcsE7TIMw5Y3aWKKymu4GvMynxWFIExfGr6YWz69/kaGvLk/GTZ3hlD4UQh147DDXtFOO2D/FtHgRjutU9b519BNIkr0VHueDO+imyzrvZjNHadvIRmRDUZbiTm5p11+rvWctmh8avlKy5BrZSZ+bV6Wu8pgneqwcSKBn/mGWJF4/Hg46FEuANa9ZnP361sWX/XM6uJUr4YamDMCu1wYTTh64S0/ReOrfhoEeYhuRqbo9klkGdX3LIzZIm+RTukjxdKb036FcKoA37B/8CuLovUa9qf19QzYDK7EBZOrKrQLFz0tTlXoIQ+cBfzpijsxC9Pr/+WggxYw+Hvpp4Bd7WpEVbmSCM2Z5FXkTt0VcG2PQsFqe4MFTYD7Hgi4V8HwlP0tR0eKPeYJqUWUdpXQ4icE58PU7QJpyCOr5WvAu9q0gnPbdlKPX/7byxq5GSNBFLvYtk5fFZ/Ao6qM3NPpPGSC49dKDzEfAs+6ccDuVtbidMIF2ejwaLHBBHpw4nH/IAXMbXsMO5YNQfYOVDNXM7+Z4CIDaPBAVlSsfGB9tqSWZaHVHTuvmPio9VLJwvTIwWy1l/WnRn1pgnxUHr1le6f8G6nT5sG8LGZlf5kE5NHPSrGavzuXXFMaHMhI8SyMeDh3B5P3kRoK1UPmAKtQPmzZH4Shfzv2oHPs+dxXhmzfWiggFHOglnM3XKNQXjCNBovlRBRTVEHPpOt/mljO+KxYDqPRvYr7eH6HdTnfENhmCO6BFSGXdeuOKVf1e1yDpsPSOLcUMZ68CCM/9xonLUNFw7Djiqr+qaMv0DBddMJ8/UKwkNwD1h9CcgrgIIYFzYpmLfrYHFUcwfbUvaffDL+LLfsBtJlnBWZCSi+uV3RSjnP6Q5w1e1jRkfrVyQqfzmWqfcThJxZJUVWtw94VYHHWApYS/ebG+4ZhAJTX4r5vGNZoga1h3JttGEY8zvH9uGGYqNhO0TOQ0fGhYdjqS2KcAXuWfsMQ5L2n31i0jQYrNwxTJEcD/O6klNkwGq1umdFUha+lJTa3vDoTNjBkYgiSk6zcwjPWTKnZiNqs3I2uQu6GMit3U/NOafGTjVIMyaz+tMIQSlMJ5Ub9zf70I7S071QvJA7vKtBPtmYcCNSD9ksBT7oclI7BvHr7h5JcFUhJzluhJGdnti3+lbRDmCUJpd/GwNI2OimTQnEfK8k1/64kp2hIDSaFav/HkEKzNBUF9ICF7QEsbAQpvD6NtzZYdFReuBe1jwJ4jWZfZ0LdUDudT5fT7MK7DAHHx+surt263KAydXJPfJEsAZRCbbsURDaoYVoSBGISoq1H0ZPrzNjQVz9JfWb0YUvSIx15BSjk81p3JTGLo9cgyL7eUMPe8mvO/ghdzmqiFTm1VqwSMG31fOAl+GLv2C9DY9WWDgGTnVbeprY4XUnkTFY0GyjeH/BYTMBN4AMJHIyue+uuWdXHoroUaRk+7W0rCaGPSXimexx+G5/ZgDhYkryek3CMrRIg6bbkbMHsO89idgx3riazXOQ/cTkg2ReFAHxAZingebfNBJYSb6dsP2pFLxADq8gPsB4cFdxxBs5AwthjuIGlsneV7VqM5uuB3YnAuuIU3SW8agiMh45WrGeJDiNo3htdZ5YYkinPEBduqHGmgkA3EA64LEWVHu05yRPA0tztN3B2cmC0sc1xfpM4ftzKHOt3tivk0UIKd2MVBHkBugzN2I84SuLWlh1j6ZtjXML3tOdVfsvySA1TuvDG8yoBKxoSJTuHLZONx248s4ShVgM28zP2FsLO57HGMEUBYV4Gg3MQO5oCPIdbAJijpkouEpX0ThGr1dPNhpgpikZoNP19woHF6R6PNPshHefrLTN6AXRHNb6CsO18mHd5qLxAUtYHTY9M9laCwQQ7HTQ2Al7mvAAbUfSUSaYeFbMgpdEzP0Bcp9s2Mz0ffR7LbT1RQFBhqDXJa5ChnXIa3692J8llfvNSawFs1c6aIl+lOsPdgEnULjIGtkM6viIk+wwnTCXgOt0yxtT70FOxWV+vBX6MtyGrUI9W3+UbJSpiN3ox2htaH1RLe5krCQ2s4JaIn5BfcA4tDJQ372hKCZQOudRUgqjL9EQf1ROdB7NAukaPLVRGPJ8NsBTZ9Xjw/z8H/o/paJ+RyXMm2WmgXUBjzf+mQZquZ0G55jTfxXo7NLNV7WvIC1Y6bvte88mllPKGTUO2efeoBjNPf2pqPZg9ubxzJ/blxn89aLu29kbFiouzxDYbaPiHXMJ/N2D9PwR7UWR6WcT46BRjKERw1iDNXRLLDBq7n39kA9tkm3P0DLhhiQ8GcBDTKsNtIyZlk0dmMDbl0fmrdxrFi2bDzzBF+NlREX52UAo/u73XsMMCsNf3PiZt+qi3QjP9BhiB+DG2q4x4lUUpOD7285t4rVpKrFjWqVvvzXL2X5hlr7JTf2OWSzMV0eeDH0efgXP9RfQZ7/tx9Nnfkvb3qDdgkwL1zjQro94guy/Rggt1JSLCZIMhkgv8zjVNZHiS7/EcHw3TTJdUEF2VSjUS1yrS+qE9r6VE+dBvVhbtKqX6zJvA1kcgAadvNOV3KaPko5eVKD6jf0nxiViOFoAKDLpKWb+zYrN1QaxYxLaBVVCPJN2CB7TBnSgqW7KRNy7zLVHWTM8pq1Xq45ngPz2rQrfGYlr+Eept+Y9BvdWqwlbSQ1KI/HEdMO8rw2b2UqrxYZ3YabkouAFDwbu5HZjWK6q7UdCF3/dKX9XmEaiJctcyIz207Un93WLLG7amtm4b2N6a6R67YxrzxZKB6XWmQjy9dWBlKA27UGleYMzJlLOIxdyxm0wn7SXpHiwPbK7SN14BM4fTgarw3iINb5jYs6BJmvkSGFRZMX++qvDzqMKfOn2Dievf9JygFpqxonTXekOoRT1iU4vweBfeRqIb57s1uM4HbN4VeTz/kFu+dqJKgM1N8ciT/CFHkDthJDirEvDl89YlcJz/qxqT9PYOYNBvvWvX41Ljtvvr558wv8wyQtzq6+Y3B6q6UhgCNj/U2rHcxFQUUu1Lr0NEunenfTk3HIYFeNXMoIQtQ770bLiDhj0J4+47TxhbJ2e6GBbQWJ7RnzXhDKp6rMwf2MhAk/Pxz5jvyDRJT2hyr/6m8gLUKUiYrxl/dTTFwjIowGBhusfrIReNcBBRyv+bhEXphus0kvuNtnYjbWxMyOGFV2xWoBPKqk5ncdTTY5hKJMJ1rqsU29zJpK72L5D5MYBLWUBcRab0J3JgwE9a0Qlxk4hl6ISZV0V1ZeZtHW7g1dmMjIBAEcP3drG4YvlD+j5UMlUM7B+bEZRQ0rO6kpyAsKL2Ol1K4PP7rYQFrVWrLVfrs/a7X9qiPwF6zl1bjZRJct9+SkbgUzr6xyD9Y5D+hxokuaqwbCILy4noNUnOj9c0lt4AJkDZW1TgfQyjrX5RsgtzUX0SNxTxPAowCQwvPzrNZnLx3Mwmm5UCDwUVMWWwswrneR/jLj6V8ZPBgibD9SlMJx6hMwWh1edbVl/kqI9O2CJTA8XTBABcgbkcJVVbwnOAH4hL16HAbYoeZ60BPsd0D3fzXt87lwQJ7WmMLlKCHiM0XWAfxZnY8s/x7jTW7zcJMXffohmfQXzbMbU/lZ1PIXZqoRNU5O8sW1QCiGdyC90Oluzz4xEJ8JjhvpTvKkvlZdXDwzHx3EgXUDzm8RpCKyQ05Hitng/WrygFgYUivU0wq9ud2r7zbtf/nuDW+KWFWQ/+vt0Ns96Oc/UGj2oHZyzNl+NXs4g5DkXcctoDbijdZJlARuPrcQl17qsN1sVdl+hgwXEDm4qcfgiUObAplOXieQ1vPczhVdV7lektoKupCpE2lBu9N4IHINQtkom4Hg9L9CBgOxjHhFNiSOl0ikWMEomAfjFnftP9OBwU7T2tV+0vxyJM5Rs9zNtcp+Jv/qKRxH1SivX7rS94QdMEajdOstCwDxLqfvpQBUqk0SSPPPnorlIVxY72HyDUxGGvsnohwvbVbtzmJ7yN9k1W6unJ1BuA0RI0+iYxtqgE9L+mNcpv29dUzAwKicWqAeEOy5RGwWwkU760SOq4Eyl6stTa1i5Fbys8bnDmfKWhSgC9yOpGM92M3Kn5lTDUg19jqSq8k2hGNtKqefpV4Ej7CEccLzt1Pbhl4mBClBobtP2lKWbqRZwEcGJ01eDWuOtPqg6EzkRY47zq9lqxj+Jslv/i/6BSdyf8zDfwsg2aau9ySCVuRyXf8AT3IaXEIIuvV/JDVTztKrr4xgR/pnxN9swjadoJmfecSCbZkb/SEi1xsPewLrDcMnfme9po9xdcySm/bv0V9VL/MdDT/3pher6PuXtLGyonDSTVm/IJLfD/vg1FPSbYSCiWb4G1+gbDJrKr8VCz69WyCJB8T1rNjiCywvMdYQCbi7QRWAWyk8d6j5UYGdbvlsu7NaMWjD+DlG7oug56HRDBlvfNKL2a9auAF/IWFhSviLku/Nj2YB+VKVKanAMQ11RrZX3y8tWL0qOKTZPzk0yI3/5eh581W4ePPf2ojL/RJD11DSw6o8QiZWPEq/UgIVXaqVl9cs8P+uS090KqMcCWqQNLNvFe4xpeQzSzubDlm8CgRqYhw6t+Yw5YPANSxEX+ff2GmqJ+YwKlXL+hcA3+KuRqE/9vQq6X/mAWJWj+FbNI4yNmUaZyRhP1lxlNJ2VmEU00+YFZlJ/0v80sKo1SCrn6LxS8r8M/y037uH7jP6bkEQBa06NTtgbAXObVHSuxMZcJ8jlSmRVgVbWntNo7UFDS4JJpzncRl32mV4PuPdloOdo7u6x1oAf4lRFqcCCtRvtLxDCAZiLckLasUeR3/ZPEc1Tc5Pd9P18Cq4MijZYp9P3NpQS3mTZI6Iy33ls4zGqHFnowh1zWXnp35qg9xHX6aVGJM2j9YJ7uUNQ7BW5wBgAkd7FCajxwZFOWTcZRCPQoDtGJGXoGWNuz/ffBywlwkFk3LQw7Kk3V0wlm/Nw4j4YnbiWdjxDG8a0X4vQxhDB42unOm98HqbO8RUeQ+S9hppggvxuuwQ0lL01dNGoTRZDS8NFXW0/PXUfxeYlaU+u71PVk1sIMPUr/bXibKybmFSL1OwHOBJav3dyeDVVP5+5AhBdfsIqRFdstW8OrlB8IAwYOalx6EH6DwAraRDbazyuYsgSlDqOEG8iUXvhADbFQIn4CQYa7rSUDc/oLFwu2cSihFfZ5ushTSfZNGwd4cYUdO26cCZ4Z+Wn+ElXhWrKoP06UEb6H0rBaVqUSEL4jnsGYJ8QQBkTlM81o77tW9Hc38+hrwWDvHOBXAo6As59fi8sG2Gb19AxNioXs8LDez+Lh7m/3c8fH1eYJU9Yk85GhfvOEmyZ7ZfHtxaHF72TbbpThrqkEQK3Bvs3XAHTsdEpeKbjxej9ivCs0kntO0yszZWOgxp3gQ0aF1at01wte1ZvIPBTqGfrYhbrWgg4dzAr92IAG94H4LDwR4Vv8DulOybfRQTPOMFSFIXcjmHOPnhQKANmxg6l6tq4GMMC6i4nq8CsGrMSKwAXNvH/F14nNGpPHXhVp0Mx7U5t4h7Y/32uQ0Iq/cLgPuJWEvZWnLIgVv2ZeNaCV26USg/3srds3gZa2zf3FC8BesuDbTygj+CkdAfNufGD6bdsYrIpLXRxKCmfamrd1MOgnAc/7YxJuFi4Wmh4xPQ6dEgOeyBRBPmRKT9IpOUyrr8XvCw+XVd36ycaEbLTYwhO0qT4m2r/PTrZuZtyrxoeNR1K/JacynZTaQkG15jcl9xvRohlM+HJ0grdj+88gw2ORf+l9pWPOX1Q6JvfT/qbSUZRkpDiZrtb/0961hyV5933MVY/NcuVKzdNbNl1ZllopJMjzrqRW6axMTdSlqatURPAAeeBZS9dUeMpMTVRWzaaWpG4KHmumpAjYrMgyz4KJaYqkIuJ73+iTN7Y91/vHe9iua/6HF4fffd+/3/fzPX4+GJLRHmS6ZeZmuz1ojhnwWw3vuAGSaSdV3ADSh8Vti7kBXrOc/31x8j5YnFS6qBcnX1i7/mbvD+13en9OLShH9tcdlHaplCP9QeXI0cMwY0duxnl1ZL2gphyZ3KZT0C/Pt/nyX8qRh1TKkbNusGz3hQ9RJGA2R6XFURjoAdHi0GanEpNPB4JaHIYzRB9B+RVJb2n/CjM+ZJsUDW9U6/3B/jKl6sHN7ZoULypOuv9pipMA2AMoVxM7+wgIxAd/9S2JiW4Upu1Kvg3s/fhokXxySjJxZbZwTLfpHBc/dBCCRLpgDJ4pDi2rjHUbbhCs5iam69ZaSPrk3v0xu32rCSt7bYMcYtOUrFVMM65acPPDodXo9NkGwWgNqRiba4IOCvZ2kU0qTpg74mDZndHya7ORK9Uiq9teWgwzMRJpDuDkI7RAVEgey5hN1iCurvxcuL1iJ3Qb+bZ/rEEcbqJr9gSteoiY6qoPphLuKWuPdp0woONolQFlHLHwJCzb821YARlJitVHi6P66Zf2Ct2IM2sDDHibeIlBS3Km3ewuQulUKduHSzTG7/akDNnLux7G9Po9eMDWJLYDhiJlFF+ds5uvA0Z1G8LpnNI6GKLDI/BbK/aBq9z66H1FMfrooDwjQsPB3qqcHT4f6zSYse/SHYuEuQZCf35JBnnRhW6OpBTtK/PSu+c6sVuDOBPd8MCsNY8s+rEwy7IuKAsmf3YX8DGfXk193D1WDJN7aHvrQp3HkEEY4ka3w0bynFsKHzyNqbEg99C/VySTJz1g3sxbcW+QGsTHjauRdmsj2gscX8/sQSfKaS3EbvVlSIZgyOZInWGY8Q8jYc8vjTSi4ebN9+vA+Z5wpHP4Kbo4j5uvxbD9groLQC3/y/6VKPHRw/10GgC8NzvUcgNjeasY0uPHqgBXzFUrCGaMD1M0V9g5K7dQqGX28as0B7BOHU0Gg7nsBHMKdSd7mFZ6gnrf4DPhI0Jy44FVcQe9d6tJ7p0BNixB0p+n79xmLYyS+oVWYwW6T8KVDh4zgRwsjdY2KOs7SFBuzZF0VOQU5LBRCaSocV7ETBXz7XdU976gVbdSbl2rdXESyAoGrWVPIV2xb9jep5Z/1XFa360wExJBfgOTn1nHjShFvg2uaVp5F2JWN2iMPwGijUWqWMm6f6Dpkv/zaZZ4WCzgu72epnWP8pciUbUiAGWG/X1/9ijyX9xF28qaS1dRlZOjUz8r2THRIGcAdqtwrs0HFO/I1UenL6WXQNt8qvLesew8Axz7mTo+SP1mCTUB7dSLYBVCz72hV5QFUgZYqFMGCIEIbrV7oNTN1py5t8QIk8B13SA+1l9rcER8hxcprPpk2WNp33n8Tr3E0n4B+cLCJ+9FHAa7fAoXd/kAv/UbXT59z97r8onEWvzbYZZXX4LDLLO31IdZXmf8NvMb53K/Psj8dk6dAQBhs8D8Ntb9AylMxfxmDTK/TaqY35rvqw+//KLG/NYwtPxJ+Mwxg3fMb3kq5rfZLRQ+RM7mXkS2I4X6CwsO3sathgNDN284Um+cZhAS2g8gGnbanjrt3ZkSh2CKvZpko23hF9RErdyjLqlRKVp1K1RNtC5hCumiYZbCP80wCxBCRU24dNbM6ptYWP3UvAMIxZOS+hHm27cjJ4+teuhf+tLYCNjjcNYQgEDYe54oSCpj8i4Qg89IhSMVJvxcAEdpd8KBtyfRzPCodejE6LLkGOk+65Kt0b6fPBq1re1BfhhaM15nCulBeQycionzGZPJVnpoO50aR4pVr6SHrVjdkA5hqKpqBVMX3YqcFVPM9hMw4/yoZS2jasRwfL/rQOxqYQ44i6Ol9AdpzRek+azLPGJsdea2wb4Pl7ZYE2p+0mJwb/WvH/MLJRpzZhW1s76zW2l99Klo5d8H3fvq6XfpD9hXIdDJDK6AIb4T7z9HyOq7TeceQGVM4UgOJ/rMUdT8nuNYEPIxyJBSILDMg5tv93U1abxZqTA6zvWME5MUaRsvUklNsphN5slwLhuKyMwhhAbxzJKBmdwOO5PmU2wqLWu/PBzY48+vrSzIwgBAKDSlDc3e7ABAC3UXxXR04Pfi1ohHPB0WLjeGDHjcBrrCDbghEtaOQxodVuY7XKYJR/Ha0bYUqkRm9cjgE9pX63QBuI3QRYsj+bwEHhC2EgpEuF8PQThlfNuAO1vGl4maXOF2vFFlSwKvzphhuxd4ekLDLfH2YJ3GVnR+ZJte1lI6S3M87BL0AO4/+kGLJzyoPssVR72tObD/O0lf+UWaBHN9g8myFlcTIY42Cndjo7AkpM2N1/uLafuejYL9STlNsIrm49ujQekNxF3qWmin438Ap5PvnSrx3+37xN/m7bbzZkv4b6JmLbYXafbTLRC9wdd6m4pX5pjdDF0iASJXq3x4+PPAlVO2nWvMEit9hWsjqm/KddYm5Qtbjj06bAbZaL6t+9Tm0Fgf/IHO4B/pFdQejGBbgFARVdI2jHrrBtiExew5qJT54z9AM831lYAWABwoqQ/3dnpHOHdRg+h5b/PZhQ/B+GffyVglbLsqaXUc2goKA6xZDB0dwVHgXGeNap6kR22ehHT4Y7QePmC37y7/sc//pZzs7KbM2hDR8Tw4iuflh0a6oPQxBLy9l/K2O2THY4UqFaumeRUr7JxysklbcJQ1SqWcrEiWBsZozyknY6g8iHLyZGfksEn5JaND93bIvzAeWHfuH7sY558Jv2jBhG20MLxz8kuzPT+1jq7QvN/2aSZ6as1klw726rHjXrXHHHVWnD9ysd4vH9n2oSrWSu91UGVwO+c1Iq0PJNOkrDn5ZRQovxyizUgsveOoLoWFper+i4HHVI2Bx2uegSfU5/eksBwq48+GLmLg8TcoHV3EwKNeDX16/gy7pnBxNbR2UTW0atVcNTT1VdXvVENrVXh69Dfw9D2RyO43Kjy1tFfKp03/pCKR7TA5R+BLcnCoTrcsL00f62wkmujpcZ+gCgWNtVHTQ8o7PidNzAqf29+uepxjCS8o4WM7pBJMzf4p9zeOC18Ei4Ufh2WH4I9qdbYjiwo3RQlg8imZ/+wQa7iU0DaKVzwZpLCq9v/0Mn1z/Ju/MaQ3ZiE3coDrumQg8dZESiyBHdetMS4nRA16iJ1Kp8vbx+A3xGMb++X1Sls7tTTG4Kca4/s/M6oPGwFObKTBR3ZOE1uhaRFd+xhYtuvY/o/oyNDhtd461A/Y7Jz7+ExHPtcdsOqJAS109zLZU9mkjTj9+7APWmQIbpc5hb/tuiRRlOYwy5yd6rTffPSJ474a95cncQrPMb+OnKwjQmaq5OJEgftl337tAGcom2VYJrCzcMHXDA3QwB0QkWLW8kL3NrxY0jNwPhEIBe8FxNz+PsbQwvozh7OsDHoZ/2vMKVi2ZTKmb9rpiNG+iD6hNco9i/lPy2Qn9qscySnSC0HJaHoy00+UUaBVaacMHbXm25oueBmUpHBQu0P7M3F3BuvX4NdVytkNODpnuB7vY1Fv2CoOaaVyYRVxbWPtMZ3yi6s/4xQ1G+rp2j7m8jUMJ653rEPrxDd+xeytHiu8BEM4QTGNdSpRhyFBXixHyrgwRF1PBcxk2f2Ih16dR7Yz2o6TvsqFkb1Diow0iFLEarSdZX7Q9B0YebI0WXE5ogn6BLoQRiiKT/zxWsMJ71By+8kyQ1PcsElWYNSMG6zaervzpc0c5+YUpOaATOzDNVMpQkvPD61B46Y9a9o1KjyhnSKUIuNPgO96Wh4xZLgy1BtOC6o0eDWsjxZTDsXhgrYHoEMVDpn8KB2GWQbVir36rKHzGoF3vJPA2tzHwicEWPELgc3YwQbLBxLx00dQn6Ai8jZwOW5l+MfW+GNl+GKUb3xgpeuwyF1S8GORZk/V5TSClFWS0E4le9iKSxM0y5a2wFmn8/W4bstaJGd0hsiGQ91nbD2pWpK0vkrOdOi0p1NcI9mAx3Rn3owLRQazztkt/Bj95WrobAqlbs0fKKT8I70Cjm4sYWISJGso7v3aJKdDerU+XFZdXpFd/QDME6dAYr0zRgHLB8RCGoDpOR0SGmAzQEx/0XYQHBLl4Go9dracA4dEp9WGRG/PNSf5gkOikW9LZpOMN1FyDonV8sRGFisYwIPGzis+TwyzP4QUlcI8LFQV1Ux+1nsV1doTW915R0FQ75gD9Tg1UKcLXy0ZaCTmWOOvcIpbCex5ZvMSjyK/mDlpSn0xb1J/XpoyOGuxNCWWKv2gpbg2PMZwXppykzWK30vO3iwUyyYVWzQHfrIGu5OUwXnvKVjPdSfFqHUnhcx3J7EXdSdBmM0BFJhnNn8X39ICmhsWxbfqiWJPMFFc9F6i+Lh6oliKiFElig/lSX8nUazcDQ6JuvzGkOj72pR1qikW5hxZw59Tm7J4ycCLNq6KI6gYa9y7NHACxzs/9qlvSntG3eCBBihHHV/C2oPGuMXsOQd/e1bbdGcmn3NWBBwFbUZSViVGzRdjFa4E9rJa811R89plLQKmqY7LiG/HRih0DtMR4GHAF9P76gFUZnnoNZKK200iwuHruE/Sdbact6XwDblpYyE5zNoVDOkLbJCzW82RgxB/2JO+k0KVwzeKKrbxP4Kv7zfKbRwDnAbpk4bl/a4jMG/fi0tjDNCYc8aCLeVXmNduPaiG7iT74talLatXBo1jyx+e9ocZm0ZpMRL3oJmAL8chaSdJk8sSz0Ieu7PojQbxShNwKRKBH6vjOFuLITl8pfdzeDinf2RpS/8j4PyzL5O5YvoWPpRsZU8MzBuXqwiAGdeVZFJTASRymmF0PteooJZKbqlxKWEBaBcMd17f4rPV/bC10QyeHqTtnfjQ1cR0M4UvA66EY9nnHvA8fERNJF0cOQkjzxhY4povmGGKyr/2iU+od90hzntU7E80crUQToU3ecBp36Yd5R/NyXAR6CPMmRYXlwrdey7K1iteLnzPPU+jv8jH/zuvUoDjbxdFc4xTrjfZYzXQ/QqJ89zq3nmuEECD5i/W9XZCYsGiBsB2xMXNfKuc7H5VrbSvjDcEmVSzq69c6r8Zo3ibtE+zOgjmve6uAMqkWoeYa8QJaDWqCw3aPl377O+gJVcb5uPir8PIxdj6tFHW1HWQezxHbfgxUcU9bgnGH+81tRbWhz9xUKVFU+bSohy1tCgp2wo8l4vqi9uS+rfM1xdpC/VFArfsvfpiv72Lqr5YPs89fmhNb69DkTAzPNaHJmDaUJwNwU4ciSBQbRun977rxOGoDT/Od+LkLu7E0X03/AicmWuGi4YfPRqCFw8/blQbfpQxThSNvDf8iFvaQoI0ptsz6+YUMU4hcAkQRQw+qIiREZiw9Y4Ep2JSvfIbTKrvkY8D/gayXTm1glqrVHL+nOTjgK9dwz6nGJW6m6S+iomcPe67mePHRrQZ7qbVZFcPhQvDeIChr7N8ESow7Z6Smd3aYtGrs82RO3EcQhsQ/+2NIdiMQm596BuBx3jg14rKblkYz3W3S57UeGSb474OWQCsWnwGYhkHtRgcNVN5/W+L/0EH0OJkm256alWxgelK/KZ6vDK3fNbYvafHj70etdNoF8WqU2TTVM6rngbQW68Tb7KwIBaKs5KRiGl4cMmewwEC01dhTs39/jlBP2PF/EcaGEs64aqkTk6qjoIhHWwo1LQHPTc6+EuNwpYPdCdN1y3sly4BscyYcUOLqoGv8SgaHCB5wV5u4l8yxgRV3dFGDa5q4X1O1QOit0rIwmnhZTBEeLf806jXa9CYI3Q/i1fPrMleG2OGYIj0E+58EI20i1OJRWWeTtKehTW/WY6Qrmo5rKtIAax/2xEMsupRGazCKsvu+ScU6i1x4wRwCOr9TkAtVzABeEdjDFdmTu5AUqiHGZixnhSNcd5L/62BrMchZ310lgxkwJ9LjKMoVqW7CKJJMvolwW47quRLyK0KBcI2s7c8f5vsoHg65puHMtlDkr9uP6sQhcszRhF76xVnXqy+P9qQE80SPbydZZlJxrTSfwivfk4ukBcG7hnUrsmSkyZ71BgFPDBtGvJxp7L4mkPsRMiC71ZSATNgMxX51qYy/mzk0ZqwAF7/Gw4kCV5bOGLMiFco3Kg1ZfHHHaHsajJjqLMf//EfCEH+wijV318Y9RdG/W9glCUFwCLF5FQhCggkLlRJgZCg+q7oRduMV9yuTD5GdNrnbtXYvplWlEM17hxm4RIHHuOjKDXNNvbt7ciGMZOcjih2jevTX9NTo4Ql/3ibuFA3uRcxSdAcKCloJPpcjSJMZOgB8fuwt1q71EEpBoCZGDaWFDcDzTrcC0BEgFkHD3G9p2G6hGRi5n9OFH4llXUZjsvcMXHaKirgAtZ57O8kvFecsTDLUMcEbTeSRaMmkfyncDXB/MzyviRhreChS7oOb/nUZwumsAsBBkN5pGLsvkfTCnlx0fqerEqOPRPTsKkNHfTIK/DHSnEejHoy4NA39RH62X5u1jai7akP8D/CyL3ToudPc38Ib89KI2Ta8qV3pE96OhRIOyXR2twHfvArKDEfNhEMmtYFnaELb7TznpUbsJXN397QL/qwS95gTim60Rc4doy5ZbBP1JSjMV42cYcjZB7FCA7DvJkkfbRd3eCUbYH6nQQ2nPGl0KFIutd6ZqG+HQ1YtCyo3lD8fWO8GYV6IFILzOeLnrH4ZOXY6F2N8YYJ3s9PNIhV0+kaxNulyjsJjt62tdAcniVhEiYXDVtLuhGU0N2nnfcsa+l8poHYOBRyLfYKQQFYKZuphomX+uh4tiZxd3/EjurRW2c7oDmJe2lwYFFuwxXfxdruLTo3MBby0tpuLW6vgOSeuiQeCCi/ySbsThUfw6+RNGO0NQcytnF0fMu0GNxJ/arRWIlxib+IXC46CfOuPSH1MYyv0D+Ky4Bujq4zYMrS/eXrMENRVcfj6rahvK8Ykp3wCVuqEVxgNsWT6mN9g8uCikzXpxHMuTLvqYEQDSKyBD7mfS0/odbl9jb/UVHE4D8r4iQ2s1aO3s4/W2tAUrbD/89xXMrJVoXpCzX2OcJzFlNKlalpWtvnx5c/+yEO2hsBs5CNRPo+FUCdg66bSuNdPo5qasSp8ihHtfcQoeQLaLv/mVdANN7ZjlROTp2NHmIxEm9NVAUUY2NH7gBoB84uxkOy8qz1ahki5cezy1ts8013+JxSybgc2Oe8t+g/v/z6vwBQSwcItHuUPqXlAABDXwEAUEsDBBQACAgIALBDTFIAAAAAAAAAAAAAAAAVAAAAUEFDRVJfUmVwb3J0TGluazEucG5n3Lp5WJJb+y9utqtdpu52mZXTbthZmrrNFGcsd6Op5ViOmZWzZKA4gu0GS1MrTcsBLTVy1hxQFK0cqFTAEVOR7QiigAqKgMB5rN7v2/f89ntdv/PHua5zzvOHCvKs5173uu/PsBYPL9iclt2yZ4uUlJTs2TN/2klJyQN//nzzZ2ngl9qI2+9SUrFSZ/887hA+NEeRqXt2PRsk9oEYQMb9fmMupuKe9aaqZB2x6mqGGF03/uJlB43P8DiM7nv9osTPvyfSurPF8bVNYf8b37Rw/8cnui6che6gSN96LBsMa9n5x0jsoeCjpvPN5CYMBkOsGria97FuklPfVBqwMOdDIXppDZxU9ETs9BRiQqkCAjbF1g0+NFOzOh93h7+QnJP0sHkr2HghqsasRSxZfRbqaRpJeb6fnKiKY+Uml5hMvlNfHoWc/KgKubzr7USwe1sxe9QPX+gayIu7Ony45tHzrLeO+PzHr4KuduTXnfjzH65r0DOup7vNG4PYMVRREpzNyd5uo4z80loWgeOkmxr4jH3ebVaMpkp8fXifTb28z4Tfoq0qhFhFHm2AW59Z9Qv3Cv8V05oYmr4FHD88sW9M13zzcINq9D7TdrMEHVX3AD0kkzrwLINUuTVb1fuDLUeOS+++o0J/PHgbQTaZZi2k3TNhGuofGMj13hRZwXM7/7GDVJOvNfNQuvrBP1wfJVeGjONrr3Y0h081SWgx1BUk2g3Zke1OiUk82jD7nnvgoGlOd020+Cn+xHhyT8r07Pmc/sydn9IzKA0Hy35RS7h0VRV6rZS0SvQsnBqmRjNcqYUK2baro1fYRqZG/Nb3+PlepITRG0KcL3rckvRG9rY4k7cU18ikIB9Bc+3XRd6Ug42GyxUqJKibCjtMt5D2/dOlczuQr1geTZEgRF45yiJOAkI3iCUCsumUMZ6lrrbqpnnMJzkEAY0+glteLmtyvaElYr8wG1uY9qOMLRDqE1raH1e4aFjIp+Vv8vBQ5j5xuVPvckfMKzdXwZ+Iyz8Hi/619m5Oe3d3pZTK0/sWcflysPMMC/J9C7QusXCjSspn0qyKNO5hcY95wz9F93a3T3q2h4gQMwr9PGgPaYiZflsge9qQSHdRVbO8oc1Ijpnyme2QN1+Ym9DjoNA2rr/cEiXCrTNMOWQQRQHVShvTDZQ36aRfzo7vC6kZ+omO47kugNizYPr+mo0cdfAy7Igl/uC3H+JdSj17gTCXkzfQ5xcbpXBAiRJnLOQdcnKYFvh2aOjPsJGnjo9brPzL90QEfTTIO3gfv7zNWTYUBgvF7D21zuWfKvZAWK4nZwjO4qAmmiLGy9UlXoQPz9ZqVSQ+vSnOTL4zFNWNmyPwNT94D472U0DQi8igOJRCIVc5qlMv0olqBF/o6sVKbtJSC3t1npsLOzg7lRt9u1EJO3GI9zFRtplL76k24p62ZlPa6gLZzWAm7dIdVHdNY1XU9SN28jaxoxNaMrxRSNvwqAh/bItx120by9zen+iPU2yjawXKKKBzZ21McLW6c9uhkzTne8qIlQ+P5WNWRh9LOLfLYngNS+5R1N2cdAiu0OaOEeSE/Nbbo0XeduH9z3VGoJ8LZcrqBO/PpqS5wXs/Uz2a95mC2WgcPucPyQPbkdUhsqjIV6nZMiSisGGkksIOkxQrnfhQeR9VgczeU51c8k89cyakbVbMmwXDJy+S3YRCIx53ZBh37eYfUPKdEAbnEet6TcYt8h0/B2j4oxj6+yIYnIqTd+sJpdqmLcUsjp2GIxYL912jYGvt0sz7xMXU6DkhWPCFP1HOX7KGU44G+Lmp1xQnqMBn49dnSojrEhTN5h2QEiw24hazd6/mQJ8qhL1qf8TC01y8MN8BBuO0D1D3HmhivHxmG3f3uqKWK6gcjRT/VbO3lx2xyq1isXeFnBUdJ7TdLTU+KBJtsy+vG0/O1hO2FLNcG8PeL4ZaCVE/234wHjsbbd7gwyzN1iQK/dhU1Vvel7T0X7ZMXPZZvpt3Nx1yIbiuACIRqSdrtN8reMtZ8FLY9g9X4VQXJLKjGSEyAY3cHJ4r28RmehwFEG/QKgmaYZWXYb/OmICQa3Yb4H26FCmXjJPBoAxm7zQ3M804NEl/Bh7zyYSE9HB1ExfzHpktjViV14kFSuwM82J4xUVKlfGRS3PVE31AarY83EB3uJ5k+8HyfKARXt0Lsx/czKjKcVGQIfnFVUMppotcbBzqzfW2DLROJkkUH0Q8PKRTMlUPzeVR2AMcvFYWgjhRFeWPoz0+2eH/kJi+bLYtp5VZoy7jbJ2JMW68dvN97QJzf5mxqERopeMGuXpSmKeGq6a/KbUvPq5pkfBPZXEtoi1NMqvjKbm/1kWyoBGDGCdIFk/ZxxT/hFi5XkX4GbqzbGuyl5X/GSpm0nOgNMCVs2LgLGKQIFnhqyCJKL8SjRLi9BDRfMecLvTxOJpXzkQTn59CWPlyPSW4/mUVba0FO7zTsU6xSSp0OM6btbohwPuyUbm5M+aISy2Lnfw8cmVMBlhASKAVSMMMr9a2CPsYr1+zrTtB7TL8y13WmGt0waH2sB0+pibBEZM1+JglVln9nRQUR3Br6Wykqs8J20yMQBZirH5kFw2El4YZXnBBR4z/VRU1oBr9MeKkMGSspFaDEDPdGm138p+QZGPvwMU5PgGTAyfYrgFhn5/MayIjcQP9Ba9/C2lMNxGZdJ0+ZBvl1BoJI4uorpgypuBwXjNifPca8USzH6lJ6B+K2935wzLaTZHdr8w4e0m25o5ZIjUImHW3lyji3zX8SQBAvOG1yAop90CTKVkIakCf97CxaYTaXNYQFeFMbonYaTbfl3/WylzQbSVZfqxENK5SV8i2Zxi8lKxyscfWRS7sn0VEXKe9YSZrDCUfvi/5LSlIO36zd9NNW38wXnDLvM2IbUErnaobbkSJVcJEt7oRbpduFo+PqKHMwKztCOPU1v4PL+WNVyaXr8K6w6KD5GDDKyrxHTGn/jEni2vctfoRL59pGLJYPcO5MRLDpug1NEwvEeguQM+1XWHX+4RqrY+hrxwIS/eB50jm80xyosYK0FkxY/U0d1MWAFvICfe9zU0zZRt4THcNCwn3L7JqDDdE0S06dGUGwF7vXqzBOuxg2OedwyIvtAr6Pr4753kIxVrTuSRCQLQtj4qkpIx9+utesba4rUsNvOoqZPKIe6OaZwdxy3yGuTAL9k5IANNjNe3XYSOuCvlPAqVhl6CTYXE7VNY7TtyW5oqFtqysLzlYQsECEUCMuiCBZXP9dNn8h8ezr2FA0RhTfaZXn5VTmb3Mtpde75PGH0kMoU5NNpx8aS6QxTvmsA/z43dcd+B3tg26aDUMdC7v/kcAibDx4DV7SiASQZdrcH0x9BTxUQM72yBmFKikGzCdzObJyt3uHZbTy2VFjq8aVBuh4njDTcarXFZ9szsAKmuAAVDM+QxT6IfJQhClO3TWPSG4ji8foEp97RBrPlVt1jQ/Vb5WZB9QGPjSvdAT/ttzMYznDoEmBbt065cNF4fITSxnNfHHfsXkHL1ytORTTc1B2BkAgKluUDKdmIXDs/CNU1rUQWhyyvIQ7xWcHfHlMFr7zUB2Q0N6TsR03eNe2/KpBnXyr6joibs5+dGr8xDcK2bssYCIzIvb18A1JoHcPnBLmZG1p9Oe7bHYphMD4YGa4MNPILO7al2HK0DBVUyPqCZvLtyWH1pyHC/NDfCE3zy9MKYV7316K1jLJjYpIT9raWKzV/bjvGauyFQSzv0yE4LOBjtUq9hVq/VezLoYcENxe7TxP9Zj0ZcoKlwSONIGpXU2RN3gASVpbEKzya69QjAzW4Oos/Y5m5BGf2wSsKLYMyw+b3MK+r4blMN1WaqvovEw1jG+X1SBppzcQD+tqmm+9CJZPEtuhr5vc44zA5rRDFCN7zeTiDtzT58vM4MoeW6VvHcqFwwARcal2CNwV8aKDGWNTT1Cu+bMwsA3MBSxSL8hicKUVWyeKS8Hi+/yF9ARZZkj9XhPtQqhElXoDAmXAAmYtzFBHrqRyaRiKB/X11IiJY9rteRH/Dta4iALz4Zyp5ZlwDBSEEB6prLehNMmnqACIY4t4c57DSswG2plo7y7l1GvmLhyX5PfbrDhKsIOTZOWYADY7nsrBG1ql+Yis4yKj00bzXHgcYjDJXqN3rQKm+EKTG0Nzsy2u9bZrRG3Cxe6oL/B95/K9glwY0oe+nx9XoAHu+QLr82IlK0X+RqQepmf91ZFkVsXiGOfOoX+lrktcpjRGjpAatiZpLJMdKikiSMAayNjPGLkLgN0QDWaKZeIqySGy31QHdy4oOJvpnsMoLHITrOX3VtHoed1F4cAqPE0WnwFapzJIsYsfF6rS6DF4lCXFO0CDKjVN+Pcm1cz3PGsug5bDyHWkyl2BkXzNRNQbkLYKELM6a253F0pWhVQzHGzAUmR/cs5KjWii3tdg82eXx18MlY5gFDdJTEt2gUHpFPPCm0wKsmaXgjXecikDf1Nu1r+ivl4eZzk1fYcqMaE5Yn4Ze+hhG6vKTZqcXb4NXiHHPlitGFg8vZcq4mcFkGNNKxUtDpw+xVnb1uFZYt/wd22AE35vrcJtQtjwStunxOylYIv1WpDBTOcke3b/J7dLS8JVZBRXIb8ZVnuUrPMyWFzdz74mJA67+gkuPPl0W75OK3m1alXPZgLq1Vu4UdwGojf27NbUF6SVSIiBLntiXXO6rBfr3p0wv1ye/ZfP/qcjiMQRK8rwYSGhrJmZjLISqps1BfKFyPQtSFuRO/0KBgD758b1Xen1LAWAQmnh02zzRkGhdqwkcS5+usDPUrGUa+7xGOARDnchWC51y05N9V6BoLXkOSgNWr38qOJHO/0yCvS3HcrNMAcAsvUHD1rvSYz77sK1gjJUjPHo3J65jSqrP9JeWaPqM1bZy33FIYjdShMmMM8yoh3ZgsadD3r1Ocey9+WI+oAUI1cus9LHmE9Hkwb9UpnQ8Djkyu7jl7tGxyamO+NHwMfMibMAPLuEiO+WO1RP+1YhdHO3OaoxboxFRNFZsOARkeLXOkSajiJfYjwoLA/1XIoSee+Sj3RXF12R8ZpMsJodRPYNArht8oB6qfZhGu1Xi+fOuyh7FKtZj+sZ+tWtMvVtX4ia+jA3NCKz/bc6/awgHM7rv6ZXyBDep9ACbhc4x9kGA/4ylVbhVylGBlHT4Vhope3BiCPAmsBe6KA3SzOPfSjU5Ls53fSkXUTywTUhgQWIA2bi6MG5oRXZSOBRRj7BOS9ss60Ad7FFaqVXg+mAvoRMpNFqVpJiVgyMmUDSZdH1DlfmqfnJQuRaFQEi6h+/rmpfhKSNedh1OBz8tIB04gwaVj4rUXeztCumKvdb0PlS6MBuq/ZudjJ19RRBdN6c4yWlhpiogGw5BYxwQ1LA5LqCW3wl+t9CmO/V0qJPvbOilfPf+BskHF2B9VzQOQRhaMhi+tTDmpt5jOXND9MXN+OXVPQ3u0jXEBVAk0BdCOVSyZTR/loGMmwwmj1qLIAAB5Yd1OAa6WzMtNthzdGg1DadUN1F9HNSnjvjjW9diLApFUVijeShEyXRK9C5yyQAFOsUl56GtMt1ZUBpaUmohfsXSOhw1HMqIuXTEucTFrfjQOC1C42zXoe0xwRddBxc/Gd9VZIxyxioo2ObZVzy0ResvkT+cNHuo7s2PblwQZ69CS0kObM69BAWBeoTRW8W1nsOTADS60TVeJRR/RLvbfrLp5U36cTts5YsinQayJS3YImMT/Q2HhsnXFpGnJ3u3dQBtJu374tpH5JgosAXj+THDQmLOXqWCyyi7nZL5C7X4OV08RjWchPB39Y4sWjHZnUt0KijqDtFWrTCWCRfz19nJgRQ/1GM4Q64agflJ0T4UmdQylUbqZ8wd1iZI1ej8k530/TT4ZA8e4Qk5l80Zq58lxZJK9JQ7RoZZyD94QCppkSSX413LBR2Dt2r9LGHUBV19DzQzf6WmeDXeqr2Q8v7fFY/Yg1cheRrWfEU8+yFSXj08+HOAvQ9kf1M8/262ic8jCZluGZVr8FFDRgIQCL8LvNfbnkhYjwrTLtNNBIDwYohodm08CirrHJmAV/hRYuDRqNZNuYsHT/qOK/A4Dv1S6Tol0gw+dGtTn2G/1JwIImQT/ocDaTCqViqOM1Y8rjG9r39o5Ntuh48yLDiEMtySuUKibj/QJxC2nxlWLAOXfcijNhQSdTSSGX05xG4H3CjECJ+yNi/hBr1URp78t8K0WhdxQZr5qXXchWVyEfDvJsWiVG6PxRTkn9DNq3T2dBGjajdASx26nZVEQ7/ue17TtyOUhMmmT9I0a6XZGOs+SCooRd+t82fD7eeJ4dNrpQ7MknA371iPsqvg1nBZizXwNIITu4gMZiZnVvPwqI0ax7mt7rIsN4/EKR8uIdPUlzMpLxsTvHZLpuu41EnIwIE68ElNUv89bE6BomEhnZ3bgjiU9QCEne+u25m/ybgCVhDLLgZEr1UaccNRc+rEguHbEbldxQHTXMRC5/fqKosvAwsyWtcUo5J1/rcAgK1imL4Sbu0g9rne/1b5valr4K2FQfXkniLH4zqbIuekEnmAUII9fh4eEEy00+YDyWU9U/uZl42BJdSQqaQIYvrxbE2La2tFmdSe5/HfpZMQlnrvzGKT94zdfXS1c3DhYK1WyJw3cTt5D4MsX3Zvre2BTQgCWIsLz457X9O3OLx9Pt8nSKBx8+9PT1m4SGPz1oSfO8OnZv5tCMjJ5nvYtdaldFmyPGX2dxn0KuFfXErJYFWSVRTdVqeEIwVlOwrXs8swuUGZghDRPLfypCnkigIvg5n3s4q5LKdnY1dgP91SJV/9cf5UL65dEFVkxZNne4oMNZ23VIMYDkzomcOERv8AmDhxFkXwCKl1sfU2MAJS+yfpcsT9q3WXYsPzcSdklihDZIyRekqYA+0Y6KZCVrN/r3TL4gU8PJWlVp9ymsrIZwgSi5ncEB2GzvWPrek90GuoBiBPzyn4Solsr1ZiuTD0PTremjiNZP++/nhK1sa04wyY+H+puipWFDz53qWK/v5dWCi3zBr530g5v/2Jk7cWC6MTV6IFkdtnW41DfKNkp3zXsVmYN8T7AvuCEEl3n4/vG3C7qlWeQSTjQrwXknE68QhJdPK1XInSpwiS1b3rvI9CscRJ3Vz+h547ftiWKhVHbTwJ6Yy20252eas1DiBIbfQt+LMsKLMqfipZYd9dEb86e2kEKbT7QICuG+RTiIATXw7ScAiZDHhum2vjMyf0hoQfzkHbk/ClyD4bnFDDIKweApcrVZrrX7wnJbvJU3mH3jGH9o7leR+9s1QcloA00c9pmp6LbaAbURvyc3r9Z4J5sL6iZsDEUjHO0m7mcJliWvB8HmzS6XucwYJUUn4WgE1rMxXYOXCVdbJ28vz7cGnbI2ZaNxgIAkzDByDCBLAMG0pAA6aXPyWMTgr9Bhbly7+xBuauB0EMDa+811x5raAnp9aT35NNNKkXIHHuiPmzRnROOusGuAh+wOIWzLqYvwsEX6q6P3cC+DUReq2S7VKpeq1RTRRzHJdf4VqcpEI/OBjss+y6mvTZyViBG7jW9wfQhl1plJcQmcfCDXbToDkynVPZ56zjJdXTKk/g8wF73G/D59gA/qNtBXFFIzomdyXI8J3g4BL6Of9Gz+eGNwB0wzv1+GVHjuuWRW7vpxauC+/74H2yPtp2muJ1CbhoeWu/Dpbwti9nKi1LYkJ0Sq1mGizvrt4AZhiKst2fbiFXwM2bTJOmt9zKffNynzurYjV6oWmhsFr13ZLsfyAiKc4Z5Bk1Bi/Pzavt/HR6j+EO9wj9b2eSeVlBPxtQvDwZKqbXntSUPiN0+GVQCRI6xV5aOeM0+p/lLbGlgzNQYYS8A/tkvDirbhy6CDR5dYvwPADOkM6lU7R/QmqMB9LpU66asespAw94KARdFJRMrVryiCMLJRAR6xhNdHQS/Wm4XEjS9WEeYeFk8ly+ws21L4rFSxbIv67l9RePxzW+R031jbpjgF7/irc2+uul06vc7Foy/fwyqQ2Np8gNCg05/T3qyhLZKFpTR/kotqz+Y0f9q5LUIXqMvymlOeTnxFF7G7Iga9xzo64lKVS2wwl21c7W/AMU7P/E1Jt5KfjuRMcp5zIC+XgJ7i+K/DuoBKXjugdgI517Fbh+VqpZ/qRoNfTklugoJtiRzw/TZ28ervC1Y6wbaSU+SG335k2Vtdw8vRNIXtCNG8N9IFG3296LjOf4F6T9WVi+TGUQBLiADdDgcDmmdZE1ibLmxoEGDcWvG9iPDJQXuiaKofRCF9gdJWFdwpMXdU6KP6M2ezNprl+YQ+SbYbBTQRe5TzFreM8yWa2QytWS1FtSNDo67VKrtQjQiMLVtU5m0ZFtN1EdD2AVpjyxNJK613v5gFTMTSDCeMJkvUbAfHHMtlvoRNDp+o/RJW/rj0dJO6+UNiSwazjX4pdhQp+ZStJ/RGGqsRo/v1q1oINdAzG+h25HrWT/Tah3tDpLnQIWIHOYY3GbIJMW/PjpGgqZLbxLbov3N1CtT37seYHMga3NlWeVLXwCTLNr/xwScrYr/kY+gRydS4pwK++YS2iNwzK7YOG9LL6fh93xp695JdRnoAchX0O2fsdYdHLR3iPxYyLv75p8cKz/Wsxj4a9YTlEQu0zhuGuJ6IbKoSTBUeObRPCSdllqqTs2L9TD4/mXo3VLINMppDkPQq83k+4n5G84UDP67N205tE5zgETun/hV7DFwecbX/82nv7cYHBnKBtXl7RSwCmmZtY2wkfAEA9UuYMq3pp1ZyK4KHPllCzmbyiCkOeso2aJRzx3ZShT7DAxv7jH0GLLOmRXLjcl35aEwA7fOa01KVLHv7yGu23w28qKy0+Az54pdaW1zUp7YJWiBuCazwFYPVFh5uTlAN1xhI8A6JWNg/awOeZXwzB4CvjRku5ekMjQrja9f738naFN+3V6UtLgCwbVvaBkvjoZ6Ad6TctPKMDnLRMLXJxEQS4Y8QhJ/oG0NpdkOn3Rw1LOI6Z2ckDZbNx6IHw2q2Ky2313pBZNFkpznHapy6udzkO8N0bFjdsoxC7vXefAG5c0bnTu9g6QqcGCH6HelYJHCUIfFjtTEufxocX2ccozilJznn6eTXAy28cEkwatXhlPw03pDvFi0ZtfzTIHgRkt+T7ijWOpYqDWNIp20hFQiuCNa7jqpwqQu/PLG2j9UOzeaA7Qt0CuZFTgLb6Emq88KwzkHRwpEcqWwID3nxR67wSPu6WWsvmUcCZOEhOiNpSRb5dTHwzlwz02bey/lrM4vPvIQA2vHCdDa/MPHx+JiqBFFFfmkttAfvkiEpugtA1FVeinbdCuO9NIy86LJJ8AJwHigEv/Mn+vMnZPGyQKHymClgHSDhvUaVU8pHr674mbAWU86mpLUeXXgfl6UIUkW0sm/wSqz1Mr3v8IFmoX/d/cHIJUUEg2+s7PR8qMUYujlVccMtLFfkVp1IBfqRluz6/AYYfbtr7FO3p0CsOSS3y+lRhM3++qCr9SLTxSGXtzmo0Bu25uIIP+r2sUqnWNZgxN+to65bTarpu1RsdAoAtgkqCQ27arIjXdOiQ3Jm3KI38dLIQo614pN0h8W/cte0YmOrROIncPaZ8bxfp/UjF9iBg9pGhU1RnxNB5TEMItKD82cn47QgXdvzCyawbY0aEqLStRkRuQEe7M4yfnY2FH2+fqJHs6x5Lh55udqXuN3WaCxf76uGRMT0umPgS12N5ZAw8p1simYDVngDppWcXLMMDZ+7vBC4LpLXjPWycUYqp7kVG+JfL1ooGV5z0GV9zGP9DN5iEi053Vur3bQTsUOGlKB2mUf6jLYfW+FWlSX9PvHefGFerY/RoUK7i0+tu3LGkCXXNuU1VWdzZvR2U5DAMorJ6Xcx4b+wuxXKgBoyOYihqLZ++aZIMlW2Nm24XTI/x/d7ktoiJ/QfrgANtF+UNznKDotrsx+vN4MPVQNAc2i3SRgL+7p2mMVQRKT2PDi+7Unic16zhGfd1Eow5Xhs8N3m192JwhV94mUK9+8rzTxFDVQTDpZ2SWyvE65F/rhz5PfUuflGeo4nNwEvro5k2iPFvSmzKBfeZEZ/clwJIh+c9JdHbTXkOHs8qiH9CCNibZMOPjIa0aEFFzGaEUoeoawIxeQGevwspHF22o+ih02Dh5U/SqSlVlwPI8b7bCHtP0juMQihioKzKVVrBz6YsLIRhiO1qD8957AFecv7oAmqqMxzbQ937ibFWgYzKsgBErvcneyxR7Pb7wZn/LT/BnrQ6aZSX5MKX/CN+Smm4sCvOx8mHwbUKXOhplzYD8j3Z+1gPK258S00J8Zmi49dwEUwOt1N6bIZ4LZWgVbgaXmYiFB4eFRLW8iXpG3pWUCRjhYklbKS1cSlLnpRgy/vFLdVafwOBm3w9ZvK73YT33L508P/YuzOtRS9bN1LeiJpevzjacsx4gCysj9EstzlqKkW409J8ZPjAkwourlCfXeI/lghRn6ND69bCXcumd6E8J7uhlOj8MzstWMpfbJYPHS2WdZ2zY82lpcXN0CC2UW73TtavMPNfbxKRaYi8ekWbx/eZ5+DFhjrVdJxTJfnBU0L26xVC925j8tXuQDnRKyLlIjU8SrBTDd+vHPM4dVjCrneS/ymtpocj9WETAmLpKPCfbldznyyUR45yWg2m2x/Lo+kp3GvZV7cbk+si2l1HPsU4okzaTTVesboA8QINvgcz1l8/YOH0KOauQye3RVyNpyZKRYI9idjJ+I1xYNGVWBVWIWU2eqmEI+lGR+KGu0sPmfg7U3HUinK8vKQ6UztxKbZvoIyaOEVFbS10DD+n06pSkBBbWjxmARo07+JAahwIHN7x87u2YATPBEDmZR9QRVeoL5VABp5dBh34NraljCts4G5/ELXHq1FB0yiDGksJIyd8e07DPROocC4wbn9KLdqA13Ey1Ee7sRYI33j3JtHPJT3yJDy4kMApIH0686sQIiPVKYAn27oL8wbSuiOUzHXJtxNmkjrLZkqK4uzBICwNHP+qcQQOqB52iOVeHs0TJiT2FAtfPnMFv2pq3KjynYPBQJjgPBsL6AZaLAlvFe/nxvMkB7cIIrac1llgIgH4/Frm1gnhz3GsPFALuLM0hmE/uWq//DNB9JbXhNb3IKk/jpMPByyA/YRoIDD1wCu/jee/RvOsqIiWagvZkGCRgKhvga/26yqQTWruwpbFTX1qGzKnVLzglQV5dRqDtO9xFHR5fc3iIMFZslkxgcZ5xheqmcyoGpfiZ4njT+62FaX9M3htth6j62kO4cFf9O2QELKimfHBv9I0qc3pmah8rfcGjJk9bC2tdgWJ3qpHtoHeC1VVGMUseOgDSKXW1R9q+RPHWbUPtExKqDzhtw9oQ5Acb4S1VXMyRNROc45LRMxCeSBgxaKUf0HLdCVA7NB4P9wcrlVC8kXgNwip5ClAKwXyMEGf/01zqKcHhUOsKBMpCJgw2WmqVT9cjgrKwJOnJNLBqCdXYfTM3iJBvx/hKdnlsg0L4C/tncgG5krZXaBT3lZt7oaIuPtHg7E5unxhV9OzVq5510OFg/rfT+BnlihPa7A5a3czJJSUdelhU5iE2mNXcq3FlaMXCEi25PDC4Xr3a3wRptUbl5f6W5Eif1lIwFWC3VOIPoQPPkCirkKocjgp8gV+fGf6D2oOJXlfoCKhxeAmuvaQioUlUj9N/L613W0utE/jmm7O8ofKHOA9EM/vm0Ca9PdTZsbAoDp2Qc3Gk0C6IBbXPS85xYuPonODrnxEWNrbNR4wFRMn4N+aAfKMnzkpPOj5sDx1ocpLWIMxRwKmMp6XPEJoBcIrMvbVHO0LBSDJnhU5C1ap/jSnrJEqEedv4etZA5VE5G4Ujsj339DC6OyS92COMMoN1kysrmj/exlrw5RBU5zclU1L9llv8MbGAPjWecYwnpw0bvlLWAXK4ZeEeKMaZpx9saikuLTjyKp8+N3Tgp1C6VUaKfQ6WQArHAxZttzOYz/VPKPvx/PSoB5lDWuOoOb6Yo+0ZJO+3ZU5EhzDGdND4EXF1pOiKfvbIqbk4DUfm4QTSmFyURwXMOQE0phSE7m6GKtGbWehxCyceyGiQn15JU+MEKcQDWfmZQhNtPvKwVnUpau+MCvS8PO4B9YtT+q9xtq7C8YCmEoE7OabwGOVXto1KRx5e+Kq53r2CbgOWV1yzh8qqGlcbA8cSKt+szKVD1Non3k1zhd8PDJYCU1lPzq4gqIFbaomIyjFwXciNuf9vo4Gj+ft3bwAbJZ+YRiC1Zq91MHnOaeHbRQkzBfLNRZCVEP0MfK0ZKJOGSxb5TtEQsgO/IF/7EmJqVh3QOVHQEeQmByuxenMXOqKHY1JymvVql+yTPQsVphIeQ3lZmzTD/832lJWpiHSi0pzoH85rAvM/1r5wpywkl6L8EQ+jnV5MYoGdQAt1443wU/UfQbcmW/s6fBSxM5RNLlIV4rUMUVC7ny2aTaqdvlvia5OENYwvgg0OIm9FhN+XAqf5ParVGEUMTZJCfoEYLn63lNkl4An88M/opCM0O8P6LYu9zRUmY3pYEqV2nb7RXVjegEKqYJz8JHC/TQCNGKZxZioN9HFH6icy03XnExoUR4THRmEM//m0AP0lzWGJIrTEyV05kzpD3br2M8vh2E5Oali5l4ghxN2fbKt4PElazK3kqu6dVbLf8ZQfUuBRB6L0YcfT4YpRpekuIT313jxGVBhLPI1VXFcqDAoGxkxceMphpxSOlut0dfzzp8clKawudOeoLFinvXDi7XTqKHE01zgVXqXh510C/Tf2ZC2K27Wr12vpTUvR7Qeo3o0sHisxsVd4f5AtOFYj+23VWJ77D0n3ixySbPF1zm9FQ1jL6mhd1qmcyarVEBZ7p3Ohdn20aF+JoWuGRjRR+GtqjQ8ncu6amHXRnUKtlt00D4yfc/nOQpusXatE1FhtKMFWjVuGrLPTIqOWulEIeYq9DUkfRD1S3kHR4HTP09Bn4wNZE03nJy+Pb6DeMu9xXVlOm/qOkNIlTf7CEb4wEPlVAuC9iz9Fb88+rfg47cV9mN6TPubRu87UWcyMmWEnUq099rhOGNAG4LU700RrppXrN9l5NV+K+KW01aObvdmC8UUC8OxLgZjg2hiFlhWUYU8/GiJYcchdx/PNc1+GNJ3biZZBx6Gp/2dSsM6Er8DqKWUG45GaNB6BpuqXm6ULE/YH9aC6eiYJeSSeudoIllmU08nXY5s5BImLJkNVCx3u5Okqa8tioBneqTtqXBLOpc4Xqzm1cL7pjTOjOd/9OjPTQKGEPH6KDm67xXIwjE6+isUybyN3KDlBs+ekUFnYP5XeG8s/K/N3279dTiFR2jnU8mksd9adxLGSI3EN/KmHCW9kf4HuuBiOkS/4ap0+dN/gNPVZ/buPEE6IgFbcP4JX3VI7qgoiPo9Hz8QXCR9tGrt7J7w4PfC4x6s3uXscX6YJwPSOM/DHNhEzbv+DrsxajwB3qZOZ4DUXuURJf+w1cPS1NoNrGj16Ymlgye/ofZ5wcL1kn912Xw7LTHrg2+/37jSu/F2I3/fulyX/rYv1+Rju7I/ffNV/SWcGzrw/HbvQ9aZ2Q+NWhnhno23PTybBrOhmsfYT6W0P+SMW4RF6SnengYB58LD2oq+XGwwKT48dY78uIIwfUjlmgsdOXiYA+9RtGN9CId1ZIy3xEtWZ3Cqwoz53vvyQh7bi9ObKwMdefVFb7Krj1ksf6/hnl3gzbojbT338uTr07srZs6uIFuWFR/bLdxWO5E+4qpPmris/UWUj0jZGLsw2a8p8aPt07/vjPVnmx0ua4CcmgDfT4PKztdbVZiv+fnbE2FXHVgUs4Fs6qgnL2lUrL/jjszXUabfiR+O7sR6pUSk7EjlxPRWV+BLDqMp4Um22lY0FpeKqmAUDeVdf6n2wZtEAggOEoEbgNdfLubULk+GzJHxHaHIl14dSGFL3fk6tRP/vrjYoRfjtgLfPaldax2UKc8b9w6tmly9xbSvz8wv/hE3iE4/+w649VDjY2s5cFAj7oKNpD23mXDY8alThoWcb2XIOsEQIZSivoBTQViW2j+kAGL2bPXp54eG6p3+dOmZhormjFhuz03uG9mtf9Vi52fVaFUtkE7ArpUt3DTb+LCENHamPTj00mR4w7T0Y+hI08Rl7X2oXd3itbHTM13AGPsQu4eJvpJej7SVjocnpftzG1J3qNQPnF7URQ3iAjuu+30Q43FOoXOvwcnAzrymrK6trO9vxa+B3pOw5InfwzVso9v7HcURnk2IZeY5LpHX/RRJu/HpAYa/xiPRceF/7+1G5v28sdxqrf+mPbc662qnC4lm3V7/v3eYN//wu0/1qeUluWP4/ju/t8T8f+hj7S8hWQv1sJFPodp7kaaq76Mzja/jibvMtXP/jkiQqIXDZIDP91Uye1Y2iJET9hkvc3tDuZvxldpMRuP42V5ez2WZHYEOywh2u9a9uHuHiTXvSQf5W6Iq7txSaP5Lld3kMTjRkQfAX0e/ho16cT38A0sGPWIZRNQGoLL5LCeG0MXfiE/XKI2qig5I0Zp9pgOJathfqETfJQ0cV+PeilxuNHeA5vVeBoV5grxjHjw9RlvbyxpLCbqhK2L3N+k8nUypSe+zfHK+mOHLXLgUyUM+ris+3JEc0VwOijpgXb/W54KNHQowjJZKWpYx2Mdlq+CeMIak7ms536C8ok6Jm5+s4GeKAz7ls0t37IZK/tHqjS370WCfTmIqfaU0V2Jydj5UH8q1aGgVDgkpi3fbzmeuSO3RdD/V+CgHmuEXscXhILSkp4PfLJ65+cd7pWnAaVIwyR63kXeoQ2wSr7s1uQxdKWXGy6tR6ZXh905mr1KmNRs/RyeJ7THtfSnRWDfNUpll6cZTKvdZ7TJTWncN+/6Oq2/p47/a35bQ6Rho+4s5OuDmSBfzsnXBLesyGq+f+EGJeQeRVuFQaCrc0qHkdZLdKxJn1mwKecSLTEBnXK+jdUIUnZ+IEQHPIpq339fK7S4RZQoQ5opuRpVBxsJvzhWszDll8OomdTZSntsUxO5d+H02N3e5A/joeQjlHdYGnXyHAcOjnE5p3a/p74fF+95nlH0PV+Bcv9a23f3d+Z6b64bytPSsht62XcrKe+BN1HfvNzmYfAxKcNSN/ijkKXW8bTwqwWjYTUhSsmosAf3Zipc5w7RnJ15I3sUcnvpU9jsv6NLQs2v1gPQGfzIRymzi//XjOq08zZ2NEcaxkgH+Yenl73hhqE95SqlKKsaX0MwUPte1UpXegHYX9dzOIQWrQGV/LKFJCIGkdpbb3eF2h5Ji/QuDgcgvs+BsB2RoaarUszgK+RyKgf4xQBZ2J/Fsu7ltzgSb3or5FqhLxqP/yJD6iqX/pp3zvd+q1hnYL3OWD+gmDnWI5OpmGv17AtDmX5qA9XOB1utqx+cyb3DkYPPHHu6djYDfKC89x7osEW6xofQ0+fAydIwRGIX2CBxC2lhvV6rNIxT/DXowejvDRsYC3Bk43RD5RZSvwtno0LuWtUyrqUvJw/P7oyeeDxTqKeYjhjKl3I3PudXeAqaqwREWl40zC1tWo4AggmddANyhBw4DDlKxyL3W8d+R/MH/24+yuu9n896PETcBtIQVDpQMoGaoc9qWaQ7PaBRr0nDRn71rBmVhmn4pxvXjV2z22vIsudxGTtzi8keTM10Qu3FF1EP+sdg8sXW48AMM3eMc4SPqf0MHYXvD3jwDbPe3T87EcUZnwHwhOAjBfFdZ6y2WVmmaeb3kHsV4SMo/3KAti7douxtnUEXpNiGTjJCONs1a1LsPY3cws+UqKBjxnValivCG1fDzRciKNu6+6VhWGyjpwf8CtRYUu2z5HLfQ8UGpIHyCY9oPNmvX2wn09j3UJ73B+6Au5+YhY6yw8CagGlQMF/TegWa+3313ts11ztIEu289ZeucmhAaWihkwJDd95ifEjbuJV2GnLUs17y4mVfBLHOuLOu2swR0TseUYNhfaRFLxyzNxq5CxP33wibOZj6lO1kzK+45dGnzcyCHMFVDJ3UtiYQiOrNOYks17MI6h73pQtlupSx8D2JZa8+fYPA+bfo/zNpQgdKNWcnrVEB5TwA89Ucn2ao96Cqx9vR6y0BaIJb4yjlftPfJHLJbKOmT8Hslk2lDWav+QFKzKrDbZk737KfF4O+HC8GScSjU2ME0+b+Dy9yRB0NSjHzJ1C8zwXEZRnPA1nn6+w8d3yNXua7ijWQESbVG++09f60BNxYGJ+BAU8EzzKftafLF5SYtm4A+XYVXVqUw58jO8LjDtawe0QRDxs9M0uk3HnTcXng5Ixblw6wQehbEUNPGZQIW1HEz+yJU4VF6Ta7viJmge23DA4ecZBpitgUeSftnM7IA/cxxbrpyNkPaxPua9ViGoR8/ms+r6t+bVD89kGSy003DXaDswxJtN4yvXhKKPvrMFEpwAnuZr3p62i+Ct9W4t2Nl8HvQV3jif3Eats9XZkb1anUBtPg8229jS0ukV6r1wersFf87oWPYAOcdPbaMEq1L0UGUTZC6x43zrtjNyeybMVPGxOyauOut3xCP+kprFEO+2j1jr/BKc4LbUkLHa12iAyK9GpyMRyOrgvl9HZQSTCj/kykT1hOb+fcwQCn8t+RwvuXYoO50wO4Yv7vNPLbUdsz4V6CznTtl5HTX5dX5/IPoWKMdxjpJLcb+809vK8ybu7lHenY5BDpdWYO3f4hoDBxj6dSQElh3JBvl9vczLR6Guipd3EN/ye6uMQw83Nrob0rDrzwYCF9AT2j8SElvKTOtvHkwq8f/io4/HEhV3RZp95lgxw4Xsc2/TFBvdF0KbK3/lmws8aSgRGu2jX6rLHT0nQcHtYKK0ocCOSqOoK9+XYFW26lgDAsd1lhqnY9f18BK8q4wP9ig4vtprWQwzfb/atGQmVIfC617ne2Jv6c76gg0RYA6on2QVDi0kD0+z7LRJ1HXX83mo3kS6kQwc98Z8P8ya6xBPWf0AGfNAn8za36Ey/SB4i88xOPJ8wXUhc3k/iFaQzygtwkCO0Qa6My1bNkoGNBNsOteKQPJAsdIIilB6HkktFJ/zhDLRSa9YiGhQTnNbhoWYAuH1DzpNBb0hA6K2Vf8+sh+NZpsV0fOIcsaKFjWGhe8Qa6/wYjzz9UyoZuBXvE2vg8jcT0P+m0PGzB82n70lceBEMuPnlXsNS7L+IJCCKYjksyoYXOw44WFL9p8iSWA1XI7eHOmoa8BxzHbNllXhaHPyBaOmiBTj4+w2A01Xex/YcGo58A/y32rv3a5h5v/xXFCQD5/WpDNOqnZWcchoPsYstqvYv3F4CursP2nVE9t864ebIi0O89Y/Ok1jyjcey5MCodnZefWLD7ExALpeDgs3FF4J6oyP6YjJFVxjYl91tLOA/IOqykXp+71FQfymYAdBiy7RuC/H391L/aq09r5bW/nwZ6oHQyzUPYKEMqjHbT2MSDfACSPTUpJOPAId6DdhizLG31ZkZfjbUJWqu/wcFf4MTmc7QtnG11mPZMbXmAyulPrdhLF7aQZu4ookp4XaVRztbfq8Dnv1XyYF2fs40JnuAbmG7OBhTBSyd4gEcsqzw1wKp5JFcaZuxEcYIZ3667UWjm5q6lAqLu4iU7Tqw6WKXnRL7rL0YAvg2LdsY8GKFPOydfgndhaY0vt+dmNtcnsvxrOJRr/98pAghSKMpK/qlMLjBJiKeFEI9tNFw9tGQfZxfLImo0V1qpqE5sCSV3tqmMG1cWZ8BvziZZEJ4NBB6bq49Ejm+zsl6ogJq3GWmr6mgBleFuQ+wNsNcFuVuF/wq5Baza6IA1MTPHY0lFvrgA/hLG6X14L+bEBx2l0svYTwUuEUicNEywNb84ePFrs++b6Qp6+3EtTwf/50pMr3dQKH19bM7gWay34zGbWBvKeDStp331XoROffWVpegiTkzmo7+7MpsierH8kwW1ATPKRdlzpgVMvydAqEM3khKc4/zRmb8snyc/JxwIhXL8bw1pqepS9zqlARiUHnQrsj/KEX4A6jcNN39Y351RADoUI7XIK86A7e2ijpyC17DaX0afOMfTq5FMLA1ohX1ll8a+7zTzrn1bQh//fIiP3Nqriu7D//X2JhfMiPKUobGx2sOvbDVv9/o7bSlZdzx7WJPzdXZp//KXSl8AWYEyvH7cKst/uEHMAehj9OhXRrv3v5VEUynUhkamu+SFeuDm4eaYURV7H21t0aHJIVdWcfD54hjA1bxOxEtWlhmoUHIWEF+K3gi8s78/fRLtorDzCHO3TUm3oCC7ZWx8+eYmQsMtp7zQc+Ai1uVzl0pZlLKohMXeDoif/kygEi6T37Bdp+iTfyLLhwM/0BQzJtcXE9FolJimke1Tt1w3dCH4Roo+ZzZIPFMUr9bd03DBWfwaNARGnjb4AmHMvygU3k5WH1mV1RIdkrxLLdOV4EYmtYLFL4jUzy+j+2YRtx2IaD4k4mvKar6njPgkPjmiRjf4fNdQ32KnSdLMvX4N/zmT19qBGvrTcWcCDCBv0wY6O5IKa9z8pXg+lC+MsXPug9ipvmrdbFeK1Zmo6YDXW24URu+2OapjgQ491zXRY5vp6SCxMNJvXmVEvOYcptC4ywUYvwfXuQ5xXeCtft41UirU14yoVG2D5osF2y+xu0o0GzWo4DnTVie4hLSlq6A4yUeJ7VPz0wh9v2Dcz0HS1dCWiJBxgL8RD9+BuY6bKFEfhGtmKCb1Qga5owUN7liwJf8NWWS35zP+65x8T34HjqoircFr46kbumRI1tND9ymLi/QEh7XefVbwIYCScO53CmyPXxdW1FeBBPqx7i5DRik0bOKvhVx+UEmSh5yiPlca5mLQ/M7ujhGlACtago3Apq2HsIly3Z5+OGd5B9ybOhe/qEEk4C1Wi4o/XH+tKUvT4y6G+N2HA+MZY8I/zdTMyOXbkl+vqlB8xSF+b2+Jn87nwQgFIE03h0idojbeaspj1qmU5egaqeycS+IPS4g+pZjDbb27Iqkq/0145B7c75DnkBtY7UPxescHbKRn/prif3b+WdepDieZpsRpY/R+g8MWcScZoxh/HwygKWRIsxQ9lTesyRlsDJVxsWgDfTp0Xvw6dBJWUFB8RqdQWBTubIXRdXNIARxJ5mUVZzeeCoR7WyfmqFVOfB1OkLnP41bNOtNWjH7zPOzDwlaO1cdNWuWYLMrqfWd1i3RA55atni74AM+bDVrc2K9lQS7tc/bBOZdjBAU70vzN//qmnNz/NYG9NlgmxC22zBVbWqvg2Qdk1rQsRaOi/2lA0wnDlMbMhtE8WjrJty9kBtWqfWN16sLoPVktC1rKU2HVPj+KnO9S7bEXAFuonAW9jLhtqJj2mQ2d2cN52BGqvglC7zqfnibnkLHRLBXeeHEd1ljFqPlNdbipm/+voOZ3Pccnsom8crE4HgM7pPZsL2Br4A2fMmZIgL1oHDyoMDm9PZdDPDUTVCRUcRTYaYi++VuPG9/xNeNgTV/RwapXxVPTB2s6FPOk3DXEBuzMabC1Osn37xCK1cecEl67XEGw0HQLKbS80uEnCEw8gwZG58y6sHGlwrS2qGFfu3DE1VBqgizuBf94r4CPDt4PIHXoaDjoHFA9wegNShQMdyi8NbxhnFCQxy2HbAzjYN4CZpjtny73ZLSp5yYdm/NGVsMChO3vB+GAf0h+5l/d9BX/Nb9RV+4NwMHaF+p20UtrTT1tAEu51YXXKUEftAADhImaplW83EC/GTeB6ooLcnYl9Ou2WOZIqSQ9p96mXYwP6vscBLMcry8g+mTFemAvdnVMzYAuUvZPl5cmOXuyH/aLdh0DJzLY3FW4p0tttcvqn/p8ZlY5dRXUvdE6Vg79xLzTko/buhZH9b7v8RyEHCvD2H3Jl6JIRrZAOMvMBJfYpNl8b0dbfc+9psTZ57NmkYjNEV6YyFQ7HwwyZn9UDhyQLfpEYW4/+fV938iz5uuM3d05YuAvzubP/M3OkCsIQoGJvYpe40tQVXBxlGVUpaWOBY+c6TjiCQmEmlaeQnevPpjZPkrnOedVDZGAJSAPxET4xcI5mWm2sQTkdkchtyA5kjIEn7EqHCJ+5QIPm+8Lfdwa++F3ACwilmpZckousWUmp7AX1xmHekyMd6VrOR6I81in437CA6WNq41M7cFpBEWMbqCfcnbGXHeNCfIARv+SDx5q9Ha3g49AZmrGcguKbcrjh0HcG+1wDdz+Aj+SZfXxDfQe9QMoOwAfanTdKM0sE6WdtuluKpnuMQ05nuuMPRAUJZTc0KpjIkFLxwIkse6bzEOxLGasDksQu64eV/vaU3v/1VOnno1ze0+5t8i6oJEtQNxxNfyLjJ3XrPpHD1j3dMm8tRbU8Ee+MH7P7z+3yb/ni2z6yLVBpswRCxrawfgctnOVqUkp2Lt82iqUA+hDyNWZ+KIgcoXLjHZbr+/RdVh+1xySNThz07wgZjHj1v7ELSTrjPcLBFq6pyAQLxyg181Mg/zTQIIzIMmbrQVSKuybiOmF3l/ZroW2asQqgZJB0zWcd60VMGPIK4CAWr68Jjs1py6eCqV8yzsJ+z3vPlNVLpzgqQhnwufZR0D+RUtbcuuBUsdnF58k+q/DfuqccNhVqloWXFyDPWOYaJeNESw2Nr3Ykp5I0GC5MWUhrQAW4p7CzcF1LK1zeIBlrAV5obyH5dZW93rfIHb1lNqkX4jJHOeD2Zm7bX6jVvXle0Lsm7ke6cEnKIvwPOoevyhDX2PWhdG6cFLPHKNu6Bf0ZRA/5qKowlEiayGYdIY4zwS8BAoUa1W01q00TbLIepvn6Krn9UkVOk13VWltPuGfvvuXz4sDVwrtn6dfLd4enWIn0f9kUs7vKFayOlyagkXPUqpg5yIyduzjaAAANutxIo+pBHMvFLzo8b0fHEqcjumd7nDSMWA+9nRIud0UoV8bac5f7ttb1nRn7PSCY0H/Hve2C6MCO0gd1pazmdRvkoIsstqeq9Q1XCbc7MaGTfZ0W+X0hycwbCjB4qb8giIeONtuptcRM0rJ9zdNRYVQtlvxtKgrt70P6iN7W2b0BXZFDZRDXxs2POL/8c3v/1ceOS+pgm/SvHXAD/WuYTSXep10HEJKj7lzPLf4ijxHqsc6zqzTSP7k+9ENd37qYp3dsRX6GJZyBVJz8iL9UicsFEMlY5u6kss7O81M9fYf1TuKBEtvG/MKDg7eRrlwQ7Iq/e1hhPtSP0R50+CnH6Os2vtjlFmy636I8u/An39MjI+l1A+JMVSS/iEx77788mNi/u96pDJYSsTlD0NQ0cNm2qPR9cu/DM+wmyRepuLFce+GgdIuhwa3UUKVM3vi72Sw5Okm1zuJvcNbqw3IDbCGrhoCh6FmjgxK952oV/csySrLjOZuqtE51dAqqg/49oAj53lVZbhnVa9Z2v2n56JjVlb1a8NvnRnOtHYnmmA+jdsETGBx+pTJz+mV2/QoRVHLDBFMihn2NmTkCjxYWdknihk+VKW2JhFMVdULpShtdhNTSwP7B5wcr76nG6wndVTIOW6CYrcGH7Gy9inXvmsWtSQW/3lbZzT64W3KgeWYC9rYzd+z6tzP9Ll+ZKWuxv3VMLbfcf8HP2+wbzUys6TmYUANsioGfqcUY4wy+Nv3gu0nBONP602PMY/H2KxRKGFWu2doQXm+MID1dWFoBtKkjqk9+KW/inj50txb9bnQVCnYwONRb4GiJPR3X+VTmZUz+e5RW53tnN+XMc6lFH5vlZtmve73f96XnHmc8lDIO94uxc3Ic44t2zxdEEiFwclLKc2GLpgobJnBxgsQr0becnCXLkZ1fGpoYeqoqFH0cG2IZJLWhlzvoBNSxj4T5/bnaIe3XRnY+UFOu8A9dOtp/ke5PfaU4e/LHzv7gnW01akt7Bf+OeFv7j+H5z1a6F5PKrVmVkS94A07dj400J0rMw1zTvdRtmjowiYbbMwNeGtk/LC4XIWq9jXnqpnDP1vgh/50R38siGfxGhcp2LQnxIacz4ydTouUugtCkMcpWqVbv+iKE/xc7WWZPtZmC/z8W5opKq8Ls4jBMtzJBOhqgIzHl/66tNTkSM8ItAn+F+jgnhItzNQB2qZtaiJu2ECTuhFBcKvERmW3gIWh/Vf0l4evv1FSo6A66mSq3Fhh/aKEooT5AZXHwVIUBKl6eDDjYZrRx0HebtD1Abs2R5NLE22lKeG7vWdZrzyu7ollhaW+Xkc3vr8nFqWazHw5cmBI7ZevU2rcvjF3Ns91YWZnJCPnKb7n7JFrsESQ+G1jGWFy8YLzZLhb76eE6Q7mO9Z7KVj6KOFJ6wd7uddyJdmDBXFVxdh31bW59misjU32mNto/AEYYX5511CKYUCpEyyTuHrJ9c7QDSJ1/PT5RuEhsoZFeQzox/l8dE/O2FXW4E7RPs+tcCqu6zifrH8dCNMPQ0ENvd9CipImuavX00ITpWAB0D+kVBpMa3bayhon4yfOjpzcelZ/rXV/G/HYQI+8BsxLPD9wq/5VnwLEA9Fc0TNVOrtQd6GBOwSJr1k3Gfl5+dUn8RYSpTQ0r/TJuMugYUsv84r7beOVFB/vw/SQdYfI3UD9wbYOfxk/owHX09vJHH3cnxcQG6UlZTY6w838Bi8VvagtJKsvtD3rSUunDcnndnjmSXOrh4MDbrjE1gMRUgRzSZMr5dtig9GwTN/eC+Gi7B7j4t4Jita1P9bQ6++vrXLOWjvjvP0HfW230OvP7LVLYI5ZxY/4teoBul8GgkqeVR9nFUqZnYqC/BobjMdfC8NI68tawJ+wdg3D7lfdhzmfjoja2jFtWxva4dEROXVHv5QTUguSJlXOPfs0VwP5BpLvVIHWwhY4ymiRDwSLdhPvRIwEwwtZ9SUbctGUMFe9tcwyX4ao/w/23j0cyvXvGx5U2pBklexXqVSKJHuDdiRFoghDEWLM2A1jz1pWpTIzSaWyLdlkM7IZw4xNEhMyaDAYY8pghjE02e+fa9Ra/O73ft73+L338dzP8RzH8+dl5jrP7/ndfL6fz3md18Auf/DsDa2KvcnqqpdL8gUJ1zJoyJPgqqwYDWCU79r0K6AQxRR7ZSML6tHOrTuRu9KoRU2+84EbB7XD888iqH5e1+6FAyySCUFCjaECbB7mB0es0HWYk5SE47tzaqxzxJSqU228ke17kCrY6sIO5v7tSxIiYW9O7ceal1XJm9KIOZ+tZPZ+5W5tpaFmNqTRDtMjrPCJnWiEvTediOshlx3r6GiQnwkvFWqFencw6WPfeloaBP9GgPRHPticW7HakbXKkQRlSZMfyCK/F4qeIPfUgJuuYcqp+O1iQ74uU7csQLohuU1n6KkpTodBcgFvORASo5P6NtvK2uSLayPxwJuLqMh57mTemeOb0qj1rfLBb+iftP8oFHyucA0y0CMRNbavXS1WxAiZem7JuKPF7ldHKkuBJ+wtNRuRNzn4mJj8pPeOB8k+UeUVDTIoLcAOMgikSVOvaF9PDjlz9znJUxvoEHLqzfTvmhfEAwTYw96FWHpo72yP2KNAEvG1YeAdfnH4LIIQA84kEwgmZo/vUUr7E5+74Yo9icqXCrvEG6jayqmsngu/HRl73KnzhnudvVXMhAXddqhw9jFmDP/er0RHjHl7QpO5cwrrn3G44As672oU+UMX/byfZlFJoLlHqb723UOJ4GZHTGoA2UdLJ3jKo0y/ehP99TfEsaMFT9PnU8eXWyZpG39GCUZI7eAeGsSafIzzJ70xcFLBa/q5v2m8hEKRXRLTx6LzAuzxr+t1T8lUP9VFXcAXjwRevHYwx085i1b21uVhcX3lG4LokwUnnb1QCQ10dR9u6Xd+0SYDjaLyxFLDMfgLzFr/jUoPmhVgZ+/nxlfVzs1Izq19ItsULWrEErsXUN2wcV33LrjntJ6hBR3/N1p9kj5oqTnemxG+Uju1aebbBDUwZGHmN+Qys6W695aX8D05zPSPwToSZ2pitGNhuqzhvN+ehfHJIcoXcj4VRSLLlAdNDA5P4ElL2nb3mEE96RBo6E7C21yTxdVWAcyHw3GjmY6uBI+dGOZYJD3MygOzRDwfzHRhapKH3S4nPvKSTTWnjgJzoCBZBAWtyrN62vS9L+VboIPpdOJKB7+MK/16QIg8eO+HP5uuun6YYguw4cPuDsnlrjYPflPwtes555/hwaKmiU6dpewSyla24s7V3AiBtoq66Wn+XHpSHHzhd6QpukyyldDYN9JpGur3QBqshIuUfKvxSe7Z9H6auxilOS0pST9jmpJZOFYVkGrJ0UHnQfq7c2e6I8Hh3CBu9VQwPjGcb067h1Br4RN/w5UjIUxMO+15Afirmk8Yfm48t9Pa4NrNUcIDvMPy1GKbCc2jNgUdJmI03rYxjdaU+JuLrYzMz56vlEkTtgwNCjW5sfIysrmtMz8+sC20CPou69ZFWIW75Nu7KdAYndiNt3/MdhkQcxSsoN2o8mZ/alrgztoxgxkUk57FQOdi+BRmpnWLUCtQTeHTI+F5cr21AX/gNF5qjibuL3XxHVg+C1G4CgqBDbhsuQfWsrUhwR3vf3MMV/6ZGR4g3en7peo1VPuJ8VLzsft2gnNpYOL5tszc3Mo4c3LLPmcSpCz4sy7pOdEiH0qB7ItvDjjP9YOSSE30N2f5u94++5REjNzret0L+jDbpHgLVvmnVEzPGk/3Nyfofzmmj8P354WV4E8UyEbGGaq4f1QUM14oay0ztrJoaGxWe4edyPYCQ8Zj4i5OVPle44a5LFJEfKkHn2X09w6HWBk/mOjswdUrHLZPfDacVNAM09oyheyt/9aRwjGRjWw0XK7v1Q5o00avNFUvm8jd0no+9rCk+PgZLBqnjMWlks8gj7sTNWmzJycQf3isrlc7GafwKC93hr51BdFsqHW3lCOAAqBH5Qy882MXoTJaLLV6KMWcmx9YVUq/jHdzztb50TvRU12+20pteftIjTXvJCg52ts7gHaGfqDeaTT2kD/VrVftczEBNBlUEbjLPmiZJLgakLeCrQE6afYGthGpKLJCyYPBWI8byLmlfda3HBOKvl7xryysb1vOF+hlF19DpmT6JbwSRMjcxBaXmAdifW/Z4Zsusgad5TxdFgsHrKk59TdvxQSmOwbkv+2l2zlCYXaZ/lWa+GTCLU2VCJzlYA1bB7tzm/vc009xsVYJDxFTEr1YEERhQaiVftqeytUWg8ZbqRKWPOqHoRLbfoJInR1IN2EMOl86lMh5GQmVAsvmoXuBjiizlT52BY/coepyPuB7gJUHjPgqM9Ql/oCqpbIExNsfltQRVq4EoveMAtAvMOalvvuvMRW13UoP9ubLFeD9xSJZu4HRbc0lo6qCJjJUhBGRdw2wehepz0dqcL+P22VrUZGeH8o2WVA7X9WTJ/LBhqNXAzLSiLzYJuOmd7d2x5eqxUYbXixVAlVqHoOyzFmBFTMOtxM7V7Ack+4yRzUy6mrWcHsAKuGMABtqHYUeh0neKqhNjCBlxlPqmsUiXjLpP0HPpCRLcPJKjgFGgG037JbX2Ht9YbAFJ3rHS5Oux9YMrwfa9OG9D2djUQWV5ZpkT61QmgA78IKmtq2AriG6J1Om9qQLnd4zzdNdoTCi+TA71gsEFAf6Xnbrso3EyANjfIS1ZArB8KLhnhGYaP1UDOF2EeCW/Laj1SsLy28JxsVPTtT7lhcupYAm64+jd0Y5Jj7D6aSSudodOu/gld4OI41p/ngRyVw7qBWSC0KEFlUD9j5TJWq04sa7EH4EQo+w4aVfKK39FihSzY3O5QaBh5zLq+CZ7RorPPfjVIQAO1pm67cYAXYewwF/xJMJ9cZebTso3Inyf5ERT9x3AXIxrHdzLs6tZ8JXn2ZYXD7NTGXy5qPxfPwK938MQizdyduhLM4U/PhcGWWoUmDZFqYV8ShXz9XiKtPaJnJaOI1j15JSDR3HJjYdYLa4HbPZYmRxrxBY6BKCepIfIwp/TfXWyNQIh9fTj5Bq16L6nhOgwmkTX6dNuvPRdfsRUDRTP++S+Uy+wazH1l8Px0wv4cVeO1rI5t3v8gARFjpIMJeNbC4QnUBALYmCCzam8cOS8hhWHxuEX/kynycJ43KIlIuBzQcs8A0AcYQuqFKYTLQSH30ik/aDwEuV785rkiYSJBX8cfukqb0+UJ1NafYLwztr7bLxD1+Ukl0EMp6dlFfMx9Xuscjzr7Onv2yyfhaGVXUJ4t2b6j4Bd7cAhbjsAWhbxdI03NzLAVqxhPO4njgx3BsII1ytYGua7LQSB7dfALV5Ha0GJxNwIEQ7TV7YQQx79Sm2vqNw9rcfVZkT7zR1ArxCDdYCxxPeT0xO7x1lexIR0GWNr8S4BG6peanWb0XdvkKtTPTVk2hRNBA2lEQiUxbai1hQZWpaDWVBn6YeQe5MUAb0yKbmFCb3tHCkxC4+vVI22W7E6mkt07XCkP48B9sdeVrOxLObmQd2cKpXvKbliZ/Tv5bmOdWvEiJjc90+TSoB338eovxWvO/INeKPI5T5Tl4MY8BOJtKxpMmIenMgzndKyTAGTlcS3hFvlXCv3uMFObgklQwjG4EzVCo77kMSX4+W278YycSm9OGG4ToFNPDIY1fkhSVp6o/PzPBLrJsh72Ro01k6lXo/qYQt0NLofWfhwWcbdahzRI2VntpJO6i9Ev3uaXpKtmtIfWV0z7d7LU6czC/1gWdgzxTvqw2gxhkOD9vMhRqbQqwJ5DOjRZckPjNJloYFvSkPPQ0o/tCmpC64GZQbVJVrze/kve6A3A/fCrQ77rPj9aern/uvcRn50uItRpjBZ9TlTFn/7f/8+f2ZAPNdacTUvRPfXqz/dmLxlvUbK/8fuyz+qqoG835rfwNqaBE0SWF5Vwf/4M6WTdiHzyyJwfYYLi82BRbzG8lz4h5EqBRJLFDw1/ev4f9CExckQq8w+XvuetWcrBYGPEGgMbkKaJ6sGk0dKM2d/01k/37A3Gxf7P3eb0Xm2JOwAse6y4Zhy9JQLdj78hhKyseJ24pCP2mNz1hKZUjk67PekhpkXT1kULE4vM+/GmZXn18Z+FqU/wj5a0oZIBtjDjwFbOrryAcklRzsGeOaT/+nk5NJN38xQTI1f2NaQlN4tt31uWm5PBAkK4MG0Hy+QBnD0LYZkcZj6DfhQYBsENZROQ8OXw7kHvh5J2t1t8XVdVAvVnxczEg1YRD1I21128knstcRRPAQVteSBbjzvGcLjTcvcUPSu+rjRKB+z0DcfK0915SjM3ISqcbxUrBwtvadGkMSCdMBi/m186zZ64d+BiBq4qkAuyv1QXJeb/0D+uuuew82rXCdlpEVT0MdeX6L4u0e7drTr/xoyjvrZUIdfSuI/X5Sb8ZU6LCSjnxs76nc9JEfzfSSowmGcS9Db0GABVwGGplIsAlyIbqQH5Zo31wBNhCJoSJLlTsfrzRduWbq3JalwrmVaCt73zXOdq/dhVvlWNOOjW8r5smGb1sOPHeI2Plrly0oyHMjm1DwW7X0PMCWY+tCfuTrQ1+yARnngjlMeJA24Veu3rE9MNRxrqj0ekS1ZUe9Qqgt3di+MgTZD4jwpvGHWztACHhX3fvXLTi1Ek0Iav/TN0APi5IhJG5tnSr4wmFEUuvScVOZl3PPqipvu2J2Pew6tizlyzzmXIZDq/jfZtzYviktodv4Khh6zKICIqA7X4C5XaF5d3Bm4XbwfbtXwYS2Tt28RAeK5aWsA6kkrIPMRUBoGnDke3v2EBK58A38NMmBq4LkoCcLP/Mm52jDqR/GtxiR9plBr1l9otSl2amElIeAQg6fy6SVB9yEOrB+5vTXUQdVUPI4oNiv9wFheLABJ0G7rnEmKXBT2sQ9C6h46rCxvc0gC1B/FQ78GV2SCg/gNe8e0uHP6HMULxlFvvN8ED+FHj5BquGD/zjAJe8BmpwnPNPkCtJVFYcMlj/z+FWvUQQPnCGo0mHsFuyv+6RsXy/9uhp2pD7UAkQYwgBamfO1QDIKnVwke/GJciOS6OQOtr2zutkwBFcEJUP3QXbrQNWdKuaKCg8WiQiwfWGuMLVDy7EGenlm6lBFTETRlYClpSLuxsO/auI0XL0j9Vhz6iZIRHXBSVEjKsMgeeR1vW+dykMHl5oXu/okosiauHhgjYide8eDqsCj+pV6V7SGnccL7r4rrh3e8zp8U7NWoxsfVkYRgJK1DhmTZ+ZcPrq3TlGwdco1cKey4tw1riFmlb9qxtQlBH30u0o16HR93V3ywJ/7yn6pW+LVzxB/TWlaSlO5b4/PdTbLpmXnAFVvSFfPSbw0pZYZwSE2uZ4P6Z3IaSHCcNqDqctzjE7NnpGgnibpJrQb/dGJ/WB4Bk6CNG9S/qq0sJsakCu9WqD+AJQugUbneKq/PHyMZroKQOf+Bj/sEH3GMHZXMp9Xlcn9vdX8rgljuPID0Iy0M3N8xIrS2/9f3r7W38dHTi2LKhSpLlE1eBGYd4A3vRixvSxUGRM5u4ijm0HL6Veh6oFFVonxQL2O6aSol4NRAR+cHMO8or1XHD2SpiS8WOhaqMmPnQFYrK5SfvNkH2a2AS1EvMO3//0cgQlCLIhNOXzS7pSuqb9wAcKM0XgS3WSkNNVfVxA5T3HSlA6bn8QbLn4zZKrBdnhXRixx7hvP0pGRsKWVSQqDZLk01xKZK0zb43ycm5kJwelxzbsN5L0Huax0CLgP5o4aH3IIGC+1z44v1zz/c/W855nmqQBEi5Gk7O0gzkR4Ce6mezFF1OVlDRdN1Qe4X6k/VVT7Qyu1T8tLCSuqGkLeVhf4zbg96Lctw+ksTDpN1jS0SFNIadVrSTiiiBFp/kOhYOuc5BeK6xPfht+xETYC7NSI+dD9vlqCreJdqO++G+I4RN83S6GEU27LZZvS1NkOVk2wPXN+ujl7uHsQjnop+0hJQjF7XTfpohFz49NFpQXj9U86KT83JE04gOItvNku12vAAaLQ6xbOxhGaCueu4glYy3n3yB5igMGx0/ryBa9YuBqT13gZGDQsfnKuRHDyxIY0lz5PdBgGJfiZKuMfm7Owr67rxw2bnfarMc9ZcBQgLN9bOiWzKy3LlBM4pbwUPNNWGVF5VYBQaR//Md+1Krb3+7ENwcRF35jJwEvHkFuGVeJ6+5I3JVPR3iK/7/xML/H67f1YHx2L/5lu+kdaHCsx9IyXN8HP3enL4C/p9mZV9Z+8r3jcjsycrmUVcJ+Rppm8PVczUcSEgO1ZE2HxtPJ40CTOv4GbN3x/Kihx32qq2vozhFqnDEfF7LYZIQ1/f2rXtCAbhb3Pur3YX2dYVOGyPIsAIC1X8xM2/OwjklUnYM3XGyCCsgGEAWsh/vFTdWCu3/JR/D3xfpf0Z5STAop0JQJzUn6KZE6r9t2vd18fDofUXS3KtdzgT2TooeT71Q7eZb6mq9jOpL+lqxa5XdBuaQ5VeHgTKaHh5kNi+ibSbxCWysDiA75JvvlJGZ3+ePUyJZBcFqKZIEG7Q7DQGVdjlUawA7Yze6crzGcRiX6KgvLp+QrheuG6UWPQR3JDIhgtvtwTqwe0C7OIPMvoaxoXauUpfGPqmkHKXmBFBy+YTB4HWlX+TZfdIw+u4E/uSMAatmtsv+HQ1GW7N6cehNB7nJFMs48LIuP7Xa0voSNpLunLvvufMsX3MjvdK2LTfBBF4h+qPEEE0cxcM7qKuAlh1Te/Y2mo0m1GVKnccTTyp3P0/cqVra1ypm4YFPxBJ8ho5LclbunJ0+3twYgPHCnNKPKt/Bg4zCAEXN12zEK4O6MEuXuXo/JpfXAVIDcOkLNs8pix5iMOx86QQ3V+ixqblqVir+p5WPzYdrn245Q8MRSTqKtd6ELnwfV5loEM7DDILlo6wVvV/+HEwcESwIKvy3qmoBCHTqkVGjHUMcGw3/ArcdcLV1fYoWUZA5XflAVdQPM3ZMs1YqZi2Mfuxm2TmLKYIAmMOjXtgdlEoRF+Q/edKmZXBNhBO7cMfRK2EPooLommpOdq90lTn/gk2Iw5HAYl3+Qcre21G5oIaezh4QQGXGRhxgSmWn06rdncYsNPfC3Help4KQUUtov0jAFcqdY7KfDcHeI7v5PZf3yVrqUXC2k8+9NRZuBqKDbgT88FHNNki5Fqcc7nblPHmZxdaS4KPr2meUrY8DR6JUtJuy90pgFbbgwKAeIdqjGWKrjKdHsA3lD9jbQy7RihcBe7ctVQ1MiCenck5DL+c1xgpwu5eoUMQmiVDoOwJc/aurcDhG3jK+INX70DlFqzLcYYFnbXPfLxyR/2H4JcQDb5oGSNLH+RqdfBwJpQAmHzJzEhCnmgZCk26kr3T1araC2Rff2Jllh9XFdHo7NuE06wlRskKTjWvpzAsNlm9/Aw/luHlXNJcJvLxjR/FtbgtVvrZJCIohY507QXng2l5rtAwSTWF93PLyo8QbpKpTIW4MJNZTMDGKLO51Q8HY1U5dASuLM1JwO3p+Wiklf3NYNEgIZeOc1P6DP116uDYa43CZrW1OhOoKtaZGT1P8i/vqQ+OR9qKyNU9sXOmHUDpHtuu3YKUoDdafomAnpswCJ12XIo+NgPGtpErNviWImD+kcbUSPV6qdP0K/c9hByWysCwyruwEGWJILMRckorLoVA+WPJGuuLvn7HsSBIBfv7E5eQ36qDEBrBFvSA53lPttxvx0Z2dChyH0QPGArwPbMX9ojSDZz9ykvLg1OQJFO+nt9Q70YV96YxtwJKS7sQdi0eXTLRWHBsfbPmNkEgPuNJO9KI3HNVhFJPpqWC6rcLYd205is2B2VghXt2DxlBwrhjn9yefrmbgqJ8e3Bxj9tL3c5JvUUA4FUiBprVKLG/rDLYGGvP5UaVFHRJxiDCJV6lW9xVoHXotAJXDSBTAQhNGUYKKK898+t2aCkei9484ehg9ajCgEC7OxAB2VjarsX3mp3olO50K4FqylCW9pQvn+ThyIIMlNNgBWNHislFA0C6r/4YwuQSDJnqhxo+xxUtol0IKGHX6s1y/LGEoXTJuJfRrDzV4bdGACrS3peCz0DLvPYc/h7xSC7tKnZZCmTHawbxX4zXb5KDb5r914BhcwD4dwRJb9yphJoEQjYoYi3R7bXT3hs1SHnN9nOSbICfN84vlbZ93ECSF3CM0vuFiMTwTKzI+63tYs+Uc56D4RDUazst7I9AUCl4uS7y+afCrbm05Q3Jhf8FoWevi4S+mJjWnHV1Cx8d2pf2b6fkfw6mPnleWsz981iYeuhlqRv7fP6zDpxbbRcxiK3FZvtD9PZ/nZZ02NMy9WGeT1gwav396amc2f1KC0aGcnRGDlCWef0G8AQ1cTQwKvorO0usu7s05WFNQk2L1K+XLoBv9xpUapXKHPlYijYVqlC9C35ppzxjEQZ9PD3+SWpxLqTnafQQrYXGka0T/AzK0p4eL8Ae7jIfIbRh7t+VKA9ofzKo5Wb1YWa1gk7Na9dGdE9PzNDgYi1mVZeU8mMFXqOdZV12GunEl3B+/T7Dw61eqgpyLG26nB0BW0qtnjINxRx+Nt41QKnZnTqoWT10LDUYbjFjxvHSvT7moKqgXSnwv0Xxe/DMUoWy1dY7wx6km4V65pNfSL30H4xsp0umuHuwV58FvMsOefvYx2AAg35TBdfzdKy1A1p4+/t6M4YWtgiD7MymLt59TtGOYabaEs9x/gks+C/fnoBQ77X4gTIbJhBxOJcwhLLIHSqCjxdEgYIbtzE9CIgppckCZ4L0SkGkYn4JDDpd2ZbisU9cYymBzcv2f9qQYe5FxgfqfBdK8fcJXx0ZUPxvWQGFucRGcxrW3nPx5Pvfz8uCXrDl9OEkttD1wueYA1wD7Wceh5lWqnBnIRw+c0pNA9Rwm/eSdqXbAyPQ5bLwJjx9zUSgDLvIUNU0ueo2x6asB3464siGf1aZpTJyBsBtms2qDJr6a3VB7U3w9axwoqx9iRGJucr9yJ0D+NDPv2lphDUKbEQ5H9xtuY1mZuXHrarACIwvzfciB+GTYKtyOG6h04rk1nVXidnJ4e9I2drI+tden7vC1map0qgvhPHl3vmV4azqjHp8xOpK5rgDLpluHLIbcyYORWNhPxNT22kGM3lI30w/GWl4uaKgtXzdiAfhmAr/vLBuQtA+Q+GZRx+sJVCVb6xCKrSpCzyUhq7SfNHHPVAS+cvIPiVemOzEQMFcM2FmlnvDYGKYbK+3+bhsh4rKfBHLwyxAmxqQSQqmgJCxB5heFr4/TXlRkVj/t+4JumoVRaX4Z0StgCIzsET+5LudwAu32f90vLrSzVUhTcnC9zwF1TWCxO0k6R4MUmKEiSFCXxXFRvlR42YO/ZaGvPSB6WpVvGyCBadtIlf6eQX3ake6HfjZDcdls7X5yVJtTgkqeXAw6smTfqFevL4FzYFrwZ4O3lTn8bPhO3u9tJVoiz69ppFPKHfIWAMtg+d49zChnfO0W97dwgMwDpfoZNjGWB+pq8Amf6FQ7XflUYjajCAPt/0SYpx+hG+SeHeeW+MADswTMTIgminF+EDirsxlumaDgqcGQushP1UAYVvXZGKl2Va1DUSLYdUKqXdcZvEs5unIYZtZW4X01ODpF60l50tGZdu57gt2D0tN85OCO+ILJCOApp4Pdi2OUTEkUpRj0wCaJdBVi4ur/bTZzi09c4nYsuBoWqzyVI8gTl3IgRL0XDcR6mVimvxdcQJIj4bRRhTjMK46oKNPP0CIu86q6bssmyBAoKjfzDQYnX3dDd/UYEgwsGUdN5DyZVPP7CDGItvQCrESBeg8neX9PmH6UZFC7Cx+wPD8WAn4tafsKktJ2KEJJ2pNybtazYzPaKasLdd7XuPeerB26Sdbbwi1KuD0VA8dG+PBnWz0b3kjDTqEQvWm7reIR58O8fepaz84GNiS0bErQC7TjR12I74sYfKzBFg54EqA19hW+zKy4fIWdHjVTJMkOcwB6UauwoDrHOgeRUU4Of9Znp4/D5eknddU3aR7EopyXiJef4ISfF0Q35LkNSpb+xbin9VGoLohAc3vTekZUna6RlsBwipxphga0D9CFFG6tcJpDbCTVDI4cKvm593fiE3hYBCjp0i7o6Co4hfPgU/5WxMI50mA4nc/h6rCnVDHjl4K/bL0BvUltHpEwVfej5O6H95esfcRMSoANIP9PrNJ/FqeZBsTnHAiUsvLIQZ4VqEok5feo/xKhjcOwWY/pNHvnmQwHhdGTeGUoq7gQ77ftIHKCBtMOEBM9/30hb3FSs9oVbu+WeOjjIWxO5hHOAegEd6vYgbC4rlsQOLKRI/UQrAqNRTNMDGid7zm5BTsVpHjCyi38kIsKWlsbVEgI7fzbK6dYtUzw3SIuPiqFb7xPvkxoHlg6Z2FxkgIlQgdWxdFikfBF4K6dUHyc0Qw18BCAXxZ1HuA3HQFdOJmjdd3Rr9/h2o9wwuaNLv+g5dBfET8KxbPUGHa9i8Xlx/q9RdxwizPd4iN9xBBMfb0lHLADJRavLkFIRb7cxDDWwFdNVbaZI/N4rkMZ8lqFeI4s5olmWR1p/FgK0vxeDN/TeS9KathJrF/8o/h4bqsKbZPaSJl+7JQ9dmNqQRxVXOdIzkKM/11hGpH+kBAZmkxo/B48zJUvFO3se4ed4xE1HA/856ILldycRQYIG8SxzBRuYdAjRAihc4jHoXuqQy+Jmktb/AXpUgF4UeT1l5yI/8skRUlZmwUOthv/e8im1GePN9U/bQvZHzk5gTLdA4RqB+yKcIz1eDL/f2SQC8iZ5OLPA4G/pi8CnRuSXgf0IJ3517j/j8o74mJt7YU1MwD/fG9y9kcZ+/Jvs0tjszM5VzTj3XTqJe/BL5whdcOPgxj6P7teL2WQj0U5D1eK7ZEWqr/60wf0J9f6fMTbZIJNUSZdWekZpwvYE73/bxUkCqmdaHsGXGCqnaAoMBivy1JltF0gkDf4Rbmd+TlU28vCSrPiOb8KkNHtkZPDxdlDnBkcxcWrBYWfSWSR5AtqwY/lPsyyCEqKx7v46TeTQZUnwk57DqGYegkmLByZ7LtT3gsfIZOAggisWE/0AUV8FafR8oPGF6Q5qiQO+Bp+q3ZK8PeLzW+lGFq/dvt97OJag6LtphvByWDgJF+iokBHXQAqMga/TXc+gKBKTLsceMuxWO4GrWuIBPyxYjxovz/fWK0Z8KnFZeqjKDRRcyRX7AqerklyRuW8Zf1QtjBcLFVGDgl1nub8rADdGUdj+UJDU0D0kIrKAYa6MN97VxeQMNTvURfuZF15MzQm65c2FrFGJs13/ciWL8gSPUyePnZpkKK0024mufjf73HLJkEyf/nb2mxJQvY9lVu8AlJsgs2Gffiksfejpoh4MX5m7bYJC0q/VIfywBSTvW3tBbdmhtnpkXoEn6LMAHLFxqrq62abX+f2nTIioWQq1qOWG54AbxzkSYcDHQis6idYR3nGkUQcgO/2BwXWFODNTh/Kx14XJc3wGl/mcdcGRnh8yuPKLA2T/LE5+hKEQkngNbN8jKllVAQVzSN2FKqi7HDUKaFFI/AFRdXMNRxv7YbQguUVoMK7q6u3KQv7uipbJhzfPXdwCV6wIiyDV8IXPzz+uz7Hknco6SqrmFlivajxt5MZf9OOqOxpe1dbs33xwXM8JjnbsAqOGdhn2nBeQRCW3M24AESi6cHzsZuhaX993iwLC0XWmKyUlzXwGrIkG6KWf/1PlRQ3nv+/EOc5J9BI2v1zhQYRjZO+Wg2oO+NTyI48VeZ4m4I10TSf+p1F/NKdkt/6AnYdtWvJWns3Z0G7McWvdKXaRy8dnxvj3vAQ1V2XoStDRMYWRGN0h3CAu3hjyfDnsniHBL07rgus5zKnz3A3LqgayPPoB1+fHnlzrtPqUaLKV/nrAbwMth5ItS7W6Xu8UA0Kn+scLyfrB02/Y4L7I95wGYKnBWjgM/DuE7NXm8vlzPXWYtR0PNgPbEFTOivvc9mDIxeJLdq5F7wr+37o6JnrJRgaiGF8OFA0s/pRUVaAJhqoCSm+uRTCyJtpblX2P5XQIswD4PQpoOikiZ7A5+yQbIWz5PVuPpGeIYoD46FWVsqk1BBEh2ioFbES0Oh80Uitnhz63eZuQezuHRj16r9D23lsBj6gJsPQnT3qBbO+amOE4TrvoFNxlPTvVxQ+qvT5SBCU++IxlLUzem5wFaPDEZ+xteKdjH7iah/iEH3KkHS5AfD7dOHJxV3EmXt0hZdB01ZO1P7LieYxLY2bdWuF8dxf9DGU/K2ebaj/omYgyXedVhu9YWSEb/dxzd1oaB5ukzhmETA7SgiorZWWZLdUkkJlSIf5I6GR+JoXGLbcYxBu006kF91gogeoZZX1IURrNKCzA9LEuDh1ktDOMW2HIWss3giZeEavolmYYavUZN3AT8O3146guXwKuLiSSptfPw5iPlLk3T+hhW7OBmpt2aDbHme6LQj9gYw5WdqopnQ3e/7d8zJ7TZKEvldiI+OMMckFd6qO8pt5eJiIANbA7y7TZd/LRMOaAAONXEmTJnLUNxE3Lu2TQdveG+/OLflmKZBZCA8fpLg6ek1nwSpZG11chE/6RE7jdgsQ4aiNBEz4/TKTZRcPXyLD9/T7xE3X1itA3htmSUo0r0p4WFbp3R54sqcQ6GybxtnSleSnfVEyocjF9MuL5JJU5b7iDIwJLK1PaaNYCRviO6FcM2uY7KB0sXUsXWltU0LNgKLe8KTTyCfs8pBzgh7p5WCe3+d/jSZbh8lONdXYaJVKBInpkXUoB9+xG+NQXxBzPHTJ9UHmft+FDawqqNLql9uouOv60bG3j8nnR093Y0kmG8Nv4XUwC+GJ+vlFmJH0eZ2DzEJ9u6ZIr/BeG822Srrimdlfd0A9qNF6MPR1xxeSseRWZqlOqhlaRJPLWv9not5zn1e+wSP3+qt9dJ5TIi51mRTRKK4TJK8kncQlfRr2imVP4u/TH43nE1w95PKshaA+0elULwpjSmH5chrZryADvymyuIkLwHM9Y3Y12KhnMQ+eFbeZDG4hFJj2PHKyGtayn3tW1+ym1IgB0d13t7R4tihLQw88m0d6YhLX5zLPomZXDm1Tfpb80ivOeDKLepSekTWADqmz4tlEaqbwMMLi6mhFRS9Og6dy/OGK9ohIXxf/PlTcDjVzT9Ms0U8klQMpfjLi7ZmDtw3SYHRA+PqwchIi7OvfKauR5N7YZtSHbJVtOZG+y22kvENYx76kG5etXP3NC9i5OzxqegawlCGoULth5+8LVz/qNGg516s8vmMsfcXJCc9yVmKdcu4MYLIzmh1uB8kVsFqCxNee/vPS6224xVtTYbsZKo0VCm1Lhr5Ea2hxJ/Q+9AIVjUCJORLBbR7UnnaVcao9LxSwLs2duv72n79ril56rpKmhxVhLXYplpvjMKvcgOjFH/kp3vauOk8+GtuAdqvpGm5dMBQhDPNjcZRyC7gdyUaTEGzR900bYE6VIqA3qymFL3wH1u1tfQhR0t+7CPLZnKosTEgdlrF4Vaqc8fZDyZlBdq1dnFbbDrHvK1e43HjXsSe+s3067Tw7lbHNcwQt9OaYuRasKdUNJHz7/0oOxygxbNOE/U1/FpUQdFEESVehXZZyUQIlsbuJFdaMAjqyUdAiXHPxNgAA2pdgyuPt8Q7SI6vsdTvsIRpFvcbrLFCBnfHW50vVBvzHW0XAP7x3BG+3tH5bP0+SS0PoMetOWfmY1Y1gLswSIfbxtHLceqilntTG/oXyVy90c9Eprl/OsBd5osVFze5DjRGwSV/rl+3S+FOlvavEJF2rTN8059VwPR5WUaejyPHnEw/BOwR+F2ZfOnMup7+NLRHiLuu7+okYLstHaPR0kI08pRwgXLaNDF56eG6LWV1b+kxakNViS3wJe8rRFw74AVobfJhzau4epxXUCslcc+GlKsTX4hhZqviUvnH7fortoEg4pBVuIeokgrYTORP4LBBgevcYgaeokm+wh0+TivMWwfkCUp5qeNX3AGO+t3dBS4dElJkp9JPUO5UbSn6juIX+oC3lN4t3YNzMPD2+OomnGKLaENbgFdFOlv4iYpET754dSyPrtL2RjkS1JWqiU6LK+qlz5r9yUkz9mRMULOYWTrkn1DSMR1qF8icLssnP84c/nlOoRPkhS4Lf8EQGn0naS1/vFvHdX9d7rJzf+km4yPGPB3q+623T0pH2sSWhUILx02b6GFzS/CkN+7c2eYNQvHDX2bZLRCt0KtkAckvatKItAGpZqsqQmUSUQMtzDQBKZvonBxgTxwo7PqRejQK9GF7Sv4tTbqcwVAd8PQqeVEJcby7IQq78SHKuSuxs+PoKhvpYWDcUEp6fknSLI1FLVPtO2def6IDrkK1oT/FV8o1LSf2BF+kQcuD762MER56hQbc9bp8Dt5p2PrXPD1la4pSLfoAyRllv9k8ubW0vpkf33c4zEKy5v03EPvyvhr3LBfBteV2K3G6UUD+n/822KS+cUeu6rF3XnNIyUXkGFplPEW7tkHAA+0Hq3yxA3jtrYi7e/Irc1xCIAAx9zZ0HvfmtRAcm1fRMCG4cvTN07jm56W+tvfowJkp3ZOJ07zHNfc5UfBy37wg+Gs4jzhh7TLWUyHh78p0E2FWvGBkmvByOIfFEr5NAS0b/vEoLNPB4PkBQaBPChlvWiPrc+vfUmP1Zw6bekWlNcvC2DmtKyr78TH2zqih/DRuHu3/TtAk+TzULJFJafsThlFOl4u69BrrKUnoS+omVr/KR2vXbjgMPLXLUO1Zd2oivkgSZ1Cil+TTgW2NuSWboYv0ld1aux17TQ8dKcCdJoiqmqHDbf/obeb8tipdD4A9XBoD6El19zO0RXWdXUp6nU8vI9Q0Dk5QtkWgIxjlbKutK3llJROBEjXOUFGgAF0j9TKkFRLpvSW5is4S+fguXCydq6GhUuzFfSY4i5C8b2XD8if2VeFWoVZSpn79uWojZZdu7RX9UCKnrnl0HNm0ECUvc2LGJQuieKFmCn/CHI+7ts4exOHzMJTyM2mMWTo17KD4S5/6QRMKVt6vyISy5aSRhaj9r2GnOljdpUyfzQdvcM4kKgOgjyMYb0J0JJ3SdweOj+1p5YS0DUVuTnAeu7wR9yP0zqpOEFEc+a2dVXjPrAdaC4nMgH5j2vn+Ul5y+X2wRM3paVPwwZCxLaXiR6+12aed/UeRiYK7t3xJiD5j2SrEpG3nRX9tgIhC/4eyRez8ClEzZX8S5XNY/E54PZPfksVhK0MyEY2NnXYJAxg+1f66+i7tHLus84RC26fTOEbdjshRkcqfS5APpNxD7UtQICNK+DLtbkbd1WBmgeZnj1l/cvH4YGLIMQxu4qD+0qB9jOGfDkUW6/xwX6iRg/1qkN7Zwv1Q+ZbCOGuq6KBnmi5WzQOMVwz99b/scvD3PGk166bjfCbQgVbmawiS3lt4eLO302uKtD1b8GGZU1lMQk6o64mIEKEis4fNB0mt5GxINQaF0QGId+MkLYX/BYlT5Rj3WxZCesUbJVSM9yzYU35l9mgFQA25p8N8fGfOxZZvmiAK1eqeWHy+tSGPwtCUimtnpfSsE91HSOa3sAlvaqubGSDJ6y8310z6dM515QniJBlbDayMExQQYH7gsL2UUw5d7UyP0MzBpJQ0iH8p8eBMqKdfvVtc5P5FYxkAbaaGb3jOxbMfzOF/7i7oLNk+3wKCEGtnYWtiauyVH6ZquSudN720tupCv2zGPwWUCBE4yuaJ5I1wnrtjD+XpODybH7HAiWVQEIdHQ9ylhzgXjilSt1q5N1iIYJzi/MHUUCTiAf7RMBoHz0QOEJFzaw7UhJJvtKcjvsLmU8AL309ESg78c4QRO+hfmiBgEJi37lvGRj7pP24whna6pYWkUA4VZrADUa+ow8/v8CQAgwSaqRg3gZoi6p4C6cxVXriFw9tXMP3KHW/HL4cbAg6ykusocRou8docgQAvKzKDC1Oxb7xNRgZzOyIgWZ8e5mEfuehf8LWYYI09ZE3OVphVtQ5TeF5tbRon6PHlTmj3XXPqf1B/61jYSkhcgkzRse1HJhg0012zBhk1kMNp+jnDVk83ee6+GD9012+bRUJh2hJXA64lNPp5tsmu2j3XiuU86E3WD+6vS2NSBzbXb8jso/a8466Kd4KovSGWNNjUO0tI9lItFVpssYoSKyBABj5AXQSmd0JMkhOdOivZRVAdPUfKC+MTss02WFM1kBPfo8A+97wbsFWS9+5nizMYCFppMcrZieZHod6wFz7mlg0aFJo8tebpvJKD34zWeEyEhE/vk1Q99wyCPOx6TBg6P7RaLhWwZg//k96j/b/95T1PKHWFsfKlaEGPJ05PIGnEwEdSN9zLRSPCw7m8XJm/HlDZno8/jGpuMDhMufJzr5GyyWg5Vat+8FlH2PzKwK6/U0vjpNb/St6JaLQz/30fFvADhVzj1v456aUhuLKEET45LPykU+m3ph1t5Z5wxVBcnPMzwfGtxiNSyYXVNKuhqB7JzS2mq1b0UxNt3BaOp6LXJfkoK83y1CgSaDbQS+Wb0pTl4GIDQ1zP66+RBQ0N7ag0N8AtGuoDe928z6GrCmnkDWqFLp+6U0eQq2U977NuiaaBDDGx/9gomJjkjuOKfUKzcpf4r9uLNlITq89pFGZvd71Yk0w66ixdhCiRyIKDiOw1nv3e3bvQ9Bk00PMdWVd9L/EJF1vu5HJN9ZDLaf+++uj/O4bWqh1Tv91A3W7EX7bOTawEloNtgfx5CUZvi76E34AXp99NNH21B473pkgfgmN8Kt/CdjrXUec0//S4TsAxK7J1UtXfoXDWPGWM+YUc0ju68SpO2v/rnW+A5l/mxVg2yHnAKI2vS6Qgdb/uxPy35gSFS+clmoQGQpkKPI7wATrXbxWAP750Z770YU+cK/FaeLBFO9HP3NK1wtZ0nmmSqNP4+edNlPAXxE0NkBFqX2cF0W5/JcvfFTMZaLQGi9925So8JEaB/tggPmTIEe2AuXRsitJ9j1OEvEaP+xsVbnj5yjU6dVRbrtkDYWMevLNTIqjbEpzuZQDNghbtsNgzM7lD8JUdg02QZ3qrvzcA34/9Yskj3qHbduVxv11m/0qm62SH3/2oF+49OivPSH9oEILhLdQayCOfzVWLbEpjf/2HLAwf1y2iktHxmtbpUYT6DOzc3PXlqwW9J83neQ+6Tkzg5x7i/368UCRL1edkdNk5AuH9OWYnQvGtAXjrdtFy/q8iSHbqyBU6k+Tyl4BSZliECmTKFmoFReqgIv1Hb00sP38GPOjvAm4KyR34XezbraHhV+0i8gO91adkJhFuNzFUlnVwift44EgQm5vUjLpfb8j4eLEJ2wn4v2qtVGhnL8E2LZSDVdfEZyvJjzgP1CHww5IQnsAbt50pfAQZXv9VjPIy/sHSlGGkQVNYLo044T9fEPG66BcSOHypUgYY9eRbLy6nM9k/BK17tTP+EObPnrCwSVK5QfiTPtVogBqzwzIzQBj5B51DcfAi0/J3z8OT/niOOR2efRVO4WIejp8oIjgL+uwzYgqcCsV4sqOHmbVYZ9B+AcGvvYmHQHJbVPmVSxfj2RHHPUiWFs3gdoDShyeSNncmT66KyC98Vw2LuP1npEu91LMyGaopJ2MjwN45QpD8qfjtB9kg5JVSYdgcPtbjzUCzxT96YesMHCe2b+PPPUaUrzHKAGXvCktKyEmunsOkNG6d7v83y6ZeLC4UsW5rjb8M3PaeoCMYY27X4qs54SYnaNj/gyIHHcs0Jb70uM0QMrufPag81kqYfDD8B3NTUkaoH5SW5j4zwfa6WzBVu7cSQGHaHJhutqmNFKFl3yBjILvfJeXBSgk5D7b0GlMxAivWS76xDvgFPcw0e5nWIr9c0AISG7jrvj5CVutOfs5eLJKz4DqQ67DkZEIIayKGCpS2SmB5enNw/+Y8h5L6GY0WkjuJhp2/mRpZeWFgpMlnuO2w8H5JyZ77nhWfhuGf+K/532/cO6x0lgBiJ7xjFYdemQ3reNnVSUlx29IA0g84xh6QKGIxAMcymuhEDNe374e+Q16uEmtfL5YM8ehpqEjd7RcRaxun7mKV4dGcqCzbEGkvaHcLYfbul8fKTtU3flZPoUIAXYX5hMqMXuKuFhaeWVG1c/+zaa0BEag6ciY8dibj02dMH1M+DNsdw0IMfr4oqrlPSp3+E1nGnwSwevtSh9+/V7xb1/4889KH81rz3g2hsSNtLyu+2KKlcXhR8S8OiSyKuteX5Vv2PgWfkd5YVyeYsguoDZvrApT7oz2u3Skp51xONe7I3Vv4nLNknHHT7YYlZsTujv4Hdzx1t2AXtu3oQc0RuxmrtVv9x9Ph8eEzS7ixoQ7WLiu72Xi8QnZ0ddzQZWLEfHZobmom/pdhX8nhJXSW1Cz+fJl+Z/uloBksO5l0SE2PS8S3636s1dZsBV/bPnQCtDlFlE6P2e2n/4q1ApxdcXWYPlvxvl4bzFi/MEj/eI/cJM3dgoj8DqgLflCBYkmN1en4p+p+bfRfAWTvEC6/6ZbWj/PkXJR5qhz4PHTzsLFAl3GUpUb3ljcQN3xuanvo3o6dUdf3bHI0+PiJixjtwMbrXedndC/gCsq2qe4cpm7tPprtqDaHb8G/e4vlwpZml/KgsGUxAwMKj/WlNJ7wS0pXVWEiojnSzkpfZkw9QFSevzDPf4EAkoxd2IBQw8mhuhVQqA3LxIdiJcd1Qr6PGYuO51O4T8G/g7e8mtls688JXqn1Reboy03WVjEzpZpUqxgRuZ7TBFaVZeqDr+KsOp97weip+wb3xvC6QYR7ra3eW7j3xvlbf7LHe/FAhB+cduOOzkank1ziO/fnJAV55uXV9GrgH8B9ZFlcqIGI+YvEe0ECHTjYym0v6aYSt5+rAn+rXkbf7W5RVuSu43UkKOj4UUbg6ry0BRwF/mBpu7C8FvbSzpCg7NdyygMxH1RgLg1TfLCGPbb8jtIM981Ozb8PcBl8QOpWLhCqmOm2W8t8g4rViImpN4qyFgIZysFpoTdpaBaoHDiLnpDOSy4/NDd9EKs+6B+myPVJ1i3IYQI0i34AvYyf56MdDxZQDuYJ/Tj9dRXBD/Doix2/hODOt1GygltM0ZpBxNjoaqjTW5GB+dokmDVEZ97yuS8Jj5GTDYGD+9xsAnBmh02cZclZcVfnNHa2BpQ6uGVnNVu32jVPxJ3mST6Wb5k9QjXO3vBXykUgWUW5zoIBs/D8hwdqMfgC1MuNiJI5zvD097Es3kyyTWIlKcvAo7FQtVk3c9ddQjlSBu3mBdFWIAqU+y3ErYlqN8mE3PsDW4gfY6tMoXAS//EZlfTMdIyr7vD6w0NTe3XsbmApX040DMbOD84deavprYNeIzlThN/fTBUMwpdQwGFUPZzuIJsla/ooVDC18l5QyF2aXwy4iW4bPeqH4gHf1GRr/dyznnf+ii+fK1NmRRBG/b7lh3v/976FunFRhJJ1xT2knIaBPF2C3RlezaBCCn26hwtm6ixzP90oFwDIHcuKtITiSwsKGX3F9jjO+fS0reQt+rkDEobkR40TTFDzoDoEOVpZm63aae9cOtU+ci7CpStENGsEtqVLJkM7lpNh++max4FiuFTDHSLnEnPs2PeeQ9l7VFRxacdbYUJC566ReZ+/jOy5/zI16tztHrvNNH30z8l+fcYmTzRDxfjUKcJsJXxgCyYhjM5WqM6Rf5zcOacNt+bwpvXA8LN/5VXs20qBQoRS8sStOGRad5wxtJCg44Na8ZESZIWq29A9KRNBhHvHXPvMk48Iv8OPDpJA5wXJsTlEWmhE7CBbaMHW3SyJGGUQAsqNpFJW0JEM2dHH/JrP+J3gV/00dDmI+76knHTQgMoJCCCcXDuYlUv/Gu8+sW69GayVEKiQYBxQxNlKAmmZM/S3+OtiGEl0ZMRTE7loA1sZQKmy3e45D8QdeYclJYfHBa89H3u6V28k0BIPB0LkmvZ9cofL+8fuhj4qvQSrX8zWitfRs5zMkltspnuH55LaSBm5UanPyIrwmxDX+gtUvhDRQr8Y2F7ASPSLbqnRVV9ESzE3hxD9KDlG5fph4/Y3i8Pxx3WG3MeHHPxzFIVbu0AxpPrJTfnmtRykXz0/seR9+FjKZFLy/G521p0Ace5OEOZzBt5MbJmiib7ZJVNqU8fK0bBFZhBjgfQpPK2H4GDvg5q2zvPansrlupnoIZVCk03tPqazR3lXNFBwnxlpPzJ2Phkl/7JHQKIZH2FHPszIVYguhvbmTOrjuNRCvhRVDD7u/4sfuONndZy4PQ53NOWGDgUAg1zSO+Luat4GB38WmlMd/hTQrE++enj9P3k7iJzNDO4hRuEaPCteBibhZEQGnlALs/8cTJq7GBquCVtQ2vxtx9eoOTxLPILm25uSBd//NZ/APCs96bWwycG84KgnkkNP+YDAljDy4RJCp0XcBjj8pap7yjxrVu5frbb9ZUW2PviFck/yI3l29JoeJwdfKF4iacpgNBDEkImM3elMXPHxneqX6zll9JX0j/4J3HOiigrajLfa1x6M3VL2sTkHRDh4X3oPv3QqelxhOvgRikj0n5ur50OUgBh/Yne+bR5bnuxN/ogcYjMDc5yz5cUYgflShnh48qr39byaz9C+p84W9+qokzdV9yG7eYpCbGPhjBE0ibcCGeDCJ/98c6TiZ4gOjw9mTbUolu+qZUrn5nMy7StQH32IB4khveWvJ8GOlRVfn7gGLJy9TdiXP7pbuXOKBbhgq9bjcYXmN64aJp6R76ZnuqGVg71zgt/Q+nBskavKfvxI/Cgb6ZQkNwEVe8tvm0oT5EjcSnBH67on6KbJlcwQzm2sXKHEf4mRC9FgbPKi1Iv/h1fzG6OEevZW988rSSOCj5yhbSyXKC/87D/qMmmZKe6YUsRKjlI96B7zLUyonNzAUeuk1wmn6eOaHmu3n5W7wiLXey/kFrQ0jXYRDmQncUIVL5Izb/bQxF+O3PZBE4IXoVHiV8BeI8v1a2OnDgfELx0nOjM99x7xqm/KQmDOrJYZf9buVzDrjQ9gIEi4tz4hlbf/1tWVuGAFuNUvTJQWrGozr/XyWI9nRE5829fvbdAIPx4nJlUQjIWrhXeUQog0KDpNdbMtgQoo/4dMN20GlYj9JVWFh92Zr+tteoEqlh1xEpwWEjDUnY8saCzIMMPlkaLsDmCx8C6EiUfSKiXjqm0lywt8qla1OG1LJFUUEiFBIARER2DZG4Q6jlltOZ5uXzB/YmTq83kxou/z/oq5DzEAGhZ/nnCDxROICTnP2OEhoW8KqWgZ1ch5ugabAXwfJufcGwK+ybaGs6l7IGe837pY3ecJAKDKqkwziwcWh3Zdl234vnm8ZL+8At7an90WzLaXKVvlxG1uCeQQOCav01cNeBf7eBIt3Qbm+yhn2sYhwjoXkr4s3S1+78PXeNghNkgig1A2uBdwyOBhKMI+VRz24SwsbsBM62BP93WtOY9+02tnMhnYVjOGdJpMqSz9zOf7ehT7XTNMYrFMzfk+GUbtfGfRpjNFWJPGfr60wgCwAy6acZfruJPIBaeK2ZJPtDvceKrlhsS/7i4DXDCyWaKa6J79YMr5blJ/raSZ5D9uUma7tmSObTRE1/439ogsG4D4rjI/736v1f/4SqWLtwKMHqgyu9zEQGJJIy5Sv/XwanombXfAgCFvXe8FuWYzGi5SwZYjRayxVF37cPvakB5UFdKyAFzrHe61TP16ziSGM0GJPfQiKoI3PMsct3OmIGLk8Akk9IEkAaAPP2IGUxdd5dFjw2ILpsKkUt2+LjMpDxcv982+wa8qRUYDbDXYwW7cn15jjdcx/mXkTECCH+En29YIG7ZXeP2+L/cvLSpFSgtAFwdHA1L5P4fnwFigT+wPY2H/Rd7vEH0JCwc04L9wQTIeN4Wbse6DcFx3Mx6C2/YbFi/I3j8/5SrQAUjhVXp6k6ABZ8BgD+4EQgQKWUEESCjXpLI01r3D+Gq64GEAMQfenn2x/yrCIdkhirjUqw+hF4aB8sKX/wefU5oqQFEoL93H1u3TduVf2ZD66UNzd6azWqjiICFOWGaKSgc4bd3/f+aG2ca8TPDTPY6OrH6KohOXho40r7OTrjcoSh4/ycA/LQOYs4WydrfbbLcy7LmMkTeTuSSshLGjqilkeOV6jvlksjPFDhygmv3OnF8BCaBG+s/WsqTLrRwz7s10re2+gLLNIvF1D0vjocruFTLKNQSHukSWWNPLhUPPu649q+2QQXZtk46VaglWyTAb9RMYzFL2o7qgwQnEstGyiirGxSiS5vHvdi9/n8YzvimgXQlrclXU5ku8DYpKkj3WjjWvv1z4uPBPdWyRqyAibL1+bPJD/g6dIh936WD1TEXjuxHbGSXBrg8s4ki8yAgOQXa826m4LoNjT0f9gqyHZZ1HrI2J0PzeuvzlDr8wLmiz90atzX4HZ2WterQ1O3hIDe2Bq89CATN2hHF0tKPj5UC2gtuq9nabWoSKWtPNWKJlD9GxA67ffpCiJBZQsi35JYwm4oH5YyT1vGKsPLKvPU8450YMFhWk+HKRlr18gIjQnnto++Def9F7vLfdeUyIzAJiG8AkPz0dMtvC6sCsPSpmT7xAzx4ffxqwQm9GwERTsIAClR3KDB5wwe8C8APnZTWBkBMFwkCSmnCqy40LHBqSNR1g4MYljyOD0vxSstyOrfUO4TBKFQ1TmtNOFpGkGg0xtW1e284CIumGZb2++lBlVYz9Ni79BKsEpzhPs5UFVflupg5rcsnMR5diG1bGmwD6ADH8b0zzLv4LWlal5aD12dFEIW6obVtHymqq6Gg3+VsvaUha3p28opY55O52dEjYnDPJxwvXDaZmD+ThLQVpt6kyKBpuVpWYtd0gofIc/LTkrbrZnT6CuQ9UFt7fMICny60bWWVqx117r/4KN0bTqm/7qu/vT6inlSspWlvjY9kBmFByU3m1FCofSU+7EHMc6Z8Z8Fh/8+yFlT6mfYW3wrN1n+pKa1wX5DcTV4mKGRJ+iQSehw55QN+bnZYVd8fQi/HHkkWQNhV4bWV5Y9M0zr8P4/2tEAGZZE7vU3XB8+7xwyUTP8OF2LLduf3V7iCkm0KrOo+FwsgzDtKA20ooQ+vpnJ2Fw++87CU8w8UQIDN1t+9bVrGiNXY7Otjo/w/2HvzsCayrV08AYd2AFpRASHQNioqCCIgEAKk21a0UWgbFZWpFQERSICEKQRIT9IqBnFgDkRRUIGgIPOkggQJGWiEgAQQQgYJgxACCUO4Fc9Acc55vvt7nvvc3/Xer/lvU6mqXbX3Xu/7rrX2KqQDMXP4JaCW3O5aG5trI6l7SxOj0CXQqdywHFF5aZUn+gvysm+GugF3rjXO1xckAQtpJNH+S6TDUR29EmsiaetR56KM4VOhF/Gtd2SAkexFOqVatq9kjRZ8KB/lIGz1AEnHLmrD9P24hbnuw4GlS345vRlZ5Hidc5cqYn9hNdlfVR9Lv1MSymi2Sj7qWc9n9GZaH4218Ui1Jg41G1sQ9dsMHdRgt4ekOElBsnh6khO+XQ/fHsro1S9yXCj4GfSmV0avBwfNwh0/o9X3ObWWLEFuT7IlNmrhZh7CrhY/8tjJtdz0YLVWnPfSj6UBIz4rhYCcEiYCBmOY2iFbmOxtbG7vCNLuDn9HVbM/Y87KXk/uUcHzdZfOIvTCv4P0fsea923XaQCumh33lLSCBVAr8AqW2qluQtrb1TYm8SpkbsDE4ThTvgX1c6TzZyXhTqIOyR3rPXlkO+2ZT4XO5lCnDjn9Jrweh8d9oGxUHkZEXQjsffkhUPasb9vSqR9LVTWQeiT3i8d0eCEFUxzixVxOIQSmeMxG6ZkEa5sP06bT1ROmBesel0SPOXWbuxmfDVq5rG91OwlEyV1uT1diWAqgx283SrsSuRYulLkwfOxdKDZdhZxXUuiV4Q/mmni91WvJmG947hJrO/4WUogKGYC4qkP0mt1niRM0KNbTMnEd+OvFXwE/L/ElZlmdjgHIZ4SBkysB5WbpG7VSqNO/kjXx7EaarTHYlGzT+ZrA4GWXRBJZlU0tQa24H/cCco/gn1tz04h6gWl6KignpzbWFUICpVwQikrnIPC1XBRg9IVXfJRJJOwU9VmYCpZx0/AoNRV1xahQVN7mLJio+d6mDuHWd76xe+nkFyk9NHBZd8jc0zkIrmpe7PV0QVS/OFoOJh+MtZ8R2fufEMEixnjcgtylHLD5e8d3Oj928fC0H/n4s4IA78nL7wnfLu/9MTrZakY4dIHmghrL4t4J/4BvHXXOrsvEG4xXidG7PH2j7VdXdFJjHScCuuWra3j9pnGHep2fzb0cissuK52LG2dGTkvKzveeXLq1dzd7Lau9ALPg/FsV3jINwJRwHICTRWm3/Vb2hA/zknlBjWfH96Tm1N2AwLnsmSxPR06k2dmT42/qHLsjKQ0XOT2LycOp06595+/D6l/My44vFojYxZXyqkHdSUrZohYaVzu6cU7OW7rlCHNASUgTxVuW0IwJffdaidUWBK40I48dhrHXQta78gt74Y09NUxm18y8iP08Qi9uzFnuNG0e5foTevhdnn3hvKxW5FfzEafWSVoCzBEOsDR3ZdTvIxCfY8P5lo6sL07V7yEQE8KmOQsWBW7yWruoq/M5I9GPP4yOmjQT4ws3R2sg/TiIGO3RfKuKBWakTNL0sPrBksn46Yv4L8hmAZTrbP7kcwtWARTLvycbHdkdtc/1+yz6L9x83n1Lv0c3/PsOlz3RQgpcR8swtwqcAn46pyxEyXNh2bojns0ZV4Mj2mpuhJeH7Xhfc7pWgNCMS++ud9VtnayW/3xhMW4he7Fn4efBP0vikqw0lavSa/qQWRkOocFbGtodhyYiBW7y5GGX8jV545dnqfToR/XxqCh+Zk10qzEha8E65r3fPF9EtwzcsGQmfvoO6LT3wrutKH56S3fiYeV3gJFZeXnqcYbTm8Sg4JlTT7y39B3yhMPZNTKctujPo+X6z7Lbm6621TedLQ26cb6EmVr0aB1JVHqgNxzh8R0lRDkEod2P/+2PgOr6Q+tpT6tVUuW1g/mBl8WRTj1N5Qtlr9s7BsNdfLSpfvn94bhc8bN2Od3aO88uLEXMn6ioTZXR+3/syV13kx3dM0UlyXUPrKT2MovWkUsofZuQaJlZrFjCPxntMbC00ecnZ9UNyKLFEgilTI1sSfrToiB7DdkFMG7lJ/TZxpGk6YLSg6RVrHb3ipLjgBVkr+uwKAt4Wv3BN1crZGbmWnveKJpUFh2dthWNoxwJFTu7GKQ5ac+4eJ2MGZ6NKKLmB8U60gB2YT/2avzenI2uEcEztla02EpdsoJNk4A57azViqnTQjo7d+8keKbwbvbj9a2LaXH968nV+Q7MrbcD15ItJcX+GXyLhm7O4GmAD4rmCjTSPXZUodp97ubN1PTpIJ0NRuTmYW+GZ9VbaGH5WMF7Y8/xne7yvXtXsNbFcTxWsnoax9zkCf34WhAK/eTupY50iOu268SG1Woi0XAfGgQu+vOLX6qLLhg86Uy4FLERiS5RmhpRyRvJ8NO7XBsVNjrqSshaVVpiiHRu4ByncrN6VFrtXKuFgX8gFtqP6SHY97NUyJiVQv931XT0h1ro1LQhktoKmH/5m9y8cmhIfM98QnnU8k7Eq5IBeAUMTclh+tAUHYJr363wrf2Zwb//ShR3q/2Lg6KH3HPt8zP09xbqwwjDsYv3rIl8i7rLv+Y5ahTRQpujtmeZ7xz3PFL9MPJ+kJJw3tFHi3Pjar1rXRW+tWIqFwJfxz1ef2PsSPnTEJtn03VJFuzwSlhRyh+WrNcsU7v+pgP1D9/lUJtnR4GhOgDFHuuAZa9iRb2eHX6XKWnkZU8cKCqPBtEC7+4YCOlnX1RbROd2OFUn26MDbubsTxUhSl+OOr1ZKHOZsbT9OFIb5sW7Tzvx0lcjozeo76jtjp1vMHk/hx474zxOqQ7uCbv1oXk2iHO09kaV17h1A6/b3099uio5eGb1MMpKn/+krnbrSHhcUnhbDbPmtN2hvh9JhWU17eXPeGj/hXMHqNGPxi+3683Q+w9ew4hnOm3DYP0Laun0O35xTW51fTWNr6pAKYX9nXWnCfz4DON19JHL3V5hBmBvzaodBN+UC7AxgOa4/5y6ydElTpbhH0d2j9FZGiIrpUvhH6Qjw+xx+9l3K0cXFIypo8PZtXyLYOlCV3aC4BpyZdt/q9azOcjs315QexBNu6omttlFN9vTbvokAKip93oT6k2Xfjxv8Tc1iZmiprDVJNzh+VgZ6sLQh+GyG4E2o9x4PaOtQudVrNFVdhhQWtwLFOxrAurrS7El/sTzwFWZ9l1OSsKc2+v+jYTpZXsONody5guVhOFjBq73QP0MFyGhWHUHopNxlWnU9lu8rv3uxLXWeZcXfY+QvGztarGuV6FhWQjTsrH32LL5M+NfLp0qPRe/jpzoZLx/J3HS6jQO5bDfZew0gah4zAt4o6ZMEnZOc65Xqtn5+9tu24i8wPS9KQVlSsv6Blgb6mzLRNAItYpmQSAevYAfoU6k72YvwO3qWyBwOmBquzuL6M/BDpO6ROWVrEpyKGVWRw9znVGxivVsGNN737fvjhFVyoPAizKoK0EEZ99N4OdnzRycdfLtAJ5TrZ5niCwv1C6pUcISx5WE0q6mVl0NsP/mSwACBJPMswgHobs374Cv7eNk0dmgF+YunkeSvZ8JUp+UtbV51hsSGPqgoWC/i4HAfg8phwH0vKH4Z4YTfJbbVbUK7td894H3McuDyZ2SHmGeONLzIcwra+/4vsHApZPf00Z9wGybENMVA7H1kMtMuuSS/sVpN5Bv0sQP/MufNJU+2xagPk0+xclv97S9ef1S4Vd0M+klvk0MisbjHjcMeufZPFSxs6uefWIwe6UqpeaDxRJ7fqE6akggnq5Y0NYDpu79pNqaWKvWX49z+d2cSph76sWw2H5SKGYG/361jF+sOrNn6b5WhNoVrLSt7F8rv5o637mGMQTv4SCK4fVF5VX7rkJmj4P7qOoPKL/nCE+7OvtnayVtbw7p+s9JmnmSBnqv+NV6JaHlGpA6sXrQu5qV9gX79+SDOolyq/gwWaAuwq76mn5lFtY21T+05+rC/B5eevsJ6/I4/asM/XabkUB1pF9Xr4eh3oHVFyNJ7XwEuu5Gxc/deYyZ9txrr2w6+8Z0w9sLO3tosnJmtchW4PLcUVC3CIKVEdaYsrCVmKIsnEafLkmb55dvGC8rup9zo8J6uC8QY/YxSOPyXDsEt5AdhZp3Gx+lh10PeMwJ6g16PpewenyPQHqm/tp7Kye09wW/2QMXzmRuvCp+5eI3w2E86cWkXEFXdcwaiOpwLhpBAu0A9rWYRerSrbvumZyBwnGcP0ICftGpHfn2DkIbaeLQWgmfnA2rFVjlH98cJpns6fZdKXzuAyGN32M8nT9wwb6JaRcWYxb2YvJdlwfENjofDejCcvulfUOQPh/gleM2vr5y5s+KK21hhYOSgAKEtrmgsr09Ly3sbm1oxgHKrXwYk6LZ221HYPwJZyM8vyCLN3esvOXXf7j38oteW0m1kvBDYZ0lgag1aFdt35I7BLIN4RdMoNjwBrSue/2W54nOJhlb1IhVlhF9m5GCs+3SyKgPwrEsDYCrX+lpPpYvmvj9iVXusGo42vvcxridBPnHQkbfQXcnkHfgxbbRHQTP+gPFWq98LXVoq6iEqu1ibrtj+XdYm76yrW9jf1oplATccot/fTXKIOOVSBIOxdq5ukayb1klH2M4DqWGI1Sd+g/PNA0GFdhrINGY/DD7xa9lUknpW2gvrdXQuMZtqfNSQsxKgOSspXYWrsVXVd04Wd7UKLlzJLJav/238s7ydeUn1Psu4cXc3CPlfXh3W7RVWWBKdQ/N4IaxNfFtfEtSlLdb3Y3uPEpJxwKufMMxZt/lw629u4OO9b3Alo7g7tXcxjWEHAJjQ3UpFZJef7CgYdR26Z8fYV+Qz24UHWRLSkDp6uvWkLuPLKxfejER+p8R1v6F7X9h+/9GbJ9dHOHYO+m/mXtxnn5v50efm3hi9vstXtap+jdTlb/68YttHhcLjYrDhudd37mKn5S9Q61/vrhJjLhc+G50ePiyWkbMyfbVrBOaltTAusB/+JxCzBU+J5uj1FRfhc8JnZPNEMnuhMbgy9yX+5y6YT6rweTAO9WOoItanFch1svl1P61S4cySTBwwhrqi8+2dUwP6dXLWZTK8q19xby8lFR1O7v6DrZGuUnD6tcn6rYyXFD91tKxAUmOY0u0q4jOyHM3yZoPWrrEiyFisTI2t6lttd9LROvvas/NCJT6J79yu/GVZgTVZ6ma2aL5S0Wcmp9GxwZK3U2cJ8pBXwK6bXMI4iG3KTYVb7PbhEyhwjSRGrztvlIW7jCYHryPrDsF8VjFsa0hOu8A+x1jSV8TiHwrfW4gkXai7tp1a/7YgMXqi3T8TxCPnbIfICRR6/7qTHO37wU/inzemqRGReBP1bsufB2yP8Mk466lBuhNbKCqkOPvYfCb9fzEvKehxESb+q1ryGKrfQRKYuYBHG//QXP6iUPs8Y2C4xAYxncfbE1YHbrmyFS7xPHuRLct2H36HpnXBcVlr1EWMkchtZgnZzCo1hqxx/B1nzO1T0nQqY8PL6ROaS09nt0QAooNfKbjEPi8BnggY2U7GJLt2JITm0Iy6ap5Nf0eAnc4UA6Ke+szvkQ6rM40SFskPn+1ehUrPjJitZC/mwvFjkA8+sMiIR5Fgl7Uki8F0pVlR6DMvfdd5I78ijHjO69m6d8VV3v5VOsYjK9i9Swm04Gr+JypiawpANsAVVOASmuF6B6/nPkhGH8qhR6hVjQRcsDrsKHO7yG2521PPWiSJNVKGC2VsVN1dtWxp/EZeiX+FJPkMF+KB3Fxrt87K4XHW9c0KmmVlMejvUA+9LiKnBGw7z94PXjAydp/tf7RAgyWq+WMfax8q+5qYyEwv9FnCy2zo/NFr11af9jC7ddc+nHdDeClLkjntyxM9DYELISEzO2vS9eMqo3co087KpN+0Li+avY6FHv2hWvn0kmQY6JNUOyGb8TVxzHrqz0RMQuvd64h+4kfgmeCMfWqkrADp+7axOVfX0um1XpxfgcdTu0EDn9NaeXTfI95Xr1oTVyfkvMt43FLnNkDRtFp0XHxHc0fmLctm9rcdRSpAZtB3nlBWBUEd8DLVxEQGZlyp1zM5YxAYOUFnRmaehmmfgYedk1RZnZXLLaFhTPpe+d8aXvzR8ETJ4ULLJ6RIp3+pqiRavfVnzIDxBWefi2SKNtP6Da6nhxfEhRn2Q5+rRU6BmvJmIM8jiIgsoEUAkNSKUzJBgtx3UXrpsTVLBmnZlmAg5i5i8BIt8YNdkmiQub+5FhxoFU69NQJGBmDB8CVut9XEAbmA9gB4J2iFjNfY35jhBW4NwWu7giNcdXa13rHAQD/EevcJz3CS0X2m5CCzUsnva/JVaQGoIjd+O71tFVwmw/CRO6lrcLMbRG3iKb09WfPsfsP25PY4t28WWlg5as/QLSQUGLTogoOiFD3AcqVI5dp68QtLCTWg25jZWMD3lXX++Vn2wLw1ZNTNy+VBQhO1MHx81xxj6mndJgf+0omes3k00J5CmAyS3G7cEX0+nb9kaVTNUMKYOT4Q+OBdRwt5LiOnl4RaixxguGykkVPB1Asz8/4NhgH33vkrSMD/x+ATgH3aM5t8zI/CrHNMInYSeNVgdcBcWjTp5/0Noik8PAxTQ/KnUUnOcNLjUwTjWQ8wC9DJ33rQ5CYMMziVUgVZ7MGcPnpfpUHXG9bI+odWc42olgaHjJ3q/zt3FH2aKhtEMycPaOqkc2ExT2+VBGvFdGXZXYR0tuaaXM+RRRVV7h2BBfsWSC46oWWYmTtS7vdyQ4AcDlsHSRxRRD4r3xgjaaFXmxsgwqacfIviFzEWn5+xlzmnmHBaJyy8NIv3onD+O8QxgItYzsaP8nymmmbHlsFi3jmnri56cmkD+379A7fax6oBDH+99GfRMIBhOwUxaBvylD7JxB3q3QfU2WFQWADaHxG9AE/txoA88X98Ct9ckuCUxik95jNFAoCuxvOSF4XQLE00c4PesU7M/8xeeCGvvgtM2gt6Ls0wubdSsIuryg8rAECvz9wKVyUbKks3JVaX6GMbe6qQqXHu17hzozmcIbePnvadWwWA8V29pSOPBX3xIgbMSJvwW9L1woecNqA1LuvlX0Xc5JmoyzsglYRs0Ti0bj8/oLs8kUVsvex3DfHx2rQDXz3ho8ruR+A33CgcI1su61Iaup+t8wabaQAs/B66UlZpbdXsSQoOpebo8mgWP7ClWruRZsVt6adCGXUF83AUF95MHLMGG6TDxCXNJHo/AcVTvm0977nrd3UD1Kr71ioefMilIVVvsZsNYBLHPculbmDHp02BcUmN0YNoahARwakpOjtfv0cbEclRhxYl1BmNQZz0l4TuqnhOFIH03S0sVEWUnHrnG3Px45Q2+Pf9ho97ntclfW0zxQn2NkpKRYdL4gXj+CNly6PFZyxQXr9cv6kh2Xj0n+REXVBkJjayCeW1/rk1XqYkoNmSwdZKWhtZFFnhu+cnwT076mxnlXgOOXMMsFZte3/8RZAghSrmCsoGgh5/8uYrqc4uQMnriyv8kS8Xu9jKr8BsiM9VoAVTmSi2/T6bWs69QAazc2/msS+nre/OPNOYnbss0vkek1kykq8DwjCXjwH5q3GBvP6HnPqU9HrdrZX4C0FJq4FW6hQAIE8Cy1DfBCoukeAQZl77fEIZP79SbsIxoMtgKxpGrp7JJnbHGy9ZyjzybzlweH5y6V95s5XoRJElLcO/fVAoOyZJyglIdgTsH1+Yp9PuXlOTN73vi10VVYI7XLt1YlnWpjwP3nemZZc7zPqP/rNcDjF6DJO8Tsw0gRbMwAElAPyMpNaRwv7lJFglSgKy3XPZnPF+evJ7QwIzqpnOsJsL9g40kLuQ+CWJxke2Vxv3TYtNgDis+56J8zGHZO95yMhJCZdBAZsYTPAMArScgyIHtnAW6XfaICRaW0JWv1QONUSisUbeYd7gvUlUgN4p4Lpv+lLaotPa/gPe9kRd6ENx6K2nyXSs7yfVN0gTs8ehGI9QZk5jIBZRUoCP5WeQn8aSC65TZRbEXN/ZmiFGnzQbG+9+TBsIWiqPco2+0dKIjPZMMEKxLGtqv+V0QLMrWE0u/7lBLt/UQp2HZeUKIO/Oq8C/VxbN7xXsoDJq2cf10G9XNttPQnQz1V33OxmVAFKKrvzetRRHFR7ZbLg4M7dgKI2coFJ1+ptFnvx9RoHFoNBrwJH7YXOvii2vt8DSI/XXLHbFZpEUh3PDuW9eG9l8Njmg0lT98F8yU7+/CCi4W30t7frLZbOPjY4t4JV+TvGmim63pNSEWsNndreggNnTsz/XOcMiZn5CMdzyteTaY53d4D9xVJlEpyQRU8JeWZ8y4zA8Mjk4nrNBa75El8p+QtyznoK2uTXPBUy7beQh91B8KKhqJLdYZmCtd5D0nV83OQu72Gt0OB5guSuu1/URM3D2KKGxYFQLd6HqLHFpSgchDH4AIp9yzwh7DwROl0NWICQrB5ttfp3lXtDVrDOLhz+oH0b/zVBV1fGSt1rmcnwF0VzEe+E/Atnf2z/cjz6Je4MIh+Bm0N3Z+4Nsz1YE4rfXB/c2eFzseRdhAWatCZsS5ecCTIGRk4aSIe2DBVUIytptHMA7WKdiD91/euouWqI8aIHIA9UyQ7hBKc5JaHvr8MDvyngZV2n2LLcHDoVbCgcWH97BSu+H5Rm7rAfEHoqqNrFkAdVx3/VBtaTxXkIqUc35XzbCj19AiMow+x71FYef1pqEU7kzPwyF05QYD3jeBFAOg7HmhP6ZtTKF2BIAYjYv3cH2Kw+88YVaS8ENwkji+8dN0acgsDQJ/p2OYr4fb4MYC707EGhBrkRf1PK43ooQ5CJeH/hmB7Swai68B2nNU4fRxRXUUkHCMTzsmdryCX2xAsVaUO9EHj/Lk/xI0DTRMV4t0Cq6gwPN7lOXAYePDfNbkiPsobM5W47bg2aTMAKx83ZvIGV1ff0q2BJTP7plqQuflSl3eQpW7/YzZjD52vOofdbUNAcDSRbTD2ZZiU4gXpzXkZMWpkY2MH5rU3SnKShY2zHRqwvFekhmsyrHQRRWmnlai6TpMVgyfcXnC+Bl5Ag9A4k/aj58XAX17g2QJS9bQUtrw3Qqd+roiODys7UeSJUZgLlmV16Vd3KIKNinA2ZDaXzabjliPw5eZD+j3msAiJ1KsiAEanxKe3DjxVSNJxND55NWJYjeIBYrAzQdbcpaoRakYT6epQmvXxhSDL4OMHIgMfN8zLaKjRZxfKBep0FyY59hS4rWIdW0McVyfK4iSmJRsZ2hf34N/3oKjrurpWYYbKHYDwTG6JxeenwT+eAw9crFF4m06gdt3hWf3P37llUZAieK7Sku1xA2jr3aTpgQqzcYgtcv1g6NZP9QUnYjU8zDblDfdaOqbyVFlqijOUUn0NfwAcqvL0yTQFdqtn529tuW8vykYy95QVlYDRxJ4pXsJ7Vh+K1Bc/GQwFdu93UjsHFkXazBRLp/B5l4XMzgi6jbKH32Lp/pRcMlbsYtkCa6oBtAmC82o7t8LZ17hZP014XoMXiZToIHnr/76nybAGAAhhu8GphqLl3UwSBMXEcAtOjpZLYYPcw63fgnVYuYLYwN8DZz0K1SmAnaRIPnxf7XHSPJnuXCFKfoHJyauU/QEiuSycRxOl2BOKrCmtfsY+ZkbZw5EGOPTHHn4y5wjkKbzI3u+jvEae9gPVk5t0RcUt4a/UZ4AowY7uWyVydhinA+M0J0MHzkhl7+emlI+9HluE29uBn2/IGbFfI3CTARGMAOK4E+KcMEKI75lcAeEP/2mFLmfhhi3bt3J39fjG0wDodyjZ+ZVVlv+yO+qKRBCPuf54pBeWWEMzg3yuIrZ4gTA8weV8TjAUlsslQJeGX3SHtO8Y3WQQTOVrm45mIuGTp7mGvryaFOjePh69vTswbSRTfkxiCV6VVUc4K1glr9KI2ku0VkweBl4fH4mN7rO0iaigmfI+JX7/bSIoKUQcUkm3qjK1PKHgpGbMAGVS4htyerY4U+DLpiftqPHe2al2BTtVFER3AEcCVcAwEpkxBjYnza84I6k3tvubOJutUiqdncVPVklzaDQBQGlwf8X6J/xDszowa9vLXRKpRExd/kAXBzozPXXYb3UfSAM9KdzJmFWsDuykqMFYnCJWQuN3yzz7OoiLzG416xQG68ebxhXfCLJr0qJJwVvPNLyUHYi0JlNH1ZG78tYlx+Q8T6WEfbSdPzZ/2uVKh67gZNN2Cf2bUKGMxuneDMh242rVo9ZHOkI91+8pVySW83jS7eOdxiO1YL4wcgYItoCAxzWqlJgTd2I5M6snlr8ZnJUsSNUaqWQAYsc0xP89M63HG+8jo5xBcf+JN9HOz3bqrWNZ2fOuhePg+AkM82wXWDBVHUnSRcdjVwi6pbEK21ymdY/2ON4Ari1YSTlacn5xrg8Cb/I4iQk1VlIUFmTTX1fIf9HqhcF9dyj15DJhfZbKBfrRNHvbRvhrsbr+PQMnordCFYiuzdmCjOANQLOLh7qyIVSyZ8MwA4018zwlL+kRwGV9SYm8H9AtBQCWn2KeDrAfBEVMAgUdYMfRp77syrInNl0XQyo4QgH1892cSjF3+VrBBXUDFf3/2KOqLWoyAbxQTocvrqYpE1dE3E4EhzjN3c2EPp7R4V4xExD2axc/n8++F+eg6Fi5azBzqWep2sBJAO8H7w779nPy6n1PrLx/zXz7m/6Y+ZisUZAEAVAQAK7S7AEEEcPVmShw+Nt/1zJbTxOJXB8f2Ft229DTJarkrHT97x4dtcstxaWoR0Pwz0KnB6R35gxWhMx/fuVsX7Ur1E/t47hbwWqqhWN923o10V5txbZU40Le8pb7EjcjxAJJ3zqBjM6ZIw/n4QiabqizkBFiLBLOzUV7fg2GvPOIOBF72Y11VpV5sWG0kPDorY4P4aZix143VrBNO44EkmqsgxgQ8M/r7phReareLFeOrXloX9121jkikRJwFrpBoyEu2Sjxmfbsfsd+LYdiw1Wp8T0nM1Mw17Yiy3t36H3AXPVs1AqezUVsyrxsZhNjJWaNfAeIuZ2kSIOuJmshEQVkb1GG7bYZJzlihyWFGhgp2+qVp3O2VDp46zgkqWfomRBE9p+SQ/BKE5OaQ+Lz5WY3mlzbnBYaN1DPOCx11K/1euvflZ8YBwlGWI7sO8mYHAGsmIyZ9XNczZ+yGkhUD4NgxpheEnJ2V3eq4uerNlIAPR37j4v0OefRHPoBUlZkRiIkSWd1KatHE2OF3/l6Q3hq7pRcx9UntVVcH7RnYyaSP3hR5XBMZWSkJOapRqUbjPVD4HB+RTkrE8J1H/nAfH0R87fJhdjcgHmPWESE4fNIEuWqewp6uZIAVWecJJeHA6caG6zaivvOQ3hFI7/OatP1sl47zU3YT5EzE3dIbgleyxoGyFroTM2oSBalFv4wHKHl/eM0fYBBEj++CTpW967AqModiXUTJEzzc0Ouk+SZCwbWIshqbiAvEnVarU7SuPJsMZx/o8DnT7jZeY+rqaZLLsSpIU+NAcf2/ZEDgsX9O9g9cf+vmxUa/LcAMPVzqKHkddS35IIrJefBim+NgVUuhZRjjepLSuOETcTPe+vYg6fXHOq3hpPGyV/QcTJGI35b2lSDKvIV+o2ElO+D6L9bjT2Y6+uTVAWG2GE89+SWwZcNFcCCzXelro7rOxNlrRYEiA3qPuJBZ3MTbkTFEhkn9zHRTgyvIwtl/T4VOXa71L4s7DSqR+mKmMwRsbef9wdwDafn/egswyEWosbj5eQuEqjsLANU+QOzZzZxmX89LvWfUBM5gwms7dENnAS43ywWE7yx3cNoHb2E6iZs4eTj59uREu8kWlSkNZWExoagA5NVM7dwNIOcv/IgMvmZ4beTs7PXjG5FMviN0mWxUX8nKl+ykJFDpGpuRKdH1FetAPrh9hcDhQ+5p9BR6as3GN6E6WsYOv2e63P2Uv1TYmcHfbUrOMkAn5FRaZe617zQEbXhmiLDQqcC61lSrFm7Xh0r3N8cqu6FwFEAwTO0OeDOcqvAJYl/8+oBvh0eyMtym6clup3ugy2hBlCJCZF13Q9wVUalK9r6lqScIqWXcEYlxn3a8vdNCqvn1yFG5K5d5pZ0A4LvSUinC4Fv14Vw4geiRLdK/zI95E5qgp0YWV0Z5gCcdzPoEhGSBmWp8JhIPTj+sDKlQxlqnm3JtkALpTsDG+LQylvujXwHvlPO3vd+iM5UJ3apPeLOU/T+l7k7cTnvWjTl2qrytzTMOQHTQnuwXUcf1kA7nOTolsmKtZBVs+J9tetQ2c5b1wbHtMO90reLnlPobsfAigUuLZKI79PcNfuDqpxF3wElFEOJ5wLZVLIgtreSzc3pxoNsEh4d/RuGT/6oVMqXgZcYoL1V3emJ2/TAXN4EdmVGgb3YX3u10ltddjaiIMhzeumWIN7imD0Tp5F9SVcj6JnbbYU7dXxZ1ZtxeWAsw2AkWsCwOUsbNE8po17N3csG2pzFEWQjw2VqNyW2MjciUsMMF+DBMtgZNKXRhfBVr7pwg9BB4QrgAE8Ij/jWXsRmplu1GaVTtBH7F64khRZx8K2cs9SObZNPkf7FbaV/B2bcr+tbf0lDqCd7n+JXpOuSDL7/FbagqbjZ+LHbFOeh0nCzXVkZxfxl3EbUYu7q6ivk+9WshqheaILPD/IlpubW20PZX/gdI1fqmorDgzF+v8+Doots8HU7H19TI1t23xRRAr7nSVDI93MdlxJAfsIEWhyf7QoO8bk+MvBazu5BjeQnsaFp5TxxobzwrR0tZ+OhaSTv9aeQ7LAT2M/qs2ZP+1j/MlIzLLe0P/ei+Kue2bu/hQAvfphu8DSEWUGygybsxo7tmNlmxpY+yubVXVLB2XxuOZuqhNz0Lk8e0eExEuZGek15XeueBPOzJ/LXk7AMmaVsdmjNqx59/gMBvrGJNlMoeewaxD6Sfttk/iNsuGmqrBYTm7B1h5CWju86J9UdjKBiU3bcC3D47avIFHn/vsPAsmPdYHnCFkPw2sl0f1LZPryGLXntfdIXA8uws2cJfJrZVDU2GmRMYHem1vKwMjYSXZ568KeZ+c1zfE8VMQrTDi6yC4FmbszPsl2MumgKpMsaWaPfltfRuRrK1QtJuxwTPz/LXsNpHw1AFR9MiSBCSV7twXZ0WUgCf4Ow3Uxbip4T9y/wQTHNHSEx4SO8KapQvJiFlTfXXvW2QqtbEN5VHnK6vUQf0sOH1gZ0wxujr+EulYoAkkEz+LEhOitjS2vPNZlgbRn7H+TG6KOKUyZmdjXCwUYktbljNSpJ1qqC2N0d59CLG1pJF/vTNsGDju9tCtd7grOr4gjYV89WOfoOZdzFNnfSyjPs4bGlrsfidhPpYJHAPH1TbKBb1+vqT4s9bFtkjckF2FGdJWwMm75jPiYV/Ti0rvGJ0F0Qz2QOlgisUlK44OY9Oo/YN48M0DO/QpcvV8FknQl1tHFEuHeY/k1dV4VP7jrcivHrvpvEOymYHFGr4NhTb/cIPVB4botNp+gmQLTP4qeF1VXPz12HbCZ5GbPBcsII5fFpTpvthltknIR5jC0O7wdVYzsN2E4wvXHzmbokJ3X6LV/HJw5zyycMch3tXY+58dY0EHuXtTn8fXDp/bnlCMXUdWYMW9inge5Tps92Mx18hrOD5izeKufv4Iw9obCmnNdH/+BFSLwZDo3RMNl82AKfufpCmQ+AMV6IXF5OpkMPPjrQmMk0VcliAi5XfgWK3qpDj84P+ZQ96JlF/JSuKHJo1q+MlvsaoUCVz3wpmr6VHuRbriPOAZYYigj3SZH2Hv+9Bd4rx9LAzt1R1Jhi7mvnNrhBm9q8AjEurFmx5wJe4ASmY+GfAl/G3gO+ahmNRX58lNmR5P/4U8PWAYomgkfASfYRiNzXRS89QMvy7kX4GsIUQ9+PKJMOho3+a5p3d5iiaZQvzMIjsH5vyXGn/WowFGHsQmqU2DCgLByaY/e9nBf2L88v2CglWfEbenv+qJV7Fqo9dfCMaGaxKKDDWyzpg4jXHkFBawuqqDKPzHbbQJJRo9Hh2Rk8RSjexpMe3JrBa3gDaLuS8zxVSW4X/A2GJEeRnUH2H1qmUp/iI7b7BrGhXJ01BeU1X7A8pgzMB3gtSdxD6OuApRUrCmY3gEU3foVgU1a844g4SZNYDzJpvquoh/Z5G11VlxIYzChwHEbZVqCR9K2PXyh12RcZ6Zaeoma4JGtb737kxYUhLZ+ZCipoki1a04Tr1IBcj/roBAheA/ddSf9/1ZLMB2OZ7mO/+BIB3Tx9u37cDrUklszcktCLTbaiETVZZ0udRb+DWTfHOesntDcO4V99BakUfwoTu8TRe2IV9ZSfl2oYXEb2A0nPSal2qKQhRlELkHoFO7dtPvGL1rl86/zzq8Wr9K4zmyDMGDofd2X8mKVEFbdfg9AilKUoedVaimuOvm3XbdgOSKsBT1Jf1EnhqdETmMY45NeRWSExvnz2but0BQjLQE2T6vhxYw5qorLvid4KpgXRG2Hrdc0/DWQKEgJFSqCzcuRa8WD62t25EqokHB37a9OK43GY9OUOdLAKUcoRxpiOgY40xK1g+j4tHGttFntb9xv27VGON6wGMbIBUyWvAbu6PYuA66Pxfb2Ie+BPFAQwTbtJKhxYd9f0OuipkkcTl9CvTyoJ9gekza8gGOCHAX3YCHeuj1PjXxpb4dp8p+Vbdlm1/yMR4+XQwJKhGITCYI5jmtZVjCaKDJMy+wfceh8I8z273M3dfTa0OP7XzrUgAz4Fiayc/Xr7FG2gXXalGPJdbeOUlOHTrmGQ4HhJmCg5Sm4V6W5bmTF1+lLKwUkX94u59S//Ee8NWswT51Xw873Vor07XetAhA+CQc0YKX7os9opHA/9ear5w/u+VDRUihcyODM6yx+0bApgqAEnh7wXeUWJth2zY+PSujInlcrUkExITvaizMNFB914IC5Ptq81IjQJMiRktflLSoJCrBoBc/Zk5AhI2VgXen+KvimJlo/iwGZmGzRFI7RnKMnkHJ25C2gd5XrgIR9k9VqRDvXEBp0M1wH+EeDQ2X6hE8YeObKeFfKrQYnxKnrEtTD71PMo/a6P6cNhkU0X6y4HLstLlFVqIGkiTZFHC1RwE8XYW7YhvC30NK4TWzt/Bp55v7T6aUjRRmabXnq4oVcZP9sjnJXWAYYDQPgGw6MwinfomgdUnvZqUqpftXQPoVaZkfn63stB8K1LNtafuQPu/wb0YyUNIrOv4mz85ix8zJZstxJSL1op8fRlHZxnaOQDP70fXsQ3JnK2pwl9C6WRBPCi+jKk1LOv6NWRuQJoZfJlz2VhHn8Dg/q1CC/EuLXOUfI4yvkf9Strkd8U68bbUH8O0YaOKDX06oJGo6wQQbVdCRgDAMtr/vpW2In0V3LX59gNvp5JvkzslRW3Ogki7hwnORck2y9KhpKHA2IPQcl88wG0buNn1LyXM+kXZ8gItaz4jd8x/1fJVA4iTZHjynta8ZM7Z3XoSgISXAMzN1B2u9KnwLQmsbHFqOZWYWTQ27D8R9qjuYeXO8LvMa/Uv7MqXLgNR56uQAQyNW5CXnKE4UEWbrHJfS/el9jkcYNGl+1C6dBLt/RSmxNfYTGTgND48MgjvvyQFRVNeVLdqI7OLxr6W1dbGUagZmyJdDRaMgbHDaXcbC44wznrYDRXlXIFiC8xqDcEUTIeVpCQsuS7CzTdDsXaUVv+dguaM3Rh1ZL21/bJ0aAIAhwDAA52MzzNBLzr9XHKIkTQgsELC1YfgdsRXVqsMJgdfh3pEdPmE2v44nbxjyjgM4jF9uzK8zlFrtz1PgIsGusPBI2wN7oSUgnqwnq6JdMjN3Ib+7sV5gMnNW/wpkKKn6K6WiRu0qJdNNbPNdur2HiOZpOTj6UnS0rGSPNdLGwXzuw/fF/QZEIhKNu9E54c8UAlM+Y2lCYRMNyQQm63sHD64aTREr2KF3XFPHBrC7XO+1VeaPfI05z4j705RWGYtDUDTcj1AU7kSmW3X2Y6gmX6jUklolVFZOXiTO9oHxVKSZaExvPd20Knp0kPGzv4tI1YBMnr9SRgS7cUsp8ThAGVaTc9vbX04CE6fBZCLot4HqOetsWhIbYztiLX68MD7DCjWaZfehQf+6XnHj1FyBIDEtOUUgiNfOwEUzfZwt3wYqvsFjHtc3vOclhMSfKfx7CpqPNyE4XCsJshsm+5JdtOzn2KqMO/MCMSgGkCf+g7mFfsiToJXmTrAEADjxa8R/EEQt3Csv++fDWh8KSmStEjgZ7cJuJPsq7iK+beNdN70kZsih/XKQlx8jvqVnl2Y4jTiZLTU03rjS6xtXh8olPOlr/WyIKrq50RXP6dWvBqZaUwBVrVZzTSHBQBeH2AeZF1upKKxC78Xay1qgyRUuSkgxstnmG16Xr2ITi/XFLX26qtpAA/ZX4Lf5WU/f6ENGbefYKwtbQUXL2uAH4Z4/K14WTvDNSI77tmvK1jXeefAMyBPwTUBsDqcy+XfVkRRsxHgKKpVAaDCDiUYJYt8nYiA6Xf9VMTzR1691o8CZwXZ2W16z9MAnZCvpUNJ9vqXIp6R0KkLlQyFI9fqQ2XCxVxOJgRWjgBQOFbnU2bS1uwMmWnhmscl0ShUd+k53bOjK5ZBnGIfqqxlIgBPxKSIIPAtV2UT1k2iY5VydyYzez/BKQc6FVw6GrA8Ubg95AEErnaS4ZLNDfD8lCicOevudcJs/PtkbzlWkSgcsiwqOnQEiu1sbVMH8DOfFs9vAmgx7zL/WDaEJM6AwOuSrXOWFfEUvgK0OOKfjtzWvztyz6fudgZ4QxfG6JMjV7ERdcPSSe8DYJ8ykyq30MLM9v49Mynfn4z5HXEUzjc3vOjvsbh1AUsUuLRIpy5XNiyLopr8qyPGCg+xRchl2u6L83PZcctqeGZ+RtlH/1WL+xE61f1aUtQfd8VVqyjvbtLr0NoAN8Csh7Blw2M/FJ1L3tr7pp3/sE8AgKe75MjItrzjgY/rTLMib5IEOQbyC6CHVm8NVZoaXcCsqAbmo6Z/C9cIZxC+pXYSqix0L1lDLvcOEV8ac18FrJnqLYmzlVE8Z5SVnsYhKXD8KnhH5+0wYOIkHmYkWcLMCH2nBQcFqpjtgjvlqV2LFyoprsTfZm9Xk3YTjPNvyMFD2wizIfTF+TmokjFM4AFMN9JDbPfXpgHqIFBqlpFY36UDxdY8Bss7XdhuAur7Qem5GZafBpv+0yqWzMWJYV6py4xPlskqoziAUozZmypm76/U3T1+a07vblIEzDgP4QxfNKp8M3nHyhiuLsA9Ts2GYuUnUczXojeywUpfW3u9c4smP443Lu5Y6p2VDyDQj1+yyfzSSz8k9l3NW6qun6n7Tqqg4Jq4j39HmPAr7ZeJqLl0Cwd5Rj0RZYM2sblKf7vaNYXZjRnfvz7FGzGtFfcbvjtTrzskpgkjs8i1MEBSj+AZ5c31P25hSrxKEywNqQfF01IL+RUf4u17oBwvn5JsCGwhxEMZvahK5oo/jgzAUahvBW3WPfXRg7PfWO+PUcKuatyglVJUyZwMi3wkNpa1yDolAhwT4AKjAXWcFaycx1Mfv5EMsBruAktR1zwBXNdgBV0X6XfPzY8aBukdqvxAh8BtuO6VR6PjryvyhNlKFa3MSausjQ7fOy/uFo127A1r38WOluIhtb3AfRdaJJFi1yeY0bZYkLFzoo4ACG7RVYjpA6xAw6/xBkpC6TlU4C/88xAP+0vVgHR2u6GehKHHMA7p2vIAVIeN70+yGAdU9iIxNSPiansBcAb/m6UrBrcQNwCCF/MHFzuQ68hwSS5ftLeJ0rRlZ4ui9ftIX5DLO6Bv6L+G++8fjHSPcXQ5YsmlG7LbMCPbpt3zBpL2UzPPQxZ893jwE/g02WB3sGXcw2LGR/ZkhaULeuku0j0AluRw6IaJQQyXa6I1WlsER3qlqgKHcHeTLD9HP83eTL/M1fvYjsd1It35Q1kYgWTeA5iVNOH51p49ULTqNV352XRGNeLS1OZQ3wU2Zea0idUsm8FuXYWbqgXNdSyw1MypJwW0nFFQsA+vrSSsez3AkiT9qVjB10AlUvH2SsIxANCGS7I7mKB/e39OQPwX8P8F/H8B//8/Le8+iMIXpIhWJSeJOzxk4xcqiS/z6DR/uUeLKjC9o50oXiWVLUXAnOcdrJH+ICtpbPVY+kIvhGD+yWEMqDzF2bjwEA+7lJcuqmT9s55G7Ln+/fj+XRli4MRHUtoyiXq8ZAUr6klIu2XKhLGScNctWlj0Yo1gbwMEN4fjSLIS1cERiwzfNQrhTjFL1BeP7iBkWZVVtq1gjT9JA/uUnuY1rFYszSSlImO9cFsLZSHCsCpLZwFrlvVrZezbN9ZmuTx2QmrGUyuDkctFtOQW/clpW/VROMG4PKX3QNyNwMcYZWsDZeH+vNiUNhX2Or7fIhHkvN0GSLPEA/Qb6xXGQoyZ37QjRIbGfI+NvYGqGMvK0SZSfdTdy57FBF3n5p3ZhkqcaKs9tK/WucmDBqm6miHO+4JMG5S5qCMdemqZV8RnfejSkX6Qr82+UWM1i3dQHZ7I0IotNBS0Qar6jpk3tq116NfJ5k7z79HT2sNaEOfZa1g99cpCKacgzQBpmR0RFIkFzW/pGqCX7DybcdwwIFtPvw0xnpzOgWIXLNTOMQJSL6kJhlbldgCYKtH8MJs3HzDUip+lQHDsKxkrQUMjAOZ1bWFLL/8HwegijT96EQLzAp4ZMy+GYmOUprCW7ovpzgUBfI90CE7qIuZ0YUbiZlcIB66AR2P+DDDAPewXlgeHRgOc3V0ZOYrVnbY/zohArL5voLvwmKNdzo5GqUYzbtk0cb/JsZ3KgmJlOhlX2Wmq5IigM+CIbaIFMMkKZ3srBjX5P9gJflqIcrvbCHA1mQvGsbPDdK99igH/IKZm7K5orwUMQ8nmSlo2GI4roq/qzgmz1jnDqaeTYTEpl0jx2qgtUyZLAUCCnk8TZNbxot5I3DnQW4xd7jaqc4PAJBh35wyNRWXQrIyY7F1W5URb/TOKgv4VZ/3091ec9T/GWYPfRj+CQNDBR7/75uRfMdf/xdY/+WO7+3UebszyLDAMajHvamoikoqZxU5mqes60RHRi/iuhWyAUfLyMxwWjUHF2t8aGSD7++zZa0IPN6C3vGmQSmsHvwEYpRpHu0e37J0MLtFX1QUUTbaX8woW7yoGsWnp5vDQBEjVvGWd0wwdOKNIhSxez881s0sC/rkHHJSLt7kL/GvKd1ttIsA8AcuZU+RiP9gMULL7e5f/7jAENoFa1djDvmJl8N1CTcC+AH7m016PbXFWhLqqKKN8H2VY9CXPvNjvagWazKTJbXYOR0jlJsmigdOiPriy0BexSGg4tNTB9w5plgTdA3UhW7Ena05oU38yr4tSws5jw8SaYu8azwN2evsIRLfJDZKzbwGAqDnR2KK1w++xO8okm7ZZ/cLE/r2LqlGuMc8xwEwmS3W4Ub+VLYuoDhBDlLB7iYeJX1nZAYQc5WXzvpUo6inZnHXmQIwRwXgdPycHQVE7p6tCLjlEqW9ye+ucmDQL457NyWhVJ2cwe3oNPEErNjF0BAInhlOKdiUCNFcNQSka/eo7XckzCK4iv+pALBrika1LioezaU1cMEJ89PTCKE11vw4zs8MpYdvnYj+9q0yneNHCxVjS9WMrWNZRU3sPO0wm/qC3HwY+c99oFxQr37R3HFAd5nVaax3CdbxKHIlqeuvIXErxbY/ukLM1a66LkUJNPRVyjr9xRpGeZSuJey8KnXY2/FY31nh/QlbESta4LQdc+u02QIQ2QAUW68NLDHRtfaxv9+NIXzwWiz5CPgTd3Zro2QMTGDv4IRJSxdcaK2NRBTctfcfc0WTjJ6IJfPWA3rZ8UeQP4rHK5qe7lzK7CdneyeBXD+F/9b81VimnMnq5B4jYdZqHTZ4oBzUROkPOFw0qrcWtcRpaqalaBHv3QfMVUhh4Z0/97+NktWHD758HnrDnRel+qXzNaMv1LFWvTf/n403/CynF6DHdf6QUN7RH2xWfQ9dNnyq/nqJIKQZXNpUecCpWnhKLxoWJell9ouzrc+UTHY3NPa8dtc46tTBN4s6YsxwUe2Spy1OKrT8hq5oipbg60lre8O/7eSjUtH/u58kHBGmJwxj4KxrHRMeg2A2uir2dO4sAQerwt89JfRKkhR249podq96Kh34NMdeIL+Excb8vnfnCh2Si2JCrpe4QpWNjm2KYttvSBknVz5fsbKL6KkK02SF9CYnnPwGruLmuO5R2Gbwd5YWk4hgENmdI7bVKjFHo0Z1XJ0J02YAetSuiCgr/WbHCebkeFYXk/qNihd9/qlgx/q8VK9KWKlbMoOm/Lq9YMf/vFSsY/16xwvnfKla4LK9YYfw/rVgRYzn7oSYLvZtN9aNtXgam7pyjyxKFrX7/AIDpNACmUtF43DIwvf5/TcUKl5UsYJYvVawY+GC76o5D3bSKZUQivXpSMy5YoF8im9wUJ5xvVXMF1SIcwbyDkdWMMnKS5aEQD0S9nBhhi6il3v2CaI8PDlk8faWXY9u5jpHd3rLqnb3N0nnSdLQ2gK4lZlPxageAcdXpLppdVoDZ6s+Z9WS1bPCeHgjMOkJRX4p7wfrNdS1kP3Dlq8FbGiSFJP9QGDJFfHA6VjUM4uFLPNry2he5sNnaiDhZNevtPSEpdI/C5y6r0zlS8KnwxD62Cjb5JbOonotQHxooJFXb+EFgVD9lIekbTN0C8BbuC86cWkH3OTPVLdss2TpYI8vcOQ7+ep8ID8Wav0xb57B+4eNUXWE4AcWgojuGgUk7UQojl59CexTFnQmMj4Fiax3CYnZYPp9mgipI1PkC83DrYJeDNa6/a7Hize/6ACy3r2KZTr4YRysJuz5Yb0kWSNrwvjGm7JveoavAg3bswixklj9menBITVnoMgLx8Ep0TbykJMw06Nso2IDJk96c/EndHDjmu+w0HX/glrcGg0oXQ1Y1brClRsEOZu9SfBsvIbvt4jj+6Rqy9++VfhhEagR3u/2eLJga2fsKLidgWdnW7inoVNmemPgeA7/zmRLM2HWdxyFZKSL98mFrkRt9A7pfAzkefbl/KGwzTJ3/brh7fyrKzlovEPTeIKvhy76IFbz2c6KWn1OrfTULWIP/2GQKzEi9s4WWXnNPAKhRbDJdXJY4ZNANnZVJIqaoas7jEubrhR5F4YbRwYeKwg2CFHujrUJ9xT4X7+WbTHU+bTKNV2wy9ajRWTx/ewWrRPYjeHjY3GOKLUhXDbkh4lMrWbxu/Qhwnd7csFxI1R+Giv0Zt10BDaPfwHt0E/NkUvGNw87Ltf59G5WHoyZfWqVfb+ie9Kv9dunM98UMDSSTT/uUN0TKot1tvZMBI3OTAADkepsp1B7TCt1EfbrzAWOsMupif2ClTyl4P8d7nPtOAnHhLhf1n8oonV7F8veD2GYGzeUt/8ShxMoFQtLeI6AwJ8wShQkAmIXHUBIfpc3soJnGIgiMGf7yPaNDx/7uJKUwAaTnvxxQZfEuNSWMQ0hcxW6yZFObomXqcJ3gCzJmTmCUpY+lePP2+9o8ShbltRDO5yJuGVF9maaneg87RC88hsCLQAORYvGpBD9GsVf3H584dGhXfOLwNjbBX/GJw7pPdRvK/0PdBuOx7cu2jma+Wla3oXDpyIvX3eDEBOEVyOfaagIeYVA+SmV6zRE7cJjSuOvuF2W/FTMm+w9mPamPOOCVbAhMc8B2L/SAtpa+IW3/ZM3Ezb+gNUx4+NI+dwyEJOLI/dPV1pBFaq1oo3jwbZwGtkOxpxnH9dz7q/YA1zte6t45f14BM6Ki/GWj+n4TQBADjkNiSr8mUCwfGRtwoVi7/YEk2t5ljoRXlcrCjGrqyBUuPmRxi+t9e2LQ3ZJDjGwffOadvFB+6FArb2+UadNbjRJXY3WiUWka5rvY5ubUyTWS52cPsbPdt5yO86WUyHN40poKMVPoBUqV6e9bGU6g/Pp+V4QZyrPQUkvFAUKy13enaPPg8ze07kcTU61eDQZ1bFFDj7qP/lx9mt0+pm5oFHC9wNpuW92uzh+26BnI0nhJfJMvVSK0trDNsLpyrYUAkBDtqT4D8XBtjgd0X0lseD9DUWIPl8MD0CtJe19cF1JvI9Kync9vb6hHLqTZ2FszHXaC6A56/AJUwYlr9p+CkH4ViYDL+AS36l1o501UWFPf6u23K856WllsQqDUP4oaelEOduqFboZONcup8YCEshS8AQDYN8lU1pzHe3VF+5Bg/tkEJg1hmUyJPzQNs4HHVShP7cOCF/RHE2wYFFv2KhsgzHG0qMpb3nbaSLYoIaWJGUl7Gtp3WtuVXf1DSpK1Vb05v8gSzXipt4r1jCB9Lq0cZ4LKyPT3PVYSHosVP8L0DYQ3A4yoIlX5/nriRevYTmanAJhqJYeIZ6yLBFHiI0a5nkFamaNhveaJK1gSAmK4Co7u8HKNC6Q8kLfO4qXXJuxBNbjx6Ly/iir8f2r9hXd/4d1/U7wDbE/Pa5piR6d3ad+IjuzjlK5yiz41jhlY586ph+2fBKZ6yStES6HOaV9D15av1dIw8252FqCsw33Yf6gxOzsCMTfqgJeuvJne670wfOmOaBW887RDB/dnSXP5+jxQoNqO57aSVTmKrf1dXLGTIA+m50tyObYN4Nzbg/1mClBFfEyKgU7VxaRzx7TqQCJQEw7SZSoOxMzfJxraoxk3y0+L6IyIuwp9VfJzn2VB2woWMJ1wQRNm0UKrIvs9cXz9ubqHaU/qbqGZDi3xjbI6VVAutJzE2Ip0WNDxn9y3lfjRkmE2D+t7V14Z6m7S0FQejLqIQbQWi6A+ZcUjmYj+VK6aLLnKn+gGWAKfd7hjlO19y6oKv5MpCXfhRBes1r4PKg0IxdjF5pedQxdvJqbF7xY7VSpja3umgpHH+law6OFtesYVWU/6cquytlOo2aDnvKQorSeZm5+NnjMQ3BiyXMvdSaCUH7TbSWDEAPKnc5+xsnA0Dt3HWd+lBYhbc1bD3nyqsrBLUml9oXXAEOTWi7v3QVnYjPdW4wIC7XE4wdiELm69HkHkVL7T0cp/oi6YgOCkb7LfQXGa8GXfGG2cgmIDr9UUfjvUGqVvQhTDr9jtVwxN4LUBXxNBbigqqxDNSy951KeFTDnP+15H9jZPCXjX/bfitoBX+IhZjCK0xz1Py3Az8lvQsTnoF54p4M02Fw78dtzPXQ043Y+eSQVsWafYfnEujh7fePKZ9PWCW6z/Mbvi98JX8S4dRZQiad4a0CQxANePhDh98xkF3D+nlvcn3T4B8NoG7ouVtohagX6+hB/gFVYdeVWr5cK8PWjaormAnbOvlxPl0oEPtfLKijhtr+MJNR41d5J4D+bnJ+MPKcdchHhsCW4FWRKCP0mfYPz1JflTf+J5gMRw7f9DZVxc5u5/VsZ9AqlCRA8ZgwN4zxmbkBohPge8DnhPfr+dFnLx08d6P20F6VOU4nNTlOKz+1spPvmyUnzunbL/UIoPASrFp7VUii/xP5TiS6R9KsXH+U+VC/r+WTZo0Xx52SBdv3+UDYr9j2WD+v61bNDupbJBi52IfykbxPz3skE6/1Y2aOHkv5UN2ry8bFDx/7RsUMSn76Yk/4fvprwmXVz23RSXZd9NAZcNqrD6v6Zs0ClITHWkbELsGlPQmUHS18vq80ZGDUnH0+gpADIcPGxXL0ed1nQ462z71ekwzEwXB2R9GePPbZB6Zw447I3BQ2BvJgPrEPNJuzK4HWnfUZm7SmiEWTewPz/4m/49BEZQXrZXnJ70CAzJNhuZW2YD3Vkz68mYHr7ammWBXYGqoq6zu5FBlClgopNK7GMjcUytSYDXdcso+6UABm9pnbtiMQysGV2m8Vj/JMJtGE5gFP1RmIsJXjixdP0XQwr8stTxDyWt8yvNXCkelAf1F8ZoH1LT5x+ss68eRtz3N25ZP6ckDDXU0LsbXlPrjsCL/Zcu8L4EIIsO6Zm9wY2sNnW2D8bFOpHzpLAzwyjLm69s6U2JIKBG/kd73x3XVLa2G0TBgjBWRIFcxbEiVYGEemyMI9iRYgAlAio9hJIQIGeYERVIBkVaAmTGgoiAgAqhJColtIQ4iBmkE0gioUhCCf3u2NjxzjnfP/fez+935s8dksVee6/1vs+z1rueZwWlvqskl6DWc6Bn5jkTJC+Ab5TqQNrAxk/mGiMJaTcB4OarAbXiH35lOoHSHGmBwAlYEl/yayNNdeFfSn4C8hLWuvdjVsqN6W3Gnh42Mx/yMrXiW/cpjaWDz/Bdl6ZDY2kualsF+51vkoeUwm2A+3o09bV9B88lnmG5LqWQblc+nslF5eOKIx1Ab2c5APRbH1rmCvnfrUQ7WzJY7ICDBHLWiDQDqelztJDvWXVU7UeaZwlwRO4w8Jz7YfWPcZd7X7VYGXuBxtT9oJtgFNW19lvaUfqWrv7e3fp7d+s/dHcL6ELVbCtArII1ASpCelE4aeB7O/PYVBpAFqix8VKMBEQteb62VkgE70r5pAjOzbM/a1prn2QZmpKDS4gULLSGU8l8Kwc/1WXjJ/X1gmCnM/9pEQRg6Y2CeP2MPcl39Fgww+tzoi31rt4v6Ydxou4jxqCnSzVcwm6dH/DB9cmhlU1w+raQNMvMty9BtlYPAOyWayj4TbiMUg+3LP2lEDx9WO/U5UYfb2edkPCGgOxU5kCYKrNZPYhSc0x3zjHG7D78xi82pLmo4LKOOLaS6f624GrsXRXtZGkh772yAJP/tT4D2bOOadHiLsdc/5rKw74tc/CoaenXjVPJm6/hDi8kW7wL2Qife6c3YYn42Q201mS7GtyaRXrqe5HW52ZenL5r+p2o89IvSNFIe1p9sqgagdHQJz5wffukfhKWLypgJRvSs2caxKFBOgbbrtcKcbDCgUcp9VFBE+rLgnRoc7A5l4U+CV7WhuAJb57R1tn5KjABJjbzaJrXkIQM4/HWAbkR3p+T18timKqShbWzt1WuR5E0KOJ1Y7ymk3sYmJRCAhEgWG9ZkJJ02JvIHyDlYlChPvuXW9Ics0f55IbhFZQ7LXvm91j3Vrk/B2LfrX6P++SRgKYtfvOmk+0EBTbGq9OFNa3kujHjtF8rAuo+4ykvUD/tKnP8fxhNgMAP0VsPlthCNHx8DzZiitK3u/UZ0JalRu9B6WiNIzWXUQL1x26i/N6tqpCuPQbzg1kZyynI7yvo4CyFj8wUL5FSYYmjdYVjz5vb/q/LX/F4V9nMBvebxfs0rTjmAb4b27X3BZNy8y7uclZtNQ0T8O5N3vjhFmldYqktzgz4ymQBeGHofNgNCDy7szt+1nd9NTC+nTraMmEeNT8DHLWkKa7D+GanSdaabvj8SlikhYNKzZECP983rgoAegh8yatRueyRPfHEl2a+PU9e8ChbSNyjKi6juUSebzhh6RJBoIMAQon/Qw3KZCocHCM2LhJ46ZN0gYCWfydwYB0omuxdzOZs+YOPSlgTCfr0zyPfEBv7m/39zf7+Jft7Pz/Qpu+75SgHf4H5+7bzhokOSzsUXmi/WOaC73v9czB2D/oXsvMpEX0UyjwZ3swe37ARkc4/6fV6bXNze2zFlzoJdPdqMHnkDUg1Z+1SvpDHxA/kcX6H7KGJEtZn2buHKSDZO+r+oa0aganrPsneMcQ67jjcU5ys5mw2SZY87iRbfiKPkXOzjWDTTcT/HNPNTVbzksndRFJrtEFBWViLdwgnnD+VlYrMR0DL7pqN5x+ts3ffjylFRYzZL0Rt/LDPQwg8ptv7p2GoKynea2fj+9EZI1xNFSpcG89aQfoBmBqHIM7HUI4Lz+T8lluL2Qwnvmhk92K2o57K7kHLlZT6X1aBuayq3hGIRuvmzjYLJbqTNsdehdKkh9e0V2Qfb/SbIObN4Re+2nUTeJOW5vSVIT9a7PBk8bLVG9rv1Mf/MsIcPBCbcLTHbNyZ9RNA7Ygw68M9vNOLBKINilDdYCohqW4M6UFzctysm+WXFkVFzR3EHDzrMv9j36WIEqQQBBOHtylRCg9Z7LjSfu26p9iufaz6/OuKlEWeA5uESX7I/QgHnVrTwz+pnwyKhYZdbVzCrrAwpe9qfJa3v7cgguzZrdG4xpBrZjjyp1Gp2RHEqW29uilevPtvYR3aBgUgXVicvOpySvQ7f++T6isDyH7PSrGPj0RHMwM0JG/00WTooweb+G/lsJE78ITtlhusGMvHMDOX9Pew6kPDfTQOcJQV2BVjoBAUZhIJKZ93lucHV/2WFYes4E6FYiNiXgBUurdIJ1a4JBqgnDo1GPXWmKkEIELVqskLcC1mdWFxAxANkXGDzCmmztatcqMvHherxTLTSXsxG6wA7M+RG52LLO1GPFS+w0hbbQWd6a/UoERvMktSzL4lUCd61dsFbAEX4erqH4GU5z27wIq/b8Qiwuix1jrqOwNtapwTVYA7dwt1rapM0eKc28e5CqDtML3r6Tp41rqe9vp2pNn4Py3Gf5ru1KCCczy98owcuqY9hmSbemCcESRA+PWTo+InNaVKsiyTNd3xi4qpz1quU5dRoicebn9N5Ay0IPJc6U6zdmsw/JjXfq/ailyMIltDOKBl4w7bTVbHff5UNI4LGu4nwOo9Ip8uPISZp3BlaeV8YanYmzZ1rFQjKaTWPIdYbgD6ih3wFeNW50JTUcjDjApv2kPXE2BTbNdcLhhuSlq/pfn///4KCJI0arhkRMx5L+mSb7ek8b4nDQ4F+j11yEX+ItKbI4I9y5IvKgoy+UUCIhBXhMT60qSRzOspMX0lDV9MUtbIC0SQTDNQ0PB3SVpKiVma2umTinzrRrWYrWJJNWVl5EZwGsAsA95RbCyD6boLr8NJl9GU9XcB/hyzIYVpzySrfxF0v1cnpcj2pMFc6lGbB5zaFdxLCtHZfYypZaD+CUsQEHNS3gdL7GCsjtZHigx0UYf3kSITAzq+nKyozW/+miJzAtIg8HF7gh8XiFi58gKHrTwGJpaTggp3aWzMM8AfUwSo4pXpzq8ssQkrlrCpv6GGptSh4mvSkxVIDn/qWuqkQ4G6GADvZX5fnaxQ/XSyIjjcpaN8r6pyCF7H2tATp/jxZEV+A8xEVqMHsQXPGlzQ6JmlOOXmfdDo+aFAnfRZowe6hA0D7XkhOJMfNHqQRq77Pmv0mHzQ6En7rNFTJNXo6bgXS8xLPL4hAHSa1z/oloz1id4v4s+WZVKNHjBFzv4fQ5GBLhRO9gOoNKCtzcLMnN7HQCX4CS9P5p90PUWoQrXbXHOP5mbuOL6paHdM5Pubfe1HxQ8C2ixp6XNmk0cTSyVHQdxx9qCplQqXF0UVh9LIPiMepZsiwuYlG/85hokkAIk02r4POf9uixb9LniYvNwqh35dO3a4BnbT0R+m1rkNY4ZPr3knh44wqx96DQZ7D2xXWw0rrnrvUep1uGMwagk7DNyVmbysRYIqlIaGPw7RUQ50Zq8W97jRamn+rbJ3Z065UBtHvWkbj+Ue7VEqIJ2CneYhHuJIxyO0q4ARzatS6fCS/LAKbtyZOG0E/O/buiZzQwuNv2farLPyfAj0pmR+/pixdd2RtdVA6zR5NG4TkG5CrNRbAsiMqYCmpTGB+9fWrlrOWTNufYon0mcRffrJ+wLT3KOREzfE8LOEkUf3hJ16iwQ/kJFO1PftIaAgP+z5EIKdN60up4b/6R0S38vTqRn2nS+bPwPRCMlqRIp525YSvEhdJkMGShTkW+tFguJdqrEh6lT7RylNVxsTh1d3vhlezc9n5cs2+hICX8FrwGhNpjHtGT/2RCVlAElR6SdhKuxOb03ScRXKRPObV9yJh8ZhAJumntSw4h9rxMgqrc5prlFgq0k8WNOjM+u1oDvRxCXs/LfQQUj7z/WKd3oDByFpxnH7rIee5t14rw6TuIwpsyuYhTLnE80BpDJBJ7VrR03Qz3V7vHzxWHIe4sybPwlxnvNJ5RU4/VwT4LO3ZRKSqcjGMOBYi9A8XuuvcRLa8vtaWBZ0q0d16YBMg7b3V1KSQnQBkKzpqM0JGg7TxhP+mOg6+abhRxOLw2nq1kM0ch86uCJIjewTED4x9XYgmbSP9KzYpQxTQw587zKme0KxZ3rXbzqWzouZjvYqne4z7aAwT0oxwvOcg3aB5nvsGitX64GhmdGZN947wZ9/Z+XKYA5WEDPodfQIEMSWmHxDM/2/I7IYF6l8KOiB4ijTDE7ZxcL28KGc9fVBj05oVssW9ACRdXZU6pIyy/WaDcBMGMzt1Q/MRySl9N3FzYzGAHzXDeKs2ZXgufAjCEu4+rNLis05bU4m/U9HKQWV2f7P4+6XG/UojYkfKZ48uoTd93aNTEEPS7gfaEJLyrRuacVrM+K7UWdqqGcmP/iAFrbvC/lwXPGC+ofjig6WYB9Q5ySpD6jdJx9Q6XFFD0VBMdDFqpk/Y2Gm74C5/+WUvw7smZOvow+YmUngubI+oDGVMybEEfjp3Ebh5KSdAvvdeYg5wme+VLaghxPw21/6gEKPJiLnQiFpE1+f8t//paAHQCq8lx8KenjSgh7pKX+LRJgiQ9Z47CjYeCylEHqmfszO/eVn4zGHj8ZjdyBw64Uf4YXwyE8FPdkeTqCCnuXUW+iGy2dr/iiZM5p6p95YmjAy0ixaJlPQk+t7U0an/b7/3Ged9skJSxmd9qD/KTrt+hgp3EoM0c0ILQDGPdQy8jbAVTMm0jLSO936UAli1B2RH87ucJ180i1Rg353oIrKwq9tLryFwE9xf7hh+QBxEyYCwGIYRIOIBvIo1M8XuiVKhw/gtt/5U19hxyYF9kk9zwszqwonr/wBgb8xC2akyqCxVACNAfMRiknFWvJmE+TQ5TvHZrnZ4O+U6F2AaFwIMGID/4F+45mJE38gNlBPvk+JIs4uLrMhEPuyUUlmefRd2wM6nnD6CJgkgNLmQQ0ALKfHfRfl130cFPzuGwKNHUIFV9iqk58G2Ozo9H1Wql67DrWVFRi/lMBdzzz8quV76zPmbbgSX0p9wLzkbSxHWKmhVUg4B4wjRKBk/dzdhdbOw08vkd6WV1cLzs6PrJ4qKdb0XiSIr5tszzt80TmNqL/aioGxiRH/yZ7qOrfwO8ialF34XHEPltRL1lNvydiHt3imFrjmsDVZwxROXMzW95HoKHaCAGJyDcDetlZdKGw/tAPBYGxXYA8/e8UAqPmgf+u7EHkB0ktmPe3mtmUU4LWkbjMx/pk1MgLBOhgBreabSwGuyMeI3bfVkrCY3dc5lY3KYwYXgZeVn7unWeIJ6hiHrXyg907E1xwPz7KWoS22hDvp0HzU0C7nyHO0unWEoNr8lkCFloptpuvVc08TKw3Vw1aAHsyWr0Dpkm8oB3xLV3/no7/z0X9oPgqYg0zxxrsBkocBHglA4cxPEZjBIZP2ztqcgAnRz0x75ppET8II6mbUBDGPcda3I9di5peFh/BczbZAfrRJ3Kq3kRBfhQqvKopTwG6wIpp1e9N25YmH6lJOeLY6d8y+lENjFCJBrw/nt0gwm789tkjS5dFcAYH7htTag1U73g8uo0woZvhjJlDeb/9hCwnv5sSWghcFJOO5alZJfkg9T94vfQ8a6+30MQBxV028Q33HHDyQzikiBFmstkpahhlUbJZDU8PMPGfPuN/F3eYzizAJ5/inJt8wh9cTkyydWFDff4CiZGfDE7nR9zW/Sh0sfWGBHXA0y61YuzjvmR2rGPYTT71xrYlhj4FDYt06UWsU0dw73nLO1Ggdahtr0i7Nl4FxvswI7dBfzQc4igY3qE53TVLCoTpMQxGY9Hd2NAfjCR4hG8z59u7xBpqTw6Ih98L2lfKdUXJoDSjjVm+NYgielTrJPTKSr0GZABIGUn8UmDPO9GNkRrHsimLzIsGftcXKFMP5OLfimXMEm4h6MjPYvvP7sw+ieMWPh0ikJ1NRUiJ6qq3s5TU4vsOeZDfcWCKPnjvBNGqWoXKrXXfgWTaYwnb3UbKh8K5JahcqadslTQU2k1UndfpBGjG5qZCSYG8OH9e0jdsx7zdq1iYHd5Up8pQcRezBE9aapLY/iBbWrjK3tiFv2m8cMxwZTdeSQ3cUIW7XR+jhO1Q2CrBIXrWivOBBiiFeZ0V11L5+AfUdnasz4pUQ1jxtl/QiqhE0UjurJ+UF1wLEyUx7NUVj84CEFxVnsPPz5gEedSfNOBcCXNb95v+ErnbYOGyzcam2yvaBbBw14iXvUB0DKYcOHPTff7BhTD4BNiZvTG944cnKeDDnI8y4JDEEKe4bG9Yqs3EnmhyIA8dAAwLglvYAxko9ZxJdhTJvMwehoh8WCbxSmfZj4439oGi/Yfs3NMH/+wJKBTdKRfrckryflTaWN7tRCevqKiQye5lIIKACwPd3S1okLsdSZ9ilOmObh06i0KCQnEDMiMi/RDmuRKmXJ4tAYvLPMc5bpHuZEUWXCZdj+qZGVU2PSjG1jAxEEGIHvsM7RN9A0zgyC1KCCOuR2cvEOO+QStEA8eKDFI3JZykaqQeXz7NSno5UwU039o5UwQ0q3A7y4MoVoqQeXHWfPLhiPxpgSruYvGCAaXn/owHm94yzXxtgujKCZD244pOhfP2PBpiWUgNMDSVKdPbgVwaYErjOX3twIWtRDdKZSYPJ7mUiFgwwMRN/ID7uZZKle5kRHwww+V3FMuje/zoEXhTJ6oHt58PP6gSOR12h0h7abPCo06pFeY+rH232QT/hRAL3ANrW9Xfmf65kbbYBVbIipJWsMObyTwaYXEySgQXNyUK2krUZSBugiPh8LQtqpVIUOafAsJyf4/uBSjxzWcrfUMXcv62mW0mJnJm5zQBwoZqjNoexzdKc3iwWO3SU20ytaWuzUC8bVp3p3GVZ5R4Bkm2TpN5fTjFsbgdGa4FDbj2D1Bo9onhDHUhmzdBMVnxhOeFHU8uIFyyTiF+nXlTKrpsto0g3MKdgjPm9+I75jsNT7SuOv1rMnt7VpeManjX/eBteh/6e0/YI9Krv6x2RzhbC9/UxfdiZf16VQ3trmDdkNV7aYGXtgCCEQCUvUyFTi1qRMkhuDgJH9sSi52v08CxmcuExAkwxrA/bylPXzl6pCpM0jBVhfAIZSgVIlMs5zh+wU/Sa9/mB2QMlSJb1nuy+nxHASBd60Z0egG3BTCIhacwh6iIBQq+k+08XLABHQ5+wAuxgxBdlZRHJvOy3LwBYkCCObvyVvwqadKjn7gzJvnl7BYM1BPu9/z6K1ayswHbPwnlHMkAP5Xv4CorWZJwft6xlUnIeogHdvpwidIBVrmeNxXWEDxxfzB5DTpuC9/iAzgH/+9DtsMDp99cVNwJkGcJp3c6xDk8ip9i+l+o8xWgTiUvYkw3UPPFciHzaPZEEybgyRgHPIGW4dOey8yJ18mGH2yQF4Lfh/pUvGDc7d8QmheimbORwM5ZSAtO8U4UC6jJKxfvbXGcUt78byVCxo8XdUqIIZRy7IJdvQrCuPjfIWvmZqNEXY8oMRd0GG9i5fvKJ4UeIszGHDM6ycpKQIv4H57yh1QZYlh8Shem6dhc5K/Kh7oLqZq6ElrKSuDkqCuyAzhHgOfbnLRSU4f38HgLt91EDXveNvICUpGQw/JsE3akt5zz1nA8XnCEQMR1tRXP9XU1X29aU4NadRCUw3J8iNmsGYSZuEk92ehWHzv5gu9kcJyoI5bVT9435V3iDBnT1NiUwTGYd/YZKbb6lK+6M3OjHteGrDEWoYG5kn26Ld0hGWHYVSmN3QvRIJCjrdVZLy37M6YcicfMSp0hER3mspW0DQpvj7gHbCbWcdXtllbHBKknRpA9UN4gXlxz8oHbq26TetL5+7J1ucKK07AcM17qExScg5S1DbhfNfOdOAUB5vNIZ7P8hLjkh9f/wpl356P9x8ZP/B/NXOP2tdwjT2W1/+TGXDdaGJog9lm+Og8t+OH1Sjnv7U9mP2ke7Sh2gi/qWX+wqI2w+2lUeJeR8bVdJIwg/lP3gNvHzh1EaVowt+pasD/YfYmyE1K4SvkFq/zEva1f5IfWzVt4O5PAlydboaoCullpwrF83MG72JVtqWvHDAxEy+iHUE1/sKkVD96j+H+wqYVK7ypkPdpWsF7I09e+6nf8LV1921e2lTDyr8yIQWIp2N+qJzgCIrmk3hwEwyu/ns0Xr6sLrAwZsQcN1E/A0BA2Bxq3ttF0hXO61vvb668O3glDheSgLUp6FRIm729Ms/PZcsXKeVr3MeXB7KjAZ5uKI3HCxG9XCHM/6s8Slf27kqXZEBwTeOTLqOdfk+Z2V/PP5p4GMYp+tl+Wvdh+Ade0ZX+SFV4zPe/Hc+sT+7zfNXsXH3T3xo/VRpaWeFRcX8SLloKO/3U/1frWl5eKRxqirr7zP2ts3BY///qWvx4VOiwQ1GCLxut964ivpQV+sKHn+Zzn0qtIfOSpwY/DgymhbK4ceqiPL9yCVa+AYfpU3IfD5eMZO/xwlViajyP1Z6XTSBUia47j/Q6w5JnyDFT+sjxx/kGOHnl3vrsbcyozxXJQ+bWd8HVwhjD8+VCY3+rgnbsBkqqsGx3WrrKTKo3FBIfOruVysuQ95WIlSlLcZRWaUAzw83cHjmg71SGJ9VejBXNwGK8/76oHVB7hl6Xqaa42r91Afky1zOXlqHCSrIBm7EgxSLXJ2BuNzDz07p/r85ISRHDo8rLpSq+k+lvcgm7S7IowEwXY+BjLRm8Rbr7tFNCD/KDmDCb+VTz8EfqfbbAs29+PxyP7L1h3bsT3k33Cx2FBXiHNeJm3kVwi8v/daOukGnPbQdfC9BuXArNZeZxlGfFxoYGqlUtieZmpl/c6UHNwbbnCCsCzwvR6ecJGKIN5SV+NT36GuLBIoJSCZpvKC5IuduY0Y+9Mw/mBr5NXX52TeR8drOXTEunXD7bNHz7xUs7JWV4cWDsXd6lxOubOHRQQeV1K8a5/SGANxYI2VdSpiguG4h9EV+5tQAKvu3WraeU+HJIP+nzYpsqljqNNKmQPJQj+xm285onFNMyqizXHWg4EgElv6x3oPBM5ppws7StIfplMtrmJCRplBs2U54zcI1r1eyplxpamd2+/wsXZjyVghmCH8yQIAteLGw81XPBY+3bAZT0smVSELzce9aQ0rH4Om4Ga50apHb0ge0zKWXLH/WcKpX51EC4fMDk436rpGKhHlVdEh8zeLgCc0Ud7M7NH32BEzEgLKx9Bqx2B8ROjUutkRYGzMBgRMm9FSN2AKQ7W16o9MSoakMqo1kBLtrmRQnQ4kc9+hz+rjFb7riQz6n0ekKXKnzPER/ZOQcie/nrrQNpwdkI8namTycVMqQF176rxp3tW9t39I5Nb4w3b1kh/OpGwOinjq5JeaWYnHppfpE3g9/s9mHPJAKqrFj979RRluG6gMd8NCGW7Rvy7D/ZKPt+pbsLjYtJ0c/phkZpe84IkhXpP1LNxH1j7afNvnMlyLvyzDbfuqDNfmkx3XwFRZcbivr/oQxJng0SBRZsNoyyhcpFqhuER2Y+oQJK3V0nNE/bdAjd1J+q3/eIrotFNQMuyLvwgzCiNk9RvB3wqBCSsGJUp/x8z/6hCmlLpyxDv7piTeVNl8HGNaD2akEL7/R/toRZM5iVh3/uzCX7p6Br4huPlvoeio3GjRsCUdN6tvRkBcSrlg5GqkCuQrfQxGwCpFWWlmj3nwa6oGxSz3znZ676Jjoi3804klfiMLbbzXJ7srCqIzXYPwJKhqUePwub4r5S2qUOueMl28coCf2iQvyu2i4/tnP/7ORdKqNq/w7Rht151TXkVRQQYsNCOB3F9KKYpKlvzMUrUyNtbUtEoaCRpBRPw80peWCI7zKt6/Q+BF/hZ398/t4ay3su5Pk0O3yWyo3Erege+gVVeq8RJvFd+k+nessy9Iyc0zLjyUhrsPgXuwooEshXmKOODSEJfLlTRGzttHahf1kjFhzrv4WiK3Yw7HemaYiSXLKMJ16ZfX+C7cZHIDWg69tnEVj2dU6whLulWmz21Hhb0uscWpn66yD5h9IofWHHvC3CgyS+Ull5UdGmXEo5OIFVdg9cNmRNedNwXJmYjGc24vkwvJ874QZz43ADwHKK5Jyyin11j5uU63F+vf6oNb+G55Jx6EpHl5GT3w9c2SFyAi2wrCbcuj5dBl58Nd6KFkht9qfrQ2zeU5wM9dQWrPU/tOQtL0AzRE1emMoECyKj183tG3tlUoMVEoU7NijGGTBLE3rffGXD/S/x7oZ6Ap36OCF7KYDbMTk/auGVpLPxJ7fWSyMrwdVOs2egl48Of42MC+B2QSL7TUq4LXrcx2HB1aQRGuvN0pDQz54SIWPzGGuYjQJoctrjmwSBD644ybDFh4vHOR4BG5sIf5wNj6jXRbNUjUeqZsbM+r71TkBZd+EmYyJOSHCGhumWbKq+Cfq6a3DGwzYdnHlBrgdQqbV2gqsPULlB8hf7GFOHf+MWMxNgOjTb6rdoUu/IfctnfygrZ9VAsPsbv5NmSngclP7diYnmto4X5j/nWWCYlXXOAXxV+aRXqOdZUjH71CID9zPBDRkFlZ0z3ECTrkrJs195ub/tjG1F1w1wv8YWoOapCXeSkRfNaP4uXZIpda6JRjXKGRBwKpht9ZTXgaufLG/wDNj6ylFNM7EaCVB8O/k+3fyfbvZPufl2wBOpaUZykqLo3caQ+MzL7GFpyaqr2QqZ/dWNsZMt0zTnW5oKmV/Rb2qOx1/G5YdgEL0VHRlIeLFxV1WYIeRjjMHpLmE3B6WeT0XOC576nWCmyV43RCI0FoYZqkAWW45ihfq4852BqeJlIkQuCWU6BaIitX1morIJcPDJDqx3arAAyw9DQDHuLUZsFPbFQzT1Ldyckbz6PK6CCc9lxGsd7Ys+NqmAqlvqAeX6xf4ikjP9o1Koc+XKv1D//xYqo92txkdS8Pq8BwnzPRdV0pL1BP/EegSwvnHIdbT/a7+nKVFUeoHUUCkvi1XGiqvWjGcn7WlZyQ1Z+xpTN76HHInDZG36/RNkvIqR2rDGveXZuHumqQOQ/KbohMgE+ZkniHFdidtPkGsWRXavu12Iklla8UgSTy4J/1EocDk0bH3K6GvvHXh/mkLSHWQOD2G4g1E3F3TW701+QhcblGrpvtN8Shmsw5tSJahjtfV821qkHfbk3w8Ex7D5LsaQGSZrXveymHhqldZVXoB9xreYuZbvzVmIWc6DHJu9WT9k5Mu8xwhzjTvTG+NL/Zymu/Ie15aTHX1frd+fi0sJPDKyjR9ItPOCMuk80/QDS0wPMWUQh0ZCy9cjp9ygOSdiHAGaIS1QXvzfHLUmV7Z5uhbSDlOUb2BEgJJk0qnvC6cPYsxHzG8XBELdxdZo1Dn2wBQJ6zdNMJZ19s24Vnm6BAxm/ZW9patEiQhgm4YQMLdvNVVwOgxYST5jIKSYNCgvb+CjDzRhFPmc18CN7QQA9qS107aTnIzkv+wjqMWSvzh4nnELjiRVEYEHrlUVx+Cw4TCtF4gUbXxjm0+t8MHRrfhyXoj8BHrjAWs6cjEuNdDVw2u1gWEcA3yX4auITd+rAg7g7h+p2CuJixyfF9rXEoY/rbs4eCNL7j335EJjFu7+sNfl2RCsvYp/5YF896YXsUCNMG+I6zYec5redV7Em1KBuHvK2d5h0hnY0GoqNv6i9FlGO/HwsUXqhoLwWl4h7WBhlRsMRvSN3rW7qqBtCSX2dkxOQUMlS9mFI6nVTm/rSjbDgHCFD6Bxxj6WAtCD1WgfwoEJEExOEh135iTCtfqgVBqkJKtSAYIfS/1IIwydn52UNkQ3BhqNlc1THpQZejMvorxOsyWhDlsloQ5DcH/1ILolEpS5zdjG0y+6AFEfdRC4IhqwVh+1cie4kLInuMBZE9qvu/Ftlr/SstCHs1q8w0uVH/Z187b0nxxSeRPf2/EtnjfyWydxGA1l48wXUkh181GBjI9VcUoPYiq0PwrBFbiAa0PjmNI1sDtfPDDtAn563YT85b55N3ErfW57cE2nxw3gKyZJr9wo/w9fD/SmRPWgNVln78L7UgHGW1IKKbPhx0sXw+wsiIlDGjVvVU/IY0JP/dFX85BeC6rrS5B8RmbCBB1aHNwlil7g5uHwqpnL1djQ7ajS5+JB6CaNiNMHtG2vL0cWxvmnpeCjQ9Agj8uOm50+A8bz9UocDOHjsM/gzaoKhEAb7e3k4vw8TIQCvDoC96eSETugH5OjfFblTz/l4UAIuNoWcUPCFpxom7+1rNOmnrrPhFVBb5Ie5eImisxSTvxROmYFt4JXtY38E29qln1IqAOcrLTgP60iFXQlu9ItQQTxiHp9v57nTdd/x6GHgo6eUDgPXaVUNs7rleAFsSiNGL2RUalKLh5RSu2dUqzOHWin2gOHoLBoyhe9L2B730EX7ZbYvZY9vqAu6pU7mi6UUCkVT1B3GkvC/w2Dr+wq+ejx6DWnFat9MB7vnY+z63F0DtJy0FRcH4XO7A1E6Z49sJwMACAsuDG/ZC29NKwBDlqx3gbEYlMKTHus39FNgjyyftUp61la4DFx3eS5MmwOo608DumnhhDgBrLgSsbaBeRg9s0LB+XRtEIxucZWm59SWIE7bzmgyvEmqFR9xejN0OdStXmAcx/K4tADwC542obyhWf0tXf+eNv/PGf2reAHgtAK8n+4REMw9xH0DbaKcIzVjDlk1GRJqjmSaK488EQnnF7mnfRmh39zv7Y3bHqqFOEYkTOesXmrG4XjgAmX0/6pW81PWxgLl4MqRC2J16xzudmaTYcS7iRpmQCZmqaQbVKUZvx2tqgUdL9pavP0DVQuDR7scRx0TVHri9lfFrGZN0vznd3Moq4P5wl0y8IM40pnuCHymMqEKJ1o3oMlu4ofcjZGO8pqbaGusedain2P1uhZp+EhGT3oxKM7VWVM/xZznmqgj5g6+kZbIQ+NnVMUSsqar/Sw2goSGozkJDGU1VwXjCNhOFyskr5Vl3+OFy6Fsm1sHqaSM0A8kjUyvj3TBXSHnhIOjGj/e5yaF7X46dHIJvxRPumlQd+yMfOUo7KGmTQ+s8zSVH7sYT1Ny2v0P4FMbyqkDTbE3Je2W27ZoZAgQ7/faUtXlZEw1SokMKkTaTya8FUpKkys1JRu40MB9SUourH9uGtTDDE2wp1qKetA+r4Ej9intD58TB31kxGl65QIvl0Sk5KYYMjnx/eilmJH4JKN0wgqcgcLdO4PW7jzMwB68hXIlkY6OThNJ+scfb7gMhLg154xqr1IcHrkd7ERpKqDezQvYyHXdxsnMyH9KvPLvD6irNyojWBS/KdDXB65XZTZta5ibhfZqgBcTn3XBlCrK+l1TFBYZai+1k3e19SRWWIDEGiXP4MGQWGI6o0aezhVOgSpCOnGGZQ/xn/l0d21VbMX1cZm0y6UmgK19eKEP29bLoEyZ3I8DMDnJrKoxu/H98zTqO0wieOOdPRUKtwajIxvr/7woMbv28ipNyeqawN/HDPv2RQ8cO5u4//9P/BlBLBwjHpvnJ2/QAAMFvAQBQSwMEFAAICAgAsENMUgAAAAAAAAAAAAAAABUAAABQQUNFUl9SZXBvcnRMaW5rMi5wbmfsu3dYk1n3Ngo66CgjjCJgoYwNBAREkN7GhorASIt0BRFpoQQIEEJQURQEdBCQEoIiRGpEekiISlWE0GsSpCYESIQAIYQk50Fn3tf3d817/jjXd67r+65znj8wsHn2Xmvtte5133vjoz8szXbtPLBTSEho16WL56yFhMSBjz8H/rwF+Eee5HxMSChG6NK5323DR+bJos+c7ZDq/F5kZ+rXzHOBi3swn3TjxS/sFZki2rX8vm9RY8upA7LqVy8It+7Pm1wTwl980mr90wXh0JiY4+PTR7uF3GN+PvXr7T+7jr6S0O+6lPLTWcVDv+q7h08RiqEVw9k2drOxT158pFY0DBQZh/qgbNBFvs2pAdF73Xjs0LH1TqyNpSN0fX/Vxte4rZzFZNSjRyYP4izXXf2JbwSEqAiydJKLzgwtNM8MYzDVOCdmsPYRLn5t99tBJ6kH8zgzr0V6PXQ4Yt3eYOPFULSj6pGCAr9e7WOvbmcY3rR2Vjr8D8/bY6/yS2/LUt4y+czo1no2t/ORokVtVDAVl8Mxl0NVBE6XMPo15cNL8L6eOW80jpLqIPz42mPkDHKFwlHjAzn7GE2qQR7k/A9ng2DOR0ktBjdg1LNWD0ZrvRbve/j6z2D4XKy1hH7ai17/K+FaTNNkOaOuO2KPZGlQvAfDNcChtr2z96z7Lv2w3O2RxOYm3C8u5iN/Mo6bJjz8h2dDvAAwVqmanwBiCBAU9ooASl+pIQ0P948erzCQvwx1/8BzQLZT1SMMjxo/Y2i5ec0YGXk/jSocNvKd2LlY/fDYjIbZ4M4OwdK0YwMvEU1YQTp2c14xdy3nNCJtLA/U7kqOZqkQm4waK84k6RZp/7QeQBmUXqqGCjQ671iK0O7odUVM6r2yP5GzRkqO2Jt7/tw/PK5bhtfVXTlYAW/9iLHGOlVa4N5C2j6jHoHTatazMl6rs7/dCZ7cmAl3imQsIPE1pIplggG2caFDE/thAQmRjks8dKPKNkbu+CW2CV53qrFqG6RqG68DYyjReibu1eUQnER1rNkkjXYtRuzS2dyz1tv1FUJzfc/m9j6n2t5LuuRJWxG7Q/ls541y2f0Pz/DdilE1TDQ1mqkXSvKuIVPK/bwbd3dW6Ke3jj5JOg8vx2w4wzkvFFH18DAKa3m/6JkywmKZko1BNLzXZdwSJw9uXH3TCORE4UVZULFFDIUdI4lgNTScNXb2PYmYyCM2nQrxO9O6+YVaU35Ido9o1w0BYKoVUbTLgNnNwYmFIFY4dWIhfoagONNWVQcRPcP81ZKngw/8dHyCa/1lg1aum5mBoAdv/pfwum9fP42BA/bv5yamRButiEOkyrIJU4sZ4obaJ+frEGWskjJPaKfbbsDQzjIK4FKVLBb0qgcyr0Gku8KppGYdIm29EdlbQMQFzsyrdzgF0l6eh6k7Lq+LsJkGkzniG2F0aXXOdJ30ldqZJaWapgPLJZ3TCy4qHk8jr29Z3sxZprAKZZVhUnC1y1ss5MAWpIJpXHZwD6SfGkiNM3HerN/EG6jneSY1ylNtR6QfRH09y76/gSIskAQxTmNVTKQGgjOQRdd6zlIIEfxK8x8piPVK5Gzg0TnVXz5dErfIeDuFzbLnr65LjvM5Jgt6400cM/jGzGADA3S+PRYZr3KZPF0tG11DdSP/uifp9Fosb64vF37zH8MVr+LGJrgJhvOS62ZGxoh1NdyGsmNb72UYyMfboLxCVYv7nwGFk5fZ6D9/Vtw2vz6SCfva08lFvC1hSyQbVs/ZWEkfmhuoevZ2eXzAjTeTNyboJqo9D+zABGDn0mBpLaHW9dihiORO3TccgUxlePc9K/ZKaXEWesBY4q27xcLq6qpJ85ZlSYmcn034nIzQQxyxQ4sO4pgohaMn6m8PYyPIcJZ0ya6MCKaEVzbPdPSh+Zx4sJoCuFd7Wj4pM3o6FeHHpIkSsYjFEZH2QdUF+CnSjrlYg0X+PKOqphpjKEAbIaBDiTeq+mLFarxQ/bJJe3Iafq8bT6NsFc/WL9onn/apszXO7p8i8ypNhzCrKlitYpICG/0B+MBifD9m31fxUNfr9FZL9AHqXZert1ELBKJ8WQYMkwJ/Sw5+NfszSgDyzRlSY5oKIvyDmjEUTUYlS61+aX0uAOcLIM7WRDqj/8Z793QkmgmA8sUTpmhlCE4C7O7erkfZUS/Lq7NDcaaKrsVYGrxCzs10ew0YbdxUVRkwhHCaykB+CHB35FVVImorXiBc43oyevwzDPWc7DJnFHfC0d4cR6hkfwxXBGPIDrU+Lbj+caWtotVXbgN1s9/L5I/IiUgJlRF5TpvneSd/pOMuR2HHf/L9aLtKNd8NwVnXecxruaRDChz9DIucwFF1J/WSopJkaUOgnIpAz9pdTtZn1/nHBFiwS3umYnX9OigOwXsl0bDYkdKKDKOwOzcWJUEIBdQ2WUYcvCV6EqKI4lS0o0nBZ2FsJAsUi25VCy0VkjXoYka2kjiiAy1vg13hZWCHSj+yicxpHlAbOYLenKE0sG1kknjzUkhb/Omq3d0J8i5QIBDjTvC64y1Vkl7GOuCIqSoPQjCUSrpziRgBr4tUJCdrvvD67MR7oIM8KPWYleUhrC9zvLTXMOj9MNlX3Gh+42Won26xfzwrx0gDZftPQPj0TmWlJIzAWqCiuL2jYOZzY4/3QBDchbGTfEdhfVLBIrH8FxdYJex8iRnU+Cs+dM6xDKW97quI5Gy2nU3fk9WwkRt2BPzXPy8lSC0gxe9E02cnsgXh3CEJoi6TKjH5K23UADb5ZPbOlpByXqUOLuIClaTIWg92G8OWlU0jkclTDstfem0KTnDazNS49Y1gQ24JwzbEsnA0ls/SnOv5idacXMadtlvICzMsuG1Uto9/T7e67rhCEgAWhTyZuXbOXipuK7ImbRLMwnLDRnjm5+eG3nzRbo4wMfSKJika6j9v6v/wQlxv+dmAe0h38Bl/sZBvABJ14R/BYsmPJ43Z+Nqa9Nwwgv44g3WLDB8jy7ogWZG3QtVQZLx7LpuEx6bxjYEmVN9eUa8WPlXuQqynvbUh1tFwLPX9iP4ADNAunriNhQze5bJVJXMRkeO+yUZh8/fTr+xMphjmqWiX+krkJiyg/asa5cOGIyJrZXmLDoPkyuDmTC/+xmcsUAySjBPXaul/upE2yo8QQt8JC/a8ZdYnjXkRMPM1Yx+345l3z4phlSVzsxSrUfIdAPieNmMEXusecDvNUDeVD//St5rU0BeqlohwHeFO+WvK8ztOQ+8rPnDWKfUFCoZjLMsCNUQnW1VJxcWJjMZrCiZLYEuhmYqSudRQtuzSe4k4afmhIt2G4y39PsNVt6qJr/+Ji7SxljZbPEJQE0AKbndZqMB6AdECglZAvHay2Hd441gyke4sd6rGy650D5nTBdRDk17XeHc9lR/mwFTchAtRBWdNT5/WpsLeAGwea6BeihzIkh8wLHcpFILTZ2Fwvrkbt/s8KM4ogDm/ay62T8E0oFc7HyB2Gu4+C2FTVRg4GWO8PH4p/cpzTUw9s7CqSiHkIpBbY86QQZoVqmIwpxU/reo2BsOksIcFE1AmnFOIVn09gKzHpqFCB9aeaHa+nq5H9+1hRPGaUK+i5tsC8C+nc7V8I+qvphAF3kRewmDLQLAMPfvA516m69J99egAok4DlPs0wPdgtVn7Gx1wDc8YRvBYhlrxQkt+b92y7OsGve20+KI0ftLsFxMjy5ikhFfZvMlHN5BPPAhrPENByLzebFi6i8m1Shn7SrlB+2wH31vSEnD9f0zHomGoACrw2zgGoX6ur8/zbfkcsbAAQQPxpVIYeqKgB68KiVtNVol3GrgNsHosQS+IvvzEF5zjUGxcAxXwq2fF1UfnCtEJOCEebbJZ0YT3FMEdgarhbloPsWb2uwCQf+C5EM9ZOLKpb4SXtqP5q7wfqyhgAcixMaOVQVGpsvje3MaF/sHPFF/i5OrQZBZmGE6SC6idskDAeTsUO5OTZ+rAPlxXBLwrJyCK6YYf5wFb8qJ+fv3984WwqDGxI+Ij0aNbzzpWG4dnlSbLNPSn+95Lc1Jf/3KopgPHfqT1WE9+IYpcWcZuENg0xi38UcmgnJpPPN8Oi09jNwA78Rw+FrqhjvERr+9guB5MsquUkRHtEgQNGOVrEG+gCCYbCTeQ4/71D0IdH+Cr8qcXIuLT4BMTpc00/wSM8j9TaC3ibtQ+I/8RWaCoGRlwRPZWsnExbP2xSHmhzKl6LwsZgQwjhOR2cItsWO1K2fnBsfBBC2gIULhz7IVBQRBnjkWHtAG9gNv5EcETR3HQQWgkdDh1ME4ESFJkPx5b7cimH17N8Yh/OsiwdV789FSaMG5BjV4VBfFmMutnQtlGG1PYJ44VnIL7Bgv8/MF5YzCVHL00MsjzIRKw4+Zurst9I15LqywUqrAjPmmBOshcLCS7QT4Xh218fi2bvGM4cvTO3sYksZqqVYhgjXq1ec3GyulJi0krBeJ3xooAu+RnMrjNRJq7VzUOqHBxlRY/Oxm3yiRVx2Rf1QtxqQQYHROQxQnUdQby9A2QogBOiM0N7uyqWmU5cRM64yQbxcSLU/dIYUpJbu1qjgqxxeMQJfUwcO2NYezn/V6fIRbnbr4+GuVZWnyt9k2Apkxkf1EViutcX2N6zvVVLOZtj/znWx2RR/040+rSqQ33J1DTH/xnHRZVNBgyq79wqYjVBG7CQz/+1Jhllsm4k1YUMlL6P+TDrQhWFiWYX2eChARAARkWCIOagWBc0pP9mtSO59x3pBy7CthASFg/tr0Cm9ZBdzaGgJnLekYCcje83cg84DYzR4MbB/CTMi1undd4tRufLlzO28hLKMs5VXVkfn+rCdCVBT/R+IvE8+1T7lNVm2TUUjeIv6tmWS3y62wcyLjCvUMz2dim+IibTumcaKvbRpGsSUVHcUMVL8lk1L8vFUPhQT2MEQFDh+S3yDLclhKyBPRdTPm6xhvlqvhe8NhYUJPSovbNptdBVaPjaOlGxB+VyFHtiZ43fakpcvH9VK03elK5BNinNSB5pUrrB5XbG8UwKzlOlrdVOh8X9j8762h5/IEsfixakS2daTYYLcO/J5+jSdDiR7hCx8bk+c38/T1Mf1Uxdcfk4oUMRTW7x8WlpDCw/54w/42KHV1v9bCnj+3UOHzqlWjX+wSyr0OVj79u/JbKhxtWkrkH4aJ2KMlR4g2PzQrxKxehfZXE7ufnHv9RFQuOcJZpCNzk6ipDJIEx53iKUDGXM8xuPbAMAPwHpINLu3tQRBgxExAd9u0kyjBSnNxjXA9bVFyiQ2rHKgJH5TcCUW++lLcm8RBoZCiFqGiZrW+UhAAzHfXqYeevHSVFgLeE1EI+saVCO+HB3W9DAUp8azGvSiq4dSMVwHNWoRVqdd3IuLq9TD6qPwk1HDaKoETUoOa16Z++PrsWE72cEYqI1h7n371fXJY1ws/yZezMMFx5r2STFruxKRxWlx65gFw5rRoe4MjmVWrLKsuyWTJgfW4uIEBgo39bZkgm+pe4aCbXxA4AHet5CTMD6eZagC/5VGRwWzUHeyK7TSWw07EjYuWtpDAGIjvUypivF5ZLiJ6w4vO/qssBbXKTZiVHTb19Ig4Pt/5kzHWTkRIv7hfrJoTPPSyWzPXU3FgIoORcsvtA//Kux02SCsnr7e2d7w/kDnlYzZzdaa4pev6c9g1hfXmOM53Tz3sb72Yz+wK3dx/KNfMoMmlPjQl/zSa/INTv8IUG2rmpZjVTqiBG1c+Z+RNtYywuFp2uYIruX1JvDC/pYFldPndOGLuOuGouUNPhlatGEVL5Ihf58NQGTZZ643JcY49JNkt9+H/WmdPqBqeZcK2Pd70N7mI+cZwGuzVm4jGDW12tq2A0BACyXZ/BRJLxh7VfjNbbW6J6KwAxULiOm3m0wKid81dERX3xSjaeYbmtjwxa6rOW5d2C38f6bgpmJ6ZjCIxqitA31BgoTNDlR2RVK40mZkaRLVTSV433mzcCJFcHXcHEersQcEU8gOvI2NSb3Oh8rqGDD55qbm7zbY3iU+JAAzu7NMqFeF9Tqpo+do1rU8RrbrwPFzxwioRSFhTLW3E2Qc3bxetUZY7LC2SsvrQ4MUc9qfh1L215w5J9NnsnL0hObt+m2boKuYzYFZm7gxwGXtNACSF3drHVXQ92Hmp4p3tTPztqTSMM4wXFGC29HjMaLJPbJygRUlWPLC/o609ATMsI3tZdFdYX+M5GoaLa8WzjzMHtk2PW9TOH3+qJdiU2lBQ1Mid39kf0BCF7VqfbBdnsLawRi8KoI4eX9qibpje8n0i/sdLei5A7d077LDAP1Jdj8u51tFL+evCKeOiigPKfjcrvzrDnIJKwNI3IggSwe5oRzqSKZUCylm+TNfudiOU2rDqQD1XUgz471J6SyvWCujwZIR4y0Z0TcIcUk+V4w5MtOeEtbMRyBUCuIB1VBMGKBZTcRTFi5eQAVduzbxYo2QETYSxhpt5i9BmgoqHAlniscMZTia/ogbOtgYgNT5dR5loFKAm39jp5TKZ6SpUaruh/6RHrlQe4Nh8KgNqRByhXFbXk2mVAogJV7+9sAhCd5mnz6CDI6BsjR0cKxVHG+CRXbwCJKlawinLdr594H5zxtREyow4IWDm1htgQJ39HdBR/ba7xjs95etoOA0nQcdP2BCRWsLiMsxh6LYQ0KXd8bplIB4QRYjpbZ++3SsEqRyudXn8bj3y+dj/tgnGcgfepEP4xqZznSX82nGSlFh87P7zFyTm0ePWwurUwdlm1krIlhNy9Nl5daVQmn+N0YLdqw3BUxccZJaCSnpSsK1auLaQLCk+QiQJ53w3LYqcYNWWBy5EfRVJExrQsk8IcUSK4YKOm3+bjy7eR9TCKSXcb6vOK8XBw26ZI6FworcowSIeqctjoHDU512pQ67yOgL1Qv9HoxZ8d8mhNMljAybuErDwrlN3kE6rsE7vqyXrQxc/b5RL6qcNGvmc+JB86331KDwijCM32XCessXyrUSD1Y2i61fwI0EuAgEdPXSUkGLyKh/gYoreEjDy3r2UU3P9LFtmfBuOPS+VOHp3BPYtaTVas3jWadzvCylcjMlfIpchY5/YZpq1zUMuweFP/xNtF7dLswRJWFEBIJEs9EtIktn0CimzJWtUUxP2Vs1pp60d8dcDCu6/yYVuCbYylmy+Q4u6KBctullaC8yuV4fQrIOoVUHH/+o14Z+Otp6Z2doUSzjSuF0JvF+EDtMf83g7v7OpHaI3SrG7Pip4UUP05Z3d2/dhbnPzCYB2+RN0FrmikFFvNabcBUNhJd3PGhkOJ81xfSO4o1RJV/tvNGSMjKJG3UDmqjptKp+Ys3cPAZ4tb5WHzQ+WKOUEUTrpzWD/ChR2XlMWg4fAV9pFJR1AezDq8r2dtogXt5T6NKoKR4d9Mfp5RBdHn3vrsRNZAeNZq8hjHxrVJ4k7u4CzO17V2bDVl9bmsWXZwX6sihRDuf2DBOXM5G1BXHpw1bJYUY/1TsmRjkhrQlUc6jeiTOsQ5hvnClO09Y26rRMIAOSHtXsJAeZAyBMD97Zc/LmZP+uOz4fZQbyykajE7/YXHBcR69kjlbHitrpWjsKPrhruF8SUV3mlIVRcJJ+SiegV9utHmssvZ3U8tnGKS3H4v/JjOrzufp14MfNsprYSM8btj8Xv6mQeRwvp2O1gI8osTtCyLc/95svHA1DHeKpnfykG6FNsbV/t5B7Rt5MQ1LrxkbGfOOVofEIGPLsgiaiEj8oJaAcBfEyC56vjl3PIx3dk4k6yv7Zd0yJGDLx2Q7Qb1kb5HUPWgWO6Ci8rZW6GYpIONvMPaD2q8s/ZYV14Zim5FJe47De5Lan1MGn+zO49Ss9DGbpo/uZT75tgtgOX7qYqNFekaS+XaJOqGIRvTZqHqdYsD3M1IB2LlIZQ1g0afqqIghPA6U6w+yNLLzXsD0naMUFvnOeTE2hKinVr3UYb2EQCEzQg6qxJc3gTaXSz1wwfa6X58EmhCaYmi96J3qRuf/BvgG/WB9H2psOLoDlPgHwuiwAuNDwiKapd1uiz4Cgbz+6GdAgUnoH8eNwURBg7AHabdbnOgLqQcH63F2RsdPsLYbsJcV9Hwhzlntbt+H5pm3PgdKUSPTsL9AWAz2MUiNB/ym0zrCMeoike4iyK0nhrnA+dR/Ng0QSO51gjAjn1SBMwSukkdX2vEO+jCvPujRm4/HTDKRYIsN1aOJAu8Z5dSC7fhQxblpdkn8BjfS+y75zdVCIOWGcqG15ApGrzVYkD+krGhqlZGLk2jvYjw5dreTu70qyzwbWYDhB/fWUa5IxZCzAxRtLyXA4iNNjMlJsCINpUtwD9wbFfFgIqVp40J4ntVmaqOYmJQV0IrehU+uHionjDz3H1ovCotcG4oz9g4KIw9ovtFrzNcTA/IYWhk/9yZanlO9ZOF6jHFm6NPmY+gE7w3t3w19KVyxQ0DfWBmbvNW1MkMTMOtsKG6MLFCIRe6/iBSiHxK76hlTLQrN4KDZeac4n8Rj1rCMwV9XMFqhQYC1ibdi3zy1EBGytKveGLt5b502U5Fa9emqXwqHTGlnyYIXsTET7odSuf7zoYKFAwWMojTe3ZHPN3ZNeurCvZe9rTj0VU6npTV4yOfRbXBVwCKqr7BLT0q+ZQV8OJ3qdxeadtQAYlqPOjKW7KV2vvUwjVG7nO61UbBp+09rQEfsIKHOkwrqsA7aYOrKfBZcTu+50dod7hV4+IKn2ETHbu5bahBwzqfaY/yHbJ7fLvYoaoOJwV3tHZGArqwF4ybGveElToN7oHM5m+HL7zSJHI5TYDMHjYurtdmcl4ossSWASjPqgj0zN6GlMw1czVYVYGOjTQsVWeIx40SuDS9xniNQ06SrXFRHDfFBwu9TNfgj7F6o2Au8fzc0Mvp2M0N6b5n1RoZdEJNPTqEvN/L6gCl2rcbCzNvH60ZW333chqPua33WrutjnBRtsc+6rU2X6/kj8ejBbrMKgy3H1AuLdSC/A8LjyOK2dGtNKpFDPgPqFp+aFN//paQNhyjYVMrbypsg/IbAX77VwcCI1WbjQGhPeGPEEuCFPrG+eIvCjtqWxUhOrL5p3QTyfEIdvag25JXfpFblRBSnBZceP6m5t7cXuhVYxZm2TNVwSh95/18Jr7Sb+V44cMUYjObaXTuZq+C4IIyUGJjZ+4pmaLVrgN5UiReYPJmmvy7QFZ897ChCM16UE+gabduvXMsIF/QZMaHSxJ47j3yxKUdXZwwgfSPR9VTnhkgPx7BmJMsgP5OnOhPXjVaWkMNlES7n2ceYcHkxKBpam77q9WdRmBug38+qYPM3L9SvzizI90qx5i3tVwIvuiJYCUG5ESNH0vZtrML2e4rS/MS7RqPXl8c3tGlcQTDW1hRcfcOX+rbPva1AOLRrnez6WvvJrO0KTjxyHPirLiBCdgQYIUdDNesW9qt21jDJjlD2n7JaTcCZPexSJGkr6UNMk59VeOfbnTU+iG4dbcz3oy+VlHfRzjZEW25NasRuXnqA6qU0SrZx8JdCG6fCuZGTFVV3UzOAcDNmB/hzUwZr7aPAY9WCZooTr8Y4G4flLVUz98XFuJfEhrm/p0WCS5OmPZaXCMtoiykn6bbLt3N3cQWXJNA4L0O8pp1e1B74sf+am2i2tzAJcBGEnUw8HUiwpV18zPdjAuEarjerxngMIcSYGlq9Og3EFcrM+oGwPV7C8hBw6mDbtHTBDXHSvYldE74UoZJ/fUPpwkNs2WjBjCDTRXA+QM2+AkAIKBHTPqX8mTA9SBDUAyFhQE/7x2Wjjs2qNxZXkga2ya23+6xyfpzgw9nb8QxBbdbqptBjWfLhfBr3ZsiT0EyiagLsz6xX3z5UZwg194NbKBDKmgSOfshCKpc9rNKa+iZJbFlf015ihcB0zfykZj2Z7ENqtEbJejNUVE0WqaTETpdjt/ZJPq8dZLuhIpqI+XaQTOjeRpuVFbK6hF1dcO71/jp0subpNq6ucyRG3GX1DeO5+++d/hw1kkmQsDMinqEDB2AA6zk1DlN2GqRwlhAWfLDX8ha67e4NLMAfz5CGaLQ+yMpv5iCWz9dz9uYcDPko/t9UXwWKseRvYxFA7l4+OZKHjxo7zIQWIDPjA1W3bzKvgdhLDQA4tkJXDcHEqyMfi1hdRJubjSDXBGTLjpEWmZ/HQ7gKX6G6FhVgMsbOsXIaVSlpX3kygfOAUxFNA1TXwWf1sas25c2bPgJY+1/BhxmQHmRLbj+G3FzYMfahWoBzn+xf1N+XntkqZklbeKoYhpgsuR/vv39+bmgrVYB+Ndpby7iLAqrMnxrNg9KAe5eo8XXowim7Ra4C9Bg3RTHhPUI/NRIG10DRWDXDGJqEYsjGWzj8taDao/aqxNrl+crsCy1UL9QxHxbQH/mcKOY/DXVHDslTp2Safsflgc6ptXR56fypURub14nHHqm+5P+0pj0jxj7dGZ4Vb16P5c5dq1qqRw9aJQ6Y2oCRDA5VrCSfFfMAQDeTYVTXQkFYgagbgbQB6EkSnTjrhoXyAITg1waDUQDNLuVh0e64CEw+w66sxy4kacn6rtABYSMFBiQpcYGwljPJUAF+vPvOgpHAsWccMOsRiqvRjmJKNq1XU73NCPQl/sJhKMnjHfbxiT1U7nSg3L4KWkdAW/czXDqnqJc5BBHfv3rK4LBfMtzcfjXtBAvgDbaEGsB/BzvHMKQZHNy0i6H0kVEQS46pXPtAv0gFE+dAjChqsRaLUP25nFodysp6PttXcJ22eOm4oLfs0HwTcod0bPY7ShVViSZ60RxzVIkB38wRWL7QtUkSyYrveXN/vFqZqUgf23KhD92nizOj+hIscLAlI+SLuXlgkxGaoAudQjAPoZLtXsQsYeLTYv9XFcDY2RHAARitya85S4gEMuFZMFe7JKMfnzkzNbkUNLYKKXqVNoLlMq324GhWw3+M42bh48DE1+vxcjZPR4rrHUHBLpiVP2RsGeYeu/x17LJ3qoX5IOm1nQl9JOcLCvSDAzkd2SQ8dXgDzb8yRKYq97SRJTY8qoB3w/Qi5t1bQFOOk17/rUk0L6mGvOLN5OWtYkKduig7vFc2Pxih9Zb/RJUMiKpBoFYk05Ig3+YU3a03Ldv1bnIADRK/E+J8K/nXjuAZFxxAdzczwTddLXrUDJQgE/sVOSdsFGezLeS7WmragwH7Gvu+84Io82i+9cpuW9NBdYLaqxVDAsFYOsbr/XRfAGo/IdwmnvujIE7vRgqIH+GoV7335cuW2cUEuSqJjWA0vFvzsiLX/Q/osaLyyuIM/MYX0sHVW2yqtLmcTMZvYYK1tOhk4CruGfZjFc7g0d0+W/LdjdaYRJvMNQPAzprNwMHY7YrWsHfLJdUBpec25S8RplMzXrYAgOjVwBAe7e+9gkuAF/UfmogTDBRVbWjq9kY+OJdshL5fxMJtwb+rnSXFTcAfiCFW2WrY5sOdalEyjsAwvRuTnPQluW7HPGQzrkMAy8KWdZlvBoPZ8jW1LQqLH+GReozmIkVKK9QNRRAUkp+Z0vnclUIQHdxPhl9o0SUyHDlthePCBYOppggNlaANJj8pCIYonRLt5rExS74N8dN/ETTfaSHOTLob0j1n3lirvB580AOEEQXZWmOgCaayi3+cJaF5RadpuXjrQZcVCnM54SlFViUcrad/8/LX+WbdnTlGyUDYL1VhJYmAbD2LMlcG67DP9/O3gyM6Lc0yNFnVFI8VeQEvfQnnniEc1dFeDSIStJjFZDDIW1VNtGwfknCzjra3QQrE1bJkwBU1OXwy7W8bj3qg0STg4iPawmY7EDO1McU9ANeQD3eA9CTAILcr4SWZpPxh0nGoBg1RwWZ77dl1w6UJUJca31coWMA/kYkrgHMbfCWao2MjKIpcXa+2GBFz/KeWuqL3mRqIgGyeZdh/1gpPogIFLX6SIFuQNProBvDAC5f879KPYtkpTYqIYNWXwHiSAe3Ztod6axs2lrXPTsLbLJqgBvxJxpuvURI9Z+2+RTtr1tZE30qqbhsrZ+ozm/OGDOZ6wtCJ/LYAVFL8gJmnEnYubaxqC9dT7YKZgIawQjOA6MzlI00o7G1B0ZjGwU1OH8mlAF7d4fLEDDCuY/yjDlWKO6HGivj6Zeiag3jD0ZvQY37KHYZQrI92hM9Gh7gTI2A0MKwbP1WWRYoib+sBzDDOGn5ffaP9Whw6Vjk5E1aYNYer4utC+PRpD+ldpjkQN8zPxwO2seCuEyl7RiPFiQr4oKSbRoCgR7npmkgU661S5/8IC4a0uHiZrKoCCPMeYwmRzmZl1tlCsE/1BhMBG2eAlp5A/FuTdqw717KuRZTZhEjd+W/pkSXCO1lvn/NIG7VH0bQnOoIGNYkjXkOIs0WTgaPEoYKbisBVHakBzlCrr6j6u8UIK3zwAAztI5YqG4v3gyJzOKjbjQqYqDSGxpCGjOo97JY9OuAuhf9hqA1pqihhiS3m7SeWIAHu0LdhsLbtlv5Da9/AYhbn6NMg13QxsNxtHxwl923q1dxA0HMVv50gDhnYlPmMOEC9JkPyCdvjpGsRidbnuDHNLCWwljBT0CSj8ZrNq6+XKn1rzYOxhglc/vQVtyRHQTdyflLXoJw98+DVhsfd5sBSAaF+9UvsL33r7YA1NJfaVXJUaw48ZmYlZ8BO/WIujF9UgcxdSSdRzYj7qDKWF3/foG4gSvvLV82dPdpXK3YUvmPd7RfNP/w7ey1r9N8MgRjEEpTvBK6q+yXcwK4c4h1knQZdgIEkQ9/3ZbZUMUPKt3v/Hh0xm5sJICQQgA20s1gXPrQ5oXldpmv6gaPDV/fjrDqXqLYni47nTraKauxsVwaP5lQ3c0Tvy9L6bWe7z26NWGTwRoxIlym3CcsmyUPVS1+5qGvViaVpr6Kk+XHp93bluYfAQP42gHryqZ+H2qvo4ycVaE9Gox/XX1mtK7wPG/+kaxMmKjvg94yTeH/8rcbUyLSuTZBda7kOstmPX/1hSctZ1q59fNY1ri80USRSvTKxo4unuSUo174mrg7p7Z07Y/u4EDEndq08ebt6wZNrbsqUdzilqrOIA3w6EQxoMzGlRa1FfwvHQRoQ6tqVWeIRhliiBVLVTA1MdgemRtPDgOX/B6H5IJ0DbOtFn560L+H0STSKLYYtc0eFnbfS/FS8i5F51HWcG+SJtrJzBmfQ/9vu7GtgH+OKu2IBvuORtaTXVkjRPh47QTHc+wOf1G7OSICVmt/Sg6g/k3BtfLVeyfd48Jz/UmR3e/4zbXvFS2TkyZRqLnDIJ+uoOk7zY2cZ0vz1jdqqJZKoblcq5KQLioygvVflzbPt3XJ2sabqZl3eDZKJKYl996m3lmuSfSQ1vPDWDxS2+XHQFwu7SKhhi7K0Y61Hg6OOp4UZlmTP0wMTTHJXyCFiG1Fd99EehGLqp2imyr/2zJ/XBKY0h6I0HCmMsUtW4/NXEidXn4WMjr1gn74SMGAXiJVugSlQ9bzx9Q7snph4Lz/Ms2vdNOa08dNdXzExYNvsVo88ejyj8n5/wUxQ5aADc8qjcJRLrz95/ke9lnIC/3reTezRBPNE9r175/4Ge/s+mH8yYsfB3/Z/+Pgm/vrFHaBZPMlDZuCzxaXDk6uYokutW90xhY6DaTTwtrksV8/rL5BzCrlo9OTsvbkZKkX/ziZ08uXurNdZxE50Y89abZQMfH7qok5sPH7CxGzeqQdJjNcqpUJf20s1kxabd5i+6fkg00DoeTJgviwkZf/MU32ZLLAovA+aXBM23IyLWtv7uTrmZ6btKE7SQcneX3hSSo6SqbUotbEOFFFGYRtzLZ/vRmjan7iOLoM8jbwBvP6zq7xF9hdM5VGJTYHfkaqSOair2RkgfLn5HRQh0r/Y700UXU/9fgUBg5yIwWeuTeXFfG57g2iSKmVG5psrWxKbXxxUFYnJ1BG/X+8NmRJqd0Sks3AUbaEuAluU4fudOqsepJp2OQBI7Czz0kRmrk63lb4wL/fcbV3vSiMDQiUyDU/yGrEh0vkqsPTtmj9+xdwUVNbUw96W8cAwUMPkuWyOkSlV13Db8BG5OIuoPsvi9ACD8ypmsojNgKsqyLxC9QZ2dsit//9/r5Ia4e6o4lhZVJPbUrrwIh1YOMKEm8Qex7S3tiOAM6gE8vHnI3Ahs4jus9XISlilT+u/otRkDLEuE0PfMnEPqHNexvEDeGmtxFORYpOJpfzslfVE6OSTAo+hFQJycr52OKStn9iy9/k1l3d7vijkw+KzorzIkp+px6b1A2qy7T21UvLsbHej8UQFmWkPg5eSnkxVyYDvR1C6nk9a+a270fzr7Ou/rCdQg9++Y/Btj/+Hw8+NJrJ0sn+0dc3gM7b+u9vzz74cfDkzeP//+B/GXyXa9hVgZt2ETh84oDIEnKZlHJd/2HE51fvS1YzmKR9YfxVDnTqoLlJGWjIRBa6VCmSGNZupZvj703dpQ+uFVu0I5iOn7HDeF3RPUdO75o6Dab57t+4e89Z80QqIXZZY6iLHXLEOC1rauHbsvvO7M0V3vygbUqvi54x0EmTWwcWuMK8ZtgW6s7TCWhtSdVZj6KHRXh4G5j00zsPRpICZ7KKgrKgn8zVFZlP0eSBUZDc1Lc1HCrWlZcS1cOEIyUaZL97df8vr7bdto4xFhTBivISdEKGE6PdyWoBMrtdijyZJresRyLOJh+Ejaq7CmM5ktFPy8ZFHTTxsdgUQuMK4qpoV9bqX7Yq/23rOwB+eg2k0K4BIyZH+/M8Ak6r7vH9pFR42YldBycyd8Xd01YyjVspFhl+40Wq6w5ircyBT8hqlKakx/S2fG26YDeDFaE1eLXattLDZptnpE+SHph5NNauO162umJCycAbcFI/gh6mLl4YREfeL1ZlLW9hbQlpcBx5jthXpB52EuP+tbfkmyWucv8y6TdFUyp5usHL923EPW23m5GtE315HSBz1aG1286GdtcnkwuNnWoEmfTuUOhrGCl8przzoLSVYkY8OSJAt+xXthVGg7E/eV91X6kY+7SaKboifmG8J2gyYScx0cqKa+tmzm8KFJu1LVY/arzXUtdorxSm/tbslgEjgQJGC8HuRecv3ziOdCKDFhOUkKFjYps2xaje+Tv6Q11bQk4Ig2CV+ecvGzxz7AzaGzRf18LtV+pO3CaETp1L0ijLuUbaY1XSN1qmDZ7s7hUrPykbliA7vdHfb1RzQYSmFVkHVtSV90UmXwNbxwCdYrjlFqThOvYBp/ghqCFCWH+l/eBpnDnm9XIYWn67QwyYr/xtz6pl/uqAB6+zAOgX7lEKokYpQ8Z+29kFJwZ0tTTd6Qi1OpEW6VEcjheh9dl2Ssh1JD9PsqsKEqFFlYTySxREaLZ/lnHP9IwXedUW7uzK7z0uG/REhDaD2fwPKELX2/9quG+Eta2E9U/7FgNhk8iSzjVPHabL0C6IjFl7YSs1ToOzlu+xxKCzWn+uSOVOAr+A6RUNsI5Rs4udS3pGebglhH8gC+F3QDJ3cvutf5x9s3FlMguUTUG+HQdtYyhARfZ9VFuQrxlUXWs51AtkY7qcPzChbH6lbZ5eVyJgqVe//7o9qr5bhGYtqzeIEyKnh37K+gXLGD0nkSv5PW0Of8fRmF1PImu8Hwb/CXrpdl1YP9Sp+PRcrZf+eqRoV77kBEcHEFs1TV6lNULI+JF8MbBuhu3PSdw+IzyQxXRfzGqqudfo689GbfRA7IN+hUXgLYudi5zQNozPitnfC/zFAd7c6Fmj4MKxgueXOL982aVqSj1yx+O9jtGxsl+lkkdtFk7Lqe0yLzOI1TVy1OfYmpXJ6ZiUWxvoraQ2ioo/qpqstNrQ8BNPaE2XJypSMAaHsY4xlhg1Zvqg7FB2p8mCA1z1HkYMLSpJ1DQ0cn1Jz7QrFHGlN8X5Ps/509Wbz0D7WteENGzerNd8g77r5rl/mfXemlBnK0i09ji94s7iAqmhik7yC5UKpn9I2/YL1SzglFsdc/hFXwSxVv9zbaWRXXTvRERVDaONGrWoZaPnHBvC778VNnv42Z9Me33Om2DXPrWF7IATRuUj59UsOjuJioScxDKnS9HkA3j6e1xLyP1Jb61ISQvK9zpJN/pf1Qj/Fw9+8WSMUse6l8oEJVkfe6WehfE/Q8G/jDbaDNT7hTOWk5rnyP5fRcWiO7CdBHrOMvbD73PgZG8+6QLXz3Lx5f15k1s9twxur0yYdFUYOmckOqlmc/QIuPru7eo380Bq8Gq3tcPjNz+orJz/loy/HPpeq++kbgg0UtwXtdKc5WkOOUWvI7iajGqKq3fU+vVPn+45B94bKIk/xgwsWcbSGV2vVl2wxupP2b4VkrlzrhuBy4mvleLOL0VDlNPRqoUUJLtP50y4vM4lO3zIh2/OqcP/XuaF49cOg66DlbaREwrzOwnvTg86SW+2t1cKYO8awN/YuOopIFcS5K2un/V9H1SIY7qqmrJXxF3K0pg6F/1MAoocyEGnZb+F6vrrvyJY/XOoaIO3VEBJdAG85zZFS5dzJ2c6yEM5Z0Z2oEdiMvkGkX4XKKqguTIH+I4g64DQ9z2QOe3njaIfRcfyE7po61NWH+vbvGHXtLOjDighHdtvxOF+yia8o5+cD6HhOrPSLhMtrD6DRL2yxGvA0ZGcg5mulisTYxkuVC3N+o+Z/YN/EuD3TpjqRELmXPs3jlExnnjUk69Nyxnq+Fh6xre0x938ixw5xWJFxuh/TOEMD8y9Klc8EPaQG5s468Cxnn10qBx1QBSTr+0TBS4pL5DzyTsNKUdnoa5RLiaVDsxI5HLfTvgpS6At/VfWm460yE/mzdrFGixeC0KFP5ow/1k0reC31nurnvgpH0ldw72oHNcz+qivy31zFlR7rHNh3+jUcg94UWn2Wn+CPLh3d2+htmNFN8yW93jaPFW5zYJCwoJOz9tEfuyQVgod61WySxjpj9T/tmnmT773lDfnXzvFdKIFLaoRbnr2Z1gDAbjeV0KyOi0N3iU1M6KAxVHuftuoC+MAgIfzC8851djUA4VvfEgXn4abyEaZOmvmRHjzoohaYnoMCSsllBAS5VMYLYsxjQ4CeHjfVTU8ZUaEhkVLj831rAeh6M0YuXJGZn+C88Kv6GZWH3LRmd3hH2JXLEJTSJiaLD4IH+ph3mXu/FY2+VbfGfPQYb9zwvoY0UHkQRdVU5BKG+fubGB/GgTo5vopffWlSTflrghj1VU6C6L98+ZSkn9SK0VJfUzARfTqmISQ9DD30ClK+Hg6d7MbYdHpBW7UR6JiBUIu0A4sNZtYwyjWEdaH/3IZU8bIGt0oKkjskN4PzKd/6+A3K46Z/22Flrpp+q2D6D99KU8sq8hARHwMqvWtIyWkcs0Tp94DnSVdJk1V9ZrRHZyIK1JHhmVKXAp5VlmudURPfamguO+V9caZnV2hVhisVUqCm5F7XrozHDPoFMOARe+C4wPA5GL9ti0hzue+LxeecfWHSih0zPxUGKpSl08FhwjrpyabT39p6NAV1kfocfihGCsSwDj8xdHpKQR6X5WFAVq1v9jWZ90ew7kgnVuMTl8tDEvf7ObLf5ozVwDSNXtPmlHC7iiF2Vn8tcbNfxUz+H2N/lBtH8jSoLXztl/65nIrfxTXn1Y3Zdt9qsqX13kthEyyq5FEWv5W5uAjDgKZt3botPA8+nVN+nvarYy+0IujD23GGVTzkESbACVf2wwz7oVEbhahLrHMp4pFvrn7b1y88HdobQEXednJP5WJ+SVxW7lBRK1tuobP1gvvKZmyPVPHhvLFaoLuY31nJsSCkEN2HQa1oWa/US/7ah9YdcYbLz7MLwgf0kNNyEgnq6vKlo24WLJ7ITYaOvi0QEXXKSD/cKVZDB0TPN1Azt6ceWZ2Ai0hyo2NlT9Y6oBty3eMcMNvCVn/5RWIPLUZE9b5nqzRm0+BDe09/9XlG6bilv8qdXVIobKjhfeQv7Jwa9HtbCEktpnTmZ/IkWC5Bnu/p3NsqVzt/e+zdOCsglCWdOpIWT7kddhb1rNq9PmeN1SfLD01V9kipNqZIU18S4hCYVYWKKUXvPiQI1b+Nhvl2uCX0lvsWow9kmGuSWBd+pw4cAL/++zWJwS3/lfSPRubhTIHlvms+CrEyIZr0kDBNoM3jYpJP/BXFxrScn+qj1JifP7OZvX+9eMJ07lDOmZ6SUmdZu7fwevZXx69U9Cc+tQ0Qvz2+cnfhyJZQ3wPBYuc6usXs33a6/ksAHwpp74B9M//L4nPvwbpa0DnqMTNmdh8SL4xCfTGFLTqGtAuP8vv3OF0mRuXjeg3Cir8WhJF7AEHEemrvNYrPsGR41pFc1NoR9C1ikqIbs3vDJmkfdoPbOC5XhErud5IurlvSI7GjSp6f5mCM2qDtGTuqLPodxCfxamX6IOfv1eXY0F5urzaD4/EnUhM+6TuaEisbftN/Vbe6V5zsfrTgpDTesUrDPtI38sB5/h6Y9mEztAxNr0fvPTHrE7+susUKPqkfBuW4D7uUsa9egL+rgcGYpv/Jvd6GZkSDYGXb4b5XftfwvCrYaH983Rwb4vtzZI0BZaxe5Xv2gKLedFlyNbqxErk9t6bqqUORaEFlz0LAzPWMyOEK6/2YrF+DRo5Tnnpv7JPlGb4YCIStFzLbGMs517ZWKSrIELw6sr2F3vbMbCc2ailuWxKQwipMpqFDXR1LAWXOMUkBdiQrf1wnbNnmiFtVtfx0hVlX0sqEUMRT0oZPbsHRx0tB0/mXIpyn23cL3dZGn1JEG3zqDWeGb1xcgpjRBhZ9Os9/Vi8mX08JyLy0OKL5YIpTH434co1ZlVpjt1Ko0Rn6XqLHcJtQs9WIPyXk7jsv0QxsbD6OoSbnNH3Sog8mKsvMy1CksZsMuhc1gffPGPPFa2ezP5IMIkQIYxlSMyFhXHfFlZyHtmJIuEW1OMgTJhMH5Lwzueenkv+TABcn4X1nJ6Jo8Gi5/CRuT7FBgFzM1xMjRC5pmE3gaOyC91Hm7ZNvZWiM6bn2t/zcELrji7iuFr97nuvdWwN/5gd1Bb8goY89Hp+C0+FFVg5Uiidouv5DuR8355X4Jwa6lzS006dB2dtx2rpTPMo6QO8mW/qQV38L2yEZEobKVo5deGAzrEv0A1xSQNT3PAaEDYPryToOFTbfvU/NagnW35VWL/aZc64uG94l4qt6EQ/y435bMJHGLv8TGFl+gIEcrBjwr9vH9jWzBIVRy9uU2nO98ovdoR/anH5fGHro2JmOMscKebIZh/Dx/cILYUvh4tcTqTirElTtd7vw2nLJT6ydd2K1cur0xXZ5sj5kNIidHqZ9RDa0aHT63y6qyWpjpM7F+I/J+ZMNDEJHSugK9YxzFT+py8xPqG1jy7YzWLzR61FV8+rmqKbJ/UjRKo/7ly8Qg/TmFMGhHteUvHg0bRTjcnqF4SxWkp66kX2B1/3t/dEAWQOepTQd2/j8f3QifaA5QO9dxMLjgR0NV9RL72aXP3x8xJ2eylsV2+rrvrxuNRG89taS3pGNZf0dF04uMJssafRhIlj/nwlVclclhWMbKMsmdvrpeSaj/uQQ0ws4+52YT6bC/kzlBpFRRFnIF29eRxIas4moH2Zvvy9X+x7En9vrpSyCijsQdlE50z5jZdAD24e60sucWo6YeR4QJx0jr8nc/mxubQ2JlHbMeII0HfNG/MPh+exrJLtRbu8eRcwxZwq/+W01IKfdfTKsczmbS6fN3K9eRs2Nd6Kpuz+gz3O6yVpZWF5vgfZyegD6iBsW3lTtngKeJn7Z5J1jZCLo6JJfo+EuQitp75riiwuvmum/egubBLoSI7pLMo6Vn4OwHGCer5V2/XOb2C8z/H7GUOMcBZQDKBCTXsQTA8QqtM+0TOCIxK5Olgho7UZ2oW9ueYSTw/2p5urUjcgb3dL5Db+3iv5swEGKlCgarYNPkdFKa+kUUpm5FdwhSTaW5113mVtrBAyWnppW5j3fMhsXg8N+urjw7kLKE54V9S7MF3nPOK1vLF0uon4113i35JA8e8ksJ0qdao/4W2t8lnlUdBzX++4DvsYMTarICBF0h12yg40OPpUFR+Le+NErgOy2WvFfW8uV9llSCGv0Ka+cgSRyBy5jv0S4RV5kglyNbaMa0sovfH+Qu+zXm+/ruaSUbrczVY8w0D3OfRojtX67Xzpa7Jg8pR06UexWQkKjV28rlQKgJN60VVhLOaUmR5+Y62p1mk9tTDauTF0303NhmWDLEoX7uEYzUWN1/DMWDwf8fqLudym5a7af8eyo/7DsQ62n+siCRD/5CV3MsBNdcPw7WkjlYVX6ig7w1eOvVK4vVKXnzdVVNUpbR0DDiH5mFWvkwAdz96gB6Ycarg3rKiUeKHMWEemcr1osqJndRf2+SLy09jTqAPLX3a9FXLRL1+OzGI6ZNo5Qw0hZNaO5Jn0Yi1tgxNOSJJMeofKSP+WkLzGZq98q+io47Iv18vFVajMiyvLdNfxjV0+Wk5GJqgeoAZLaD0qIt+M3/aX8dS+0r3U5AJuh2hXx+Bw15aQwsaRjeP9d/0KR7L6FsAFPT7kCwGOL9b3LClV5289PTtvb56R9UYIaVkY+cxHpyYydWndOw/yeqDDPLkgXYbxzPVqFVgOpOKSH34gUcFUh/AcTpQ3cPFvTaPjErWUAep6Nd3yhMs7rDSB8zN9mYRFNV6Qn73g5aps2jqGWRsBUpl+d/FKz6qPlT5K2QX75h4zc5BneZt/freVEjx+wvcxwJx0Xnabf0P2B2p/cbgI68GKPukTdtpZIA+b/ZXgrcH3dnYFUX+3jAFrsXSrtFm3bubNgPUTo55av6hgmLcZdEV0VzMcmpHFZmOxIrSGbceY2FAKFjkSpcaMtMqrtAoHOyrnXFhp/CNzuzM8a0JCZ929RfzSSMXIqwBKXwD/Y0kaYbIu9UIylTr8Ck+mJZpj8Fr12I9MUCgy/HK/W/7a0uTHJki7tN+ycLtOgVtsT0Zs6qDBBfwrsDrO9kunlYFced+pgCXMAW33JZ1vLfnP/O+sp++pwk+ghM7CpgzrmtnnbDdIPrVFwTO0g27MOVwIw1KMzNG2I3VXFU9hToHcPPLu2dcgwudD7yFcCs0z0YzsL1iY9mxfgYIv2bNYXXvsBl5RYnrypTk1RR6vFaBrFX7c73FcG8g8/fW68jbWABU/HnUgZPayGF/6UIAHCBM1q/8qrkf/HmY8jZKeCN5HnbNVv0rWG/P2yIPiQhzo/Ewd5rNB3jN72OoipGfjCNJEBTe0VpWCeKddGb/rP0jq9+d/27Px/+8OfhVUQFuVg0OuRr/r1hzeufxrtHDFL5+36g6Fd+tSrr8f3re3RMJsa8KzoY9idz3v7S7R0Pxyxf63vcqlpMGx3+PyYMVFvrewsIJ+gnxHlwt8bqCUzjfuwguMAVxRPCv0w+2S7v4tP15nfvz1R+Zt+UDoB/sCT/30/RDz2xOTcujH67vsX4R/IOlfbv78o5//Jy9ZLhBarm9PDqBEP2zlzqn7t9cwTSDmMBJZMDRIcxIsBJrVXiGa/IE/seCJ/21hvVIVZYxITJcG1ThFJvhyM0NRMOOly9Wa5OC3xEGxSDjrq1fU0+9TU4tFdVbKx/JwBP4p2DMrFKEaymQg+u5XmJXy/dyCHmrKHhwsD02A6j12xscLQ0daykcH7LSTJOZXExMn+8tG58LTRjY99mL8JpnroX00GD/LW0nnFbh4uM78HNQDl32NjF44OpPlc6+eK++kUO3eOigf01k86IId1F5K4R7+7iVxsNTL80b6ykvlZEnywK+BiT+jv69/23/imsu1ukSfWS1WKdZ81UZ1umjut1YI0ZeS9KeK54pyM+t2Rd9ml/0Su7Wrl0WfNfY5CVMiOVFvLyn3o964jRn6nUjGt+7s8jfcbnEUda5jsnf970V16nMkf59aWcmsnvQ7P+XgIRT5kaJiCn1BPeDuqte10nHWOWUk+sQqKfK2KmhLVwVVDtZ/yHMI+yBrdHXt5+9uZ3sLRYZdmPl1Oz2kwtBF8s7CoFeyMC2sK08kdxTkzo39ooEkSe/4tlx4wfBKyXGvioaQtxpdMthfv16OhjKFaQMFYc/VKwZW5j/Z+vemtnamX22KdD7mfdA3LOoXU+iOGWejx+053Opb+z/k+G/yoa/uwrTn1x6ZkffVYOLJLM6+vUlZPv6PU1qSVypScNMD8y6fX7LCpwzb5++8Remf1sxZ6zn/cPW0TPa9j4/QZS2mfo/eTz22k9ORX9l2w0Ux6NLovgkqN8LzrcWCquKrt2GhlZj0w8ZzDMi8pd4oVHI33eGcmAGsmBUzGVfVVxs9MAzRqavmsZBG6euPmHMJP31zTWZsPnJgeTD4iuUMdM4hdPEY6AI29HVnrWW5VoyakNHowvwBhxPXHtsVp/c0rjwkJz31y3nw5+cgqeFT6/u3drnEwLSFXDCmLroJNgkG6QNHl61hmxv6WfakkJFx8OWXllZTTRaVhXe+ZF96tNfPjxjf3H3dK1sLccRV0SFtJ3tgODssV//L8Gq3V4Mz4dDIMveK/cGz2aCGx+QjXobVxPetLZG76aupliN5t6ryRh0BwTOIn0hf5+y4oLjysI7Zc6xIaVz/oyTEpxx26/6kZ9hpruw1H8PUR7gSiScSTyf9yGnEGoOn+mu66w0NF78X71NVkdwxl+jHHzeATZ1l7+yqmPvDLj2DkRaQBmQK2fhGop8XZwo8/RL/eLLsp1zIE7LypZvprRAMIFFgPk+wYkpSydU124GpOocT7GJyPj0mzsdeJWsgLrhJYHsf6M5ek40wqsl0f+BpDq6q+uidrso2aGcldvq60G//4SvnFV7jP68Q8xKeeGpQVHf043yf0y5TM0/a4pKabL6UnmtRNO/1zv+LnPcOanL72oYDtmMXO9KOIqLSBKSFqgioIAgISAmoSA0EAwkh9KMeQaSISBEIIBDpQWogodgg1NAJIQSUSA0BKQnS3zv23zvzzTfP87zzzbzz+Zdzk733Wmuvda1r7b3uux29pf4+T9nzd26M3vmrl6tVmaxUj7WP9dub1AN/RL99vwmPrxWkzcoqJDflOo9vOY2Ei75G422Hg1UeCW6YgMD6l4zen71yo8dSZVHtknqZ4G0avvqQhA39tRPte9g78LazQyaQc9ikzY/5Iy631p/UV6IVe3lmlaVimiwbC3TvKARm1ojhE0NCr6RiLNQI7mtOu8CBH+z0z0R5KdGTb1hsSotTj2zWoDXeOPV4cnddPQ6I3IGlo8EwFirFsxpREELamkaaeWPCwLaVJtn4TY1Zq6qM/wgqZW5Q3TzAv1OqDeckVaBtRgfrQEItd2i1ea/0KRQ7m26iItHYMGSe8qKg0y5VUpy+DkSwcjDEy+mr30j45EUDQehAHpFbbL554fcChMCctNqhRbEMlwZBgh7VYHkXKgLO4PsdzJRGzRniMwJBcOGsfbXdbfHuQwb7UXUpTtuuZ7wv26WF0bB+AX9y12uhfUsa0xYda35Wa0aNGauPlweprwj1dVbkxkCNVvyZWf7tMvu/I/z5Eqal5dDd/tcpZaV7zAoeBlMktAqVBouH2+lqXjm4awVXu9wLm70Z70whYo2dmgJtAcsBlq+t702k0+y54RF8ZKcWJZVcuDmtJAVuuNA9WRe9DEkdmrhYDR+wUqwQuMsxR9mk6oSZ0gKbC8CjVmppsByl1TDrRyP1Bmqkyvzn6tNgF4H58H5rBZBQ2Qv5CIxFGnkogmfc2S6DxggYThEJFq7dpD+SzkSJivcTQAsHNIbcuszM+1Z+mj4Rpi5x+CCBeBWX71TX1DwFvsF+CFoofV3FBiyfk8+WjCW7CHi9zBLwbzWakTwgT7xcipim3+8+fyMAR2VSOdxJVvZqkWQY0ItK4uHDfLcHkuMrKwjuRusckXUFgW4QjHPAyMqiDB8eM1pPjcnXi5J6cXx69A6BbP8QvYC1zJQWEWSRLFO66Xfcqhg3pSaTS4zRHf1xsPoCP0mkiYeBuXjmZLPa1XhPshSddJCIEhnwkSVNFCx/Gp2vOMi+VD/zpnYjKcjK1UaTOf2Eb1Pf3FI9n5P+3x9QCrX1fhs/0gTJmFJCqPv3PM7JAf7CX6O1QBtLeFrUjc6X694SjYU5URrmTpfoC3TZ3CBEnl0M81Sj11TuOi/wEcczLrsEiX/qik3AHqqGP3atVufu++geE55l7KV37AGNd7LeU+t2bZ+P8f5K9VVWQZdB4MA5jfWK1SgUHEnbkuY0Y1fvPSOtmdu+69fPvriuGR9KazNFocqxAsm/mcIbEa3/NuPYIxwcOM95n9Vml6pYASRr90XO4j6nddZK21i4e11djztTRXimsNZtgEkfIbEi4g3Fhd1B8InhDt9IxYKNPs+A+XuhsjdY+xiglKAr1nhW95wplOa0zb/dY8/3FSYHIYEt/4Yv980YawSsg/2eVxfesbGhl5NeyvRz6srUZnFwfIrZUO5OraL2EkQaVaFiuZitJm3YU/dKiha/zNXS9vH7rWn23oy/DkhHxXZJhPylZVQ76tBvrFgeZVk+FhIFFYdH0utqa9A3wSMBES8F2uYL7wmYkKV1cODl8O05a3uOfrfLgaLw2DyVSp/SG3qj260sqNZS2l0pgs6PJ++Vy+DKtlYWd6V0cySawexhSaHTvY/r92ZHSCmO/k386CmVY+p3s7+m+1sq9hVUBAmZqkSF8Yq0NkV10xJSVT4CYJWlbmZXU4POPiALn4U+YJ/zFdImyrWl+tL0QQRm5h63nB+E+w1BGiSUbtviix5lQU8r5Fpb3O6/YHcFRIi4u2LSXL+jXWHB5n07v2mKWYisX9plzbbA86yCZZXefjDVerGy0M1ukptAfMz2HA2uIW7A4UgBr21+qwWrNZKtHWrHiWp+0zL7g6cjBWS8TjmPCZoLvT9e3GzUpVt2nnjyB4VVa3UDgXvNey1EUspXi+Jj06r9uk2a40CI0olJV1KzJEvtUYJ1KpLhk8bWRmW1b4kn3vVC9OzBlwbkcPsTP5qp3AItA3wvQbSigiDktM3zvmjWSauS0KuUEx+QYScD+yAirILw1XqZOdJEuM/nemeRbcfEr05KW0qqbO1FCnud198C8rxBZ7258xR5+NRgxPbnAykPWvSmUqoLBAnsGPi8MslX3b6wP6hgu5B9tl6jfryXCVUD/FhbsnW9W8JGs+bobZR3x618Y4xI09GMNstKN1O7eiWnCYG5bA9yXMyW747e4AbyXYaunaDwEg7FUBWe33Tus9zrvEurDXd3xPdSuFTcxeIR+lqUzUhOdQ+ZCDE3d/X8XPmlNAAuJV3XWWxYk58zXNHdkUYrIsrZD6jswWRdp+k9r2S62yzmbHngCvId+OEOuYJnQUKVnVSXfycW3RCnzO1zsWsRQl6PsORH3SKhRrXb0PLugl6CLA9ywOeFS1JPBTFT+SC6bkKXmQQ2lKKasy23NrMwo7UxcVpyMv866oqThAGlMoFTVdNSmbnrCkosPf6sFum8pbu8aqXipOPbYS1ZFQXbCPC7WWY3Fkuk02J85cukRTQDtYXZrVSf4u8+tt3Syr2RnbZIsfMcSR9NYrrqQPnVp/IjBwBksSgmhKlZZohbaMuBbbbZMWcQxLtt1uauKVUVirY9/iqvwkhQhcF3iKoE9+RKxyMh2c036SHKW+NJ+zVlM7Es/TXuCoWkl7ztFKW9bKdpiA8iWSYBY58rIH9UfU2jp/igAnkJk+hV4DKKRWcXzftDmyOq6w1f/QtCCDTeDEA7DBWBOFOXPb1POT6ZvNtqAvkHwzM+XcF4SHkGf2p5xbfqOp3eqmt/ZrwiIdrYdnlUEtKmF+BVniz5HVAult8ITrkaGycLUh/s9MLGXT0SnAKJSnhUFnvsuq2VZNLoWa0o4kMY9pVi4Nxwv48ZMU9JGoTEP4QYXTaqHeJBLseGkOUnwSJHThA76Srv/kMhdool4/kFzLXsCRpsPdtQDalpYJc41Eh9KntQdU1DpVgMRG/tMKjdqAmqA8JFSuDcmoZ8j5kz2a7HQwUxnVKiI0vvtfVWeMbYNqu6qb3DcUyFPBkYJCJDzLOSaXATp3OsQogS9k9TDgSnrI3+KBrfiDgCeCLBy36FKTprTEmYhIjFw2AqkwCjZPJ1Hd/UXiKhUDYbc4SS6xyzydrqtgsNWjZBNTTnba9s6l3mJ5UI20wTrKjS34K7kHoB0GKP5XFHpfrtoctPOPuie5MVc2d69zfoz58qi5xRRhs7BZVvS2PatGWc1WqbNpuvQXZmRhYc3tUgRAzrkEgfW36/OPuBkVm+OY2x1CX3ttIec5XJ226Z4XtmUN1assq2ZTbD33HLOPzkjyzzJeQFwEKrU/puHigq4RmHqTvTb/L4ejt81uIZx8Ym4ngXug5T6iGuxinUkYLTIwcCIrcJ7e3uOeQqY9HEzN8cT3rWJwEkPADoPyqoXgb5Kp491jiaLNOg5X5+fWEJSoaVxtmDCOv7qqzCirypI71og7RuuU7IuwrmufoD8zaz5tBKjVa+LllZB1On28UwxKkkxo4WWOqjBg8KOtLL5X7OYfGEq9Vj/W1TZsc2tbM6+vWuBE9p9uffvS8aCNHXo0QVM6VqBfRnh63m0FYJ75iGn1V4xqkekT/y5OptAggxWHseiKQr6dYZOdDTZSdbS/2JzS5/AVCiZ7Btj1aUhIIl9JSEtuZtuHvVaxUy9oQqumPuQx41E4ma71SLh4P0344QJvEOxG9zVjn67dEaG2hXVjXF68ky+iXDdCn77hkU360eW5YTjo7B0UfnE/7JPZThZZgr7OBy3zF5MEwKGSnqnVrNd5NSHJkZUUkGjyTQ6mH7C/wurVjx+1YfQ6BcGYWfmTqhqPnz9kdneXoai9UQdwuZzdPjVHdMUe5alEOVxanN9qMSey08PpTPJ30Z0lhLpbI2JmY2HFaUnNbufqMTwTExebvYsn6mTX22lGsEhefwC1ldUp6tgyul1rtzHHzvnDkZb0HARgBEAbnd0SXe5Tb2VP1T8RoANHWJpTYKulgmtUCvnnnUtblfe7AJaVORE08Y3FeWYkz5ZHIG1qzN9ZdEoUzeheMD9I3xU0eGQ9hBn7PkyLVTVUl9V5Iwqb9JUXBH4+Y0kp1FYbyWBoRVBXDRVN9XY173f7OXqeYzZsHTMG3OtqCz9BfrOT3RTKHe1ay/fnOfw+IH/iQ//y9nL2PVtevDzb95FaiwdX1TO0DCatArt/2rvuYELq+W7WbQFlOZrdPTQZ8TiEcRfvw0lPd3od9AzeMfcojLB6AmDMby6Ke6tmWAM7HltCoF46LK9VGuTEouZtTeYqsMDkaz9z4K7yDEc8dtywFQJaBUXEZDLFr+GlNeTrYbsK8su2trspcW64palKLcDz6XNT08ydFa3MJKr+f/FPA2JkJOV7VNqfcdl1jFOtS4zHvS5kd2QO7mEONrSrkSIZJBiNAzscB0Mshc68Bnwu6vak+9vNPsNq7y/secybiMLWlZdszrkByGKM2Sx3dZHaS+FiZEao5QsqHnsF/LhSs2qC1/5RYwt8COIPC0KOd+5ScpeTmVBvjFXGK1RcD3yuDNGe5f9ywWKx0LuAgCx7UN6xau7NAqtOP4LsyKfZOmBbSwQFm4NPpo/pQl29BMNsjYg+dw7RmRIAfhqATXxxEFY1XbLTCyjZzZk7qH9NroeW52pCFwviap7WLHT2kNhuuXb+TfHZEzzz9cB75x/uveoBVNRoHNfFg849p1p4z6ssS5BebWXAmobVG16vCCxGW6EMHaOU8fUnnfXO+QnkjhlSPBkXmy1jxg0vWVxxndzUkUeXBjCfntWPYk7x2/1fiN9Vpm85GqLm6++dIvqABam56zNxQYGbhqeP/zZ52WgG4XjNuBA9KyRD75S6aPJSkqOeDjsXpDX2MWkm80vRD6cTQYrGkkpWNDiU2fmsXPaJLuqC+ZTysItGB2a1HOwTdjsvYrT/dWzY0s+J2ulL5RNks6Zo5vN48aZH3tAyjgkE38p8k5S0h386zTVVXRUcg5sMwNpbPfWjmDMbaveBFrZr5ru30xtTcTPXaUXV0oPXf8kNDo866M6cae5agr2OR8vh/O/vX91C4tI6+dZshCrNqs75bx8VqN9NnOo68qBe9dCoHuQNs4Q4V6dXBUY2Txjev4p0qtUnhkXW7WSJqXehkhQDD2W5i87prlbZfVOxBzBIgH8vrBQH0QOL2twPLa8TbDrT2eHV2MTe2mZ+TonIID1gy1I993S3zMhWfcH69u2TRK1o3IuHydVsQy82p0sQeBPfz7Y28LH+knnNWkASluzCyelm4ZXr526JvUkRM+POPJoS/WE7sbrjx1dQIRHqUobU0reS/FM/717dqCBAgTEorzHMrey6J9P3m91zmZ3sMB/AsqBhUzUNONsP90RlF3g2Frzduu0FUlBoJsqyWBELvVd37Lunre4QCqL+c2n3ByH2UmhThXyYKEIjIOIii3lgPkTgfqpgp5oyYShdALMbG5zLXmXvHM7yopb69sueFhnYjfigm0s0gENtMvlTwJlN8fpJ/YQOXHWFfwQG1+jXXX+6UU+DHCU81OhLOQAEIsHGCl7guOvNoX882cX3yAGlgPOzYtS95Rd9BE7QQIYucoLrsW7dGz7rUytP6+1vFBgvdjPQMLJMte91Riqzkcp44o0bQ+0f1djirPSuFuMSjT00xyO3KnWU9dD2sq0RjilhslW2c9hAn8N5OkULhcZW3+BLJOH1rt6rxoLWTkZ5lR35EvYCKkjX9jEcJHHXE7/MTZ2PC0Ei5/sW4kYp1pZYuaIMTX4IEFtMCXt4xrviEnBX0HxHtkSXHu/6oO/jz69kk2Sq2NPIThPlXe8/Np32cAHz0GA533jqR+K96e/rdP1QXPgdYm5ilKHpofGEC54TEUVF4rg0xBLWr2n+t/SmC5X1Zp6HUcKFIM1VON9mEOTyqWl4obCfSwW7X9Wmp6CPRKD/XlC4XuglBOgfeCeOq6j3uqlzrt7yFIoP/sRrpt47nvUogN1Wy0mD0mmJhSyut1sBZyH6cLCOQeslh8UVy+5HL+TauDeZvyPEZibSrDqU4CJgKrF2S+Nvn2yscTJueXRx6TmEs76sSf2UVNJ6Xe0UF6tx7k6p2kvSXNnnxi45DQRnZgDghBVkYc2O3uo7/EuCFQynnh7h7QO2akXOb92JwTtj0Du/Qv+AqfPJ/MUemgSOXWaS/0u/OmLb3Vjz7DBR48Pv7D90rEPFMEQ9THle3NspsLaoirCRKX6P0DwgWSYa04o4DlVQUaXrxE5WO/U/5cVW7Fl8Pub5ZaJ8xz7rjMsZONRzv2zrK5Csd7PgUhWkwRGw9hG6WBb7dnUNNY5PZ7Sp96vNuuYFHxIvNLBwwLWMT5cdlRKp7wZUE2DzqzeLMktbmr6lFnM+vSnavQFTHff0uyv2/qKWkcLKP4Ch4eUCh6ZLEAPXz26ududkWFKNO+8A1ZUf/JHf3YR67jaJcv9Ll2WZmJmjiC64K/GokzTZYzIHWbBQe+nZEHcRM6wF4Zu18THgczBB6Uo41wrO3dvXKiHezAm3x+AVO3ylu0pEYyRR1WTtR22srYrK22jTTGXCg8DhIaevoVYejQ8l2eckAe+5x03GGWjQrYEz6E7Xl4dMnL3F0RZyopFTYidROq8xJ2yM3FOF9oERt3mVPcHftpJvRlVLO19bS2n4EEz7ipZC3XMbuO87brb5BnHA/fuXhy9JLcE8ENQmRqPwo1NZn+puOV8OlTloTEVmTc7V1aFJwnCZ4igac8TlBu/SoWoHSmV3EUk2lV4mzZlh1Ryawl/k03jjN0OlOtbpucY3CxzvJDs88gffGsI9FVjFG125KTzMhfNE9SRzzf5MFwM6q3jJ32yqmtbMMV53u6v5jpzetXHI1tZKHXmCNWrgMBh9mPHFQeYdFtq6c+8JFy0mEt1E/kDdvvHq0d+njt5unGymXCvuvxu14Va8U8+YteGiQt8eG+8flQsQc2kZa56SYW5+u3RFMPhcX+NddJsJZeDmcetJedAr+GG0v2BgxXuV4keO9/wE+ZmXOV7HkqPISBOFErumOZlkx9CHu+VbZNGjky74Ny+aeYc11PeTfUDP6KPty9IIFJFjFnFUicOy+cDitcnGkdqZxeUdutMkGVYU11SoG4FwcAraKf7DB5sHrE0zC0Oyh7zKOQFjeeu75V/dWmV5U355+x41QoJSf0OjGX6bIlJbJffSzHyHf66DLN8dKXbeOwV2JkN1ch4FYPfDEk/UTUFQHxa47iU5OgyWb4YKbj/XigBjJuE9sJQR36a84c2uFuk3oUjRmzck0euylA6ptUeqne+OTwS85AzY04YvmEBgkr+/P1Rxms9ObPUwF0ZelCg536VqYvOG1bMo6dFBJtMCt4fEDiCDqU3fPwmHHBTtmSB1OHA8oLTcOf3DGDxPQfDU4JtDuZq+9Tog9RpViaxxHqO/WB/5cdNpEWlpJCtgZ6OfYQLiNH8nBmI83T+USmaUYn2/q8X6jLTUir/CSuLaGjzXnlKxYDIWzhHvTO8vKMg4OMg/hqDgZPj0In24ZIDVPPMMYTWKIGVjETNnfC40nv2jg6eWzylY5npOPa/fB4BwdYtmEN4ojTxOgd/fcC4pKTglfjB8nnvzS9REUGlfMihHHEUwWzU/5NnRPdhSPL4X1NJAqmfwo0SUlbDw9kJHyvAkTzdu6z3KiwzplwXTAU4G3vep3SSQ/ytKl4zPt+qfgJftrm2lH9CzK754rUnfYy0m/GsoPx29K0LXb4eldPFEG1GeieSUV9QPdQT92HTvGEE29tClebtnvP9L6XknJrfRWT1eOQT9XuZiEby1Rzlqvyxs8HupCw1tykcoZ7OFz7gqLduCTKmM6aL9kInpn27OkPR33td3Har3QKZu4tIv+Wbe5cMm/JpQ5H7lZJssfpzcmIozJkE/bI2ta0eI34ZHhSAGrVhiAhT34lda1eCmNo8OHuMT91EN2MQbZblbk2hrWye0m8PVAv+51A6JkfkbmjkjaYJ1/+wSAQMoC+CCK42zU2GL4fNn4IJ8Hyjr3HPDpEUAdmP1yX6+2NNBOLx8aZ5xCwuF6nw0eFLZ4LExUXSkEI9VZYNt3EAmr+5GO+5IXIpZnV+ywJUDUiFLZyAEATu37YxGFufmgCgqBrRskid3hoXoFBFANhrNMvVG/p81bd1M6cV2ULGzGcmTfIcSAEylv/yMm95w2lSx2R9oa3W2yTsUO9Ium8C51bwtEE2cO1C8SlY0FRSU+QSkJJ6h98wOwBgIRkzXlxfPl6g4iasbSiHo+pjPrvJ8mClvjTB+aXVJB22o1tu7RQW1L03EnghP6eqyCCwEYcEi+++ZuKvWblLgG9Wiy3x8nTFZXP5IiDC9llLyf4D6VZuJ7rweKwC5yvrLBmM81lteXATe2M4wSFiiyzYNulztHOgo0ILskx2bMfiIo1Dp5IN6nKPyCBVHSqqjQb6Mpdf6W2fojeylNgkYTrktXf+MujuoBkTdoKqWIbH0ojbn+O3SknlRVGDF26ulc2IeHBuGLvMM+L5QhXHsA4xu6EpHPH9kKyBucGnVQ141dzu4sHkHPZ6w0azQL5m9MyNhKKLfdqUSYqZ+/LBIw4GkkRCmJeSthzDqC/p9Ea2S/9BZXdufUQEEH9jlCmNNIhkKBP7dUJm1jc/67sQqv12P06wBrmqfymBQwCrXRfsK1dFsAC9Fn72Fd7FfXFHAntX5Z9u0qryMXwHOgurSh9CD1r4BFGBG6LO2183pwzAXOy8pA+BjUou9mW0BloCPId2YcMeG2bSgUhkt12a7UFujjFw7hnHjqCZ0HqsQIXRzSziJbBCa6NL9ISMhuSntRpfsxY8MTE55heRiq+XKfVxKhTGqPBVUWJnqjmEioaW/XWFPNXc0b3uv39v6N61pQDJ+4b7GzsTw45tu01Aj5Zpav0z7PF7DAWso/+b66I6eB0wYozQZuyhwTtC9Cei5Z/sHSh2+i16vXztpX97JUDRuuMobV5cj27KfzI68DbjkbnxA8wOXB9RQEJse+ELMQ0Xrj+hPLsySN8J54l7TzBRkP4GgxcIecS1YfdPlbgLLtdm/T9dI4hvQtdbtMLrLvHe88M3yyJh9rE5DZb20eqRdUcfBpx3h3yd94MWRoZwZTsKsfiYOpQh5y8wES4CcOEYnL71fKViNhHBB0C9t+C5dWZjdkgpF0B1awBqx0+ZtvVxu5qnPFS931VSiwc6vyRTHg2teffvKqIumQftVE5NfD7BOHNzv3BgbIzhbXhmqFGs/NM6v1ewcur+bW0E3+wzi+5f2nVZgJMVnoEGg+Trb/Qo4puHSz+/YPgeLH/cetHMgYowQFS3EACSkH8jB8cSRO2tuIeJ3gPpnC7FTTb7WkzC0Cdqc4kpayvMGUKQsb22lenVjgvKY9Tbq3ocWvsqrO/5st5kkdbpNjt6UZvRYvE4jRKpWPoNsA8/LeJ191JY9vSKCsuqZd3q+OLyuLdW2rygDFaP9V48wLsDPJN1BeYcQsafz1jH3JDiMCLuJtBLGqF+Rf3tl3QhHM1U/7J1JVNC6VAAQ9dSfSnOA/h8hm/cRBCoO8rvPQlGRaESVXmMi7B35KFv9d98enyiO4lZdN3FKW97n7nQ+tn5XydZ8pZBamczFdhGSE++2miDUlLoz78UeVFNW5RRWsLFhrKwgrvBNzv+ChQB7byryFcQb6SIYJ+dQ1Ms7AnXVviSfWMsknDsy1b02amgxCkgrG+/jGxMOh+vbZZys4+Qq6oR8DoNkpZjsiIfSGX13+5/1v+MuF7D1EM9EN4bcDGC+PRXScoA+7Qdt9sFjEwHU4b/BfFcLh7j7GvowZ6PSqJBdX5fOxlyiPlmfxwVNSVob/4jWqdCuf319X7ukIYs1ZlQozlD9flB9QEgiP/ad2aZs1ws1sptG/e+uJL5HFk6uW1D8S/2DU4rgz3Nv82C4ZnHObXcHDqZib6rEq/y2l8cgRtukSlv+gSosrNvuEknMJy+9unzmTLuPKItICQgNfQLuk2xZRqc9PtXiLSIAyVmWiBcwKvPKZEeUZZcG+0lHl/eiK5Wx7IJXaWg5cHdP3L47xT4ja166v0Y0EIKWzy+ycZauIgIad4GvO4K8P/xdsRKmDKXJ0M2hAbhDgvTCxgJ8ST8WuQq4YoKhMLWhAu/N9lB5wtvF5DCoRZ0b2Mz9tebcLjq6hVtT8Yd+EzuMppaxpRgyKAOpRGIhOhZtptAESjE+l9w/2j9dgd7SUU+SQpnTYoyNfuf5da/xUEKMVaXFv5SiPG+F5E/DUFgG51UiWtV1KxvsZeU6FdcKnfKqDysAAsChdgIVQp5Fx9Yi4MUCvZIoJPz4JdAZe27EC7qW1Nm7/YMw/ZoTV2fM7B/3QZwasmHHrTa4yaX30ovuhwII5nvFfD1lt0oPnQt9OFn9elwfP7j3885ra7SDa9NHp/ZDbi2ghQU930wlPTdq47JiUG4ra1rsLOPxESPYd5PNhfA8t5QRe8J3zepGq2WHXWzXQv2G+L59B0Bfs8ETBpE1PQZWL8NifMrCyV0/DQNzTqlGFJfTSTHS7RHpkCcSjpU5cf0Kd4fRfid138JezuXEVvIPfh5Z82f5N3QCcj1pr7TPfXMwn2+nJzEl5kEBKIOMMV/+T/b9rg6npYgOIEErE5ik5ELWqaP+oZdHcftAtCTy0BuFcqpBmwnmjd/5IR2mHtJ6HHZq0YDf2eEaR8fFsOSGh2xOCo07iKLWy7lp5BJatiRBDAs7klbmsdaWB/CIwUMShnIaQywZb9Y2hhqyxve7Qm2WYuDrTg3bHUSYRgxxrUNV++/kPkL8eS/UFgX+sgiz91Xt9F+kvLzobem+C5W8tJkQBrodMiWSPAerNzXWOFs5/pI6R+MzWrkgYlvU7fKZWVxpQ/9O7y7AMtAHnVESMqQE/Rq1CJaeVzIFf3c8Kvk+Z712mLqei0KTVwuElXzJ9ffvnipKK7Zdxwt1aWFLfNzE/6zw1zGjHbnDZkF9Ro1VGk86eoR6vvgcA7NIFU9OHAn3t6q27ntrR59KWYVMFg2Lawdq/dWvgISNnEaQUM/XeiBWU5bPCMh/49liGBtxkqkBFNFJz4HK6g91xlKAw1j87Ms28GNq6rsA+htk6qXR0Ch/c6UaLahP/wAPKFs386j+A7gB2XTc9BA79O/bbJx8/Z/zd5fMhurVr0ynGRVI0gd2vAV12CuM1jEUM1G/7k8ZL5MbtQxSrWmg3gIKbQLK+A+et4tY1u3YL3U6vT6yEz0t+l2cN1ctQSfCAQjhTYaWSkiJtBQGUrTyIeYl/YaEAzjg25b8q2X1lYYpKPS7H201LRE9xxtr0vedtVbj9X+QjQhP5mAMFz7qJTX+wnP04C1k14E/ack7EHgnosFZJ0rol56oeOyQ9u3jq2qb2ouCRe5wUsQDzO3lNqNEFfPvofYeCpZCzUBD7N1LaiiuXy1iVyP7vx5jH4Mgg8eq3e34u2Dt7UrpLC8lL/aWqjeQCvODrp782C9zCWyezW93k7tPR2VEErNTLFp7juc+8iUCFEUl9Qz8ENhKvLQQvsVm2DTe6pb/b/2B+f+zfvooHUWfSeciAYd+QTEDbWvO1R/dw7/o8PpzRBmMaPcO9TDk+VoDqUetnKLvcoVa+6zaZqUSJDKJ5xt156J1TdQ8hhq/Ahu8GjwYOB0voRWbVzVGrJjy1/Pbw8+gmIw5umoQpPbCJz9M8W1UdDD1c+2v/kINIeZ/d5WAf3rFS88vqzvKOWJ8QfkDu0H8KZt4pHfEInKL5Xk5uBlGWt3ki2vwWXZuJBBUxVeyoGdk3ct1n/htG5yAR9Q3piRyenKqGABuStcmqgahcWMvlpMqt3a2rqu4WVO+bTSRHzxGjxHk4r1IRC5sq05y4QTVQDL3EnbWkcbB5ddShGlDVzUwycdeOOq+MuLVKVAVTEPvQKfup4pMKeU2Ojnmedmv/N69Kli4oXCCMBFRkH7+w/6xT5w5GDO45edDfyHDkR8wGJubMM/RcLK3RhcKp0IRk0t6fWVm3oD6GSlNjn5R706jyQul9o/rSgQDxvOxKEvJJ9Khx16hHx3xQqav4iUi+c7FWUE6lo6KX2BO4niKiuv46XKxO7W1Wqf2RH24CXgEGrOqp12J+ZaAVpDLtNmqfu3QkIcKvWVhmEOWBrjx7Ftt/DtOfwjPsMtgo6PIilZY8cvBm5auylyzyUhk9tNmGA0fEe239EVUk6L6ImH9+Uv3MfEnPCXL34vic+IJ/3AN+YbzvOElKY80TUHuTL2Vckq2pXCIKQ9j0xLdvw/oDJO4seuBn6IkAJ/DiFWKxgaukWFgGpqFSnFgcsx+rYWt7JU0hQOmwljHqxW4ty1ys8C2peq2YfMGs1aP0tgpXvr21LgyLHsBnTu7QotNSR0u6EtQKecYK+kBZKvBAbHa6KowkHD/oApnbySPwZPS2TvO2spaniixBG6JZQWRA9pUU6sXskfCDArVyMa9dxTTvYLi28Ir8QGV9frFASf4KCqufo66uxos3c5ioU+G3ikeVuqQB7o2enU5d9e5ukjf7SQjWjy5bLvl8bnOCIBKc0GTWSCM2QpyjAFbiRLTtFFA7GtenR944zOf2fmhpUuTECjsfWy3YdNIX8CMc3hCLeBTedT0Wd8yYO49hNPUleZGlbt0IQnXVUpX8A7rdlXFC7t9Q255UNStAi2pMEc3FUXKFVq5r72vZrJOkIkwaOIdgpqK1pFt5UC5DVt1drPm4ROgmUrys5I3EJ/DlnxoDydjRA/naVLAizW05CEH85r0uJ3m0WgN/jmS+sPvoSvzlNhOugzCmTwzd+grAjkmf8pk1D7L8c2FaMV2zmqcfEsqheM4jBY0dqEFMxRe9EObRcHiQEBZeEZL9/Uhcta0479rm+3AI/fkBCRlV/0MCLZ1zxte+FyS3hTGp1kqpjdZJa6zFfYTwFi7PBJu7WQsVWOok2C6DQF0FgzWGrGnGoz/d7IBIqG7Rw45VbvUtOwpXHEeylBaic2KjpXEHOyVympAls4tWbYnwVqk+ZZjJDNofu6haOA+LiXIdcCGTFv7tSUiHlKmSSKvQ9X1zEnWnBXei+5/7ZhgnW33qPuAsGWT+q2qLwnBAGR21kSH/oHuvwsnBwVLsk1AIQfd92WR7BJ5eYQIU8NFFfWaoRix7H7WArz2Fo88PdZiW4g4b+Wuz3BZtu7tBqmzaJf39iDKJnFj9YL6Pt3t6jNulNRY9wV06ZCP6ZlWyzcJ3zqVkYjKorF19Xc37mMjJZRCSYTAvhPv0y9vNuUFmUm4zmOdpqABNaf13iF7QmZliAedXGjYKPRv8HCt8MVLzIUNXaOQ1ggfS33MK2tWNr1x6lFfM9U9PregI0oCBGccpLm+t63P0El8B42Q+3yu1aer8CSE/it137wL3wND3+q3RdBhIdwARdMyvUo/72XFnJbpn2unSQ20r+oOOIBZ7uHO/rNyUd0rUH4zKqmCtlzPh6PVKkm6utYejPLO/kukvLQsaWB+wqTvlUpsh0GRWf8ryOVAOqVetJMAnrQx3wXhRTsVJx5WKX6K965caRYJiRaze7blO7sQa6XG7hGXccXzDMokyd6ilrXQLEovITqZH0qL8lbnKNUxjya8ncnVqoskDAibc8Fv1LgFhKAvTlPO0Y9IGG/13oEbWp9VXcfDtAbBVTupuk2afdV1noFEOo4O0R2NPKotHgEpwX83XKer6zqQylSZrVLjvVG+gWo13gxGc8AR7tUxYW0zUxOvesF22LfsWKnumVYs/V8/fod6eEXgUEeQP/uVn3XslFqTr6Zw1JaOFZS2qeRfwy5PPusKmmc4VuUe/rzsU1KVIuOJr7raBHpPk2IjLuXqqoyecf6ZNIry5ryx6xUZ2R+4BpkKVsZYXqOx17POlbkfgJRx0ff1n2+GwHy2O6b7C1s8PdHuZhdMcvvHat1d8rvID94sWoVRBBwF+j7Tw6ovZb4P0pkaJ5cErgXnWKoJefMBEg83f9yzlV8BUgQMAJY/H3hSW0SPPH/iZPkrtmbg/7XnBNclH5mhQC1J6+vRjvfN8K6YO2mpHUKI9l9SL1WN42hVrbiAmWgU4bUJdW+C9UzpdwF+IY/qz55HvEnOVbBQkf3E89KvQQvkPyESZSlt+anpEHFnULVfTsZI9cfTkuRVRTBGHMYkosk9lxIIT62wob98VyODYU2R02LUyvDI+eTrQgt4nVWbM3E5tjH0SNvXABSFLHrQnr7gjuAa/y6d/l+c2LPmeRaUQQ4hFUVEmwsi+8UbdyxC2Z71Msq2we4AUWMpVPrkX1cvGJwIlrLd+cRgygzWMvdqDRRIl9evyox9nwte7i+a/hrtFThACO58hx13G0IoC8ib0ZR1luLVzd+lR/L3g0GGcWSAyfW7BYV4AeJRH5YyKE5OdogxHKM52chub66Vn//OmBHg+cC12M+U3T2CSvxXFXfRBBX43UvGufU1OVLa1IGTEVGy/9ntRRsbXdurlFdkzaXT/FYu1gsaH3kWCciCUQEFGyZGEWE/utzyaY8RPSPwrqmHj7X8pVSMdBrg0BcbGrw/v4xwmLe97hcjLuUT7wzV7xZ7Wc2MM+d50rdoI9qGJtSuk09Lhal3Nym3zOALLHvXHsxVFDdq6uB/8DW4KGwiFMREmfN6wx+vNHaAja2z6wGjYTmTS2vyyvpG25SsAs+YbATRi//AAXJY7/f1oJkLsBDAMwbl8UcUVE3wNiQ58esC1jdXxcHn2JXJmYp4ztLUOyp+cYVx8AXHyy8vPRftGt1/XWk6NLNxVEfX5hNcbaJ7F7Lpy7RsnvQ7qmv2cANnxkp23TR5yTV9bQ/NsO1nwXoaON3Ac/v8JZc4q8u8tbU54oGCAsDaL7wtYKbT57y1qkj30b/XsjHK77LJsJqeBLxQF8KyG2wAoJH7z81j+DEKo2uv+gzIOFo4TFzbb5ozbsx76ifKk72mdha6+/RcrP84U3lUTihrE2nq9IqFlcxr1wEBI4YKHxdXiSU8QlRVX5dc9o1m1tu2tvgQgQjjfY/jX3qzTKSr+yQJnHUFDv8y8LecoLWW12gK2uD1n129YR9bfTyy2qkviHOZnV4Q0em/MZBX0paOZfWnocJZqMkLqdLmOXOoo6DjtpXa4HrhS4fSMX5yQk8wQceReQD3Tl0oUbjHvowyqvvcEdxcJibVAxEL1cb6Fq9ylUizZJfD9mzBI14/iAAwvXXG40KnBve5JcVjpP93XnZpUjv9RbCjs6bVKuUPya/yG9srqG9q9zVu0d4osw3L/p8WfVUTRi6XTTS0YaX9K07bRg4/JfGRvHNMh8vcZlji8ekj/DH6bIp9mYklUaxu8qgoSiR3zz898LZTTFVVazYyianj3ohUQkmWn6fhh5WSVF26KWuzOKPyucjwM6mI/UxFZ3hpswysVv8uoFvRrFoYIOWgTP+MCgDlLVvbBBEB+QUYGsclP/IK0vSq2ofhQMHVdJcXKu2CNz4BPb5O6D8qK4LttcED2xZ2928xW8sNxi8ssxK3+wF03/whiWZbmfeCprTZwbEzL6P4MhUCLQhk7fSGhlSLvPKDoKjRS5eW29vygQTN5UV2O8GfysHfIAdlIAjzJ7Kn9a8PGXFlsSsewOYkVVAMCW9KwREII2uCWamd1/ND2mF33yJbG4nf3A7waIIKSU0cO1qsSveNnQfJQU+yDvMshjyPb9W9MrAqSYY1j161vG/1ovFxJ1F5SBLn3GRud7FKJHfCP57GB+DgXjvXJRsS/HXBRAENXk3Vp4MjGi48raX3e+QGLHZYmrD3e0lzT6cM235WexcG96ejoI8XZkwPbJgZkBjdhnbUtyMUTj98opQcurZVsxJfjTboIeOqBl2mJqwSwHhJi6KfABDl3BRku6ewg46SU8APirlZyKkaZXH+MrdO+sGu8AO9yxTclQ3k73IPFRLC0O97ZUAiQkGlVMLan8wultiuV24kf+hJdgr4Nve326z3tdQuI9Zi5pKVp7Xxi8fJQCmr1hUhu9iYw/8UiAf9jteoh6nBJZCLpBb44Flp4hZ9OwQKqyH3Gm1TdIbJBqV8bgq9T8somzWhRtim9bhzVdI2lnYWu6AXsqNnzWiVExh65o0abIc2vg/0F3zX8DIz/6A+BWg155qQ6wOcDa/suryOoAaNcxfK2Rqo1gnjphU8DKuvyQq3YTq4Dq9u2FJa9TvxDNN2htBCi1fQID5u+NJ882FfVfrucUXJjuTGn4Jsvm30wr/iKsTURADteTSAF89CuAdjX+qCVZ7Tb3FXbr+wr93eqUc+e/TfqzwfOjQTVx9WvyjVng7zGo2gpCKwjhNzfKCuFUEDeid9cEbFDL7zoS/LgXKffIv+8GuO/MfoZbBC8BkpXL8jZFG5LTvKbmWCttBlJj09HGwhktJUAVXkLw+pCYMSZ5RkimJABRU2L9Tbe/fyFIbs6IwUmjWgtn8tU2/oTIBs8CAInCj0/EPnBsRwsa7Ppu31uPf27XGExyi7oAl/goUVgs9NYckjIyC1lzMAq29gH+rRsaFPcHaRsW5L5GozVvv6m9AP4oi1LmKKEyyjEXVNrf9iIGRqPkXf32Xure3xasj9eWInDjxD0eo+dGLBzLpBEtwQRkShstRmrt2683/f611JKgjPyCPxyZ9A9DyUOzVK+UG3Tixq9V3rcCrFSOmNwfZ+XlK7mFbtv73Aua+h6KKeyO4FpeWeL3PcEuaVLGq5iZ6aDPnF1gvWUVYXeS2wH0OKH5ZkEl8tlMryISJOEXAefS6t+Z7v+Uc3779/+UwJX1vrfxvvQDCGa3IsuB9jU5Y4C+4axeWmvUhxeq3j2XED8M1Bz6WfuiajdIQc1jTHvoTO+gqzi9JzQjqroVVrj2dQ+XuVJ/IbdBwPIqu5W2F6ih8mWG7ILQu+2fTLHhvO3o6ZIQ6JFMoqS+8QTsC/UV5JM/f9t8opMhYa1AL5UuPDHWt7hERXDnQPyCr1cE0MKCxJQ1viotwyw4Up9vbFAsiYZ1tneOYvGMl+sfCY5kJu+28jDe7Ks/XgnzsM8WI9A4uDvcz0PcO/Xboe1B4GfEMX6AmQG0azrUfRef3qBwcGRc2bUbsMj2+QWLeyq4e1BLYmu8Po34wYvWt3UKyu0McLr8myFvSaPFcIodXblHxVr3aMIyov0CLwdPP032K6tloVklwid4W+HPOdn8QwOywvB2LAc+7vPZWSnSacTkQ8ap2Kxaz5Yuu0YGkMIUR/uqoQdEXd47r3WfXHBLQzv4LU5829036N+G1BnEaxAG3B2jiSfhEX/jpZbk0qv5j5DXrZOypTBCvbcQEZaUcI8pE5pT0lEnc/NB5RS2Ph96BBxcLqYv47Fdi+QiXdY45UOfywYhbJ62GOEjvvnIvZTfZuF+MjKuiBcxnXQonuEQwemNs98yDl/srym3dLXzI2t9qZ/Ntwlztnuipbc24eIF8sVeY76uFtg+uktJEyDaa1exbVt7ubRh/ncxOsnb3lV4FL4VHXUgGNeDiX/Xbr/SK7mftrJbi1TjHt97uz4SvzlNXsNWRHbdJy/l8tTgcj59VDm+PCoVM8O9ZEsW/5OyR2ZPR29qL9K/tiuEylFY8E8DIbpdYCGRKVmth9Ly+l+lNNyYay24QE/Rs+mv6dbkKgj7j303aeDHqxuCCO6prXO4zWkZAFAtAnluUOdpKiCgWWoGfhatSpVUri5WbyO4L27Z+h+MU8UXQNhhMl1U/sNMYe1ds1E3wdsDDR/rMzSiGjzL8z3WWJqrzClpAA7mtMpSCfCcAI2ltg12c9zsJR+Cepy0zqMU+RiIH/RH/CgcV5+82Ek/xLQicxRhbfNsFretSV78Z9jLuEg6+rfP1QMAXKBTyNXC8Oc7F6CqBIBKQ64wyke0eMazQWvry0+aue8TJp8H7PVxowi1WAGXtOwPfqnT+PGE43YRnulbilqwjF2VrI7j/+hGyW/+p/ySKaL/dvM+5yapjSe9/EKCOpdOMa+erLuhvnf/RfO7d1dPojFNi8Lf7jBqu6bn1ukre9HJtgM+p7hPJP4jj7b+B8Qo/gca9f0HcN2S/7UftllHlGYGg5z1VPllMMkQZAQFv7ejFqOm8pVkFNVFTq31d49gDW1aseh4KVTgpViOdPRT9aRW9nsjGMkz0+kBNtwl3wj8NNebaPAQ3cG8AoMXJYum2cR8+LTMOW7d3+i7FZzeo/BqADL5jCSxZuqYIXpWCEOrZeN6jyt2HvPSc/+S+IXcKq1TxBVrUO6nsJHdjdSe6TkNcqGHCOFEu4IwZk2e+9phxmV5I5kyAVomZMoHG1RdtFOWRJKWp/dnYCPtLGj/pkDnuMz+1oFfapqUSXseNjSEgAjNuwu7DWHaBc/NIoM9Wa8HawdvbmqHU/rc+yuIVXZhsELxym8y/P1Lhhubo9tQKMASrCbNmRAQ4ohyJFAKB6hcwoHDwHjRGBL8zFjrh/mrGzB1JE8XaOEoYzCoUAVCUjl5mWuUL46/sLPqxLqq1D+rXTzjvYG+8APxJ8oELccUL5735hnHrmMqJDJaWHd3SeuhJ/qfVU7u+tEDbv3LtrPg6orHp+fPG6we4BkvUjdttkyq3JpmsRx1Zzea+/2C9BZ3UZUn3/vgkT+zj2DOPB2iG2EkAyOA2yEA6DZZJqlotyg8T4ZPHnOGPSi1JEx5CrqHYdf5m1MelWTNMhV1HPP1qLXIvBVXr2s7b3FlqLL8PR1qRtNmSOMDOt5jcC/P+Bre2ZPjIW7PMzplrq9MIV4sAAVc3jBO8m0B4+NiBWivy0YRZFvTj9yxSb94SHSuWSqR0LBiCSJw+Heey0r0EA6hA7OJr1jw2aU4FpIudrig0HabulhqGvXdgQe47u3+8zTwow/gqNV+Gy+FIFPKxxjZF8boIwHncUdcYBZZ7x9Jg9bubuDazvvQcd4KL2mkgXc3GUsLw6ekexy4g93u/5l5X/9nknb8j3ye9B+81O3Rf30gsGNDdEDS45FdT5J8AY1S4ydnl5opE8psho+FAOuL2AjauhOxG0mlwwNWzkF03UXwnNkuextXccZ9WjVyRV/fVd2IjCvGDvapf6Nydr+mNn7yFHYqmKT/widyaqaU1kg1o/RZyTUJ5gxrX3xDv64CETjrMQQZ3GDNbDRFFQQ9ii2R3d9ZmdN3uVWLUqDTQpDOoA+ysnebUexQR9a8diNzivonSrhc/avLr70uo4+smZyvhEx6vum6SAZg4uimdkg2WK5d4b6aWYgr/u5GoidMnBU65Xm32Ct9/MDEGM4ESbOH3KUj8wtwiic6yrAFmYFTnE5ppEKmPad37EsnhTvxtl8pNbvHDT62MPyqPtJiGcE3mV04wHaTKnOd+0ebFRR+EFUfyrk5pXLpLIEcG9D/N+Ql0zsHmZ1XkBfGzleLs3mzHMgN1cBfeEySOHvaqKSurGJueq6mV9OwI7CGyHxWY9+8bt3pm9O90HR9xbJJBSk7EmtphRfMnAZ3tiiQBEewxF0oDBYzdrCr0speMPAt19Dxv3x11qrxsB6vcpTsyTVgaz4/gr4cP1fwtsqEx9chew1vML9Q3yBLeXyiVc1QqMTpRCXNKp5FrvTM5ngIlRSIz2CkJa9eNRJlcKeq/XW4x1Awv55im3hYHsc/LPvvwJZXFumNEoDKkpfoE2HnZ2rFo0j53gst0V5QcScLyCCBniRlOVGpkU4gSh8NaDD9tk1/RHis2+w66SzZ3mz02ONpk+YXAjgr+yPmGnez1yRHquQ6TEDLn6dyDxPIkKgtr2mIJa3hpdIgpiQ7rhedDK29DuJi5cfKXzQ+s94NXh/EMImfVgewfIQhLWZj2m1vOYIDzSPq1y7+7YdNnDOxIggcL6ZUxhOY8HrYiDunHAPWX+kryNpdfOPEt1N5sd/zESRngGRiSfsKbLQELvnCZ8Ctrg6iDAzxsvGTBoV7Y6X0Fw0ltFF1KfYcsGN8NkzIMwvyHD1ArkiBtzIyuNP42P7SFtPAjiQBOWF/dRdDZGMVlaL3eRGYeFDAhTGd0OsR2dkMWLLWKZ6RHT3s6+GNm4xgu9Kt9hy9MOm9SgnaaEO8pZbgXgtTX/rlBrZyN+PIif9pnP8XBr7ZqKwJ+Pp1QpaMil/kRlRUTEkegA4TWACm95itdHMUA1EWSacLdfWJStYaQUuJ6rS5V6Z4sbIU9zg3l5JuAaawBUeBZUpTlRANp7VIGWyzpM7FRCEc9JD8+s1QPJ6fkfW6Zmri0noelwZSfhGZDb5KGsfDXw3IIecW2CztURtr/cxbDMbStHQMsaCa03bTa5f1JmKHiXzZCwKZ5sX/cqs77bpCs0DOuK+HbViPN82GaoErqI+m2Ujwj/fK4xVbZSmbvU4+I11IGZhbFlW/q2ffpKbprXmf7YDSjzDgIEy5+jb/hO3gjdBzUEdreTtrU7KIpvo6F5gQUwBunYIyTvIWQzCM0L7RBmNH5ULv2YEGJUpcvlEyMx8+mQzWe0KlQRQibUip0xJPdFEPSK6kplYViIU8kVhUn0g6DzCMwLlo3JSzjW58JznVfrHL0spbdQbmIWLBO8yVQX/fLxk2WxNXYVZhG5FXqC7BPhvq76wfvKM6hR8hXXV9pQjVH/OV61ftFSb7LFSEiy8qSHHUzK9Pp2hhCI8eQM19ziyvfo7b658poZlDCFckL+jZkOzsvI90D+6d8Ob6/KFfPj+lEeg7ABm0G9IInx2SHUkmtEwHqtgJuNAFM+mxKnTc3/AkHCSs2+OVH1RN6VHYvMs/Yw0M7xcTE3HEgGuidSszfJ9dNleZ20RWU3jkJQSjUA5iEtYaX6Jxq5me/PqWk9h1RrH9Q1gYdoyrWJXgL7ICyfSBTgwhaogCph0vy1Au/Vh/dwFF0yq+9FZ7SXHBpX7JzwMavbKi+wRJiNvRm2wLK9ToFklw8K2TuVk8Q72aR7rEMonuhvNdIW5LT/UIczG50SPaz5qYzcKiM37f3uv7iPp1zpKt81wxUhaaxA5WhdQNry1+nk1YYO3Y6xRaHmdkSJWSUMfHgPUNO7ZkdJ3PVD22WHZQAaZu8ayXb1XoiQTFoZQT6/+l6Zc9v61CDvWm+DRs4h5YpUT/gnUokDlnh2UHwa+STV8hu0yslFwVnZ6Xt+5XoR/7mzzh+nARwLcIc+1OyKiPlTn6WCfLYFEBKG4Usw4gt5QQfeCQ+qsqk2wpka+XLQJN6HIpu7QKJf3AOuc1LD0E/hNdcmQDaGKWFrlnZLBYIh8BBD+SznJ0o7uqKTkWlpTOw9Uh/BPYqrmYFVcp+vWui81lQZjTO1woAkSH0ijGu168f4MohGq8WCpqqP4oljgRF6euO7jYPFL07ST3Vw0ju/x1ougJLvITBTtcw4cVYu5GxT5m2AuVNE/ohqwqt4pQaCR2OCPqOL0DYQd5rawhjU0lzvVEB5JlSQ6SOo2pA99DnpHJYLnzLMEDqJCj6ilG+EDuriB/eSHCkIwbrN54atl3uaaeL7r3ctOobDUqMahAKbLsBZFHVHcgcgO1Xgvv3OLt9ZDwbjp0D58Q2X6XU1SzQEYn3ySEYGWhIC3qZGM1dhPiF9AcotaJFUIaZUjIrVnE09XjJrjH72+g+//rZce3WPzv1Cv/lw9kLG1q/15wjUcCuD89CeRFiWZXC+vUeTrdjt4G0Ba6T8DKUyn3yQRZXWi8pxlQdrAFfs8AEpg7cShNtCZ5O2OXOomkzdvOZwpTEi4OAShwSurMdH8Edb8pHm1f2mKmZ+gb8Ed6emM9f4xnvEHESXrpKWjh050v2LxvHYIbl267/P7VR6k+fxBY17r27J+pLegR5S+tVNuB7h8dgoqjLFY9Z9YfdUQEKMyGPwPRt+eQHvPw0uhlqyjRMWUVud9jX0vJCASnbI2E9qoUd7DU3rW+cIs87TXY0y9/UWisYGNMxs4rXVBta7hJl9+hPyz3sW3u2KE0VQUQZs92LbwGvfLP5CoYq8QXrAGQk4JxZ74/DaxbqwIS+jcVSK3w/0jq+V9becbVopznjLal0S7x+XI7bfvMkiJNulQk/xS1TSQ48i9PYUjliG9ZYLizZ2aMfK+g8WjVQYt5tc6eDk9P77IN4aTIb7wDoitQIkD6sztQcUznP7oDqx6O7dWiEJo9lr6UbPvDJ4x5/u9x2LpN7QAFJTav4GbpK3vhH0i9LzFAVltdUPR8o0xGoQBvLsNKMaipEOt7eL7vo1IoS9Ow5XQur4csx0YzDvUscBnPq2wRuxs0+xaFGktoP+9kP85DJMWms1OqY/1JFPfU5OOiLxWE8P9HLlA81q7iAwkIiU68SkhzYTZAg/pb5yQ6JpEv/uEkff+s35epYanOr8Vn0hvbng23zoFnZ+fjCxVmV12BmnRx18LXJslB9MjOwr6V5WfmsMcU64I6D+7r3q8hgDtGzmTWF94igBZKfmrb9xCgXzXtKpnzO82C90BAvhusgq6kHVokATxubPlZ4DD3qjx4NxoLQixqRu/8scuCWT4P5hU3tTOCPcRBEJF3bNb74zzjtQhuM9mbR1W3QOAa3cZdiLVjeVvT5CsEh0Y/Y5dr+8f+lgh6ynwKQozGQl1ViGXRzHfDe5NHjGv3h2keOCxx8IdIg5EATQboUdW7UAsp9tpl7ydHTi81idoVfpBI6j+aM3CspXXxDOvk0LtwB7jcuKDopaN46VN+kaZTtbWRj6vzN6cRa/USH5De3ZHR94j3bF7Kr4/XUPHRyPN+FpUNO+eYL5PgmuybU12Tzf2oHMWJ6YeeiwND1nLK6saMbtsN/ttz5C77X8gq7POr/uolA1ucHHd3tXzfAluEirHL6JaBEna0zwpdRYQWFqUbCR2v+TdnSAQ5qXSNHr3m1blcYFetVFvUZFanhGIHRUf52ZctsaKGTn5T7SNeQDublWme/HhRCLIW33uTBu2vwFCyobuShIqxEcny9cSUY2/cF3tpxB3tXWeKCV7npbekMXk9W3ByCzGPP01Xdy64amTD6o+qPfiILCtqhR+x9zMAB2TFTc6rnbtbhfje5mfNbfOj36ld6mrMwjzm9Nb6ZXFN+8XT9ixoDSjDV73/F3vvGdBk2q6LBqxjHSvSVVRGERhAelURVBQUxCgQGI2AEAkGEkKHccaCQBAVgnSp0hKpgSSADUKR0IkQAkroIaH3kvMmSvFb37f3Wnudvc5e5xz+keR93qfe9bqvJ2XJefHWUZB4n5Hf2yFALF7c0H9qu568j3ijz00z+8ph5MKx72fD+fQ1f2qIsAPbcbpF6LfRi0dlfkOzJ5+gZW5Sj6EYjg2ElnCJdUBXExQ28SB+tCvc9rslVWnKQakuHU+kTPDlB/MdTUpetfnht7wMhhSqd0Rqt5Zwlw7fE/GnGo5iFesaLVME+iPvYSaRjEH52hs25PDp/fyNYP3eCBg69jhk35+LjiDP0hHD/MHODVG+w67uIA2u4dRClV1PbVxz8JDfgrGj/A+hR1aAgIgxJnveTW64SF4CvHb2nbmpI50hTQRpKAFQGo3Hby8suP8BIk6myUd1NZjWxHCu3olGD3UW51WFsCt2N6k7X97YZ5Q8k5FqUjCMXVfHSE+ge9qywix9D4MYxQczmvH85I9/Z1eyYN2kJnbB+Eip482deo/nlC96j+fYLEp27vxFj0JTmEU1eALHILFSlxaWkdXpuhwLc666IeA5d9s2c4J8TdjTIaFQxBWFciq/NZ2xL54kylw06nB339CP228yj06OdClGLIwneUCF/GPt/EgZ0OS+5CmH/R5Wrqy6sHkPRVCxS7Xrhnhz/nz5Jgr9wtNVSBsXW/GeuU0fgHklq5bS023wC8Dyajh8LpTwp26g6d5qyVKZ7lH9wX+6lQhCku9XCqmyHTfGjNecv7wb7WeRu93cJl6fIFa6XbRvtDyJNXUHpNFRcCn1TXUgWgGaWYCqKHcDTydIW/d3D8mUg5CWN3wOTgqUjw/heoN37cWEfVKB9XvcwzvjFe9o8dF9qaE965xnA0ATJS+FB2OzvoMlLbX8gBk6mmaT/wl70KNJN3C/+aYxaJMddQlyX718qMRuC2qhv+VyZM8mIqJtCLUwF2yKeRZDcn6QkEz6IQtJ3UbBkVVZw7cdbzE5289vvE9SPTb5sFrtj2NBrIxXIXESrPl4TwkptN9H1+gEObs0wYklCkGdkezOylsqHDQgSm2dDqrNLXkzmH4lRMYvR1vSmA4t+XPQ+u+ynW+W7rMEw4EtY0mcvp1/VhsvWmvzqO2QLwdlNhkuHafFE3XynqHL2H6yLWBV6JrQIUJSvNX4GrLsI99HLs2A8ko7ePM9smk5Hap2GDBwfKaXzooBKkb3HrqPRPpiQU+JU+Y1G3fxP6vv/KHTnMXHaq2QDsK4W7R1e14I8AL7OBYzlaKyBJgeNk5oQLtlp6lM5u7sUGkwKCnxUXu7CM6LM9ZcIPKC7it+AV7EEPiyYvyu3xQIuW0+UqAfcNrPHyK8OI/STTyvHnIa2JI2NN/DtSV8JLHraoBdOdDbE2G2pzbLhwVYbk8WElyL7Tb01/n+NshPL4WuZIbPxwxzHD8VxZSeOTWrvK4O/zuNtSl+Wrecn86RWkGBhHpOL30E7MZZBUUSW624UFjTUItI0nAaSqmQsjj8UozrpmoHNXhML2WwWeDUrTjxNuToaPfQCS+DAVaLokE463mKEQPSQSOlsOsPyCo46wzOST3Jz4e/uhhiaeGlmRbQd3d0Ky/TZmi0Mot518TVXd6x+5+etS8noJ4YNZan59+5q5ZQrO5cI0AJrpeIkWq12lT78j7paEs7rjdol42vS4iyavscRVY4ILblGtxnMAcqjPry5CYt3pUWG9pv5cR6lhEcUxDutntPvt/4t0+Non6mWbWmXWK8Odu4Mu2JTzqM5YOT42HHe4LkTUTBBhkXuoLGDUKZi1eaC+0iLb2sq64hN2LHD+z5jMKJvKWal929KjBXaR8m0E9sgkc7zCOrJ+8yFH/RhtySPtvAmz7ESuzxQLBAv9x6MeWgxK6xA2GxKsbz+tcIMsnRFzqtDNw2CwdxetOPRueenHiuQSvs/HwHvz6eiXNTbvlVqSW5JWLM1IvQo2LBcKhqo3so+65XDojdeZo/X5hXK37rG6MeTmmZEyyp0MB3PClS5bryr+S9/vDgUI6TuONnQvWMAaKHRX9Mzs44sNgtIVVlJbRwZ0P/3HpAFk0NA0duKlnW5Jwty2JGPecr6iFLiteon9ZqYkJoM/V57ayCVAUibcrKMVPxVzGHryL+GH/ny/sM9Yo2psA2A1rVfdR38ymCKCxCE1nJ/C3balPQ+CQIeTLRWCig21OCEd5Gsm1K3RV4z6dryspEv1ipp12ueZ/E7iXeLC398VMaAQx252ofbcdY+HtwixURYsKasSopm7dTrtQrpQTq3RdTzo9eJO2uuHXv8zNEzR4ao6f50u4QUnW4w+UesSMmt7dDvOTu3cNHVRlei9P7TCc2e013ujS0NiyeJPLDGGKiK0PD/sbuRTbH/7zzR+cWelh57krOjYB9aZHGh8Cv1JqKkV7kyuz8xqYDZ/2jK++T/xuSY4C0QA/rfkIAB1ieLTc8bqoNmKIa4qm+YsOOieIlSVrORpG413IkTcCWTal+w2a26Ph6Bhmx71jdJxHgfg4XsvoAC66gSZRkzxMLIysJOzXHXQ0160fcj++pDV2McdNUJw2KWBoZvJIy9z6/uVD0RCrsbA8bEImli4s2s9mTtW9dVAzOaKjuE00T7ifmA8fINo9OEs9/PTjH4iT4AV1Qvq7pU8BrWffy8qlNLOAltI4RjCA73C0qZgHzHQoibjU33Eg0eJY6eIUdPmRjRmUniYdCMJfcjPf6HF5sN0+He2UGZpIw+c3NBkeIBXlhTSEM67Zk3CPk5445Mes5fmhXbzVBECnLAcRq05fRi3FyZ8Qnw0ixWcnXL+vcf7MYEtpFPVAvEaj9+Pw5WlGOiWiSDJIhl78DlY8yz44NozzfeqNTnreqtat5nXMbehwKCveDOwDxNEc53laLRkMa0Pda/Yws5MMirYUddY3UU+VSyIpGrPC/miCGkUW9EYlkJPYbLjdvPPq2BhgW9FGeV705snt1DWVau86D+hQeJekCS9N+X3aveIpyBPiEHn5bPjfcIbbjgHqvxtWkV5Q06NSlI2hLVg5DHbyjeSkLWjDZXdz48NyFAYc7PKn0lbaaxyvfUtVo1Hi7XPmsVsoz0ruJi6c8bIEhP3yjCQnt5cfBmjGx6i5wNuAZV1sSvHKPymjTDK+haRsSd3qk89pYzQVI5T+X7eDeKPPIrLKSqoc4qrt+NIcNfah6vC0/LjkafAwwz+OiIc1naEWsbJBblJzkea24KeeY5I4GjRBXttAWfoJOS2g1ZRohS51xthpsKAZ2b6Z3e/LfsKeeJzPa9/0RSy202XwHf83M+qIRWkp/SmPaFK1N/ZJFrukoMLN3kCRN5p0Ov6jPT/itX5Uy2J5FwHuDifKMqrIwpSdkYFtVzmMqB1R6TWMGJl/n2A50ONj24764framDO1uzjrLyQtUDKEL05RwHt48+AiodkWVJO4p6hj9AukwTEB7LjDjuNTxJwuxwA7yknJqF2+cq7nqyZvJ6SEXMWVTq+EaqnlxtnWWZbWA1HkGhjs3zH0lp+bVsq9FShNp0owX5i31mf9Kj3lGl0bYKamrXT77PRfPRLi4oTwRSsXIElL1a8e4to5yQInv6Wm+6zBtVw1YGLn2lh3IwYKkltya57JO4Z5QBrOqJMXH0cve9m9EVNHDgYMy34PXb+SgDh7sKRXowt4WrHZMhR/PBBqZW+7jV93DaPpScAjgb+96xLNEomGwgL33vLU6GbYuhHzakjAMcwv2h6qFY4qKGc3DS06qKd5JNN3OQ2ofZLjGKLsNHiUzX5XfrOYSBTu6juHZ25Ki3hv5B0Z/TK3ihaW1X9LjobuXXvVROIZvS4bgaaGVsXDexZHu6stnfURyl13NPVgvDFY1C5hPPMH0CqOtTqq64xStr1eQ4Sq2iy6mXrWtr1kuVnS2t+35ZIBrjLJxjFnfXQUvUkZ5KGum0ce2vh8+coN9o0g9leVoh1ZtuTEeUa5zp9pEpyFMPLi637Rt1nXIV8OoGt7HYLOZF/V4B8/9l5U+xP0Bw3ZeNhrtVDiuuf3X4VJDd9gVtfmg0a4bF2qa7JwGrEwMvChtH4VDJLCj3SUpZbGULVWMPW/MaPfv12yRPxcX1z72ZwiyR9ocW1/+aukJa4ZVzXnQNn+IwYs/kFdKvjEMwL4CpC+gmxWWNFOizbCtDPk+mFRW1F95JMVU+r4j8MZ8o9C5GqRzcF/5FYSO7IiYR7uckjbDhYB3SAKU5AOtYH/a0+rsaY0/7B4yR3GZd2yrNwGDjLsmBz1uVNzkZ+UWVHc5e4KHA/fHSi1ruOzAvc6yi1FUNBp6QiNvSu4y6SXe6aPdU9UzeR5BPX9L2UQ9jKZTNOzWP2BGyJ10ecfah02dd1Qy3hSkP3nqK32u7zbxbyShxsF37pms5Bgv2K2c433e1MOnFdrtg+czOy/sWJXeTxrKFeycciXup2bcIHNjtSRelEC+fdtW3zJWeZxkm9znZmpfeZz4BzLyEdKQWRKeUJ7Vd7FB40EpFNFDDGopeb7TunV5PhH8twjXc0R2enzlDUVpxc5yBzSnkrVWuSXlpWtVHtziIsugpjeooeDm4VTLdZ/UIcEjsdGQ/HrH88RqMZPqEyZniTEDJYDX9qUXmYD7w01IHld947hhcUnPOsmBKpN0y/IXAv1htiapT8qlWU7rfpIuUsopzqQjrIvKPcl5SNUzQgc5Z/IYQVmWwCoNocLddHCpMlLFL8G+LjZZyaKOFneLpvB7zh1ie0IJQVMIqy9z4Ts9kmQ0B2PdPqVR3rqoMhpyKBXzvkVaKrzNl7CiUwwACeBW36ywQLzWrpqQBy3+hlNEeGdC3dQZ/c8kU2eZnvOFsYgFhSTNSE7G1v0USvKEK7hEo6FWvbcwKPm32Rc/8lXRSHKx7EFdnDxpayJlfKCFR9RMXqGow1ArW5tJ05KKW0UraWqHG0QutGqlTBuP4yfLs1VcVf/49IQ+yqVyVY2J7+CYK+Av4vWHEj56BH0bQnhAr2mcKTYCs9LLbbuDjFhiGTC8My+dk5fIcUCeS+EO5pAoiuK8mJb75f+tCIj/dz0IOOpzE129gNxnAHK/GQLoRYTtTbYjy7WENJ8xz3MzRfHOkjnJl8WVyu+yTXGD41i875qX/XHWOkkQ+QmrdCv6dd+M+3mQxu0qdvnZqbckcu04YGCTFCxvD6o4B4UXDVZcwOPXcLy6w6ylQOKzzM9HJXf761htK0HmZ0yIFfXF/XZyTffJG6J26lHussAbfgqlj4jw3VURM5xA/2cDWjm5mPFFJ3aY08WcZJ+Njgasi9dddxmHO8UusBDdYtKGaxRhQY/turrGd4gaDUMVYsxyeT/JwsvgDZM8yV3ogRm//Ivif9XRE7/2pqaFm9aJgsjUjfGNhwT6W1I1hdYoV//EsWOCdTzjZJ+47E8T3K+6KT5xZJwzpmP8k27eV6oOiunbdXlpAISM+u1MrTKIIUJybLzqqPF4w9quzq6r23Wayqvux7eE7LqMQbqUR0pVRWO7HGMNiRoWxlTcVCe0EcGzO3DVd6FuzJnW1cV510s+v/YaVX/syIJAvwV6VlbSd2rNnlA/8d9qw3qiPbi8GIixPJyYkXUUDyx7DneS/fFPGbg2i21SNZn3YkrBfpho67XDGtvGy0rZ+83FlXrXjAL28gTrO0txnXon47JNI2Dqi80U3L3gk9EsPtp1rHN/8Qev6ALK3MWMxv1XaG4+8yPdz8PhAVM2362+UpqRuT912IyHYghma5WSKqeAPT5tTp2AxZyAqy94vZpxOfGoZtizHD57FIyT1ZSMrV3KUFwn+2OAdQGEM1CQRseSltFTQgZ5zzB8rKwGVkIJmL7LjMpxh4bhM24Ps4wsio4+3R5syytMAql0JwvWzep+og3fBVyyLst0uQOQMuxFVuD+5UA/jpdWyEhw6BNKB4mX62oTSWQ/M4F+d+WWSSubBhM+L9PbQ/L7ePmlc0OFvofySWTJs+UxyUgX1cIfc/1uf9k8liDsL7HJW1Ogf+5X4FU7ftHj8pnhgC5sWFf3SgIjzxu3p8983cOgcah32J4+Btc+rixJKT9aoJ98LZVazsF7ahuBNMarGAQI6uGkqfdV5f0fqUU5Rwrw0d93oA2BRNZVJ6U33wHeQATLzjvjlSy8SswrsVKjBokqvdUY78arnQI9mi+9e+rLMxltBxXO/I1g3c7pUytbmp+P+cIr+/dqfs7PAqjXX/NRUi45U/V+/Gb+C2991F8KUB/sNWaTEXv2d/pbI4H+ofFu61hysjHYz9FpdNbsC5bmNLnhuhu1M7j9Gkk1rrK6eR9vds7LH/Dv8OMST1CZ1ZEKd6IHulsUU14wHUl7VcsPTkZlqtU6P7hdvtmyD6sIGLHaEpBwjRJqBrfTe3H/cSq9tKh3YUraTXy6fPqietqPCR0JLP/VUbOy0OlYAMlUPiu7gJaH0MRfpR1Q0bxjJKpuH1Th4oNq4GQR0PviU83uoPruWm3Ro23ojoDY9kvv+ciwfD3QbDGTQj3wl/2vZJxKgTrn9r2QC+MBwQL9iyH4hB3bhOUZDQ8/KE237zdzrYUQvjgvIYk06+whziTPh3hX7dEKQvpWqxQEAQ88M8aEMAlH8u+e1sYvsrCGtTcENGQ3xKf64bO26tGGmWPPl3vNShBE+mb6OeSWZL3B6+YUVOf5LKyL3YXAvXBjDFZHWlh6btPj2Sli3sWCSMhZH+GXo+3SNu+7yaMtdp7KGwNCSSKq88PO73Oyt6rav46bnFqcPjl2ChQT0iVvG59KuLSuTrnVymbQljBXrdQihO8p/h50B4/kCPQvbJTmlnJL9/pbz4XfOQ6CcO9aLLIgtRL+OJt9KG3KLUD3jy2HL98p8Ur+ved2JJQsPSHsg4KIMZeqpWloSY/5L+xnoAnk0wO6uhIH/OE+ihrRWGL81LUat5BF0rTabLb4zbFjfVnDWYOa8WfbpqsF+uHm9U7FOZNVsrq7/DmOi02DNP5L3jmPAp3ySZP5VdIvQXDixnWPYsGJmX10pY3xzMCoBVFrlkD/jOKbmo7kaJbnMuGD/anr/rHX90rIaMubP7KOfLNkSx2IwnyU0UOrlltGkEdHttQVPcp0KDa9XNRxw6xi9gCrWcwjcpGNw4TFYttSb3YjarLOgjP7KkETVbK1+/yv8xOrM8HWWiDxTiTSb5ZVCUJ6M3O5o1zDEPzjqWpeblD+taKlGLv2gD9VvmiwU9lSRKWvJmN0Ebz44be/mpYnDM8SrBs9dtjmbF6GMJK6+R4vHXAgd7v5XwX1shTnj+UeZPwAUVvYn4o9zdyL8hg9ZhvUXLCj9QtnUPD9aGSKTI6S8sZ4+gci2mQWRFK1YbBen8S8oGe+7ssuLvmj6tnoKZB2C0tYqnpTx9geYC130Sx0b378zurg7lMr6U+9M3LjxEH6eGBSW5Ev1LRUuHLHZMYLtRzyRMRV6hJj72QHcQjhhBoRkxVlWsaK2WvcMxa3edeMfzfIngz59F11LuR5C1zt1GxCH81/i5jOkVpXCNlIKJET3jR0saNb9NXcmdRYSoWRPNrlKTEieUvdvKRNOxLbJlJebsw4j/6kkTqMcJQgZpzRxi1UTnmrOYXMaqRlRO3RjZ/7mLX1xhY9E+c0+erDfRCwss8mbOm2/LML7ayUQVkTHQ++6JowXU7nu+cSL9b6xRZo+vGBvKv1+vyUAHKaoMf73cyLZS0nFlprU1LCQ80yehYlC0iAzriX5dT4z4r9/5dAudle00tno4fkhukemoBWbOMlmnNrJ0cboaJcwF7DF5AAJfjlWtRc6yZnUQcpm04dsS9LMm0mqeK+/BvsV+xzcDDvy26PPF0vkMYjnxrQxEDZ5aRn9AtJxLirSdGU+HHTeTxMN9S+k2elvFVfTSZEntMpLkwL6GspmdxSt0vft77IOlcQeVd3L4qPsKpYiTQlAa6gclc71eZQ5EKkQD84gjW5DlgpKIs3kF0rLtb5Yi/uN8ArXzjwisHLcwTFSEkwIDEqbmbdu2R3XcT4kURzFRI/sjs5U5MZjRtoO5yIM+4ubmHaiRMoGLANURcakzlywyxI49TdoPAIVUnU4q5PbRaES8kU2azimKZPrnkz/DKMxFUIk0U6Rkz9qxuy7LUSk67xKdkB2myheEqsviOa0OvPLL8bQg29h/vL/mIhYzcMDnYtfyKvW0SJFIUvMsOD9E1gJwg6qNbsII17nzJhdUWw2vNIXAGqornc2NJIMyCgrXT2ftdAsG5ai/1xBM85F1upAsNc1XdOxZab1uW/dCnHpgbLJDYfQZR7JFaM+r5xtFKqydKWtz2h8Ve1R9AvvRrg7Tf60m/nvQEtdudWgZAQR1Vqng+xxzMP/urvWNzbF4d42JevaivzHVQOQgoJYkTKryI8gi6aiKb6HE6nh5lSk5zlpDT/3maAdm3eTb253/NCDKzd2S4HLFiHAJNEYE+EWaawSx5pxXQX0SzOKVs2myyi+yBSv/bxdxgx5dJKKqUp2WW6s6tA2dRKqtTD9LJohshm6y16hPLz0wU7lHvptt6JhWOAVd7xxTzI1yVkly1uq2+OINJHEALSmEcL9DvMN4SnJuSgZBfEbo4QP0zykvL+urHLx8Awfet6+8q+hYhd3YXXvOSUrwtvxpy6v13P8B0h5alUvNW6RuX17VQY2V13fSQ9WPmzOLEb8fIGbl35rCdII/xqaqC+i3YI3IjNUBxsfHKuQAfhhZNO6HjlAscObtn5ix9vlvx+Xw01znJwGTJkbuxuuKHsOzLX+pUaJkjcRNTs70fQN/3CjecOqmEiLahLkF+6f1exqyjsDWBxxhyPBVAYttV5KS47nktnP8JpC6kU0C73SKWbHOx1YgwWzzurD9wb8N3PcOW9DRO8kk0xeunmSnSs+3nnu/ssjaEsyK8IA95o1axrvMkW27cax6lsDXs8MsUGzvo3dd4n/2m7WgwPSAvAKe9SAw4w1g077ZEmAVjLMRgzXQw6v36HjWks4ehl2hUsQ5xG2Nlo2zSFgPHihcluinKFDEtCaV5Sy3j30AnLwWDGd7j9vtV4zOYBO0F38suAvoolYxK/GifraOLn0BM6R9a3bw9rzH89NgWIxM6lJfzClzn7G+qiUodiop4GN21DMiw+ZbIU29gMTNsV1CIKXa8LdEEkI0aHXzUQt1LcepUO6ZA/94KeLLdJS7Z7AXAMFECMh+lS6yBSFWaoN25GU/jjfW4NmAo5w2Oa0k91Qn05J8wJ2i3nWiCUtkFHqd0Qy7aLgxS4PNsUfFbDztlnhzwfZHZ/tVzGomY/GhCrjkPuySZCrzFzVZDaFtOMY5JqTUuU8wj7oLshZbFnkxJYVq2p2xv2EeFYi8fENmL6jdoqaOWGzGEeSOdr3wqEkZzwYOyUpVWgzLDcMGyRuZcN+I1yA5oFQ6VHs7AXL+P5QXIzITPrV8mo6tODOKkaK9fPV62J1fdpN9s8jBViMpTLvwnx0pmrYUQxfNg9xBH/8QNnG4ClMYAX7n+6o1Hks8y+ePCjNr/qUybOQWKuMb81fGY2KXgde07KQrVyomUeO3JbFOieYx0DHxKSJk4p8qTSCGs1zwDd0DOQ7KDAjDwkYVYB+cPzaCRZERjymaYY3PnxJa8x98+OhrVi6gQ3F7fmnix6cevzsFiWVDqJ9aD+sZY5b5lsVquoLCr3D/tldmldt8WF9svlRxd9S1d2u9Vz9lFbrSlVZg9gjppQcY6vWe2TN0Cky9idR2JN5glUU2eHGErR1NYNb/l8O4ErUsHx8377BVU51EAHoEyv63BMPyif0w4352z53cS+XX59zjLe9bBXjFcaScJ+6HqHnTM9LTcvhOHZdtDoaAL/ioQHq1Kmesx3YSIin19W1FUlrN8B6cB3+1C6kaKuadSJuSutOcjhPEUkeEjdDg91CxhsOYRuO/eKwg5iCdO0dDR4o+1bViXcuOJ5SrBU5Rhom/jFjTuzDW8Ikt9b+ZMNhF0oiWcF/rpp/4sANDSlPygx9FDdS8slA5aspLWhvp250ZHkaz6Su4Mz31TMvAAOmJ+noLFxtycFil78NaBjYLTWb1G6VmrMyxdliQ/OQ6AvsVQNB3rCXk+ZtPaoOSYVWkfFZHjeWiyAy24KOojSXGI5c5Ug96cyZTIN3fo56bp2vKXY+hPA8H8zBO8rt5g7MsBhQqOHcZIdZB9VCXsh1T4woREvh55Wv8Y2o9NnGOZOCQsqFm35rWOz1bSh1nDVGKJs2uS93DtGUcnWN6YLc/AOcW0dN4VvtdvBb2lUVIXv7GgIE2+2PSmLh3TYBdnc8mltDFiw4TP/mCz3aunXIvpU54y7L0r0Vv+0pI4tNT9ff4uKjjWHo1REb4Nxg5Qpb5Xfisoqm0Wlscha2F2OdQXbzXPJoU9xtF7w/zC/8F4W39kAdTuV8nkcOr0nU55k6XgnJzWK50tar9TuLBz6kPnKqcbb6bJ6p4/3wrzuUszAl9zAqEst5RfW3yFpUHZl14Qmfr7vSy9zleq0sszRQeByy9NcB8Vk7ZzBwHvF/Yj4kyKM7RIZ4jKqfUhIzRDngwhMovEL5d7sV1lIa31hkFxyTCl0mnVSlhSDxhJCZAT4DMIrlSrvJN+3yJVGhXeVQk3dRA526J771+kFxH2bxtu1wJnn7GhKg6kV2j3EJtRuInh3y0JmkwcV29Qa4woxpSVDcm+KJRvYvMZlVmDzTQwf73aILpk74hDExRzva7J1m66ebTvP6j3ITv884LYhgI5kZ5xftCMSyl2hb9Ti9rtjtODYV7HwIjrtlCnZ7+lBE6mv+V0uQ8U7Im5+KyyWkbnZOhZKQPZgq2xP2qZh50KqMbuIx8M5POTwiMuKjEKFdmUl+zX2cHwvnXvc0pHsgB3Ld/pyadTgiUpIdvT9bljuM9f5G5QgvftijQ/P7XAv7hpD2jiVD/iHvond6G3JtbqEfcYpUK8xkcztgcIHquTNpaopR8JoWB7InR8We1e7Ujd1IfA3JzFoiwpLAE18Wjaf+r9UHBBCTpYpvQYpV7jQM2lrr0+CafU+4of8V6rAG/NJvhXuowecxc2oxxuJDsezRJWjlC7S7QKi4dt/7UMqf/ByQzQaZBwakHPVks3Q2j7gljIfuTEeGtUYQHzQCiEXykGTxSbnfryKEPTXcnbhr8kCgbVy6l2ASCMB8hz1o/zp9dZf0Yfa4OUtWcAiTWkYaUrSGsNCratkJNvBsIFHkfstcIss/avnSdZfZBN9xIQKSvhzhiGSxBGDCpntlwl5QwpjJTZyIbzmySs0TMb1DApFjqjxyAb7dN7gpVumarv5MUwI6rNcqqj4GPOUn5W8JE0Jo/sIadjog3rfNVP40pdTBTacU6eIYbP3HtUt7PmL8L02oGelNoDzb2oDXKhycEDCYH+qDXCL9MsSWq0NKFnoVBsQJKmfgdxC6z9+sqNP4VEupSf46sDmSTkfy59qAyjtvNoA9I/aAMb/XxvwH36QVxsAiHrnjhIWBpB7HDophFcb0FmggyXNlxLjGJNnSSOLj01aG1IwwtC8KXN+dmFp/WoT7x6Rz2/ofyJv/0HtbO3oaAQI+ekl/SFl6BZ68Vkf0IjbrYJPTU4dB2Rdm0NfWNussX1HMjyCQcjuECWs9yXQnLvCTAOBXxzgZ/hTcQD47SwIGVSwlLXWNl6QsJYC+QA6FlqlDIpp7W+LwBK20inVgJDz5n4zi46GtDf9B9MLGf/T9IL1cnpB4d+mF16MGa2Pl0dP35TRsPhpwutNdugZfusDJjL6J8tfxtcFpFErFbnAEOhXufp3LAxEVHZrTklsQu7Yuvqre9Xjm+KlHkQbguFFvpa6BqfUGyqFYZjfXH33dfZ6JGUk9gx12XH3RmGYcdw5k+/VAc47V5+PGj+8tsABZP0BaA/G6LGZHaGvzUK8+T85ofDzg6MLAv2MyY9RhOEUCiC0Wr4tDBb4Wu1mApptwLCAllLRWisHzymOMYRafn6vnJcYkxei/lJX9fvTeKYL2qZzLGk8gz7VHBK0YOWcH3uupPgpzTRmjpoRUwq08fV5uFzAlCQZxfu9Li+bgHl8fLa/G9j3k611CiFP2/KNQtyX0r3VzCV7eC+NQKKsRKsr+vSX2r+/hPzA/dapjfHM7dTcJHe/hawW14BtEzNuJ62v9gRm8WsD5ByCNwWu563LQpf1cVAxdwrd71eVmLBIMIS++pO6SZuyUDNTvBz4dyW1M/yWxiZnqPLXBDQWNJzzwwXrQgWHPSXMHPrlId+TB/hd/hJx2sW+IA3pLD8S5IdA+BpWthVrowRadO10zNoUz7qsNhPL0pTjvfnLM9pmvZCAb3JPouu7h4pIvk9CRp9IS0zrL/aOOn+zl/OYG4FxJzJPLL3PiT4aN9ZtlUVXK1lmBj5EYj0G5EVFafk8Zk7uGKkMhl2QPqWEEcOfc4SWpFT+AS9RcJCedXYuD2LfhbbAnZ4dONTBbCq7U4t4utioGclLEmj0BU/rqLufPDn1fM9l8dnrMsPmmpWW11QPKLUImU76tJh6dXxWGTIFacyLtVe/NxpEToJhgbU2h5x9sQtU6qy9lGozrsbruR8f3m9Nrd4YT0l1mKTPiTlyJ+ruRGpRU6WzFGqZ7y9qHQvMABRPyk4fl8/eKS3E5tJeCdeezqHlA1xwd9vrghferNALXZy4mnvB+cUpwXSPYGL529ZDlglVl6wbdFpAcFKBdYe5f6xxaHNMIuI4CCL0DOoW9nrnsUchfhnmf1EVoNtiT48Q2770FgZmax+r0VTZGD/tt+OUpLCiNTFp60N7TpFsSm8sCZ7duYAiglHZQ2o26Td4gnQkyJosiNQqfOVLX1SypKyPHxe46fNI2aetIbi9ZvdOm+XAdeel1XIA/XtkgcoqZYiXds6Ryz6zOZKKn5QHLGFGIQL9A3vrI/7Cg/1xsDfySMVYevEzEXHudRkDzKX7djXTPebXTrl963VzuTS/dDxQa7teX9aMkXD/wNFGENKHtp81QGzWXUv3675BXsK/g6vuZ1WaVRs1Jo/tg76UWlfncQucET+4//elxBUK3eHXW/VoT383v1xXXo0FHHzjlJ4Xuf3O5FOveh9NUzbEp5p9mpkdrQAhWS/qvy04ehspF++jlDbzoP+K2urOPjUv8XkWtdCf4v1HO3f5c6xrm5fj/SajIgL9L2thg4kJ7vrPgVPoCCK6WbqM3DT3IS4jNu/ReCB/kRWQ/4xKb+T1N+olgkj0re674x+YMnp9Ijkpk3MySeSRCoLF/MOh4YkwM5/k/CadmsMhMLg40bN207o6GazWCpOvtGcxaIIzd0i3pVQsLrTLPWkMvK5uslOI7uf19XnIx4YZ0JslM/i8rm5KQKrW8oTsRwn0VyT1aoZOOW2MYRm9mtudutGefmVS26jkUkCI0xe1ELAshABYfu5cxZgEOfkOalB2W8shUbo5Yz7evUypREUEOBUZHbUcOvl3a2jZxdtRyhNaBTS0yeyWeyL+nBOuJlLVhtZj4gL9PscdmhiWfLX/NdV9CYQ89pwiFUv7pBTqHfmib7T9CLH5dFfrTR16eh8ziNFpW0sxYILZUJ2MKumLo2LS8+jqNz4L9d/1hK/ybEFyigtrHmPxRU0Tbe5L2gb3oSntiPiFOSfYD7iJd26Nxxipukxz7L7D+pExyEsgSqkO0Ze0NGiZZeVUAuVD+nW/xKqmlmxgVTlQdl7zayf6J4MmJp7PfZBx6WBmEOdKMpduvRHvQseV3I7C8SrVvnoUX1vOhfvehLIjOi/JPuRJ/nfOBsvirHthSuAuN1aa/+lyfPPr396AdKyhoxFDOEnfXAaEw4HCnKJ8YfxTE/af1kmpHF7bOSTfu31stVKikySg52t1aIDyWcbzAw7zKp7fl/utMZStm7CowR6h7AOtXq37FdmsNja/M25Mqy1OGyT+scQONLcwqGJawT5iyqj9zZQKrfNIW6Tk23S3onlrcW/FT03NsAutxcNhXUX5zsWCyPWhNkgcLRMk3haSsIP3k2i1FUO+qYdTYhBNn5XRf8GT+1tcAZXgye37wgt/3F+99+UqYPKR5mciJKVy6RhAG2a7fkokOacGM/Z66Bv9/ZxZynjYGlH/baqTMzbpvAzoH+o69jOgX7cp4wegv2Nwbs+P4P3R5eD9Ol4ETHoFJ2X2D4B+fEqwOayy7r6+l2tH5DrM1kRtDcOcoh2xx7+5Xcgs8olSMvCe/SoBgxdOhhgp7tbOSmufa7KlKA6+3ZWLO92H05aqLwKOC1hU00mWfeSYI7cmag/aeSHZIi75Ey/sen/LymDP7SqO8VUOf4BLfqlUouVkJZx1LECJKnoOM33WnBnpAGfPmqckKBVGUyL+wLk2+6NwJwwCt9RtGjbfGM8yJSFS2I2ytERU9ZEJ5MOYbRd4Oyb1wsqoAE1P+vV+0++Yp9XQa55tauw9Vxm4ly7HfFyFWw/d+Z0YlRF+n5pTZzRoxfRVelG82x+T0UbIfhSRLZdf/hLbRpIl1A8am7V0UJ2Z0m8uTJC/RwzvV632HnICzZWFW0qVKY9FSTfnZaf/+TUZhIQFIZ1ZV6AlkHLVpzKA4XJcfuiEgWQ7VP8V68HO6/44dPxWPXuuHEjbyaZt7Nq1AtzDOKmt1uBCHT7NNX2lAkQf9efXk7PRkkoPxGyaY42CzTc+kNputa5u10hWWtfm32jvkNsFCOMi8h07/+x1u7Xd9bGch9jRcJY/okTCH2PbNHA41Ko2kW7qRQjyVL0dmmViFcsKeINOiaaDUQ8pf5fyC7Yiljey9KALurN5X4du8t/0q1t/H447sYcSms10gD6tu79tnzaUuHk95apZdWupzJ9i5eXbhGlaCAbEN+pCFwLdqpiVFv1X94XM17Dah8FslJlH4KD4Ew9Lgid7ydJYw5LYmUBy5h3qtBVsNzKgAW4M3s7H7J9eoeLD1dqUGAeqjsOI7QwTGXPeckqfW1lOtBuCeWxhzo22k31fkvfRf9oLM6b1cJZ4EiTahtGCBxqeNV9B9OMdE8VLVxH9HX4zp/iEPG7TowolfEKe/O+EPDybNtn6C4MfWpc8tBrv4BPy4BVHxVo7HQiASYbLzr/zUt20jPK3P+m1C1HlmnUJyXeGF9mStORuk7GHHklyNcsOjfwTZxkYgYIYkMj0q6LpuFKO3FyfyKApNL/Ri181wFjZfw6ArZd812U+vVrAZKt6qcc8fJse+vVghR5t89g18XTI80VYVVFMnlROdWglNSDBJCmOdLHZKQQViqJlFxDbnujTwguez2XTjebTMw6J5xJ0KNgSPjvi85VdkWUXqAm4ocpu5IbUwCuGPj04e1ia+YsQwJTr+2fhe5sVSD99BdI/vbrsq5B+3SYepB+Q1/9hSL8kj4NuDaEM8XpOWSiICt12odPH+59A+q3/BaTfknKPVQlL3Rr4vKGxgncf2LuQlaOHDN73MtXmcqAwbdtoxBmOYKNMfXfY6yk/ue+MPHHPKdDrmp69FUX5wMLKOTNwNeGZE1bOVxkQoSCdXhyfxX6N5L9Y4M7t+7eMPHarjDxDXSkrjDweZ7uW8rgtNwePZo2r0Xxfg3h403euK7OoH9zaFcQtB0OI0y7ouLAQ0sv7l6+G2IaRBD83Ck9v/XMozLHKyGEA/neFdZ/1II4iTAojtNLdBk+yoYRYlQrTAF6/1lAaBQzmkNGSkrkFo7PNTmAr9b8qgH0VRh6OiIZD5ZpfWUuesAzHxVx/xHmqTRlCfZa7ytDoNib9Nl4Yg9BmRlIseSbCCHllV6qHssRDAK/6iGcqRZc7GacVUjEMNFys0lDOUMjqFEvGgh+16dp+Z+RxcsMNPpykE/PFfn/QxJ7Bly6uMvKQMpb4V3vK6/8XRl/8udNLH1NJISEI4HS6j08x3KMh7YB8MC4FhFLflXwTJ2cmGpwfMEa/60D7p5j+W/8E06/jbgR2u4bNziO7eUQp+D6ctDWRHvPjR/p0VooJznbD6X5MJjBXf7/u9Jt5qU5r2X38y4x7Eam2Gw7DLyq1iH1seQfPa7rklIIbH7MyeHOarnKtZszgBNE6yqbMkeSEG5KhXWdWOOHCtiFZryyjeiNgD9R3VzIPbiKQfY1CWusjFGtDGCb/CtP/eHOuXYHyeL5yj/f06OgwdwadAgXEm+JNUeldz9iDYoafVAwxih9nnYRqg71dnSrnPhVRRVKpaa55EcUQc2YFamGgJOcuUtU90y2zPboRpZxL2grL9LgElcz9EYRUJL50W8Iw8Ll5Q24dkA4d3Hr+VQkrexHk9w+MPHu/ZZ3+NqRUHgg9qmwWlZ/sqi3MFofttNfytCp/73M5UDtk30uS5pVU3Levkfusn+pItn+PfKdX32Ve8uvSWJrLIcVP+Z4n8PMbeqvKZHoUgV4cAZb630D6M5Yh/fjDk1EDHSK1wa+7vC2+qo8VQuw8iT1wm8bzo0vHf4b0T/Eh/YYdDWE2J7DZL5OtB3XlNA36U24Q+YpvhfXoa9O5p4TwpctY0rzCPnELL2wKpIpWcEupTPRQm1a5y4dQfM0ZKhsqriT4HnFJaL/618mn1Y0++cKp6wwSPEVGnBZdFSBniPTeU7o+n8NDingh6uCTki+uWdtMHfDo/H4dsO5fK9JbNiEPEXSTnrmpfeDEfr7UaiDIaEUfarPQUbclZE60Gw+eVD8nFGTc+Ixzt51m2lQ4aXXBwnAEfRJnha1vA4+9B7buWDhuwRQlzI/sx+xi40YjRHnJTi2pVTUKOGDMMigZdUk99RIrJTkP3nSP+ptT1FEXorJedGPz5uHWssuiWY+SSJ9H8zLHTiXRX3FgIv4YJ2PpwS126NEuYlCYSxPrx6sYijs2xoPDtWMOi+xsofPmLRa7MiLHS51uF1qWBZycXvvDuyRhSwKwSK2sk2xvKxOwgedxvPf9f0D031pG9PPmTHOQ8z9B9J8DxCGpf/CAL+QER/RqW3bHffArNZ0WBVI0HFkR0riAKPa2qlVbOtAgfnm6eUMgk2k6VyRjIz7QJ+ZqVW76cuHr9yRb8AsMlrChmzJpi741UajLmONTcK2YCJXqpEKP8SmI3S2pWRFDfQup41GUiTaHpXxrtRY7zsagAwjNpfkxP2bS1qHezaiHjF3ihzWiKQeoElhVg2SpJtKEE6S5MCga4RADRbEnZSVdjbBuTYxgXMWEDcQNbZnykaeG8Bf++8S8/59+MKhvp16cDY8rHKdJlYMTnYd1dHAnM3zoc1YcDnfQl2d6fuBlQ42iNOyCgPNRlA5YrHN7Vpv4B0IeKJ+QR0gi9zGgD2NtOBz6w39JyIPvVf5xZZ+CQD+z7KtRp1tYrNT0gvjD5DX9t3nfu65OoW2OsNZbHvFyDwZNAHoj+DgNhLRLhEGtO+Tu8Zzh0dHFxyYIFzeE2eOniahAb9cjWZRQ12gx4TWjDsdu1zNZR1FmibX2u0l8672kYvhSHe/IFn6NGW/hQeDUr+6QWGeQNlD80419Xh7BW+piRPyNKevjLeM4Vmtn0rhKfpd/STvD/t8w8uh+Z+Sh7fxHRp7K74w86H8vI8+c0+KB+u7z0vaZ6gmfZ829o/pCcZhwwBpbNLungfFbYumihJ0+w8VKtVefv0cNvLa2N+6/AO3hUFi/no8/heYTBf8PjrL//GD5+Kb4Wjy8kwcO0C2sU/kASFoaYDGEvKcnMcCAHQcX4FEq4Egtj6puAdt5DvqDI+KMHHqaaZSwSECbsjMkhT28Y5qKQVU0a/yIzhu2Qq9jhkip09Y3MC/ut8b3R2Uhu9m67jyUIcgXJ5QGiqk1Axyia7rGcTQxqXUUJph/1d4hnGeAtFrRkR/Hz19ot/ODchBS/0Vcj/iVaY3jHQI9W+Np3pJ7hftHH1qQYYHT8KLpyaNZVg0iYGscP67yAbY+frpHvk53nnlouRmnonaGJNcEXWK1of/3EuM2iO6CqUC/uzgfoY+2+hFk3+tPLRzJtQ9dLnVROWJ9ZDFSoB/xzkYaBHH+ML8zDsMD5Rvxv+wOE6ybT6WcnY0+Gvv1065axFj63bRfmPeGDQJTr3aK+0vQrogyO7ki3HK/GILOSLrNOaMF2O16aWriH3oQsu6D7yujBPQFsA4/BQa57wnFaxHBslnanbZ3xNSt7ZvKvVHP5c3GbA01K7GnZwePdLbdqVM3eILVRym0ukbf5k7EHp3K2e3PsW7t/pr99kt1Q2BSu0tHBs5xrGR9/Lh1/gvyOR4kv+TbYMd62fy+mnsfeZw39OTJYjFykjHYL79gZmHflJ9vZRjNrm8hNzTKkdarnTa8iQ/NqWABv83Nchc0NaOOvjwi99n+xqxqves7jWs+QZPiAv3Jyt0UFbtpc63ngUVjh4xPSsXO5O1AXNB5VUXRy37o3XsgajlTG8u7hU96Vufwi0+Ti2VL9Chsm3VjOZtcohdwK/dsQV6oa7n7PtN1hew2Tw+wgKfGuetoTHkyCAnRw7SaP9KJOEBFuQmPzjl1/CM9TyT63ja9Ya7YXR3FO2TkhTUMPWOQGx2zc3Mnw8X7GiV5Hu9Xj8VoEHJwd/n8t5vmql99N1/gnt/QPyAySOFkEAss4jWkn8JRHkyfJ6f1474H5LG/Nt8YgxpYkNqKJxfPkb0rwRIQL+2uDYbXvS5ACJETWfnJFB7O/e7n9zQZPZpykx/yFLMo/9HoNaqos19KZ8tzbUhWtI9H8j7eDXwxYo0lfp5RKj+F5C+rUDyJ8MmdP5PzyGyIH79q7LPDnBuc6z310jycfpQ5nr840t+9aV0dU+S6YF2jX2kmxJxbk4PTejeD/4sttNT8+/d9LknbEE+fnfD5NCNhv02P8GJAJmLO86i8JEl8j3+s8S5mH0VqXV2WicHj8QzoxYYm2gUolxNj7HvPMJxa6QFTLCwx0kjxKRXz51zfx2iRscRb8eLPnLCbPtrfgWQLe3mHZNMt5Ttix/sUtmilhFO21M1+YWkK1o2iF7Et998KIrVQkdf9JSQP4tbHkL6T8wL2JDwTpJ31m9Z1T+v0bcWnri4aaqY6n8XgQQzIgeGwsZWw/UXlHs9vMxrH5Yc6Ji/lljIIa4l5mr10DvhbF3UXCdZ9L5jSrQeO+vir84uw6VEFr5bHt0frknTaB87UTj6fLGWWvEyGG1lYfLwIIur0DxxmKFjIJc73vRvktIFHs73cv9OnjTB5LD0hFeB9bPo2Ddq0yKxi8sb46U7rT02E35eB+e0DRHHejYPxAzxgfgEfmD8Zt43dsb+MFAW1/hSEf9H2YXC7MFe2kRfNZw13f2fpwb8rF3JkWBM/nIXema0wKpECxegifOTDlcnfqy5o0wuAEOquF2e8wLjf3r3zclfaRR+VJu0ddF1tLRFuuEfeJcmNPXsbobbbPTqMBz22ie5ED5KLxtpMZQzQpMBN9yEP7/1Yd6y84iApYK4hab8KzlkbONNcUxsS0vkGUWD8obGPrAswQUaVn7aGwrs55yrVzkF4t/BpDESA4LADopoy+Be3YxrR2so7GeavJcC+b7WdjX2UmsMaMZJvlgpRAkYCwH4VLsJot+yYJMO1uL837RglmXS2XqbxVmGEbJ20rOxKczpLrhitUPUQVqh6XHznQciXet8/XU7m3D+j4zc718smqQFWUWkrB1An2fkFl0v5VD3D/3mqHrNpXtutEN28cTfA/S4IAVwm+zgWh7kCywd0/Sosn5cfrpiSrPeNcZth8tza1fCQo9gsYAR5SLBrJfwxt2yUeOgE0ePdbrvTOPZ7gZPQT25aYrbJjw2R+D0wXIESmedW8EJfo+1tBGsBjQcV8ho02HX/HWzDq5t4PzGOXhs7tZGishf2JVTihf19HxZZ64KKua73eJfNrolvvlF17mT4eH8OCW11osw2s7+od9UzCI3l8KdaCUfPVI52cj7c+9x/f94ZPTtHWMbluyFe/ITLx0kOmv/A5TujFn+57ZRlmdLAfN7SYezYpW6xIMDD5b9YASkd/wdcPvhnrp6Ha7h6jrS0l9QIS5V43//O1XP038HVw+2tCSCpLq1y9WxYGWzCkw7jUhGj0zTTKmGbWBVc0PUXn4T7gg9T5l+nI2pOEaYWTpjVC1tRoZd+pxU5vtMA70s8t6H/r+kT6+pQaQy1xqmBcFY90Xa3J/GD8aMk3pFrXKF+OS6yrg6yWc3xgGFZj8IJbafoqYA3cPBF9RclRUFDvyoeYNSYG6nZ3+w/isIhSl9VWv+iRzFn02+c/XwDawGtMmIzwul3UanHYc59hNE9TUc8O77zW6jZrvZeLozE3U/ICu0Sma154dh2o1lvxBREVDYgElBvFDrlmKJlYbwYjZDbvsSdHIWEz6j3mwBNolm3IT7XT8g/tkDeyePECUvah9rQDXgZK0l+TQt7pbAggah3P9ybGiJ8GoN3rE0uP7HufehGwOjdPNNyDbH+JewP4iN/ukew0PBjPVfS20dFZ7FamN3VqHdqNjv1KIqDyNDzuL56p7RiS4Ni0eyKFmm52kn9Jk0zKjuD+AH6gXeJ+GoSzn8Pqog0PLhlOM70A/vNhohpk7AAZsWX0TyFc3fVHj2NVYCsf8B8k9Yz1BmmtwMKfRQEiy3kyJXWHBktJN171XKNenrsSEtdft+H8iliGvnc5I5P5CzLYjeurHSMLMO5nsEDcHxtWj1v+g6qqRkbeSsVfXA1RNAnb5NaFjWrDOFwUsPSecv5YtkDeJemSSpE7PH1AcxVt0KeIe7/n88MslzQXJ4EoeLhLJ4dvJC+AswH59dj1gDzh3W9I+USC0IsSfMzB2zyXyDes9uIi8lH82PthVRbTeWHOLK894asJAuTzp1X3fOOCf7Btc+zuH9w7UOXufblOwErdVGSS/3nXPuQf8O1X8wH/8NX9l8eY/Kj6akin+Ye/9SH0TzzfmM86QrqTjxsvUf6jma5yiXlnnbjtl2tPRV3+vTrpRtqIcmDBRRiBZF1wxLipJ8AM7K8sPiFnezT3PwM02oZxzTiI7zEVtJjL67nlsWMZ9BFNK0HGs+9SSxxoeXmN6VXGu7I57omFSoZ5FFu1x4yrUfhhho3DmyBEPAryHynFWT+/OqyryDzcZKOPGQ+IK//w8j8nf/A1gNZYesBXJd/gsyX/xfIfD5bT/5ath7KytEj8th68CllQbBH7pcOof8cCLs7VnVlXlcogYM8FzltUslUyBDXdu1ubwMWFkuA0+yMrnviCG84uK0Gkq5g/hUDq5Lf8aglmeu6ry/7hGuwPjqt5/N2cFb2VhlJpSbfcBfrV3ePg3wA53srpA9HEfziRCQfQvi18cj2n/9zsv2E72T7GXIMryJSbRUFcrEw5Q0lpwoi0DsQNP9Qb2qZy+IO3lUeRWMGMaroQ06aqPCpbEsT0Ttp+vzrxVYIzr/qo252kEJ4ZPsLgwXfyfYnP/4D2T7tX5PtZ/1Mth8dzSfbnzvEI9vnwdp4ZPtAw9Y/ke3H5VQjms4jilU0wZMf5pxWyPY7l+yJX4dugm+EDNUxzP0+g/7ryfZ53iyDQlEDTifZYx6uRZWDA/Ih1QYQSq5v2lILCKOkjDb9Wae8PFhuD2BltObKOmugLE1ZrXaV4SpGxW85CFubRp384lzFD4U17R+Qz8JkJcnJMprp1TcsrEnkmgOlH+ZyUvfM8m9LtI5bRbO7ENilo6MLgyof6gB5U/WDrofczrD/J3Q9HmvpevA1+Nv5DBXwVBgsA9GtQru4kTj5Oeuy62fl92IB3Yhnf1lalyZTftD1SN+wcSM0VdwxUeXJk1Ui+Jmzf99UokfOtkW6lMzPzEz7LWg2ZgPi7VVm8IvNFW4ojNTtKCnDV98WCgL7DEqKCu74dFnZB5v1NalbfO7ApSO6NZaQNjdPEUW1rmteh1MHiJGtjIfKLVop2SGtY+8tiTmJCGHIRU0/CofGJ9uX+ydk+7oPsiC+qrJlfpSkoVN6ZL+nIy3x96eEmWXZzyPTatoaimKDpjD5j5UktOWYX5fZesRX2Xp2wmcrLIljRs22eYgUXYS4n08r5IqXbhKdXwS9ks1KA8R4IcnXHVjqA1xxM2pa9RAHO54f2lJzus38VSN7y27CQBv4f8DWs/d0rME7WFnPFy/x33M/ILzA13NyeqScB6rkw6pvVJnKT0pixaWQZie/K76elbM7eLjM0oibUs1YjHi6I6vYqFGuB0Z/+6or+FcnCaj6twqa3aG+qWyM8J9f1VK2BoqNeJb1DJS0BTUKSF3V3j5TsFQUIXeI4eQaGadjx8NPh9mkG4SHXDiBl/cKIg/z2Uz9406vSO/9V9vUyjOdWtZxkPsC+VJrgL5Pgvqrk2xcdI7ldU+4NCo8OmGrQarDefQpDuy4Y7sn7kiW1IzmfjCu+i5bZvYrsHU9jMC+acQg6ArX/uftP3Ptp8LQi8/+x1z7Q10p/x6uff6r4MI8+FY14M0Gb/pHsp49/z6yHp1CfEvDdmXZPKt5WkDCM7fit5YG82py9/iY8zBxFFqzqwl6oygK7sAjOSq1kuAz+l9dNewAcQhBoraVyu2bDv6NfcO5MOOSmCQrAmKsqtFNcVgqtNbB2Yv5bRvApMwPPigbRRxfbA/DYyZcMepy0OMXfe9XbwK2Aqb8AqWaLjjGnMsh/e7ZHgdf5G091orc7Y6GtAMSRi73bah3sNThrNCXNVBP9imuhbwYTAm9ziCoUJzrM/uvqfbnCnCOVgbUwjxqNnGKn7Uw0hzkGIDvzOHlSCTZxlt8F/TIfx9s8H/hg++42a4UjeAj3z48UhY69zXq9NjDd05qBxeVdkvF7A3d8e3ZwvvDMNvLBcYxcQ2+XWYxjqTRLvhZhdrElnQGDoebetuawb9gLV5UcI3b+v/t/xo31dEIIbo4TlfhTe2+yTIXcSHJWOtFzupv3m36nLNuYnCp549+8g2c39Ic23CV5B6kYxcO8uQ6s6ycuWLXp+V9Eatfff3YuyUeuqd/rqrWptSJu231m2goDuSZy1gsJHq5e9bIFPitCRRQT4FBEKtOHblwllrnPfTa3n69pLSxTtdvcQmBAi+RuOj5vhq3vr61zypAQZCT4SwWnbJYSjo9n7UmHKFUI6qH59j4WjG0tYrD9/DDGT/+7qd4rOuvcZtmDuLEej45r70H1KEDRAQmxqZTp5fyOJX2ZU+byZp8wgI4d9OajQoy27V2hzN+/W/yX4SOf0mJzwICpaplbFX3sRHWkdPK0Zm6rprRF/H6ZHmpwupvvUVzh0CL47Th/hBgm7BCMuaxo82fKqKaXYVvGldRdpbeOFVnv7HOVqAvc00JRETLUcH+ww960VG9B9xyPXW4Zcd+iReqzl8bSyrBbN1QF8WWwwVRamxO+MtNxxZtXbNGv2cBX5+zunmSVhNB3l3pIiYsZ/gw2iyMa3c+xsapgNR7XCE+Vto5KLFILVpWt0VmTbmMDq1HsL/MJUYB8ZKS3eha9PyVS+46ZDswxtve98qjY5CzB/pqZg60/N3Uqq1KEIuSJWQWrFsjjbzF4/boUZaqRp2iKSXVKJD4i08zaiEsVIpVHI05nrEtvvE9yFONvpT1av+aaX1HQ7wGaaheo0LimFCJemGaAHJozkryqpKkUTh0wR0UU1vDWru5+yseCvZnvkqUxkDiwNPyNcEfxeOr64OEOwU0KKoCSO+T0B3WQmva1xOS26XXN1V7U8uw34pSZfvZ94osDR0m8PGSx5GbmJpYaDoxGDM1p7uhzmMNd9aMFXDgrx5Qpdwugj+yXRcTg5ygIE5tR1KfaV6gRNg9OpnFck6Mo7JmX7r4eBdY3frUuvrsu9Qo201ribPUL0nq7ST4LW2k2Phxmc5rXqMTI742FAjf/H/sf8AQ5MNZkmA0ApA5SwuTmrrhid6WO6tDKFpaxb3FxQspPVksMC5kDPZSIJU88zcg43oCerBaKge5wVVVi/Krbb0Dq1TvqPtYOPsHxxvY47YBrXomM23AAbnp13LpqZJmxz30Lj1K5VEvzpgmlhJc6qLfsHb9SwpvCvZfClfi1shkbxhb6tR3v2PS9Vfu5Ulq6MHaudwd6/rdQ70X8QZrtKaekN0v8YEVfq4hfe1Tavjowv+LvfeOa2Ld2oYTURFFsCPStrIVkaaC9EAUFRUBFeltI1KUHmogkOytggoSlSY9iIpKE5ASQtmC1EASRAgdIYQEQk1oCZB8w97nOcTz/r72x/f8zvs9x39kMjP3zL3utdZ1XWvNJOusiEgQZ4vEaQ0wkLDfrm1xZM9CfzoByMg+FsRAt6pKJLYm3LNg7MfaxyEVLRV1MxfbNENXXD38NSNfpVvj8sN0v6BON5q9X7FVAUOszVYksd0YZC+Kl1g277eXToomvmB7rXMo5d9ZTcSXtdC1H4v4bgnYLj7b0uvswAFmoOG8DNY1LXlD9dZoqva+oSthsi3PuJopg5VphKtLPvK+6sA1jy21Q17hr2JvET8hd/0h6x1bWPx7rJDz3bSm24tKRYQXZJmgb+1bij8rkym6Ys/rUxiU8q91o4bRMqoEhoxqBK9ykj/ySI+wW+jrtmqI8NXDN5ncfHo1gGxLxJsCoqsU7SMECJpVJe0Y1dE0/kEj0ZtD2YFMzcdQsIELQDiXf4VDkKz4ERGSoAD9Vf6H5I3QDgHkoY0UVA7MlxMgKWdQse+CrGYAmKp66ecvvfe6zC4Mehokcd7o5kaZ6+rF87fDfTNCLjo8Qcuu++lpqJvoHYLStrfB1bzmI/ZAk8AyIhh/2UlEtnO5JCMnChywvnNRP5EvI6JUvBtB2mGj12GpiiH67383kzoG5BCIl9SUdGoON6jCZ4F7BRTeKkKi5M/NGUc57hbz9c2hndUzGdqNcXbCfvD/KEBfOYOHs3J3/rQqMeAFrlL1s1gtYVVq6H5qe5CYks/g1HhQg5YbZGRFN9BtYCvJ5bpnW9qIDyJhfb4IpO3WrBf2Bsb1BdY/2pEyCNIWmPFMp0wsopMViOtYZxN+w9i/0kA5DNaqSewDFj4qwWuGbicaO675cUC3RbFC7079+APWXV1gHCH/69VvA0pWYSWotDcOl4deTs7XKyUz7vlLjI/L71Umo5uL4WuJI3VnA2JntHxatFIdz2nzvaK4kjK+G0MjjTUsKfG9Eahv6AZeqO9k+BpNjEi3bR79Z/n3YRFSNLVyiGu9zsdDkLHcn/gF+jh/y6Ly6P/Pt86Eg8LDV1cok94haRUYgN5UuZQMhk/le1sQzxhYxyCdN49dUXftBXNohcMdMvq61d0yAEJRcp+8ABjC2eK0eLRMRJE7hiiMwW8hWPMxi9P5RltJl7a2z6q3n5lyXURwo433AenWA/wTuortxGj029uJo1Nrb4PsZyD+Yvc3d/9mA+yOrgCyUOoZ+PGXVM2zdrE7tXJO8dqfa9f2eQa3m92BQkyHDhv6+2naRuRZ7uAbuQC/DVh0befRk2jnHBrsuCrVVZBeAcyxYaUnRktngnmGkDp/Jk/oQ0mYt7eWuq23tRc/vq1o68mhYtcTKP2a6PAkBkj7xJN5P2ky4zpWr7CJZikOzXkAXvAtW7dVVeJ/LbWQcgEc4P0+DafX1KT7WrVAgN6ziNV77aqXqNi0Mg/Szkwlb+MjjaQXALGxVjU0lcTpAfw0RSJKB5qULa5aIxAQ67OFvmLVKFmlzD++st0xFGE6syQkloSNTcC/WsfYFMyeEohMZl4plkyFNN0OlJCaXkTuxLB2bl5lDvtOFJN92ju2ATYojN+urTNBR1Pcj9DTjga/jD3TLmxtQx6+rJ9OZslTOSue2LrHJXwgaaoBANvmWCB/gDBKe/PWdsfWcrlNw3yXQWjr/Bvx2v+HnLd1MdQKCzgYWokxMnFuptIaYrr40eXjAwXxAqyiZyDvWx6yZFAqFStufcixtm4lNUNZTJzFR/Rk3BOlMIAuGrxYbwy3K2hKeJFwqVDXCZTuD4B2aHugAyL0YfqXgMGrSR9E9Bj1W/lMuTaifAAqM/WgaVEampRzHbdSzQ8A+kNvBeidlt2BIHuT1odxPA8hvkS+Um9/EuXdOrhitbyh4NobhDGsXEm78ZYvcIiMTSMNzqrYtZVUVMac71lrZ7aa3lYprDleSPuDcRCArBVNw3t8MsexswocIN3+rsEYI/mE5YqLjtGcHHmcIDv3jJX3lDXkmkTPe45/6FeD3PUoe5936Oj8ORnGS9FWQ9qZqZdR+GgONu+02HNiK2Oe8p2Blilp28Nn6R/EM6siJOxNv5nt1bxacECaqO2Qtrf3BdoD5yWfR34Qc1X2tiBUQXCAnuY7Bwe7J2xWo/CXKGL7wcTCyNTrfGYu1wgDpdv7pEuR/8rxTQBbyvUfp0cyBM/FOZ5AET6kJB1RLowoXMuCNTGcwQvNet2bdzFX3S4NnR0+NQYbe9cAMOtUpdfL2QCrbrsR8iuqQObzRuZB5s1CzqAIUpiomyHVAgHrYVv41nh0HwCb+QvP7sP16S+dVWgnH+CV6ulAJphVKo8RJK2Wu2tm2OrTe1IMt9BDBr5IVwphlqOO0EeYx0JjFYpQJyJjv2IV5S3MC+d6lDv47uuZsQzU8Hia4aHKvTKGs6nDrrvTLO/0UwbUKsUdg/88A4+ssz6tYSvrdt3OtGsqfSAPm3eURdVt1QWm73pX/IbKiVjesj6PN0jtUiWrfl0MfUEt4CwvBAvz3fqdRH4yDhr/5d8Igv6dtv4Dh/+Bw/+xcKiAqrGG8Coqc9HtQcG+Y/WdHsInyxFTUimC1KJKpHjtPODsiyvj/bCwiFKrgmH7y5AaSRfmitTaCz4FfHt8EMz5Wqx1f8LfZuQxWtWMUMwe3F5ZURMe80XUtDDHTn/eGH+HgJDfvDJmHiIAiLUaRCuhnYrdq5Bkyxx1xeGN84Z3Y9ClBOpT/hrRiYV2AXrlPWl46IBDbHtQ0v5x9W8UcABbPTJhvt3y5s1V2c05oT7YaaNi21+mWmkJ0N8n4veSS5QKalsvY7u3knqVZSQHHlMbVs6amoScRhGitUIQTqUjOFr1fOu8zt3P6cONW5gd1ND1P7TcXAdmva35sDK90h0ktc33YV2goOSIj+drSZr4MdFa7YocWFktPO2lHk2Web7oDTNPMyVDs+D7l4Wa1vimTNjUIGUJ8XWu/OlO3bIkAlkxuIFd0/oVn6BZSIFtjr1ioiwGNYSkeXlvrdnL7XbxN9NCI8zxUhiG1AvTNaFJqss9e8cWbeyTBEZ0IGjwe4/LcdlZB6R5wUW6nWNeLsM1m3HDkPhTVaF8QoDeHC871p7+ZPmBusaxHyv360ChPGTwRT2qnLu6vbIMehspsGJAV9tRq2t+uRlHa4KFObRYNlM4S2cyD9Ku8pUP/sx05oAqh06wB0GhTOCmcJE3mee1nOLOyvSDQytQlYF6IX5jgyysy93tJDb9QaE8X5z+QJ8LB0m98Nbq9Qw2fgRYLk00jCokQEdYrFeMjLezH2s+2Ub7tR6kreEaq3FKI9F2UiN/Oc37I9151mHYofBjxifhx/CfqRMQwstd29vqIa9KjAhXNHJHr4Sxquxk2B8zVAvJw67mkuLzXyRU/QiFrWbHzhXIWBaq5xwhWCADfXnjI7gcxMyX5afzi/dLPhc4ljiwvlyX3Bw7VMOIvzlxWpA/Q5N2/2frH1vPAOdi9DfJWAbXU75ug+hWjyulTs84+wSWhMaKt95Zk+Cnb2eArKmPXI/lroxMlHIrgKTiaBxTZQ1JekF9g1ibi74kEO4Ksj/kS+ALeNQ9+2Mo5WPuEeX3Yp0AdGU5er4EhRbZ8deZfjAqboCqe2dGW0MG1t5uocNmk3E3+HJbZ+UNkP3XBCDTx7QovFBsejECu92sZc72ifzO7nLFeWTsE5iEMxs1U6Lre5nO1Rc2z/zhb6+MclAki+83hEvqQJIUkuU1dKBNwByVG5tc23qvJqH9hmLQTsZX0gf9/fFFvTD8fZ2fSsDzWuCAqULJ4Ub4FM5OkHTmagyaVeHg1roIh+jVtoK0pYQxUSXTwyn3/hcK4G9AHVjU0hvfm+4nBW0qIC7uPccquqvViBYksQd+RsBYu5MoQopW6GjPIhxQKwOaA+BKyfZX81IYf8R+aFPT2fEfgfzjB4zsAxCZl9bg/5AQmGfXOCXYBQu3FD/dFm/4ktozpfXuYz/dvZBnBkq35FsJ4kb8PvLzV0xkuFqpk3qvGiIlDTuhNGFsXEDMPdfmb5Vcdc5EVYapPLnJDX/wchpfACEqrYP4qdar+gWAKqzSfHzXFpf1uRZ8Ju/s5f/RZHok6N91q9EOvNA+yW7qsg/3LMM9kJXJcHCGYqlpGtaK5EVKa5OzbOqjBJrDsF5GiMrmaXNP/gmRqgL0UQBU578CTHP+Re5q0gm83roDnylKdmB+Yka7wZ/576DSb2IjFJoaYC/FVDfEbIwPhQPgNuG5o0uxrhoclF7PPNi6UrHPEJtbY+Vwykc8WW74+JCao/9Y1+YoqPVHADxmyrLyJeg7MNlysayudXxR4WX1p1woCKLLHAqxYx8O91eU76MyMe8TWQfP3lGuTym8PN7ilhA96bY5UMhGl+V9nOqu2MPaO39Uenqfor0ojHw3CK6UJnlaVyMVMlJB2nrqjlJpchrPCIsrtpsdGlTwhgh6t8Yiz67brkoE+sRtMwRJOaaLQ5tur566E5uDDtFAEaBYvZTgPBXpXRjD8ZbqAmd/d2Q0n2EL/s5FbY8B4iDXC9Y2GwfQJa0s+dTQsY9Usy10Z9ZUrnrfEnHzFN/XwCnu0cvmP1Knfby7qngauwgXV9pAHM5SkeRqOVNTZq9CS46wmJY01LBFSrWpKdxclSY8P30FFO6bwZkeai/lI4Wnw0HVSEao6AxCcnfAoKBbqWSCb0YSQ9bxnGnbvZIrQzKiGP+7ki6li2P1QViTt6xrNc7Ylx+CSwiepVGsh0zKdwhfhJ72TgSl7Pcqwzm18UWRpCyKu7WoJJDt472Xv0d5AbQuFMHlrP/dvuT/MZmc/f9GFPM/Xc3/dDX/09X8b+tqOg7rASRLQhoQsLeA7BA+2qw6mJeRWuq1AVamiCSYS5FdUlzXupHwSTlu2eYkf4MBsZAu7x/ZIJfYvneP6T5o0rl457tQxQnXxbUZXcrsrYKmhJXD7T9h0bgv4BXll/XKyDDI3wyNeACKro3+6Rh/AK8Q58y2kW4eJUpB0bo2/BzbHyBxUjJA9Plf10JHLy4KY2Rlva+NpgUBCJcgaVHTytRU6ZaN0pOEangQ3LqMWl2A/0O0u+3GJblnN4f58wxrO6n+q9bFdcl5P7UvZ35Z/dFTBS+yo1kuKlFDZ/bZL3+9Ke1mrjstQmoaOi74tUkbpVcxHtKE8Mba83eG5FLCBemPXzGk4pd9Enzt1ckSv7oN2CHzfJ6wXs39Fq9rCAqfsr8MoIpHLPwOfPEQme8WKnoF6ANorZLx9az8dNlfpIUwqnoF5YghmXvpgNYC0s94Y/AqJXjY5VeUXtl4CPVs8XX3VT4k1RycAi/UXEsrUZfeThIMRsU6YIeM4T0KvBxAfL1kC4AXvgTDgwXpD9CPHTEiH/jWPRhgy0O1b9vaDzXf3G64IHkTluZ2HQCi698Q5idiGDw8YZ2h/jJPUKbR7vvWqmRwiJSM2txxzTOHr983vHbyzwnohwPi2WO7LH4R2eGCj8fuWr3jQLbQsI1fKa8gPmj8w9NCLLe3DyK3kvVOgH42T08mLl4Mm+Rvp2k3x10+uxc6a+PP4vsiTVCYdsSGVJZO/sWwPa1fmmbRaq3vwzsViWdwskPHp56wXnJwlw1FHoy3JTE8Qy1B1cTqsRxqYHXdK0TF+Pc8vleZQ8hXg1CuMvwPCqHQ+6CZXfern6S/EVtWqR/kt8O9LXT/VeaioZYn/1NHmf+TC59+ayBO/3KmYw33sHSYMn1k/pyKdb5GJi4X1+DfduMQRZwvx7drtoiQTGuHXutHhCDyh5VnHN9Z7pedPUR0uQu/ORTBaXz9u95plPIuzbv8r7n7pcv+U6oFR9PqfaZOghc8aw7wo8eiphmo2sZntC1gAGEODsAu/Wn/nm/dKNpmgFRL7kX0xrSo8kk1N0CqddyvvldzfPt31tgjPzW5qBJqf+gjvqu7pKugMtqT/kuqqf4t1Y7nLp74h1Qrn68Ul6lPea6No42/tC+hJnbxSxIUwy8ZpL1kGWtKCfynVCP71RDiGeTFlbWTAnS1I1BRt36u9zt+Tu4LIRyA0iJbsQz/qnZZbYo2CsA5huz9cfsWWEymCIYVxqriz4HasHcgbY9x+hNnMq1h3ch/xFeQDlNzfheMIswbg6R88K86WD/BZ53WFvoAVyuatiOdYYWN6RX5SOV8PPvbK3nTXwG96X/dvLyjwwEJ6D9VfltI6aNi6yq0XFkuqooS9Kk32fqx2fcw/pEDV7Ub1VTv3rNHHlkPyCD6yNNy/lWq2Q1c/UmqaT6iCJLqpzN9fqxQHJEcW77Vii4R+PcpRfxflimAKUSvJqk4ImOkqdnEfJi6Y0RopM8wMnGXJaOdngO4+p1x5sFZk8W5lb6Bm1qq2jAy+kbNTDFRR+xQ7d0B7uBob63Q5oABI7d1oIYutkmlJWxmJ3hhKVhg/Yn4aN0TpmbKj/At9D2XFvUoqTJHhxLxKqvNzuvzRpe/hc8f5yuUZhDEoIXdqdFbSbPatqB0nHHmqPKSJf+zhKQk/60bMSgt7ShqR9+9lQQXW0WS5flhnk4GnAOYhStIqtRva8V8JaIyP8iwgPJD17pRDdDXa/S2vauJ2TE+kdQWbZQyo81nINAjaisJm9EVaob+QBw7MupuktgbGfddo8vzLCRNX4DOoXltd1Tv4IsLexMJKO3mLCh9fWaUe/wI9X2Y7AEgzjooBd2piijVrmcFwQHAhbAvKwOVk5oensH0giutp0lHwQHwdC3YwG9t+2mMXOZdhwxyYgNZpksKnoZ2vEdeWxQhtZfCzfh9vaATG4wa4or4Rq0ea3oVAqSJ1+3tTsCB2RRDtyEuBOW9dEFEHGp4Zm3GNCgPVFnzRbGEgTcUoIfgGIFSarMpSEvQ4MMfmwP6PiLsheqvh0psJ+39Efk4lZHdOxayugwK3bjh/lMogtJb4GzXj5entOxpZOz0wkMnkJRCYbBLAbpj+Nda90w6dggcSl7DbaFzctwjDDZHrthH24GRADipmp1338CICKn+SrA2ikBuv4xvB+43FUrGySOBD9iGFMqBEdiJH7PbSf3D4UGdysBdHkMVCKrV7tscze5B7g6MP2UkxLbAJl8DWHPmmLv2QMzwDMCE3zVjX3odhJIdv0/tk4p+cnXyQBhO9qP0+t7RurxnrO3OfWcNtCZx3tcYT0Chan3S6UicDkq5kHJ3bcdPpiXNC9Dz4ljvnUc5nTv8o2iq1e3PnrmxXL7Xw7v+9hP1Dv/qT3kPs+UKym8VJJUPFuGZQTDLiZEzfeYa6QHhJ2oLuEucQ63skeBLbRBtJGRFn7fKIwffjl1r7IBJbV5KeQaIDX+T+m+VvdslNj/2fgCqDANQwbV+HMjuU1f4Mk75edBgdVdopycvL4KvXmwh9G/Ep/+7tyT1UdyldVpSoX5kU8au0BBEu5EFo502M+k9L6ka3xDS+M9jQb6qJsUCC52F5YB2lXZklAOJbgLQrgCsi1s7xJdn1hS5Y0Q3WpEi/K1IXzvAg6N3pAx7pTj3DI6y5yR0roEgqSr/C7gBWUpTVUrD0RxkXwDx5W9F/qgAdov5uao7qjszr/+K97tbIXkQZmLOTT4aGPHZxifF5wl4URfuJNneMuLJLnM4yjeyNW0XBnC/RoCMN5kQqdddW4G48WsB2Nx8kbh/0DeqV5V3Y9OnE28IM1jsXbIn1qWUX3r9CLU78VcrsjNEalUZ0KDX91EogWmFqlROIERPvxWk/QxQAb1ltak/FVbt0KrbSNgs2AxH0of1mFAhggFgmPM4BW5ZLEnJEaCvDemq/FRYTZP/Z2HVj/fN7h+F1Yl/FFb7z7ou/ITulb6xgApCEka1LtC0LZSdyx7cx9Z8FD7s2rq/Bea5JGnW5RXwmSyzE8PiY6W+1k1/tyKBuPg/aUVmXtZPp7FsW9kTvbBHe934llEs+OVPvX2TkZW/CqsSmtwVcuZPhdXRKX65FWDwb7tFAaZQPqtfi1jvkATwVXc5btgBcGQgeYRv14jS5xMYFSZyvWDOBNk2/mvuoqttYON8UN0ol/o8Vd4x/m1g3tGzdCHs96gmMmf6d4WfjCQJDmDT9MznAcd/PqVZ8zZjZGR+MRsA8sIdOoR49Fr45sF/mmMTQdrFlHoBurbLEPeguanjOWGMf0ZwIV9hgDAl+dc9U7xEHpdr/aJhLw1JPgoTaSa3n2hnX1qdHdYFTmH2IsR98NFp6vundZNVv3p3Lh4zEyFo4cnUQWoxpZEv/P/C3L1+c0vL3NYO8LBShuwBZTnZLYQqTT0gFTyb96vJUHcQVaBV/k7oC6lzB0lVw+wybM1oBFJ7WfeZvJmM1LAnvaMfQ8390H5i830ZnZt3enpaUgdKfi0X+03DwRA+cLF+kSq+2/S6LV4NnrmdMwgK1fTaD6UdM5w9Pu6jHhfrFLigyB8R4Wk6KIIXmvX4RkVsJOMP7JC1Vs7g4tvAr3YONG7r/mV9YQyrnyGp5YYXWhbGUOqAKEXzN+3mbiYBKwbokHZ2hxQmNYg9CKrsLdGqYWSDA8xMDOl2iUkNrBHw55+C3Z8gBaUZvtirr1uj3uF78c95dZ2JkHlvkH1OY3/tfUoIjhh6Rzz5nNvT9F0eFjVuoOp1KUgTI/QRPwKuvAc44Ave+JmY0JJfC/SlZr7aEc0MG7MlrjQJAxlz6iXDCYB51w9+Md6yUiWXWiXP+dcoq0zCJ8lYdgBEkzCm19l+HL7K5xekf+HJ2/6NCO+/09YG+R6u4a0xF5vmevzPi6IL4UCeZw/YDyplOEcWHyYe3jzYuxEwagRn8dD6fD3FYz3Ij3e2OuUwvDxEWRYfzVzq1Di0e+F3cID1n0c9Nk8CxTKAeN57noUz9hfG2erKRDgbCgHo8pY/NRc0JW+hd4Xud3tHGc/dicGXCs5c4C+tk4Hdxwht43jX6xlP7mrFCidlXyB8aNVXfUNAWzCMWUobdViVmGwtrTSl4Z/qsMoMxIbMbXul2UrpmcCmtVzH9oK1lQFxfUZP3ZlgUln1jPzPOmzSVMq/1mHt0PitpKJaGOJIofMwFRCQV+8gqmJZge/saguaaIbi0JyOjTrsUvDPj9Uw/N79Vx3Wi78OO3st0XktAJQ+nEr7+bEa1X8+VqMy45iy6x+P1VT//VhNiG1jTMbPdVjCz3XYoBtKZMu/6rDH+OqwBuCADL7MqsxYAQccaGw/k6qS6tQLdZOTWveTNBZIVx0z+XbmXfJRIwank57DQkQYaelDbAtOj3punvtjFOAxfHb5Ux4gQdLePIRAkwyP08n/WI1d2v8uddhNHsd81Z4EJBrOdS2AyLn44KxNpV0+dIrprYf2B3ph56s6J+CjbuLr79fOsnFsBl9vbCMkCNdWRubPmTYm4xpYCQPwr6294jSAumHKa2VnK28qL5ubjBvuj7s7WuUBZXfw59vT10DryPT50x5DLgF3B/pw4AUc/+5P0aDK3RhnWdo9Y5D9cPxPX/RHe7nh1jFxgWckwX5arb/Oc3jrTWYQz9KhMRQH9/owoVzLDYE/XeW9hV71qY03U2ghSHLJeAKqtHbgilDdZzRqtQXoVk5D99LQYfKGEfH1k5OhC+XtcYu3uXxyASObsxsTZXio/MV093n/xCYtzXF559FL6l+BPBG4X9I/0dSZNe46tzSro5YzFZnKDZEJLB24+zUQBCmq2oFxhiJ82J8BGvcyJD31ltuyHYE86A+hffVJ9aHg9EL5irK+fkkDYO2pnRiGR3lt/ahmctx3OUrg9X1ZvrebF2uaS4GdYjc0OjuXBsChAfDAPN3K6YAZ0GAVYfVpYW7wJ2CS9rVe6xb879KglSWhNO+momF/yNnhbllnxmhaEMCFcZpN5tbL3ss7MOXI4QB4pmO+yMZfTpUiGMMk8tdWtno5XM8CBFnz4o/PhZk74ICtFXvVZvdDfZr2TVaqe19UkJTQRSsXizz2X6Mvi5wDL8xlhwrSXeHZRTDFE97Tc6BQso8CX07ABIvtwqiKEL4AavMFrxvid/FPcW4iOJnlurWKQUgFhdp69dipZNc8+uwGglRWAQy10P+RS5nzNhIuwpY/Z1frRICkFr2kS9hndX7oAukvQ5HCYFbUVCVrwYZO9OTL+dyhnu0qmE5LXfz6qHerIURX2+1EQ7ajjcqJmtCKKoQEHp+eI+tSQL7BO+Bi9ZXEDgqwGvuOi+hH2Dt8L1zny91QlQ3xkvB++SkflHr/uXs7qah6HtA0rixXPl8J1jgMRa5yWXiyDDUzQ3lzz8ArCWH+uLP9n/Uex39qu/+p7f5Pru3+F708SctJYi4wvIgvMss8vFbtbNEqRlL2cMncxfFBcVgboPYGXdRqrw9dKuHT3xXwjadFHgy2IZYVU8WWVZoAdnjk8uoPu/4NClqGWMT5NzJb/cpDhmhrX4WBlGia6HiPuIuVxP+u9xwxAFj8+mF7nCy5PnYflDiOD99CD/WaXfrqcnemRtduKQMc4M1Oe4D3YXpH/ETkptkC9IkuSQVU7HU4EVSpCOMhsHZddtK2xrP6BuzKvPfZYT814DMAr9To8H1xfN5XddxnGKn+xFd1GgBqVa08xIFChnEK40X91cmGqSMD71lUzxfOjwBppZwtLVl7lV1gB5eCuj0b/JWwUdJ0ZTgGhuZ4bVqC/v2eAN1pVPJ15zM7zW9Dh59LXDJckUjwRdx2vEXQkPe12wcOUP8aNgNKdwQQZPBiIzBK2qehWADntQMKBOiSksMvjVJ6APL7QRa2yOe05ZNjOlCaRVNggq0GLnCi/27NYj/nZYjU/tjt3XK7Mf5cZtn1fcPfABrMdDWgTw8zxoQ/4Je7JezJmTP7oW5G6bLrfLUr31wTaahbRur8TJCnB40eLLeFLvyBoZRZrmNDE91GwtY5FQ40I7AxMdpaKvdcH4M7wQtlffOVHxIpzBMeQwehtJUdxfzfRvDnbh04qDp/H60NEQVeoIuQehe9kbMc3YGhlTmQdpKGdk0iG2bykiE+CA6teBuwHyo6q3BovzyLC1hjgL8j+aMMyJJDFrZHDEtSk2eXgvsktGAzjyUtL8lJxanJJAhRAF4OGXiAFcJETfgeaMnGnSezYdVl07+gvN8pDSdoaLblRR0NFO8cmAX4e+0cbrfGpgkDpgFmvfUr/O5+yQZfiypsvV+1uP8Uwg55m5hm7OtwC0mmN3dMJ6Zm9+bALUGDAzfZT0PJkxz3oCcEo8jaqycpqWvajWNEc1Pzy7FDgeJxcL4YGvgYNwVqZ+d3p04188luCyHM6iGcSxJSpDyPz1/7ZVEz/QA0qzgi47Or5vjA3JfFzy2hGv/Z+t9tS1kcyuMr2s+hv3uA8qG1LZmEuM1q129/gPpky3U3DwPYyFKz0ubXYmyIIAgMvxmxG985gh5gbp5Bj/x/P4TGvo1ezupGnrcaqE0btZRYL9CEnQHYCHOD/PjVpCGC+6KayKEZCoixZ7BgP0dqJnVRPjF4QS51P2EcL5BU6eHlF58zUcv3OKZhsJkO1NArzcmjsSmMwM56VyYc22LJME57gtByvLunCgkkhiN0BjCgnRv7XGxXSuZoS6weDr2dVC8RAwoNeERtANLP/kXO5pDlY4kC9OnZlZDM9icArRLcTjrT4juWv51EbWRFKWlE5O1Go7l3gyE4IFdRZyKHzTPuDQWW1HGy15HEOL3gTRP0+1LAC4Oj8Ffyopf2hl0BQVL0omx3Y/C3WAV4H731XY6TLSa6uHUBes8EXLtMumAu22R9YDN+veufCZKS5ZuCqpLFyEX3Yj886HN3kHvZrY1SfsDIR6a2P0kFaavkpU5YwdOquCDt2SKt2G9Q5EyLN+/pJ0MZa25Z+360E1vuBVGhqamtvX2mjwxXQ3lzn95B0zQnayvXZMW5TpvTJlXMg7RZ3XSLEo1nBM1rnV2h+8XGRUh+5ggbV4lBTnnLuyivGXeQ1LDtOPqQes0Zk0ZGnk8h64VGbdDAbTZtYabZLaT4pr7h7/bomF14dmjcrKsg3emSfWPTGrWb2YeeAVUzCk8m2Z9Ay5w+Esr/lPUUJfMgNEcbRdilioot97t66HN78HQfOFRHHErWOU67xYjD/gBWsDTUgLo2YfK5akJOYtE34she1hyChWplN5NYCIieQ5NjMw0QechL9ZA6Rhw3blOBn55uFKDvSE/9Q2tLbyXUawtd8rnhGL4UoIMq9/WOAFKrX90wYwqgaTbBISpyNkMLcc9k8oUweDN3gmimPcuX1USUlR4FBn9S+zqUODsut5j56+Yq39OQhho+TJm4/3CjDT3aUACqhOt8BCBCxngKNDj2fbHFIWijdzuuU3ZLb4L5LnPKHZSuAxXNvFkiEMDtw50aMwhCSa8rHOHO85celgLwAOHYJ+nDaFS7LCJAfxxaYtoODzInyAByexi3Hibfn8fuk4afYiBCEEoqrdOi5VZ6rLhBbmwGS9DnDn0lHX+LQZNwTpGqoATqRrsikn99PdnhIiqwYSLqJfZ7B4P1JuvG60nLmy7A8wVi1E2/T3LvxDvdzG1eX9/B4bHE0EDNqxBTgnrly7NXA4oCd9hmtoRoaw++92Q1HNRj3k4Uk/dl0/ySOFg5W16k8fP0pK/s0LrmCpZXtVGwKnHuvGmeL9nxZmO3S4adF1dceD9fByrS+76gu/ePHNbdzYm/+uW/Ixn93w7R4cff01gTWDwCzSX7MP8NbrUxfxuphM38S0MvtgAKUcs6FqCRIirymY3RQP48bOEgHJUQ1/65AQB5STsH0cJncX5T/hFkXUtmczCgK+E6fmOFNjwu9WTwchaVaiDOXcnS7RzRqMmNcRyolQwhz79prUYu1FV9eFJbHh4xZ2q3MnFOhlp4DL0yjy/p530I5ySK3uxmZ9UWcEyrFc/F1vMamZqcB9G832ZYKuMFeP2F2cFL35FR82Hj7Q48TvB60kfsC5OGWsemFCUeTpujv2C/OiBzn0ujz/GKGKOOa8R1pS5eeI8bgs3gLPM4mfa8ziAuLlZ/NZybc5QnPfllkSchvq6htp1W+F13eS2zuQPvP/eEO+sHDwvjFf+XsWRgZn9VvE6/jk0AdIC1kbARZqNiPGkEy+hzf5AKN0w8vvgo0NMmyQFHmE2hhUqzldsLbWaOkTNr5343DVrQaDlJ0700yysOXlbsfOOWQntLLJbJOp69tg7y0Jj8A3aoMX7wfaO1m/CXkHOfYybUtx/a+npnYultd+u7V3bX/3K+/G3C0butu5EPtD7EZRPKK44Nz7QhuPreT1ef6JxlPmUoHVNAV92CX6aN5tRoGoy7hZfF2TmOl5jSRt6sXw9fmWoY4t1rWWw4UrESX5j1pbh6Lsqp8/SlHquaq7+bHm8wlep+Ws6DnY9pu0xlCWKq99av8U5Rm0Y9nbNnIa9HyKKfq3P7DbxTzyIJv/u3C4at/a6/0jFveD7gGtFybj1TtObg/ApzhDXjUvKtr+H70rBpt2lW1c6xqBW/uuNnkRd9h+8kwMn9zgoC+3/Z9DZQZt6yEDRq5VHUq3Nirzt2Uxj99+haclpLhtNhImB6vk1Wt/TbS8XIoH4cRdc0LviC68mv0EKVjEv+rZxyyWknDo1TGoIv4T4HLSwdU4DOEqlSBgKk/uAnbDlHsE3UmsN37LdKLjyu1HJ2L6r7en+DdO2eqV5MEBbGE0zkHQl+aqmnWQqvLQmhKK5ukypdkyQ3KJXyXm9bef676kJadE7xaf2ePM3rejZvk8zr2i0VHazB2m1LRyKl313jRe6XsjsqPJ0TlzvjVN60qm8tyP9ikmn36laMAfdDjAH1gLPDsDKv89YvWqBpRv9E9gW9y9kS0ocmyoKb4BknHLMYXE5dNWM+XhlkH/Go0qXKos50+f2tLSTGBVBf6mKLAMnCsiZx0i5Xi4EIYrMIkC0kjQkhUcL5xMwL2PGjKgdQNZ3N4XMPfWtzcJ2nJkxH/4gNpXqK25y6PUsRJJD8C1pqaOys1Gl/Pc3bda23kV+Eg9yph04eqFmzehxh/XRI2kf++izv+8GU5S0PT7Il7Wqmp/2a3wnwz6UJmAut56GX0K6Dq5ygEaPPSs4jOv1+MNjxN3dbH0Ylnt8vTV2a0SR2jiksdc7XhZ1006fWqyTJPLXs7h86dqhXaEIm2m5WP8V7OdOuPjFvp2P+jJ+CAlzcpjh8bWTIdCqTu2fVTW9Zy+BQq+TT+8TXHolR6ThmkstS1OxqWGDvF0gfQ7BjsnXYUH/hqTJomjjTNK/9/baf+7nVcGRFZqn+fb3Y3Xf127OEEDKOycVhjyEdA9Wlp90EMEfDDxMgCJjz25trRX1unmcWSf3TH/LFqM73Zbrdlj82G/8WxUTeJ7cip1s9kUqG3iczZjH29rS32DXs0cpTrYOF/UNSTUsDvLFhox/hDoIh8GNJxnfYn+x7I508dlXTsl5Ex2cqqwhnNjWPoHarrpE0mJ7dz27MRrhJaKCTELeG4vL3Vb1fdSztCS2SUD6Erf6c4e+2lDO3monYJqT0ltIce6g1Lmr6jpx1FSxBypxW7xubFYkzup8hUwVygURdlb99oUKrJV2d+Bs1jWL/mXE6C8cRDKx63dpiJiMxE+JlxH6P0Jf0Lqt+Bou1U/FfroEMZcZe4m/4r6iFnwLTJT37xiS6okCfBe0ugLQRsmsWx1UvKMJU0K53Wf9Yt8oeO/Hf7RUzXLlVQ4q/HfgDVfPAPLv8heU98bnS8KkbZZ/KL3dXHioanHqzMFFnkxDmnwRvPdr5rlrjIkdtL7Xogn6sOfMGt+FsVOiOozefqRY87CvXA+WPnNZxkQp3+v0qcnKPl/AZFwjON22PaSaZ8HnwgkOZ5KtuSQNzd118kF7C792gAM3g2Uv21YHMnYV6GjNNnznzni6WNuFLz2sXYpOiP89iVB0Od/S/gu26yT0Nw6cQv5AkUcr4TFun98eMW2bR00A8FUW54+JVExw+rWWSTe/4azQ7d0flr6u6FeO6W+Je6V/SutwtmBf7Anuh1bp8KvevVfL+0d+ZYAB1Cxt0OBTmXjhiBnaKQmzrJeSB0jdWBvujNSFVz4eM/g2uhTea7FZssTMZp4rdcH9vEwYj31ucaNWSQy5hdKUgJhVXpIZujuk4+BR+Qg+dDQS7q/ifhD6WHV5dqojO54+n8mWhfND0+d2DTRETW0iVF+/saLXCnJLRR0aFOKTBemqqQ0ChhXFOUjUJA7Q9qKG7gVCiyaOAmybsnszP10oj64tj7dc8juu832v6LDpQngbfRlfKh+Zd2p2zJ/HuUsJFfzburMpM7S2lt07b6DDExGH5pksOgYHzmloX+x9Nls26fWW5SdeZCQN+8UtqasT79zMDy7wM7XcZYVfQj4bOSVoIwOsrf2QJTR0ISPPuah2lXusfChpslpIuXlSAEqn65pe0f9twG+pn/a3QxYve557splWc9Vy8EX3pmwWjsbkVtfutDWLJSTFJle1ESezH/V47O4HcmZC3S05UtXHAwQCkLXmfuvPbNgzOCddzVbkG9qhyZ5xXshEh6Xu+KDRJ9kzbXJQClGbWPT2Ytj+jWldKqW3tTAYzQtOyL7HmnSxi8sMuaH+5r5UZR2+p45HhkHShMF+ZCjSXOCQHkmIiXbxNBQyOeJfduGQCj5SMjLzN/EL7AUvWlC+vDQDZWCq0LV3GngVN5wqEhl7v1D9KzY52DwLTn6fqC2+lzRw49mTEtK/9j6PbPI4v+CSW7xt3EVs/AFsIOnN53MUBnf7o3DUxWcOcLaSamlKLiW1gOlNTAX4t/76ohmgL12nbaP7O54/MlUTzgcT5BpZoeaC7Nuh3QoHoLG/3k/IsoQAk8rbVocoD3RAlw5m558Csg6kyJyYLnlb9Rl0a0YzAzodaCUOH7++TaC3727KnyB6izmN/gBZGSwoXusyeSZQRBYZ1qsK/X0vtqkkdPQ2ClFtqyMIr+2RwsG2AVw1+sp/6VcwRW3lth5EHMen79DswnUQVESANpsXNmo/var0GCh02NC3RZUyvYidJA0fjpj2iosJU9dtvZIQNS+/nrwP/iFvUAwwzd7LkHCedctTkjRD6bOf+GpyunOX4Q8PlHHgX0c2DaRB2cLd4/Fn/klu6XiLRZ+7FXBcgHUnquN62B6Us5l3luc0dEn/8T4u67L4FLUYemL4nX0GsSBmvngeaPlrV0JOszMYOGZEFSCnwyhOgQSnaadN7pm/MJ3PjCJDaqaFDHFFBXQkLBzsw5/Z7bTnHwLqq37bR16bs93syrQ8UJn5K85LfisEdt8RFeVJ2kvyn8y07qsI1Y8WsxKQcAVPe3aej2H96oCzey17+1g5okvNYMWih9W9b4szBdKcftl5R6FKr9UJBDG4pheaWuzM3MUGhuWrLwoBkNP5hZiUscNXnXte0r/hg9xYSewdWD3852Wx1I8QILUBcOKoX70OJZM4ziskRvEM1Ixdn76rFpYc1uGSKVnGXQqhMvqwMGvoGIKrGE8eAlpfh2XJyFy4asDpd1o7/agkbeGPkaqV7vMm4crpQApVh2bJ4LlXlpMOVksAJmVztYWsznQy9geWOIyL5P+zdITru/aydL5bIZmD3Z6L3t3wjty7mfBrGX3kbSNC6nIjPy3VhfMEfxKjQJdwESFodEdYgbRm346bi+4hOX27bZpZKlg3avKmJWUgsdlew2EIKUq7EMHUH6rCzga/BNwpfN4ACmkP76mj1UfvLZm99tGl+bttOZHjRjORpL3Ta+m1lNvKvaVnu6+LgwH48ZWobqfQ2gDIHb5mOca5e1w+9mUEZ+TT4UXHxxq+OC9p55IymZiBSGna2JFEGLInq3odVWH+WiyrFMzhR1tWrlais6krcjvzr6adwCo8LPKt5nfqa3xvaWX8s+MtpBVJP6YcdKqhy+lh0J0AWIoiJuhIcMjlwsvLTuiSqLE6JlkbypU64L5cMixbKR+h8T8eY6sBnugpyFzG5eqt61DH4bD+l3vQT3yqgghctwPRp3Ps7Vjv7WNGctyMuX+FWZHVEMHy5Z8+fu5Ob4WHBabR7zN4Ih6zJtev46+xr84qC+/uOXxSaNqQYVzZYXWk+ZjeCYsvXHeJV2xYUR8v0TtayJRdfcSg0qo5VWRuxgdEZMb+zw5vSSypYs0+GGFL3+ofnua7UocUqpopGjvY9HiKWZtIzEau115J51FQkWVU7MC2Tu1bu0v6Q8MF8jBLgMugx/fyoZY5LZ4LmucUIq335Ub4zTm5SIvCab3UhuewO5sopW4tcDd0wvXf62QV6DgXVRz5W5+3efUPk2ev2vY2PwiX+dGLjBO63+Dellic19eIpOozXzaFBI6qi/uZ5pncG/1TsJA764rM/eEgN7yOUS8qyzOJVry9P1YfIcCY/NCo1GWnNlepHXQk4+aAhhXXQi240wjk74Ez/rQ1y0YMY9CmnmSpkWj501cQeW/kio/bel0IXrD79+Lk2UYeDLhCPmircH7YJIjmSrp9O09xNRXZF0QokKj3YXx4gDG45oOpUE+X9Ve4TELQzqyv9zuu+snxrtPKmyhZ0pNAhcPZ7cf03bKHCxWyEMWlNLu1twhPLDqWXEJWM3UfEymFBxut4kUutS1psm3G+03/svwhKOZETEuy0q7TGmsZew/sYtPYeuvP5kZxQlD2lRKXmRMPi6wd/xCg+ixa96yGnEoH/ek6wN8ddj8by1LChwjp+Guz8X4OVjw3f4RXMa/JEQlexZ/23V30m1qz0bf8jfN8PXx13u4HC6oKqz/lTZY692EnIk+qjhx/wDYIY3QHtHDvA9y3Bf/1TeQBSMzaZ/5dP587+f3ewgyZ/CeIfE1z4CHb/xvCxDvys+C/7tm/F3IM9Ffz5Q1TS3xb5l2NDxP+7D573BtOBReBE6XMbuI6DKyWFEbU+A0g9HrN/7fl64RJeo5YdN13Ge60zhZ6U5uL017qCh5BEdOmzpZLiah1CnBqcRkSyUzNj10Py73fmpd0+maHxlBs/vTKm7GGW37OeV9ofIrc8s96lwquAfV4NzLedV92p78BMiKvO6FriDjtlVh+EWSIPhqEnI7/N5YSpBZBT1NeWI3RkmtyeFLQF2e8QoHneVAn74fAmavG5948e80YOy8nFAdlqSYhbKrllki6d/54cbFM7kGRZtCwxsXy4bHn/iYe7CIwzqv0snGeADOGzqDJRYDsBIXAa/UJmjZ7JHXGr1RuAyxiuoh3eLNDmsz3XG98hOt50wgog4R23axw6cQNrvkpdQ9pY4spW6cn8/gy0v182HxPVa7XdhoHcwfHIw0TuZBJSEhaH5OKHPaP1LmZXHsH3IEWTQbwcwz/UBDG/l6xb6zIGvGZjWbrGQ0KllZmXTtamj28Du/u8eG6GzBfuTPD6eFN3V9LDTrLJ0PztVpYgpvxUbj42Wc5pPr386lW9nqF7+ZN1knRdu3NuTsuxTmYLklaObbeSPG1qfsl0y8qNWtxj6v1opCRpjcdF8moXf5s/l4Ogooor+4wiNOujPJ6mM413ItTlCZ/CYxqEwMFHBqNVp2XlesKGy+yD8FnOY4KGGrkcoWTEiz4kcm134+gz4+XXVx0RVPk6UVvAGApJ69L36x08VgY96ao2yRzYhrhz49Gixgh80JwEzwR9rnlS05LK4CzBTU4jF/H6fSIcbniI4/DwDuIHRYhNrOcMskujY/3G4N/aKX3PIyGnLUZKA6dA1eFiCoj8F0HGqX2TqL7CugmVxi8+/aVLlIHCpJrWO12DF57IvLStLK6TsfuRcHzE8hbeyWK2knoOQKFLFigRrHL162nbDOQ2dxXWRumidfbqp5KaFuqUtHy/YYQ7LaIePp8qOTPWejPG43JwDbKm2HamNswsonknqf50ryGjYV035oVvvYzrlO98JSZsmGLi6bKNzrxk1qxA65xHV8QXkvO2B+BqKubIHi6ZQqxamY/9euhHc9/5QsltCeB6ewgnS45kItlebFdESKYD74PjK267D/dA3U7OdnisZ+RdFtdK53Y5EDgsNfbTapPWV5pgenS/2lZmHSeaYV3eH5SPW/p243uO/bNCvBDk7FLofrTK3DWetdDDRy+Do9YPbCGxriCfgD47KopIVFdtHXjzcXYvSkTmDnxwZK0o0+goKFxBLGaGoZMgfTSmWFQIGux2YBRLRr8o7hxH+NKHVlUUnKelDZgA7a1y//ZETfKro1pgIbmufdoh5nmINMf3irrti6lUg9ZpltXcIv/6EmfDt5D8P/aUPdxWPZU/n4+kIFZn1kNsP3hbceEeW0icPbuhSX9Xmwp7TA131Wo87RrL30Iq4/ppxnutZSH6K86lCf6iLjQwNlu1lL7YXFMbfrRiZtZw6RbbCVcYWS7bn5VXMhEX2udQm4FjDJWllUV4Veo7FwiGv/4kUr5uhsw7rC5ZlcaOX7wbLgNJcbNQXKKtRjUbKd/X2BkJvlO72rH2If+sQXSADkN84nVkDVo98dC7NiG4wqpZUsJ+4YN04gyxCwjDuKgHh/TEKtaazx/elijNGvr2bGbNavo3asi82SdHtV9zjPdwRpCcQh4k2EjDUA4/NNqfr173NMGhDqvuiUsayCXbtnPHBMvXvQR1rhx+oyD+VQs0aOyeNbQQXw8tKyHYv9Y10aC3ekTpW0ho6L9J1ajTY5yzsPjO+VXdkIrQmD4d1bBr8R3lgq06ulBnNw3WI1KSmKCbmS41gP+BZs7PSLBO7sq2IirEI1UctCAiovKFMU4o2xdcMm8OOfFi/Ulr7O2h5LHV53DcwRaNSEKcj35e6HQhdUx9a6x/amSy+vDrvIG998rXiLxp5MMUIerEDB3BKZ7GiiUE33ExoDm9dj6a5hzc86kI95kqYAOJuqoYMPvps3/GFbxOke59Zoji7HyVVL5Slfw0iup5o8adqQR/2u0cBASAxbR/eCi0OlB+9dPBq/ri78H0qmqd2O7t0fxPURit3N5Ccgmor0WFRagMc48M/ULEz4y3JVOvqAk4XZr8R+lub02cDcuBvBWDX/lQ7pw88Z3WdfKlZfG7pM/59VxptSK3eatIFRn3LEnIheSeTjvLkxnrNTJltpNWskcSc75/HbshemS8c6oisbMsjH3Ow5v40lQr3i5bN0jNI7Qd9sit7VJ7dgty7W54WHNk6JurLIgTIlCHEVJ+1uflHuaJknctCgekC0D2FiY9yALoalwwwXt1zg5be2+7xgFNXgvubbA9MQL+tDxmTwI6XW6rvQL52tnlZIYlSjnM6PCPo799xEKN/cf7Pumzv2dlBu3wW8pvZT1yqKw4wNmD6hZqF6MsmHXnzJXsEOjliWe833CHyiBRmemTOgmQCUnUUknnh4gXhGTWrxbd/b5BjA13CFbJCk6gMEzq2d8/O4rUSz4tlWv9fUq39cI6A/6I2a8fGKqLeJwJg2s1C6iqufdKsMyzcaJaA9LvKopZU7Xuct+veGcMVJ6QLrAYDG1hBF+MVoDSPugNoCdo8LpfkzODM9Lwqjury3U9LYuo5066pePdRNkTc+cLvY91DTLft1CKqpo6KVZnxrX8IzreiHOYlzrXQo31eXGOhQnBDRE7j56ZlalVLCc6Z8Xw12MySHKft3w2lAuUWXWJUEHqm0TkKeNy0ZMWJ0TmGd6rS6NgerVJ3Wg3d9XYAjUkmhG38+jZOzpjb+wdyJ0lxlm0nr113BTWLpdmQBaptnsYhX295q9v0NBngHDSbVcRWcS45dgbZVoSb4udW6i6Kb5HaEJSSsSBPVgSf0nqcufITlKN7XsDe6Xifi2EBC52nikxSdyOwbUKJcCtfu9f1r9403s2tjP/9mDDYwNUTd7a2bpUnelr9YHmWcakxWSGAMnFR+iRaOcFh5fY3Gd2uhJoxqroIE61EHCM21aD8FwLVM2UpkLOj854V2X/UePMOzugURUj1zqJlk8RMxaRi86T5w9Fk7tSZe77eQ7d13RUnyYa7jja8AmCLq4/iBHFMVoN6oxtyIHVf3IAS48LOZ56OWvQXR6cbjhbM2XhVHFAuSBUx06WORASYvj5MEo5h+PUN19foDt7ujdxmRelEZJ1p/wEKN1Dp8q1t9sCpexzesHIBFit4F1saZWF3JG4UwoqKQFbJ5jToZTv1Q4lgV/zCfV6UVIqCF+CUY9XZlMdZ5vY5mrNFW1Ud27FUG3JKdyOWTMRp3ef3AsiBDnPzdMf4I8qn/ZEToA+Kw8mqQq6fA98G+KE1clHhCUW3DnH2LNFzYF19GnHNrTa9IHEImEFlcTPxgZWF7O76vfmpUkfKwqde3zdUjQ0qK+0TjupstKL2z3LXB3GG7CvtGgNPpdKy1WI+WNk/xb7U81ioiK7SsfTca+i371AGH/1LY4C07NgdeJSFj9OaGXBVn3TmAqzlltI8D+0Y+ZE4myToqc/1qX+RlfVEILShvbtnBWXt52FKzc+L2LNV1QgyWGmuzNhW4QpZH0NmB+oUofgBLLJ7atvP7qW1O9REf8QrU89ru+mAKZ/ImbNnU9KGJXajhFrGs+PZLl0cjlvTyveso0tbtqKWc/dV3eqNovBMVhyjHxLrd8IMOsBvWDpWgTjYEnVgcQsIvt+l/1J8uxjQO8P3q7dh3KAD+0C/nTCPx30FkOVBb4TBXIFFit5bqQXH1ZVtZ2F0NGuct95rlAsvp7s0ccJuk4MouG/fLoRbl09GPTTr9FPAkuzDvCEgBXp2oi4QAf5MuHhsU+xb+eZOgx/X7jVjNpfi4MEL4fuzjtg2nk45emcbPCIej/W7jzJ4Ogq8hx7bzd56pD2YI1tzmmVjOAQjpO4SVhj1buQ3+Sf7fltZwcRsXVQLudpoBC0XxPJKJ+RfOnLOWn/osgWHKrX63QgbyvG4BvDdxtdyzPnyXs8kMKpD1W18/6sn44ivq130tmP6m60cTwbFDKlvh0TeEpvShVI3lFD+5ZEFaDEhleWAWUlVsSxR1Rdy7SdUI9fplJAAcFp9aDPVONAPV1da4/0AdKqsxf4JuRH7ycmZyeJkTWZVghRHLoD4vhuBE/UOtktv97IqQIjnD0FBrvvhhDBAJfbs4tg+awgWMk7Uwc9+NTdtwx3QARMn9kJeyUIqZK1cQRro/MaDmIK2QHXgvfKi/abT3VvxbD2MkuSxOR5J5tHd5JYY52DlEdc38MoaQe1R/WJuW+CC8lMOdzakcHBfTKE8qj+KNDCiJwEP9P5ATCd1CoZ/a+/qIm9Rn5bppyLyPqrFPIH0v5u59nd7PAF71XGdsyiRE8JoAPKZ/fBjnzf5VHaZ1B1+8ivrUVVpD1D0ZV/tkcg7Lf11vtGPIQVaT9boB6nW3Q3ljFXziMCr0Lm7UQtLKWV51V8y1/9FpH4/HlJQYZpr8JdXpHUhR780sQf7i43xQy/3AHZONf4g7QDhE1fR4E+LyU2gD5v66hsvWmwLbEF6x0WnKYrWXZqF71Faz0u3z+Z1pLw9e5yj9OFHtHcLAPRrsDwd8JQ2/I2KVuNGRe9KSUOTtknb7+9g6Hu3anWt8jAe+aQEE2paNWM9KdA6sR/4v5VjwVC8nnI0r3W2N+MM4kdnAcmb2pu5KrITvebKo1h96FEpAJ1bGr18w5V3aqqB4zXU8X2FXlrk7yEl42P3hklDQRU1DYMK/A+vTKKLF99P2D5KCvI/mAIXXeksH6s+5FeVK65mJhDrew37wmaC+4evPVDxHEQRN9HS4txusNaAzlxUXMDqN7mx3wbJ8uzj71VOAZ4A24sIftETBNT2hSXuV7DlI+vb6t0OF/3KA9RfUhvmL4KOB7jQPmGJv2AruDTuHqkv9ZIriWmmpbvSKy+2njznu7t8tW9lV3Z5bMq73L37u/fFzTzNzPJZN/xse+024Mqy7vs8L5HokFAOSuBxWyU/qU7wD7ikLEi+xAvHBnfcO6C5XxzM8l3RP4CrvC2iQNHm+YJ81k2K3NkCkXe8eiyVkrI8bRFKK6UPFywKjBwBGuInZM5tdVMUfSuPo/ZXuuhVW1k5Xqb3D7IWw3WZ5uX+7vrGfc9WshfkjHiBWgdza1/Tt8ZXpF6CLbyjXHNwGijuO3kfLLqkGamZYZA6ZZFcRac2hRZo6H7NTZPSHdata81y5G6jWvgQyakhUUfPOcpOuGlxLOTcJiqOlIe1OybVjAWOhol9SGPdTqLrV9taP3xm0aQAHtOU3+d7RN1nmxsp0eLV/3TN5DUcvpzuvd3sF7SRcaI777OqypoPx/vVbP/g733Cmty6/5FA4hIV1mAUsXGkq6CGFoQxMYCrPQiKtKLdEhIogJRUUBpSi8CKiX0EpoSFem9hoABQoAQAgQSQtqBtda3Ptf/Oftun/2ci52LXLyZT945R5tj/OYYY9o0VqzmTPmTO3bdlHqZGkrVtMM3iHwRx68Z+7tgQEWmlRW774GyaDull03JI6vJ16OFWJWNu9zHUyfxIroWz06lJKTFriQp3wAOerjaNR4TSDGBXVGzeLuEcHetS8Qk5+QYh1UVIV7Ry1y+BafU+Jvvo6+vHMVPk/oy/OvmorgTZ09Pz7q7VoqSEuXfnd8J2LXi88YQyFFUwxozXDXkCjI/Xou8w8c1CRDz+tH/SsDPq39DYSEO2eHPsqDFtwQTpz6dMyo4rp4aIxqylDa5liybjWmFN13enJla2dk1RecFDznB5Ne7aIpZR1iot0TFdyt7fbfEpn493gWsvAJomrE//kZ257lU83n1aZYmcja0ULztkTB3X1YoEXGj3ndNPPtqjwN65PCJGWoo+TapRodstmK8zxCUxhIAs/iOU+XOTNvIrsAlvcP/+7+f0fvhBe2g5zNJTic4uOWGb6Dj7Z+cFuWa5WQtcpnr2866U70EJ2jR08TbEo4pvLTpbEUG6ev48ZAQ+fV0muKYevWoZttUu9U2fWr7j2WLoG4XoV86rnsqAMwSbv2S6/Lnp1GIu08T+I3n308/dx75/2xwKO7Xm+n+/MAt+or2Zl9FtrgM91f8j98O7dLklNz/eOq4l8stNX2G699Pf7r8nx78vYE3G8SYIcqztyQZsKDZ3uZtVvMjzi5sSjGmtkyo1+xoxc4G/16XSVeHUUBRx5grorDNDNo05b53HqvYixxLOW421a9UIY+8M+qdFUPwllTqkNKp3fTyba4QneyY8jC2QFNW2ZWitUTRCs6y8V1yEQNGIzmx1uMKUTu2Hadhc1rS+HIyucC1CsSsmW1VcnWJTy6UF/E3489ammzScMhDCA5+vNpVejJGS37b0cY/a6YRg9huxA25piThbh4SyAPFXC5zfoNslQwpFFS7mZNJwGWpV2t/pJbeIp1ojxp97d99MaTlI7miB4aBbsL5v6JKa9nXhoNEy1GoeY/Qd53RmbFPvrkCvQYv27Yc2Z7M1SXWJ5p56YYg3agF5JOv+BpzxzntpF/aA/6smVICsMYlnTANywyYfgplWJ2z4NtEeIDJ4qxrY3IZiBAWwvo5p/2+wLZh97RbxyfMlCwhLLVRzCMIJKjakjF7r6BMJVNW4etJamHoH9zu/VPFIzEGSqaRJuDLqCOmUhM6xy1Vf3OjtGvVG+r2mN2EB3/IkU8+bSBohS2r0S+pfkNbf4DR4rNZu01Ycc0IqTxmP5Khl1hj7T5Bm39DyP6U0SqsqI9MQF81kPxu8KIMGmnnsEe97kpUuKMMWyFlma+eZNK2cqmjOWTpmHBc1rbaArN3HBnt/MEsHnkZ3W+uP1dKM5WsjQWt8oF0Fqg4G9S5iLnnSKdOaoWNe0lnGJp+KlFbgzq6Iv7KXBbK5GvJracHSfyXPqvPwVmAquhMbX5jzx9HWqZ9Y/JZO2IzjNU8juNffCOnqrhEbVm6T0NPgBpI2EeZhe26CvBcYeewZ5t3LXdc0iNRlkPXABMj+Igu644moh+MHBSnQlA0r7woqZx3H1xbC2ULKRuSjdHRXTiPCpoIl6+iZGPVPUJOBKYLfyujQZhTeiuCja91CNFJ1/Zp5g4cNfGVgzu2/CYyi3+tvOkIea1TzV0lmtB3AmUhYg+7AbYGhINTxbOzPjkF3ZG17HCqj6r7qUALeDQYaRfhGfPNtb74KRbybeZbzJOVPOeFUqUacrKfnGP/QueriF4/D1GwSULWr7lAMU0WAJ2vFp2aSzvmTvoMn8sho/tHm+E2scE2PZ8576bnRYFw1nVqMuxvQE2AFU0U7MkXNMSgQib2K49XxG/VF93qFa+w2V32SsftyRHX7Qij0GjAxlQe5EcgQ88ZMJE5cbNFUv7BN7G92SVOi5kjTxz2BblMbe3h6Ytjavabqd3ciTx8h1Os7OMAGwhaUemnksIMnQZBOX9FV5CqxHbYQgJ1/GmS6+GJQNaiXMCNfbj59KCpZg7rXAzSLbDfjZE4dLkpd0195lcrco0sBs+cflqrqpDpEpOPf0qUpiTfKGtsLbOeGPnKu6EgJfl77V9ISXlWrOTUURvq9DeynTx3n2VQ5nWh8YomEZKN3sl7up5Q/a9OEIT/fcnYtcG1fTHI5nH96xxUe0i2XWEHvmrOcmvJD+PW60Nwg22+bC5VlBU5FPuQr/3wLX0tkKBp71ZWox6WWiHSecyu6spos7A4vjokNFXnLroe0fMu66i2m01N32C0gVfc5pstdLVN0zpFLKhpiNgdN9h9l3ELs+bd63PGhp+LUTawPXTBW3mBQBl40d0/NcAeCo7Fs6WkBE/UGnkIlS770s7TVp6bZ+wYyZIr4fstyhHq2qvQgy8IWAyNJvSBJHMwKKwYqwTQ7zpuebCI7t8IDrH9YyO6VUhysOJCdXjD66IgjKq9jtN7rzzZPhG8RXgRoGo4DRRct7Ag4th4HWHZuhOxYD+fKnyk/lw/BUq/ZHBlwYjyx86iI4pxja7bYUGSMUlQfFRVHj1+KDN7dBKygsA08H/NCo84gcUpTGQ7D5RlNJlVH6cXdGJ+MOyA0IAowtodR8vAAUFwqV5nXwF+bFR6b1pbh89hNQGs94PxAssb9KPijpJzooQtvH/onTdO/VsqOG1++c0XD9X1fkXEAD4zt/gNUw5rCXJFzs5Zw31FgZ3oOkPrUyMpjsT/wGG5Goy44Xre8yK9niKGdnjrIHfARNY3gZ8ufflkzScFst/v36wp/8Pa42pjeWv4C6xH8YR4E5+IsqFnaptyN9oQOC1x0CvZbgCBqYycwZuXHrhEzE07ns5s6CHB/+IvYS7Q5gbaff5+MKHUqDtF2LYAVY2Q35utL1ZQnz+JR23VUQcmFbRQVsnXQZHXSwuKVR3ZbrLR7kqKUx057wVdbV/txM3o9ujAFO0PkpieG/cHqS9dpuva6kMsAqmTLI9c5WCw68h+j7dfW1PEAykvR9KSLEfZQm1OQoYpdworA7UTtrhEFS8VvUoCVCVfABfEplZc0IqRyS0P33Y2TKIwO0yu8WxrixpiKOGXO4I8+WjSosSDxoUVPJnChqI8hV12iL1SpffqBbvP5myeyBBb/kk/eL3UvnkM6dW7rlQwzX996pwQRlIxft3YPmb2xMsNprsEy5W9zyZsEO89xyozXSIeTpotaiz26n7TBSTal3Kw1Ysa1M3FDh8bx/2UO4xlE2cRQ7A+ImL99x9It+XrOSLynBcF/8o+8hvZRbsUxQOzIHOsGw5qF6wOCU9LNGn5UhDirk2RWCrpG08fOMOtGnGJ/8uzzRn3i+2SXZSqy/tuuvFGDyFdPTvIYqMLFpJKAsC0eD4poytTLBGevlTlieNGiTz6YfrzJIbyNY/5P+Qzwb7j7p2U9Vu/1/YGHYq1P/nOyCSo8F0LFnqeNtnh+MrhqYgTpOUgvMd0ddtJ3zv5aWuOkIOL3KXj1aFoga/KRUeIpzzfn7HyOq9eMhbWNOa/VJbUT1kLKPM6H7rgS9OlrV507cWiXVOZ1Ot3a7k3kis+IR7BMg4Zj66rLJtZwh3fXe1YK62cnsn3i+BdqLhAEeirXzJySDqLhryeWJGH74hdSsAiO4bjCF04av+Huh3Xtt/PhWGlSY0uq/KVJ1NmpxQW7IO/rewjsq6RzxnHhjV3FHuBipfSVHgdSgH6mpMzZlZhh7sHlzWaW11ciDx9MQn0Ru7AFSCqiZhMT9NZ3+UGzo/XTf4e6i2rQ1kKc7D0ZRzM5NbJoV+csbrPu2miRyq6bN3d8pg9Gz6qhrAf+1PfDdq6QHIm2QNcbg7tvnZX8tUl1KtiolSZ9R16ZocHMmZLGI/mZ/DxWZdQDYCq0rzDEloqPH05A3o11YfgU5y0lkP65EGtLNmzxTOHl8qK7ASZSUHWcsAqI5sbWPfkav108Ns9mpftzi3s36EDLAVb/fIm/WCh8/NJNQD2ToFra/SpE8zE4YqD3NRqJXRqxfYHiGPOPUmKI/ZFK/1IGO/ImTjxbYx+jz6on5dQWuRrqxmW8BvjGgAlmBBkc8mBv24ZjAniWkh6916GrLOqLmgoOt5QcUGUpy84Hu05/Rf9a5Sj9B20U5bq3UwW0wMiALvUT/ogZBhyNmzX6B3SaclM5XxsFNXDIP0dR0BoDXsXidqQO7I67bg77tAf44CNGbPRnVdKO+Hx/g3uAJ1Jtx3dbvD52OvoWK1e93uk6GKQ9vEAgE5Lbv+tPovD+mxxYa5fyms/lzTu7sq8HfAU6OMgaAsM1JqeWQUplFUkA9t4USA8SV0WTiWzqddGVK7Ue5Cvrfm/RB+1lIKPyFpawnsWX6GRcyObNmbW9fV6ut1ZqnuzO6P4R63gK/cm2XfWXUCjOofvxThgJ3bsVsMxxB8WNjcwtv49oqFvy3q5dsQRAajS/8SERMl6PLthq+4gZNgrO8BOFTz8/adlSYHeH1oThgqKtg8Pd1IELjvafK3qqsKX3T8Mpw525WBiePqUCY4G/eMB083ycOrDYQ3ajEAf/Y12McDBnHtnm1fvOY4PHT3mJAGnEgQuL0gFPuJdwCXcUJb8SOrhcjPTEw34qM1iv5+owHUswHTE4T1nKTuEXMZg/zCAlJXYHbSzgot4dvVqH49hXVMO45SnGTdwhmxOO7nMkxBiP5oLqbU+e60hP1y4FtBppetnbKfaEztFCZ34Eb5s9IEOCKmvIGZHubBnCnGEzu4ZE4WXX32+rzSP5EFMEpDY4ID1LStNBA3ziyOhEp4F2KCC8gBUNUZ8Zr+v6iiIhEF3+AHNcW1Vb03Ph9LOtbjI+jdmY9goLreSo5Ij7/Xsyd6nAQ5qpEVx4mNxi9/oqMKpjm0WOZOzDzfr/woX33nKuCvHzuPK6T3ZQf0XlV0XDk0VSfL0KViKW9ZVxbuNC0h1lA8OIUKN3bDJmADZ4Ms9XAvrv3UMVk2sRqiwzmY1+ArV5/7Jp9E7W9HhGfIoQGDssijXQqnx0hf0fVpeENeXbx9PRsI7H3YrfII4Tugv05y3iF3FhIGS1MOZt1OqNg4kMjDdvREuP2QyGVQWIFDuPYLLLU1742pTUaDN93inDeUJYZ4+l+pE+cv9zkWvfFrkHYUDnPVUDnH3uTwt3bEL6koEOjomEeoAz0jRH93kcnPaB5Q/XuhF2j6UmdtwxgPYEGPyNsxyrznwFYaMWvDNbA+QXHpoBMqegrrxjDtZ8GZ3QvGFZHmlfc4bOKVBb6d3hq1veh1uR6wpuPL0IbQd8CccfR3W/Re3e1cqbspVxgzM397oK9id5fFOn3eDq/RPEdTcsnbFvQ1iQ52sGWUplmZi7QSiMdeGXveLhwtQ3gmAmu6EyZq6j8U9XNQ8hLugzOkPYgfGnGpx1yG7f4yVsV/4G5myGdLyGtKxp9cQ7RtLjVQW30rrQHzrfNdkNReT5HOx2brdfpfCY4EBs4uaMd9CuTQxhfghRKRQvLxTVj+3jq1J5vHOpBqOeywkTJzOb5t5avRqbVMxGjK3mzLlnGV/A9ULSXXmwvrscX9MOS9cX5UjOndpVOZNTUZNKqcdRmfAmJvXbzi4LKkckLDvZdkoH3ddbw3OUNUn57uwG7KY10L2IdadmJS9KOyxGueXc7dECAuHwxl0K+CxtD1VAGOL5l1noSp0xYVGuSC1/RY/vPEHuhFXr6N7++0lI1x1NGtW3iXKc3iR6t84VtYxvJ5H9uhtc9A+Hb0yt4ZPLxWM4ucdnKjkjTN+ais10KnxcvJ6bVgGNikmMfaixZ3o8B6z/SKHUBczYfOozYHklJ5JYod1SWxiH4iCpnzmH6yTHM59h/5DTu58VyR+OSVkLO4sRMKt3GlRLKztR1Z0Bxoy5Wh+BOdY3kACMvbrT8PY89Ooq8dGYQaJK2ftL1EmMGGQpJQkDVNGWFKI1rZKQJrI/emG+AI0SwadMQaRtqlxT5EWGT5oUCGeeVoFN9mUu2hLMnbsT8wK/y/2AvjJTZaAfy+yklUFW9HBA6JBynYhmMfvkD966mcT1U7+ODXLbd9i0DejOFOqNyScxat9W21c5BfT6/JnohJZzP9Lxcye7EfGWRFrm4ppkO3EXtY1bG6Nb1dy9Ak1WMtSvg8oviQDQp21dhX1T3D9ov/w3NIvm6ef8p/JQDQ2U7ej9+Q+Su1UL4YLEGqe/AwL29roOVu3zqMQA7Q1CF7Xg9IQLf6Dv9x2Vqf6fxoo+n8f/FJSxPB/DAVs7WnyAKRubNtZyqoK/vsnONf/P4Ci/8XgRjvAdqV6MxsXByvn1DKI2i30W2O7yVi+LcuwCfkGTmQEm5nSMk5lESjqLcMg1v8KPSoa9mGErzXeQJ3D2j1Y++ExzSlyYq91VNYkT/SuLfOw3hcfYliUyhPbGb1sFeXLDdmHRGuybBeEdCaLz4haUMMtMYiMsEPweqsUHnpZHMmBdrtQf5irqiZiObRQwEXQ9QHBIH3CpcfcU0cNhYO5mHlEbVmM81e/6Cifz8+IkYpucbjuMyDsc0XdgjJZkbWJo/c4HN1A2Zs4AkgDOCPm7YCJmSS8JRrWRLIMbzCPQ5zFaYXsi3nq8oFeGYdVhqycU1Y9c9s35DH4s4k3yz/Yml85g5mq0DJlbZC6cQ680lWLuo19IVHReIL9ofmRx8zSp4lCPJqt0fsiJJVfvU4aBI6oX18P+VQjShgW9DHdwE0Y2iqimUgz2HjnftXPRZze3+RvjbZUNf406Mja6DCltjVrZgoGd79qE4VuWCgnkAxWORQYQx4PYMaroQyKGxlJumRYd8DyVF9NAA12Y57TMCNN3uA0U2EG7REG/2FgqIKvOJwKobCnmcHIJrF0dDfVJ8vg+Nx7BG2eZcGeTzC4Ps07ZH/jL5wiTLHxPiorKqkFA73QmRw0Q/YxMGATfWcdqEO4EgNw2tnbowQnKDjUz0JJDwYILzoY5FKziDatOwPQYuLibGFHwZ707cnePq4OZi4JFnppPto5NqawGn3ZwSZBwfnuLTPJpDJ6PaTUJ1Yp7mdbbdhPrsetgjLzA8szQS44hNB4s/5vn1EbbSevEW48JIHPe/hoMXtrsOG+Tln8o/jD8xVSZdeaSR+Aw0cdNudPjXps5fnr1Xpc1EcKqgWPbiSsNzctdzmWtfHtH0WqQ5/Iy5F0tB7hK8tWJzePrU2dxR1tGhlrlzvXZ6YGU66OGCtHtqiemt0KEHYbdGKe+Sq/7oWmPsEcKuKgRa2nhps45C88jlIhfI3LbhNf2CkcEied8dbSoZk+yaH/tBonojso3eesIlkl3BTmXTsqZ+KzaEMQpsmLOtrAbkHi8Er/YYHhYgR3n8KGjFGXRGCPr/D2wfOoFrkOsYETERa/uzr9CZPd/y9MhnsVgGzyYYzPjFdE0XHJx2zCnvohe9OsFpM67aP2D0ODFfzKDr2uJwn0hUSk0KYiGK+jhJwN0hzNTc6SUdwbwUGAiWlOc5IubzayuP06+NwHxPvXTRbyHmDQM7OLATcazNfTieklQ0ubpnebbQAT4cvXnjoCmYTn4acB+jRqmsWopAqGCTd26DtK5FrwBopxukYn/eIVEiEJQNXCbEvuPgN3veHf1pS4FsJmpHzOIOWfyzdwB4aVlBfRtSSR35ofJcRG4L2fZyBlOUP7m/15F9afdtCa8+udOPVEYurmqIurK0MR4p7eu1BhjBep4VQ2aC5HHIP4Lz65ujgv6+ViHdUX4Lg8rqbtnAejnmeClGX70cc5ZRyaS8LYPwUMZfM7JMU5ZDF7S8I9y+y1LnMWOwfmarsh/DIRt0MFzaaxa33G/8llWwGbSrb0VgkapkxXeJB1kI2g8DilpnWHqf2Z+4gKJS2qEWjAhn5zvTVeZlis5/me7NrqbxO94XGAqmEP9qcF/ycdhHUjMl4M3uyFCjXciWpyoWzABnTVM5ZpxOVGPChf3cHQ5+4LqK2H2o7JN6yvrreOlgTTb0ydAcg6tuyHN5Nk+8d3idJOxdZ2R4r4kQEbm9qitajBrQ9pGHCjmq7dmx2K6DHjMpTtIOrW43wdH6oMyB2ew+DAsiRncQF5trv8em+Al00R9lQkydkBDua0IOPN/smYPbQT9oSHurpM+7z+yNTKaN4T24wpOaUMJnxkms+dSROf2jOAWEgz/E89H2ph7t77CkFDQjgmLYjT7rvf9i52EMBm9bObSC6pihDGp5annsTcJF+BCQO2n3Iar/OmggPcIJLeetNboRlpgSskT8eUaN1tW5N/VRX9NLTd+8gWjbRkANUs4QKfHaaJRkC3alauU8J1JmKN8YiC9JCRswOb5RB5pLHqKi+XGzjX2UyFFBm+7aKVnF+RsSnY3SCi0XtcmWthhfWwtwm/4pAJPa/OaWJWzJqPkW4jZHQ8xteKx4yffXlzyRJaItErmnT/i8e8hlbdmafjgc5JfawgxoogvomAHDIGEqP3XZEzk3i5emaLjaUudwACM/0CDUbB8FI953v2WZ87bzzE8z99tFCFVyxev7q4yonj4Gn0PYQaOzJJIW/S7B7YvTqTBA9OpWg/XEg/3Joycb/B9Ll+VNDL1Vfyzq6ej4oci170ZbSuDl2jvB7YxFRyubEyX/h/FgmAAr02dYwQG647Wzrg6sULtz/guzbjGYUiN4lGbJPfM/z2K7+ZKnLz3YCFn7ac/zBpKuraqSZj6ZgZ+L2mFQysZqs3j6QrPagjjIJrKqDQjQQn96hIUz+3QFCqY8i6CcxlZmn+lQYsWj12361bzcTK3OhHIaH0EeBlQb+lzLK82VZzBZjN9RC6coNnKV/Ga+g2ZTpZP6DpvlOw3c2pt/SSOn1kD8j4hK8ZIHyNeynDsuhD4zuZky9yMtHVBhbXwseuKxqcTj4LO68bkdQfcVOHlr5plUEPsglV3Z86BqUtDV+qjVi2kEuFjZnOhhmtpJ63cqf7n5evWb6L5yq5hq4+CTt6dLJCLrjsW9HUdhFDQ6+h6HnzV0zWqLpADNdCEgkXjZvikD1hOhKP/1HjmCkQoMRzeA65OKSdDAHXdz2AHqNrAGQlorCdeQeKGv9WYIXu4EdrG6QwpDZY9MwDXs36UnIeOCla+ylJ3xbTdl9fYWK4+hnpISHfQjK5ZZ0ZYaOYiuqDhaf0/awjZ3+8YFbqdvTCtKeKaC4Xb4lw903G2JrJYePGk3p5Dxv9X0WFTAZE3512/gCJaBia4pcLHrlAMu6a8ho5WVnQj68d5elziDyxUb7yXPP7J8qdqXGi3nFff75DHuB9k26iQmLuCyRg2huEXUizo0KhBELw+YdJhYZUGZ1POl3ISKV1n/kT5V+SKA9qnrpe6Nh6UqDJvKWDF5Jo1pugtfO/16iTIOakB2kpf0x4Xpt9aQ3yNWrfUOMzrAxcDexbtyfydJon9HcL4OlSi59hifjysyG2rCtwPhj6Kh4Hwwv0OfiOLp4e8hgfbF3dqOqeSf/4rmR/vpLdiIXSxVpKD7B36SPSJ3RpTdRKRk8aTqWqFj3KpHQSi0eeUkvt3Z3dFlS8j4W7VPekl1NsWKvsBy6xqYg7oxLYrzN5KtMaXgeTKDGvOVeV6cvdFoov69LblX1v+7PG9PbPc0r70e9tC9pEFEtxKjsx9IoQzvHH94e/4zrwGPZH9T0QbqcWxXSnGqEspXfqsO2P/Fm9xvqJ/Ixbyoa+rI6FmNoT2Fc2ofU5FOdQrZJZN6IV3LERHu1oO0XvEvt2vZdui7QYjShzljuDzWeWnUIvGDA+3SKenRSKXMMXztMO0u84nh+/3Kwpd3JO4UoJT07jZCCrsrG2y4ZQQW/tdmX3LU9+kUCGFzpiRWvvOAB0YHWdtFMNxBlOE3/e7I4Mmjb8cwL/eZnF06dQKsndR+28BghnsJXOUx2z2dUQysnj0I2MWTXI6gCXm12QVwTj3hqzXG6pmpdZs7H3Qe0HP0fe7rN38KNhiBBHRC1+wxsaUWSXEINt3zZeZl3hFCLNmvOr5UpCJ0CbmsYPy+35+kXfSFoPnxXw1Um+oBkhEeHZaGdAWRboc8EzpNtT73bqYjog9T0Bbletnkz2IAEOap9l/DEu8gtSRSp3QnkaiADE2YFG7qrqiXsyOdI+WPp2+MPCgsQz8eUDCqKe538D4ztnWGfPNk/k8skabRmArGqhmBmhglsL7Ia9Zf4fNJHkUGvRAE6X6W+E4ujgOB8wkM+xhntDD7eAyjEO63j+KIJblJSp2PTNvOHOYlM8ZzADKWQo2tRkxxVurXJrNi4mYN6yZGdWeotJ+z3O2H8MeIWH4rEfZTLTiouBMIF7Dfd4F0qlRAlMP63eGzWlcijxbAus63zvwAKvdtwRVdKMzJ3UlCeO9r9rT2p4RUhoTHalo0a6CjWQAJKZmCVaeDPPZMDzHpDPo3RtlXh+3mS7Fi+e3dkTD0pOlvwBCqL3VE7P6OM+t31jv683s1KD2XUgRZ/eUxtzUTaUn0oO1H6Is5zcxo18lbHi7ouR7NMwLW4M7hQ/MxoQYlFxZ5ov35Q0b/pZQ1EoSsUpOj1i+B3orQ4E80fzm3lyixJPX1yYO+S8Qi/SEiVds17mANheBZvURIlnE0RqQod1N5egdSU7o1DmAeeJPu8IFeKtVMiFehqHYUt/+c+hKDwsCxAYGjA6RT41arhZu9aKgSI6lVcwCFogwfBqim4XxkkHUCIoVeLlpJIJbShv0q3zLaftaxj+WcPGTvvXX9dnB/c3NOLSXPVdz6XXtVA+HT7ZGUzcdsTmbYRRbOedm7pKyUlOss1aZH0CcnBTOwItEIWmh0e5dSP3ZAfhessiXafqpS86fzHCmFlQvXbcc6OzxgOnu27kSDXcXOwx5juffnUeEPjjt+j70Z9WondMFkI5PLnjRJOVzlzwGUCTlg31usmECY1FcpWW/Dk0v/CkH3H27WZYHCU8rMMP483TBzySq4yKuA1ApfkVG7CWQHuyG/4WnFvfYjJGFKtW3vvIwVfCwZI7X6nBNbe43BjU6Iq25B2ZGRAdHh7bD19B2VsHBru4qUzt2f5M/rTm1yMq+UwmgbSUI2joe9BEB4wTwRA6nNLzjLwjo3XTUei+H8pRxIwpZ8D2E08z1xMAUickWbUobh2fgHh9sKPgdN3mc0+DmDOHx4OiJ3mMN0ipgI2P4NbHsTEaPCqO7EYbq73f7MvQsRHj3le1Pb2ne0MmjAMfjfjICO9sSoJu2oXCSGyPuQGRy60kCzdg08NvrNBJcnUKcpSBj5SCzwEi4lK+K4utXydQhBJEwWhA4IcXaJEa/2FdxhL0bfqmZtMhvPaHLcFXkw+w2pxIEv2JP5lDM/lvk8hi8K5UiH2w/24xbd9+OAYIq2w3Oo9P9aCkGRLJcc2BgImWOPCjHfNSBVzO6FnlnXFmnRWz3F6ewquOBqO83inrJzb1hh/Kr6DZBD0nrn5gjngtKIQtVjeet6zPrc80MfDULTbwcOFdoD9ANDcdhI/QakTRajgWuLC9flW8t3DvXeurKKHuULVVjSHrS8gdARjlmp9w5DdkHBaOmRNGl+g6mW2VtLwreTx6S9ZfVx4+lcp7pPpFa6ZL7aLSuIdKYOe3w12uh8xio4GFDcX2O2TZnySBEQ1NAASm4OxsuFDLlBq0MyA885Ck4iozJ1aGBVyucnzjI9F0BNBU4eazQkIL9AUMVdhrBWQ6o+TsLI1+D9uqumT1qUI3CH0LpKXdy3HYFDFVEBmuO0MgbDj+8AjZ1NiTXd1Wqh4w1d3rgFfvuZGTb1lqg8//iv6KFUbXyMANgkoWZfZmN0wHsELFGM+7tB3Y7ijBk6VJlT+eopaFXAjlmKFOtWkdRgZKUa9RdHQWMSqISAFlSIjw/SMMIfdr8r9llgAcJ/4jC+yhaZxnbWVC70dAVWEpwtQVqLhbd0x32xWH+h1buai/nr/WEaknU+i5trJjJXRqr6gZNl/f1rCx5wrHfwqhDrM0EoglNwwueK+tEztRFhZ4kiuICWPtGgrYf2Gf3eAlLfKt1RREgDzjBkVB4rotz1VPd2oNo7R9l2WLmbG3a1lBPH22JsqY0RjJqWekqSMb+Z2Nz9ENjYw4debHGyYRtCpIZ1ionbmk4ojPWZWxgtZFN+trtQugWvLMMUdgc80t2oka/IUNs8nVqZo7z/aeCoQHfklcTaZ/1L4muWPJKmZlgte+tRo7GwF0+CzUBQ3tTremhk2kBA5fUh7e39SRL5CDKOWRGaGGAyZ0DfftpVcG7kqK8IxMc5Z3xKni18E1xo774VPNgpLBd34bOb98czHn7IJHirOtdfqXdafaxO71YQkkvyGYuIB45pW3N4aQTXEGTMxeRA+0BgBQ6X7rkwZ82Z3P14b2ZF5+p1UuUUGswm+n4FUmeLONh5O8Qz7VhnAtlBbSL1je3NzxH0sPVlGICEhHBgIQqK3X9CZgxLs8PMB13y03m1fKAdC3I6i4d/jwBe6+VO8JUegjAErmgjMdlwRUSr+ypTmL8593/LHyoAFvi0h7d2s0tecaANX4dGkkdlMdBGxcFKAluyqWoit/4NV1jd8mbN7cEe6NbX0cpOV1kXlCMxaPZHYkhl2PvNrrmJS+NJaC3d1v7AQMCT42sXlAQEQo17AAEEI6N10UuGk/lRB6RV9+JNowRZs0H5kTj++Mr0TqoPFsDQAJJqxwX1a2GXPMSQr5xw/6d0PX9ytJXmFj/lC1wrr0Fz2Ssg5wTtlTVcdN8yZUFrl445sVveU6CqmOiZNxbN8myFGo/hdou9EfbvC/beO+/JlF2navo2UbDMa33sB5P4TNAr/2rINR7LHVkz7v8v8+zc8iEYZNHoxQJnNCqZY2PdVb6s6nLnpXyBzajEyX0wCZjM20EEKWmU1z67Idah8S4+JbgDoybVkn5paW3xtBrsGM1m+K5maYTfeqtSD1Ruub8pcu9yF6sQZx10vm/kSlO2gw2wVXDp7MWRs1Nl3k99iwTAiwRTB6W649DddUfXmRZARsbOYwNwgtwrBh6Ax5PGT4relmXhZTqZffhe+tp11bTPD8+ssqdGTwmvmYcK1fMyotisQM7JAaWU8hHikN/FGfFyz2jHqJlI9/tw1Q92wgkmyBOQYIpU1XIelNN7nDoydXlr7QhHaCVCe1B9LNlxtkIjgMzhonEdM5KJP7Cj0YdaQ48xl5viWwMhImkqPi/PZziRRaxKXBUyz0GnKZnz2Uc7D1qrtgdERHnLZQ0Y2eJofCNkiOkL7qZG1k3HHVnnc4C51T+GRh4zz7A+PBPbMOrp3+oR4nPBVtkFOQNVXXsgopArClwXAOKr2koJlrEKM67NSTr5wBaQatBQxZaAoH3G4Wziz8UnEwmiHQ4txnWokfjvb8ul1dkGZKkL5dVOpXwIBxVhoKejcHTbZRaaUr+X0zX7W6pHHnU21Xenp8PgRCm3+uy55cvUWLRGtrzInRuCPt2q4DoQnj3SQ2MGvyEn3weowsYwbzBnLsk3Y7fX301TFB++1LJeiyfRsyJ0fMM3vxfrlvicBAcVBIU7soovqYEHJ0PX3/di8z18D+xKhT0Dxw0lbRqSDIqI+YKHkflj11yWDH9OEi7Xtu55is4wuWs/Axspxi32bcspTmHyLKsstDd3xZwxEp0iJtpy6n14ZuDdlDT9+LqMOwFTjkTpDSP3i43wKWuy908xO4MFnfXn9jfj0tD4vJryuwvCDcgmhkHkfxQ5C/+x+KsdK5tBHjiF+c8z2bMi8+82VoYwoJL5VvxQssbBkiiPJI6dyq915Zt1Js/oFBfj+wi2tPOYz5h8RBvjNJtWzvmrq6A1bNINmh1c5y8UVHtdyNG2Jbrk4QM5E84pWJmEP9IUktIlPNb9kn+QoTWgbtPYpQAzq2CtpCt2bGHbkcyOZODZFE11Ei8hEj3xsKhNTxGMzhFTb/Ub2Rv16pSpfEQq9IXWq5dA6WoAL46a64OnrPacj8AfULs3OFhOiSSIz6vrWfuw6uVvFAD7el2DJet55bfzBnCsxtCgc9b1LYAv1zJ8ZPlf97jPG/f/D/8hiD3AJj42vp5YzvrLeMXqsW5v2tQTJ71Qr0k81otjjf7F2VlbQLzb5vl58+RgtffbGeBeLgfS2s15uOBcmSp4p7lzmb0+qluU0JBIOw8UcGn875DEswTs0ptGwtg2XZPy9zNkRBjM1rmPGqBEYYkKD32fFQhrguWL7SKFkX4xQA2siwMHtr1TOMlpGLreQMfj/w76m/a7oDmKB0M2AB53reZCj40ggtzO6jj+TmBUWZzE5f/aAUSgBbMUYvetbztzsB+X9XMMsPH9N67X6j31XwlC064u6cVcMIwvVriRXstvfke9XAn1n6IeCf7E5RKDOGdZ7S42jeue2JJrU4WUZ7jm3pQBy7tcm6BJZqgMw2Dhp7zv+vGe7+NwMEOh4i8q8pWtN264vDRWL07ULV+GJor6T6BQXbbI3Ms44+WNekuuoS12gtHvE9AUG/TA7gfaq9jc9YFAvmXQBeI6pZc4Wr07t5BtWbuKsQb9X3P8zUGDM2dVcIAIR/Y39I6xVXVjb0XACqUxsl2+cxfjopZm9Hu4aVA0JXlBgSI4/3/jqhvyqeywTc2QQqKIUj5PwlniLoXBefXKmSwTcL0brFKpID7dmiPrWLrv4rb5eZF/7gygP2qpszVvTRKGAjPHPLayfi+LzhLcj08n4921g49wUjq3ox3xgQznFxOVjXZl9+EC4S1VtOnkRC+AmVYvNaAZt6iBCHEw8G/y18vbvunnGoz7TP89r42srQdLn3QsNhtmqRBKMjyC5KFCBrxxH6C/wHfbrscXRwqY3trmBq5zki7cPBQo0ehiMHmjJJFqmdKrRaffS1z4xbY5kTg14Wys6SqRt8S/3FYzl6ydI1ARssGmc7c+Qd2sYzeITtwdl8X0e6y9j64r12F1RBOtxzryn+MWm2jSZFeeL+AhtcM6gSN1L9UbK3Y6TaxKcOd5gGigptyvooAis5rFtsWbBSL6+qzu29mW234yOqkLxIeP0LmH4o5Ayw2E7VtfRBkQ5SrAh1fUvm2MjiaKYOXzb6YA/xbzL4RlgaLP+LJYBQJbI8fMTlsvGUz7RicVcq2k/qxIbbR1mqBsD7wNXuCxM5qF+JYFQKJoUlnou81/SYaaGQgJI3GxwI4zStl/QunPkuQRcWrpL8LndPuvN4Pu0PEii1otrvU9BtZddYLfDVdRvPuvGQsowA60ndxqwnPrVvtmzSVd9XYDUfeVqkeKJFxzbpOWbVrQ01P4S1QXnybW158h0WlgFVwZqq3ue9zG/7DguMK4BK2vjtAs8v+DAucbDUdlePU0t6WLqB5csw3gUFAIk4QwAEHlZ2eqeBTC/aPbthjgd4yf5rxavHp0CAjBSukYjWC/6H1FQql65e7qVH6VPO5G9bqzvXRhwDYPdkd95122cT/f7jwwBKnkq43UqWcRPKp5wQhz7a7PLGHzTUsV0h5z5sX5zpUKuf5V4qpjx3DRBumjN2K+q2wk/pm2w56qbQo9pQ6sdz3d43zk0yXzqf7E/KDPCa4PPXbg/sFR+JmB6xhFM7dpPJ0qnv6xVafSQ8RlvdPqM092SzHufcX+C7oZamoZ65swp0GfamyL8t6urt3QLAHTuJDNOKQeIX0gjcMBqiZT7+kWT02dSXXeN1wDqvxe9JpJ2VpKqjnwEbi4A9ZQLFVh/btBEsfX8ScWLeBGKMScooFGqZZ34oFYFiAFWS67vaZSSiuHKHJCiEMElseFQ7VuBglyhcm8FviNHpcPlSDMB99BWH1xyBho2dAXhvhoUWMMi4BOl6DQSXG0ZRUl39XslzSt/VEcUuZcJSmO6viWC74mZCFoOLmJKSgaBuTBKuRuF2IbC1MXUxOJFAZCfWisF7pHcbU3ENtyQTL4kypO3URi0ZPYsD8dYkS3iPaNXJEbU5905wMcB7fKSTu69QYPyVJLjY5K5+c6Mc3NF9sFS1Izot6/RxJ/TSj3obqz/bRwHCsGtmI48d7bl0LMJdjLsoU9cAtiC/mw+RAS2o0NbGh6UGkwY7dNqn9W8Lf3j3/CbB5GrnV1ywyYeeER4qbH74j1qDXtf67+k7zrsYXI0IOwHwvkMwQx42w67Q+312NKHJgdpia7fs0mfuAl5CB0Ws9REh8nE9dqVWeZ8D+sZryS3Fe7KD7twFSzjohoGeJY1UYm011D+PGymBBTArB5xJmJq13R5j7taRdV4xFbhoV6HKy/ueYDy+2uIUcjP4fA/nd7cv78T7d9dk4FMw/+wWvVslwVkdxRqWVxhYK58VN9gh8z7Gg8y+HRZ4zi+hd5SgQxP476VdbbwDCCcaf2BbiTolE40ZcdEGAX8A+db1bki1ptacWP67+wh7S87d/Qqn/aOTt7p3RfzPKtj8C1XadNyyLuLplgV9NWcWn7locSC3Ss5spJJivQSCUXxxxUEW3YYEqUrekhIQIukpKcsRHv/YUeXB6LvOSqoTmy0Pk/XQ+uH93g7iJeJ9QMrcIgesU6JdYkHWk/gwLNZfwP96QWb/9ByPdHjVaqW8Xnox2f1E+blNxyUzL9WbmR/NzziCpxIZBzYoex18QnVfXPMEbKfyUzrqUbsdJAWnX7n8a6mfz4bWAjQdm5ZWbjc2qH16pb1bMnIeCYMkGL+uiLBtXtH9N2WAB/6qpDoA/34KxFiijap/gYbutwt5NwFVyopYC6q3/3cN0s+wXX9nujF0t50LdGvWaUy0/lIxY14bhipAL8c5hG1NgZAWtrOW1JotrDz7mv6/Z5dw7P/WVv1vH/zv2io0NStikxHRwNotoBKGVTg107uzvBAsSSyOot5STWKo48oYORACi8a0xriBlHdbklxNCNnNnqEvjsWNfsp0/0DfnAkTW3htuls8VX8N9NVxftJZTbcH0oFovG9HIr3C8zUWFI470/IcYLHGp6tW2YE66b4323Ueq4zUBC2vb2weGQ38UagTIjuLt8G8297w3Kw8M6e+QMghJ52o9XxsLuWcaquOyWFt0XMHxS/BqNfs9J4Ii01zOlbeE0r1PeR6bHsRvCPoqU8TDeYuqtLz8RoQn9CrTbghq5ExrRJm14jrqP/ypN/nKbtxhVEHv+E6otns4IhfmCBrgFrQ4rWFWV57Ks8aBDGXR5XFFqFf9BuV9HFzP0kGTmsB+Ejgua4pNN4dKTw9rlQCDjv4Z/+iSg4l6uQv916EGu2YffZyDFKVu4JjNe3ApjixR5ryyLABxNajGnJbI3UanbZC9w7qzna7eFNM9T8te643MWys6Vp7H7TIR39HzQiHDWo/PPDCk7sveA9SO2ZlnAu56C6n1thssnw9IFkbcb9YF3tO6x5X6reJmpxUxeRbfDYqw5T0hoyg+jRZXMVK4KcsRLN2YqPQpxXw1LnzPkH+h5x6otbijqrI4U4yxU7lXJa1bB6h3HscIDQk4o/Zpl2xH6epCWINHi4Jjl5XJlAg0YQatbRDtNJ73eFFor/pf55UIOO+WNCEIIDmQb69auyqtB450PnUu7QIyJJc6TWL88CFmGer/l6g1yuxPzhzovzqlyDLifJl/FmZAlb63mdIL/7yv6c3A365z2AVsLvR5RD231uJnY0BL7IVhEi+pmSMcZlhXDrakeG0qeoNuv2f9J7je41QRrXyBefkxeDNlxOXzL+89rSE16g4fNAkfe8t46468RvBWP/knsYMm2i/6Up7Eb+GoPn1jz3YoxcdCqVQg7hnDXSBPkwedx9mYrubEmoDbC2Z9/C8UBL5rZ44JNCHrS5mzH1OCiCjd0ZEWMJHdONDgmpUJUCaw91nwRHQ20lTDDU1MBawwattjvPh6Ic+o2+PH2v8uo/SYol1uTWuf2lkm3QZCBSKUzXuhX5YrVCblFtIYc4VZcqevT1fFtE8iWw0+CVvMXG3dcQIj6BnRFCRebLvKyIoCPvFF0opdG4v9682NVPY0iX+LSHKy53VrBAzjxXF3doyIneodqDZTbo5IqOBRd3D5UZUHSEg/pir5M0mgZdK9vofntIFePfKUavIfmTUYMczxhB3H0PduGKplFIZ4uCQvO7M5ZYW7AOu8N0PZ/9muaqPkXBV33bOpH9WOgGIGNVN18W2RmQLVrADiCGXBW8s0j9t/OipOQOMbCWGsMeKGiGiNtD2OPbZSdHIMn92T5aMfK/2QyyV7i9fsfjf9cGDdti7cvOb1BtBXyPGjCMaMyzxpXxsuoxJGdlxJfK//e01Wy0X5kXVBjmr3q09OG4vamg3o/DgtJb13VOHLT5jfGrYbu+SVwvLSu+9uocXtSBJB+X7gYozHv4ImEN4TZvA9JpunEORZr/VPGUEjBt75RP6QKTA+SRL0j6oH+iyeonIYd1U8uHcs1AJnUTmPoeqb2CT2tQKK7IMd02CsHxQmchdV1dRWkTrE8iUscSxcMehdTCmIf2D5M0U8eUXG+kEn7M5spbg1MKxINkI+S3nr/T4IRai/OdTU8nZljsAHasYURn5kikSGl7hfK8Xeg4gK9Gvwnh+zu3DlM+cBzaZUsKbHXGyKkIPQNps8V0zpidMKQFIklH+n/i7S4QPLPUpd1CB0nC5veZ1HltZG4uBp/vR/a6FNmrrn84WWj0JBsJyIWN68RQhe2rCpAx7GbpiSZiSmdChLiLtwWHLKj0adI9SyqVMacrOvDiDMBZ5ewznv9jCSHksQ433y8rO+1lmPL99im/ZT/q+Yhr5xPJiY/nGD0shRgKUehU576I/F9sUGnc78zYQTZAuLGUHSXS8OjifPvmueszxtu6yFp6Mum4VhFtCsoDppjbRk6TOcfS1NDKrWIhola8HdvvIvK4sdjfEWUmRz7OgwmWznJ3b20G2OKA0wp7gzUB3d/Fyuanf3GdI2GF21TnrPb8kaqutsrncxKeCajSmz+3NZiFxpKXGBw9FwDbWF8T4U+vb/2589XvLeBjrpQRPnxRWEDcfb9PVXu9PN3w1sdzgbuvCgL4wTzjBCAYlqj041HoJb6wXPBulfuxATdpwZkY2H5/xZx09DZV1W4Ebx18NRfa8E7OyzUedR2U9i07rnEzjfbPh5rBlfNbCZbJNkBwTC+ZbjS0MeDLyknzf5bwQFyKh+6osWXVCoZbcVtB0ofOoPqkek37YcrnG+q25fWqe8DFzVyvlQmoAUlu9RF06K67lELwHBF21VzVYZcGNH2tNVO88eNQF8e4Qlqp4idsH3Q4zTHpnnhGjp7xISHOdSOPLjpBTLpRSbjR3s6Tn3HIHkuCuPH3oz++QUpa+7KEc6PoCBramEWLlrnDzo8PtY5+w7sk8jUTFerv5k33fLDd/sr9J1lPXx2zSnTuK6CNIAFa43Zl3Yd1/McuDmOl2/nL304lKmeAf/j7tPMF1r9ZgPsOKR5njmzXviyP9tNSJCiHL38Dv199HN2SsUA0HUcEyskfw55dOGjYtDuwL/b3l8sBoZ4t1EH4YNDnvfiLRZQEVEdaV/kGN6F2nJFx5ua76fDqgIRgYxDi9JxvB39I4QmyUNPj9g7j0zE/8HXXXSdbZF1htXFcIgyL7ixOZveG+i/vDTle1mBnskODRYJm59T7PZGdk2YucS3s7SZgYvmxv1bGyb8cOKPuSkHuyjWuMxcTDFr+u41y27l5hh+mdUMkpfCV+VCUTbQ25YvXJzxp5SdV75RXGH4CKeeY9jWdqWo1GhKFKFZa4PqKfzTmeU52KhwPteW1i3ivk2MPLEh8umCoXHSEzEMMpaDeSfy72i/HrTPoky/hYJpPqdauWO/D3l6quBrSAaadjIamgBpxAX70tSvO9xUTY9eng3RquTvFs4+HF7WwHa0uevuA/Gj7rnwGUKBum3Hqlj7Q0ARIixXYU20DmvK04/eyNZgeY3oeJCMsHLko9QJDvdH0P5Y8zvatoLyT6IihUbP7DdXAOpbhLAz3cKP0cHz/5HRAYVm/fOJraewM5j5A9M2oBvGvlc98/i1+ReKGrgicS4qHmPV5utfIalbC0EozyOdya7ZAR2azZFmZMVlUm3aaPFvlkPmslpoSdFMVCd3yJ+hfr1b4uvAv1lOI/4PjF9CaWtZAhWdetwskpIIlrQTX/c9BUp/hbkIC0ufeUgZM+4dQvqtq3myHwY1g4R6B3JJKJQABabX3YItts61drUcd6nVPjy+Vq/uxj/ZQS0G+rr4dMAgQ+O+M2SZjiWph0zPy0yN0XI2ojZOg5j+ZofvUgnDeR9Fs7YY5uzXUAhE+DFMsa1PVHA9qLKMl4PSEuhsAT56SLJTcdPo4Wnd7I//abeW2un8Gz4Cvd40Im4RMB08cBJOLJ8BcRpwH6XV1hKpFJ8M7mWocDcLWiE21qEfpW8p3O1532w2s24zqPJQqjDsJHiu5c5unbto8TMkS49FNu5xHemBIDenbWjX48e+dG7PnpzLh0xYAsImrv+johPQsactGKgP2j4iBcLe2I0+mIgUMe6oGZSYcf1qWKci3oHa89DcA6qOmb6nSdpQDnkdfHknn6sPCmHQHId2gvmw9f0KF26N8MubmjzC4nQ5ttpE4aenb0dbjkZ6hy7g3jizh+FcZtP7DQBgeAjn2SiG7vzB7rzB7eWnmUCmukOL+p/R6GkeBRo/ugosHiGX2y4SBcTurRmPmvNzj6EHcTSUmkM6/r2+1mw8rtXq0k5Vj0XiWi7vmIqIXAOnaTNpqs8r4n+QvNrGJZQACprX/I5Mcl0BFAicNuW6JviGIkQDZZXuT5pXzlkOj7IoRDI2x7e67wK47bqX3On6N7NC7OEfb70cAfbr7KcctUXz4b0r9/bbpZ8GEU3guR/iHjYaySowQcOlfvexA+1cwwvLIvAFkMcHgojBDPpvTUChimDB+cf9x4+4HB+s42MH1oBJIhTdt5c4WPMa3TWYX1/msTT18mTrpAyntbAUCKAorDazppHZ/5uRYqfFOyVg6dpKB1ucBq+p7e06U9De/mdqJ+zceybUsdmeGgwbCJdq5p9C5PQrgW/K/4XOZawPm7B2zNaOruyRbVnWs0qhlp3+0SL5utkjliPF4uaQV3zMLt8K6krR+x40ilWJCcbu23rbc/xvSiSxapObEQmMYKIYfa6VRAoIGRGhVyx9aea9uPW0UwYJx0+dA9F2GiiZIQgV7JFx6LH/0kZNWUY5F8dWOFu3xd/xf4AP7zr2NyxB7j2rqU+cJN2QiHzXFaf9A3e8mw8sgLUKuG3dqxhaYBo2rEFU/rFu/80My9g7dR3kNjloc7dXeEtMOJn+Y1XZLyruEVadZ0wT3zPvSKmvdClXHo0MEgvNS77SEcGM3KcgDYjro68Bsi4muF41nnty/mxDucabCTX9PIeOgy+GZuf5nsxWPRzW/KOQYqaSXTpXI9+XadGrcfnje3eU/QCwFllN2EptCVeXbcw+33aV9fosr33/PbznmStie7wYOfy40DiTopGOSWWF5TryGFE9hR5mxlroW+mA07kSpRgk+B+AfTVdtPyJehO2JQs/hBWjbsRFDTA4L5cFKAnAFwcFJYhsSvozVObvbwtxbUi2tmbaG8OLjLOctvJ1Yol0Oi3z04AcBqPcZeXtxeaXa1Ajsv/2kDISKGBIXDpcvNlqXQh8eKQ4i9DaD3KmM44LaBsuwZvRrpshTe7E2osa6hDQeXF1Ev1xHb5B83lDEkAxfxFCXoPmgCL+81og3lTHvEj1owK9aRVg7N20WrqfkqxqOkWiWAwyV3Ct+L+aIBGXjN6+ozXMmFAV9ICPNoB0vrloCTMOqlhjUNQe/u0U+BVvpNaKfxKVnXZz2/IAJ7dwK9qU9HUmGgoC0Bhn9/xZnKGSfH6RK5kjjhG5nrgsi/c+Jdwx5NkhhOzKY3Sz3fKrdFH3F1Kkd2RVoV53/ZCKsWDR0zui+fk85uOAE0iplTw3kTvoxcr2Hu1y9OPjf6nEDybxvEr0QHrz1l2HjyRgcIBTVwaGToujIWeDtl/kCQfOfGXMHoLDF4GkhwQwcsHrbJ25L46ww75xrrejKFsr1BStYafaWzl3KKmD6LqV6sNo5WGvgZqjZQmQHWnimujbxpc9MsRvZSOmdQVCuOtyRycn9YcdQaHjZwq+zjEasYywynYxunmGHGUW4QYNw91Zdst7s9jKs+fTD6/DRLYRucmVHlQxG/iLB2sy/Rn+4OL0bsa4jNALm8LszwX577eLLrg8KlyVe8DndQ0gYTIGP+zsdipVL10pHWJeR3umUlwdPduJz0HRdmf2cCZKV9t3ESoWjMWcztN6gpfdEezFlrGaLZhkXzzxeFjSd0Khyef6eXF92Z36bdYKHeRTi0ImYe9GNVSwQPMZj8Plc4EnYza1Rdh/FF30NGDjNsvDBGpF2hv48+7OibbrkiF6RGOtO8PYQqzHrNaRdMSMlyOrVjjpOsOHp7AsHABIIPp3eaaZepXzPP8xBDC5hD33GvA3UdI/pxL5sXpsmgJldHLuZvXgxcFaEN4HjMcdt3oO0WdWF9z5X/hANn/x/23iusCaxtFw5gV8AGqDTFQZQWkd4SLOgIDogoNRABAelIb0kYCygRUFpoISgiSgs1oeMYASFAKNIMHUIooQUIJCFkhxnf95v/fO/v6D/Jwbpy5Vp51lPu+17PWisvaCvtX3ckGcz9s2Oc42x6KWe7KtmUufCdKc/wuEkpuci2bTtcxQ9RXm1fYtkpiEF8hcHtQZx3vw+BipaI/xZxov85nvZixC3Nd7AmEuMiRTEHbSoM9cTj20rrY0gNW+l3Jasgk5V6ZGfvRl/ImKGwsONAsA13qPhdxPS/3o5Vvvn3HdbYlsZH2+a2j0V5I6iqVNi9JniWfAhr96K8P0IZLcV6EWAY6MiKHgP30Plf9ydV/Y+8tMUdqkVYzOF0wSs9GSviqZqXL9/zhUZeJ/yWeCp+/MKJ2sTbZ1pbf5NUC7g8k27RpRFEiNyXczjqz7+unVB7rdalplSCPrD32rueNtecJs5qOHyBZP8grzM0f54ZoQXpLDftG/XAIsIHinyKfrHlyLxzgKJWkX+9HPZ/ZWD127+V9/HD64V8j+c2UIU6/9og/vIUUHHB8l8SYVbU/8pAc8He7EYWizrGnTCN56YsgndmBloYjLUCxPZ1pjmbQobu4PTHt2TB47fATEMyfPteUDhNXipiexSM9/IE65Jd2aFvLmCYI8vcU3m98PcWYq415nWPkxr+MF74dky6/8mhYOC0JpjdUeji/bgWVzBL9ZmL9sIHzzXfCnXZsNCx14Wsp3Hs8XMXm+FeJBNw8DMNnbbXAeRsNo06OjM6ZE0NHb/IrJRrmBXIg/lY0S963ZHMBfl4JL3rv9iyIxZoO0Pya9IeuV7wfudQoG2wjksyfB9IsrPaCSNaFfBj4p3P5WGCr7L83qqpvZtx5mNk11fUBN0Jz8gjuqY/GN2sjHIoIqdvrD7JeHHuVObGl/jgMZCqB0psIWQgbkiuKKXA22kU/i6UrT/f+4o5f+zjU92aagyeXLTMGcdyCQiWj64kDbvDkI7C78c4Zy8Ow5KDgMKdYoU9snEI3P6WR/eKQU8MxYVqtscnkj2CrtdWdSuxQ/u0pf/xjIG1e3yz2Iad0A+ANd2lRjZH2nX5eguGbu4IRpmW87csUzhNW651q2nnTyo96xkd8Vx2LMaTGGtaf4DM8ze1kBY7TWn25DKCzqvN18GjmTt1Py8NawJG8teVJhJw0Z8GLTBe0Txzdyv7LDeXFjQ5uRwcYH80/Tk4XLiYEjJ7/nDw8j7hwKXFwmhhj/CqxW/kaAkNjC1r9P00AUJc3cJ/e+l6SxudE3WwziKhQ3+YeFnU30au2mlZrCriwm/KiGA99AYkYFM4d/jJPJvfEHPpaukVeeJ0kJpjuIVUN+WCr5akYMZcPskmYmKRfsZbqpxkpWQ50qz3lWdMbZPqP85mAEOzrsEvBRM4tuLWLUDuNGaHvfF7K6GkUUeauz0+EMbWVF3l7v8ZkSDdWJW9btrKxZxDhGRzx/8ywwVhRF8o7o9pU8REp3lJL+UlLxpvbYv849SkpUD+Ltnle9fayznf6MbMVdkjkssDUmSi+BsO+bn2tSfb6o0D4rXpXphF6pP0iI912unnp5CqI0D78IXgqpLgw7dAcACLHqJgIDxwxmcEy9k5oGCAV/sSZil9gr8BUh7g6LHgQKrz0Qz55A/++XjQ6pasBMkuc8utmLKkYAAFyQNgQ7ZXffXtGQNnI2o1elOm+03QkEr+dU/FdpD2iiiyBhavzazHjptOfHruoRB0zFo558qYj8T+GDAlmnJ46EHHOh/f7FT2crf+qA8eKP2w3qHd3lYpN3AJnhwaT04lweNZQyNvqjqwstDmDrw07MzWJ4x1usb7Hp9qnTH93+oRXNH41nMzLy8JQ582UdcnV0Mtq4tZZ/0+Z96zo3AtvzU9wcHMFvPEzP+xV8ge7IlIZaIqqi+1H3rWdrSundteoFwZAtXD12GHbl00OqIy+jjzl7VazOSe6CzwjDW6WuhggzcU3JPtE+5NjCPta6Ko8HcVPW/RVg7rzNmbTT76WL0LNVEp0KVkZyYVevJjU1OUXEN51bjYqchOpa2/+GYtUiHC0qKRcaFzcXIKAM6q98tjwGJnpFmonsJNI3u/StjsZJQLKxKwrhsYH/xz0Xy/1ZjPriFCuRi80d7sTShx2Fc2rL61kbuUg/8xUeocBLbAoQrWOvUXbS3y4USO7aUI5tENWrjSJM3ocQOn3FSPKs7eQRaxlnu/i3UEiSIXFzLeWw1I/GMGqf6FPdmu1uQQclm9YNrYH68pqDbbSCashQF3tzV3L91ec+bRo+IKNTKITJpSY8ZNBdAtT2EH0n8qjpaM2tA/12lLhm7uHEZM2S4Dx2RzWd8c9DSDBnvEF6uLmqZUqklJ16c1iVO6L8jwts0ivLf1lZY8ww7nuJMh37xsn14OIrN8ufu254wKyhNjOFQj7+rSIJ3VGVhS6KCyFxgZ3B+fh1d1T76MPJsZFZmzj34JH8tU+BlNFSHbri3eCI2LrswTRilBp29Mda1GWr+VWhu2BdSg74/e/jDIPhFfnIEUe/sWIuzlONdyTU/r1vUlkUgpC+P7duFhWZp09Ys4bPhySbsz34gD+NIzHcvlB33qmZ5k/ymVUCeF22ktypuHDfDz7rWLCxofcyw+zI6afbhoun1p2TcPkCeQ98LDiVYojArf8lyvHIvP+WZ5r11n/j3AeT4u7RE15gRHb7N0gjHM8eujXF19hliVFiu3KB4cDmX9HK3218qyauufnw4oq9EA2NWsr3i/o5U3Rs4sPEQYeluuhdxZWFnc9NPJPcgaSekRWojIAwqSZcMM4UbVfFqSRpRHYpjYVtPX3Um6QbqULaqnyZJxlarhcJcd8UFOhcl69BSVxN3AGgFjMt73in9o0hZy3ek1DoWCncv067sk5MT7ROJPj+bg9PGO08S2lZRwK2HOC8+8y8iD1UeeT6BbS5JzrqyZR5lDP5NCIqQOePmYfYBne6UggoxDCUUhCGXY6Si8bHUB6hYjuVcZgSzwZx6PRF/IQNNMwNKjjcns90Mi8lzgC8a3oJf0b3rhm1epO+eTmM0NjQ9mBbqqO/0BYVUwmPkP+WHulX9A//jbejhAR8Fnu8WSoszftTqQcGq2cQJW9dw1lFwp4oaD4TAtbnTJ6vf9rjXQOgmxl/WVXQZCrGlDaafwg9ikozf1dgaPO3ssH6We+kPIvJlgdOOSXDvLMMk2NAqpcGvSvfyTtYJDeJjujT37jbU+65VCpystTfKTfxNOedwFkkPVrpbY+VWFilogfcme6pRhe46pHujQ2GiT9AWnKGqybV6yg5ylpQnuhv778KRh07g/qPsLWzqvo8ONwVAQp/CaYiZYd7XsMRQ6PvtwcS70SIrUcY4XGDDCnU7Y7LvHf5vp+FYsu6O+xtAriJeh5SxjznA+YJ765VdG7JzD7JTURCV6BRR94uJK1frD92Q7SWX0eTGvMRiRx9c6KJ5yfl6AMBVfVt0GzZdpe97m+noOEGSrDqm/IpxiyNeWedcloVfBJHzbrK7/gQsZeKm2Py5rs7fFgW3ToZ0f8VfNcAV/ALe0IvOpPvrTpkAX7GZ5o+1FfV9qcXZjEupORBxjBhI4tofTcTPtoTHah5E7UX+joSqJRDpSUC/N8zTX3qYVm7sNJbJjzM0/v6Zqso4v3TmmGTAw1BSwOpxgFC9e1CTYw5Jgp3HX740OmDIvOkG+uYqlM0gRWKlnlHUp9Z/vGylS/dcR58iK7Y7X7EnzsMCNnIcqNa4b1i7dCUQSASzv27jNeTEeZbvacJx1pd3b2CVw0BUdvZECdnmju+iSKGgaVI6BhnODagr9wMSmEbpjLpWupM9x7RHlVUrtggiYtSe4/lI67MCJXyntG0oksmF7Tr9uu9mV7SwZCWKc6E4JuWP8Zlpf+MRvslmpz84QFlFywgbSgT3YRH3dXs4kpc7p0Rm/9zJySnTTG29ZtAFKr2Y1OzibrfnVWJzSe1pKpuWD8tqBH253Fq+YktcnPoB8exGWdGddgL7inUwTa5Er4LPBUw61mTd/M4aeKf4oAfOsP+QnNeP8ZNNhNr8QWAu6OybDrOL8TCnPnHWk5uZLM4bP97xNHHv7IB0donyHqz6LLH3jf5kT9inYmi/Milv+w63h5rr0u+qpQ12ES5+gqf7lNS6JXplbFCeBLo57Ya63bajfBiMw9bwF0nheBlCv6msijBp4qqQ9M1T210JczSfuxt2R6snp1Dnf8Or3lKcbxI7OMMtqUyLm6m7SuUDGyfa8Wajot7WIzBpROmIZaT/ApLmDPGY7LnwnuwY29KKics/0TxSOulx3e1K2IJdyGBKHYRwunAnNSfJ1jakqqs2yV2/zXwNj0dfEqFYuuynmM+bKE4reLOua+ZmAoPga5laDlItYGfor7c73PL7ZpotWr3OsYc1zSVi5+YGMRtw27PqYr8Koa2i0c+pISjt/F4EkTAIpDI6l0dSGaBvjJuBGxo6XHGBECL1s7Eq1n8HDrVcnPGp2XD5GNGMjKnxwX5gyAA6cC/1FZUZ3MdAumKfU91jvXHh6Q1ZL3fa0MrD6R8vJrzrNauHXK8Z2fvDN1qX2uwjSTgIRXmHhwlr8vrLXdI5YYT7G8BY8+lIsMW+BSgn+HB190ScGYQDQkVbZ+YGw9EtyRY+niVywuEGMtuWVzMUexKvQOWPOfB3hDtntgFbKWKfgiJwqa00eHSS3B0I/JFsVmka9ET3Wr184H62/ecAA39m7z21n/asbIKyfFO30TlaSvX9MBaBfyOWVzKc3UK3BByA8x404M7PAvg3ei57pcelTz/AEzjkdlz4d6c3ML7viMRf7RNnLYaZByL9jWDRy9LRWXrSHQkCK/mYOcKbGQcBOPFKq8zddy8yIj4RF54B2/l6keAl96PXQ+zmOomZh2pav4ZxIKbXusn9ajI+QAXBJFHQWUD+0p5rUPr8dBQhAiImhlg0BYVpJvFRFkLMHxTKao73oShzf0Yuyw2ky3gvFeZaxO9XVMGzNVZtMpywmVtAA9YDh6j8jyDf7KbGjZXPjcu2bxZMurtdAggbAm3+FmdjXecsXQYQkb9Xl/4rznUd/L/iwCqD+E2bIUuWIKaMCM+bLtQBV40Pq+/dnk9NmQKpsiHlDjSC4QSvjz+i+WuvFhXv/EPcvUyFoQECogN+WlBd5FD6Hcu4Yeuvgfs6vBykb6OpzVNlirwIZowOw47+tq15iXicR/Hi5DFVZyAJ+xEiGHYvs9Eq3fKLMkZcTMhXoolRLl/AHWMO1EHaB4EdRsX60d8L3Bc1HMvhmrWu/nYjOeVj1cm4F0n9ufFuKK0PU0sMeh2kJ8m1WjsQlkJbU5M4g5zvyWSokDt0NUOPcRNerq+YhXkpd7wslV/PZDr7ZoWVYV8m2/SFfWwArof/PrKbT2EMGpHwPlaHmd6b+aSjdvdnn6VoFZL07P9O/EXTawxvkASPKSxkC1HVf52tS/Q5ZIdHmw5V8s/AL1ZByXi7fGhx9GkY4MSRsQBVKwUIH9mWzPW5gfO3ud4oLdBFqX8QfNFhWu5qmEhUI9wfojNlgigH64ka88Bs6AcRcoE91UVTBnGXYphZaxnu2WHd3Nb2MuU1XysU/oP0V+WZ5Ydx4ZYmm/kPcMtJbqVI6Unl3Rb2KATCdcz77snkW4dj4WGEWP5YOX2TwGEJvdf5/03fUrzjmSLGuk0DSgUP2fCy1i2BPVMbyGP1ohjN26qamtBoCHp7aurQ8GOztYgJ0JywiAess418sZnwtDA1Yl6XYifpENIuHwJbkR4Gk5TXKA8yUCoGCcjkWw1ia83Qo8nj2A4NvHaC7Y3V3MUHC1bR6bbuE26Uy4yb5VZQYv58uqc0XoUGNQgZ4zSKy02R4MRkjSuY5K/BrTm5xGKfNn4lm994PjtuvxHP0IG04/ed87htOirENtxaM7D3qS7Y1KV5/+3QiNNmnlOTQNXpZrttRFiZWE7CAolJsbId9rT606G0SeXYlBmMeaOmvXryj4A967JkZ++KeEuHUpC1/V7n76U6wdkaquH7DFfjbd6dN2MekgU+aJ05WJBqLWww4li0unMNqiUNVxqIjfXhI85CiG7HB29+4g78rtPgiBXLybNTozBdtfcirtkrd6LLEKVRd2RSZl/3vlDVMHqGuTDCsjukJqR3ewOVJxEvv0/TPs/twLTrnClSo7Q/DhjMpN37OvKz13JMtFnzYcm92POZeHc+0bicqRmZ6OnejfZ1S2+TIJs8EAmqkjXgOv/OK6cvElhfMK/KqyS6cHLCM7ddhkrVdUMQNwZ5O7ZnjS5A2Y07SJU0E33eeS07ou9ub6EJljJuEFhxCzpEvtXc+H85ziw4dm9hN9Q6wmy+59Dm542se0XWkgrYx6AHvKpHGgNYBh9MueFnCO/262GXzbk6ftn3WvxK+kmlTeSS84aGg2Jcs5/U1ygx9Dm9ZVFDQaJ/pjVl0XZvy/8dVVk7X3wewroR5gBsgDRF5XtydBUWBY2NCerb6OmD8I/M2fDH2H92gQTQ0Ca06omgfjq2vMO5EfYOuhZPM/mTqZtv+JrOTpHtz7IFf2W/gC229x0+1ABEMFEJT9wY8wriHGnHTM75wEG4WDXM51TJkXakZBNpeot1L3c47oJhS3hnfWv38nuoTe44fjcPQU2tzdKNYUV776TYDufNjP9wcQuw5jDKVmAGM34mJVzh9jI2yq2KnpseLBEHYJ39MR+IqbCz3PpdB5t7bZ/MZv+URkcNyVExaUxI8Fg8UeIfRMYJJqfdaErkrwB0nKTFYcIfcAxw1ljKfaCrPnd7QdSJxTv5Iv6DZCw/sKAblPmc6nqxXQzQ4dpeyTa3X7Ry1gkQDw+dk7nIAivqI1LOZfcy5L62mPnkaupDiPg0ZVrfmQm5uZuj4+t7vi1YuCRMicqzrEvURvV99w0+f5DTJSHuv/vVsJx2kiyb+BtDfrnm1IwOqqOr+edBAWDhpYWIMxoaKBe9V8XSVBT647/7R56neZTafVuHaxrmotUfgqY1gx3LTuaR36yTuNlg4HpRxagrVg/EPVoKW383aerb8cel4pt2dY/hAHppU0wwbFqIon0ERtZZo+9yoEsR2cF2S8KZG5nyOW5CyGuxZ55KZv+QM0rB6F05Wvxm5mwq/trT/Ky1RlWDWNQYTyQXliH/TLP72joyZvOEnTQZyV6759hWFHEksq09y2Gr7pF+AcYnnby8+XJ7eDmaKzla0shJHaNRyNn4jL5T9ad3XXfLmPHF/ot/ptg86xnIk+4KU24G73OPx6hC955fPnbVXAnSUW6JT6nMmxBeHjRuf5/m7ut5vGOPnChNvrKe6rDYEc87EeAgKdC0/kozsdwhpNCk+/jjqsBxilPit/pAq5BFr3bTuzq/DSZHBMru66bJz5YvcPsJI5cbJxvZvPaiIJZ+BFGNuj8u5ubRoWYCdIn+XtMW+hi8F+cbyE938XYvFWKjqVhQbs3HrnYn0l0SNX02ddZp8j/8oDsFeaJgadHcHrNuUfOZMtw95sl1/XFlfpHLijkd/N/tRlQp3w9iOO0lwjJYdQwS4j//q1WT0SHOmxXTz/O80TuLiCZu/WhpXFPdkq1f/q+1xRe3/yUDW/+eByog/s9QBSvU7CQ/ynP/nW1ZHI/un//Uc5Jfe/52BkErAuiWUu80Gb8+tjpVxWsa2WYOjcPhGPOIiwr0xgk0cw+2XaJzevz0r1/iYHA9t8463a3oWP8am4mIXXV3ZnmDhnunDzNdGgqQzznkh3RfL824t3NBd0pLidpDg/ijznZFl7lYKuqLNDdxSHFf+WFcvBm/tdL0FPkpfL1G+KWWxWhJx0wc73XNCwyPcglaWmLO2/iysMUqaOpxzudzsaK77CeIDObgXmLQrFp/60b1oDBsdvlh+DpcqEZdD/TqNSW3pD38pL7822jHipgUujPb/TO3lp8alI0bvkcpN1DORfnxLV8xHYPMZgQkZmB34wPqmVocTKyYRlkJHGX8RZ685xbyajBtADfjfuYHvaPayZ40K77DA23lcXG/LzqTPzs46ffWvqWDXzE572vTp7DszzKbOlRT46vsLjZ3uwec5FDcLHyRLkR3auvrrkNCXONQhA8TGBomsu96CWAtf+1sKdni7ZQ43olHpbunzW/V1XtLc1/eNOk9Mjz+Mm2rH/SMDJz4TW9yUaBLXaKtU0i1MfOlRp/Ii4tnv4cMRs7jo4ZyfbjgQMwXycMEw+DYfTkbpvR6h/Q/kwHAp7jy23JpMcITWJhbUcFzBm01Wj8OrisAQMsl/zBZVJzyHM6/y8S7ceN5remv981DOSpGz5qavmNc4ato66VF5tKdo1aOPOdxhTavqVGQx63dCiynMOmktivUqBrYNWF1Rw3zaBi4/TtIohqqPwrDeEbZQ/QujW5FdYGYeF67fE98yzeYOUaYItPjeISSamKdCgbvbDfcA7X8kDVgTTN0NS4m3XrmQo9mh8ez/+GDW14U92cYNuOeprmzmjGvjqy4rvYZpAZl9TzyB3RU7I5vHL3w/FjPY58lztPjeaVXZ9dBMM+Nzimco+ZOVlYbRh8PxItmm5gHLb2+F7pLJN473R84XAmA/rA6fzFLOZo+eGyeqP2k1LF3OqI745O9DjCbp9PluTcuNlmJ44FEyd1eMdHbSnu5dLSuPrn3M15JQNpJWW2zHF9avlicdUjUFWZfiwSDdQkA9sxvtIRcTHKjzCavT4QrhY8kqLWUv1brDwR9BO6ou+FdH17yeqWFchl93XJjX7NQOxvZ1PNEJLy3f+vC4bjBtpAcL/fFtoXCC8rmuxD14A7mYhz964dCvXAns4BmCSG9fJVmJeZ062hp/ycMBh8DN8ljA0+TV4SmMtlR3tLDRgbOjjZj/qNyKpKDMhwX11jkQ2zrGixlYZcVWk0nMkn7+uhLfLO53e2nsK5ONA3yzFotKb7XD2wX2ZYs1wZmAgAVL5tsieVHOOeyjUBR8h59vNmcQ+aWfrZ0OrPG2X6QTeCC3bN1nk8Y3q2nShCIdOwuS/GGJ/ghYf5Za+ZVcO6s7Qo0owUdYvAN3OBF9fWD3w2DMrRKbkdN5SDHdVY4qkt0zpMRhGf6RhmyjfNbTWsp2IQ8MUBL+c3vXuPGKDg+zi69on7AY/QmGx2P9OpcLqRL2e77GxSIpGGAiYN2Xr3yIMQSXymsVc5SdmQrwOx72NmYQOFoyGqcvDYbFFDtryTSLHdxi9A74ekzSFyeOmbqNuKQ+ezUYbDKI3+MOb7ts3pPvYSas1HPyRXxnirF4ZbcG7jp+KuWGyQ3bNnObv6LQSjrbl8MaloqdDSoTlTa6ZMKKwmzrPoKxEAysItgiy7BUTLsbx52qLrWZKPw9PnTJa7ZShnJV7MlKma/TdIrR6iSRMvUSWfpGOlOXbMff9YTFfP2z6ruHHarbbuZPi1QPgS5nr866aIdnM711uJq2Tz5sT1KsayWoXwOXUHEmtW+Nx6EsfJyXYvg3KaReF+3HBZ9wqzzs6jh+Q4XelSGpHBYS8G5oVrzzeWjkt8HXZRSB5BHlCzERt9vyLDRSEqhzsBB7whUqObWhRzQvreBJ3nbu4aYr20UF36yUoW/N5HGQjZ+fNx6MQCkD58OCVBYx99zPSknbKWeJI/Qlx83MnIWsf1NnC6VsQvL1jfy2t5vGtmFwRzWPJbPSR8srKdl3IMwqLg26A6X0HJW7QgM8EVVpjn5W065ancA2GYV+NK5P/nrE9gPwZjGhJwgmDBbqbhRNtQOZeKgHBeqYd5jI3QwuyGR87yez2SlNSLTFDCOSlxma8nRcge6s0Eoey5Oh8FaaPSkq407wCP9PKLQt7M8ut77j8Pbgy8aU7T+4ImuwM2WFdHHkbdI/SbKh37VxSTzSW9CsP035Uo3EzPfb6QmHXyFmKm6QHxz8IBWPqfw93GrhFNPX2avxgDojsPJTtEQwkaOarzY5YPZzKLgMv22hp5+AzXVh/ZWAUfeoSgAum9+oXunuYz++j7BHmYrhPNWDzkTai+lupkjIKZXOhRhAP0Trb6a+9fP8RCk2QnyXgzMDSgcd/sx51mT18lNAnMDMDu50pJSFnVSjmUj5Keese34Bhb81B/F35Z4iANZL4DJJQXrOKoHt+QWvWRGsUq7W2LBVdfSwCgCmp8lqL/GOb2y2ekytmr2/eKNY0AC732R9bXCR5rtqt6f7KKEbn3WQSK/RfnQ6sG85KMjn6PUrA19WIsgC9CP9iJavtJ9J7NaVM3hQx3EsWAkxanrbhnqHysq/D9I9yaWZ+gclAwnVNDnoHbbLGXtZotJVPQ8ttSgBPZCwqJKfnuLxRcITFdpDy8BuRscpmNmaTgPlkdgJS+1NunapA6v6QzGbnDrcmoMj5gWzTEB1d1DXqazTuO+Fpwgwxqt54uPQjSGKU6NFsEv+xNw0p8KxEKpbCKUdgT7joa5yW1YTMp3u9n6HfhIzRsQ3IBfLOdPevpvLb3/VgPG3MGteisWMniFdSmEQdU740uQS4lZTXyYkuSavXD1488ZBVzLQlLfehyVwr6/Fleza7Pbb/u9Pp/XMrdOA3M/QL2Wc8j2QqNIE4m8hP/aj/Usu3HrAUuVh+VsfPsfP3Ji5AlzRZpswjne8qjw3cKwVUtd06JtuwVmqeWfBJ8bei1R120ebM44kv/fIq5Yx6yVUqUu5EueR2WTPvbP3UjMzMzbW9IKiPmPDiwB2H9vgkCS5mUq/NT3fMZHsaEEdCF9YOS+4gbGjotXc74CAVgVUTX0Efh1O+4DNLdtH9VIwwAhlanGGJvxYl+XyiLO6RQVwealOAOHqCFgR6zEKjIF04u881tbRhqhoQlXWANL2U6J5oWlYQL0yAlGduTE48cDtSR9xb6odxfV8GEzFLokHIYR0B5p9mRPwyM3K+iUGUihoSMiAKl6kgWgW7Jl85CoyOkadPsmmyUMa7pwnzecmCocTSxKxy7FsYktYm1JT6t5str8ivhJVL5ItVlmjbS5oKhe/hB4Q0uWb7W9jbnR3omoU7WmZ9iwiP5XyVYctE2cIYHHsDX6B1pVIezkAZ8oHblfGT8A326Yz6XObV1A3jK3NlRDnNmSYpULSR5zeEhZJpyK9nTsrxUqJ6JvaSvbTUo7oaidjxesZ4gWFqLSpDwSexfyTmqjFhwyoH1+DN6BcSY6r5E6GM87RkJwJsd6T7d+7Lom9URuFkGxeHxipXJ+3+qKleXfuCCdUUMwR2iJriqz//upmRN5zH6MHYFo11fmM7b35hJ5EHu1Hw7NaOn3RTeF7s530iZBc2XmU5XZsKWTmT3H+Lq/K7gmpKMGaE5FZDyxPbzBVivbR/YqWJSO9XyxbmneuPcq6Rx8/U5wIq1YHwHR8J9ddoxWIciTl6wtpvlYkJlaF4Lkve02yaY4500LtYs5RX7blnYkaqGpys5/hm7VmGqMLw2m0/IoTkfYQ3sKx1AD6Cqbe6VrfFK/pS4wzbfn9YgKCbtsFlBCDADqoEs6lC81Nrd77so1tM4Mi9QqEdUOtTXT7idJB9J0r+rURih+HHVSWTkV2ouLRNiOZn6PyekntCwNCvJqbq3oE/BXvbwxdes6mKyqbLoQXldn9p+UzciaQv2tsh46XndBEgiqgLBH9KaU1iVuziRKLGYXs6TadiMts80bOaYEuWJB8gq9urJ9NXZmMS6EAbI6/S3sosVwSCQgYDbV+sP5TJHut2EbtEXptlntm7BK43ZNy8rsLgFW2fW2F8Q2UdQr6PcvUNdVRT5CP9N5EW0dVD1tG7dhwHGgCdbzCBTw8qD8mEbnz3Z/EN/u4v+7Q1MyhLk47zqon5NSLOmOAjuWUDAB9ONMfXp6IPh0V4HSONEgovKppGQn6Iy5lV9IpHI3em33+jFYB+eJN2/SwUyeAu5JifTHVEFADhljfwbe3Z6hOlGT5i4+U8AdIB2WifUDIT9yh0I7OJ0GxuvUvSRaRoFioTzFAHxIcJAfQr20j3VznzaI83l+ipQN64XKtROH+kEb+J+zUthU6LyeiFgEBRwan8kYKcbbYwcWSbTYPWhF2bO9GOcflAXVCG1OYNYktzmEwXX3Pt9YqLnyzcGHO71AIiMGbNfpz1ItWc86MRzSv7N0jLKpQmjo7lWDKBBrb1MWcMplYoKtwGzO6+kvhX0nghRTs9vIC6YpOqedKbrgTqBGLGQOR+NpC7iCTk9Ckr/uVuq/Yzi//PLtB9aKn1c2vUXojm9xyaCex03iXoS6LQO2Reyk4r1f1EEKuyPsK3mRfvkr6YWhvHPhJUgdjI5TDY9vV07wQTzjlYdimCxxCby9SKQEatR4H+Vp2/E9ihfk2qSIKp6E9m40kvy+6TVmUG2TLViqnPWY9lQpnqgEkTdNe3GUD1le/f2cm3/bTEDWq/FYY0gII4P4VBQKgUepegmjxek6D1CuU2VMl4WaJSCmNWRNAmIVdrjDK24I1+OTb9kTmd1qDPkDSuG/mcy2WHHGJBr6RRCU7aIvt/X49xHU8SW1xxVeWTc4iYwt0Mg662infWpsy5YXzvTSvFz+GmDNKzm7knbo2EdV9G7TdqmcNCLPaKStAA9ZX/htuYXK74Rbn13xibVpCWEpoZcpUO0ii1/N+py9s2GH/rnjoRFoMKuCoAikNWkO9n7yz+FwworMtTgGRTdlZdmeN5JaBvTD8cuPKO5+3DipRkk6ivcDzAU+Yg4V96DT3EB1mwggcDGNeDi9NXE7309+UTuCB/E2gO4OH+yCYXT2PunbuV5GrS+URQuhN64KtNtq2Cdd3scY67GwDNgIXFgD3fjVToUT5q5xXGPVMEoEVs4QSfle+KvSkYHDGmoLz4pft2DWYlNrTotBozrm2lC0YTmtJMVPHmPEckgoZH3bz5/u5mdDyjPy3MCclhWibqKOnDvca+dX4YCPSy/9S90xKyWqVG5Q6HT+333j7uHEAdbFUw+vgEu2k7sB0KaaOmoKcj2aW/B4ftJR7+Rhh8dYNsv+o1/pzCdF2Yfv4F9vjVrBQiwnCVbt7ndUubXPS4F0ZUSz+Uq07X5nW58FR0F8JmimhlT9MPxfce72Ldpn4sR1UQX4BRo59HGcxWxtgzR/aXxo9kD5sFn093Axv9lNPwihPXkQd4gQ3o+YJyG2mbEzQO9ee+H/1UYlGHdOvlZ0N1qU91GanSoP1xiIsuywfamMnYm8wJb7KSFibqMZPounCpjiR8P5HnAduQX0LLd00eXCdhKLyR86GDldd56Y2ZZsvuceLxTd67T1lScZ0iyD+rOFZsrZ/kPRxWTdb+n5mW2lba7FC3bK29hlQnXC8/2upKwvTnPtvzk85pwoD10Pb5sEdlUt6MLnWt7NNePtp4ZGOj2UF7hsBH9PtrrZxCCv+/HnAIPqrQjCkFI5+kJ7zukwvjoUMCV3ZZatP3POkd37VyvGmOhtAuiu2xtLdWvv1Zm9KT8ASpMBUqrEOR6//uB80PjqTv3x5Tm4af6ebYFi53KBwiRxdufP+Py2Y9gm7TX51wW8HvCgNP/1KOtEe0dMPWuvEuvo3kvoElrQKhhUAIxbflW1ZIghs/Y0Gjrlynq62+zi64cMLPIQ2Ohj665dCbvJ3pUNWly413IbMHgWECEJhnLWpUZfVg5lVXG24hvl3MKsVOHmJTbLRXWoYPf5cP6Zibd0HwSQDV9h7pPq7Q+//SlZfULcBNokK/zoebHr9/8XA1CuBfz3N/EVs1lqgq2cBaB1o8z8v80Xu/Vsa/J+v8erP/8ZArOXhv0WeRi4BI8VVIiO2O7Dxi4tUS+5WND2PQcQ3bnuFf1k1hn+Jh9OROM5WLo0x+EBva6se4U0ehAftspmzfzS8IX36sfLAtUJ5VBPM/mOsCqYgLazA1ftZ7NPQ7/BeYNi3gXIn3MenbTgw3q4Sc/HLMpzbQg4ih7E7TIEbl8mmrz8zeqVSSI8HL+K1gxqg5HJHFFpCP0/6nWXfyrPM8JMuGhGOKR6EiZ8nGvMx1AZNxVByai0MignOrI0zt2+Xf2I9h/ipV14ebWG4uqUZlKe3OC1VeaozN8v0cGZwBsLEtW6Dpu9ZNQG5f2iFkTa/ZA4dM1vu0V57JSx8TKywST14kENPVm5ml4hXpOgUvR96sDFV/8S3o5ltG8Ym1Mxf06bNmwaU+UjQBuz3j4VYMl5Pfl0/a/5XvUSeP3nFp7xlE74ywJ0Ac/BoIYYYYm2TgPzumoZgyEUPLVD0zJKU30KBwtB8oL0YFTXPoShqCC14mWGcwST16l/xNWT8T8vrsWSiT+HO0iYi84XTpCnzUimGmHe1dGqTnuWxrXrNmNkxLhH1/WrML13BlV47s7j5MhISfnNhsjK4I7o0MueCf1D5tn8pnszfpTs6miQr0yW/NuiwZ6838ueNoInF22iLD4FbhaZpeBO/lpBbH5Q1PMKtaB7BZVPvOusDt3YcSqPJLMKD5BT2aM004c1SKSXudsvswbxVCuj34O1RmyB/4eBjAo1qY2HHFTbqrMdBh/tYJNgzb2T1LO7DTPQfMELcmQeclHrKGeV6zpZHQ6cQtrrcfEm3lSVgCP2YQ7ctApnUsZfw7ppHCmYfbnakNxZsnqLpJq6hTkSC/m7AlD4QIaoJDabTVk135hqh8UlTKkzZR2kxU+Vxwlra7fZAKCj20iYK12S80bQwSb8HC9FGOqKKtcigYdKIT+c/Bo0UXtPhmz0epnxuZgjewBzy+SlezFyldIyECLMH7flVOLZ5FPT49k4wzf1X/1Iaw94PlLMtSue58cXR0mjREXGNx6HiDdv+MzMi2UgnOcIPom06fdaTUNlu6xP6XCQ7Pk9aViLF3651+a3q4LIL0nEMtq7/oxr/+1iJeaWIgytnQu1ACI9g5dyXPhrZQCsaq5MC6oZXIXPIFdqX8d/dACw/Dg+3fRxifiHUz7wPrjk5+mTvrIMzbqW/Q6BuTzYRPmmw4LE0k7wkwFtL9BruZkR8+IfApG314cuFbSMblbGgWl0WIFialre2tsbAiDff577rEjt6bgZPkkK6aYPeM1NsX9bGF3a0OjDCQlcdpkLq9cI/N8DtJIB90ahy+k+94nfli3mb1J2xo7/yAXrgoAEqeHIKU/qp7zIBJX3CBzuDmHkAsAVoZpFFJ2MRQgPE9uXx5gzsr1pPSqqsjDuhaJw7KgsYaUiskV1hNaZc95RaVeabNZynzHz0ZNMIe95eDnkOWDdLmMpbdD/WGF4BWH8/CJSO9B75qFfmfNeF4yAny8zdmx0PbXO1AykCJO005yfOC3ShvK1Z+BORyuEZsNHxQddtN1jHSF0PzACgg/ULu7UcEL/+g6+/FnrRZ0muuhvsk3zIoHEhNSyvm3PaLmMDiocXvtGXeMZ8S5HxOzlVIVZ/y5WcJiGKRU0dRrCI0Dr7rPr70EZl5ZFCSGfbs6neqzxboJoGkBv/tL19IYbz0BhtpDckgxFiEAplbOk3RGs2KqWfiFnUn8F19jsyqbsbbxDYf1zohdVVhhYa/9zItQnJWj6RuWrXvEjd7cSmg20d2tjDqyMtoeG6L+iFDFJ/pU1ZUdNJGavE+NH9AzZmTmDUuv6c9qMxV7SpecBb+GNd0sSrCFaoE9lVOeh1XISoM1gpAKR4XSIApxis5ynJH/eUEvb4XUHdzOZK3XsQ2UTDfLncEej3/kl2qqaLYdigv3QnWFtIinPORO+4klnd1u+3QY5sfSnIVxXZE/5YQICUkeyp9Gh3cPFaiM9GhBegRjElbfOyZ5dfuuUuk1xV519NPWCAjw19mt63ZsvfFVq6cg8PY5IF3ofA7mqdWfj5L43P5lxNl+d6h8vXCPuin0QCa6gy2ZfxrtAawNoyL47lZVdXmZr2Z0W5eOqfFku+9L5yESBYUTkChlBW6rMp4djHnAy/KO2GZNHYt0Pbwroo84t5Q7MT1fcXH5GHkneqU5OixBYm0nA5t5xxbNJOEhmkiT2rK4Z0uE69SQt3Qaxvb0WoMkg7FG5l1dqrsejrNPtn9QGNEDDBNluvwlgYPC+fX/Ch3ilc8bq4q2SuV59urU1y2EXN92yCaxDUct818EfRDQzwIiynXUiS297kbRjb/cSfuXZ35HNNv5qz2cTgbW2Uw2lWRswErduIbNrZco6FSmR+W+vpJAw5bdXkgIfgH89kdfr6pdp94LmXbRpZwAWLEpM+klWv3IkfJhCtmVaeQgbCeCwQWaSxvfwLUYcoY6UjO12WVYCjXbGNKe1GjbMumK+XTvdb3Qn75VGVDlKzfnmAgE54cnBbRtOhrqKH3fayh95MAWHIpOW73kUWX18siGRPmd5S8VvXiBF71+zXwKNGmdBXEjdPbqmdPsEBy8vJQc9/1Wr/LdlV6biA9rE+117/CXJX1Ycvf8R5MqjJHg3JExUZRUg02z0u0R4U+0eLAEtGn15N1bOw1tXYjPab1JbVVvQNKPld/+b9mj3X1yJqT+yKhD/8JS46usJkvDSKcyzx/Ls6AukyQL8QczxMIfzlgc7CmrZPpDxpdvxaR2xy+HdJga4iu/ek9UDbBiKISohC56O/P+Cb3fhyCWNmLVEMsbBpZe9KhK7d+Inn/ja7XScrawAfZvEzB0BYSCCRRwlmcKSXAozbmw65ySkxCPub0iLfzZ0Rx4DPPBhJQ9ni9g/8P1wRxtP/jJkQQahcoiA3fK02EiOsPdXHKDNzC+uHyvxLU9XXnaWSMHZCogoGwssRcUqrp8t3DDbP0GCbyIR27z9Zpt3TQhhsXmjJtMdVEwzK6JR9ESvsZdNIDtVTCDNxW2nfV88LrW4jqdtiOeFBs1ek/PfUJYGXWjeJjdaBlGdJnKNLYLshlEPQhPhSuel94YWiRnKrvrtWeBJhQ45Muk/orWaY+HHCQkMWO/EXy1HzyIEmbSFQXWYysP2VtSMOBrOuu+O48AspnmeX8XehwPXYNBTcs7FwrEufceJcRsidCIxPqEUotaquAE1QKKf0ZqnxoHOLp89l1CZ7+XhkZzIY0udzLLLhw2Y1sceDwx5TUkmUNv+pv5mGBgQcPGcYJ3fvDPLuSOehLsKakrGA/c2/4iauFB9L1eqYlyTFTG4Q/VDydtinkH2GFXTFw8mo2EylsnDb3a0E6/vvsfO3QJsXHzzH0/cDWCLZ7AYdIvJb9/nhRFRs+7vc8CIAOtzPurxR+nUoBCWys1TLv15yNVrBwMeCl1Vyu8mUOV5eD907O5EZKqHJBdHul4v8ha33VdxnAuIMTRi9uJVdEnHX3c5yNXLihZtWbfGmRl1ga2VYWMdI2kvlcAUDFGDM06j9bUMd2fqGX/+90IAkZKBbVWZxLeNS+T1KQpK1jLQzY73jtlt3AbvgdtYq3fWTERL7d74wvE5itdJmdz2r01VDYDi4BBi24/mm8/12+fVNuYxnqbD9F8nsnpltDxPj5SOYodsd+74W2qaQk4c+jaWt0wcet3s75/QUy3Nd+oqwlzj1Q2GMJWAEgdmIfb+j4eK6d9aQmraR6Lc+MQcJl6s+Eem9mLo/ZOfbCC2XNblBn6MURtxQQjwPrILBLLnF2L9+AZXN3Y2khHbbOhVpn1MoQMcKZ6YulbI6bPg4kNP5hDtSW/4f/RF/IHn0bh2c2QeiV56OVF4t48EXRVErqROws9KrUbyVPTT94rlrXt2nCmt5GezjjJx9vL+6WgJqeNM4GcEZsMY9tGol5L90ptJ9Lx7LnQilnBiec8lrsp++wcYKYR5sOGWxZfdmO5XWv3zmsy/bdW3+cuJ9C34pRj1+T7bT3k1ILuchrSUwLdCHVxc24qPDT/1SRZx/bJbfbWDwynKNIhKUqepkdPqmfPRYqa8XgBUw/m2OJIQC2g757hYIY1SCoohupp2YC99sndXGZHoGKhPTJOrqqlOrM32zHfm4IRhQc99wZ0+3IqCemcRzV4RPCjjiymGD5TtGSGDbLPaCmdliirpFcqcT8++ItlJblwHo67F4H7Vrr+C6mQJjoMEBfYTG72OnIuN6vPdls8Mujhn49a2koX/wEo7DhSquzIsGYMeF+v4kigJ/VHKQF1OzQPkejgNlJ6KTHUImap0ANUoW9d5jV6wFTXESsBAd/IghKQaVoY7VgPUZb+i1r0HwDZkdZ56U/lehtG9e2JPdyKH4BPMLlu9ZK9UHLmU0IutIt6XBMCMnTueq45PKsl19kpOQVh02JhUZBwwWgnV6ggF2rNvSr6WiPin7CBmgRGRtczeMX1HLBM1vEbArnZ9RE5NveQlerJU4kZ8rGxucVgi3ka8OeCVR35F7Jiift4j6PsVitcoMNxM1RAunMF96bRh4CQBjKjfb9LeSrfnCcGU7vrenJp7tJoa+qu9nhFo2Jh+5Rl2tsdqvw7js0dUhku0qfe77iE8VfWFXmnxVlaVKrm53nHQmWe7NJj+vVvU1uuAXUjXUk0xoSysag8irarbM0XRoDIL3XeWnPIDaeSNgiDf3FE6JSLatq4L/ctje2Y482v5s/00tO74w/3s6HdKbb7/9fgJ3HSX8Jw1y1QQoioyy30zc2QwEhD2h9lp8WozettvHfk8l7ZsjW0bajxV1eEvmSLX9MfWAV6Lvae7JXoPTzUWl1dAwxlxIBPPNtGfsisduzmU2Y4ERn587nHYRa7AG1Ixdh9ImRKphcY4IHpK+nmn/2rsqMbPeXlldAtOqCESbQPNR4ckdxCE3zLD1bZ1Dvn0tKb8I+N8HtFDrH2mKt0WJaPua4AdrGWXMepJERWyLBHsMWlwme5kVjHYlY1QAdvyCzJFVYoZAFzMjiXjMf9GLV/1OTHnk2IYpUmtYQKNONPXKQYPNojRVUdhNDWzuT2TyLWIKRIAACNB1vF2syN8lO9dXE0z8/M2fGIwk8T8tnx11O6AlCgHH+lLWYpJfT20ampIvMWTk0tduHuOV2w2BrPB2l1ArpaeOBF5QG58OPuYo7pJgVPnNCB58xIAq2cnfRXiCFq9/MKJzdHj/HP2hIt9sw9Vg/q7yeXlYiOTDtgVc8+bIZvUXHi/0GiLWFU55dnqSlMqv3j4hRKxWNjhSj/4zMfwrzVcWKH57PUEpq+M5oc2zRUla6WL5wvuf0XyzOCv2zt9QjrY3mxhrBOqCA2puTADDD3b2IP2+6/YLKMPY65dgbmyb2IQKobExmWKBrrzEHkWEXm16BYEy0tyt+SsNL68nRqwPzxJqc66MSQkToRVXFAfJ+/9Zfi++2WER//2zC43Q7Sps9JVKhv+PwuAOE3fJyE4P4ZZjxoVgqcviBwjXqbJ/rmlmJmXEkNt4ftAiRd98uP4CeGxiqH515avmEQMSyKm8Sqv5nWbv2uqrqgZM0j4eRBMMTigfIBIOWyBabevuL0PFlvdnRwdL7m7oFeas/Sq7TmGfAevOJ52Ry7rKY0j9CNOwrX6fiFK658bs9vDxhkt8/Ru/tvV/svthe+3Db+aGmFnCviriqNfxOVTEjOjrTzeS8j7ETTpQXhKq7gj1K14TILi/GlkqrEwxDbIir4aTHfSqchE7NCBXGfzQamf4zlts7MpdTObSdcPqTiI+DbUY+jtO+a34J04CERIkQhUxDqZSZwIN2GeJNYNc6Lyl1+evkMXqGD+1EmBPDprtGTJz1HRpm/LNqYry2lJPSzhT4w59iLKf2oeKFpHK7WArPvkEUaWsx2MQGz7znmDxAefwoapTz5h5Fde+TRp/prvt1PpwFx70JTeFKMp6vi1sMG6Zn2E+YseNtN1VflmdIxTNmMu0fm/JuWMv755ak/F3r2J9LvonzbfawvYG9j7d80Jm4I8e1ejyBZkE9SMGm8YDwOJqw6X7uVTaHlux8ltSoG434704f+Ct1nhrCJEFsmi+lobwW1EDO+vfEjQWQcz7cF1MlzN4K8U6QbMtb0yfNlWH3JRe0ql/2q4sqqsvT4ITTKFJObc+XLn1G5v81c/cLKp9zsxbnAa7Lrx8n+w2c8mjn8C+Tp1IiRf3/z1i/RNiqVCKlxd6J8xN3PWPssJTHWIppsob2CKXjdN9xzGp8oiY69MgHHSnIx8pXN8Oot/vl7NvH6V81czUd5GuIWrT7yVSnpbxCkGZCzCCZdqQnC9lIoRE/ljZ8AO9BcXUc+/Vq92as+EB/B93djXTOecnnMBf/TBfBMIqAWok+0DofWIYimMniHoUtFS4+3xfHfxPe9CU4QQaxFbLlBXle+z1p670KNl3Ypr0CfpsWz9I1pldIpWv+UumzPi7HQ8m5TxisfS4ainHnxrwe2fKlwgHL5h5EVdravPYr/ZDt3608N/th+lbjPg36KXp83lhjGUAm/L+F9Rokfu7mzGn0uejqM6esx7SDx+Dl4OTdlsLF48yr/wQhQd5fUULS5+fybx1OEtqbcW2zf9Oia4p2GQMFagnNParvQFAMv7/ddP/W7rpxYGVXcmUPKjZJtiky8ANmlbQV0vopJxF1oyH5AWdL4JUW1ZPpU1wB7tVshLtdv9h5kC0G3Wrdoy7WvGVfOnb76+EIvSC+0litTomayGT+zG0626xO0NIFXH1+OWZJzD/8JF+O1s8d7chELGzihjVM7pzhkItf43qCIsLzUb4gtANfqKojSZ1NTA+cGon/1jig8/4IQYc3AIe0+L+994Pn9Vf58KRdlLcjqu5hqlXdpIwx9nV25duiZDjx4zhCjunVzskIJ3M7sz/nsz9SCH7zVSiR0pl3eGqAvXK9sZfBZ1cW/608a+QV+JCaIvnnyUM7ZrIwknWJV1B1WRxaqrkLRCyJzvHczW1/09jATQu3ONlGYnUp6xXKyw10DJev2gVGscanRXQKM+pIM1P/xm6vbM65VyetSbyDnI9/kSa88spUwKRNXkmHbhwrE7Z/G5xe2Zg1u6Etqiobe3/drJu1dnLAeyukWS/6ZFNbT1weg3P352fCPAEnq6so4LwYdvqeTmOlv/RuSoM7EE5KXZE1+5oRrHSaGl0ClZS47H3XzsY1U2bS4zB1rnPztontbbNT+5sUW8Vf81ITMpTMNDMrXBe/eEkt/D6oa1foNkRUE+iMnPbZIp1/3mqj8L0ZFipVtsM5CcJE9xYSPvhL6SPCvVZHWbkDTnDYIKxxDBafsRZeVOtJ6u7B8PzILT/+r0wg0cbyioebav2e0vsY9OdZK4kc9MsqV58wyHe1vVlwsqo+/2rw7iC/0jFNvc03Ke0/gJl4tM+2p1c/pTrJKckMMKtvP/TRXJU9mJ1qHuG6SWi27JiBuxWqOCPjjV5hfGUvUUD3StBBwo+gV7mnANVNdYnxh80AIKaS3IwOVHhC/H3+LtagLr+I+EQi6D5UEZ3UpAoYULaWIukvLDg8ZhrKFhtiXrkXzDqJLM7fzmXkoFTV/7zF1YCeObXN75haEQLMWhVrWzvdc56WRMh1uV5rrOJTkLdBtR8KOPB+uF/TjZfs23BKw3rQo75q17UULD/gfB4C/ea22IWNHKit0kWqcd/eCDc/8QNjpq801O4tR7HlWrEl7884ghiXX4kjYgVqDwSvL3u+tPE18zp2ALJrkZfIUhKH4GrH7ud6UM+zoM3MIvUKxFtZv3M7xa5C7L3beU1gTsjh/rhRvP1i0UVc45po1qU7UiLfD+ZolNmbrKoIY0Z+ZjYbgWZRcn4TPU/4myU4zLCaSV/ipIWSSrBxP4J4qfT/Q8Q6TC+9/WTr9he6S0D7xeEWgL1ChdLksFtR72OhStP6aPklUUptDZr4cP9porObW3xtN4vHDMjHpVaHA7Oh+SfyocRNmITiEMkN+cdz0rNzM9+4k3JNbwfsDDRtnnEOPd+SL3C57MDQCfmPn8Xh7fYfl7/umgQNLrbiXb8YUyl24AxGNeYMm1uzEpRkq2x/IouvbL0qynVQwmgqcBUPFVvXTc1V0pNgHuIKhhs/tUiEUEya2wwjFtkWsk2DrJIjrnTj2f7C3WRCvhbuK7pEnl6WdexF4oT3QcudOKEg/1O89i/ahJBtF2fEWKwMMrEIGe83Yhw2Y3Mb0rvBi3yIXRG3uzDJ4daGL8XCyciVdymZdv9RytEsEW3Mq43VzfT758YGuqxsx0yOhDSr7aYvWiwMNV8W/DWt8lqgr+iyIObHSXFrF4J0WxJhTMejX9E5/j1B0ZP1dzZ263J+h5SaIth++s91CpPriRF7834Q5EAY1hTdy6ilMHoTdWF+xTfv03ZuHo2GGetT7pQwCMMr78l0KDQfrGBLngrE1Q1jFB8t/i3nKtVo077T3P7+NQ/7V3HTTg/KxYA66UYeHIbzsBndO1yFaSfFXu8EwfN0gCMpIx4VVeABFPEKPVFIdV0splRm9euDBNp9+oU43NHCltRu2l4qZpUKNBFsdI1rf7wKaDxjDeIA9rROhLWiSMF9ezPJhr1EPpfARwLk6W0mya0U/h6qPls2TdrpW2/+yAWp145vxue3FroDCuupn6bynGxcdqIvhhIzhrUZBW2uuRhNt9Ig41DSFm1/nGh7PfFQSnZS+xWlwwp7giNi3xSr6pMZ/Vq542ShJHITs87ShdSQICRAQfMqVEeU4Q1EKIWxHP1CmHHH+ojhFzLe/8Pe98Z1WT29RtExYIw4tCkjSIC0gRFOsGCKDggKr1EQKQTemgJ2EBFQRCI0oIgAtIJSSgBFKQGEhCpoYgQQgstQCAhyQ0zo/Pe/13rfrrv/XDX/ZiTPFnn2eecvX+/3Q4gyJHSIEFar2yoRiuffm3/EWaxuKtP6Ma/LgnQ7+IQ313rhxNIar5xy+QciJVc/fy89XXVmfd3D2+0Bkqzvy1HStgriy60bLrxGmDUyCMKJKmYXlrcYFnoSFuxBnePjCiCO5KzQQY28QnP9F8lVL++r8zoMHmetT9bOn60rCKNMV2835S7B5k5KhQd75vR1690sN53afhkZRxg/Wxw+PZ5rMgD3MCH5puss94jZPXYt2MFb510ZiZfjWkAHFKFJE0hcT2bc1qOM59nNzyUz2iVfa/r+9CsrLFY+5dMOi8tN7/NZ3tJESTiC4e/BJQBguzcwqMk36jbT8g1m53eLfsMkt8cPp+kE8l69XXOVY//caSNlOnp/JfVQ8r/lkbwkzgU0vXlV6fQhaRblszaxuaz9qZehqbaKuaiA59Jwwj6ritnySW+Jlx4Etn9QyJCTrRP/KrUwDRHzb0ITUUZMr6vkT4AgviOz8RyKKXKxJOLgW9xJ4ubb++uT/VrDner8AwuytkkTNGcKsvBo7Cjs8EAbTiW8KLVE7X9nt7ED3z9m8yywr1zN8RdZzXGNQDQ617r+JihnK58cuh2EIcU3wsJTYt76+Sf7ZTO11zYXKojNgj3sozOyjRkeIE6ZLa1FYa8nUX3ZzP01rdHJr/OVPDtZhdBm0vgJP0S8ttILevIC39AWEXKC9vYmCc2e7MhqabAMUJ5zi/TRNs1TSaHVFWaMo8i5qVdE306J8t3afS0zJlmxerRJk+ogSd61xni2k/OOK0yTOqTecD4IWHxrW1k5CeZJi4r1aQ3+8jEi9oFbPqKRCuXDKeptUm5Df8I5nnq6k6cMolWF9KrPwPQI16PMLC7HQLcdXq8EOOPtwBD6GY6dViqIaCWN2PWu+12zoORdwmUsO3NhpWa4JxtW+96ypmyI8DDJzHHCDKNQcO0UdqSYLQ+GoEXQJKzslyKngtIZ/VbaHXfip78SE73SUNIMqRCxoarfWUQPiq3r9jQmEn6WH9dDH9j6uHu8rtxz1yrb7FMv9fxG5DvroZLasJGbL9Bm4+IyZxpdNgQ2tB9rTOkqIC1bgrzt1kue7frVhFHNXKUTF/Cv/Uzy5N5e3rgy0nJruo/0Kr5ybZ3S3UxTyj0m7Zxl0lj+AAYRZbHkZi69v1nTvnJ93YDokrA/IsVt7AFRaMfjmK9iNR3xF4qMPDwDMnbjqM2kXnrP5yYOTjo+bOxSbF6+RM+E7ImCmQgSnrm9cvM6Zcc1mxua05cZvex6VH8GMyj1MxpSWtPdba+3ULVHfNtN8Wjel60USp1tl2wcslbSeqtBnprTjvXxrMO6G7KS0P10gPFIdW6gRHWYQPFHbbO6s+rNH1ZfeUeA65LHCP4zMVEVB1ZeyZfa1Fw9Q2rZ+GCkkSu4pB97ZKfPVlPnCg9ASyuamCQcgn660kY2j4xU0WmuOA+TT3jKpPtOULRC9rAIXOlvMmYl0lmwDOelgTk6IqrQApeNkmHYgHfCDhyvJTfge727esK9QxS3jdEUOz01E+JRvOveHK5Z9XPVykuiigL7kQ/iaSEzvpB6XXL8/FGkw0xJrhf2FbK4C/uofsW/d53+CSAabOzlQ5qhKJYfZmjJLnRwV6MlF/Pzz/+JHzp718jwLDN9GX2Sv4qNXpuSCqKuiA37oVp4UB/it3D8rZASBarNdcP1PaU0Q9kXfzV2P8T+eR/R0Ov/4c6fO2wchE7OVFLu1kioUur0Tv5Lla72Z+rjNXoLbfxX/SJVRM+bU4xd6ipH4j/MBrlV1YV4Vs5e6q3bDfgP57LO+z/tAFwztylDRmgoofmx/XhS3lfJiR71e0swj9Sppmtppp8/uKzmqP4mkU42z2tL5WJjWfdnvlErHqmff+bJWJb9rgqhLGhz3gbqOfB68YYdw6Kes+I7xk1BK3h7+tdGiTMq6zzL72ktqIe0UX4+PX/rDc6UqaybjaPnpT6OytE59zX3jrWPJjtFAKNmu44MVKvqwkqN4ZrskT5fYXLJh/8gFWOlk6b9K90qteVWY+Ck5nY+Qz+n1ttgaMUdhOchE5rstK5tf+qwapI2bp9RTtmcs5G9YdZ4ut2jxghf/e52NTH1uC/SNfOuc12ew8d26Y1yuQU9vXAdWPLRffPNi5jRbx5uvlQafKkLY+XmUfhLCOV3EA/NWG+1l3x2+Wteu6eo7Djm62Wk0cveTJD8vHEIfalpCdtHjNaNV2ENpDd2Mx727f9sSgNb6bNLNtECEUPf4vvO6odyNs/8FmfkX+xNPMcMGDcnUoUFvw7l4PkSyl0iLisnq7HqmOvsq3N/ggzXQLyh+xQ0WqRn6b9kktS0GO2023LWLmn/NvrPJ4QZyZvYHKJz4tLqdyGrqlaHChWjQjRJqg1/nP6PhXuJiiE2j9+p4Irv+RYQlHrBCk39bkSmPPINhA1UJqq8U8nJLfFRI3p4KVKeoANpTKve417wMttRk38SaPJH4wqcHLbNO/qo9iLE9XJc24grlofKWXuxtsfeey56MqZIZrKa+/hzdZtR11uSMTGT9hNjffQpXrINBf6IF8s7RpPae502WSMYLb0cqhdblSrYS4wdDx0XjAbLHJ7+/6a62gGbMktYQqBPE9RlQvoHwsxCaElos5pJfcEZomf/KCL/VMJ48h8YEvfXt9nCHJoGw+w+M/2V4DQk7v9r+byKkOJiyYUBmnWGC0tJORQPDCwvlonsBZn3/QPdkdUGMFKAUFavjZ3l89LpuH84H/MmE5o8mkfLtCzAtA1+4psd5A82W7qje6JGzvU4frbsfKBd0O8E4AkGauEEUcrPAeVNRqVReAESrzMJO5Cpw7Uu1gRXrLCiu4A6A5t39rsb+tXN4/qymyWSJnk01zKE4zJU0vFemzJTB+3ALknBPaLvEwz0M11HlvxWna5a2HpmjEHRFdAobLiC2n/6NhPyN1kCkULcfNHqbbtiaRKW6Jr5Z51Ut21i89u8g/eUeCanWzy/odrR7VKivbmXavCnPHsTiOebFjTadMf6aOaRYQv+qxmfq/xQl253yh0dzzKt1vu8uP7PwwSSxLaMJlVl7suAXWg0g00LL+IYXtZpEY4nlTVbv7tRsaiN6Ob/FWB+2zZgKhEdv89mPUdmI79NzPf5EpV4WImLFm3jEeKkrJQrqeWtaUpNcjRn4DrVy7eGW97IyRV9bStrc/FxE6gMjil8gVU/rLXQzTG6X1h0JoLm7mNbk7Rn9C+uv5ct3pNmvrGkz/ug4pSfwKqJciBlaxw4Tl0JK70iAF8BI8S3ifHWDTTMvsDeqqU921IJ4XmxBPvYnj5SsKZjhrDCcn4xIbbpIbjdp1XbLXnyz9VvG7ZKQ91vnPf7mYNkKR7DefnrkTEF1g0zR2QuBDk8WWy6i3PpbDIjKZVKplNt3IlU2p8EKuM8gAhsvX++8oWQHByFmIhH1Ew+Egb/vF9Pc7ig16eoDQrWUUubGB+tyOAMhnmncC6bdmqxO2n+RtdVd2LVNC1kzwpcem/tJbaAqcC+funuPItMLMezJp11/a+S97ieMlmCbRa8bH6MP7mYemEYnSRIVCLQm7ueJcZCpwWLvzxd3upPg5ZImz28ZPXgs/DzQHaGNPdNAjC5mvGm8FP/+x0bPQgv4FbXChphcvmetOGCXtztU4I2S7/0vL9P1AH6JKg6KUxc6aTqy3pj66iaDKlZI2aVhmXsh1Q5m4i2wrMncxhpMjkuCkYYOytYF1nR/qJi2JasnfUAo9ejKNolQmdeCd+3M47ClfDW1SbsOKo3/3n1fkqifOQF5vrWD3EXZMi+EMJM++Xb2jHREcjs7G/u+JsU8a/SmL5DGhzGPfEzcHIp7di9J+9SRHyII8jwKZGLV3HwoqfZpIkJQndUhfk6hXo297FJfkL9rF5e3K/mg76cJBpJjWtxH+quteahBRC3s562al27wcir6A53lb73vXkUkYI8Cr9Yco1167YPKibVTOs1q6Lf0HWUd/BAZVygn5j6Y6Pi+IhycwL8QHal9yO1M/KIk8E2pQCHG7NUZKJvzXcEEI5IKac76aGSUMYt4DMK/WS32QmMnhMtqdvAC9fXaa4lTRIxgj/CFiiIJixXLb2OqBCDRUhaHDLiztCi4iXuU7Q1IvJCXYxUXe+w7aJKFQVDBS8kDVgdQkUE3B4LOqAm3lEXDhue06Nib+fEFkdDLShUTM73p1fCrchwVK9pCatdb+vjRm9XzP6vrbTR0gNu/qcoEYytvNGUPIR2z8Thwv/KY1aI2g9WxvcsOogk9ad5ybO8makGLgl+6GZHLwVw6E8GIdbiy6bo7CWUSeUkWVZ3nhgELj6+4QpoFYcoyhQU4Aool9t/D2oOEXTHlCZIE462Y2eiFSuzxTMNtGbnrWQ1JFJEoxQZszF2jVG+78fzvl6fxvfLZiNS6pHXtp0FYkhOIccR+OLT9geUDRO13Ebt7j+BH+rcbW8RdPhxuC2YufmFKJN0rbTJ3MgHHeox5XcrEtznQoUTn+ptvApLj6tbnTmdoixxUxXZHJf4YcbkLjXDkBVt6jAC1WGWrGDfU443/gep8sq9A7vdsU9PdsIEpIn//aPH+IuGGSYyxg19tgGnkPFb2wfMIqsXFhvUi2OHX4SahmNpWI1ITabDVIHkL4284Gq8yag4wNuXeMkxlVj68Z7o5DOCY318vkBvRLCGh/uVZGzLEBvx+Du2wozq2hHSFYmTM0LzlkT3mbOSSP18SdtII20boJkw1wXWA+HeOC4pGnzpt1T5Fv9du8/wDB2g0PP0OfBO4FC97XRRsrlUctREtF4kM74Lk/PIsnSKXt6kJ1AjtLqMo6HJqcYubwbdTqEHMySLKQJ9eIOs1oe9slMqfEOodoysqZ6TCfkMs+Vudmk9isyV2IA63Z4V+s1gRSdIwZkOR/OsjjbpZp07Yv74qSoMhL7xgSpLFQtMXDV92GlyPzZdk3FZlfRaGWFduWcggqWq6QK7ZABoXXEz+AIBp53PfdxyT5qU5eWbHjYZUAtIc/wA5V7T0+6hDqkpjt/Mflj19vtPol8OFJtjLI32416j/WbCe/zKdqOR5740mL6XbfHysfplbwG/LFdJzns8HyV7eZt/bU7p3NatFrN71Nbc8iE0/O7UVxz2XSu2d1mWD8yAUFsp6wWA2sI7muk+ftJA+tvbudd9Qsn/RrQO2HzcQl3u09/tTFbMAuxjsFWhmb5LXGo6eshD/LwnGxzyDA2Em6bBn3/risPfNDAqGWmxtfSIX+3O5LV2I2fWedTHEsY1KHAKy3hE8EgBf3Z43hPIqYIVfIIF2e4FxfCMYSblVenFAEOdIOqAMdbGvkDMap9Nm1PeTBRfEiIDucwTePaNLh78idsHel+UvkLjCExq+gGiv0FnrsKKyeBtsdPovmF32QIFuddc3myvDGbJVMwsqkWSuSLPTFSiahMXvY7ZGt2kymQRYoMfEjN3NPTXDEA6Z383RZfCqQ7O0e6ALTh+ZGWkxxAqCOB4hD8rErRaLxeyYuFyT63vjEPQLiqWau4YFGJlF2O4Rovms+gzGg2590g857mvQHO1spjf3iKgyAuyQfXBcbLAMYIYgtZwLoQLHTf7AH/3eIwvS7lL+kKBrRzHT5cs5Xnl3cTkei6kuKDiZVDUY5ctZl4CxIh1pffeqKZN8IWdLBZbVo+XBYwtvwOuH72WR0ia+IfYdPMOi57p9b7JojGr7MMSE3CVlWTXcgDBir6k8Ng0N5sM/Dpn2potd4UQE9q2huXcQU7EeUDoIc6O8ZV8Zt1/YAocavaxf5TkJSwnHjURsHrx9V+wxG1k0bMTRP4QWWdhNNZFhFEu/W31m1V4EqBvHnunrZHdgYfFSfDtOxUMYY+QkWmMzyEh98TE+RJkSYA+kigzSzP3SqG4rGBW41HP78Y9REFqWolM8Ubp/0l6mUgaHTFk46c4yZ4TaCmlfecFlxZKLWxvIFyTmhsEVd+wIC8Mcco1ekynrlczN1T0ueItooen8thfoN4y4u59JNN4NfSj5DF9vTk9a892K063IdjpGUEf++LH2ElG83enxg/aIA51sU10XeH5l1L5JwAcgcOgptvS06KuKZP0yUmp46JvkPGjC/KhrVPX00IJEhotgZkGO5sDHWcBdTrt9k3c7RW767W2nVHzT0PiwCxXXdBQ8gJzl/D478tdZty9zRjwXzZ5D2E/U2LTVZLx9beMSzyys5E1XU8e1khDiusDTar+6ubUI5V8mXesovNcj6I50uvq48q6tcvuOdpU2SRf52YSlL628krx5+ImkpAAbVBY1vfO8sfHXmEc23VH+Ng+cX3PynsHHa3o5DxHtTZK6yvK7h7KHSo9cFrKIT+izcklFXgm2Ifef6svwNPO8j19tQb84ODL2w7V+Gpmh5Ek4f5O1Vt5H7PQcFxsiUVmPvnFDzVt+PEouWMuFI3U8lYv0ugxRfn+RBZ5krIz3jk6/9h22+bBmTgGsV82SAWhu1WXS+48THQw1XhkfvQVZnuUan6lgRjEvyJJPXWF+jn+KnWPpPZkqAU+wcUeeTWnaU7NfvXtK76faz6lsMbdmaBP83MZ6iTmTEQMhRurpsnLgMZCbVeOqWULWQGeoFSK4gV/WKTvXO+DP1GC/KwpJmbFLgNmWANDssbsZeR0GZTIuR7Q+4M3016FB6Kp4dEPW3gb0PQa5yHzGPzhRp3qEA2IW7bSc/s6jnD5g2O1V6PR0jtxLGHNGj4Aw4a697bQ2r3jHPbXhGMXpS9eHo0zSxKU24XKs44j8+6MXSFOj2WeOdhM88mLePTaT2euVFL5ZL0w6vFAOhyp0tj/7bzH4qWHxKkW6+nXEdFGRcSNOMsyyNnt07dABZv4ib0R6xM35XV9mWlAslnFS/r04ToCb4DBF4jrhjaCS2jcVDWmoh9FVjUZgFWOUtGdjhtXvzCUUYCUVFHl2mvcK/YaQohmw9zRi8ly6Ye9PyPvj6AFfu/G/uM6QiWfbntbGgXekRJIRWzflgg6kVmxQUOgXltCKBn6t/bA+/IKY+soFKPgJ6twJas30ye7MuP+uGq/dP1EOm4pydtZyNuMEqw7ru0ygcQYA0ZxCHAm39wzfIrcIPS0KUl4dlhVYAgu4tY0Lkt2/xz20amG5H3+n4ymUe7LWhAV1Y7MaWHo1acO+Fj8OU69jUdF0pRWdQ4i14qT5G7HJ8j2UgTm3S0ndBnFZ1xb2CSwFLU8amX9etv6iGm5DceY/568YRQ8M9pLV/8/yH1/21IfYu52+udPTrBZCWsjk5xbZu1le5KdYo2xbVKwFYwFzmwk3wxLfIEwrx0smD7VrCV4HKo76IuZnCkN5nBv5QSQpAVyTyFX0pHMGf0Ol9JxM4ePntMPURXgfbVhVGuS1ns7Nm6VoOmmmV46DDTaViRm2EBQ4t5OnVQWSOP2BIEg7wa+DvYDWy0TZPaSRx5Wjf5jCKwUi+1s4FgL7OX8W/ocY3bDKc2hmKzU+NtVMyC1E5qkYUIvipfuFOXvOi9TAsMzP3lcgRl/9Nexy5nYQscb8Hcrfkh3Z4ySxQTi8l3a3kKNIxRM+q0bS9+cjgwMvBnkUoG0auxbbjlmeKtJp0WXAo6l/THhKQ+Xscj39L5ybb4ROHfLh63e3a7Lp7rX/5y8QQti5mITYUnbnQdGfk4W5WeubTJnHeTiELsG409eYXhzjWbrrCpyZydZzOBbOCg/6a9FbRNZ5P6+WXdROHaPuXScDDWljSXgygwU0muUaNK3ie6MbRYNYFvf63ebs/Hg3pk66GTxza7CbDXzVFQXt+jWcoRS8LLuqw0hFhv6a9AdJIawtyuHfmNYnqe6siBM5mWIP2005BnqRJd/NaxioGi8U0TMq+gIxqdLgHJ1I/Ri23pSuAdoTiuYHGv6lcUU1FJn32zxBFaYAmg/qmw0dNtdIxyIN57Ux9Nfl5bMiVBqAX3+4R8jAzGCTdg7EuUJ/IQsV5ny1SSfcBM0l001IHiv/1r4ta7M+8YbAW65HU43UQ93hd7uAedT0ss3q0YxFYkJKfco1YUWcb8mr221l9hdOHQjClT65XePT2katINs3PdNbyQg1LgGWk3D7zsIQOp4Ai4+Vmxm0rxNY3QQIyUjSEYPEEQjM6ycNgWx9nFeIoXAOuc7mhL0eRaPTJHz0qPjVoJPyGwI3H9ntDZjSeVp9KJpfHN3egyHepqdF3UoV93J4bqlR2Lzsp7Li0Xopv9vsz2ksLyvepdT0q01bOb8BtDZwGZiCSObf6nFFc8vycgtG1ufbVusrXoubB/80+3Sg4Tpe7qDTYjAClzFZjhr/l5XijDWy6YowpdDEKJqKs7qYvneZWzbgPlvYSzENfonFhJHdpho/tb57GEDrZ3fb1SuIT6MVkdIoxas74GUIzbSwZ2G6t5PxmOTiuBECUnNof5vuFLfZ5drsonPwmd6qmpGGmmv/f2JnR/s5UNScGNtlopdHHoXUqNnlqIiOvTXAzIOULHeKcqHz7im9fN375hGXNLJ25WMmwntfb5nmRTnVEfZTfRP10xTD6i6MbrMJvZ+siZyS03saY840CzONWs/LivUTHMe0OFI89oCKLN++cTASjP2Pj4RKmo8HfeRl1Shzu4ZmGMHw/FxlpP/tKDn0Z2Q+SGnT5b0cWnWul5UW6JleIjXoY/W/GXkNj0JNpFgthzqwG7bp7OovHWzdR63K4bIlG4y584HF5aY1WV0jKF0GIM4UtBvBHVe4JwNTNtVw4E1D9cvj/RXtGblOvDAMLmmuvakCe53j7KiqOAteBOFrQTG7h8/3HD6zElnL3ig4gDBInLZaXrOEWEB30crSy5C71SLZ4jUStBSrpUn3gXP6ZIm+ZwWjs6WiVsfLzVO8N8PEu2qGHNpIUv9pZHm67Q/bFqUGr1hI8pgNwRWH0qEBHc8GKgQ1lCZfO19EbiuK+MYmyc6/KUKpQtuvnaJj9Ny8FyG11kUdRxIbLz5KyOcCermb/kGpKycHjpLJrvp4Re/U3h16wTSfN9bxf6LRKYNBN2jBO+cno+5zGSAs8/YiCFOvq2V79OyKM9PW63ZMup7YA9PivdapKCbCL1tEW5QBewS96we6ee7bZ1rYb+HjDzsaFXZd9Yp5946fo4bN9sw4gbEawPH7dQMODXuTpxCAzi0mYlB74Nw7hOTtufW2h9Hpa9fMJ/NuRheuA3U4A2ItiXNhwojIJqJ5sCC3oGI30TNw74zFH6AEEgB5Kz/7AdV22yLnhZ+A1iA9GA6NLuD7+pcobCed3C1xmKEzU3U5/U53Jmv4Aflf3282qXCAuv0vNmK281VDV64D1vY5Tv7vi3in7cFzDilZsRst8jI2RETm5Z4kym54fD+wUOHUxTjREY/t31GuV34wJfWaOYV/IQxrHpS/wJWRtHK4CEcTKTqfmU2vpMosIZaiieyXYU2xWo3LgZoFapW4ydIVOAphy1EVM+VHdAGP0CvGgDq8WXpnwbcWYo7M+2e5ubGkNS0cIHxkFOARxuLWtF2g/sj9+w5C89N+IoqdUk5Nd1cMzar3b6aCzXrL1DnJe49lcNY/Jo56tBAcnS7kh/AD3NSzRV17R3gC7BcrdsclLo2n+HWLMMCNsmCtztPtEbOaR/s4FoXTEAtiFUJ/wBl//RycH7iJoxiEmlSAzyXZArIDxkyLpam39bbH82pjJTMHoczTsB7qP9I1LOyPKPuv5FiSvCo3KMeT1rSh3mF6qJXoHt6QExJ83qzJHoeui5LitKKWAs5+4Ee6XPO3HKJsRnMxe2+6Ym+LLHvVO1QsF1dtgkRNa+bBOpp87TMrZTT1xbZp+ETGNPeeqHSmH0KvcETQD592fHSkQMdbi4J9/1mmgrteeiV3ppeQGW9me7lZSL3NQ6Lok+czyroOq+DVe4BkvHK/ER1yzWl6kNkJCx+Xbr4FLbZ2kphJm/377Z4eeMNu4e5uakU+Ds9jVALfASokxiwFNMvo1DuDJFYpn3BgoHuHUx3xUjoANjH7ERp2ZWAsHJzV+2vRknAdCVEvlfWsRogckhnPJCF0ymfMSkC8N8S70inMQDdWCIRaz3u+HAR9/AxOlzuxFvAi4lajrHeNXWp+osyLevoPbaBbDPYMMyBlF7w08r1L6l+DHFvdfNOW+yoWMkQYjDqMv97QCaEGyf2vnRH4NIUioj061i7CksNcDxWLQ+zVaolN+AtvvmFKMaEGqv3+917y9golqdiLQwQXJB1xspDitv2Ly/oEy+tMlFiny105pg2RTpQHlPYcAirtyPk+aaHb5py5NNvYSrMMsSiI3t1jvRqOQ0RIoxH2Ht74Vg3/iFcPdQtmpOqR4y/ltz2PK+3vFFDBP5lavtUgZesMIiM9ApNQlghAS5nfgr0hedMFp3yABxde6T0BFvkNbSMLnIGSOQ6Q2CVivFfbcdP2fqEMIhbBLksLTId64M4/Ay0rgxCWGHDXmV9Dru+YinPI9CroiPxARaD+MSiWJSO3sWDqmEfYYxv7XbGcl8IRkdVwNdu2dmR5o+tLhwhi8d+aJ53wszoJHklLu5lnmW0FUCRXCCTQIx+/wYjUx+dvAuhSv22qVwBVXmz+63kjAXMlPeg5+w1/ujEBLnppvgTo7hJhM9YeqrQzXf2H5KxFGNEY3G7bjGBLXk2/CBRTG9+XcJVVdFA8jybgTzxR1UvaclcZuxlvoo5GDe/oCJOO1l2a+Vr9h+j1NHZiMMw/K/KLKIaH7ZWAEfhENAIVWtnpdhNicbZ9qfz6HXdzOYnXUWWpeKMji7Kq+IgCbEH1OCTSP3/BcJRhw2oM5bQPJ/bHRgGSUVR8rcq2+tTcX5+xVuPbI6b/8plCk9PnDk3xtGV+IPGnit0UBYs8at2itay1W1F7AF6J6A4bXTXLN9COGCBtY3RNRWiF4XBPLdMP0XPdgSOcB5LiEntJFFWV4b1JhgFsgabE7Sorpcpn2aP3Me2Uy7WOuASxSnWEVtva6mUIdqM96K/nxc89p/kA2V/2Qf/0cGpp78TwzGaNZil8EsV85XKf47fPivFhH/fg4V/b8zsKwEYHa4gVh0TCORZYeOYk0SfSIY9Jk6KVzCD8buekT5UDkS9VZhs2IRzlMhBWWslfwtGMNj5xzYG2TEWX7qqT9ZaL1Kdd+qpgG/GqUlN53eYit7F4Wd2ncYZQzUwfI7pb2R3j2xk05gO0HIJY0oX6ng9EZlhU8p6KZp85rST5SiCS2QKUhrlbmCUhVcP9dhKdZLigk0jLAAgZEUpj86KvXgoV+Tlhu3ANBfExq8/b9SGrVubzH5gd0BGau5B27z5ZY2nyLJP5GXvptJLVbqHBV4rQSsH9ffvZF8226j3dJFq2hEoJT/gAFGqCYMoE0nFr8DMn8sSJ/4Pj6QO3IYA4ZtECd82myWxeHolPd3PEzeAqu5q1LH9MBFnyxHfMhYdsgJJK//ToHD4sqVEuSRhRKKbrpCwGtSMdWbsahJBE6cgvzCIICyHxz9ajKr1dSTDyrdtp2WcTB7jYJF6ZklzkjTDtN9gd0XW9vV8bsi1P2TZakXgO5cdhnohO4c6jnq3GCwtA11w6FHcIP9PNkJQ47B1Ibwe/tmxcPxTrMboSrAebNvXwnNx3G4elp9Tsq7OzPOjFqIXjH4F1/7pBAO5JqtPOS9cy7VxkFxLo1t0/Q0bsXLxh1NQKbeo4YU/MURdu89nHhvhDasZOjOOr+bIIb7AWq/hBH6pQJDqgRSlLlmKenSmSuS0A2Otfldv4w13hoh5bxk9XDZrEpzI7xUrmNm4KnSOb3RhiUHmfR/3/7e8m6urKBRdiDx3RV+XFJpvrlIhYy83fvKvddN/ggQicZ3zIhHS/r+pUt3/gyfttRy7R3NKRmxc16qUMUEvHdx4+nSmRZ8Elgmshk7lR+nR/Snx4yj4eWwx1uBPPgWdz0gQnm5RqLEjBvjvD4oaXUnNcTXcOzjSWVd+Bk+QZ0vMt75voU/rFsjQrUov/sgMi75NqN/b0g42rYCJiXcTn6udHFFABJPQhC9GLRLijPPLSPM3wtEL2FUZjIKjsQZ/CvIHga/gZuMVzUTufckjk/pN9G2YdjvwDHHarFoZRNhcJtHbJrPr9c4u0fHmz7gWOKcm5ejZgeDDPX86VisoWE8rpX/2q4AE/zuUb6XjLeKh8qyWLgObMmWiPdfaZcji/ssmFZERXXpm0PpWvBREIz1fCpZSUsjA0K80ErzQRw41rY5SUoOjytY7zoJcNC+qm8KOugaazly4BbZOVlzy2Pt/rOkRrBMhg8oqKXv1L9QGJChjwaszxGcvmArwdtzfhaDW258Kr7AMwtIvke4ij98HQshFcxTACgMoK1hyWcA3/RRuE4ug+l9d0KRHXvJvkQbvizlfFu3Iw7hAY5zNY+fBRp16mE59vsoERYtbsOlrewjEq1M8pZVcpNyNH3mTkuxEec1AOtMQxQXT783yZy+t71k708ndQ7UmHNoeNucwi8NDGjnwEo6lX8itd8xdvWzT0RcKIw6lgDdDJKIxlfgWN8XvgdofXOuAwRNyEGta8qa0VkQ0wI4dm6gUgbp2PVRL9wQUffySQ5/ljI5iAOyiNqdzbdQcLhyUBFgfbObwwFCtKBauOFY+O1DSLFo/WCPDRsiKa+OoVzFZ0B+ricQ7Xj+B+fvz/8rrF1M1EhvRgTE+6WGvITGTDYJXFV8MLhJoDQ2998b/EwaTtiNNjU/pxC9vOCpni8vzHN3+vQuDXwI2yC9s3FH7c2m6svk1UbUZlRnqgdp3beR0AqPuBeYsDebIb1eOCsQHf+S4s5jFb3E49C4Jwj0Rm0pnvOImOT94YWSsxWElWjSlbzTLsZz8AigEocUf9n2yLqC2Jc9OCb4a5L6tpyzBTWOa+K7nJoPdDsk3R7KWT+6631VNThnkm5hA6kfF5EvkJx5MlstrVyDxzcJ9g4+mIEvvZ5EoHRr2rFaqLSv3Rqflk46w6DDDvNIXNdB35AB0yizvzXoQ1oTt/Q1fM5kcPPlVikVjVkFlL4WV3TkycaU+ZBvJYkoMtMPdZKqmqpeUhhO0/VSp0uqkMV+v9+vHmV4JFfh4ULUjs81Jx3Vb7jsooNzN17/exNrPkQoWp+ppS5isnJBKXm44eRNTfuv6iEKvc2aTc7qwweQMxm+2PJFXeLfOltss10o9GXZ6N6aBydvZXipXaoPmzqrlg55uuI1d6fG6EgCVt9B3keqq7t3/LTaZw6nNfBpmG9kzoMCBEnxY+QNM/nv6QmWDehH5DSwx4x9EqWxRmsE6PIbqdYWZBoHwihpwXVxRxCnzeciT9TEdjkSE75ocpDNZMAy0/4o6g4H6YEIWkdz/23eHc6xl91FVpmpekwtrXpH9tbp2KRKqC0CtrrBHIj+9btoq7/rlkShHHu6AAdM6F2zg9j4AFPM9BkB1fb/brcee6nohjeA9QX1mh96XzkgpU/94hAFZeTI4lg1B0TVjCUavcUxxv3/ilCRg3kCWv79/N31v2UA6/dfb6/eOlDvCbANZzpYZqbu+zV69z9dwP89AOp/RVT1+7KB24s4EHsTQoyKBY7BqqC7ksaqsql9Kg1LIAYHsYw6bnBkuMHTVUZJEHcbbWjYXmqT5qifsKTToCHle/7mJR4NnHOurDA+oOy/MpWCzFxNSxu11TWtFfwDdDcoibLlgxu4vmQe0yCVuqfrykufshFjSfVGH6nUfIex8klJFU9U/86q8Hg5GjE8kCZ8B8887oXRmIGGRIxs9kkfazH6mkaJDyEN6X69Gqf6phF9aeaZKiHC/0TJvtxp5lEhHkSmtmkywbFh5IrGTq83zLELAbcIrZsHMWfALGrUtpQRfo29M8XGVGfwQFosMUZXQVW9KzUFY1BjODHtjxBJ/dstel6ascDvNl6MfNDBn8JxxHH4i9EXdF7ZWoLt9w9mF6HsZjMfly8fOw9Lt/TzQNHIqmt/Pi41lpOtvCKzm3r210G7wWeKWjYJRtEbNQESweov7I6gYuoaTlMvjuSlZPwI8UAu1FqIxmR6niBLBHZjHg+/NnpscgSjJuVBi/i2eWxk/yWvUbf2Yoz4tLZ9xD3EKF3KAhA+lmZHTkiM8B9iFtMR3fM11/Iq6GptZlRoyZFJSmPJqYVHcATapB2zrP+1niLOgGtcumJLiwlcvOlbxp6LYjUOFC4EPIjDhb0I3asdEOXRT5xYsNOQ3Ox3T5w817/ZN5A4crTzPOuNW0mIltma8h8/BRAfCtxto4RfOILhnT07mGQlo/unZWfXdknxFT/jWc8Ii3guH6AnO2PXYhemRX6wMG94bE9UcmV9B6yXeAYohC0JKJnAIdY8xwJF0U0Tp17V2710RWTkpZcAmKfQ8/M83/0cNhmorSMpQhMNwCJufkP6yvWMuj3rf4ZvBdbejVaxDdwyTWKgeosBcWh37sALUld3MKMGVJ34+zzLUbbOqAWFefIDyxjpE2sHVEGWDjX1nVA//1Tc8dnT1A4bpXHQ/aVPFEm9F1Cy2QkR/dslXlNOBFvK/I7zzxdcObPriznV0XnyCfKG2bNGcX6Dtq+970DBavk+J0/+pTpvq2/fsHH0r3ssoACUwKvr2wFqMzD2c77TqvDJ05NT0v2aL45OlPNCvrZeigpGUiCeq2KdKOhFHtgzod+jGz54CKnUWMRqjSkDHHzD7CYZhquMV6uL+2s1t2q4Zn0ISbpLXhvttmtMNyP7yHzNPFI9hFDZkBEBSTBELQvpswNVmXzUWWQTXENCb8vGS2ewji3yK8cZMsUxsLuHNyPp2aKJXUQ1ExP5I8wmZSXIFFCrKAE9/iQgYOR0bEDM7lH9eBr0NNQmMhV65w6DXLKnR+m9oJGXyauZ43ExePVhx6zGEdyUO1K9yWTQU0Ker07iff0ZKWBsaQ5vScb2lRLZaabLvm5KI1J8PNHTO9OzWsRtr7ILYocwkGfHUvQ8rRyCZv7wkr+vgMKcQ/eh1Kr6DLlilPS9h3UFk1eJnh/UbxdNFuSIvIOOIn/Xt4rwXW1k1UXhx3KDmjZHdEE+E7RzNxpyNE1A7cOtIeM22DKVqG/XxZUg2JAqy8m4Kmij2VvT3AcBXug7rslRetMm6XwKfgNAjMRI78ime1roZLnwkaI8qe/IeR8eKfR9YPaIVcP0Zm4BIZDo3vs5ZkqZb6hxWHpgWAk6034kCLqy1heyHUfwlPM6QXhYUvfarSh10j4t9pZvmlMESY+B70G4+mvl5aLHAgptn6hoe2b10R+8AjvWPL8fOKZokSG7A8MDNQCZtKgVpGXdb41iP3cT9jFNKnqcJRaWW5nszT641sbdAz1b8Nijs+0z5m6PM4fVmPVPe2m590+jxMB1e4L0bR0NUe+tGBafiJtCR70KKw0VOPyjRDGrLzaPsRHnxG8V7fu2BWv2vmegJKr8eKBk6b2TxFUM2Dniy9xJoG1SSBxl0N4ERFgABCW/Uzyi473a4BrbgS1ITYocc0wR88qc9OUByxCkwyv2BNnQNW69oKS3rJVuP2m+hL+AZtlYWjkkA+dPBWBkgsRUMiw8Gs2WPChvKO9dD7TxhSlRJ1+p+GgXfzJkezO+AO2cnLv4InoTPeXRZ14+ywles9Gw7goNI7h/CSTOXuMRw59onrRXPpO29pd8g7V3vu2Lx63G0nqkD3fAJWIuy8tGBw7HWIy4ZcYGbi0GGBt1a1RG1gYbdYO55bjfScnXWZw/bNCm023aGIkzJuaLB0pEK1M7phAooeWYn+6Q74VYNiBoeHytp8JMq/0zIIj9djHf/M1plb43wrczfjqSSibTbt/Mi5H6LRp/sbnv1FQKKB3uSnmNIn0j/uWGfk4tb4Fw95CwJYMS12Uki1tvZVV+WA6pFViZ5wDJIuhf+zi+DJAJUvNetcEpe5aZnVIRSD139N5igs2ZU+xzA0dVDk8spQZat0+2Bv9YubadO4M7VNisFVhh9gxPK+tWf9U2shQheV8w9H0Ufua1k8pxS5xH1n3l+vALssVuWGnZMZ9caYniF3VjgtlTOSc1GiO49TKRe9ZXoL/TrLm0G4/chQg8fbrpC6hNfg/EzQ0d6snLTX0bhsnF778U7y41J4nkCCGrrxV5lu6nPeKoGcHf35yFwtd2/JTTSsxPB/OLWYKiCLMbAtwUhT/immWdGzbDfV87Sz1PZD3n4PkTFIZQ18iZEtBUINp6MfGHxEHFVF7L0o7KS4HTKgy//psRYXst7E6rqHiL4vjhFyRiJAKDlUr9Z69dKFpHYF/42qiFDHUQDhmAApWaHwxgrjnWchC7m5K+1/AU16y+dIMdmfI98YAuB3rnTaROrdvUO2nFPslIwRreiVWPfL9jTg2L3cjQGpWlVekaXnnLMKCuAoJAD3gYZG990YF+DuNwKr5wnGbKNWvIXA4pv7Vmj8m7sHZ0BL/9VUijZ+wRzUSCZnKa7Djoq7EQ4Z5OFzp3a+JW87tkq294M2ENXgMyTksgWv+ruRv3CVBTIofE9K0JJcOcFr9yJ3Dwd9wZ4bXTBNs9v/xJf7sYlGVzTGTgx7TmnFZIdwHhWyOGcm6pAWK+US2AICkTisrkaQUD/oRU7rg8/uQtD5uZmmIpbE98xiAfgYcw+VGaa/Y2Rs5bedoXEK7xxo7uJ+VBeeRrVQqADqN4Tcb5P5V0VVQsezQLIVCLNgoGUrxt8OP6ktHxpJeMY6iN2xDZl04nBmXAqj23Dhp1gppQ/ieMZrpsANoYkyVT132zLa8QKI/ST9JMavvztebTmhyuiLjktyyYDdnVc8YdJmMzeWkmpKrXkjUPliSxO1Up6NGHjGMtTR1IwYcQcHHeNY54jjUbcbjM0RDq6HYAXymgnsgR0LvGxBJwnw9iFDWyL7ULqpvQUhcTH/SMdWZ82mah/c+f6QHRbrsu/Xxgm43z26GM989umOGX7MWjJZUloGmPPZwduh4RzcpEo5Xjgq5evgffly2tX12PrvJw7K15QhyhMTdvww8q84Aw3uJKI3lf5gJ8i5nuR6PHQ8Y3PRbKZ+IhtjExdjvh6OdujVTFA5Ja5bfwXnt6yI64S0DlztoSGYCeF+dASvIbwOmiyle0M04G+EwLJRyStxmKDNbaU01Bp0+LCQWgVfF1Ek4i0VkpjWXbo1eRKWNujORA0hOENGBMZVRfbC3ft2W2YU/COsEJED4QN2AzbUkkoW+N/6H6Qp2fnIEll+sTPHcPKG9rgFKY+bST/UYaIEgcy/YQk/efZ13Z3m++9K6EBQFGfv9GSom9LM83DklwqmxM+LpZONtCWtyfbVcYojPv/UeVX5jCPQaMZioB9juzbHwmrg/ziJdhPSFj2zKDbxSc+TML1Wn405avdO164s5fn0LtveF4L6j6jNPi68smSpD+BttP7qlvnpWhKwwj6Tt93n8bkcP+Dsitby0KBuCSYYzHFZStcvmVS8TNpDsKIGhmmdUjZZIK23u4UqjzhbG7TML7+wqB8SYzrFSF8mUx/yHx42Kl8Ei6VoGwEe5dVfXXr46rTBCrH3gEwyayV0CxRDtzQm2qJdpwS02qRHFiPCHeKY6mlK5wr/qjV1TtrMtqUnBqaVB06p9dSpzvSl7VSI4cqkZe859rlUG+KSuaEHnLsOmmkdjdoB3ot+uF21/rhJaV5RjT8b3zsiO1vKUwF+A040KmxfecqJllu2hN2mMYrF0n2VO+W0+8UfVxbInWaKPK9b2Zwk9EB9jlsJGLQvvaQRSLmkcpwqm9R2W6JMDQlZ0+uXv2+DIYtW7Sy+72zIAicL6sNMrk8rb4s+GbzytRsP49n5nJqP6u8nPTSN7lP5tx8hKoLtmFeG2xA83pVjDM0GKWSJt8sIjsy0e88AIV4VtZkTn8jR3IgSWxX9QtVPJvijqW+dzK2Zp5pmQltBni/OnRW/7Ljfp0Pb7gZqSfnXCk368yPrAhh141sn9A6S2DMoB6x0VRycvA6e5uoST2G4X3IMzWDE9Nh031O/QsCvIzrw2A/Y3L/U+W+e8qUeP1r46BF6j8E2iYe6F5KP5oeLfeDw4J019bUyA0dUsJ/OxdDPjkdfQ/bsLC/efVWP9HBkIn/4s/B7ByNLwfULVOr/vfV5E5/mfB13/PQGvEYYOotWH4bsACzW5NXY7a8iAmNeqzV3xg13eoRcCdQko59DYfY04YRHaJATcwVEPGG5ZBxAvosp/ktd2qCgryDN3MfdSi0G9h64dmD6zDHVp8TwijSyuhYxGjaBjM1XzZCj2237aumo05EXmxrsyQh7XCAKLZ+tnHqV/6MRHbz0/6GErg7/D7zuqOYyop6HbnaOB9A8GSd4z0Fj1tyhS54HA4LFIp3Gopwy4OXFa/fQ1L0aXOkJ8fZxDYpCjd4j+ntPJ5i5C+lXE6i/VEV9pWjRRfnZfYmNH8dAxaus1+DKihPwnd+XF6qJRU6Sk+vhaSPzp5ZPX70SXVyvgb4YM7WWoM6L1VBo4bZlZT3fsz6zV8+cxfEQl0YxuY/TLS4LoCjMPsdzBsjqgKKa9AAm1aefZNZ68fe/f4wHPSI/Krm/jRrr9d6Pp9noUpNVAp+VcFk3FxcH4YPXDeVWL1RU+rwxQEPMvZlL6o1dPDPajUxZrTAIg/OwHQ40OELtRTAuhDow4tT5LbgxGVnk59b/Qkj0U7ng+Kb0MNTdQa4iW+01K9QhU6Er2dIzrqbkRvBDIUeeE6lxckaekPyhBu4zv2YLWXYKX+/VYdY1nq+4UhQxEY3OcpxIbpG5vM0ZswkHFdgu5Mt0AC+CFlXjmrPrcDtpGeqQFJ2YFKtTfQ6lRKw3aqZ2jJw8vSyAmQ5HaEcRFX451/zvRK6LIsIPMYIP/3PXLyz5PEnvZfD3TPFp8/D7JSz1c2flzAPN92HC1dFfVPJEH/dg6/lnqor9BHFUepwuGXcZmoPeuWWzY+Us96r+ysqxo37Bx0QO9xL53Pt+WqTTimZwDcJ4Ft1QBx1UqF1z2afcgFs6rRtbvOVzo7rOZkpnYW/IatQMt1igwUear7RiJqRZd6ihxe5BFZ93zySYbOfkTYvtlA8N4806XETEpujplgtD5GF3n6qdz2BgZ7wUBo4y1xtlIZQq3rSnSEkJblkXU7S8sqCdt6roz84Ox/1j0USzsWvXRbsdnPcZsaScwHVVUTVo4AA7TzhegGBtd5vXk83BD/wOUPipnVDneL6q3LlkLPOIv4ADGX8IcMCHywlT+IeXpqAOhAXv2zw1+vkXKyOHvpdFGw8kCv4mA19HbTDbBYtO9lVjGf32dAI4SEOR7f0giJAOOuw1G1E50++U8DgJ48BPjwxyKCNpwxda7rHCGwFJPW6gYpCmz7HnHIgKxdc7vO2xVGtKCAIxLS1T+rg4XmwWHIOUwUWoWkpXYQhLy1oV6/lDZx+z5ke2NZhZ+lJyOE/nk5Y2wYkGt2A7Tg4rI9S96Sm8eO2DP6YHxHeF2eyCSf5RWaVpu++9mPYy4JfdOHiTJV31pCtMyDt8918sOqd8pDKSRXw087b6cSq+JJ6yNz9K1gYiWzQGl9iCXKk3DARBxbrxu1GGE3j9qIlbO2d+j48cUM10rZWlX9gfxygz0Seh0k5ho76mB3SRWhALq0PbspxPs8Tb6jPORtWMnnhrPk/d+NLVTmZTGD5Sope7+W+xMNSZdJ0mR0+z4vN0UXpMzFqSd58yNB53c+0XX3taxOldfc3nhtXdNaGerWdWf78vzUJQ63BeZea1auravPdBe6aVfV2+MXTRsrNBScCkBPGe1LBdjPrcTFjykoicDPRVzvCvXJEYn/cWFyurDyC2OktaHoSvcXPI9O2JKu/6tqQ75Yas6FzlcEFQ+Zxu+pvbbvLcB1tTD9ZwaeIK0al2khlQQu5mEXl28EX59igmA/0TcKSp6jxiEZeHnDrtwhV/0u1zcoB+Dezu5S/mfKrXd94fbtFMbmR6e6Lt80c2wJy8WDSBwH8Sm/Bs1PTzDbohbb8H53U5+50zyUNheL9IQ3tiSmf5CfB/BTpB7cx+RHytoWM4F1wusuPpoXNyL4EHH0jSScve3pt2oUMtfQmbChvk4mVDNxpkJoOeMZN5/RcEtjfhdMyobNWvs+cRtdhDzw0zLxb/rvy2bwx+CdngzBTgHGckxdTQ7uTc5TxaxVnez++yA3DHw9gUySsk8PscQ6JfugA/yIWZdNj0Y+K3A+D8J+vPIA95lqsrb2ICwiPjLz1i1Z+Lu9jm7+pZNeZjiZM4GIhJU/8blV2l02RQFdT9emvYOuRNHnOzsWh3bpAJnuIfy1KcQn1qZBCSw1cNVGXNXsOFLN6Lpxe8N6663gVULLUzxXWZLCmAOXdlS3ZfQ4uo2GvPmtOF0JTf6sVlSlr1rjpfmJGv38lDPLLT7IqG1JZyfHhd8Om6lBez1cNQDBBUzJHcOjzXi7dGOvALviWq6yX0CCkrU8hzpw7mcWVtvKzxzR7otlmZyp6O+v0YjTbyISZLUUhiEtb9wCJnxjHbpitezf5NYujGgGlCbdTBgRKzVKJ8phPKRmVZqx74tikV+88UAK1PGzH+8M7plbipwbliEXxboc1nbpbR+aSb245B9lw7si0KKvZBUtydeldlQisrzDfEp/coxgHqfT3kIQREbM5hDh2269e5l6XhcGYto4ZopeTF3ZliXnC2uQ9L3008NMc0e3/U52t8lDXg5fXttd0Kw84cZGXRYt2cZb4p/lXCJLHzJQ0beiPwQEbdvP9Z367eZAeJcHbjjghcrxaF+TDHTXl0Xp9oT3JwZbFIrulHL3hK0ObiY5WRbyn3IQj9bPyzazOQhO1Th++qtQWea+bJMqDZDDUkFNKBQQXlFP0DXkK77iABaIXlqQLfPQtoMgCfUp/edxVxKbP8SZisnOP3KXuXa+uLbvlFNqX3Be4NL+bIhVtH7wxYKnnah9eOGxxe+bYzENHbd66sI6bxHJIVsNUpv9qOouSnnNURO5yNApuXzlZxWzLlqNMEtZghX83BctVFjkq1R1Z7e55sO+onmv+cmvh2/oYx9jr6456y8ik+pQFfpWYY/bwfeHWDpYUsqCLWEFyWjxTn1z5EGfIyBcc3/sHLtlJ4SztwmxmPpGcXuuWpV7wJAY/vtGtk7m5ZHAtLwAN/VIUmDLimQt7HuXwpLKfRYrMUJz4H5bBkcCnzuR9HJd5qGeBXKGjRnODfHn+22BgfolOke1SoRycMNUlJkN9vLP/gFL0xwmTBV4kW/Oclmt+Sqj2M8+2EioOGI1aDd9Labm5eSm1d+tXMRSo7ySD+/pkWlOnHLl4e4x7yBRJ3BFphpHDODuJo7LfhoFVaEU7TobNM2chcVO2Oz6IH4QBUqgh/n6zLdJzKRYDhdVcmxc0q3ZHkEZfVJ1FBMWWZjznVhHqEktCUcr2xSIL+lyCPJ5qt+HztVVkX1EGpP+uSZdYlTf7l5VwvUS7rg4Lpj2OQD0YiwCdQ0H2/CvYsnIiAy69dK37uJfb2CiN3NtpIYo065DfLgJfvLGaEO1VIp6TIKCsGaG2f1zYXMiJbxK6uMh1l2xwt9a6fauL8CDgtKuA9Rl4WhH3gd9uoB6kUdGzvFkvqEDllc/l2Ibi2U7GtokDxoQ9s/M7QCC5P1gU901XLMKCIUYWs8wIMGVJRwXSZC0HXApAc4c4e4hldYyMs4teJA6yhHXcDLiBw1A1IjOYm4VWFTYzrL8Lw+E7jjjoAF8Q41x43JkdHCf0S0hm1h9vx7ytYHPD3cjpWUcuj+ZIrDWnhJpg0sdkbzKNMUJZsd6Hdtc2Bm7AMiUlnZNHBnL/rqIWuAMFzFJI7hnQ8g9PWEmxHeKd0cHP/nzWEU7GpmbUFNSsqYYBQUhQyE7hlX0Uq7ZYduUNu6eCtUf/s2oEy41nbpp98e8K+q7KpojLYBhpWK+qp/MhPdlE+ZX4j6r2a9UJ2O/fVqkSDHfjVTmJuZ2S0PelOmNdwgXDfG1jYXbjtdLdastET8PLlvPWkUv0Zbd1sTtvGUpVqCs7th83+DpR7sbfomsVC7SktX/qZ67p/mEn+3+bDeXcqyZCwSmo3bXxWROC1PbyCvbIe4ElIxe4tkV9bqf6FZDAWefCQOtupbeNXONR0V/0gaMDTYvPrgX2mUDqBV30gzmxwXuvHREZg2UAeqzxBL2Zpft6LkOPXBrbMR2LMsv6PyM5o82c8SNuHUgmxC2CCsNwsusF8YJaD6VuYO0+SM77yT9jybvv5ITF1XyVS8djnW4ia086Y0Q9Ip9mQBJ2LGJuI4f9qa8EYbhK95RipQ+EHl6nXvbZi9tS4/ZfZUT+vFS0VQHjD0V2wR5ZBw3qCw05JXY+bXZ5QSxT8XqUNfCkTajT5g4if0xa62b0I7Yluzq04Cxj+HWQJkhDXvRinuXY1VeuKDhbQ+TkZVjKgCH+9G6nhxkRkZdYLjfUcSIApVsVhrSu9GYuE55YsO8sfhmuzda5Hv+Oe6eBb7Guj1Bz+ThMh65x6ks5sW1s4uyGRnnxzZfXJfmOUnNlLM9cbXNV1Ylt3B6kchi+mVpjT/cVkSm5CO/dsRSry8F5F/vuWB1LT5WeaY50MuFZu8alAFzJEEk0A1GgHDVvaY4wLo3L1rH0P5a1qH4vdmM9PuwhCt2SowZGhyW9OJYZvy+bJdFXp6ZfZydZWeEP2IAYtv3TlymSvf4fYejRS5cRERS2kb+B3vvGdbU1q0NByxsGygKiDQ70qX3gLoBFQFBOgSk995LEmwgICAdpAoinQCBhB4xUgOEHiB0CL2XQAgJL+ztfs5zzvtc76/vOr++/FzzWnNljTHmHPe41xhjTieBxbuyKijbfqbpvq/6nAEyQLav63ZW42zq3/xi2rCay12um39h3I29REmSPKGVbeC37iYRJ3TJDsbSXheoVxM4GRB7tYIijNebtbWBCQzHpWZgPrD+nQ0TeAv6Hqz92njRfKxzbLrSWB2ojfpsH267w0eMpxhJZV8rd7KT/1Z3dz2ZQZ95OUIQt6V1BeDEGj2c4P3ZwGgPJrArvcLp5kUqsNFJVI1JpEYUdjklBliXYAM/N5yNdIAdaJhS9pQos/cXhFBipodwQoJ7tPs+Wcx09yFXKYdogxCBP964+fGwh0//L509oTaFdlPpUYP7P1IfrcDj0c6IIc4z45HSRjQyukKCOJ3HCSpnfdfUq0X5ZZZK0bA9hup3SgyLQt/6NcbT6V5jZBLP5QrcGNNzNAZlmGLxDN5bWqXUrIOp0fPdqO3ca68H46oft+dUvtvBbCbcvjQfO3i7zCOSZf4qAToXfqMrxM/Cb7vjYZ3vhnFxevb7cGPH5GaPFOqq3lEMBlFlepHP1TdMt65XMecrTnLYWIGywJnwcP4bRk00I29UGVuD+sXUOVIYSGCKuxM2hmtzlOhSjWIwMtNN78Nq9kM8Z0fIGNRB7jufzw7pJxuh+zF81gzse4uAGwUedSEhRcVRBsrd/FTZoh9blZD0UP9WnqMHivnYqXVaNOkrPxfQCEA9gfrZVUcUghpEI9Rn9x+CAV2HBIjBTLwMmSc3zVnJ82X6G5zqCirI+Plnystr5kMtAmcbpKcsFv6hBlw//8UVBEWNcGeASe+HxWlsrUdE6uch/T9aXqVL9ugCG56pCQJFLX3oTCoW/4mWaf9O6PMVFNDENbznmLoXeITWOMlGEFeRSsquHNrYHpqb52P7B6YI3v8fLXcS/2cPnv9PLmz+/G99fO7sFJz08fH5f9ds1V38X7nwaY85iDoLF4JS8BNORxECJ4ndiHvQk/SBw5h9m5WNAS5qPxcJvX40BKnheChxko9Utk0EH40gysAcw0DZrlgx0uOGrFUyJMSMsM7sgofqaxZ/VTVaP9gJhyFh5Eu5xQOG+d7Y3gK+vZxcxgFZx/Zdwh6LOJ76sCccoWlsaC8vHTcFtZIf1TH+2bjtDPL0eeisBx7cr3HAx8MwZ7eiCyFDH3b28slqZDSbeb/ZeNX1LTxVOHKrfp3T2b3EbL56WWByX95conz6p6qKPAQzZM9/v+ZCwbIeipQC3SYpsFfPuChFyCqRaooAuAlE5Ke1hVWred9mNvXdMg/Pgl7mcIcJxK+u4l7mekorkSqFV8DWGPxDINYx/EPAJPUTJz4Gx022znM1dGoW/M2/7K2/s20RFSZ9kC6LOxUHX4XPyGnEYmd3TMhAm3cj4pwv/rwUjot8+dYBv8j5mUXO2WFwMNyQLNj79AoztAuwo4stNse2h6uUwoz7Hclox7TciD7gr1G6uRKNloa23eYPjjYKvZZXaIxx+GqXh1WxZlL7b687qF5t0DlGlBqI+x/XuR5+vSSEGqVaCxlP3HMxajVKK/RMJ2Il1wcEJEdNtXfeQ4i22LO1yJ7wO1S/9MMBkxdyKPEsKKqFSJlRMSjsHduem491mh9SMFWCBH3KQLD5132Tm581eib3MeERS4QRfXoKv+Tm/5XN+ff3KUvd2++03PPuifTqzuGJbZtpjOHGRazJPsuv/PEaHpz3pnn+kUjFxsuGrDwis6lsg8QUP2CsBXXsc7iSf7XbFYA0jj1dhqkCkk0Of74bzO4k0esiy87pVy9s4UhZamWqbJBJtdkqrXE/s2BUrzQV/GqarQQwZvo0kgi0PrPgi9YY9rXcT5wmNMv3dtucGYTJ4Wq2K6b8DHQm7HcXiOMxEFenNHjTjupVx6NRb86GbyjNcct0fg0ewlx8uNuwp0/UnhBHMnbbqeb9V8zbBUqsCSvHvYscDNI5S+0HBOnRiQw+zpy/8vS46v9ZNcCz69wA0HQuWsye3E3cKqBOSt+VfJEsVvbgdR9d8fNyaUaJf148TjwKecHx1tcLJVbMQc5tXYEJ7/JrQwgcWBlc39lMGM+Qx9lMFvmHdHMIsLPOT8lzisgL0r7jCTnHSEPJC8Qa1DAgN6hxh0XI80CbZkFicKRS7j6AI+PhQ9VngrQ7RhpJXsFjMRn46BJpnPO83QDkkY6pNPtzBXbm7JzPZM26NH+yvcKXyjHxdRCr7sqK7T1e0Pk6sMc35/Ue/DGqUp2ayfBb3WaWxDLhz9r5JYKoNhAfXVJSNPXJ2YN9X7tfCcknCancB0TRouF/drSNh8cvX6/O1NLM+P6GsiuCpZmY4GD3tSyGjrc6wQwgk3iLLjPkhJtNv2/60YsPieHBKKic4QzlFKTtzs1QmGtw4qdZ0A06rN5wmmff56PJHzKrcmMuXyE/CbxLWfkg0BFnyig9413Dbtge0s6GfPcnRPjATFad2n6hvQQdWfYkksyAHTf1bWgeGm8ILb+ERF42k9WUdSlJ7f3i96gPgimlm2vvUOEcfLLGgJesns35fM9JYuVu+HLEnC050X3u57x71416FnLcd64GS1lrPmU7WG8E+WeiT1JFhLCPUqoPeR1FDUety/a63galmkvcm7May77lrtSUTgG40CwsXLcSnuv9Hl5OILarDethph9vaf0iqKDNktge4JrXnmJVPm4T741CavSnpHiLj+reGvfL3anMJhjcy61nsQL6ltwJ3iNsbUGWPgqWUfLAL/6EMpGeq+aBpcoSRYkatNIEY2Vn+pGu+z9WK3NIwbujPrvDcsMl9ak5oNcT+pqT7qZr3GVmssRTuRnvbcbuB9ukY8m6wAjzX6Rq4RGHfelblGzDrgct9mvCtV2c10JoFh5onVPcO9ZGW6XZlX+c0OTMpttxRGlyV4XzCf2byiKNQ1Eh1eQnvmU5pt8rfoWOfLX+rT6H6GzG55GXddTJaUZ1fygi2+0G4t/pShfEp/AI7Y+EJR4lezhGfzaBgdKeWAukMIFsEVWOkc+UjFR8BWnNigHVEwl1jnHc5ibVn6WF4llKU4uVU326BkSOkRKLiFBCsp6Sk3jqO5RVgOW6+9kKUyd5bk8bozADOqnVYkBatq/mllbrYDfJ/UC9vGGcmL0/X7r6nCFZ/MDVM64BpMu7CpNJRP3aPdB3FXukzjf32S0A+ySDUTBkiU49P8PAVCC0zexaLUfx+34yzXhWyRV7F6UbxFWlYfedhzb6ZHtWk6fPpPcUbqjToh9zsi4+gdcOyBjJvXidGMypG+D85Z0V0L1kRu8Lqv1do+vSx5YgOa65wlbpyapKwlPPFytwSYO0mg0HtiRwWtwz90FFwlmxovlhMWDREFBTPvWNKsQ/aWadu0ykMeFNn8ZPuPMr657dlKLBY/PhzXkyRwO8oKjSF0e7k/Gqhy6RjIyuYDzhqvv2bP4BAz7rd84rQo9drRXmIR98NRYn0kGTmPrIzi738KfZSD5/forCXTDCeiP8bCZy5OOoVlcsQZVPc32mKRzgKfbciAc+oGUQK6L3uu29EsAh6fKq3qu1gKdcGbzhGOKHCeKiEXz2k2p44pl3GHq3rOFH7gllGpfTayyNumI7abvBiWt832Z7g/GqkJKib3hvNmUAS46hZ9AJi1FG61m9hLAafBZpvF7To6HAneuxX+myA2mwT7vbshnisnpd/R1+D3xDKDch5IOQ+GeH+xnIip+uk/xLNoOZlBQNQyFekH8C/SccvVE1v4E8P37lJtr+GBtjRxlyKSLnHG1WZH+sPTW9Lvh93P41R+ZKos0alo28Q7MAbw+cNXaAM2Xi9iKnQFKmSqHJCSQz4eYZgmbSH0/mmTa3Hwx5fyzri1SQs67GlyxXe+723QWM7U1R25Zaz3dTFlKKfdInBHuFWkGCuaOtzOuMbauyFxSRIWESybM5idsW+NuAeo6COivn/c/DxzqxM6sHe6fupv0rbwV0UjwQw7D86qZffGNfxrs/0btgD6nvp43bn9cTKv/Oy/5d8We+HRZVi3Hn4jGxS9S3LzNVRIb+GOUHyH/yrtzoW7Oai5l9usfvK+bYaaBekpYVL4Ab51fWHTSKOFyW+al/4zY3meV4f1wVmEhIFF57h4KvgjuR3frQEv0U6ZBFss+FjrM9jb8s6Tsq+y12kAYA/6Fn9Cbrt9lZw5UTB6A4moXAqTIpf9Sc7cRHAp9k43FExkBUSlwL2HWdNL4c5Axb8mnNMSy6BuwQ3AMHaCLKzX1MIimtctKOaYfZU3cfrgBq74C/1ltZ6SuhLRLStmWWrdT2JKQTm4I9dNYTSJPVkRMp7arBy18S8+8oP//UUt4ekCEBTOMKiox69zHOo+3qHs8Q5MqyWbT1rtzKUi7+TCZeVj84hONsps2p3FSwr3TOw1qahVd7kG91QZ52cUk/PBC1luUe0I8kAZTX0lOAf8/H8NX/SujI3bsWJDgcB9QfBpoCqdIvrtJ7ePkJ/PgIIN6K93L1+118SC7SKhyP0bghaO7/zfceAHxA4E0XCBK/6CaoG7T2RM9KvNvE4Uv5991opkzyuAimjZB27Py23/6SRtaouyMvjpY+hF+2LyljPH5US2srEa+RzZTJYteKuG7DeYGS4EUnxUGvKHSwnW805SVPxF5SnDdz1wXUVFhgVgWCh7yXgKJ6Ju6uZxaAiAa2IE76VAztSYXLqbE5Yt2X3ZVL3GjATqkLDMPMlzh/wK6LaayWP7KVOndxQr5cthcXSyy9S0h77Ffacf+9WS+YOQioNXdnXsZWfz46z0SDw+pF/A+HhrD9nmqahT6s3cqQ1tYvsMes71qRC3bJb3BAI/Z4cswlo9w47vHgk4JIyOQOn+LeB55bk3doFg4vx8BxlOzHL7pyhAjfFyfAcRlKZOw5aYFT3XCkU0fMAhyw0+QS9o+0faX/SqRPjgfy9enqdxg9f3kfGNQQ+svJoEbk7Uu6V/65GTOP4FYO2EtaKKdjmKuToYEytiyznAlWvbDODGNQTDS091vIG7ItT7APE+fxUOSFZbOGEhkdUpTUPX4K2dy2sRth37An89N2+z0avnP8P234YassslEDb1VbgKtnMi0+LKay8U0gx6zxqgmFpy/jW9tdlD7ei8AkQFYYZH8sHu+gBtzS7vUnJ4BNHttRjK/z0afv2CtTSgPxVNZCtOB507c4tCCIXpxNioUuc0ZAEK/UpNqu1UgBmJ7OJKumxDtd4VgrJEyOmtB2U+52n7+cnWnF56NyYN7M+f0zchXuaV2Chwg6XaJM9EbcZFjNa5P44YM53npqkTEGacgpg4QEoVcqKY1ZbHEAz2UA4ebqNZbTmXgAewPYfJAdrZSJscCWptuAwPr9ZnEIKN1TrqCuxmkvgIwGvdVk3DNfX2m/l78C3gyyLsiRZi90lG0N5a6nusH4d1/qgiMlgy7ZhJqlzEF8LY/hdq0L+l9q0fiLKZnfUDGIh/NgHiTEk25LSR1+JCV0GUCL/ICPu+IRAmCz4N9e25Ynr/za5uI8v+bsI6EH40WPzSPavhPeP19GHjgamYekNt4QnLlhimZU3o6v0w68xALviH+1xNsQZQwqOlcD3k6E7mr4hVSFJZD5KRLtqXrBnN7fDkdGy1hg7UxJQihHrF1/uTwXVF9aIHJwPOIzZtBlcZfjJm71YYXkSjL4loUqPY4YAjJdz+pRNXI8ouCgm3twZSE9DrPlvPo8rMglIgWlDTlZdhOlP67IdhkdcGx9tT5lAw6j6pAKQSBZpcKEQAE0TXphWYX7BHK7is9qOTyujwT3u4kqEFNbA/hBPj67aSOoeod4Rz4ScX2r+g6h0GjU8yDSUMbsPVBVTfllJb8oSmrGYL4d3p3Vta3H9V1oNYbO5VxjCyvZaNz8E8wljkRh2Ow7WoUehUydFk+pOkBev7Rcvb4EJQ+gLnJXDAvIohp5WKSglXscAvfLRKTj3ojWvbooxL0EFwBkTNwQq32HzepFnyuA+kGgmGmIzGHqZ6r0LROpw/3oqYDZ4JZQ1ZT6NzT/5TpcaGxN6pcqVgwO+vspg/R0B48kR7fmImHRh85JFPOypVrO5+1Eu0u4/X/yNnxb/joypr7gpOLwrtB6hb1UdwXBApOQe14RWWnhwvQezJQRSMzRXlvEhjObQlmGfldU4C/7/vT5V2r0aPxfZ3azEJcnqIJQ8DGeWDq9tnQcyyfRpflwbGifJPyXnPvpDJPf2jqOZ59hoZxGRlXkf2Jfrlv/OxQEC/1/FZcdP/Wr3iVFVRgKU9BX/l9X/5fKPP7vug8kYEdygrJ/LMG1QoVDHpfDDbKCMxsSpgEkl0Pb5rkaItZPaiYhGU4WASSiGrRGCrfR72RBlik/BhDcdlsfApXwe04zewqH19jweiWrd5rwS2Y93tVe3lGpTmSX+un7iXWgGXG64RI+XhvZfm+m1SCjTevEwF/eqQ4m6S1d01J4g6yNMqOGrGW+6p337yrl+bylWwf9Dh6B64Iz5keyH8I1L+fYX8UYsECcFbBgF/2t6/09q6pgk9EH8FuIJPYD6YKMlkGVj7xhFNiKOppkJp+qKr/OLOXTf+ilJo+VGXAVbD9T1fbCazvfZfCZCSVZyH9k92q/s2QAZHVqgxP7WA94PW6p/nuqn3dNuSNOw9NFdrTLP8z3kxFoBURnwTdLgfBV93U3kCJe71t6qWUfLUlCPSzFnCQHT/LD0+Xz5BqcsTdUKB52VKcyhdZB17KyzgCrjP0ICLHODWfahoSOE2l+F3NVhfowBUVaalBj54ng0+CDooFjufVDbkA/C8rOig0QwSRZ50MP36VU8TZS/O9iTRt3uSwwl55egcNeTXCTg101tbLHPkqj4tcEBtbBSOAcEITvtjm4vylmGbt72BNW8dH2YqywAKcbeiSydaVxhJOZPPoudWB14nCExeIrx1Q51fUvMYK2gKUDglOIxZrBq96xZmB7b75Ah+F3KlWhEhuqdfefu5eGsPO7tj1UOqo2c4XKs4zd+eSLzhcKdx+vg3A68gUuX8fRQbmkBU1adxnO7hWOG8Wvjq+JjTpTARtyLAG4xuvIYJbziqakP8CBYqDBRPfso8IjwpEJMqCERM3nGRclPWxp0VxJxtTV86a7jpD1MG7m876J2uO35kfIe8ZONo4Mn30o8YdzDL874fzYHT+hT+6WHcGtSBb2VBuud3gqKzR13MSEOmJILTJSr6eIHZnJ0ov/U+NCCtjwViobfZ3fgQnDUbvGUIGFbVOm3SH36vziTaqTph+WMursXeRTdBEfpB6iaoPW6p/8yPWYjgk3n5DwIGnjxhMYMrwKpjbahOrMFCZANDLPd4MAO4tDvUnLm1ul8c5GwMq7U5EdoPkSgLzDlzFJuVFXwZo++yJJUxp/vvlTuowCe7WyHH61n9nG6SYaz3cjY2x6AooA4EKgx6NhztTSOkhVvKyh4FFKEaC+Cj3u6py8m5Aid2BI478PgBqoLLHJc5JDZmT0yFav1jpdHthEZGvNBUqDUe0ZBWJymiWF1NBNM1TM3pHk78Xsa7SuAEjbnYqCCBdvJS7W/dK+oNscZV6cP5yPydA0MvQpo7TeqzvGNXEMyhOCpUd9+40M9OlnMkO4bEanjVWojNAo3vr78/0JrMtPGHry028Bxgrq74nYkOXMAP6aKz5cQWsKwnU6TVkKjgP3AKAlGz7vtlG532dhR9MsQAwOluv9AQfjj2pU0tcQe49oFqb4D/YBO5tAD+dhZy+BqJWjcITvMaCbpg9ANwKXBSRZt45hCmhuOh8mNDSoaoNsBfKmYQMs2zYC+tHiNAteR/wB9Aq5txVuz018nzmVxrnN59f2/ff25bKcfUFxHnU6sfK7evaK9umfW/PE5q7lV8gPetvUTdzgFPFO4gZCreEyn7BLouinh874KON+fsAYDh8yceRGXjpinACWSpkHbpLGVgthU/vG+5AZhI0Ro9f1mx+HfAKc+IxUM+cSK6AJMnYDlXkhCYYffyYqagAtHDsyDkD+7oGRHn7P+IZKQVlohuz55TXDxz9WzVXlK7RfFo4zk9dgfDgbrtW0eBvNFSX1Cg5ogFPReQW+Xg+TADb/4qfSHVfcNka5pn/OPGnO9t3MJ7g1N+m3yjLY9DjQdruRSGEjVa0OoMQe0Nwb3SSPU91WPX2B783ezWHkkDXteS4tjrAIvUrgoAQipuJG0sB203FA5WK1Fka7R8D2WUvbFeYhNt/+6/jrNEF/X8+vwwtsXe/9gn4NfSonXI1HEzmK2C2l0C3OmpPXqaRCDoXvRUqr8Zy9enbVaZfW35G6RNgMSEDZlAXrXD4vRoX22G3zAAMSZBPQfX6Ql5tXrsShp/Y5JbFRx7rHwTrIYHfOPcFooAbrKLsDf+VnG6rlRP7Tq9Iut0KTFc6iINtpIsvunKOHtNqyOSXHNQU7WsvAEdZTsq811PMqv6rmucid0As9kF0pxR/CjqhHq6bxtZ6BJU0bbj6+KctcYAzIS2KvOTRrtT27y9XdRO7RpdxBERplnADYWrjsT52WzGXukKHcu8Y+XF9D0gT0Auw6qUnokFgDBq6utmIRFg01gttm6yUr/Qyr5iRQ10ZoxcDG7bB6tiCTOm6/60HpxYPGwO7FcVSMS+6/MnbkoqL4AKDyaopKAEO24apGqVXAUf4gJR/DiypL2nEkR6v64u+bplihpnNZWIRC9Npl+ggMs2VPCptjbkrnKBwhoYjRJ84LjE8jnr6EgpyQ3iCSp1VP4x/iRK9jY2Jvak0e2Q+A3k0+mFVZbJP2T4+F5VgfNMaYipNVoeeGd95EGe8vLIGz8lAlfUK4EgdxxPG/ZZHdS0gV5i1bHPoq1NtnEtDx1G9xmXmWl/L1feHWQRyaVoUuvOyy5qIZcN0X4K/v5XeorFOhpUS9/0VKRcdd5D7R7ozUcQzYdP1sZshu7My78HyLk7Nx5zFRM/OzBud8Ly2TvgB2iCMLougagYxHE1Hfjbu8b82fzcSdsmEGrWqwZChdviTMDl5OLi3KTH5ip6mH/jjrqBUWP4K5OGGSoiEZbpAoawGtXVGtamjeBT/McJMqN09vw5WXxEJ6w2Xa0Pbk9TVijDYnEFAhg8UFHBBq/2Cu51N+xYViQ2Cqr1pLFI0bd00V2/fYbK14Hn7NkbtJ+GYh3S+OVSdUoqcS5t/rbhO69M/uL24cewKPuJ/zh87J2ixXMebeI2lGz1ur6tC50Iy2aLxxPj5J2DB3qWXOdURIshzini7/qPN7mghNswKmevCqau04EQucHI9MdhldTaI4jmp4ort0/V1CV4nYITjbwkYSeNBP34WQn1/HY74XLFKEpQqK1qVeSG/2yVDOSp/JWEbyp9fsRSb43JTb0tuSC/0NhV3W7hzDV6uX2wnUqHK0dnuuaSAH9G5khMBSWcBSTGE4qr8LkWEicbytIim3qo+eUIl97xysBI6j6Wt2ERvPSapQoCpVs6Q3Jp6HD11J/xBzKj6c99F86oW24S/UsMjTmdl8RL/wup0xO8bW68cxzqOQsY+WguPmZ6bvFN6cV+0qzCOeeYATN7LcmzbHumeFP9IL26nAcdIspPaG38Q4nlnQSkKYT9dkzJeJXrw0YX9mQUSHOJNV97CkpuMUEkTjP5SJZspk+H0M9u29qIuKWObJDlLxfgM/LAkdt1y71GhSf13KjQTvI0hZnOuIZ7LEeQ1oNKFZX1/xYO/6AWeFRIfKeb3pH37cBZe2l8Bw1DF0KQ86RiwppV3krgc6cNJU3sGzMABI5yzJwBJbZm2B6OkpAD+T1IUxzgwa5qt6cR6+fQZ7yU0r1xgEVGi7CS9xcsd7R4Dh2UzVCA7WyeWtvc6yB4HsxFa/bR1j1qB0JwXfFD60AvY63MhVgZshAJSeaiPLH3w0fQXJ745K16dX/yZsd9FmRkkh2atpjBXidoqD+sVv1s3W58yCl3zHkkf9JDiAdEZjpnYssx+9kl+VmvftxwyHEIEFG3D0fPxo5Hfxc93XqAcAEG0VmsFqLdvQb+rH6h9+8X0zuUA182j0SdKLs1VkGAd1gDTJVHyqu0wLh7inq9PRhhlt95MfMwDIQIO2FhU58zy/AkU1IWIr1rmkrYDqu2ixJ/y7iTNXwgGezl8aZuL1jzZy0S9+1NQmmHBgmghned9EUWueU2eezpojh8JTbY+iJ9AFkBEHrENvy20/zZh3NAt3KHJRaQ3q6sgLikhmu82J42fB9tksqjtOHcftSNGTM3fPyjMGpescK5Uget6wxVcfUMPUYKomjY31e87DpTwBiwXXiAHqZV2nt2xyHTDl9Ov3KQspne/R/l0KEazWzB6pnT8Sz2RuhwbnGsVtiDEocp0oVdfA1E93ACyNWTEskVf3WSNSaW4y/DDY8Zaoan9eAm/BjAF21i6WJlW1M5IJul5uABl/zBmaBYf0NGuYfOepY4sPdITJi/zAETLqoa85goDu43SnMxnG59pDMmZVBfnG0ueSu7byRFNTbTRewvN3nwIOWn+5u952UkrrbKZ8SOxCJFnYtKSOKbpcDxJ8Z4vktN4dPoKI1SXgz2aSH3k+BMinPkQu89aOkfXc//k47cvLpQqoOQrY3hAqB2sXHqFdycbrVFjrMgrRBel3+at6SnyB5YX8vs+0F+BgZ5s2B71gpvr6VzppvS8csON6pRKjG9QVYv8m2GDjHvQgUNr6qAfvlpX6WOp6ENALQ91N7I6KbKh3P4Aia+cuPgptvQj/hF7mVQFWmazUDNVK9+wP7RjoKKxWzgM8xRxMJtYmz3ejCXibC1/o0WKS5xTn7Y1PZ3q88QD4e5eJoj87F52SP3xJPnb/8CXeMRiDXKeW294fivNRCK5Bp2vZAmryn0IT72QwBZngtm8DxjKcied20XLTjvfZBz2cs9/xKe7BW46RQesufW1f1vtcq2MRgl0lytvrXUAD8GfrYoYV4pFQS/I0zc3z1RRR3I9owA6PQKiMw/TxrTCboKZfAwxZVTppJUY0NeKjVjQL4RknyhM41a05sJqkcnZ/k6kI5+SzpBtkkrEnfGyKyOpj59K3H93t5NefrNYFRhprFNPpBQH5HBpMaGpA5A1aG7PBBcfltJATxdnQLDRIchpr10IlW83PLJiBicdPVZhcOADsIHJSzfffnA2/urv3ne7oOTDln3xqyU3N05mq/OUUmv3XABm6B0h0cwiO6/DzQh8W2phWfNvb+fOBU0rg96KDugEtQSh1h4QJ0ysXgaN+IQswU59ibtqF1hujc5iyZluOhTqwu2VY8GS1n9S71f72eA0KkqIBnqEfKm8T3u21FRgobrz2Ebg1KQWJlN+9NUmtMb838+rgx4HB0vTTMhvpHifVEtIfintK/l0OChQRAIfQsJqgspmh4ENdfSzISoL5eeWvIl80wPOoORgISEvkc76UxlYPRnGGopMVGJrZgzglFo4FXlTznMuELmrrSxppZhHGoIi8Gm9XB8MH8q1MEGLm8WbSLGdan+y3/miTN/OuiYE7wgTKUE0vpJbdpb9A785Jpb7x2ba/glt2kbfy3LvjoP+zT27XawMoxWaQE/JrnrPoVDelqnVbIz92mAiR3586pXjUB5kUoi2q1UTJhZvIneK/X3IYTU/QrcTbHAznQ23bCq2QI123ZnwxpsATtwvHpc/RLHgHhI1wNrwRYNjoZYZvJc4dgwigSNkOzUJMHZfJStEui/TKGN4YsuN0VRMy08i/ZSRYfDqT3OY3JIB7tXz8ktGhVsLRCQiTjmbwy4Z1xxxdMtZ+IaMsRLLbjIELaEbMX6Ai2MJluKq/dizBL/ZOEVLJf9YIegDHpvW2hk9ZrrXlttHJHK/kLYMv7L+X8tV1XgBHdQSQPh41MvGcrCCRCDYPCLzmrh7HKe0VeNdz2A8B9k6dt9v6cGiHI2g0EWBjNkwuvkPsqAeqosqfYJaPRrhW7hTEMwxlZDmGrtssn+nKAtQ25hsnGU8u3MoB4BenVTY7jzahEKMDp8MHKq7twOrc+FlPLv2OxGFYlQFiXjm0VUlwG/FkpY8hYf8+o7pfQJG89MXMovA0B3dZdaC75bv2h1zMi8Ml9dfuv3WmfLRV6QqJSP+M+6NDFtbyeFxa1zRdZ9/1ZWKcR0myOwmPO6luawISXgqEMrEw4fGy+lvNIrCEAx4vnTBhx+5A6RPuLlUHhGZ7yWPm8KFBNfHeZxuOAF9YG4eXVAWLF1tOJ/qrZ4GWJlp8jsWrQdbV3cUgQ5BLLkOyZZfZw5e1B67yllpKqX8tFbEnGii2CSVbGSWSu2QmxxNLL9bc8dnQKi034jTIsUnYlC2KnfqGq/Hs16HPJeJVuRZCtl3z++uENXTDxwf2Bqb8xymOrmsXHxb+A9YOnvkSuxkHjMYtJOpYZo0XrY4NR6V2WBUBds9IvrRBjUQ8gNpFKk2Ru+qS9J8f8RAMOgQ004nKie4ti+HCbJ8oHaKBiFT5tLk23nEflgGR1NSQMXfhyq77PxqwRdwJTX9+udCNglUeAvVNpJYdqw+Pofgn+bo39AH7K/WSpFU+K1ohjZcqzg8oGy6orxdVjKHScO5eA+eq1EIGjUQVAvUPP6z79upEy9a+aVtI229qbrK4DsmU6bdbEKAhUFv7Bx8LW0nuwsiw+IulOheByu+LE6/eEVlH94Qlovh/UuZEm1WkQgDDjbtRUfp/2uU4ZvTxw3/nitQx/UX4+UTjnAiIkbdpJWkeIbMb2R0TZYiGbB/zOlGfA8+PknvvaRZW+3MQSIF1ETB9aoBLPYR3yBqxy8br7TOpln73n44vcn/PhryW8UDA848fxY57cd4efonLfi0D8Y7DjmR04EETTjNoVfX6FduSQItmCSR76EsXj0xJkFxo8a3xZbbPv18v59z/3zem/kwmirTWctI35qTHp9/MSeSPrwKDt4YTKaonVXiBR4sspntkRzY8Buly0NdUHZzrzIbHRZ9ktzyLFZrlG2mYGIMYbCK+s0uYi1nJ9iCMSPOD3uBtJ0Q2gd51bXfNpGdXjVWvh36gIQtwklxmFTJG796JUZXviOzrYjR1QgYqoZWrO7w3Zv5iNp+myJTkT3FXEx90OO7/4scFo6tZILp/85oIYR9yA9BFyscpsS5JZ4Q/WoPD1Cld2v29rlLZUfwYj4ZstYpAsEf+/BjtPHoOdsdj35zIKTHqKsh7pgryvYbUj/PpT/HsCpwKD7CFLu1GFK1cngEjJ8Znz7qpIVkj37Kpp7vkyJXIzTXvVVhr2OL0FQRNdOtxcaIaQXoJq1+4Y22uO6usJTF4x4bX770ObGqExJpVBSRWFw1sWQw00o0NZ/ekjMZERmXXUlHRVGZi0JGku9vvhuEbJvWFAM9DM5GjHCcykCqFO0pbJ3NB7BUipDSHbx2B3cgNlp+mM9Cv5j9bdfH9U8EXe8Q70bDeF+FHbmpyePbL7It9YVvqGP+RMftqOWDnCk7SavFzcYAj3ScFRlPmmXDUgWkGraOSoUrVQZzf8kXk8ybCZkApIqQJuHdTRW6gEkk/sc6sUlWkkKpjV71erArs8HY0Kum4QB/w0/njN41O5wlkgrzv+5SPb0y/uMiHxvsD9SeBDgMHWKcn3OHVC5xmMDZ1MDryhg64s8f9Enbtq9U1R9gXHW1j94lnnJfVap3mXXLqnfIO1Nj9gNUtEeszPbzE9jVw7lL9s2ETnyr5rUhS62/RUYNKIJsgfskDGAS+TS05dCBvtM1umo3OzCxwHrlY1o77Zi1Ak/07jtjssBLO3n9brNi605kFKkMsxRTjvrV48h3jaFhlzX3cOcCPxGajfm03dxzy5ejB9X/6zwV+P2R1r80ihswOEzFhSI5iyhXPJCKe3qTcX2VpY5opM3z1JvrPMXE1aWMPPhmsaBGgvj6Qb6o0dfl5g98f+0Vv4A+InSoTr0ABRvXuQ/kjhs5wamnKatXq+W748L5nyAnbyet/wnbu8iOd++Z+xESPpf3qOg4VB8VUxjdcC6sX1JE/2UoA8kUdzKPVvkGJgJ0VTsNIFP4LWnYsjbYbXju1G1I/URsvmLJXUi00WmCBimLKdJGq2aaTGg08szCWxuDdc6GdOPmesIsWQCrxnJChoHaPqGoripwHpcj2WByhC9PvEpVdvGp9f0XM1RYxRWrQI8He9S1HbDxeA3TRXMQj5YMjgb+t8KTHLV0mHCg6AlsYhblfg4IcaEb3NY0++rgtbeFq/5DoRHBVv0c6bSWX2494vymOscEL8Y3rqkYfLUMNeVdfc4zfBdS33jYdjVtNAnc/HCT4BwN2dGNWCznsr+wHIAA7WUPrQID8odhSQnPKbsgdUnyUAKAe/GqLneGCogouwt/XEnAgZsi/8fw4eLUl+U22yu+02jQq8APAhAg7efBJtSJudPyS7PFUReZcXEHAcSWsAH6GxQEFqRIYmVaj7Q73rhsYFVkWQH5hOpNJJo+IuwgLRHBe2N6TJHhl7bU+WZRfM8WdzoSRoHfubRpD8v02jtiGiW6/P2pN7lw5m7k9sYGAEjFGCaj7CNQFRGUtM0Yh4z50ls8hvYmLFIyPMv6JlyA9LrpZC1Kn4ucdyWcE8Pb5Gq4IVFMzzvRoTGEeiohN2NcjazqsDY2HGZoMUIepD1IUOqW1PEkr4PPFTOKRVwkupqvrnat1BKGFWp6a/XAvWd81JGlru9m7w3hl/51PQ5h7KrMMV8ItdRmjBFlvo5Cg7NfVnIaOt2Ek+bqSPKz353f5ewZlLNI9UprpksFK/iMOXF0K0vSclFuCckBfmTCWjI9p2KGGqDSMlp/fizRnlqCuJzwlD8alL7/L4sL51SH9gZIA0GBMh8p1CdvqDnhB4acDfV4hYijAk/p053oP2r/hPiCN5YKQFz4RtXq5afndzx79+bOZLKe4w6JDxlc8e873fLDOdpG4OrdsP2DivWyD0/1pZl8tx8BeHeKM92mhGtAsMA+EmbtwR5QlMMTQveZThEryn+JGGo5LOVRCjGfnIgUIc+nrnmB59kVRq3E++PPqJQR46Iuw4nMGg4vbSkwEoHTKoQ1yyyDtYovmMmAzW2rfP6AwGeE2Jum+XZkxR5VO4dwWVqU5UC9f06PkcQFNdwfwCsLKtiI+n66LkNS1na9uNmTnkYZPj098sPFYNEDbE0eGXY3kWBOSUexmyEP4M6nIPhOd4N6VyOG9jAaXjppOFDnqaAjF67M4dWfv4JnjvuxjBdGL3Ku93pR3f0I1c4zmzhXwLwfo6mDvJxgPVMvGrwQsLklWkxD26+vBaJufdW6D6BA6Ryv9u/4Y2e72MdE5ZK8mg3o/5ZIDceVLxrl1ypFyO14FIyTOQIXeMer85yT3oL4W5iBB0lfqndCQslJibkN5vamnR9UDbWr2a/778njILOM4og3nfkhoJcLDEkVNCLBvncdxn24QI0yaIlKUoFfBi4Ek7kppgKpc62k9qarekePKm7f79Uv2nh7HeuIjXSSX5lq7YN3Sugo/9Qbl927X03hghoG+nlQ8NIPS/sHlyYzYc82LMD5cIB/aWdKIRTaqIVVZhiIiwSG7o+Q/54CN/lX+3XGNgfDT47m7/uQrFqvwPM9QihJU9noQpy6o3yP1gW7bqsUXuBtHfQ3T5GuAf0J9uKZoUUZMNq/Kxz/Himra87CJXC1YzVzGYZQfoKZSdSe5wRkzn9RSJ7asvXpSlQyjU/eLap/2JCBELvqsdb3PyS7hTh2zXz/VXbvXfcdBkZNBUUUEtjpBHc5N9tAtchISbqQqJ7973hPOXDzIUnQ6bZv/S587/HzoLjzbgWNRFL3hw9PBT0lVcfCL7S0Vx+nEZbAGxx6VwgWWLKUis07NajsH0I34Bzzj3QNnDzyJ7CR8NvUr1FCQT+BGTvVpPjNJSOAAvuh6Gw/enXNHdL06q7kT1oDdufrab//TQ4orLRZPfgKSKwqGcRA3qLi8QAaO8eqThitJ7/HATWzvpeD5tN2MvimmTMx2YICO34y5YHM0d5l7R1PHZ+7CLd8+hUxi1Acwkn+dI63+yAw0EB6aIze0Q7NnoIeizuEnUMFPAvRj4RbEq6qmLvcU0kL8qgPm/FtzZaU09ySLLqSD1neOd++Pfn4K42jqRCv/7zamP1rm7pxX3ON7ugsls8/FAinTy/sBNo78GZsysl6hyk0TdTZ4DSG2IOcBPBVi0OuCXp1nFtKjujZ1KwEO4qjMJszhSzNCAjMxezyrnBPsFxUTu7XeR7hTs6FTjQDPZ3ZxJtrMmJXEzrVEt85w+pKj8oZ63jCcEAZU4Fl/3p31Wk87mKbdi8De1vgGLki8zS3z4vmlwoNkmPxzptBm9heLekFr5KVSxoMBRQ2UsWG56fmdA6ZMD41I3rRLzXIlqq+nEXyKDGyeVbQ7jUu82Q1i/rXyxzt/ml4QZ1cy3m97D60ubnTlcHLs8DiwT1SQBeVv/PGms9wfLjK7o1/9eWqlBmj4rK9k/Ws1gkVQn8YflONHbYt/efZ1/qrcOiFla+PashahML1JkCxrnWEoyyi9qqrjPk5Jq3khEs6a+eJbrU5F0qFN2uqoW79N58x3D0tykUsqhPrjzZaY1xc6HdVvvsQfonVXBazfQfoT0yVqkcrSIfDB2yq1VYXpEFaa0dWI8OqdUTPxgFU71iBBcYlaD46LiuvqP+HfFdzHA5mOvQ8LPkoulIArsQm+fiPch5+fc5fsXB3AJq81oHI/YRhkMTgAQ5GIe+1N3YIMYbl+AP+qoL0spmA+xT1cOpIrHzt1afmtDU6WgooGnqHqHuOhzQ7AbwdOONH816ypkQRwpACUf/92RQ1V1ONIsn/474pOlaY5ppFgPFbABHVoz3XmeO0KQkWwb6L0WStWroJvZmy+PdZww9yHbuvEurwSA61bsPMJfVnhAE+TuLIKu2cXL0JHoDU+ZWy0kVbbW64Pnn2c8iJckBNx9Q6vbw0lZujLFy7N1xHl6JofO1yhU7gelP4hK1g6qZxxo3QddDUokmnUI574rowLZzVYfxMwNqjAyWk2lKlCe8LRZTdkfHDnpdDQLJTzH7h2feKxSnrH/2TyGMmu/QjFZKQJTqSXT51wq7nO8S1aZehhL7P9svVjsG6yvbWDuTdv09M8HD8Xao5UiWcVGmRIP/b/kpCVYCBLDm9l3ISx2LIoAc0eHO8qBwApr0Wr1B6h6pE2ldbP1uRVTM0bWuM/zWCTTs0Yz9++EXnn+quuT7f63WdbP4N/tX7+1epweT6o+4dSxPvPPWM3s9nuSmuxqaWsJkDD2VJvpvsW5iErcYbkPYvt0oyR3ZjkK6zJOiRY3hz4m6dt3pe8c9R4+OqqimDXMoHo7NMwdTi8BucJMnl8H9fJqnf10gFw6FOxW7Ntp78+oJhapwcAfzcSb5GwAH8KGWgVv6Ko8dZVHJdmvEdDu9D2gn+uCXb7CVcyiHbFk8o6pqWUU0ubWThj/Zr1fGbTgBBrYEqZSLC5pKZxyVXF2pcSx3ePiHKU0neAXPwltM50tCiwPQJcAvzb76fNFcWWnFozZ/iD10znlIx91llI90lL9+dJ+rF6v5jWxJzM4oHecN+DW6/vLXXM0dpy3w37uaBtXJnKrFg7CuqVstt6KmCUo25kbf/pK2CE4PBJ52OlR0FtTitk6cawdHX8+IhWjnr8ICbdL0kIIUT8rq79RZ4pjf2yokL5GibxMV3+B+dkmyB1cTGd5zOe86qnuxGsbDSeI7CUdt1vt0Gdp4pt8i7KdADqk9tx5zIT1yvVGK4qFhqXRyVrJT6/v9ZVpwoQoPHodUudFa435i0s+GWjQ7XGJQ2yp/SIewXgYijXb9C12ItVGwPSEuAsirmPyyxobWWTag4b1M4uQIjlqoDiguU5cYZlUAprZoha/+mj9uEbmr4jUebfbeSPLAMIbAiVIroanLbEmW6Je0uW3+Xb6FDDBjdoKhIeOoXUs2buCtSeol2wGCuQ9s4/0y3MqXsHJ3fKk+t9ysXu7eFW91yAv8d95jPdOpYf08puXCWTcr1UZXGrKm+eJSw/e7XHmknQnqebqPKQsxHXNLanqZB9siKbHy/OsPPw1I51wPdTg2+ql9Wwylp8ga3waHtLun9TXRC2OfeyouyHz/zJDCykom5d1PPDziiIsIYez4UEN83SEWoYrW1ispZnfScR1GSU8uCGapejkcuDIARdQbqytpVEcX6fTitzrWD6+cxs8eLJm/bXerEwWY2PXBiEQHeecGpNzhVF2UfBVchAJ4OoSnqUM0zsfD6n1W3ahG0jA6N7pPLd3hfN4SROf4JFrLmkjGbhFc1jzfVr6PuwHewwRvwhHm9fjKqC5G5RtOlmvihdxYCOn81ddLrbDoVQjjJVjdI2TfDRy78oc0VRr5MQKFWTvCuc4qijAOdU+tFyujvGsDfsZWEST0uN7aTIvVzCyoVMkEuvWxG3dqKHzMhSfRov4/cIHpwXjLlqYUQs4OBATTz4OeNe23VwNWBE7fVoJizbrCJuIOtSTnOZdldjkWDduXddqgFptp8CyrSnVeMf5aCqhi1MW59dFW9EuSNMABzk6FUhdbSeE3JchxTsFJY3k2EZNL7j4US3+aO/3A7mQ8m6YVSZugx1mrbhC0pgUTi2Cbvnk7xBRi7G5S707Mu6A2WqAkGRm6U3qrWMtAlcxPZ7gavfapyLPghoXDVylPFzoCiH1Etf9dAsC704UCemHtBrZ+aJ2YUR+7iOXzj2R+8fma/0FBT2lQkOJwbxQr4upldGx3M39RFx8Uw3I3vwGxmOUmLXyWpmbKmK8pcQ8fO6/O/LGXjK5V7QYOV8laIt1DJZ7nu6O3nBm5JZCirNMDZEya54lyD05v04YyVbv1gZk2EIhvBcJyYm65oxk8cl5kcOAnntTE5mube6x0aZxgrq6t+XGEmGFhWgnnP+anhUsYF4WqKz6yP9dY2f9svEUR8UIfuNgIzMPTAcmNA+W6k6hugEHWggQU4F6s6X7qKGRGpf2dWLeSHldT36aph2npVBiVZvn80HIEKLku4wLw4vmXg9KTSp7FrnLRnrbKd42eDdvqUMjQynOREJFY2VFcRU9Tpzo2YdKIWUrUDOD5/SQXnjx5q/M4xw2ZyJb6rVGranDvgcIQqr+Ue4ZhIbQYa68iimPJ1IASvXU1le/RUOLs0vcgXDokfFtTuEJypI1i1l47d1CgVtjLzG+kz0sj1vnONT8UpPVsZp3yxpqVntvH7j1YhK0Stp7LMz3YPcTg6/7hefn9up0gF8Mpq+1+utXovAa1mNlZg/ratB4E0hezC7/G9OZP5qN+L1GX1xhRcpD9as30E9EZ0SoZSn12IXlfpWBT+q3YcspjC5lZhjVwIz7eU5uAJQ7vUNZW+dTPC6Ep9r9jRGv2l3cZ3KNOS1LvOiGY34uandUqPj5Tgy5tj9cfMhR/WKcY4Q9Or7lGrnOmcFttDYioJyQ06wRpGQ8gBrtsHqisOr+iVrqjO7Ru6HHoG+sxrFE7gyBv6BvJ7ag+RGvZQepyiQrPq1VbGOc9F8JBh5X/HQrQ81RH+D3fvM0vW13urlLQLmoo8CW4/IL4YYOerwxwYo7b8bVUaqDwZwCTbumdFeXu99Xl3LbjJPVuwb6+0JtrbnHxczLF/66sugeU+JdVgo8UoFeBWsoAaIDKz9Hw2Pb12qFWyx7SVJQt8i3f59UoCv3WVFC/ewPeGqumLXW3bqBkv0KSAR64+BAQ0HB0bX7moMQK8oos4zwPtnlncdaRd2e9UBlJIIBoDHXYPdex6oOaeETo5JJTWGf5/U5RSt7Qv1Tc6IwHusBFYAQH+HbwPJGwDZQHNh7l0P7hpaEJgQjSa1Hcxcax4ghnylPIZcvkP7Y0thoI37Xa9rhVVVIOfgPlb24b9P+voRIKKNhxPwH351F//IFJb+N07337bnRBoasfu5vv9hCLAhcjOoefYaw38aMzl7ujspdZrmPwz9wAQBbsS+kvsPQwBfVhP9/+7a//XL+KzHpJhtAsV8R5f/p/Hu/9esfymJ7j+NCf0t6/80NGml+L8qsmCfq4pHs/MoavEEaXudOqWw0uwC2Qn3mjnYHsBNND+hbqRktAuVR8keJqIOIpxNNTiFcmVzExOKvgy8BADMGZ/9+Ug7Ykt02CRt/tmL8dcOlmwF+Yt1vgr7U1G7d+1haroeWJ9I/T7YmVImTRVDrJCRLldt9sV8Nr30VMSQf9xur1eAIWc+aGeD4ZGRjiEEMvmhGGzKJT3ROig6sDnNbHd5rGFRwuEVnqMIVaxXV2n1hdMTULwbu79tNugckMmiDbYXtZWTnv7ssz9O6hlUTo8leKYduA5zXu114q9Bk9Yj5bgYjdbWPmkA6XUb/JHFVsw+QwtHGJcjFJSCPAJWt09Q+qAjZjiqHORpDKfMxTvO9N2jrNWyN9NcJfowvmdrPfwdB5zVAmq2R4Ut/7vsfsA3dWltB9RGdIi7Pnzc7oVk1OGAyyysBtSv6n8WKW9SVl2h4zWELlwd8EtvmWXStbiFUl398mVNYNwk9JOtbhcmaOXZN3v1T1WDhSKDOlauhOGdS4Wwcir/7XjuROVq5gQRjRWIioMC93SI7oEFk8vyuvmaF10ttqbMnl1HWHmzz+KbHUu5zCd/st/YBl05oi5ppi5GJzhej0Vx4ppTVxRCUim91oZWj0nrLbpy/WHezlH+bey9MsJa1777TGaBhUvl7lSJZQQVRV0/Ml2fJfJqzjVQFxvHDFSIncu6HkFLXa3jNMVH7Rt3v3s2cL+qkoIU58ZEjAyPvfGXlqTVxfdt/2pj/B8myrWeQCNjLeuBkk1uklQ4aDqYyDg8xHlnF5xbVS5c1pl+XFs/eqCXGKFDNXKCdW3L3Yd9Dq4UZ2x8ZNoHapK9+avuLsO04evCP67sxox9ZXk8LFL0AfXn5/pFtrILjtZBEMbBubD2UjG+KTAzKqFSLnG5JvV7C0VPNu0qJe95Ps8S+nS35LPG3gcUd+KAqOlCh8tnmoPHjt0Ncqd2PgDhSEcGXf0SnMy69iAz4pArnqbmRrfQJwEdmzrL4NLPNDLwxTLIlYiSWHxnIfuF6kSGB7XOD4yTC2Xv+ND19xv2Ywcqb+SCsHYB0wfcJJfKep5vFYDs/75Sf7BtU2ltVeMMvolEa9+t4VyWsKeFL/Wqrxeq7g4QnzEBB2eZBK/iDR/ZzTZ8rw3b06S19QHp9ak1xQig703PhLp8E5m+gHG9muUbXlmImLDcxJCbxmgXCJidQocL35wq82n8vwEOvl/emwwcQJqsjZSEAQzd1ivk9AH1GBtiwmojazZI1cQhnOGKoqR4TSlcL22zQDAKMNLJRR9gx590f26iLgy+VYO2PrNuGyJKuzCuMMbxcuWRGsugy7q2+rIz8w4Hxj5g/XC5EohGPvrvugUKZKgDVntTcgKaPd2W7bLdJdVE544haUm5PfnbeS6HrbNtO/ffvi58vwav7AzP7b28p7m+3+hDOY/QebxgM7irQo+Di2e0IUScSfRV6br3bhIPEZGGZ3ly6z/fjUWQMc9mGeMvWk2zHfBsJLkY3eNf85jSLbjNyOzEWuxYSXEFsZd7VLw11hTktvqMsaPRCs9NGLidU8M+f8ud105YOKOibqxFOnfl/u4A86B1WUQqpzm+kVqVpUxTAUmHUJ7FFsHwkmcUa093lxxqPTpH6wzFpQ8K9gYJT1c/KZovzG26vZhRZFfxVFAgB243AiaO4NKJUDKKOqj7aOYJgYjQKgnNeuRU0bOVK69eIET5iQgKviPv13ffzrVPwq0T7+LT5BD4ZNSoXQhaqWNrHm0oNzImHdpfv1XY1v1ZmdNI3Ukm2XEHeIfxGZ66VXsDk9B+CVpmJL1rNiNqd21kR1I2q8kMdLHeOTHK8ZuJjdMmN3RTCEyygH1CwOvbOn+lInOpV8HZYQLeg7eg5fLqJo9Cm/JkLByxUvl5Z8F4fkTaah4HH1PxDPuuawWMNjzBQz7eBKOG9QzQrmq2dbzzbMkRMZwmzmfqztZHo0T8RHPLpMlg+Ls3J/0DtCKHjelgpoxk90LPi5+SZ7oFhz1kUof1qLPcB64V2tcU8RJI2gXPAC9O/I3Rjf/ufOr4MlQBTpXVqptli3leiPOMtfjvgJFzMkrnux0ztKcs1MavNnmA1XyYsOeEVz84msiMCf78o7AQjs95elsx+lSKpZfutXKq85GDF2/Wy9C20r6L3RJqsJWrOo94nkyU+kvlNmqBYJhKngE9F2RWqjU5ueaX99qZ7vyq4nLfCkfejxXjDvVKRaziJrq/hGoNkr+c38l5OmjndEcypCpYTUdWE1Asq3dp7bFpJfYlYLXdpcmja97J1OOL197Zt0zg5iepono86iC74gdqfVm5NfJNvE05j4KJEblew5Z93ci1bHzTW8SGGkexC8bhev61oZoKZmXRHQfQgURoYycitLJ/zjvXVgP8xL+meH0rp6MiSgnxRSeltgg9CJvtjf16K0JOnd4hZzwFGEs8Qyn8P9S9Z1ST3/YtHEBRREFE6cUGKAiI9B4LSAsoEHpAeg2d0IsVkS7SCSDVJFQJARKKSpNeQmghICAQSoL0JvDiab9z7jjj/XDHuHf8b74+ScaTvdaea84117PTs6zKczSxzJbc96h9crMGLTB7s9NIJoh0rxfAG2wfw6BrRgoInlXdON+PGdu6Je30YcUYPmDTNyaFu2C0DWJW5K4cec93s9q9xAB0d36gkeGOwrKT5Zn390ad+h/ZHhQZlOhK2muF3mZa7vnFXt3rjJM/RKNW5iPunR/y2p7rvdEql0MzTuIE86t6kQKVW+g9iaFIhjRooNCYx4mwiWr+XwhQPX+OBuAwKed4vDS6uOvnn3oucqUE4h9vFa4rTpG6GBRQHRpoSoOWKv/O4uZ3UtSEJx8BoIRX2tfOVLa3GeKSF94GPNgwJ97phellzvcnWzNoVacV+a7TbEIaWQzuu+4DFxqSz3azIcbDasXiAumdgjVc1jo/g5bBGd8MI5H6aiLnY5nmMcWcufl6RbE85VQurVZrBNnn/dEvE3pyYDiaUHOgeP/nzwRLHh61HKowYVr7O7+bdHjmSfiqFValNuUVjaa/JfefHkW31y3hSEidhaRnNni8WXXNlU8gjPEbyx10YFHpUJ99RJy6nj1Cotcwz3wZe9j/RC1b4JMHBLWtkuQQAWvuv3cRiBPk3dfh4kPZphoBKLrgQNITAHy7s4h3E520bGRrwb8mrOf6buDxuBzVsMe9QYy3N29k7ObY4vmq97G9+Yc3Kwx7LE/HakpRhbq9SkpCTiJ0InV1p8Jiym9CHSLc6T9Y5+qe7MBAGOmJ1Ek5cLy8GtHi6W5Sc+DUXJRvvQnMvETUdUNSGoSmgoxP/2eU+LuELgFx9uub2lPv+6qxn8BXDDO+H2nPJVHKb0Wk3HNtdncQUXpSH3WqvWjN/IH7t09gP4Q6909PQshbDvvDcgPXqDZ7AwA0E4Ww7WyRzfIZH/oodiO/qpeGZjMdW8B3SdRmw0rhuZn9SWRCgwIy6T4Pjo//hiMMRBdO9Ys5OuaL+34zPfRwmdj12tt98G2O1skRrvXV+cbkr4QogAI9T+YoTv+g1Z9u/iQoYMayJp1XKzKxrmCNLYWGR8i7MILxrBbXgK8vavzmBXfC3Bsi90NzEZ2CmuQBFBfoVH/mw4eSw6PeZqWWS9o+NGjo7wZa8se+gulKBZjz3DcuOynS6l1uf/CRrw3mdkT239p8SEmZ0Arn7Z7p7sD8FYeuHyVJCkuTTqoMdx7SoNn8LsXil863d4aZWIldAZYnjwtEZKMdpQ8+g2sfAXhXY2ycIP5vPbyxKam8gwMViT+Ke3BDHi+uRdD/x5LvuoWw0fhaDMW7/lyHbs7n7VcuSj03LZf8dHS5pikPoNCpb7vBJEJgzMVXmRIyRN+AH4z6BgXlds2MZYYpZ1LvHPvduzxgrXOqX3tNmfoRELTxcLKXmH/r7v5ox/n+9qX3KUowQnU3uHegcybZPljIF8GWT0gRL1TzP5ubKl7VV3SBHHLHsrX6I31ZVBIzRe4EnlWWQ4ouAfWY0hlzIfSdmvRkDiIzY67fwqa3vldwXc/Q7IzfcA0kZWxoLCVhU7Y0wOA7x4TN4DCag7Dd1j8ePnJs1gQ/m8u+Efe40I7XIYIa+cah5ESEa6VhmifP94PSU42ASmvpLtQPfDi0tzV352YVA85twK6CCq0ZQqTil1V0APD5e+X7z/Ari89+YlC3TFH8VmefLhfEYWXH9Wi7lOjQQ6GXYjOXCizh2ZK8w6lmAN6+hLAjgYZVjjD9Zxyf8GPGWfBsFmC7Yn7AGbR7FA1+r1jwTnlbtcOTMpU3F2tkack96ZL/Cz7dynkAODyRKGanX5bgdzT1bb9VbTUZ7RgUbpTc4zcOhO6cQ6j+IVvLVQf3gsF4zTXDG+T16UUG8FiJMKo2tOPyL+2LV4s0v0JPEx5KCbhIpSdBTqjCp/2soz6tt/o9qO8fka/CvRa0shw3pMe9T+5utVT7pWE/l9nPmKd6ztEsopammEVTKuMqDMcKJEpNnmTYigwLsJwowpngKiBEqd7X9n8T1XdH9mwuXBr6Veo2QpClhqEi86F+vmGhGcp2KxyhIXGhaxxzaSlyG6Qn8rlecLU2iX3He4lDV3pUXXssBZ3xrLj0A2qTlswx4TYSDdWHjsxIv9Gd/XKPFdilMXBQB+oi4dwlpaRsY0WLRQvwPMUqrH9rqy0NYszHnCQ30ztOtTFRQe+CqknYeKavA8t/Wmv+Dd6cZ3Nly81jvTKx5pklJFgZkgPsGGMbO9TgDGM3R5uWoEafTl7AJ/vNPPI3RuecSrEE8DY9vxvV5uxngTJzLVrQidxy2dUuRD+9wttuAG9hOvNB828IJrEZirQVv1/or05l0uDqD9LOYl/cNQdVGUx7K1yUIqI2DF28/zOKAcyTWgCoZLFCadRh4ukA1LOKM9hVTDurmClt1ebgvrV7jU91g0LfRlr9V0zyEndGRm+0kLC6UFf/m0u875MEu2BCLl6qn5t6zpNkaw0Sao9dQFvsLCEmfhkfxpB34Xrjx0Yqtn5Czo0/54JBet2OJXOm4pSVwqbjo5wjH+zhztEuP56iPwTxS/wsfc8qWGZkNWtPOPpx1zg94rNDG9DavBui26K5LH5MYT5SgXImbyKQesebqVOHrn5vDz3mUp4C4BnmjPWITzCvwWx5cAS498a+jPkK8tmgrzC4xusG34wbe+wl0sPjAkXz+3ZTU9CLMDbnFWIWpu+9a7QoZWUGvHJfYrRIube6QLvaFac/9YdN+j+wyNGq0XvH/hI4tBfFC42ukySqguGQG819Om/fhlXLSxUktqf43P5cZ6zCevCi+gOvO3JaD5cMZUNdKwsRVNie/+FO56BzZnn82pYC8XvGYp1w03IySOdt8yuc+6xqmRLIbU/Tk28k3kIio5fcjQzXymxgMPocn+k3eowkPl6WyuFNe3ygUiHVQx3Hs+VGte1Papywx9+EFQn6W7zDc8kxHDT6z2txWgrTOo60PRH3mIfct5PpKZuHeT3yQD/Hy1VviqtcRyoIpCTFl4r9F8IJ20tKLmsdd87+Z+wtP/yjNyZ7RVwYTe2qvFCu8eHwgk+KVfTbXytsHZFL9TvWUz6qKR3cJZUqLYkqnRIqw9bZBex0XzaueoSQQpGM5bQj33j+E55/NPxpOU01Bawt/5S1H3nDbu/HvHBpHbHTnnpTOFOIM3eVjmZT82bX1gFhmeF0v7dzzWkaKUDI1lbNwsOv85pidecsvt8Q0v7PW/319E8HJScvgMpIIl/7Yt10o3wqP1xp7eW6F//A5gSkd6s76Mqp/uA9Kv/RwxN97/PChWJxpxSjen4ZvcwsjgVE/Iqc+r2p88TsZcfPX0nGz7scj6T+o1EI+EJ8+f9EK6m+4t/nLv/tpXKtXDhCveEoBRRp/986cLn/l3t6/weWbFUw4qijL/zQvGljYeqwObyWYhV6SMGGHsryrZ/E1zD8+CtzOM/O3lx5WBWfiOoyE9U7qHRz8PPTMEHiyLcC9qBLSbKG0kvc4VUBrsGd8qjmkTfveUt4ZU13jucfN9UWdKKCV5SfiMyF6bIhFJrHfcu8SrRXoVg+eZ+ViIWBsukwdLEGanvexF8FX+WGGyvC0FOWG4cfKAdWfQmGh4vqr4Q2NHeL2mtnmo3JJ/8m1O2/PrrYsA8EUTQLFMuPs31jipE4irRr4M8FnZWMnequh59c9eQ7jX59u18Vbzs8wS/9VulKEr1pPt6T6ZeGGzAMs13vwqFs1c7IO/k6ThLPp5hR3pSV3paVxbECb87KCcnmvMA/XNVrvI18Pm+3KvckOuDtxJlFnubDnYeChD7nRCGGdYWpUW7ObVjbdPcGlcOPsrca7bfKwpfTacLfOqk4rOjuxv8kNTDQ98nuctOhPzcrTP7Xc0/HHDtdmMpKsELKBb3rOOcqi4OWFeqz62LTbVpw7WKhSm586AqkAnW0b9VgFOQ8xvEY7YKTwVk6Hc5xzsj/lR2Cf/wcAdmdW8eo8iawWoY5x+5JYG70+WwhfC3knfhgyzmD2ubQJAgvAlPetDy9ozzR9BAAIXzy+B249vN+iMXHpyjlMGXL01OR4pThp0Ovy0SLpSDVw96l29o9XvglW+FTidLcELagGKGCzuSeLSWJSvRe/RdZ+WMx7bHBbSNduAvJGyrlWo8VDkH3liXpBGCwuGmdCb3h7L6A3tehoHdoVChyRD7u9kh8q0TpQYf1/u+r6zfdZN52n8sGubjRrW94Uu4GafKWe+9mvnEOZCF3CLi74niD9RbHB369Fj6I0CQ1X/+ylDcIV6sjHx08T1pyrPqelBbAmzGX0LDaqmztGFJsssM3zUJtlA1/P6IGSy7munyywpWesqu8jpO2vrbpMYLNrq3sHsNT/FOIBcyTrQqRqlD/Efhjag9FjltcKpAHbjkuU+RX4XKwH81DVf+yJezxa+kvDVKv/Kfbp3UTTjXaqn3Rk15pd04GrFE8GjmwNrhsRalEvkJhcO8nNj2PmWh8wfmNawutSQvrCBkIWjxzeS1jf/OBruBqjFajFiLwvbBtD2+HuAfIaCTndyJiUep2IlFu8faJGhaCh1cpjZwIpawlb5Zfn4WYk1bSZYaq06ezkdTkPg3r7Gt0m0G7Zt/QWbilsDoAdufXdKZS5nCd3cUx+8+Z37zxV43ygfTkOtFsYbpNAabwO77dcJgHPbkd5ShYNQVSdMHVrYdrvDMwz+4SwS2KGvcklb8DxJabjRn8Xm3XRarakcOProbP0//OX7+wSmHZaf2Cwh7PerD9GKvf/OKcc82MKqqnemsCThMU4B0q+hPJjdpK7eSfqI6LVfSf2OqGsnS5RSY7efmPbzJY++Usewe0a5c74m0poj7VJF6i0thf9SvgwaQVgMJ2bzacMu01B9xYb1vopVr71qOTGp3nY1xwangPpeQOESTXVqyq+GSQDMu7wroGoeXr/neiIGIRlo199gGli1MmAGgD9Sut0+0YSt0OQy6z3PEj913OU/3rDJDbnneacedyW61n/LZCsx0vArsWfOcMcffuhJUA9usTRrKnrWnJB39bspR3gCD36OJLQCvXWshH28mzwaf7g3eOfzGRaV+LHM9eCQv9ge0MFvGo6xc6WS5QMsScErt3NpffY0ZybfrhT8yZoJZQiV8I/V9iZ3Nz3mQKPqei+alhZzrxzOdqzuVym0LvtHW8ibVNn2+gls+1wbdSNTWpv15J0joZ3z6YSnO9YalhoFis7iHGu5o4V/eoWtlIXmYFFY75i0NMZu6wA2VdbFMlbW/fA4qruUwavpkTgzJX0pJ9cSTv0qxl4SRjKWnShyC9d6mYTELfmOPa5we5OfFDfe5Lnc+rPpQo1TEnL3l/uCNfsKy576whb9QpOPW7OtKQdt+XV40p1Wb0BSJ34sjY36SLk6THPZ0GGJc2mxI0u2R+1BrSiS8bI7t7y+yFliZqtzeO4SC0kgsMlb/Leuz3rLTJQWVGQqJR6CYe1MF39Z10452OIdsT8bqx3EHQQwdg2J1Ac/6ksdIU+aYGLQBvQ5DEC8iWSCDr1W04qDxuLrEZr9O8fRNxXNJuFqkZvfnKL7VK+qUGPhUV56FNHkcuzZfR2HaRszcIhyAadBvbiGwhqcXD4KGU1x11+uBcbq/BW47wFrZyiUfjyMqZXj2b4rgbuWRJu5zj2Z3j4+mIZKYPzi9bVEvbO9Wq71J7Pm2eR4hv0RhhXJk/k+RJ1H23mN9lo59J1aOc5gVlo9p8kUeCyVce6i3dmiu5yR7JO7mltSfA+1hfpFhXZCQ2vy7YamD/zaFU/UY3B3hIzw0nzUova4mzhT6OU9bm/TIZX9vocYyyynHq5AetnGviKxyJTfrUY5ojEl8ah1pZPVxTbctv2QcBNRoKz32M1cNaVnHSCMK9BhGUaxi0fr2vCxd0QV8N6z7DlBpUWmptJec8T3AGMZsXqFpvosNwjI96LsB1KZvlixOIOnxl1WnuD3kvpVkLHILm61stB/xgdUGS/BXFfm2xytcbOj4rTlymw5ukxq2eEYxFeKFwaR2v5Pffy0QrFxsaLPH1yEbVYH3GRWwPCl4+kL7Ax6QjUVFwNNXyvMFAjmRCSsHG1aHu9nhWLLfJ9JpnSZdyO90gCgHMcMiM2Og24VEWq50JnqnMvcki5lpTCwJNq5DtL3RvyI82F9Kl4sM1s7UUvPLKOM+HzDiHVaiBEOKF5m8mE4N5SyhP5OKmkbHrNH1RFEAhrKh8PHuyGPdE59JfxxsHOKhUn1z6WmcqT25N1U7MHlZZtSx3lf7shesvqQ+r/QMLEJEIWN0De/CdTrYturin7NWnQpEQp0QD+UALpCibnSzO5XqqT13Iozk2kWSxThdOt2XEoJm4XddFEftlEaEJkQhMyucHDWiQW6g9VF2c93WTOyhUufNdnRCtU7GgF6i41XPOqvHDw0V9LDIfrTFjrI16UCXRsnTXTXyYDppX3UxLBi3U0JbPdfEYwqZBWOQF6d6xR8Es2nLsQEXuOie2BoWlZz/NJJR068flY1DRy1HjZ+AyXZ1FFCbnlrBvWPManahV3U+GhUu7YCttXKDbFw7yytMeYe/zmc43iBpkC+V3k4P9Zq2VcqPyDQE8XnnenxQe2r9Fg4On4sTlHwkMv2eoEKQzUnhSdGHGJhXvZnq7YLi3E2HwXHuzUOqLukQSr+/Mds/3VUvHwWMsR8Ao2+GtHOxU/xQaZFejySsyPVTNJH44ImxoKDRuIs82yDBVGG/egUB+wfP8hAUrJceOUgs/yFl7MvHHx6r704iq747uLHDm5kdBpueaYJZP1danS8S3BqVUyE/LHMdsCia9vwhBAt+wfPFTXyhM0uV1nD0pZpkDV+FjWuKYns/y5XHsCs6J86+G8W5fEBhFe3MX08Q87EGuC9VwywjVUHU/P72mgGIF6suqKRjUU9xww2bGPkV4lcbOgIwUjptu02OpOf9IY6HDyoy7xv4KSwzu9W/zTAhd22tGImlcYtAcuVst8r/m4SsOzzQPm97RgUI0UAnbl4kFa3F+lmk9088CbLkXRBcpx/se45kpq6+Le0j+4GzfF9DVahEaX7NvLo2ynBZuem4KuSjDpe4z7iV5w/INxZ4eRgUep7YkKeTCtUnMO4bgHKUCvYAgGt+Qgv76hYmur/js68+/7RdYYMcbQ247+te8QvzrH0xOOHbg7gqtk39ADutI0cg7q1gdaRHdS8UCCAzRoEfamlky8KFZvuvp/uiOlyjGT+5wlaI0b0YObRNZbwGdOcFYwPhS22DhnCCNSw7N+PC3xS6o5aTJ7RGm9ntAc1W0q1klyI0bi/HTNmoQlRlLplFICe9Yd3CuMscZcy2TE6I1aX1RgCD8HqmDpOVjFo1OkGFMhRjVC9P5LhFiddrnjXICqpdB21jnMLwU3aYDU6kW4PCmH/+5XNTusH/IiJGz7FSMqMzbjr3I+88k6dDc8Tb8JeeftlaSDRFO+ZxeGZJS96UvZLsXvD1Ev1NqsAv0+YKk77SPByiUVqPUlMBL2kkuZizq1aTYXYl1vRi/NjaEiBFVdlO2+PYYuF2RJ2xd4DlIpP2BUf7eemG9rQEAqjeXIUbgAIsO8+DQtE4js4ONqpeBxoLZmy0dfuWXgDs017ZS6FRMr9yOBTT3yi0OLT52kDndb+QwMmWGpcFm7LszIcqKHO98Dvw21+UfIUTk7ipbqDFVsqXqKGqiHG48jTNqTTrq/ZSeDZ60cc1wiIiLXHY2mFXvsUeHqd7G3qRvQxXPHlRq2rpMLIk5+HyziB3vSi1/W5CULhAsESA5WfRGm+jo86YpUEiR4U7yMf/b0bJz+nhQ4efq3clv5+HhG22YfS6TbgX+qZaE1ATZ4hbwRSfqd+T5fmcG1N5ky5mVpO5GOmy7f8/FquU24WrnEEO5DgCJudP5sTb/jLyQ/K+f10R9bkSwlR7/ZPh44fHwzr428TundA8BFizsGHeU8pcu/NEcGE6DZj1ebF7bxOcd0kYcitll6H0y9cYsRgsS8ehb/O7rDGJ1tuO7wdGOqog7zGSwqvHcIcTlMEm7xJ6dz7AlBAiAipSFIxuf4S53cX9ed9kALC78KD1132CV3CasPeGtAYDiz9YVqPw9x0ACaZWRRVP6OZsnrPxTifecFX1X2zhG2eva3XmvJgsASfFYX/yr0aGYaIF26YjUqgTNSY55sRiyXkBKMjeMQ2SLzpXtPyt5htVxit5E+/nLB6HWBLbnNNv9ocmwjSXFb2vli+xJwZnbtE49EvP69G2pAlnXkHLznuVsOupZ8+dBT6CbyyBVZcGISZ4K5HNveaEIGL+U07ew/emDxozhWgIsM0py60tUZe/odb/WzsM3R/MOybilgLrm9jFthTg3s8BUgBnJrxygoPtdtnqox06lhyWTz769CL3KfLo/OUqIltzht8oGlP0DZKjrhSzPRjlXWYHGpLuwJF8H8wa7zP2HZnhJtjGlj9VDkxSEPQECXQEJOROELmfljMqHSDvqEpvSs0nXInRjiYy5Qkl52jbPFHJ0ilmDhWKT/5TeHgYfaRfxVhHy4sUq2UmFZjCF9cxrB6565w++trPHZ67DVF0MBSrrKnfYiuQpZdzmsl5I94clCWaK3/cP5kk73giAgqi19FTmeTHM3dAzMTUNEud4aysVBCMwgxsduRZ+Uv5bQ5pMSoGf2jq3RtGjw4lv2C+plvA93mFOzRDiIFygpf23+ir6h3tfyiF/Iz7Pqt1vkQeNDDDmZjJnGCMTM7PFp0QjYMuazrOrotlJKS7CEwIHsFLqovdlMK1TsHcqQ4AHvVOwsOkbZ7a7M+tvDusdDJ+NFuE9dIqpCxMBJ8vc9MW18EomrdMBw4AwDra6kfdpmT1lUKwoMBd+SzIlnNMxYtJ33dfL/fPPQPU/iTPoEKGbWi1Yh7fg1TuXK1Ie15VgVJ93/UeUMZEWx2tTNK0FgGbeIuD/PgwcvecZuKSblMr5hpaMzMTR+164ssGuu//ts0AERj9Ca9mAM++drYS+vHzX/Ft8lvV7oyaFjnoDcXOzwR4aFNetVJF7QI/ec3niPZJAY4b3kLId4XVmSSB/ldrcu1hA0IwHofYuYnaOaXXps3ycodFkJo1CWHeoWATMp9R6Gz8/qnLVSdslaGh0x98+QmWYVWgkNAaAXf/Z8E9UCnClJw/BCNyZa7OX1o8KgtXu9qJQGXyY7z9fub+XH5s0N8or0/6WoTvIRYOGAl17tIrTMOGSyjhNAG8s0UnsJHFQNs+4dmZ2w9wG07hq9HHuummop+bbVuWNR9Jb+sGkhjUZrrL049H7H9Pp+QMki3eOJeUPbIFODlxi21RhHZ+TvYbpKZYclDFEabr/2KSuUs/39zTs6TtG6IbmBj1KCvMR9FPzm7eVNXKOnake9Hq8ATz5/R6NU8kKHc9xq8jubaYul8+oyqI+QGnUJZuGjEhtsJCLg++aqRar0l8IlP38RJGICy6/CXXCGQOgqnWZRcufpETWbyqISRoSTx+ENi9IBOqZ5aPXdtj6NMuDlGOlK83PmoZPvGsUqUqBiUXEaQkejNQBzNgOCIc21ygd9jS1l4BdhaUBEqKam7AthZ3qOUtAaXoU+wbDU5BMUeuw5eyH6xhz3otAFHKSIdd2L3Xsc2XSfqHauMVN1PhxAQDrdVRo8oLQJ0VUapFwLMa8cZXoORv8EaAQ5HeZ5rHP+YbxjKuY0luvBlXIloUVphqkhTp4pJI1KfVOFBziSQpJ/7i4W1Y66M7H3U/fthQ8kURjcz0ibrX5EY2v1KMr7RY0biWjPF6Dwi2NnBeentYzXh7VC74dEROB+PCR/w8kcZ7NVcs3YjDN6hTlLc4TB5O+ZjSDVUmTJ7h1GMt9yDw64+hwzlrU8vRoXdMYaUWoSXZ5tHbZOrLmqXFY/HhnZ2csHjugFDrd7uBXTXmmjIdrrccgicUZi8hWpG3mduVkYRTWdsp4qgphglp/zKp3qv/QDyJqEWhzt2btWnVYfrPuTvkDp9kkwu579QgXi1GBiLgaji4TAOUcArp8qt/rZHsopTfvbCw5nFJySOxIWPrwgQAj2gd1YZtkvtZjy1M/tpvVBX292pYldx/Zlt91uh/hBY03Wdqxnikgr3OQy7LjVk/ALNYLz5at8ycnk1+fVEeWccuKwOY0GUOXWnToTG6/zkshdU067bnjEwntfGWi1GipcLgomNHgwplgD7dZxUoCpakzpPpnJi25SGlxM9gAAEmuyFjdUvnhLrLPRP7QOZAeTzIpZKbPF1ZQEa3cqUq6L7+lP7KCSOKpPaB2rUzKujZiDSBqbiNKH5F8YmOWMmOW8s3zjNi/Wpf8XeYMuVtjQR/06wSeSzm+4VtOsZ5hwNs98NI7BBYQ68bLrCSyFx6FVPxREYWxTaiAbYMKmIAcJg0y90778meu4mip7Vdrl9yjjywL27UFuLpSRRDgwpV489MDRgQrYTU1g9ss9IXaTYvxyd+cGqe3Uo+3z4RPoaNEkPhGcvY2Fknpt4WbQtj7SRPxhPPOV2z27AP1GRFNXS7pBxMVyuF4PIQhX9+01wP/3hlh8XxOr/crTL7JVX1LB4Xqh8OvubnWwu2jRTv6uq1K2xWK30E0WZ3ky4/yVQ+cWQMo0TQI4y514m6l4ujVXGKpqpzP97wS5YfgAkdUsGSR3FfQeOpBnIda2zDOQtaq0YoQJ/i2vY2v+HCk9eFItlGwdSghAxy2R5k6zHRxgn2sfmfrHGzmZyZNXxjdMt50tI4Lh75wcSM4bCZWFi0OcdHb1hJ5KvY9hy7rI69SM4YN8ZsykjlDqYMAXIi4fpQPxjeYJwjJtPyON9av+4Tf/Rm0NgIxzB/Nw3y0JpBxoQD5lV+VxkgNQ1S6WZ2XWfAD9kmKW/t4a6FoTZ6nf657VD5UwVrDNaONGKZuLcnSJlgdi0+dgpQJh6xEUbENfcViGUbDfE5CSmCJvBrDj32NiQSRJEGW3NWY7Z0iA8V22A3DE0Jw8ESkC+ZxBZte2vAO1sExsZ8Z7fJGFa2hUKAl4tyOfjFSq0wxarCHZ9yFK14gXtsqlOMrpOTo9mVcy/U+clB5RlSVLtt+mxPKuTb4C1U10WX7bPwQvxaq4lwSc2DVmDNSeFjZdFrX8YmZ4R4p5QlctHTr7qRRwz2MnsKtgpeLIc/eydIijo1794LDf8cHF3vC8nHMoEwbS44REZGFVQ83VKC2tAkxFTHjilok+VtlD51bp4+GRvasNeSsSqskFG2VKvxYnwuObzi9IGsELjsTLKrIWK2aGX/P7W2cZUaQYQwD6G6l+LuWyttbZbc+xn3sSPkqsBq/8VtuTldcVC3WIM4Xx33K4HFGSDnDXxQxP6DmfP+vJdCObgpv2C3W69vNwzlnvJf6fYd4OSqYDDRlM363AH5tX6RRsXN4r7W2/2EDoKeRjGP/kfRk7kbT7KtUK0YxnuGoV//6xl8//+ZcrLLdNOc+ggEOSNN6D5KNmQV5KXiXTBUf0nMakRcALsBbQB+A1imA+yKQ7rvogq2u33T1D+FhjtEQ73N/3Zzm36yHyWRyzQ1TkdMAAH3JY6OWUG/sOBMgR7iFhYYvqn5ISDWJAtDrMrYKF+GL3mXm0OvbefFnvjIpycJbtPad337L+b++0ZL2f4518v/jNk2/Pt3/Xy6cLC5DIJhGammrxk3hDuN/e8OF/zkT5P+bSxYgS7OpF3a0PLUPVz2m8h81Q4+Xlj1GKMtNawmqv+eL9w+Yw3Zna/vEw7cyt0z2TP09U/GuhakpfyauG9kEG/qT0uo/Ip/aftBcG87/mYWgtNh9flk96/PZaHr9QdhGvpWhKD4/ez7MyBZ+WwfdyOVFeQyimbDqS7CkKskwGcZinG0WGR25TINfKcZD+4qo+oyUmOWnDccaP0v2yylb3gNbqYQL7uuWxHrnDugNslX1OVynzGaktQnKZSnEL9Yh8sbxjWWVVRvMiAYC/WJZ3HFmGjztayzhFtz5VOxO1uL4QC6iLyv+WvkLKHHo3HCqvtCIU92Y3uydVs59FaTXhh2P3NQUc59Y9rmt54Lo7Bi1Hfljz5DAkGBL6SYF/jZx3wDztKSGwZSFGF5+VgpK4wBdtbbxRkXV0kM3m79fkan2sa8b+zUhmo3E2F+VNaN9pvO2TCG5kkzNP6p32GuyjxtNdnTzfydxLNPJ+0geuUkuIcUWumzPMAYnQz7Om4ibMKoy2y/3Robqt9dWw5ICcNRt/+PNnEw9xhzJ7wXRV3tC0ZBTiV+vc7WqyERBXWfVec6hYNo1xOJ8WN+/XBAVgT9G02vPnQQqqrwpWXS5iToweRIw7kBhZPR1xKcy4Tfg2VbtrvECpQvoLg3C9pa/8u9GgVeKp/rBsVz5K8LZSqqxjk9QysT9IPBrV2PHQgSz+LOW9hn9767GoZuJvugB3ujwnjmxa2U75cYfhCesZxrb64QOXJMPUK7hibTaUxOb/M6DS5TEZvDkcgMmMPN9sa4AuLbiEKLNxLia4im2Q2gfCrV0k6hMefyuWDvKUaELHAqi1Nbsr/nFuTbPV3g0yhJcr7hWjR6bbSFJ+N4d30ujaNg4POcJF3FH7jYl8OlWx1hrUsUbC8SD/MtKnNHUZ6u763fLeKt6I9cYeY+K9og+414czjkhMmEx1U3R8r1NHjDXgJDuC6+jE/6M2Tdy3s3xSVn/flAeL7ohcSast3dXppIKVw+sdfY+MpRc2phDOIzgHvRMW95lznR0n5ngWKAq438N/mTvL36tx2GHVEs4UjHjNgL39pKXjwh3HhwXMM12F7TCmFLcrY4JzZTvt7b2z3vE/BMKImZJ94CPT6exKuMW/MUiH4VYIs4tXj5Ai1kGHboixxF/TCn0e/9IABb5lHAvOFpIT9IAin1rbGmjuYq4BzSGJbYfjpQxGnU8c+8M83XtrVOZHmu+l9BRFVZsNHUZKH4gCdQO7qzOKhw2KG2XAU9arNQp0W2u32L5JbZKoI+54FdarlJCTbIpjjoufMVFUFWiQ8dU4fL6bU/1dyXNGSmtpgfHXrEy1hbiGM7PqiF2WPpgGhWnbkY0LrLyN/QGj67IfByxVfKETh+0LXeGbOfZRWQHzxucqKvVX5GMkv7jDbCQCi0HSRmqH7f5UXwnAFJX6YvS7sTr3C8/J2hMeiLVuHT956QQs11EmGd6n9yvx35tdDSUIo4AzZLgl0/53GOJ/Cr5YTqBGV9nTqSQzJpnfOMNfwKw6cgS4bxF+CD5cnbO/yEuQzalrikeAzVX5nYuI5x/vTy2ckc3p9KQSPGDyJMM/jW/sHuzvgmAtZr0Yf4xU6UKusCRE4BtoXdWgYjcJCz4EmBd2Lkie+RJuofGirEAi70VAu9FA/ZHK5MhYn36G2205C2z7Qfxl4Ha3wJQRk16AFFtJne920CDOdBs2CUa9CtxTi33LULxiRRC3XZmHuRVsQCICljoVcsm8tGSITwVfqw8KyHNdTUOwd4KH0Fj/TdO9+90XO2NL94+H5/oOroaqdS9NqHGAuwTPTKkJbtmOlmmQXRxNQnMmIM9d2rvs67ja7JOoFixGBkCINT6bp3de7zxWDLMY5oFqFrb7cizm5+dwnPWSbb1i+OT3LDdW8zGpAKlhZh96zlnsxV3ms1+/dT61Z9tcj3BvCieVOaM4tfMOG6FGxHU1XzSdQ0pbBEsTl7axptT9jI2Ujio2Arq7zVJ2Kln+leptIz7Y2WNT6Q9vN4DaAg5fttzO2sCj94cdM574YIjeU/tjLtf+jPP/wjAW/45AyydS90rwZd0EcBdjSHHa4+NhUlOerdETsk8R1Ftc7BY7dHHX/adVeXjD65/PKCnVnzCdCNpR4q7rysP4TtvbO3G1CaGOF/ZNDQCO2SOhKlM+vGL1v3+fCJZez5CTJZQrRWhFdgsmSIFPXuDA4bWc8aPU0taVb7qdXmQwKkKLWcmtDQ3JaLP5lbDbBivAInlMGx5Ih8bsCvQzUJ/7ZORqZ774SNU7pt+EZnhGCPzMlagYvlwrLeuvEVwrMhLd/YD3UYR4cjics/aX1cOHZWNVA2eXFm09ptaGUhBJmBuLqsRVCl5boQ1aI4fyn6fxij4resX8ujnjQKF5I7Ba+IKTVKIQ7KnGUg6YajMzBHectGRMdYjiUYD/ghlCq1Jrp7v7yxTbTrEhbNCxGC3lulceoai8wBmeihashYHaRMPoSU3J51TfkShni+NXZEpggvw3lt5/NyWqG4c4yNUOlC2uxL06oQQg83dxvBBveGH4UcHdoJJmCpUHMVmLQ+00fblUjnqfhFnYKFE9TmZ3mIi/GF2+piRwVXHMXL64rMBDfM3BmQ5Eeryp2JQ4ZVI3saMvHaGN9lGtNpzqgoRCsSO1SUN7V2xOvrp0TMQV9krEzynmR6N+573U/6G7cn53dq0OafniHkoqxu5G8XdHpdLM8xbCBo59SosAkMZ27VDa+/TBC0nZMK9OJ5Vj/aOZVH0W/VLNMZBNqMjjaxCNxe7PSWHpWtGm1nfReUXbxGr43de4uAbXVYoTb9jegT35Sw6Wd4Qn0nqflyaYlButYc0/9tpsV4ZUkFeYN4lZq8FVZ6/O2RetkttoV2yahkTatgniONqwQQfGRq7Sx4U12f6BZKyRoujqTCiSoWUP9siA4qyWHDdUqINOiLhf2X+PadfVk0tVi7a9Qr6NwYGctTpqtozucHEhmkVnD2atPzRmCi3mLacTioRVNh7rri2aakf1PLLedqzQlfxGU/UILESHdjq2ZOUfmvcnZoPb24xp/MXn9eZ3de+DCzm90di2s8oSjyqmv8n4fqF2B2iJe8W1qkzccydzaR1ClxxGiH+HCTAPppG/PZMMt6UxmoBKAW66z8mVbyTizvWjUnUYXnh6cTQJ2LMJgL31SyoBNIE8qO5W3+oXf4HIXermBYXk6HRde9aiwepDvAQl0FTiy1Kkr2rgSnf8GHrdV3gM8arekv+DLkUHxhi1oZNeMXlOaQnNpWV5aW7HjtmK/SlJv3VGlrKUmHRyca58hTW6ntYDj1n+nT5xvtzudWNYrfG6Cs17ZkYc1PFp4D9D7DC7dV9RbOj1crLbgMuazuWAPjR6Pcf9QrCin4/EoarzNhQfqPnXcvEyoTM+DHePEKZw7w2iXxGO5rxMIGxy0DzvcSwNvTirrtdTdz0hCIUGKnoIvdDYRpiURFTZonghkhDz77nzYtktn278YVjap9Gw7i/EEDYbi051UWgBOaFycba9soLdXRMFIi9o6eyAXPSDWuRatPwCyufSQ0DQ6cotxi8odyQSvnmyV2L08prXzqNocyx2ZLpHYaU+pUOAK/tUy6TrL6Wq0lx9VxfVwyNhhfxFOo7RwdMz+VPOY/B+CYtgHLWA+OqmaK4nstzDyJrXns1DL7BkdHuAJDQA9jFeEfUiyp8/86Vk81Il4jJeNXCJ9ENgPe6RbrzlCv6zvbE8S90g+pJPLkk+UyHGkW5UsestSK4lxzn26phB6cyWgdpWy+ZdxttZMrhBWMzPF3N6CEDocWoRZxpyqNm1a/gZZzUB5yiu8NqMkABbgrVdYrcgI34bzaVWZl7ILCZjP6Hbj67j1r5ZnrDBenbvieoV7nYnncHda0uxS8euEkYYuUxyuZcQMG1YXWOBhGPPPdw27kYgi+x58vghGkLqxERr9k63zPyvoFdQbxbQHJpM1ti2H7vSDGgUtYZNrnJO9Ko9DCDjcizE9mQm/FifN5FoYjbJi+JH8cab7aABhDw36w9Nf6R/3TxyMEzrj2hvhanFvFhOKb3jaNu/v3sgJJyGSKl1GJ/E/FvDxqvtjuyA3HNwfK5IK5plUPM5XMMOwBDbX1oTTH2NuQrLy25Ud2YIZc9/+rQ4yX3MaKy+7B9mqHjM+OgiaqnoZczxQpxaE2CgMV24km15iQPpgSpqXa+XHHJK7taNN6oSe8kWseaPjZFebmLVka1z7C2VzhPp5iNmEN6916KzRnJlwmGqZxEKkUVNDq/Yo9PBjsnlQDMWov8GXMp3Gexd5McIuL4TDSLhF3VUaIj9hG6DdintqMhC2Vjss0ZDe7dUhb2Ee661HebFVjmpAiFHDezongPULs/1N6Y1a8nAK8g81bT+s39Z+9pFOJYkt1ajfBzt8aTaRSY+A8DBekSkgcKiCTAAm15V4ZpoYMvvmrzSga5wetFogOf34FFNs3+e83X+FMFahk69DaIQQxF9bPF7RtCa2PZN6lP9paKmD167ZAwy+2zubYbRc/t8Y5IdVSRCwEmdFdZsopSDARdw3/NO3f00KPcoTVJwZL6q+cy6bYifJH72FnwAehJ6YsKKMX6NEoOIzuovlMW1PIEAOlxkyUFeJNAstn+vxs5MunQyhjnbaSGUT8rb/liTDOAW1XuLguwnBtFKVN3n0ybZAXNm5UVBXtUyuqRXVzwk8w1si/j4MI7VTvo7p5uJH/jwsY2cvXOdA9B6omhbHJmVQ+dnuHEI7LneR3UjzytKy5BI1rmjXVfp+qjSx4U9vjjOIGwVqJcCT+u0qWtUQpT8Nw+wLFyj3wHbmj4sftKX6/ONtsfkHYZlrvv3YeGnpkK2R499ZwBHA1qO9QUrxh3X5DcSONvOnw/7DUCD0D7Bb2U7wCQzg+D77y78dQ3+0923pPdGfBiKQgXQ1NLHHU95vJuk4jz7uP48JvCGbaT/5rT+cV3Qg7HlVeGH0cu7qzvJ8sffB0WTtTcCintLHsKbVoNhsoy5GZyQW5FDBvisS1O/HXY7pbO+f2gkABIh4GbwsUDN+WGVwatykAAtPxTuJaq4fhoq6ZuYaAtRMpZa0WlTDmeIVcaGrX1yfdrETarqxUsbbYfO/SuVukJQy5+XW/z3DjmghGgIe2nY8253NTVpFKzNfIjAES0VHpYR9v7BAq2ltJEvpftItNsR5D6GaK1pgnRR6zGoRaJfAY71vGwtiUI6p1HJu9UdbKdGpJWo7A5riP9zd5zmdP9ixwsOGBJUdUQmJYs1Qiiv+q66YvjviwMndKPppvYRxPCek7elDOhzT7+ZNH4TSr3qf4NzddcCr1w/S3CSZpUUzRpfFlzoNpGPuN0tOQwQTx6w1sXADmdovL9vFr6uD+SoguGOTgQ9Z5nPCh6qcYF8A8MVhDJHlrzjvQoIsv8bmOu5WcDGt/3ux7BZ1TR9xQrMqjwnyl45mxuJB26K9pUOhh8M/jKTnp0o+SkcIT7q4GyzFoGlxXFTFkLZ9DOpI1H9l3kjv5HH2wDv+8QRIDVUzW4XOXjk56SDCeM62RYEiDIBxP4I+pdV0uIHL3YNOsZCaThR0Gs19T64YWjR/umpBgNHdjUDy2675MBIqRHemErbS7lAKy+mh71jgw/vDDpnfXbKsmkhtd1duq8szCF++/ochzKT/Jul4PGdykyyfLJ1sxuRd5S2prRgPxepeKaLa3TAdrznokx7924R6GtfWdzUQdkXxa7jboEXq0Z99iUhvCfYDX5U//qHeVknbDo8ibcldDAWzLdDnZ784+bnC4NbDFzolTBRMoCU077T9ZB5tdWAhGWjakLRYxfxAy0zQrUBW2gLgbf5Y4rrT6daDucLX8CzfjwA9bJ84pd63MjlyAunETM4FCeUDSpHf7HMh1892jAs6TcHKglnqrCU85VpVVTz3ldqkp7v3WpgZa8uZHBJBRh1EwSjRjWKypa3gmlJ09eBKt4dAnQkjtRIqEvWYHGyaABpTFMZNtvBQRgXKbW3FT1ToSKxUm6xY3EUqqGb4XdUCRwXDjdf9j1YDwis9l1/3ATaRkLUOC9wZWYZA4rfaXlTPPmczzH1Dxn7uwRFmITd0ErWBJI/DhhuhcBUGAaHrYNllgG0ZI7Cr4x5EKbVJJosC5E7XvAnfJzBYo8bMAdyfQi+B/jT8+hVOZ7tySwuPeHSkMpZ258j5uQQS4ygfBs4GyufyCOcfYfmKf8xkpeL6i3gTN3wZ9GV0MK8azwk+JFZ3iwsbLNCcamxYV7kyIZcmXPOBXfLsloEH5PEroyHfoWoBA2e71hESX4CbO6KWsB/keuzQ/EPIRWn+Sa1JICg9m4HDgdlQ6+0rPdS/S4BPTolWFWeup1wtMl7pY+GOfMPKCS25K9uGk25yF2V4Tt2W466gotYeKCZ0vdE3mZJkxEI+8B27/cq69Ks4vQ1WtEiPhV+ntYi6U/fVxlVHN30OuRoXBqRbnlHb0EGqzeDrGe/iJzTFQkKq4ObbMjrPzVLlfP9YMKqDSbrVcS6CETvKQUzA+WttddzcerJfSc7wfRpxdeAa6GiouE7sqEtP5rlGXyzR/Db34PHvqi/kQ9JWXLRJFnHqoHCpooi5R8iFuudu8Ee+YAsMiBalonU3/N1M0JZIHgXvb3R3aJzWI24NtrJUqF7MCuDVeRCPyVfIcDSxp0D/sMXyoOM46OvvkYoULLt2GP3eLANd25OzolMhBz0AL7wDW6VezyB+vMccjL8jJgwsmnkoflaXzvHD8q/2Hn6YyO+vPA+BZdpkuvzHdNms11+xe/7K9GpKBlh4GIaxYu6bUb3vA/uPfJ4+18//nN6L3rUELTMO/MLVvbb/qMuYWtK4HI68ol1CQ+XsVobhY3NhQo9ilhLV+ylnyzZ47L0yeguo3EMx9E48tzQ5/Gt6ToYD4YW4QzBsDbahwAWg3XSVR1msznKleAOHaHmayvYtXUK8CuH3O6k11AoaoPzX/S8oFBdZ2eWMs6/0WgMVSRBajdP8mdA2n3V3QT29N+iqoRlFFlYyEGcp7NPThFlKiQy4m6X8QVCA3wsunxDdZBBTo4KPIEljoavVQr9ObQ/YgyXSuIS1UMkVTzJ/izDrWFD0Y9ybhU28SYoOJkHmzytSOUfHOwiArfPsvev7/enk5piT1YlnG38AtpsFD4IVPO6sbUD6twzWjIYFUAhS/Ftp/q96o1baMly3kRZDtmzcuH+yv/LX/7dZ3g2w3j7n0T5xUUrun4eGItE5CNGelg8Yjsvj8pbFzV46tfufdIjSkKrMhGh1+QP8FLbji3ByYEXNABseMSLn3R32hldjoBsgYj2Xj06NftzccSPlsB4PQp0/DWohOK+qdWkwrk+ibAadoOQ73hSIb3KmOYnEZn9xShOc57J1IoTG7xNDXFIvKBcTXSVuy+NB/89yg8IEiREzzQg/82/Qzelud7851B/l4+sude+wF5s9JOPAKTo6epfY/znGyN8cfFxniXf/LIL/h1I1qn0G72nOg6oTRnJgblYVHXVta2SN/Fwi3tRPcFF1xY5urwo9P+J1DMtaWefrkvbKq/7Fw7W5UrfZC86/3A4fLwwXvmfrnulcwtFBUzvsC7DUfrB+H7fQSBlaP3e4RFA3tcGa47OgPjKWwz+htTfVDJXA5NtDt2mLbQ4yi9Ef5uecKZZmbHxE+PODQs4ftRuSFLbL8zu1LCPrZlPy1rog4FvbCTz+iAOVf5O3yP1LR0bdvfnN10u6JB8PCV6xLz9d04GhB4HXPuvZYWqCgc+eI95HRNaYGqqiREz6DI9OW4DUqm4XNRVYZrH9ltADF461qXzAAKUlNdPGjl+3zKvYYbPiib0q8uZFpXc8FGxInYrjn2N5GFju5oc/nirWtjG3Blaj+O/+VDnsZq8QLdS/F+yroHHuezvVq8rO9XjRAlZpoOv061Jyob4bf6DWc8iFXx1zAuYo2FdAkytvuvl11wIhXEPIGB7rWGyEc7GnTPftd7bImNeS7WpBca8iuqKCEqvK5uDXJ4CyXRjAwgMbGJMrwWbjG8bQsOCZ/h17fAe4fljQc1k+Sk258M7KVfD33b7OE2J1yoRSh9i63v2hkUgbKJnIkikjRCvR2IOs+z7Esdi16+5q6SKU3AukqLUJdH4+9E8qqIxkiiYpmNqi4dClXD/Ri43yKvloTexcCsvjpclrvoLEsiCpu5Xctcx6VTxGRhI7xYr7kco0g7xv52Ys8J8YY5V5kXnA+6JkL1LT8jBa/MOb/pE7a3hzuJtcqzcYwWTlPBIyZUCJ4g5Q8/nvM/nv8iuj0PdZNOKyLO3qzjmoCay2v6umX5ipn1lOif0SUF+0xabvEuyA83Eq4NQ1smBmoXC/KC8vKuN5H3nFsy279IDRfOBk+kMdGAuo4Hcg7Rt/WD2Md0tOaq5DG2baqtgM8ik+M/ElTUR+srvXWXi3ycmZG0XT97H+jtWh2vHk9afAcJZ4iM11IU5uvvVsLaHYYW6wVKo91HSHliYykhJnz+tUQOx5Ft4czZsHFXmeDn7zAoXuTIg5Xo9oGOncmoYq3lOe2PnsdoT2/Zy8Vx1LW3fhGbsDvQSUtZCxBgJtSXp8KNc4anKNx2WAHGw5W1CiaWqraPeexj/jXdXy+7mkLDZdmwWLHyuiDn9qtrORWLdq8Z8LN3g2e7QVMiEWcMSh/2NU3/Agye75cdCLFlT+tY4eIVrvs5/5gD8AMinxDESuUe41x7DqD9xSe7mypildknObkzpy7HwPLPU1h+sL74Y1LV16itCw0wBVfmpB7e1LDhYDti9kfr4RrfO2i9YT9Ng6aTvyyZrg0EXACwbEbz09I6XY0A1J/wOK4+oRz++p+TG4myxXfvZ0Mnd56C/uVxmf390Cl3shCtpvoJaGTWeih4uB8DM1ZBVhq/1WXuJsm/OVTYsFMEhCAvRqovcBZdjE83A1wEAvjGQL1TDWUvvxVEl1YFBc1sfGm48k/QKT79/4ZRZ00j9d+uAEIeWIIBsUGHoplMXbT/5Trwf85RT/+7SzYJ+ttBEPs1YQt9TQeRx57Epv19ot/BvofST+amPcTR0Uv+IznqRpfVoYOyUdgw78TcptlioX3+bx1M+WtN8c2bguH1j8soiAuFqii17IqfKIr+GRzzWjeZwh9nQhGWLC11UVycXrcYLHWzbtwbELc4JrUGrQTRHx5W8AqklRyrfBmz+R4k41F3jvOerswKnc03h1W5H3wDlRDmccJHPn4Oq8K7NfRf/mH95V7w9/ec/tuTZlKd/A7S+EqVT3jbHR/BR8bTEpSzZQD2OFPZCy+Gk1Dqma9akuBdurNQA+K22xIV+8Xh+RYaPDoU3Sk/8tRNRfJyZLp5p/rqUCeV7/GRi/n8t8yvkK8FS8XUmziz8sWBIFHeujLeezACKcVa2VO0eNS+dDE9M3Fj596ZB59Koy1Ir18zrvLyyTQpBG5IR2FTJ2SQkdrPCTmQh5DlpWUEUw6IaBdwaaxnP+2wzq/TvzG1UO/3EFXCyE1lzUeiZ6ukJzJ2uQ1NGqRg2JdfDyuvhl3+91D/rE8GmLHzTWS0/BkHMB8OJ71/eWfjjoPotTJNKe3b+8Wbg7DCCbERMHFkauvXQUqcpQQdGtL/PhnjaD7LciagAK2rvD1W8BQbEhCV8bg7VF2qAvtudK7+yW6ItX42Pq4ywabf9SG+etL7yp/TP5g18vn4Wd29vzeeOdyaOjqof6iscrdRy9pdeu3fHL295u8xO578McLqi1dHGiVGfV8pbpL9d3CftCzKb4ED7DSGRlQgwdtfe/yeWz/f+jRaMDjejiwBc5idLPNk51O0ELj2l66jx11Nj2qxeA3nyPeY/QSgsCAGkwAz6bt6r6UZX8ro6Bq8+gI1Il92IbNcumnpYFagJnb5mdA8zJtizr0Uoz5V3VEUOeqqxk+MofDLWZdl745Fvtr/2c/Va3a3jTU0L82yMnzUiRvfq4SiBNVulPkdtPea/du2UEnx7wLwshvAyWOiziEb+VajpzNvXXYalkwRr/7Hg23YO0+h/gJ1zotkwul+r9B9zV0lzlxpXrNWA/uIRowIRbjb4eHtYMon2qL2i1a88hEQrZq540/n+wmDjX+MOoPWV4zJNMZzl91CCFu5Dbzvzvczy6xxnjn61BtwNZd0mU48ys/jbudU+/T5frDrW65FswE9Aov7vfbSwzLmIGbGqOUhyB37x5MdT2pl6dDZMg0GJvGgKg+m/M45zlzU1fA6QFDqTtmB4YUAKHtADCDIcqXTseVi34n6kegp++VdB9ifmzcGhdf/xEgIO62630q2sCIIUp3BPqW2D0d5q2oDxaONKgSjDb4eRU0NFmmT+WU6x2wAbhhZ1rBY43/LwZyEEwG0MyNaY8GS+lBqQHs/1g0nAQI5psb51lWOu5vWTNx8E+B3okBUUz+JW9Uq9wmxAPU2+fUEIlRum8pZpEEepP+xMkl9GsODkqPr4W/nPyMGLF/jn6d5ftSzvI5YRK1o4Wp+nc3ld5uRZPr9lJb8dxtTZbjh661jdL4mgStVaCjElmYzqPSouu+gKG49mRtl1AQGiCIkoPZqr0hZ1vjanEeAhrh1YZOmakalky3DU1Q3Fk5P42ubAZk+TeOL5xdPz5M9gj1+CFlfcnBLcuBBE0nPl8WTLnq1PwsyAVCE545wey16/18v1xnV1LZuAyhHFPEA0uVgA6QIIk2agAIaISCQ0KtATCihSBEQAaVIlyZCiKA0CUkQQ00UvNLRQCSEkqL0EpqAhI4Pz73vnTPeuPf9fD/XGHt8a+8x5pp7rm+uuax1Kpjo6OHZsy+4f3oTJbIY3erRf6VNAR9kJ/cOk9NodjYiC2Nw7tmpnXaeBnSmki3RlH4dA9BmIhoYec1TB3Dp7111/XK2MQP9SSDnU4Z0eaaFaOfU+8aWhTmrU92dEGec4Yj1rec4LeDKIPM819O9bezOKObI4x8K9Ig5b+I9LeeHeAXPt49Zm3W6K3ocDcEV2icq6xTeLFWCvJVpGIV56iKflWEe1UxBAis1/7oiLSnzxw1MOQnmeDrkvKmDqE+gHtYot/alZ3QTDo/axfHVx/mHzidGOZfd8dEUCh5MLe30ruzPdZ75CrewXHaI3p9U3i9TbvHTHorWZF5h3w686KdWg7qYYeoP/Xn++FR6f7ngY2+4n8r2cze69YMrfmxY3g9K9+AZTZ2JN9Y+NSi8Fr39c0DoT3A11Id1LY0tSZ8Y739oTWkVDgzsjorUjnBocd65L77kVEolVEeDJO7C108Ffg/iYwQHRPJcrMjlJTSfIwnokTXgNOb4ba80CS6HU3wMvpXfw/ZbVS6lhcw1SmmWIxgND6zPM10VsxIOi8ivtwweCuqViTEbx3LPjL27IHkSgwe+MI7MYcN06pApylMBTTa8fLi40OKwEgsav8xh2MebVLmCT+1bdgsnKy9aOZHvde87/0ybspiR/6LZ35Q/zxl69fTOawAhX1RK2OBTLIKg5C6b/lIFbXe98YziIh5uS7gFYKbe1h4Hj0UJmDHKFr9PssOm30hnSLbIW317Wbiw7B6Sd5W6/LRXpSDdfweDX/3a1QQvSE462OZpNEZW1RZkb0EKxctQ7YiF5SM/rpHi5I+XIg33s+gmjtC5dtDv+Gjvjyl+u/cbFHQalTSWM0DIrrHA0ntDyRuBg1oTrzM76Cy+3tBXA1JoZLDWWIDnArUDabHL2KuWPKR5sHrL1n+XjUmnexg8aeA+H/tX4jSmr7tC2EBH8kM/DnOjZm466MknmToXWyVnPxHx8JFE5G6J7uXk3cHBlEej7ZhtO1QwuNWuLpgRrf7qqFewReabK9d9Ci6MiKI6L9o6uucvFNNDOKzYeSHKckACM9fIxmyqkCAw98wXJQPZyBOKog+E5oLz5Jmci6tTES9DJm7NuIuAvIwpNrpKeazK2swqbY1Hosge06P+fW65gmk9l4Q7ut2xN9oTgnoiZRE2lC5XVLR2uJfD+YoArLwoFg7MgLSWXSwkhNGsE8SKvdIYxhMvJTrn0T7GWLouV61fqF5P97qviobHxzZZj/DCQYrSd0f7mPnUQb0EFE2LfbkX4Dc0XTY18RrdWuNkyfV27WjU4QvvbX6FGoCmONnaV3qBmw+JQtYdAQ1x1Q7zZqf9CsuEDSoeD/VPXwApjyVoiTybsth2HarGNoCZpHjiQKPlZUTZNVpqqMtkh+HM5847bqm8cLUqjY7Rwdpd3L6oxfOEW5qLNXdNubrOf6UdUc0XKXv8yMddFnqr80mTUz+7Gmo+7plpusJdMH+klRPs7nmFe+S/USnPMOXHufSGO205z6AfnEMh22MhOtWs/gUUWFvFxfxIcd0SwdI4GzflcRp9NgNiRxM2Jfa/vQFY9PVctt/m7zm6fOd+0aHs2UuDXM4WwYZ9vX2UETft1034Mv3sL1s0wkYQ8D2O8GygYXlzKTAO1bSYVogsrwyIYFyIBTkzmY4QwXekLYiaDc0eLebLoJAsq3ggvKWtp6O7/TxUje3f5vHu2Ccfl4Ss+ms6vtjobAa9GtRC5d+QutfQEDgQsFLf9BjP5SoOpSB/gKY5Z7sFW6Y/ZyemrVCvNAXXRW1ZCUodD6acM/qbzJWdwR8rZo7t9RBIddPNCU0nP50xDy/+MyfmvM8zuibz80JG8HjMc4rlcU8R1kKWu+6tAdG5fctyNxGZECpFKcWmNzvCuGztCedpyOcKOuqDmnMU5mQtu3DJIE/VaiOJpni3GMRRK2hQ6tP/JT20gaRt4otlviouwPCfAsfbe+ebsgoDA7WhkOD9Jt5DZFxdohAmC1beqYQF0FDyi3Kf7AB+2WEOpLZyCQsc/Ufdy7EFS5CKxm85SRYaxm9Z2bP3QXdPhXrbJrwERDDt/Kr7JyoBhJ+6wfFVc2IpjYFa2EqSjQ7jRQJxaseolCYOmlCMBxDEFgpgz1xe9Yi4rKOkuw5RDCyBotaCvs2IMQFL4nWGIzDRw80hPpiR8RK6OhYytArJ9BXaLuxUAdOMBpAcnrbvJHtTItxvqxbZN4NTy1ZRQO5ZtStd3dgz/fbj07aKGj4irQdUh/5UtqYyBEvLCVXl1BQrpqxq3hNaT/NGTJuozFDnx8KOFfsJwISMysWKS36zubyE7it3nkPzkrP55Y9fznYTKKlZxM7lQV7V1mqFnxrY5pvKeXKiascIgCLMQzvD/EIUgxAF5VJh27xk5GNfBxKX6lc0vusuR0KrU2FJBw9E/GZikbx2OH3YwvKZITcsLAF62UZvoeAXZvq3nhMHL38CMBndfMunrKNhiP6wtNQ0QMRmW5/9t69Wfl+F220Ntxdx+tr3wA3wv0kR/76dY8UoeVPbw/19ORsK86tznsx7a/3Pgg0bRpaeCRW1TUpNZVIf2QwstvtL3ThTqeSjvkNUriH8iK1clJ+pbIb+UTX6bLv2PjW0Qt708HVkj2WeXpU33TvWZs14pMNsKLfkRYnVfR3i63XZkNRhByLEkRq7LjYkwzm7af+1lRNGvx15mNx6lK11i1ljqiASuoRi53gpxrhsAFvoxLmO7PmrBgC9VB7BIt9kz2oB/Q1GcIfjgV64RAsRpG436mLmsqJZJ+CgPjsjynWCWtzS4/VKshbza5zOPC6LpxFe6L3pw10tU9Bu2uijZwBAiTfwG9DfZdXjwaxXqipk5/fiG5Tb1lH571UQkPOO8d537ON7pAXbwBye/u9Qn1P6tSxUhe0sBvWxLaV8TnUJO+LXeflC990cO6bk9OVizFtv0g5AAVmrAZtp7dqY5YRDOGdrdwU5gtU175XY+YZHPg5NBERsuag2iP7pnhl/Ke+zuU6VPljIR3K584GXKsftttMR0jHmOg/VX69LyqfTMiqJe7dbp5lxIUOk9GUay26SoQbyp5gA9MQ8Kd5/PF+xQXkNXRLxKEDeLosNFp3s+6bBts7xagHQyr6ZS2glZ8nuBeJB6TzFU6BVklg8iaGbf7F0n8woXRYXY5oqK0Xv4vJjwNb+RPZV31QS3T9j6wW/wV/75Q8VUwd6bH55brX7km3ZFFJq71W3+ZByIjjau7lcDxi75ZYdnXOj9zB5ybQRxA2zvAneOfaqkGxBIVQRD7eAZkaQuYPQIdMGIi95bnXsElewk3UhTNr56noSgBZaiH6Uq+tl1fnEsbv+bgD8jgJHcFluknDeWukMA8lB0HQ9d/oF+E2WeOkBWTgNN4WtT3focv1Qkfw5STghaODfEfeLIoJcMaFSnv7aE0yxYgVQRtTQxx7rO1m0TcisS6PqSYMN4ZqzL0zueGVHIRD+H1FpBPMXuRrm0jE47mr5grK8gNhZDs7ZgcY0AM37asL/WCVVN58TAr0YJmZzp+Cq7i0h0LRWUsPl0rjIiUVPl5ze8IKaD7mGvU7wsIIT2FmkGzzgTYLPITL8xrBijJqxkIk4xw/oWdZDpzf1MJMZtVn4H7A9H8i++wGJbBJxmay1JWEDn7xa11ExaMwLi9QqXHASIOLyNYghVMDMCejEM1RllO8mHxMq2SK1ssOXO7ixRPh0VWXz9Tyi2VP9pIFUyq9fyvBJAwvukdqC36DvIHeB7ShIQ7JIkCBa7Snf490tesfD5LcLIgbKrtCRb4pr7/QR9UBx+kRdf8eALrn1gFDC0iv11VbeyUZkgq7jCha4LHYnwRG5zickqmqao0+M5JayrvxvVhDBl7qLBLFxwN3JmZZ6OGs6f8zT/oKSMZgev+6A/Cb38F23fs+5RE7YHqbegaKEN0Y51f2krXqLqMc5HsrVWxxjqxIHFTD04b74+a3FRCdrOLhOr5w6cMen9+UBGuBzC0ejSnJzWHZnoMoxg8dG1ofAafJ5TwmziYEhW/XVHrTcQkA77sfGyH7Bx8YA93gdRIguSVzC2BjeXMPqL0gArfrCxxKFCo3kiQJO2He/XIqTSNo9/C7agXxTJ3Bin2B6Jiad/8rRYsrVr+/MyZ2H9GxYX9UiWXE4dQwgAq9qrr0eBP4VavqWGsoJI21AIbdwy08eWR8Ti9f5dVNCm0bm8YQC7WAe2oY30S9fnjHnijV56f0npxBdAJLK7lUTHSU6h36lmwyecMJ0XIgupxPb0JIpsaYyLemWZbRZxn38FHKZSQ/OuJMJPjd7rWzvVtKC2/wfXF24+zqF/5QxIt8nXKs49Mzx0vxB2zZZCkhEDfrKxjaIxr/N+bqp6pJVSDIraO7B5yYv75Tk+64eFD/tP00rgDOJxABkov/wI5tLTJYCHPpsutVKAA6vktXJ022NrFsiB1/OLy+0Sfto9ihpMapyd0i8QcCgM/0br/de2r0B2tXiJXaQBmK49+1WFoS6UpK7YdKbBN++tc45C326eFylaIX9OE/9WWgD2rH99KgMmJq2eL6rqMUvFRtmBfC7wT5aAf5TsVjJ+YGNb0jhgY2RHLVtdJJOI5RmzZTbKD3n8UD1wZCgPrZkbXKs1SS/73NDhWBv2f20v8IWgFHVACxg+ycmPA5Ak+kK9FFF2JvX2QdK7XiF7mDZjZfw4fC93de/slZFtc0hc+N1h8hLyJZQoZ59IPJTwecyupm+UuGSMs8RSnajP4PYOiGf02PPQL/Ze1gj6MXiLHWeTKEvli32Vw5+WTp9l6wPzxxHVxR+q8fuOVOr3jIhrizYRrUamV1dc2mwMWvsM3wHrd3RkYGiQbBBpQM8fu6F9pQFpwgh+mblIsZ0WBqih+0KYNoypReziQjXf8BIaKJ9rGlIV3lkFYgaYLOT++xbfamibh9z2HloaRSz0JO9XfHQmi70oR6o2AE1I2vTVi7UNZ/1Ih+zl0uI1CueS/3lyJhr16m/njeM3rD4KaYDVqyIBH4gJKZVRbQPhxk5W6rfdKBkC9dcrJQGRvluuXwYqydedYnXGbIxF5CU6BTG+Cf2xFpv1Oc9oTbs0cJT1k75fGP9Pq9xZwnmdPxIjfs6WPuIg3T22q7aOMnDTXz+jpqpJptH3ONflkAWvaXfm15SuwHsTI1O/pcYQhueuRhOFaOUYPzBlI9qV4bnTdRz9YALR7I57SxL8KvLP+f0bT1u39PSlDLViccbn0R0yD3d+9LAjzlzZysaem3bNWrDP9e/rSkfj8JaFl5TE/QYIlI4iZkXTJxzTxC4kzgGTURtfaPsq1h4nEITGyPTMadnzjvxRe3XEVRrZhDh+wtuwS29oybOeTXQEGvOoQh4Z3XyyYte3xxhBSvlBM33MuylKxyzOg95+SLPzbSpBSWJ6vpFlr//8HVl7rTPpyLzK8wdHtKuPEq8vXdcozw/gzkq6ngO2pW+Rr3a5RpEF9UJEWpbKCqQi9VxF/dgOoYStz0oMiR6MIG5/Xxeh5R6toM+zYfbKGQlGZZI4Ja8xpECkUWbI4JLUcOi/jWUxUGpV7KlWX9FoQExFh+nxIoTWTPEywatVZpMUDv9884676nNVTnAOz1k5fQoH9ppiBoK4OwC9veRWh/wbY2gFQmeZhmtt8PuT/Az5mBTxydn+4fMQUhBl4cXG7/3xqvw/63BdjHvWHEJN4F2nOPHfP5uSEoiQBzgcvIQ+Z9WhK5ot1hSN/us3Bl95IIcKPxYazobLitU1LT0PblNl6KyXL0dul7BxSzVp8YPPTrWaeSy+Ld37/ssyQmrikWwDQF7ETLR7eNNJ95c9WunZLzXoHOMqpKjfSQQZ/cQkXjJGEBQ81NPpUMAwO1JIZkdyonymaIQzN3nhZNZPv+AYMKkGef/6uh/kJ2R4aiFFe9I/m7Q8uI/dO0fKG7wFGv+OfF/6M/X/P9aGq3HjhX/u4KAUcFVNCdsYN5/JNhO+N89IP5/Va06+u+rAv7o/gmg2r09JUtCZP4aA43NjXDX3B79F1BLBwgoopCCyG0CAIfiAgBQSwMEFAAICAgAsENMUgAAAAAAAAAAAAAAABUAAABQQUNFUl9TdGF0dXNMaW5rMC5wbmfsunk02+n7P4yOmtaU6bSlLalpO61WLaOtLQidTkdLMUVLBRlVVWuoEGti2qKtohuxRxdSte9ESFHS2msnEkuQBEFsEdl+b9qZ73yeM59znu/znOe/5316LOfd3Mt1X9druW4Pf7cw2bXz4E4xMbFdly7+aiUmJgv8+K3vtxLAN6URh2NiYhFil349ZxM0PEeRrkpwTdcRunlrwyfcf2QtvajN6nkBSlM1/0SE68UO3Yy+1H7SIywrzSo15a07OCjIvK2ReDndCpx0W+pKsfxtg5sRb/R2+ojr/Kgw8jFKLbNI/MrIraCxWnnO9NradU8N7W8ZHZ30jQ58xmoe3bewnJMXo17HV61bU5olhvdv+Hc6oesj+/hjUobcz/EZMQ8tG83c0JUhN3WFrbDrokjrflkjd0GR82y88OOGS1zIRlejbaTiev+Fw6Hzo9cIa3W1a2n4Rh+0amC6VXvmw5P6WqP7rWyOr6TuHYh58C8P4Qcrd/WU7ddkQBvzyDpeUWmHbmhb+Z7h6YAO2MaHtAu5boF56cWL7MS1vuCGjidFfp38q36Ww0kU7s2LYVpp+7UnMqpK57MazPzQhItBjxWc0eRGy2hS0E12pPU77+lCAWnDag848WWPy+UgrQVjWYX+nj9lHoIY56l6nPeV6sOenTmHi7eD9LsMa+k3HJyiCo6zLins7Dryb4+Gs0r7haxBdqGT4Qq6dkFBRCdAF6pw+bW5lW0+obreH+6zkr1P0TXCj/xU90L7IMytOa8D8ZRvVaqPfWz7IP6CqqasUY79beGS7Tu95dROFC/P4zN3bmFtJaOxudqNYxBlS1zto088Hc97QrN4K/OnsIYTEE0QUOI/6HXliFHOSIHhBtE2MU20DHSKibj9r//yTLo+AYlm+uDrWB6I88mZWDVj20NXTyOuPOzeSzfgjtE9XuqFPl5OpbkwR2rI+Pmk8jkiVL+BxuohN9IM/TH30w+PewBzWT+j+ob4rZi82zU9fHClsm7DQVEa9Ezls9/RuR2FzZ8/F4uBnkUZR7+RQVyeMbaNNsZpduZsBz1v6UpVlKhNz+1GIS/82+r2pYWvhbBqZEI7g492Emfn+6daQ0DjBqXermHfuTuOgHgtnQMYJdQGlxS7nIGzgH1/Z3YyFJ42uEEmz+9S8NM3iBKMRySDPK2fgp3yweKbySeg8PDxwovl9fxP8YbyrV3FO0CbX9KNmqMQF1WNo2ku4uC0DPlMzgiRJQli7Oqj0/W7itkO+t+A5z+pfBx/MXP9HlxmyPXj/cXBs4youri4AsO8+CsRcrv/5QESZ6BW6Bhd6/ZBp1PI+mDUcb0sRNitfEs1jOA2uBxV3XGGjBk9g74a9B2PPFxjL4+0lWXYJZh2FpMMSl1YQIBHILWCeM7lZDCNfuYW2p16V1bdKaxroomnFrTYxSyFLNY8hBE2BjCOmtPZnnDC0f5Mt4p8L3cYKKbXcE+mbNjsq/OysNU1pNGz387h9Lrcv0WkiIHuzA912mIbm2VRRcK70rn6jZqayuE+5h/ZJI2d3K5opW+5MPSo9sqivqzeSkYSEUX2DjjYFrwnpPF7RnoK/Du3XSK+gJ5OHNtgy44G0bqhPlBBDdQ2knXFiGkgeMxVDptYGyCO61xwbTvUFJA1f2fZh2g0Bj8eeT901XB8Hax1m1jyrwXTtLqZiOFrb57D8VxZ//mFoMxw984/piuiab30ZFZrrtZURXTP2+nF/bwuw6vMtQKpQxuu5HtGTtTVTyZKo7xkt5gnq7OnslShn1dSRRuDHNR6z6nmkRUgG2pd+kuC0nsL1NdGiGoyXkKYifp1flcphTI7O50c0BmZF1KyEYRsxd4Q38BrWkbi0Cif8Iso44sGnk0z9F8aXOU1YEaFr0OFdwMOn5lHzzSYyWnLbrgKznU0VQEh4eP2ZDuhBUfV8injeVKYPGjRHUFJAa7xtyqLwQfkUv1+ylBJSK8lWDSe9Amolx2gQxrVVUdHjqXVXU9GmAzsNrmsaPVYBtPST8Nc/bcyfZNSSeDmi4SrpcfN8Z6B5EbZMo300tsBc8dIeu1ZV9pzxEBuRtG41hrIAbPO8WL/zx09buFjsshaNyGfGLyU47gks4Id2DcgmDYE6oifMguvDViqPXMrYO3sO/3+KGm5UJZeQKeA/MsNcfDVZNpvQQ8eqtGrdsvoM/09Lfi9KXYRFlJv7s1OF9P7C4PwKVctIUhW1ZotK+T6Z4SrlkbaNkMgWQr3195uFli2z79dyzgvp1F43EdjNgTs80HQF3vBM7sTqmDBrP7D9XJPpoI64aYz84P58WtlRhufPR9NzwS807otefvfKuipauEwG81fRcEV2e2lysDuAZDUXdDrCIo7inWRAq8l0FXtQYcaM3qfoHyZxHwYbHO7PuvtxaO6vBU4ajbtKR0mpMSgEJRdytM9mY2Burc+6BghOy4Y1a416x8vR4wA5adrGJiTK8kY/BMyme5P17CTb20JXq0O7JyYmhUx7+eQlIi3gdNzgeIru/3DTibizl8zvA7aXTtZvDoQ56lU1Wj76MZNf7/Py7REqVGDiVxOeTsreSVtAOOp0x2YtsMwnDqsU8ct8a3XJerJZTbGdgccVHbyDSThZQ+deXf74O5r5dZ+3OZIrvm+fwsB81JWtS7DcWF/wJDlPL4mYGZFEji5ZgnE7L0+CUTQZRrW5QB+w4P0zi7eB7pOAQqg0uLA2mqpxkazSG+hRl7AiLal/hwyt4BCra43xci2RBsbLXv5MdF1Lh8OyDsJY/z8vl2heDv6fURYiuMHA1oURk/Xes/3BIdX14SGh/JaKipMllVRjCEFuMPG53inZVnS5brJiTgbhEUO+b5w2X+25xvGsfh80epg4uEarMPZdPvv+ChFssNeWhRaKOxFxa1OhT3yp/7ZAW1lFwWDKKFzvKxX7r9WjVk0TRlVIVAGxwnDmA+5kVAlQb1/6iPnC1MrM4qMliTDR7P8uEf/pgImhwBSFTyNV9JxbvjAPDPdTlj4k2dPJgMqwAuqV+Ny1XKh2sVbS2Gjy+9oIMatEsZm0EJhqCktumPI1NTrgkOGa8hKizqdycpKSs1Y/XkzSQaWz1/FpZ2eoNvGyxZSIbWG2vm5ezJjHHFzRWQlzrC/R5Di2sPkypGKkL7nnQJu9WpnPvq4l6pd2fQMjCJk04jh6+MwGb2VJz0ykLncaFBgx9OFmgnGUVK2BIL2YW3ZZegbhm97fQ3I+iz87UH4CWMlvw8fEvvnewPUY9FO/asrjmeu8QfMOVF7zvskd0OAlOEn9XNzOWRRj3lT8fjd9qYLomB2Hh8c+3xn1zIY4LCuA9tiZOd+T7u292hu+ZzHGfLC23+L1UfppShR9Siaz9NZqKJRE5NBZxZC/9h4HGyN00gaqgvbpKOK/O+SydXZ9g99QtczuLkTiozFmXB/dCVh9vmAA3p2n4sP3u/GbNVDa3hqfyC9NkaZIiQpY4ezbCIgC3e3GYmyCkWLLQoNT5GVAZGz922UjRd6w1yKZ1/c6PowQxtLhYmiRsPWj9IKD51xczLhnJl9Z854Mj+/KgroqW2E+DP/lErb6K9E0TK3deoFMa4uQBjDyx2w36FIHzgsmN30+rw6oShlIQ1qPrjefMDIgrvOHkVdnfp41jMYc3jPb4I3y/XHZm946skEWOyazuGoCRrkiaHvU6k1s2OVOrKDxNNj5jVzIYvnFhTX0pdRCp5dxWKCDZ2wour1RZkm93vbnb5XNibFvHFYeu03Dj6MC2OHBgunXpj10JxC0W/fKlqfTR92cLDxviVP4wf+azr2Tne9XBAyGbn0jmQkzJO3cmDZ3n7aIr3ujw4ByF8uX+aSNTY0wydpW/joNk4lMsxz5EPOYR0K5LV9uA9zvdHR2lbVaBEgL4KYYHBPEw6y/Bkt2rhuRAwJ011aY7JKyYfmk8UEYeIhQDgDXS9rLvL0a6fJmzmG7OCx7l7wnDjLWAxqNC+VNRjrFXBE/bNroGqRQiFqeZQasnFgmZYb7JM8eGds9FAwEBaeDjxMNDu6WF+7Jvy9Tb2GCK+sN5nHL+8+nACKH3Yn0aTmFxNmMqeyTxkhgKycR6vscukw0R89nSWoXRCtvBev2WfOu7adkPOWgHtL4FxNOOoiYzhZBov33hHdPm8nP3/VJu6RJENECLrm3uavO60UL7hR1fF+urYxQGUb9VoO4ajlFT1dJ0LO/gp/ttZ/gf1mvfnnjdmXk/u1C/3756RoigwgcYGMfWA+9WQo3bKZ3en8erV+5nuG7/t0jnodwGaV5p414SE8JXuf8JtTqOBVvclPuEC92TSiALdH5DrJxcD8Bfnjd4EUbZ+zg9bak4aPrGW4PKrXWbjiwJmpt61lt2PC16RdRLPZofQARGFQSPjF8qEw8ivDNUH3ZkDpECOUQAHl/3708ka3rZxR6Xw1QcCn09+VvnLhBRMFRrULsxao9nllmSHB5BMQcv6S5tibRTtvI/h+kcGb/eFUrnT3On0wNM6cASRpLIs+M0afGHt157K131zEjXUgFS/0PHjF7M2+YVe1tHmwACLcJ2vJK8nwaN8wgI/6CjzE8cMoFDnq1bJmU4RLY5/pDvlCp+DzajVvH+/ARo2aDfUnn3XnbrRFyncsJz+4iL603mIPc/n8ap7lO6vl2R8+76+G+uZISewPdS2m6J9T9ZY/F9EHiE4OG3KP0InS8VmlE7Y3DHQVD8R1iubk4+V3Dwk/EdMr0A2Vt9fBq9bf/+OAuNKtUCq//wpGcBPIce9lcCMtPJ+lpuZ/PrszSSd8vqE63fMWEjLU78RS7/SCQUq9px5XO1rTEUKkJwlUmmjuwUyC8KQsIeVm7mv+9FfpxKXyRhceF6AqX9qHft+biiLFml6F48ZA8Bxsju+9BxfOVlICgWRWpnwuX3/pZpuH8gGQ2HDNoTwurPXFmkZaYJ9noJEfbiAsdICCxnc+mYXVLCxEAwzkawz5BuwFE+SSRdOxC0oEsmaxWi0JMkoO76pma97sevK0j/Sn/N5tRNhZWL8BAzNuNRCP1r2G7Xk/bRch7Kh+LaW94HiWBc1XldWtGA4tSKM6OOy1zj8ZbWOhsT0NMehM9zpxVjYXAloXKDmAiWeFwQDIGR3iNe0682aUbKMIBRjR8LQlwUazJGRquvXd86JcGtY8IpH1Of/klQe7n6IcI2QqAgpd21MCxtUBL7lktS8zlCf3zvBUBbaxwwawFsFNgGywZQSu33v1H2b4J25bETojEGlGutu0KQlH+yGea/eKtxuGNxOKNEvDg1XVO+fD7jQ3kHKTyVo1rHF9+1tIVe5Np3AZcnpMoFAoKyMjbzD1YreIzo/REDVV+e3BAaWlxsp1Q+btlN+h0GkZIaNARyH9yCM4QAITb6z6mx3KrXgCpRfWhbSlWaKn+YI10ToAlAytGmzVcocID5QJ1e3j6vgLuwjUXPUqmppUVPvH5xTo8YoteructN4Vq6O+i0vJz22gldOGC4nCp+ON8NC+AkzT2jJgGOBCMnTBh2uNd1ccVMyIghI5Aqx6ylr+XinS544LmndwE0szXtO7aMm57vgS3A5HvdoQ4zlNHdgaVr6zhWREklnR6Vhnb8b/tRGiWSr+wCogWvYsjcc/ttxkl/GJcY8+qFdVECBE92a66vNZcGrGpasNw/V/ZhFVOui/4Xp65voW19dplvTzO83OSF/4tQKQxUpchxlun6DkEcyamUXYu99Sw/yZBfIhDxs0kWzVA9befRSGOFKSL93FNfpDWl9HTxws4hweX+n+hoEo57f+TPXk8Z//sPtKRIEA+zYLjUkVDsrVjZqKJH4S1ZmOJnMxzhuNzkylDi7G65+OCO0c3AqVXW+6SrQfYf/+cRvLjHaCcb1UKQ3i4mTWOpLMMfwZqLV+qZpbyLxH5ozEtT6gxNQXNm6+gxhxe9V75sN5enRF9tBzCyEfUwf4Bw38mIktDDCLUOXRUIDJF3xmmZbRe1zS8Q9oWKRHnR/AqD7V3quAe3FxD/rkMksvC9hE/gEXaIGwj6UJ/POPkiWy+u4VqmwfNeAvcwrtHNWMSR8kVh7hch8+f9noMiITP37XL7Qb5Bg6v0wbdKG+rpo/bzK6z+dFPDpOOimMvi2UFTwWldxusutElHzTx8NNjIz6tmJBWsnL7ZSe+z51qgbtysY4iZV7Zv2RWh909kdfjm6KxhWHGta4UNjKfCE3MKBz3U3y9tB0U4qVrYYwwZ/fOk3d2cWFmdFJk6HzRFExAbJflDjspn6EXCpGIWOushZ5QZHDwd1scJbglK1Qb0FyujzVivvbr5OuThHq4feaNBqHNSxFwd/vHpKRZPBH86dEYq/XzE72YTxFv8uL6PkSZf+UVKd+DmXV0m2JSwuASbWrmHx6LL310G3YQc8uv70rbbxDt5OHdp+ucelLu5DrIh4SyNuXI1BcEsSIiPHomTfOWMMAQHijFqKNam+0metQ+NGj1MCFN4lxB0rBbhUali5v3FTDwhq/YezSGgXMpReVxQF0J/gaFsA89avRZpaNawzPYSRFgCs8FNa3A1tlOPcJ2uF3lHXp4fIbl+OUz1q3P348t03jrRxGSrCEtUgC17g4ElBpYqCYVlvRzNq0OM9WZeG2ShwrWaA429Fp+5xUm/ldevMvts38sW5uKz4jrjIGftiwXzvfGoIezh//re9IwJaX39lVkm/NMcrIqNwResqYrtwvl239GpyQQYPp0Xdd2P003y6iYB/xRQiv5FF60npk4m+Q6NizB8CiH6SVs2veaLTxW8qPXQiWrKiauca6UHFFHL+iVvZJAkH5vD5eXGbkZJQGPbhbrW4orPTT2kljuuhJ3prlbTZZQ2R9fbhDJO/Jt8iFRqh7CGt++2eNLMknbnYCU+F8SklCLkZj9pEWoyI4HTiJfzCSi49teftIRUk4E22w7FV8g/tnfuno0ihyYdVSWdh6Evd4P6D5jAhLUQrKFVQwl6p/S006mnIG+elxZDxpZnmuQ/l8Q8+TV28vP9iT6SIO3vd0meo7Z8zxMqgVDvuxamTByK730nFG4xx2hI2fRSzdJsJCv2cfUEmfn1As1VMs8q/FphY8lmToPtTTOAYDlGb7tjUNlQV3lajVvZlmfXSnlK7QvQOOQZ8agsqDhtaTCtIG8pbDADkSk70b8EMZJeUSZQQH6a7y8AdhaLyNV+ebg+buvWUPPmqrGOMKy6l1eTeUs1dgFpaiC6sIdm9yQfoZR2h+v6z15JL+j4ICMUfOqbMORqsy5uWc9ulU8wqoOH5NqX1tTblsRTJJtFzBP/YfQuyprddaMGVWw0AUKg3GINRg+/S7xjXj7mZ8YZg+vS41/81+22mXa3TAKOhMzWNhgtnWDoFwgLhS3mOh5/rhwRl1Qlhv38BjAbGSX7xa4e6NrLxq1uk36T9nWFlWKBNfvMNx773jPrdlLQddP96/YsRMoxT7WEA5K8GeAL3IKFgvQA8eagwc3OM/8Hjf60L3UT/6c6QSYn4Hdj9n7FmAe5m/e7d/xiAqbooG9YGWcXKNnL7TzXmb5nQWFtig7IMd+Jw+/Clne/in+GZAsMolvH6UvdtPxR+A/RDTT37t7GIn9eqq12cp1RXsNMxLl6jw6e6ZMmZQja6lvbh9RXjxceybBGFKdUXXSJWYIzTJYuA73At81JEj0EoxEPGu1XMNgX8MEPcKH3Ew8aK7+NJOr50bJ94Q5TOtE34WDYBa7tYN/bo38599zTdKb6zCbg0adcI9YaUb7KlW/C/TyIJv42P0D4Vkhru7711xRFYK2Rkn4w1OrwDq9aF/JprbetQkbHlOiY9oKySNbpqvzQaf58K7uLB5u30V0GHb6LY5OwVkFOuIdhQA4Jpv3j4eCuBgZQ6evvNxXlmWyko6d55auTzG+TCnvf6xSPkWDhQPV4mjvNRVk8u0jtUNTG/MAPRoOoDLmsh2u6cVLupK4ZZV9uUehJdiAsDrZ/T0Ox4UKd5ZLfQp/C4I6hTRkX1aJ2mboXP8BN5Mff6BbauSvKr9His1qIb9HrkDP1TQXNpwRv7C9xPbtj0aBwj7oibYwQQIqbtV4bEKtwnYD3QKZtiWBtuHEW7H14/ejD5Kq+eO3ox54BUjgWAN2MNh17jy9kJHeQ7uoLmBoUNpBYDhxNmud8GRA9Vh35bs25OK5upYQuL1RHLDN8XBPgNymZ6zUeUnE3BNOqmbFYGpm+o+sbGiXMZXmm8WuOuLXOz4dS2WD2EhfugNHTxq539wbE4w79wCHjUCVwqfsGy9VmChxXA1O3S9u3ruz7UskLRcZfssobA8fDpcdiQAOdtbQ4IA1Do7YJsRXPEgXp4/9mazxTTLrgQ0bZWb8F3FWkGGDIL+3P2oxb2MoeKKjyYnF85MbgCpy6o/XwhmvPcPHGav/9kk9aglNKblirMLYB3CGYdxkXM8/PMYcdI1aIP5UYv1D1VDoNmJCLouTW/ymVIsmaYF/3YoYJF8PnBodexJuhRR2ecDy7cdcAuqf/USBrEdpDOjvj1zvr4Bu3LEHGfAA+lijsnf/6BsTMwUEO4IkB2g8F4pyCqVg94QoEVDSUSjjRj3ozcXfUj3I1lbrYRSMjf2hXcSYcWBp1QdN0V04OdOrNt+zBLZh1CInyxMpv2rf/0VgG5weH6TYW349T7UasKtiwMUWCgm7GM4y/HXX534HOgllSP00V/CVY1xGm+Haf5YnoMZC4MryXzgtSqBgNWFTehchTyBoPb0C0wIwWiwyNJ/chTLtc0V/fL0nzwLu7k2NFsuH74wcdUxXsj9hBvIQxlovzx/Y9cGcDTS0xqXX2cCMPSz61LfqUSlKlT4sWkM0WBp1g2G4Go0UxC8x4Br7AvulDVKR2ZukmrHqz6/g4hrEYfClh8UUpFurTM1t/K+jRctFptJ7W08H3jCQprbQoyV5uGolSszmv6BVC7sCwLvgWj6sM93Nof4qaprBHsJIjGPlQYJyM9l8KylOEck5NUXK5x7L01nb875lBhZW5JR9Km9R5Eq6mjANZ5hxhUE+eBtgtIgcNZmJ+Lujq7a3nQz94OI8zlioNOFr3mAT54AzPVVee0x8wRxuHRr7l4p+QTOB9IuPZWOrAJqAdMU0DyQHIHn9Aqm3n3uGr+GThA+wya8Q5VLMsKMMfH2v1acBw5GfuqMyBR2DUDHnN/tNqhmmPxaM5WJSX+2IFR29xD+E/Ep8JZb+TtsZ1eOtB1QLTP3mLJewcguNOn8rxWW4vjegA7R5YS6Fw0cKNOI/RQNa4ITk1ZIpWESiLpR0a//7FJyY9pyA/lK2A26qDbT/9MwCb9ZRJYF4R5XB14v69vej3U9ZRstaMUEGHbVnb05nxZ82Pr4KGR6eIc1DvWjXGYhfnqhjpvvv9mbzJBAkFs8pEIAfvXC4RSUjUnf1XGRlQWPssZ37FEKoaVqxKjRnwDCZtAfq7R58WB3XDim+Xqig2a5LpiLC3C/5e/181du3USqziR6tvVmM2PwVYGMrczAYwylC6Wu4rJ24I5g32v5rKFO9z/8B3WnYkZDr059FG9alD/77NSeFha9Xsf2eW3IpyYQd53u6mgZTQJ8d/DCLulQuObY4KtgOzsnU8Daz9jNejkDpH3SuNXsmW4X4pQcku/Wc2HSNYHw44mt+79lUXiKsO/6BuYw5D+uh3Kwpn6MLqRlchgP7ybi05Wxcdd5dhxAvdQkFtrX5Z26eYle0gSSLW+f9fJOHe0+jWx54b7ZiCsfEJEnmqTSw6kH6A4rf99t1OTnrtYXDHnLArzq47mQMlRxGnKN3Dle7NK3LMnYJrzVnVYxr6tabe8XZz61y3vsCSC5n1tkyDntlApbiO5BqtfJOT2S3Ozhwoo3qm106xafsYtvjvQoH1oXeIRXc0sWk37Q2P/DfI2Jn2PVHYLFReqfdZ7Nj+7J8jzK0wnFLxz0V/VUQ3stwYVKokVPjiDc0rP69LQUpsNS/pLefFXhZrMIHBfy/lJwpb6DwbECVmRPtuC3Fu1PH5/6D+iUkX1oML6j6dHtm06LKhIanV3/oWZ9QgogzzfYW2tzWrvqRsMgR7rRPWQdMgkS6EYTXUk+k+z0zxuSg5PlhWS6vK1g5qFRviNnDitaadtwGzBanhzG/dIP6QeZnNOA9ZcDKQp4KHmkwVm6MM4dWTniR6olcolEaTdHyMzMZ1tH9OYFIpYKKfV2NePNDAZZ7AgFrNWwXcShs8UpLfdfRo/qAS7kbsLsgtf12h7POsd8Dbiqsa10fYLmAmSysoeev0tq5A75VTpSOJAeUxi+8nrggykiZYgwWewhHjJQD9dQMdlnjltLoyJctcaPsDWzhm8VQOqEu4jJCBNbd77/iHB1MLFRRl85783wK9Q5jWpwScg6fUEE2OVDDiU+zQJLlqg5l+aaCkj7ZzH6S+oBXgFo/jrcNnVoWxyr2t7h6knu8N7MLCPl2OklTM+RpTsxW97lopGpogSIuyD98B8Ae5E2x7fVj12PhxdcF6yXzmIv+Wdi13uGTRpF3vslQSXvZj9vMmFdnqcf6fxmgyF4dFvPvE/yWWZBqo+wsV1HqO5VVtbmHV6Um1/r6UNPSfY+1egymFH6dhiVUbzIXhzsrguhfcNouS8LCh/gS/ZJrNx/KLtvm4WHShRAN4nymfG6N24YjHUk9hWGtMs35gJQmNspq55TFwKoDRHJhRi0Et2xDhQ5hP+ULfJtm0ySRTPiyopbn+zIcRs5y4gq0pzI5UT29GRZpYfUv9KqvOwuAvBbH/D5NfPCnulzxO/odVw43JA56T4AE10080QS3C3FQ8Y4NMKMtMb1/fRLJNvc62XZ9hEFhNdgS/ydEMt0AP/U9+XRytyJcf96TZl6OWu910i0AFSoAOAkrKPo8sXBi68zByD9tbdWaYcB2AMUc/kb/yEg185Pj4xqIjsINfM+scng8HOtbXF2ETLxpfrYtKHiwOYGElRpzsMdBmrt6vwSDa8zo1ouTYd4qJwcXW25zOi9rzknCsg53OaeTq9Y0BQgdc/e5DxPfeRMAhmBO+7H0RJ78qYqKkzOA3mam+rbgnYymAXceQvdeAHPszSB9dTdWPV3v+Ofd450v7Th3bzXdVB397AhLl9fJteC9qrRnDMqgrrfDKhCQYR6ECGtGKaqIhXNuWpjsXBgzeGd/kAFdl/mv93O/7qReD66jhcvCjfxMsJ9uNJ1OB7Cxj3RylWCVdwJGFi6CoC+GtOhoor2ErBjgFGuAkTUxuNgwJLlxp/Rv1VpaFDq4g1UGZA05OHcMy/dkHmPwhmvcNP6tycAFBE85mHf9UfK53M7gomgEt6nCz057U0Xzj/63H4PxbVUvryrsLmBXUiqmCujsc2bioF44PNZnwd/jtNiEF6kaVtJ6rEUw815mX/K25B+hp84snDFQV6bGt5Vvuc4xAZ8ylHv2iuAltKd2uOTAecxOpDuAPiH2wd3q/PumdHpffTFdcBm9O3oaqoHvrjnrR4nd/6Xv/QIb4UtcJo9m4WjAZ3C6t4/ZUJ/mfieAWgWdWh1yDn6M13xkHp+pPcy+MsFQWiQl3uyPms+cfB+hmZuKYDdurzgW+QWvZhrpIMrURIrUS0LgNu2fey0d7ahVL9fEOLVSkT7N9Ata1ZXzkA3O2aA2tMV6v00B1eHKAJEeaktGFTtQ9ODn4l2MLzV0aEv8ryiZxiQmeteN8c4SorCTAcgBvozge06cjz8agKEM4I1EcLuasC3K+8XSDu6so7G68/nGkoyWphAfGMBYSDIE1P7t612VxJuxVM6FYJRwAlb8t29Py4VmMgh1JNHqdpAmp98Dpet5jaPxtbO6xy2dfLrk5R3VLwzrUePsm6gyWrUqs7xmYxcE1iAIMlT+XLSz5qK6AFK/plbAR0shz3dAFoEkt4troeJ498+1pt48FAtn1J81gFEJ9xuJ8TNA4J46SDb8cw1Gzc127hHezLpZQED6RuKuHOYli4mc+r1wtDm9cXexpgbkwDxZZ8CxJfS2Zs3q+bUKtXeeV+hn09fPhV9DHDZ64An0ilaN/6M8FAxJlV/Zq7MACilr60pDi6EnDL+1z89WtFLmJ7IRNbSojFO2mv4Uf7EO5jjSm0MEAvhA9H6NE7IRaMnaaRIPkUKsv/Oh1FBuO5c4WgV+iOUGvI+lRr0frNjXqm0UnBe1mii6+VCXDzWYNxatFStkRbcUb0ZrDeXkO0+oVVZtbckEBeXM2EySigyYIfNymm9ej7pxJBBN3U1lQWQXdgfxpr8jxzH3TJxmx0307TDIE40q0rZ8SeDWv6j0eiYD85tncinp1wa1qJwOKK7yJ/oO3xVZ+Ss/kjx2V1gwyiMcDY7lOjXHC8LnqTVyKBCs3R1zSMggrb+oFFA8ZCOtc8yhOvsUXWVhYeSDCA2dWX/FQUcItRV2nmE+VW4EcPxMDx4Vtw5tLCWo1hCHksXeeBeWQEK1t1Coa99OsOwXX/+B2RUrC1r3WhT2cODl6HxvMkiaXV8ECBx8mUD2+fDSgbtlkEYlY9Kwo/rnqRyUn2nZis+I2PgMyjwkODlGRX9Q6vvWp4CBa+/F7frYFD9Z5M4w6Vw27DFpCvRSsKpTUuzIOJ11nEEWJkdCoedLQcteLSOJ/eoenkW4iGNElF7X6fGxDQIXzF70wMNhO+3WQhW3DpEG0wiHtA9GP5th7bNBrIfKXw18zykrrVAyhbQL6fHvBO2bmsC3iB0i7kltrJ1M/ctR4RbF+JKNWfz9NT/KKw1srGJC6kfZNqFAHphYK30P9qG/0O7oz3Wnh09DqWfnw+GUhftlBViPvddWxGHi8ho7oh8sxMntVpaSb0kG16OdvDeLn8UGdJeKas/l7Z5yTFgKbr6kZh2hzkejQ6urDeRS+DsTeBkv/MrzxkJGwLAbvNK+KwsedFKd8wQWPJ2ZvXHCJeYbGtY1wX1ZhaAgVagToLzgQs9DzwuhbwvLnynOOQ/1KL/7sBixZNXPxRec7S09vNysCq3oCBcV3e2Y7LkVpsjQftkpAe+ay04I27/X/6S7IJ8prVftROl2qJJj6UBetL8C4lVu0ZdHowH6QDVQvAFYG3nnXJFg0VecdiIQ1jVW8Xyl8YO7e8ntimAP+DWyrA6NrG56bQbkx1NA9v3NjaeZGseZ13SjxFXbjLs60Bo3mksomt2WkZQdaXwuEeUsOt556Lv6TiMDxZlzEhst9mjPSHZKO5naGhLDoqMff7G5L6kbfxI1ZyuP969a1fq2/9W1l63ZiwRqOKAmelpEHKIHlAoGpG3UHOyW2MxlRZsHDIqo3OP0cSVr5qoRrOKcPsP6H8w9KZlnwqN0/htzdAvBKEo4ofJV2dvBxWO+LOLMqy0nVQU1/jPrKRCGhtMdcLrWxRs/1vpOKlnzcycZVQSViNejaCodhCL1+mhJS+9FWs+OqMDTBHufyxHWb+LnN71MHYyw+mO6hESZuI2fcUuReCgwz0JnIzWiurr+gDtgnchdigSoui/ZBv6U9SfXbVymcsSfnkHOS+SQnNVcdbdLvcwHhqnb99IdyUU/SG4y+xwR1NytZyoy/r/rdCvSOGrMRIIOGsc0uFFLfG6cwAqcPovjChQ1kgTq6W0kFK9fvovgb9IQWwT+/tZ2bOz639+Mya+FNv1j5cK//pyxcwairGR4Q41dCTEykpL3W+8cfzy9S6ymebr5o5hmVOyyAPgsLB7AYlUG7tAuEZC3A7sJZj6IJmZFTahQNRg6fn3lvHzFtU9Ok1zwuO3xi66esJ4a1WCy7Cd9VdUL2GD+ieLQIfM9tGLHGfmfGYTsHoe9pQ7vqqnSCF+BsevJtOO0Epo1cGtekaG6Jx6SYWLShepe+Fdt2T0e55mdRZVTDpWughuQJbxhksrVDNXjjfO5rUl1n/jOm60e4XdDPtolWqwU6OPQjSPjPfjje7dnHys6feI7Zs/bDwfdJ8H/HDciTjWOOIG+BgB/+nzR+gVaqW6FtJFTz8wcLk7MGdIsfB38ka+9+haYD2koChekkHQgkJvA6pRLcCbJntbGrWzNnwvcw/ZR5Kx8ucAqsFZk9neLESG4djKVjzumyZ4ZwJJ6U+Js5tTdhH/ioDluxltRkc22F3VGJMxfWGGNSR83Ddp5a9TqIGLDHCzfk4zy8Ix77oP+g6PkiV56zlrxWKOPDntYIyVOBhrUytJ3KYRvaPrSpB0rHRX1ucOrhn3wkT80gV1SFrdddufxQ9uzsJA7s0UB75HCHGVEghFNwUyNqvZn9P8zCcsxbSxnPZ81tTWLJISVMhP8bOkXW8tl2TY/K6+mtD4Ww7bAXwaJVPMGh4rGi7V5ub4AAMYsBN+j4gjwmPdHEmWGoScusezPmEgydtbUdVI/bpFUa+aMS4bPhOfuN2A7jplxatmGzCDpuwqY3dN848EOwY87+trVzHGsQbd1EAHApsr+9HSXcVyivJylbTYbn1To6c2dpanLkkyes07sdmVT3QGluPPOhqI/uw3PAbqyTxG+CSBwN+CEw871/vtYuO6qlQoZKtlXLlRDL+W3vrX2X5dVqaI2foNYz5PSwHbXxFaU1rgnSOZ2qpfwu73q+k1kNHXGYJS8iQQHGmcKQ7T4PhL94UNW3G8DVhD7UfKCXV9VEZwra7o3Id7jb9RR9ulu8qxVoQ/hIcaY2eEI41ay4JYo1pzuUwzOLHCV9HpkWfM7ALLthghMK+r6VabcKW5pVKffo3Kwt8HD5dk2Odso1S9hOpv1x3IPJTOuc7rPkIZkUAgzd115bw9R21n1OFYCUSVPcsZqi0OZuVAI+Iix4aVEAZVNtbzKGdxcO1r/vJJyttKrL2d8cxZ0nhLLLp9wypift51LwJVuG5W8qk5+B5yACoOVumbqtn3JQlQF79mBXrDKcLixkBF5SN/j/ZsvC/ViuXtAa97RvjewSN7WicfOL9ZzEZLOeeROSPI7p4E4p50v7qq0u3a65KMogjClVrXzVT/gHWhSCAgO/HzyjB7qFNEQb4JXdqCdNbOO4VV+2m0YDj+hIYxZv4HdBjTvE/g7lNSRCXXzOZvmtDxvPXdJ7/GA/NX2qxci4jbNz685mYAUSpRiG+Ld/+dGis1AGpJ3b6x5noTjtSQZFSdUddfC/ck7dBJuuKo31OpId8W/7hw2nWe75LDmzdVEsrJZy6r+N7b0VXuPYbwZaZk7eiqrWUHheQRdNa1pHHR0tr736aJ7vYJHbofZtUFCbMbAinxyOdZk1SqI0Ukf4Jy5WuMBv6uHB9xcCy4A/rS3S1nInlnTU4IOfPb1IPNxWhFi0/wz5kpDrnA/5Czou10OawLu0ypbwvAYDo8wuqHLU/XDf8BDsihKCiMa9SJOapk07UmqpKCMFXpHY9sL0oy1m/10LHymWYaU9Z4WorCQD+NWXv1rZmpSbOSad1090c6Ytb3GjxB0Hw+MzQUyWZFTxpl8l0eelp/zXGNrzludMl19AWhMcUyooAcbdGdG1xaHc9RK78FQMj13vIbktqWrJEJq1z9q1gFjcLNfr+kDrffI4ayqxvD6RuTGqhKOjQaah9cl1R0hugutIDX0erLHDe03grMv60cnLxN9zW1d3Y6VXhKuNEnOPbQqB5hHKLFymFF4gTs1+TJQj/wj6hr5bOXleyHv7UtqNmC+giM3pfFiTk93LCdqow/2iy+9duOL3EVC2p66PKG12RF+4ZhLpO7tZ+gqa/FO7bvJmORnXAeJXcofAuyxQQvvmTJl6cL/rWYvjyCqP/9Sy8oMHziaeeWu94hr7cPwAarT8M+Jb/OXp1KySpdenxQPxcmcsiuUN+xcMSgP7yV+dyAnffpMCr2yyYgXzdRUX3FxW0XCIJKpb6Kl5w9Y2JOzku47O34bIbIrR7/LTzvd45GzmKtee7M1uyE/V+ZljwSeMIYCfeQQJRJSjLOHq1G+KCxYpTU7m++xszn7wmE0AiqPX3t6NdPavj/NYRDjphhecClqSfYpskL5CplQsj0W3c/yyAtULKS3Noms1ahnektYWjdyjKjygDpLvddfkPOlro/epFWSQlvrBvq2TuZjtHxx9KdkOXlWOcNRrfJXg4ptCk9wKisqtfXl1lqzjG3jcs1NcIEsZuxvsJt+YJiiS0eD/havF7+weLgRFda4NxYc8kcEL4mGT/VnSRb61XthHhPaRKzJXhVe+47nXzHT9dUjUlNJFbR9JMyRw9lpNtVps1BGY0s6xtZVeekwFezaCeZ/mY86/Gq+Wi5+LaB56bd7Gx29A+VtBvdpKSQvqw7/iq/0fe8prnS4rdyJML71y+V+kdqq3SXcoaWXuFx3DMfGrclGKqzwGue9vEameYty93xmbWIiLthVuUnjg+8lPXKF3I7+DnWGXmtuoAC471MiDI04Xbwo5/Jp9TMmkeo16YTDBzBX2c49/cMZvisoTa/KD9OM9XbHe9Pud4Q3KSdsWq1L9NlVS/vMKEMQMawIWYfItIcFeWnCUS7Nvy2X85hZmOndBdX1tUf+MrMOv0lE8l3v6Tke20dj7m83nkQoKOoK2qryBqdMi+XhxVnT4GNMs8Cyz29cmtfpkK80zxrhLBCAECXT1mtGKNC3iLCWEK8kn2IVrhplgTC3Tv1akScUeR+GvZL0mh9Kb0I72PXvHAV6ptKrHtsfAUBFFXxaYW4S69jXDR10g8ho6ytPlf7kINad3aNf4QEBnoCq7SbDbvkrh94l+acdSyStTJ/g17FHpvUBYwhdqDOTJIBTDuYDFlcQS1LIFDsqnRIG8QiYo0ss5UXlL+q61TxgILVzBHSjLf7H75pPzjWnAElqxDYd/3c8g7iFJoao2SUsER7+8veN3boFrzzOYBH+BgcHz0wsCf0PVd3steioObNivrSmr/Baa2k50E5K7ubti2dmjRJhJQVjSFu8q9PGt0NmuVHEASKyLgqRgcVMo5XyoOhvuza5MuxZWKZ+dl8+aMdXuosVfMQ1PVLlJXts1JbJ+p55QvSMNyEJdJd56PjC6EI1JBcpqWB550csXTL6q23f+R+RVqGjlxgQZ7iUmmSFXNNgwwkepaO8LSDkz20rbf/GMr2S9i/So4vT+boVzD78mzs+r/xMgJzGSjnvukPpcfhNfoWSSU/UhgNnzlRpCJlGKCt7wAFnlreG5l+isYe/9BtBix7gdXPHEPU+KbjsdS3xaWm9ChD5liRY6jPyHWeXAh5NChnawIvy7/gI6u3KnYXZQXhMfsMkkHlhEZ6NsvdIbTSOwXnPWRJmA0nVmzWZN3eTBeeXl2N7zXqnxk/u56Dw8/UvrD4VNhT+zIuTX1fhUusPswpJKfCAES9M6hU2Qi9uPCqUhCL2bmV1YHZXwzEopXKvswaHRs4b/ACMEr9rdiYOM47UONIrZp0VzCz2uZGQc0zftYwbVmQ81TxFIUb+onX5ccIcIo4BBQEWIcIfFJBY99WYFiXv5zpWJbNphaiPOm2oT2zu47iAuxJS+7pWdH2jLaLjj8y/x3pzdO2LBz3obMmV80UXmQToa6VSnvWkPWPYKD/DsawBGLmCL0nzvrGeR2Q9TtTnCH3Pe3EtUQXCyAP8HDV1X65zJ4fZwjQtILfVYxJuVOuU2/P5eoW/Fxb0+32A2wX8pN+f/GDtFHNuR0nV5/xrCI6LD8BIvF/lm35j2VbXCDbTcZemMzJN7vxVCfxMe3xJOGuYuejwubAO3COqWAsaAovyfBNr3oT1DP4R5w+LVDFim5LBdSp+lwbtJVZsmtnF9O7vz/d7HkpUIgrzcC2D69UEOutttJvUPiVM5xMU1WNlQFgTrd79yPJuhsxieds3eSTFJpYvqZ1paEuXF248kAfSQKh+6OjXmBNj+PBvZmNJ/2ucjXLWZNAUDjNp5HuBYH3BAFfz9Tsl/+Mv9U9Pbm45cPtAPqgjC97d1YBtqgs4oXvzRwUBRiWE2XqJ/xtRruU5uz+lGvytDK20Yzp7mWE88zW2ZxWWN8fLl/L6vy30S2uTq+fXUM2Oudg0rB2KWKUqqeE63sylwF3os9zipAxydZv/rOrnHQ/ZsD7ZxJt2fI4zNvbEuzV2+Hl83uEuqPbc56ZmeTWcMde/iMTrVv1lOCK2Oyjy3toXtOLHionSHsaO4bPtWb13wEkOaJn3crOLo8/PaAEZJ+3AD9/e5LwQTGuMN0MVKio09Bk1mohYFY18F8QzoAqZ689Dz1lTLJ8XfEzhSzs/nICQTlf4Y9wE2C1F1YxOv0vaMKqpx6kLJr1w+q1I5ShP5hBkTa4ONdRflb3sFW+3rXkHufgS/hz4mCYXd07u5fqsSkF5D8sOC1mbdwbE9edLb1rwOmpicOOPVR1tZxKQbl18ZepLv2/VkD/i5fvE/drBV7bhKZbAG6gBHHHL18vCvfRQayvrz+M5K2xX+zpTFHsUGFdxoaxWho7j7AeV+YaCtqu9ITwhiIxSzWTlmaV6umDZGFR0orV6KjW1ujHvpYhVD3xurWWNsQQUFjhekhghnZvM3hPv1eeBPEj1KufWfxiBGMNAPBjrHdOfVpGvzcchzXTVa3be2j51P3WtUDOipWHGgYojsDx6CRkeih5VNDw25c5oF9x44/WhHfFxcvDJKuFrnGaTq4YaH7ptJKCAaD/IInEHuWi6wmzizsmV6cWmWpzDsmw/N6f4yzNsug2UfM+gxdlcj182d36uzSacLWseI3VUebYFwA59dcWCgK1fVVXE7fvGwADu8hiv49t2kHSoEsgVNHwTgkEy8R+5gQpXmeujYPDub9DULQw+M9A7VC95qm6x/D1wpVbPdZbI1Uk/RXyXDVj0i3/i2lKgLG0XH7lDT5eaIpLd4f4/UDuPMlucR9GsPY1mPnppyXJfS91GCfjg/JFxdiZWJg074QLD1nDdY0M1bJX5Ew9O+K/kz6xL5P27OBlVyqAAyJGd0DDyWASOOBFz7OJ00unQwbVBXs9AExO0NMwHqBgfeRlg5Itl75o8uSvFDh4Z7M5oOsECGWlR4rQiuJrqeAPOQgF2C6ei2vF2QPgOcvI6SrlQ3ILCh3mfTMEjAP5lsXAQ6kP3f45iSDLT7ijOJbduHlpLu3gjaN6BBu8vcGpuhSPeqYV5fqekNy9mTRoK9anRIwy1jLu/s4EFzMp3WpEnY9dZW/n+bP9TzkqbSFq3d/LiQXEytNNlEuKt4yTHKlyhEqoA7vsCSqvAsFtkVEI1Czh5ghGAjEIbP45QcwxtHz9LPGKLmQ0Wa6f4/cRQNPit+mFahoYeIkYyAiPiBzuJNpEWMCJgQQknGeWm5++vIUexkp/qd1qABpVV6cNKTY/drTWBYvjbZLzySlq+zJ7fqeHTfozS7KOeQOWeCYYt4OUlTsl9YZzCOmzChj5X5hqGBUmt6eoAX8+2zoSLFOpXmsPjVAXhJlJ3y4yUrf7mqUxf89kJQ4OiDQzn5pPKYGzvmH0/lSQO/8NY3hmETAOJHxg3qL2CWNMRj+l+urOLr8iRJ1y3pnRPTIfO3eSA8w+MZPwF+jbJRnbY2e24140u2+N2YX8O1ltIuJiqfhjY9TjxiT/ZVt5QNuodWQH3qE6WkzRis7IeVSeFwdTXpVFIcp9Xy96eATgTg74ocFZFaoZhfkFQBCqbqHCFCVBh8xWJ3yvhfHGs4aZw+x+5vnZUHFwXeSw9FqFkVrJQjp8az6Pvzb10EakdqyQml0Hn1udjhxDhIAhoOv6k7pEG9WlRLknmFSzxjc94ctaH0J8huMSRlbOjpwKzKbdWGLx1ZkeOUzou3sYKmokefo3um0c9hINoJHDGEgj3zyA0/1HgcBr2fJoOdbFrGZeGYsuYjq+kKFOCttTgr6coeP/vgH6//xl0QHAOeYAcnEYMJKePI1pAAknKNGA5g3M2PRlZ1QDZqk+DS8kmQIn3Q3q4v61+wJ3NwPVsL3MLO+Ngs3zCNeqE/C3PTQzlYreZlqYLZ09aSuj5BKiwcbBQjy5hb/C1pTZWb5IEXyL6Yquf+V+bWiOayqYFG4QnluWZd2pSzVEM5v2ZoZCoXnLGXoe9oSFTaX3LhyXDTc4vfaw8spRAwcD7ajNGb1Vog3He96GXgNn+RiCvaNdPGY/c3kAcdLMaacnlHuC0MLS0Eumy1tbRYv/PSEradwuNp9cp/YQNJFfHoW/l1hZJQY61RAAe5ROwdMeAVLFG2cTYuHKKIvCK3lBGvQyEkRjplgr3RLEU74aSfJFQaKSUoEiFkia8GfQcIjOFv6div4KhLcAIMSx33MvT9hD/VYWKk4Y6zA0iYqAZWmfxgYLz3r1OkI50gptFC1JxrCllmikQW0JB2AVYUhR45DZYi2rsHbLtIqlmn2tstI+uUwXI90AaKNLWIrOvR7N4Ktg1lw+MRWmss+tMb+nYxgMiNC4WPILG3q7/B6NVKVr0IMWGpGcjI7Yyg7prixMN7in5mMhoPscDzvmV5hmeHzgKvekx6LjlBM32sM1jKP1tSGVPgCpWzlFFNQYaY0piLq2wnXb+B9rsK7X0diDhOfJkDJmGzoS2B9srscVRlnfKK2oaFHUULCMzx/qrWPRvmEE2Q3GYR55dsQQxkv8xGOl9DDHjenwN4gbQqt3sOh0d33t1J4jPcKgDbm9mcvVw2wP9/TxpG6T3kwxUFwb+ptxK0AQkqA4+2A7JydEAUVJZ8JxYsP83hcgdfiawqnezyUZP2kYI4lFiiO1xd+k7awvbxohTKXpJNXwHCLU839Od6oZ9raPkFGo9eZUjNnX7ss049Gsek6WyzPzxUDqzwoPOxDL3mzKR2mSy0AF2YzXmL8cF6Dy23/iT2p+hVj6cAF3ZMLXOAUNaDwVKfpJygmnwxrGmJDmcFVjuutIt3P5a8xs3VQ+NGJ+PlwCsW3rsKsuhA1DNfGh/ju7nA9kCcrp/WrGA7VwAKwlGd0tWwFmSH+1Uu3XAKFqPmVzKzaSBijuid8AYEYqHVcakMvUQUogDE6NFPdi424g9Zz89eUza0rvBsGGO5kezJWipCCM1bLu6htPE10kBxCcUvRYui+GkJOmkVkpgbinZDIM8zCIxpVreW5t5+BfjOQFEHpKoSIWgLagm97i4H4nT5ga5UQfpkbn2hPrBO2KaE8zPEVD1RjHCgqxvwk5Wm0TUUAWeHdNUksAJZ45P7Hs2luXcrCRXcRXfpbyYZz1wTLHp7KqcpNAqIkynrmOxoBQ5ZPKPgmYO7O+1IlY+Ju/MMfKsPKF1UltliWFYWWrC1KabdilQnS/4+/N0yPeeQb7GZ1y7QezNqY7anT4U/8VlK/u8YAcl3J8vZl7uvPR0Q6jV901ng4RHaNXmBEIgY1GgfdP9MrW2Y7xse6aAjVLOjz/7ExN4N0AOK+m1Kpq7cxWcSZ+9dFjx55wHi43a28t6exXA/h+TQ73I305Xvny9d/1gw/+Bxks/qDr31sWtlb6ZaC/t/H/ESL//y+Bp2g19qB+7p2PnTO3GItsmJCqBJxMESjxCn61t/+Yn+hRQnz65oWcskEUi7VWfDkFf4Kqg5IRifp6AIL4LnenEmb0wNaQGxf/6ozZFS8Va6AX4nPCFPXrnmerb3x8AJ3IKCoGtZD2ZKu+VTOOjh1OJw8nv86OJEeSItNPNfYs7ue8kVWWd9qFpSZSGE1p0psjvW/FfsX7imecx9YkpDO9pWx5sxHSqUW4vyeTdjpKRgk2rMQbAqA9/nGVa4xRmry/+tZqNP4y9GRToMi/byVpkvFo/rPvQgv2RTsD9V6jczlqUxreZKid0iQm+X8BCvm/WqwJdXszKwNOcl2tAPHHBajaNH1hSNbgGSRt0SrPFH7uIffrGo2NXn0NZL4XIMZ82wAr0dghgGgf98JhuuuLhxXWSHqk8aId1nIvfA7CALtwDx1gDc0RSy9UYX1XeYqVdjbgisNlggsqBghEj5rpyfY7FhN3XRpcPTEgDYUFO1Pwj2kJELwvh2BGGRsRkToEeR/9vKUP9Qfvizc03GZ0/obB8mIELNNYdsy/c3BVLGrt45PMeu8/d3m31b74WZ5jLBc0Zv2tTsO3hw2+z3p17p4isjBUzolK1T+ikmuDPp23cHR38tOn+oFzbUsMOiXfqVLoreK4I0DdywBPfqjFXRRWXr1DusARqW5Fc+DCl936Wh/fxqBrdM6O4bCi35XdjoQh+OEGnR7VwyOlyzp9lObnIZD5WQe3ZiLbgOpxZgq8PMmOYY8NjAq6LbzmonqYpbZ6t5yOOPV/kEs8Mo+XzqafZrx7XuOYtlx3p+JqAF0x0Yhc4ARSiu+tr3qN/1VBk77xoWy2gBY3M9OK/WLkD+74clY+LfuNSU+1a/PDKrT/6LirHUdvNb1PNo8x4i2RdF9qG/icJ+/EzN5j9Xf0gSv3pBqsU01kM4gGcGR8gVnv5ebqdANUcdFBP2GVO2LkAnVJF5V63DYNxMkwOc5bqA4KMYAcynlWM72nEuYJjdkjtXwRFZ9cpIGW25w6YvbYF6irOult5RAvu4AOBcJQyfVLqA/4CTYd1VVzfFAw9rwQf9R7DkqbGwVbHmpjmmdoH8pJdkjiQ9DB1MSR1dutzE+8d8m9dx1CxShUr6sdxwr0gweKx+RR/9c5aDJdzz1EY+zi7+fU55z5a+KIQwQvsVo3noLS3GkGBxLye6pz54U2PyS7XpfFbV3urOOzh7cxfk/1oLOrfq/VmneksGJrF69vnWQBRuxLfyV77oCxZWBzeuu8c5i/OMKxUru44Kh0H5w1MkJdjeYQHfcTY5KQomHjjZ5O9ANL82xqTaVMpstghQtq4bWU30+j+MVQh/Wv6WH2V3oUfG9se3VEL01sY2Uod0SG28gbzUgn5vhP33IqTfeqyf2z7ueIODYNz/7YtnFcgvE9EgFEbpewXhk2xQYvMelGbRTaiNvWAVc5SXyh79QSN7Faz43hCpKhPtoaO3xmvDZSLETnRR07zIc288NzRSRCRjkeNvljOWxpMrzPPWBRbRtjZ6GyW0JxQEZX7Pck2tps22ZQGjq31J9v7TdfMELHVSS2ubvbnP0QffSe+KBnNaCFNZnMXDMqatn/UA5C9xA7LG1wnwQjyc6B8X/a+/KoprJm3wAqKoitNoMyqah0i0ALMo9qC9oqdGsDMqtMIhCEQMJM/NC2HSAqrYCEoaUVZQgqkBASwAlCBJIoApIBhAAJQxIhQJjzDnBA+vvueutb971317rvJv+E5HfOrtq1q35VtfcBTh2/U6qOc0zx64f+yddBpFNeVygkfCG7tF9FmRiJ2uHR7CjirdqtN4UVr8YfD2yeHBkUJDxFvd0+WfXWFC8YG/mnWanuh6Yy+WrM6LkRInaDRmb/xFneGfQ6QdRfqtqHu5oDSgrWQUnoooeMOpONKfbwmpYqn3fEoqbywkfzyjUa+/SalyZnDlbyfqrLY/lFoxlRxKpOej3evaqoin1oqwlHkbEhO+iVNru/F5x2MjjtthKdMJIvfHSmd3I+iifDobrouoOVRXj1cWDR5C/5PEmvY+ckzAIcsH9kPDOHFJ9VeEND21KDjEKkQTk0aB3z+ve1b7s1fD4Zs1LSfJTn2tNsWmcGH58/SU8wV+WOo/HUx7eKhQ/3U8f1wsfOf5oInskMre2t3BTO6UfbpXgb1nwpXdDEQ0tqcccp7fbVYWYeHLF42KK6E6wkwsOv9ZOvZaEWLRe4aDmIXhfgVXO9Jd5o69gWDUuLxFSnUUBN3U2Li/oTWHHsJoreJ8lnUSmdH1+lkvStieIQy6KNi9ecXLrGMjF6Xvs5ngA1N9KmPzIMsERKSo14iuC9b+EcA4KzXZlOi35bDJ/F15kNUit2zJ5tk16xr3/WaNWKxPvy4tpF2lp4IVu+Wbm3Vrhj5QmA8+H/nwS6iBbd7Atg2H21xWYWiaWzfZyN1pMDw441fXfmwxJYTbcMgpvYaC6kjjDcSmYrV/+8MD7osC+LSDazU2k1CftFvyNQKTVUDs7yec3s7C8eUzGC4UWGCeycmukUu5qouhBHHlYBC5/OA3JNm0FXupN8+mCOPXQnklJnkrZbb3QMUcN0ElhMat1yrTVnkuPqxmq+4MxFyhHXEjNdFHLZad/czNEi7eaP4xZmQyxdUqKkZroXIIv6faZJDfvU2fXvh0XDfD6uWmgcMDbTGz2e5lkS57ffgdnn26sWGh8lZuiUNWTk9AkB3+uY5h60xBReTpESbbxUYpzQaExCtVBiA/VxAaHxya5wQvbzW+2fE8Z7UYgRRFj7GGodaTLkuXrhFMCLxYOhhmKl7mubkjiR7OqRWHyhivq8QlEBi4kQ6ZojnrbJqbGkckJ88dMu0+ktbJ4sLSdh7rBXxHQTtc002K5lfxQiTlyVQ3gUlNYL0BJZHVbiV8BChPG67xMIKWmReHmavpovtRmDzQ7ghPJ9B4d1SsRn1tX4HYibTsw0o6sMk0rcFr2EabDoEc/S8FzhfRkukPfxkfxYTauoBqsIkmoGkzLuJs31qCrcUC5GhCUf3xTEgD6bBaz+cc0b/PTIVe9m63zPaCtEzepB2THcs9xZT6vE6ISq2i+6MyF9u+vEVp/3QBcO5j4fWnS2s/oNd3rbJzPjRrpmQ4N86KyayhbAf/amkGoA1h+au3d83nCC+NHPAHuZqnCoWWaBwLxd3eu2sxPKvBNFx09oOdQjYGhT7Ya+faYMDI5w5x3cBz0eZXL5AeeQqH01YX8qXJZL/r6lZ3AzbyLMIWFXW371TTcqdPUe2euDfW3fhpaLTM0mVWCW2m3amngDI38NcmiNRbFD/UE6itP9Nm5Ee5PoBTWmb/yDp5SN6EjbcMWPFgnypzik1Cndk3M3+lptUkjlIzfC4jA3oDW/T23QFz/pmzuF6Q0t5YdRS7YLwro2llY/VtmVVml8Icf9oZX4hwXfs1thAI54jgqYmuqdXQN4N33PeKl+YuM/sOvrjc2somd2djSFI0YayYFxQEKabAVcn3W/bD/ulr7hm3kaZ4QmUHT67EeukD2DETVXKfsvq/0V/skYmcIounFgDar5fhIr2Dzo/L19qNMFsPMzlrqDDEvdhqFbPwZtEJa5UccPwZI+8toyYBarOLLap/uh3l2mO97w+ar9DkEmVyiMp1eb+MbKIdDUofW57NL9OQWRg1fw+uaJqVvZfS73qTCjkeg5t24/y4wZRd2iRGImTpPk4ywnFTF9QYaL12zp8X5XPhPSatV6QG9mffiT3pMlPnfHrqWmlmRuS7sgtjmxwCd3FlnpU0O4b3t10d2Km9Y6FUXJgUItuQB49Rw/DXu38UI5y9RYu92OrDiCRZFVi/hCwCFUsHdp5tnC4KDPV50tklj0SdPHbgQO5eT32t4mHXpRUBQLc3jas8z71evtLBOV5vTC5MFSoGYsp7BMOqDfenbO9Wz0GUG8mHZR8yh9UHgWZsXIsccNwQq3ybSmt+8PGFXj4I4/cP/JRZM5e0Op1abD3HyuevxL9ZACrcGmgK/fWzlnTOokX/V+ZS0VwfexmhxU/w/m5KfVYJkY/oQPTMYh4Vls2fCFtMg++z3uA+RXg5MAH7rq5mTV9D94D189UkbeWwbfl02k9fyhRO819lQPCC+HxJz7jVUULuzDF2chanjv0PmeO5CUjXU1LOdm2OBWzVupIo8WU2v8cQTuL7Pk8XzG7LxLJsrgLw8zsb0EmzW05x6p3rSJvG1pU26AvrHELzoXTKq84FNDTvuOEHonezbzxNfWzev6w+ZFWo/Fu0GsXE84rKEpY+/lU70iaweAEAVqURr2mfLjQrnK5vC0ThViHfVVkBanN0NflpZ6urIfEiMqoRiJuuPnRmaSHKsfuGdAN342tXFIeZQ9M3X+z24WkA721+TqrKJtXUXarpilXxKQIGDt4jgbKWAzTXAkwo3K6X7+VltOw1ASQa3GCPd0cgQ10CrNlav5xwws/QSZ0XnMa6cDf64TGXZ9XPxm1byqKiBPVnkYv4ibG7HExRdXGFoTgCw0DNgbaz07c+25XnLScDvdGX7CRXgFPtiexxZoh15q3C8sNWpBB0wPFx3Sl4drX1PPL6PpkdY9t478U0eW1v4dh0/cf5mcwUGylGeBIsLZjumltyZ4mnUVYm6XfjNMxy9FP56aaykonLVqLL4Ix/Ga+oYtbfq8tXzrrCZ13M6ITXVLVMStGh/y8JCYSfvIIKlRa++DTM99hwjnx1Trw7r1KsXuZ8/960x8t7ZDnTLnKxpVKZz7ngAh3doA3ogqS2rMaveMl4fD8tpVfqBS00ICt5FKRcX2ONilrHEglySzA6wZTYbsoSIz7cLWqc++5yxNHqHjQl5k6sNeGWon7wei119BYwvlZdnseqU15GQ05yHH2e7DPIkmZ+gLWcF32MUVPznsU97l0OD5SBjOCxwbmWfdzRyO/5v2161rM06jrvN6YvqQ+6Nqy1MLH/i0amEyvV2zvWvQ6ba7KeySC+dm2WXbdqU4OhPNrpE1O0ZQF2eO4zE1TXzEC6rLN7I+1+madjOq1MH7sFIe09sydG+rtt4B/I+wTheooIrYspB7kIuBU3HGRbttmHkeq5DCiQNyQIZZApB25Q8MapXnfWFm7D7dFlcW24wliQmfZ7xtEHeCzOPH9x6nqSSGM9jjepW5Zg4Y/zK9B8PQGQvo6app3fvFpJ77L9l/0B1rd9PdG77380LL1AknopTIvJ402f499100TVoogp2Pv9Ukh+7CMBK0tr6ue9XoC5N2leGkpfvA82uR0f4zmaq/kJI57mYtN4JE3tRKkcdDgAztnrBZG7VO993IZDRE1jzEj6FgI/CR4l7vttdzrWzURYAqeGJjwjxVHJzm/Hy6yaZl3HH74cmhAiGDujrD/SFZADZZQ2C59sw3Rze1LVyrPRO+oaxEZcEukZvAU+ctDjlVA8YioGHyKfRcrPLswQNwhyigf8uJn2QDWWJyZGimCejORybyvYvlF64bBIvvKG20ZUJYxMys99zUEcuFCqZEZbEydP7x/6cK9b9cIKI/NDFxFKhn76CAmnL3xrpU8wnA/mJfnAdCBLTATPrIXOD9/QIu0Mu7Vzh79L7uPBd3Pfq1bE5cpJwNikGMXxguCdwg4H8CmrXixjJdC/G4yL7NYCKbJ5ivFtwJvUX+oTuQCjhN207uT/OtamiixTT12TYuWafOdCs/IC3O87TbRLRHA29Br6IsMKx8UIlTkeGqrKD+JJ+X8RffB58J5d0Xv5WKYH4MedzjcumpIMYMSeHj4Xo1L4jvsmYsF+bXehQsEJ/Pl+tAwdfjXzn8xHSMJ0MbOq0fnAiTuyg1ymjQH74tw21IaMNtseXs5vdwFgz0DCx1Pqf4Qaqmi6eL/oHdYMu+EheEMWl6ZqQ5+erWaUbyIx3/kNTW8SSzKCuUkJ00Fjeyl/cKPj3A/5C11yPoLsvdU65DnezqFMB0iCI66wZmGVcz4rH+9457Bn2Y/yb2uvmfCq3h5c1P9B+24pUMBWWZME8rh8JQQ2t3l6edddmdY8y2NodYPSTGrA3x3quMj/vthvYksaGE8X1vfl+CBo+HkEvo0jwy61YXSJ19pj8TuKA8U3HRIS6R9iI7jCL91Yq+MZRhxmW856TH1skKr0x9rkCEhqzNknFWZPk9VUyqczc6uiaX7UTH1xLMjhKLHsB3IDGMom/LWTmmaQ/5ZVl2FDx/v/4d9q22i7Hd/Dptm8y2ZISwx6Mq7DV77u3wHY+udxeFjSraJS0dPpkWCCMhH8WCmfhPZzlnqAuwOKwYYTU51vsqzuvO8FULW9xghsjp+K9d4beUqAyIubWTXHgXNa9qlujhZR6aOFNaYPZxovyI6KrNUHyC28JKIo4sraQxMpt5GNd0gkAp7zHzvGeRhoEnDWnaolwCOfephS+yTuScZnxDHXvrCcnyabWvS4IFRuHWjoWPlEYLfGoJ1CsIw+fhep4mwbinl3AUHqZOeQ3NbIi50WeSACT8uqLoHEilJ1Uu0ZglSDRAZnvw4AZysTYImKqn6Zv/SJkOI6sLTgUh6z0y51LYH60JPkOMbGfGYOv2aVka2+liwwDche1ZCrt0j8BW64vpxkqXoNpeqcUR0/ANTcXknoCg6MFfYt28jZFQwUPPL89FLNYZSHzXvLXKa3CzMly4a6VjJO6HubkSJVvBXIUTPF+O687DMXkoa/5k1ZfmhX2UCp0lX42UGoU+PuXZIVV5Sz1kd/Zku7Ewi+ihyk6RikDc68VGQpU7rr42CsVml2m1GVdF2rMalZV22Xxw+sgO0B7sYTF4ENajN0AcCCY9HRPiU7eKWqS58MTezLW5g+xY/vXsLTdxffzCx1VUx4U958+YRTpBWowDdEEyHgVo5Ndhv9oiQqd06/7vU1IZ32Hlcg1litPKrWAJWDfqRDCR0Vp4j+pMpns+Ut2r94csIw4uhlQWO5BCEMKHIaluvOCmi0RnC4eU220PpoNjExoT0T1AoVqdqc+gRyHcpUYXYsKlGaP50hfCshtoUWqzat3MAyqwR4hYWRqvjASpzIzucGv6a3qcpDneQ83LKhBfWogKxBIdPNpnoI17FrKFUWCmHdttif+tYMve0BCT7ib0gZxfM91JQWXmf2Z1jDgNnFV6yUpPFZ3K6w3Q+SFEu/0xjs1DaG512ROQ/RSa1kWJxypgQ4Z7rhCCWpBjzrEJqiaI3YiT+tllmoE5pM+sC6n55bwx686xibGTc5A6z+dBFDb8PYzt6PzRiCHnQsg8cTIcczR7xq+13kiM1xyfEIJ8LHvov0124c9u/PoRaTRBFc9QY8XDmuLhxK+yIa2fs08+W6FL+X9ZpkOybADpbJTNuHfw/Pfg3tkMAjIrhih0TAtqBDWfFnRalAMoBva44HAvBVKj05BrAaXt4IBgNTL3jS3jvJLpAV5i3oyyKnjr/Jv0BVDGkur/MiQgCrx2aearaKD4pQluR1Y7kET8k9ZeOdkp2jbM4GwoTi6PR6HQD2qoq9e+UhmoJR+Lu8R3G44Kj1ML0ENvSfOqvqPyp0NKYM+Rknj8+UaVxOhNekHn3s9Yr16cR87yDL1L2/LzMzr8w9wVw9Mm+wLldozk5eUNoLTtsy21CQPyudrUwOnPvcdxMljlKrvoP+WChhoUKogXQlODHH8bAs3A2LWkuomqrYstczXp3oCDcbmc3yU1D4Vc9uQhSBXNFycMta8/qJAoy7VS5oVgRUq2ciBhaC/frWGLWhdO2ABL2+aiZIkLDFNDq0arXRwZMJo7BGHVVg/P7JHmBoU+FbmW6bRRpS+AmW3tkimnFODIhEpWHSHV4jCVN0h8xgnLzvhl7JE0F4/GdQ9FvSWRtmSraSIErelm14jlYqGNOMDiVw/MO8GZy2G34T38cW3HavrD8rFojG3sX1V31AriEfyoYt/4/ElFKu9oMliBGCyvSztkqh9uAcWhfxnqcQ9JjOsqL5jynDjqssYFS3imFc567bsGSKxNHgwHlzw1RBpOyf7ik0qS6SmqoTLmFawn/Uz8xckbLmfK1MxK0rdQ/AJD8Zln+AmsqxQY++NI3dowSxL+GdkOrKwdF9/X5obuRWqI5DFbDLpCfNpx8rmidqmY6NOcX0L80Sg0LG0P7nLoatrki22D5l5ZEYjrA7cYzQOTrxVLnl3Ab3M9G9DKZLlQzBxVRTgMJAaKnnIQ+qHPyi4Zs2rZmP4IZHbwJUIKVjeIMTLxOiuJwMrSxtlBqU85qQF63g8Z5ZXxPT0EWnT4wfMKLIdPLVvb6lkkZYxpRpC+Pt301zRvnFREeYMPxMrEYTWNhekAvWWphl9Fw22zddnOsKLvxN/txF+J0UNCWwIIsIEbsCTSDAG3V+xZ/4cykHQO905EWbSQIZWEtKs6DtlY4gVY5AiQjcLUpMrAJQF3320h8YVSo8087HGfwqMaG52RjOSfr3/xgKhzbmWe4JgZVeGb7rKvDFfe+x71/RcglcQXMKIrN+QOovEzMcRuXyaReIGnKNqYO8h68IZpuuxgzcs2GZfmBkdzsHrQIPrABQLaxAvrF1LbFKKGltH78UNkLdm5oq8zqzMkwSMnPjwOHaq7ijb2VO8836A7zlXrYz3MBX0TpaxUzPjO3PquS6cNkvJbLPQ/mkTWRVhvmDdnIImRfLvQIZspW2lsoyEKxkAQ/P3RDo/qeJGEn6fH+gPrCPe0UCdhFv4JxMyBClwEM7xtt6Pe0dj38PNsRc6+ffSKCLNHBfeD7tVdbwkurNIg9fd1hiCW/FhpSd4GcGVa/u/S1hqQNZfot1OG2+Qv3Ih8o7V4y43FGyaskGtMfcHxQS6Af1Xh2vJVCZqfvwQbqy4O/zM4uKb0BfdG6WuPZ0P/EJ8Htf/Pz2oKySQgLEWm1gnhz5qtzWO+NbS0YHg2mLK1UjQ/B4P9K+LQUiRu1EFaW8WrO2IZ+e1z/vmxcTM9NGlu+jmrzmCN1sbOU/IfOqKOdLV9svW+iOWFgH6vcHlJvObtAjQBUhk/+A0aTazo8MwAvD3s+7lVuOv/zDTWPyLOzPLbv+tMgMwGVJ4E534PPG2WGjWX5u5NQqVotAiZj0xzcPcuqVtaJ2zmIA633DFXEWOT3k6wT4xEeZpr4u3DRU+b+s5pXNeebgwwQ2LkkjkfJ3gZnuVMVqAFo7I83QlBj8pMSAXLSNu1SyIuwpGYJHt71Ej06urhXTodEyaOmCei0dHIaWdsvZMMzvUSOkPgfAbtcj2pXD0cnSNLqjeV4RblwD7Bn+AnG1fTYMNhlB9sVJPaDgy4Req7RnJeEbtNGZZm1KfrLXNQS3M2XbW0flUvIJWM8YoTawAui7eGPrfsq428TjYEbKRGtM7eH6HUCBO6fpKqhN+Fat8mh6dkUHWc+WuCNzqTrbbakgjsK6tp4CR+WLbTO2kueRfOrSsGscMUU1+hWmAciPG8ra9qi5iNoOwVduusohldHneLzB9LZ5yqrMqK6zmhJM0dfwQBzxfU9iytiBcCkpUReuTl9Coaew15qx7pTtxdgO5e47VG7slwdQQQzy2ZQX+kieqyddL15XN5EF1w9TOWVr/EFInxqOhmyclwJ45mlbZbNia1rGqLJJz8o3AjND8sfGSnYbfx9xQu/hT7xl2g5sfB6odJW7GxRwLeqW1pwJdrNialSkV0uGz4UAxn7QGn+s3yer0iy+M0FPXa7sDF7PGyGJyxA+UKLjugwT3AOcuD89Fd8RhOs+Q7fNaZ2EOEYZjF3Os4umpo50W5/m3PdJ8RNtHHnm5MkSW0O0OsOnwQmWAsySxHO5FgEA9NCgc98fKWpRhbRVuizaWSzBbSZHGREB8j6AizTkHlnPkGhNf/24EKxH5HsLEYYmq5eEvuMqFcQB7es8wYSwQC6hSzZIoD2xcvWaomge//WcN/R4X/AvqJKXZw9O4kINRQUXftHRy8eu7k5dmzMqIp7e0YK5tg442Egx/g0xF8lgqR8LYnkF3uFp3g9UjdWCNMmT0JExYd4VKohST2xMSxWEsv+M0kkJGVl532kXyczh6KluI0PCTMumRPxbZuUxuFvnUhh9VkHR28TlSrysLKJkxyTmQbexUWZggn3r/Pi9uc06RnltTHn8FH1w1HZYRGFoTz+YiiNyAbfk3nhWUs62Im/mEPGaGD1Ej6DD3et/c64T0dMXjM/ayjggGi2PRFu2WRbqGhPWado4JF9PWJ4GTDrb8jdkewHixFWNGD5fj4AEh/9weBiWdlmx3uksvrodvF7EBq4AI0EN58ei85qHxdeC2t3YrUEGWyx0P1CELU4rWzM0SUQTk4wI4WsFatAgngLO+rgaUi7lX7QFjG1Sx3GMHAZVSNyvitIh7HIkbL5zIO3pfhPjhlcba1xSfWyiwVG5milZppR9rpq8FyOLUUwa0OS24kDpaKwPGGrX8Jnx7efzB76B4JEhOO6wN6dUsVza0k/NCJSrMIhDZSCUyVe5Yt9dH/7fBf57nNzW2e8qx7r3z+iIsYfcLQiu5i/ZTM7jQ+yHdw7wiptFZpbmivq4lkkR0j0+rVc0Xrcgc3L4XXF8725eF+XX0pU5okLIjFMfKHw5kUfMNNFCrnY0Nc9Reo+14ceSSKHv6OCDAMe2yXtZNhTlEG6fjbSbPLqanKcidhxBbeNd1/VTIoMnyku6OKfePWoJ91eE2PHhKDKLSB2nzgaVhVMzRKbkXxy4aPuoSS8rK8kk8TXEl30NSR3Rdt+tWMrTW0T3hZ6bncZIvAXO/8038+9v6N6iNhY65JZpMNRAG1eMt3IB2KINs+3wYPJsANxE/rllXQWL5qahbRSNJMnIF2VAhery9ChP29j0tcm9v5lOXb2a4q8jxzeUwv5Z9iXddszPPMv0zs3/82d179ayK+Og7FGw9U1apbx7oTAXiE9WZ9YB3f1rB+njS1io8PHzlvqaF11EER4/xScHDRSPtAFbdY2Gpq2pBP4GO4wKpOOqvdSgt7pvNtYTDUG3suIvkZy7qpmUKBh4yi808+brl7erJE8cvSHsOxxaE8vrHlCAfuso/ted9ijroOU/eIQsjnwhy5TBO38L3icmlwoY6BZttsYZuTxesmw6fLdO+V+qTYW2bcUtZBpkgx5GPCZbnYwvvod4nFoJFyQUfwl+HG/FqOnrZ1GUbLOjp64/Q50lzoEzh6WJf8dKZtPejUe8BFk4Mjob1QmucLoliBNqmCQGKuxEBXLVw5EQ3qA3af4xty2X7qZmbRm7QBpmT8UMl4jXfAQCpjC6W5TPdK9Z//gzmc7YSYH++FmnAbH5B00fPRky6fy0arFQBNQVlFWc+vc0GrQSPBFn3PVtM2oB2NupE+eFb0QjdT2+aMPd2emBl7tC3PYtLhbvODRKN2I/I+oqEgBUGowoj+eIXAKbTc9MbOVH88UPBziZbRtXfMwaNOQ+XbQ9bnxEbiCg+Y0XuOkA7qNSYG9RA9ik7p+nQknHhxXNhp5zxhhJOr+aPyDl+s9M1Su5wJGhIuCI42w49FujRDcY4MrJGortoN4ukUppAeOcaQL89Hw/yaok/7TGTKAoRihKlDdJWy75Bv3q/oJf5YdLh4fMIzYjaiulEI+8lFIdfHObXB2vWKAE9cbnqClmtikSqVdZXgJgrBenmtzRVO+pkkVBelX/TwC9caGNcbeFzgwH/3+USG4XiILFothMhlSrdevNV5BKceGY+Vyy0ZVzyRUMxOn/6rZXnshuWxN5p4xe7Aua/GnYsYI7hy+8iTxEOf6KzooUydySbdZNgTU13S9aSwQ2uqWYqMhnJ2D6Fd0EcwY9C3m8mxHrjvqY12SL7P5lxgY5uMUo2ToKiIvJNeZY8/9r0uT2ch7ggzCp/oIPn/GIo6NejsB9f19yqrfjpe+DRVG1cEtcccqvwtRIa7Lf9d/4xX32+KSybWWWIirg0zihAbpljlkxIXM1UZcq70cbF2e02dMEyu66fAwldNfxjPhWSy1HY5PLlb8aDfVLeUHtUOr2P3NYXA0S5bO3kF3WHabNNTgzRoLFO96P19fTpfuwoIM1mO8Vko4MwQ88e/OtKvJieZPTJNFxnwR9FyFg7lLDZ+za33IzPYeGpkoW5VUGrgco8IX6IRVmfUWFH5sUs4mVHfdvTToIRdqe3koXI4NHvoOkyWWxAujHZ6zRNCZbl6LL6dSgO7EhrSpbblgskjKHWrYCdFE8W5oOwVkQOJoarnMiCVL0bMT+U7QVjxcOBz0Eu00y2awikLW5cjVvwfZo1r7EDvt1+i8WnVTmiOhrrVRVEUH4ivWjzrgPmWT3SpSjfO/q6qJqB0Z0cbIPn+9xRD3SMdjV9tPYFCPKceYTDIvAyS4DzmKOUYZTWNxUNIRRgPAnUsr9GKLx/fDpl6wSpdqgU87i8lAJFJx/iLVKlRMvkmkDMjDylWKdq6XHe/LJiTinCqifxBhOY/fu4IyRL0bR+G4oIi44gbcknSFh3FT+GeAhU7XJ6uR5nVp2qLBOWtW3GIP5ymPCBZFpfaHngYIzGzmYPVBhGYt3jrTIKHyyDTy8T+AqKegtDWCl82+7ZFx6XJ0vCKUOs6zwTRnar+FuvYtVIRDLU247qtdH+5zFdB1uS5Cod61ZLm8NsTJse55KtNRcaFzCEUDG38jJKC3RAn7K2ZZYgxUkHW0X9ejAuCsnrrXhN0kYycg8oTrQ3493U34acLxlzn9OiuLUcYSUYOmIBYuUi3hHvlryPjRkRmInYJO1Iukj3p3BE4u3egbrnFoYN8eV0911BF3WRvAkKaS/gAfcls/cROqRXUQ5njWuDaRYCl65gs7e5pqTKASUFOXHqyUU/ZluM+/Lt2tC8h/oH9yCZ9IDdFvwZMb57uuFcYYn8bjbUIILG53PcVnxP5Gp4AR4JDZoPvu6W58g/YUUqNwwaZrBMZhcyQ6T7TD3U0fOpzyLbOq4pLj9+BVDa+PpfxYHIoOI0FIwbLcIH21HKPDNe0eEPu7vwJvSLk3xfhmQsky0+oYtuGpU3+zm6QGoVP/xp+A0jb4DR0wF5EWZY2/CIkix21h4LPghEzWTD8D0io4210N+GZNEj/iSvzb3kezGqvM8W40upDVnvKl1plm95UIB2rW1ow1uUOLyftS0bgzaL7vX67gVR53GEFeBg0gftqWn5+CTBqiDyQtw+tVHDJzh1w2fm5hojj4mZ+XHnBSor/fmW5YP6/KyLmyxg2ymaOZNGXVRUGWPkMu3vt30sfI6kDL3eA5rEA796yXF1ZrdjlFqQDI02wiAvjCLon9Bd+Y2b78n53zWkCubrUhA+YctBTTVwL1oyLrO4WPvDVxEb/uW9jfu+sBVwuVpTCfs6yTuYAxiwZdMtseqMyPjFB7hJvg23aQ0WtJo8Fhv6lQIkfWF9n9tbkg+f5cIN+LveXaVYLYu+ispgTS5S1miYr8kRn8fgsC8olYxgjSD63tNVqBlK5+ctwj0fOAL5Quzr4DDFglknZkaKmbvXOr1EblvoU1YZQFvQJMTfACjltueGR5iZN6734BWMHJ8RPKayhGbWQ9fB9mtT5VS+Kg2MJddcjYabmMd8qX0zqI5P/MvV6D5txD3U6AnYSGNuvql2b8PRtYPTW4NsvWe7NsbJO+JCFBwr2arPOd4dMHOshOGmupZCOOFmNh5iH7lLa0eeh8/O5MDiV9bghi9i77a9s/R+7WGr0V4a/ZaNPJBjxMFRYPsgJDZuXCmup0R0Jyi3mOLzQX/jsBR0oFNv7gOqhdKop67rwbPWtRPFgjReW85YQechjZx3+1+ux2y1sOcP7sknpUdDEXjrRbPCLZemUAO8fI58bdK1f7VK4QXsWQOGrW0EfDFlqussgU5dqbr7LBWoqRT1O3kU6/bOZewfUkM3kmPowsdzi2zHJQPc0NlYBE/pCrBQUG9wDsMcjngIdlIHRbjCYlvs2N0j8pc4jPE0mdIZ5r4nn3m7rrYvM1rm10RKZve8uw7KSb6XhquqYHR0x+p1C69TbBr0Cft/P72EYL5OzXg+PtxR6l3DN7OqHB6/gZ8DkcmvF2L9LjVbFkvCwS/4vttb778t0V3YRoY14QJLQN6xqwkw5brHljH8q/2l367kX2tbmMR/hXSE3iTRNBOx3Q1gzN+aFZQaQ+eI7NMpkFhV3XeYVw3UhmqxsQuj3h8kD+vrfCgMtGlRPOgRx6PQ/71swpWKgJt3GFzBbRo7NVA7IelwPgX8Yrtc8lfUzaWMXwWvCyDkRvYWyIZPBZvU1ySV6pFro6Qe/tKTswKVpBBgpX8QVw+Z43gNU77/N6eVbBdpWU39sBdCPd4y2SnNPWIbaICmVZc6522hXZ8MiP8DZWGkc3nTu5lJTNm8JOWku3XX8RSa2Ormpr+sQLO4wOfB+u0+7Gs7GJOPMlpWpYunER08hF7aFS/8tujRaRb9QEZPmejTADo1i1pvlkC6YHc3WTHuCq5QaZIc5UP4az8EYlh7FIITHmn7Qjjt3yKojKsXbxGsYscELdhM2steohXi+w9/BNG2n4NCb+VIddCk3UOZNGe6+e4YDybiBY5YvRE0wA2QKApWi4Tedaf9iRwp72CCbY/9iHQXXfbT8taKSSzXTy7zknvZb+4KjKalClmVUL6RSNxv2BCBduiA67kO2krj1io5U2zOgR0H+fUf8c7iFbVs2qWU3jrAHFwZL+9bF0XINbdL5VqoMULOM7UrtLiokWFZiRu6TA2NPOxnjcKVA7SEkPntj9zUXzoHvtVIRe2o8LzELdk5SZLgPhIp3m9PtLIRRXhZnXNrRaZ+AYg2+X9/Jv2G5VTqbAqqzHUkZwN3oOHE/KKgn6q7F4VCg0Nd9WCpS1+GQIeYpbwk87DugdKIUONRLactwoVdmZbjGf6acg13ZmzlIBrz3VQRl11yyfYqS45CM7r9a1BrZEazh/9YDBbXnmCfAsRZW8VlVoY/eZGzi5E31R/lqsFJyhiOUGiMTLA711Y4RZ4PH345BPf3CN/YDkhorGDqtTi+uYQp71kXusmZ0BBq1RyZtay3srRlzf9fpKDo9hG2vfh0pJDl3jh0stp0lMmruTFkUiBNzYz0ubokA88/Sc8SIa+5UeOZhBswF4tl5hP+tlyusOljYeRUSI86dvC3DnRHLDtxnaxCiseLTB3nxemAqGv1bGEeEFFtlzOiZWicY4H4ZHRh/6aWQe3w1TfCa+ibxObgbuBCgAQu15C0PRlUsUENxp0KAlpET0xllcpgTNQJkfifdrGPx8dgEnwwFzuSwswYqyehXUVJRdtS5bctdjDa4wvwsHhLILdOewThHAcsimyGYHB2N9H+XsY/UQP/J0ib9IIzYCBs5Bt2TpXlrS7dWWLjCPQ5HUdhDP+y2vC2cvFTqyuW6YGUi3HXzgaIIZ/Abxv6W2Zom1s+uNvplbcuiOSuJcfYQNhICOX/g2I8Hf+08crUeHwJj6Hgbzz8EtW8VbTiUeC9t+bB16bms+eR1eEbPwBvq05uXZ5+2PlcYveattrb+fQRwn1l2T1/zPXX94B/j83S+2VJP/nWUuZo2THwYAO49OWz6mlIuJyiXb4ywpnfgrO6Sw50aJqHW1BuVLLaZt/MxpoJTQF8q+exUq3PuYE1Q9lg9jr77AUMT5OAZ8td0QUecW/33AyPg256Pf/tWbGOBQDWfebHmbIXyAYswisGZN02ur/9yaJequkzBuPWoGz4Xun/QbomS39A0mhXoFaWh7krikC4VyL8vlF6c9t3TsHOrwGZmeX/puEPT1U1gUbr1a41lpGwHZmhfMGJsZLiFhYXiuB80x18Bt3ynAIaqKZhqm10hG77cBz+kfsXA9gHcrZqTz02cPovBYKz7kjLltGjqauKVzvklDTJ1uHjP9DlNpofKZf7nCdQKll4wiocKOOLt5f34f3denw2Q1dVzM/3NTbXGypaW6Na54ahEhCgkpUTLxMS7ldJ1adoXP9HTLmTszk+X0wIrvgT04pBR51dz2cNzzfmZBEJobOL6PnVbgUPM+r4Aaa4gy6rGM/wG/ocllpEFzaAszb2eLdpJc1RqlL7QuKyPWAGc7SFIPEzoxytpK080ZfJnASLzPC64+lDUjkewxkyR2ZrPsSXe4tvovR7JSAG4pR21tC0Phcya+s1NjaE4Mlwz06ejXmPR1r6e0cCEEunV8QoUimHD0eMOvTV2L9vA3X806E79jxRzEa9mtKRG02uzOfdJg4e9mdYWsZkb/0C/S0wGqfjz0l5XLyRmWy+gRtR+ZEeDmaPMLFtqtKbdamFo0EciVs43/5eE/UivkqBM2mQYxCp6dOq2kMEJKG6LvBT/QjFXEWP3UgRu4FmCenmsoaXu8Q5u3k2tpARNz4rEFErlRF9fw5AmSgQTVAbD4Xut+oUpBSJG5MCMNt8oP/FcuHlNZs9ock/NtKqp971Ju3j0pk+Jro4dL+x8fvPLtHl0MwnUPgsM1/yNhNEhtmynH3bnZBq11itmZoZX+KFDEPnm3iZTNagovL8U9ouNt3y9uQGK6OVOBUnW68jyjvfI5y30vXcTJz3Q+lYJ1a+HNyZ8ZrFwb7qwFtKDsRWJ4rF9jtYTRfiEao9R+baY+IDOcyBjOXwtdUOhev7f8wPW90VeXN8f2euQEOBuGGXZIcANfiRm6ehoXdIwySHROuVy9atxKEYY6CbQFZWlbl9NkFI1rkPY1JSWkYcP3szBR2W5GZqmVuR1XYBUZfc6SY1Ogm3aZ/XlsympiODV3PiLehYaAtF6Gqqkf8/n5d30XUtnJEq2NXj8p4PCI7UEfyDNTsX5cW8GPQSUOlBCYu4fFUlzhdzoKmy25+KEiDe+Endnt4caSqS8STg2xrmeqR3R0TYfYBRf2uCDdrMahB6BMN267fLYNFXIzwL81WifcCgWbMqJx5fD01oNGjDMqqoqTR/J6IkY4LT/SK6xtOsctKXCNaQEof2+TYM65k6j2RVC3HtIjM3c5OY2ZScRnaLK3XpfqAUOMwuuuGMRxGqY6xU/ziPliUlcpWWSeOkObvR7rc0NEHvqSa+kux6Q7lyAu0kBmTptRtP1dEyJTUnSYHe0RftoAkHgZjHos5IhvMAHwONMkB2Mj9Rmc8BttxygvnrTBT/VNzhIbTaxsUT3DQ0VtUVe/ImrbiWXu39Z3IwVqPVVxVx9jyI+UYaL7+3qKkvxftsMa9inoGtWu8x4XwxB/XWkucDYWQ9yo6W5rn2TcX9y1wET6e5w3em2koVCwdW32WbrKCJ6cYZW0UpfCif9BjFVHUK057Twl2nDNkqR6t9k7F1ejOxHDwIy300Sg70Yq2hBsVGmnt6JHcqC6mily9k62vnZDY+BttBH7xZYQU4wltgl4F2Dq1JMqEXYffT5r7A2aNic9bkB6lz1w9S71LunV3AieDb65bTUKODaVTPCrks6KxVDbV4KZHevn1aQu9n/+6S1/IBH/T+f0/j+80GrwT8f0yzlnojIyDFV28vilU/ZLb7q//YU4NaVD/Nt/9tDgEvCFl5I+ZXPAN7+27ODBisfAbT9TSJMIkwiTCJMIkwiTCJMIkwiTCJMIkwiTCJMIkwi7L+NsAlNAtx2fit/O1c8CF9VeXhxmA1SK1T59M1KCRJIAkkgCSSBJJAEkkASSAJJIAkkgSSQBJJAEkgC/Y+CtsN5yPm/2GpLE7fx1kZcWwCD1678g1m/rdywk0ASSAJJIAkkgSSQBJJAEkgCSSAJJIEkkASSQBLofxZkO0SXmv+HU8hccQljE1dhflvt7GHkimfXjFet/Gv0EkgCSSAJJIEkkASSQBJIAkkgCSSBJJAEkkASSAL9z4KQ9HKZzfM/HBR747Ro6vO/0akqvfL/Oe6wXfHrpBJIAkkgCSSBJJAEkkASSAJJIAkkgSSQBPo/gDYlKZy+YjNTsGf+07EjDj9iDp39x/8CUEsHCFvuyr36cgAAeeIAAFBLAwQUAAgICACwQ0xSAAAAAAAAAAAAAAAAFQAAAFBBQ0VSX1N0YXR1c0xpbmsxLnBuZ+y6ezzT/f8/Tl3qKsV1JVQOe1dXKcIlcmbKJZVQzmehkvNpDLPNdXVQyXSkMFNiORNzZlc5TGEbYk7bctyG0WwMY/u+VNf7e72/3+v9u92+t9vnz9/zD2aveT0ez8fh/rjfn6/du2RjuXvngZ1iYmK7z5/7zU5MTBp4+WP4j1uAX6BRjyNiYoli53877RA7PEfd8dTTEa0ptH/28cmv0Ydqn7die6vHzZL/+GmV+7T6Z3dFNzO33O7DF9SuBCmEjPw+dvD0HfxJ3BnFh4lbxf/QvNf9rzs/nT6wxWKP6o6CWzsLXp/74+XjX+V89y0ud5cG6zJG3Qu6niJMZ2c9sUQTf0zUgvr8+2dhiL3eG6mn6Ibwblf/YgN+o5tGbY4eeOWdpBaH8OXTfnqB0n6UqDedkiBsPXU41VvbtzXjsGnjdEcLxoT58NlBQdO1yx3zgir5suawVCo2pKZzIRmNHTh5NfKjlDolaa/1k20X7wdZ/PYPS7in95OdjnSo4Y2VBhqn9KYteOlBhLNtIIZyCsmyj5IryRhanXxw27YqpvijTMydWymw6bIHsN72uVKs+XjlWGv5z/xWdHT6Ttu2jYhHX/bpvRcuJ2F2p3I6xrkqA8Ndm9vKOwo5YY4lPP8STPtdWetVzValPUbk7c1+84gw1yrCfN8Z392GMTkwGKntVuMuT6vhJ7p7c/7R12qfDLf7+b4CfPzUF9ESrUyEqQxr3sheRs2ffUEVhg/f3TGiPeLc5b3mcC5BNYTXRHzg6hnwKKFgyNOWIDvu97NV1+HUMtkMPG/KzUbQzqUbNjlBTCeMmpoY5RED+5tSx4bCEFO3Y6/qq00y/YLMc0TzTSYHw2AU0Lgi0yFxHr0VrZdtHtg2vkNT+NxS3O2fXJy89pAtmnlWJsCUgddkDiNi2jTzSZ76QCjzjhPjFt+RcGeilvcx9AiE3jooDko3DRpC1kTfIYzkQ28RYNMaO4zM3wcWiFHdH3vB4iNak4J2TwfuXsv0jjuIui11/hmz9uflW/4TTKZLotR58xxzu+2GR6NzAFf7njMcbqLOX2MuSf1O++gYgG849A9rUT6raTl2yUgawR/KJdVxS6unOg+gwrOHmg+Z3qlSn78Hn5Kf7ZQGC8Yn6uNIffmaP9bFfWyi2IYKlkr4d1JqlZRbhOF/dhFV7B8ZljplisHJB9U2g2SZUDtwRdhq6X33GnPwFmrzBxHkZ274i1xOC6dCTMmGJEluWOgTPpbiDc9wk5WYg7GlUr+jYG93RurnxQyQFcxjDugeN9aVrivF5+YWJS1p7yT/k/+HKrZuZFCauZ+hqWvt+/HZ6wKDZKdu77VPQIHypGBeRpS464RFoEJ3pfogYZbQkfHsYXG0mj3LYPm5f4xpHGn0SI31wsqGiT22e4X1YMg7q+bz1mT5BXwsZ1beOJbMc10QdU9qeqx2WmkoQFv6KXTlIDJQUkDx37eYoe0gA43WczqpOGGkQfjw7GmsATngR0iGmFLkwH5NJ0xLu4T8ZvMOE8MvdnEw8BOTz/3kbid8MZe+tV6GDwMhOpS2K0Nsu7zxSwOGu6cbdzTF/Mjb7M/Ks4h5YSXJNZzdmlSGR7Csa0rXurvVWpafg6LRkTPrfmDESJA3v+hVwGho26m8+chODTyVHxa6YwdlBvmeEx1IRlz7x4a5D/wX2Fv0YsK2dqyd3l2H5/6Oymu6+WIEhLLH+MecKOt/OgKyyc1o8Zsz5zvlGdWDYpkMtrQwPI6vogz3JTGyNc8MFAeoXhs63I1fK0tF8AXg5uDR3fjmJdqIv3ry7OuY6AqBKTviCldkGPxhPCl7geVqr0cqQRy8OtWHIzS4ifZJkikPYEfXV7DyA7cmt99qrVR2XTpzziWGs3iKawib1nRROjkh9Cc23PDpfIihgCY9Lg6+nFpDGsYM4yjCl7gSlaylz4/7JZ2KXQc2ggd/nL2VUmvSELWkVFLUvv5mFoTK2uNkZc38EttzGz2mOsbb/VG9BgqKZ076tA2WO8SAEa7/GJnAOG4mbXHB22gjzX0+iyr8slXJinHCTRb2IcImKsAhStWMMEQaI0xRMXfzGF8GcTcIrEqaqMGIboIU0o03umzitq/ZFiUHIZbmexge8f04PbrxFG1/ZX28Qj/a9o5EskkMphqIzMEKMXRhV8Rh49bWtKjRH5OUREMElGDSD3hb6tx2SveEZnHc5JCbk+nG+34ZQ68K7hEL7hSuESLF+2I+Xxs892o/H6zdUDkAk3JtbEyrbSoWDNX+zKfoypnowmlPxp7SJDLbT0nXzTcmy6XZeIT5WggOg+oKbxSU2BedVjNLvvsP62pc27JoosxbdOcyXX9ic/taRWpEGEo7e6KDMfg7Cj4FNNVtQrnKqdcgj7WwoAEdE2C/lI2ZN2WYiI96zXHTzCiNDeIquHa6fmIxgOxjpKg9o4Ax4a6DvOEb7JqqGJo28pq+SUxBkARz8HfTL0pRDCDLnR/jlurq/YG0iyBzVX4oV51pS88KdeobniLm/hTr4TNbytnfNOMSuoE4bAvjT73aR7XLEo3XTr3UQ619hLOjYComjKWpmbPDKO2XWBJscXdY/S8nNqF0C6T2kht2oVXCH1oq/POR3/3py2OlMcc0PKF+CPt/zH583ye7ORGxJrVu0hJK69cNWfsDSJ2veD37nZu4oXE+h1SxyxNWHXWt2LJGc52Yccpaz1aJg9MmitZEBgIjhuizIN1bL2Y9DBE/1dqWzCclmYH5CREcZDP8UwHDc61yR8SPPE82NaIDEiZePxg3o0AzboLPV8bB67D+1paE+8vLltwTCObqbJn32qNUjyVpS5s65nuiA8SmYOSWsE8yqPcH5pHUstWplQGfhuxLOhiHXUIvxRGPvTKbUPEJgVqaSrgfRfud6N7JKY9DmzSwN9pexTm4hCeN90pqZINSd5CWVSJw4azDpuFOUVqvbhjm6W6v/wofCMt/DMlisMi5bP0LAZWtE7DI28+9TuP/CQ9RYnPrr1eXPafWva3hj65eVQ8SkCMOx6T7Qz2WmTIwr/hVR3/vhNU8v1JFI6Genm2d3iSlhtbw+d3NCxJM0AYPp5KtP4N1ttlFouk2HdYtCZLJAYhJKMBP+INwt1hFDueFHrU+cKpPc511+xTQCxrBJ1x4g8/wtWw/QsLsQ/PmvZHk31VA4V+cpUxXulposKGfk1JsJZjNMiOkVH+ZnJYMc6jB2xuu7qe83BNNeeQPJSEmBbMeB0SNQKcY+RsveuuNKtjsqgsIJPDibKcJVd3eS2tw034PRVm54ONEEUnSf2qWh3ZIzKYMRbVut1XyaEQ2jE++2udZdI2SMfRfguX1mLJBoogIeOTE8shCCHrIgNu8PZ/0XA8opBdKnQxNeOB1wf2HdZ6p/ao9bGk60A9ZW5Wym8Lmw9KgyPHCoLBNFAXmauavccMl0Bp6xMK4e6hgo48056BqhoHPIzCCcUozcjV6rKNhuKHF8CBuB9moysN7zhi372Tdsj6vndI87wxa+9KqRuh+QRnijs64yRi+xvp3I6nhC3dtvRvpzSpNU+redCReW3ofoq1hGb82FyXnMEtUUlLTaAwP7ohj9C+yKwN3KHiDl5KOg4ym3ctuGJ7odqMFDL7WAs/Eh3+YGXRDmaPtb8YNw63AotsLc4J2/pwxL0T95nLAAV47Osb0igj6YGV5CI86BRASBHvWlGyXcAMI38GbpBSZnIlDx+U3rpxxUZls1UzQI+GzYiPiR/1I0nLWlnLdKri9DCDAbT/g0f846fsVddY9wcqwqVED7nzQ7HNTP6+g2dGAPvmuOnwU8ZXjwYCZqIXUIIYZnf/nhhKanvVrnFvH7pruN44YdyMklFFlmbbAH+VaeCUi1gvGn2CEHXgkm4fxMtBSjBvhoYbY0nybRESFmMnVyJCGAA+tFZhR44z7dlDCdA1JuPSHRWpbAHmMU69wfaFm4bxgjttNmTOJx+h5rObjm1af2jMI/txRnbpoPN4kmK7XzAijfWkGUrIVNrf67jk6Br6gYS49EkcwN8+oBicksVP3N1LTg26mZWqKPv8MJdaKXug8MACxE/o+ofiNC/Y3t7PtdBaoOswUi76G5Hx+4ytW+fObUsar6RPuLT6VRs5JQbLWSYQtPKSXfpHOtIEiN9USfrBYu/YaqdymL6dG91STiW0PxMyjsW5fhR/HUeLGz/+wHjVH8VTOXkTHQwWNpa6VoAdROe7+MTaZzf/SfWZ+HWqiRAAnpVRvB9hkizh0tGFl+jifBnw2pM8IQYnngpwaTctMkzZnHxazWiOCjOIfmDJ6i0qbDE7EOsP4ACsMKoo2dW2lRV3U4rVT7wd5GfDu6zWyHpMSEOubZdlIzLbM9pSxC9Kl19+oacKvZDRZLjRTpL0F9d5sgV5NAqczGeO+cYaGABAQ59pTsbEOtCqOH2QT219K2D2ydOshGzpnrcVc+eISBC5TEhkX74MtG0j2rjAGYShrZgBfPYXNGP7MGE98xeqYHn9zuq2Dff9J8vRlC+757ra75YubqUVrK+9IDzpuuneZsIOcxyH5bLiJ1w8gELPDr7iP2nJy3wfm3WoLUisruSZvPfG+YYxvVw0Jrbu2mtEVx+jmZt/tMDu/8tHNvuLGZZJTLc8vtUQ45+8O/+HQ29t7mj9eEPnqRk3n+pA0kXW1PPW9Ik8N4zTife97nM/hV/VNRVB8bOPdjgFbIbtqSabZooVSYHv67+qBdCIM0efe7rGYa8CHVpNmd6bycdFV1cTdL0z9aLw6SUaMiW7DLGsZ5QbdZLov2GrXu9jZuthZ/IhhGAY3lzZAZFVqxq69QF+oxDTIsVemypT3jJDo+PX6WZWa24cngFDleRmJx7NXGK8C7IA84RGzJdgsQ1HaSIM8mLd+uMjLZZUnmYq/VHSYroOb4Kp4cwo9U0fGHOnDcRTQwqm5YeeFjZFHmAaw4kPp36VGnIXj1fi4FsGd+cirwVYL1RQoVCnSKWHX/pPBEHbEl7q2zwuy6ulVu1bjXGaG70kTZqIODCpKkgHhM/c5zSR5uino2dRpy/54kjW2ai+D8Cnw40Fr7N6bKPDKZ22KXIblJ4TiehMw0rwPiIzLKhmg1LX3w/t7FwI0UKoZtoVKL1Q0HB+UloxGng/ZExOyXrmD/PZU/akjO7UOncyRJL9Lm8cZLw/OhMsCHTHkJME8Sz/TX+krMJi7CLzxCD+4BbKyk7pT9OrY36Fn5BeMMocEpfcP113hbPLCGmhXxsaV4tO2GC3N4K45F+XkzsqG7OyKL/fcpmNIociV5YEhtJXpI2dMSwzllRIe+k7c552MreISklj3pRdj/RzAJkXR6HBFYAzjY/m5wdiILZBB/Vmj5BGGaUPsaoalU1P5JMdNsi5EWAjg+eonLCluwxQ0AmBlcyBlImaU4w2lzybBdjfoZu2RJKfiy6dtZ/dUy5+In8v/UCKKbmk6+OQoGLKxZGWOiOJ+/BK7dAsVVLbR0vGoptmXYeUriKsZz9DbYHdDcUItTx2pYCnwHSs8A45RzeCHqkrdzUUn+/Kk2vJwQ11BBG1Kb0JcmEw96+mweAVhNPIDgDlqIJGiEXlzUIhiP8mjVj4XgPQjuyxNIx07kkyNtaYSx5xvtbUE4qyKPRvjOqJ3kt/KCnl6YaTXqj7R4VdYqfe5dT0sng7slLEpp7Vy9eH73q4zPz/qdkkkWpqmxyOi8cXjFId4VU2J9j6rJ6/7HMeF2Oz40k9VKOvWDnn03WDWFohQfvA9cckmkShCnNNv0hE3LElD7m8PCkHj7Q4d2knuFyW7rcHqWN4j7/nurLDESbozy0hbdPKiKNJlLTlKeDTzbwy4A+NKW0+DIwFxLgc13btoRujV3xk/MLcdS3pOGTaETsOlL2Iaytnv5ofQan4y9Ti//ioDz84G8KNCki24so/Kb2Z3aUtvdHFUEuaTvQXD+xkYwU01TUAydtvPN03Q2qA4/jK25V6FjWcrhwQMbnxf+flNouPKr6zQaZzknIoahoVmDHM6OSWbDfR8eLnW4LAlbe3jS+e95mGKq3UCkKujmhmhdQvvMGlgj4p5EmFTfP8RIQD6dLMWKgiN7hHd21NrtT2OAckJu/JRSXquQoAI8tcFmb7Z57o3N0nWD7Zdm7Ac9XH4AATI59TjL36m4oayOSCPt4aj5gm/A+S0dvWL35wXad4D3lWBh1d4Uo2EruJu1bEV+Z/6k5GTiqLyusvihiI/1vrzBNIGH5xN2T6BsYORLK4GyeUowF0dk+gE2ULu6wnDvA01p/XjCxLTuEy71bO/TV7zStSA32zTbJlJx4qM794Nvg2kkD+wiE+8vGF3AaDx+E9tIliRmPp/nE48N1ke3VDzFvIB9NNwX0w64tmpzHQ5EESO2MvrEijfQA/tP9kQNZVlUeQrHh9DuFawobjYJCnCp8IXV37GGAQA5Bv+XaLqja40eNPjF9RL0NrXo7vnXLLbz5FcVlqHd5CDgpqBlNDfdoaF1Uc7FpuC387cdlDS2NhXTfDqr+CWghFTZDXUxkqIjy0tEqUQYHshS0UpqpNNNb+TonxyZdQtIq6DJGINBgCDmbA08QPTxaN5Ub4Gt2sYW8Bid7ddbqrE+FFX2wIXb6U/fdnnwsyPkPcwRgK550RyjrwmBPYZTkWp0BU1HNTs9FJGSmrPAjGHzAgJfVxdn9wtEIQv7lf0gf4CnqKowyDs2P27we1bII7rdoG8a7JGWhxJ9ZQEKYWAkxDhETmbi87nvZ+vfux//Gpdorp2xoltUX1JvJ6nXkXbAqH2rIxVVIFLQUT1lLty9ODmoauze3O4+HNOG3pVK+x0kbvrMFEEClq3KXJP1FAVeR7+O1tY1e40okV/SaGIrg/dd+xMjyYcgAC8QX/nWnM1amCg7mCff1emVk3DwPVQ754KHjgb1hx7dRURUklfp0PZHFvCRuc9FdQBODHv+/ShAgJ5xF9dMomqDf3w4LZt6wx38xDxfepBix6d4zaJKAmmw29EWEvFVmoDZy6jSAUyZzhZDFBJk+lBevtWuzaDU9n24obsi2qjkNlX32VR0QE9b2VJcsSeKK8LzcztMm7b2PY6TQ11+3qALTliFHReQtVKDRZe3Y7A1QYnXFRjnJo1xqyurwBiqQdyIWzITdzNq1SCGQg6RMek3We/cMg9npIh9/PQGQkmDzfA7FSN8b0gmuLxvB1sk7FESDQRgnMrAeV3TEHNtnmI188733ABL0lZ4/jd05nW1QCTWEu/rrCh4La2pUsU7y58uqXq77jjHbwc3x1EMmI0SNanQTS99xuRx7RQf2TTaVpByzdxBuSSKKy1908n/Zwo8Cik9lIpxmu104q4RqM0r/Q/sTWO+PTGntQA6XrmnCLC6200swcaRhYCy559Ve6wULaLrDIAV8fuXPQaUc6uAjDHD/HpVEPUUtZyNoubHZyJVw2+2BAWELtrxMe2CyBC+2GOhGWj7PLZh5VAvd/anl5sk4u2epLNbV2OOgGiA2E28V6t8CVzLPqOW3QeISDWqwGxWYDOCiRvMvueRmgPJLbHWNXmWqhypGfYcQNaVEJxerLG3AlraKluNvckpAvQIh6Zukqa8ozzamadaZoDk0+qekHazpLdcPmcotusquv6eZ9O7f15qFGCuSL7NCOBVeaus/Z2GPgz4VHv7g7vK/Zk94Nbm8TQhbdW6fOX5HjdR1/9B2wc2vov6zas5Tp3fRlFcDKpSHCFdqyXWr6fGCcmAejhdkACzvAMweP9Z0DCX9dZ/jH3o3KQQm7LWfjEA0mE8Xy6TNgmZG8e80EhlLOm0NJdIyVKRWeux5juh95hH9K9A71RZ/r6xoEaABqUTwbzyj1t99V3PjK/0wQlvFxADV1j+gDhlBoB9Xko4jwjIk+YYQ9EzBkmmfTNuxtOobb7zmdxzg2j6iBzJj44t/7YEPE1ECrrJLYJqyM0mPzoPTqgwyyJEzfM/DhKUGSeb5CleEB8/D3UkR7lzIqHbkPxPX5jR83fxyQ82GQG+wGFeknr7bGz0mrtd6L35lxLPrrk5gs7KjwYQYMXmCqI3tTyVMjw9fMx+ieVs0Tnq+92pB0zc8YPHIC7TnnfWIV6jmICdTi88us4MSpzIfpG//ptSl3jjrf7ZTKRq3q2pqkGIjm3MHHDUGdJcn+9z6m8xaqV6zKbHdFb43HAAiPcrS5KbohAAthx6gTCewrbqtlUC95Q8sT88R8zNohWLTIqQ3+ZtcSsTbyVLbLbHT/0GHyC5bYMzFuiBEB+oqmUAS1AOc83FoUMe05gENexp4IyACC5m8rwCl/fPGaaanUPC2A3+gs/LqPmaVIQSl/AYZub2UOrVx+l2tGCBnELw6KZrXe8K0QI//nyDa2byXx564XjGVLSCmV0hv12pdjIDlqZwct9EIeSI6PGM4Opts+pdYZSsSjtbHONtXe3qF5L9Q/RSc3qV7Fo6R+HIpgNE2dHpYJ05Q/7iq+RzVVqqpdahRDT7FVACibdDOI/3EnOK42i7iBbPzkz/gMzvQrjXLy67OonjRSp0LnNtk0LC2AZLt8y4WDIrV3UqY5wvxFZFfk25lwk4vA1yaOaJs6iw5SK9fRkpIOi6Mc6nrdVmUBliNWRoJF+t0NO1QxbhqvF9qQ7LhWV6ZjXzwtnHBcP8vuLgAm6xnc/r3qIQT+zARSY5psZTh0JUY1bmyo4cexQZpMYFaOJWbF+Jv06lX4rWrQnjIYhivoUV/n+wv4Z/KVf/j5n/V9sPgVYpTeFX+PnIuPXhoC2+TmTfLBi2waQGgmufP5lcl++5nPDqY+Aiq65bm3fRUIiBilEfRHAZmvHqveXaBsFcbNBCN0Fs82hCgzkcR1msZgJr/2yd90CasARSoz9xVjYYqmp7PBg11CpvsFkp0j34Bwmht4LMNyhCAJSPcNS1hqrKODsSAbFmw4k+0XEfZgIIjbcGP+mCzIzaM1cVJKc9UKcRZ8P7jQxKPnTQfW2pMAJTMvONqbSfatN3UiNhEGN9dRllbEkWKQI+iD2ww/MbdEMu4wkD2dVs6Su2blVQm7zr7FkDZyCAq89/3TY7hqKg+IlnSYj09LusQiNaHZkdzqATAPnl1Jf9IG2YSvcOaRs7poVwqlwzVGSvJqoEYb7Sl/WND76C581F/e+Zti9LOc1paeVeB2RjVisWxE2J90Npk3Sz+VpFq27vwFLMD9JnJDNsVp6x9MMjoOSkQTz36ptxOs/RRNFaFX48dsLNb3I8cOi5vt0hBbLm7S4g7yKEMk7/ocSPFk2KEQmLGJE/D9Kj9ia0rhMe2TC2gd/pxiwIX72UXlFcFthOXL17fx2w7Q7AJhrXp15OtLuaRIwXMUnbOHJOm9QN89qbcuyBt0TQ70vz5qVqZklsXkT9TvIWuZh693dan4Bsb2TSbQv+Va+nQZXOz5HbTJLijdeJ+0eOHzyeS33uR/SqCEqOmNIUaFrE/A7c+AZ25pw0K4o7vmbNYLI4MuUO2pJpybeBo2QLPpqm+54woYGLQKWNzWers36e6h3D2Qwx3fS6sAH6ycf2YyXegOPTWA9t9GrK4xrVNIdAjAwr5FwesvZvuTLFp13w2HH23ImgvxKKhW+06Lz42Z93S6jHIy1/KN0x8U/cjaxpbFLJApYc/dnhd2Jdf/7udxrRMb9m3fwQUAknMAiLNhkI7jrSSr/hHtFIWz141RnvXkaRN19dPUSQGSql1dLgHFr0yTYPI5bG0a6N8aKtImmS11cZMJQrQICPtsExUFrTAZNGjbGBlCObCUqMCNaCW4CA+OY0oQKsaYF+iiA4ipSVqWOWX72cSEK+lddtJZXZOalbG9vbRZssIzkvHfbtm3hPSZQjDdJpr7pwqt7FVdHR1SU15vc4HUAJ3++R37XDgq1pPZosSJlxwcjMtA5k4k38XZBKmVqR5yxpkkjytzc0iAV0/WZJuTIiFvoAei7Nm7foeOWoI1nQD0Xp+QqQxJobKlkbCsMxqoKwD96a3Eynjd6Cj58Lf1eJuJZ793TgNh6zm9agMIT7nnGjm3dST500kwbtuwHT8DHIX+7+jm/R2/EEhxvSRdhT/qfbPr74wLeI2f89TKMJycZK1yZnGGIeATGgDF+ug6LSTg6+YEAGz/GBCIrD1GPy/FjATN3epQex/csqaEjFsqEC2HvXdNRdZFzshTaJv/Lh3YFe/cMV6jqZtu/zwbkFUU2J+liaV5A7xfzeQCZ49/dPwWtKh0ec6QX9qcDF4Nuf86PWDD8QuljmOyXqmUNWBjNr5QBgd3osCy9/4ypUwnABm4Lj2hOd9JR8tLBfILFc6dwtyzG/S6UdHvAEtiziGiAu+dxSBGC9Al3adOVrnAVnNySVfwH3KP+w2CoKCzUa/Xz437teeR1jJ7H/vSQ/YtcgMN0NXyq6N+o8Gt2DLoubVgIxcU6503y88XUtxoE6KSDs+Qepbt/e1C97dL4T8wOpPe5v9fiGhGFxLW8Ea20+xVlxyK6owKkeEAHL/Z8weNyc8yBNq4P/gBK05z1Gl0lb1Wy8qfx/6RCcbTITvSmdlEoE1kP3ghBjyxfgcIs+aOlhOvVZT+m+sCIr9wEce3vVd77BREKo2VyMo/Cv9w1Ymi+kc1RsUa82QdJiNLybRifbBSDM18+mRAHohnfVtT8U7a1BNMFjgg/zx5SQ0aMgJWXbh82jZ3ZjlLkvpS2XU86jG1NYN6swaag71hfMJmYPki5nQKAuWZWdtqF6BmJZOWGgEBCuijkvXhL2WAcBVSzazVOn2+NhHE5KqNwNg55I2T2njxb3Uxa6JXlDKdZSE4Ys1aC1ZOVi2RzMmlemSpUgHCjARDUkC2eAMoU9Y/nvrPW9pwPSCE92Qi01tdHMgUK7WH5o7OnwauxJCCQP76gL53jLz6zqk8zIVfoXCVuoKMYXQ3c0urnAX3yVcS5BxLML/oNs6wXaFuiy8pvIzepAJfz3b8GdOHLJBtUyLSRv/HbEZp3sAbqvgTTp22Qej8o5kad8GnfsK/lar67/OY547Rvaw/hQYr2y4naKZ2guqaNnodD6KLZo1mLGHliPKAOFw3IRgtrExXO0Zt9rVNnMJDj9951rHT+hqds7/CA9iYqFNlMvGqx4A8xMgOuRruAAZUOEnHeaO613n6L4qiD7jWaq3OAllZjZP/5yw5r6QCSzfJFcFgwGNt6mXww1XSJ8HCT4ALAPz+llg5UTi8uOIJhzubWb/actzuBt5/r5s4YUPaPIYYiY68zngB7B8rmxsKb7lvZ1LqTyy+TaRkLDz+U0QQ1QLnnO8l78QY3D0UBSnsswzbwOBHk9GCz/JGGMW6xunIopEFzdBI7NUADZbj2vILNTm2/E1F8mpE3WfVItSOAMVhkeGeXaY3unbiQnzfPmMo5pRtl2TqrL3tdA6Zc7nkNbATH64KvxzBmmryjzmgxN2WXy/IfyQxGP+PLCtBzuB3kNnHgR0DxUvwI6b889N/o9MYLd29KniKMyL5gq9LyrdaDZLUGkGe1bz8wHCO28P5YlQToZDdaewEQp18Ghw358w1ufjLx7cWl1dsbJuYYL9hq0yfcZIPIQZLkIDX8JsfWjblcLEma99jo5JSIhCnnMUar0/Y2QQ3Lw+AqgPRxSAd9kFacl/rihja+xNmOaAVSXCZA1yOiNs/jkvPt7bbXp6VZofSDE2IDvfxtcds2H87WF7Wxq1eLvPAk7HvP/jtfm0HM03CRmYvvBcaw4TUXreqyLZBA8H95OMvTLBsOoVRaYvqaEqYAuDh5NY4PkoOov6D3mEKJjQX2oZJ1nDX6A/y088F075i2Oob3vsjhF/637d9P8DWbf5lb5wyqEbwi2LVFKtYZOgaKSED7bB6AsONPvMb59c8Rn41x2rZAenTmv5Pb3vCQLO4rwnT0cte8B5pydwEQKyEDkX1jQFgB3Vhvj5nQYdrtN9yIZQ3CYgaFz0+3dbzat+ErXr+6CJCwpF0KSmlNACz3y0WbfjLwNhjtjZO3Vjw517RJxbtV8rZAshTQNmXWiaHxgvijZox+///ydAKBLcgbFKHDRMK29M39gRvG5RlI/nsgGNoz4OavqAASDvYcRPKF0rcU16BIkJRgVm9OZnG6Zk7QrjcnmNZrmgoR4Lk55lImN1YaxidUUBuT+IRlLhYdNzCV7hnRqQ4FGqMWl3tS3PD1tQ6SJaoxeq1RxQo38ckgNBMf2IrV1MigadfGigDS4rPQdEJRcfPo7am+ueG89EiErdsv67Gsa/jdya0+XZoxjzLbb7Nx4OzFdjhxbf2Dswe0ZS68rVeHyduXvVamML+xVgAeFf2ZyjbmhVi3iQds4R3H4tpmNWYRurTeRmJ2qhK35BWLWiHmmQmw9+XK/zgr+Pc6h5ckW9h3epXFsUeWkf4dmfS3YYM0PxI1iX0SQsAPv7yhOj4xXPU6Zfi61UJ2Ght636ilXa1aBIKxOTN6eJa6JdK3FSgT/egZaoh0DGk+vt7FmYt+qNqx+fiwSAXS+o6k1VmPQVOGZGKUOe/sM6vB67LWSafkLUOcs4yvfqmzVNQVlvO9ln8/TFCM7EgXCu9qNgIqh5vNh6v+EnzrlomPETvVyHwZSbhrKMHE6f1avG/ELgu0DGSfDUgyARvWizWFEyk2q21AaTQyt8v4NiNmpFNN19QEoJUKdIxpTgBZIRMglgX6OTcM3+raGWYNRn5QS/KKmCOECYA5v5aU6qU4b0D7UxmGKL9huH7ED+vHiuuYvMP+b8UkxNYMZGHz3vZkDsK8BC4qs/d7cE685jDBCHJ1jkHw5hbVSYI03uaHlSA9grbJ50Jj+2s2nzCTMAltgKMWHfisWM7BpISA9JdJstYLQFU8KWzH5Ud2HjHfhmkARH7PSV+2/VgiVE92O+8RzWKbkqMOhvdYI1LLB8DBh8Ox07iayzqphc9eb1daup/fEp8eEg9Tv0k7YKfT1h/I7/NQlA0rcMKGNjdWn+k8UmDRNN8uJZ10+1RLCOWFWMl/nm/8td5+kGA6eJQ6Q0vtI2wEVttfV5AjYKkmUPBMrmUq0DCaaLGm6j881LYDoHMCVLMXpJoh5e3+r9Jr4RwhTmn8CYCwQUXtOGKEVjxhvOjm/UdjT1f2PVl+jQY490S2m3/9vqaYQW6tvIpZWeZWqntbaN0vAzkt74Kc9VVHbdnbtvXv0R3/YywxFtxUVOLuQ/2FdXnsTpBlaQNbP6o+riN6tsD0v4Ba8JUZWwjtk2G0VeeyEXspg4JY5qrIaqoLlpdTocc0ukdacI85AO8/nNYSM2j/AKU0TquO4E41EeRzBRh9E0MUElGR7FFwmvAMJi/Nt/9Yn/feR5NmN2NW1lTRa+EdyYA7/7cp6qWRNzOsw9TDX6O/GkV4OZva5KJhldUhig0dPsiQC5CAK9xh+8Db07h7KZM0r8gThwjY8RsMnkvGhofe6nH19NcwZlOK6YAr1BnXsqiWf/O/mNl2YUDqVqhLIlGytSJw1N031MHVBvuaYJpdqHHyaiR6JDbg3dqRPnSfsL5oCQ7TnHdIlPunst1vpsRM2ybBPMseQxCDabXFfF1dAe6/fBtym42XoXh80bNUysg5p3++36N6lrjYv9e+f+3N+d9/Joqbix/428Vf//HioEPfcJqO0sqT255qa6YnFH+SSn6hE30aZHU7S3d6PiSWkbKMFZTRvHKxa9zCm1oT/nktF/abRvoipazSS5Vlllv7Wuyi0yW+3fO37/eMfZKvce72cLMkucIuYZRl/z4mtsu97ryHinJlyXxjj7CR4BEoy+c4IL2iNZSfaKDLRgk+PV8eyXDno6l+8QMDubNOmJa6/rNL+QlyY6P16ssrUmU1Gvgjpsz1kIueX5qTP3NkdqUqRLC+LCqoZ5uiv0TcahPcaA8rQr6qYYLvcOQFU9xC8a8uWX536VyAWxRyJ7ki7MAsntW6/jSwGzpLjwOVMWv7sE8vfCg4OEywn4X3H+kfiDzAyNLDzqZltizHS5LHEGs3rqQHFnAIKQp7lcq81M2wCLaTmhmWXjojKa1XOWVYW3GJ9iYoe5lA4l+zk5DCv+K06+YtN3mxQDISNzZtX8k9brZ180XmL6cggjdV+R/9TrxMQ8y5UtKpZ2537m7i1gusTo33/sCsty3hOzo7uncWaI1aitfP50zVt7wWlCo5Mxbbi8I8Li9dA+YaXCMzT0zJ67JoobHnB+ZMZlY6cbY5QAEurbA2MwBbOqvL7Nb5vunfdpI3f/95NMDhMMrx82BEcQySC5qoHYpNQLZvxfb3PhjTD9HDNGctB7ei+Z4sFCl/Pwlu3M8vKi1K3QKhSZGkk51ZsILyc8htBs5BBZzcy4lEeoq1plkSOsUUdTZs+Cy95fpqx5rfTYTtt/JKtH4ttnvTaPDj+ugxl76ukT/jvOsYeY6fXfrZ/hEGuLy+e6uHVu9FG32cbeJmm0qSC657loQNwAtTnT2dqRXd/UF5LXZrLqohxTVhbiV57U7xzWg9IlcubKYMK585XFXQgha5hMQSJPP0wOpebGS6zXkCj7OF4p6IgmY62Qj6qNPy1ng3lqMzIyoJe0A2Z9ZmiehsVVbD+5nPVbb7GRzMuzxeJsispnn39L4bM7ViDGxsr4aQ/gqVXeK2zRe655FHzfgOGd1x3VWGu+tTI696xaPSUSN5EZ0+6KUBNb1rWyB0lXzsWmw/vLHeODpoVEFH3BCUChCsogvWAzP93B3vxtryY8IK5Qmpml5HlBR1F9Oz5HNaYtx+7b9tZY5q+RgdZqSYtUzgv0xNH4CKGyLLFo3O356ojWW1v9eKg+mry8rfM1KwjifSZ9a7P9DHyh+JNn5fV5qfUH5/1riop5hZbuOmKwx97bemLW6omOXlILysu9ZWKmh4+T0Bh76X3xOepzxxyno0UL02NLWuMNW/b5IaW5LSzF1qfmXqNtyPPdA0U794Parg2Qiz/KymLvho2HV+xNJZmRwrv8d9DU/d3kcHNXM+N+YrTpUMBY4ZsUmwP1NMm3lB5TTVELCKWbqXGyuUeyHCdFAffjHCXyhJfyOG1swWmTqrdfRfR9L55bTQiILtIBVHvfp4kOjT052jcG+dJrvv7lVe+iviIkny+bkfsL3+Xtzu2ew8hL+i+8gbmdEnS6dbzhrmzB+C0+OQXpeD5wfQF0eZBevA7YrsKuvmH36e8alr7HGHykVTH/VeproFmrbXhlrpl0lSmj70Jj1zvl+0xFy3lyTwtD4YgeDUNxqYyVP0dRvdejGlZWf6h9hw4T0K3P8CdA+qQCDF0H5tFfVUUJvUDJ6tvS7MTvJb9MYvyeW0iEfT2WdvT69kv75evUVn0+Ny12PfG/v1Zc9aHeNaSIJX9wProVoVoOqWffvepmybbfcXDLXPI8UNq224NP+558sbDvSy+lK7IIOF8wy9oTdiSu4TKajzYTa5j4MAz3PjQ02Bxr/Cig2P7gYQ4Sx1KjaeDh+NjXcJbwJBgcCACyDj7daJGurPQaN9tWKewy/wv6+GTNoXzcrlzNLMWc6l88asdRNS2SBpBzkamTIrbPFSN1H77ujt756fnxm4ax+lt3AhH533+NowyOkc11fBU0P54YWssaczlxhLyw8EtQAuFclbOxJNs2cEjhTHEHVs5gf3Slb5+hlOBxBveHTBVk++euGA3cShAs1Myl1uw0f5XcmtE/aZus0WLCduWjirINy3AELjZ8rZlBkN1xWG2jZ9er8ARKNUBvXB+S6WEWaxdNMKc6ZZG7mj4FQ2vqoR10iDdYju/UhwoGe5kEnJHdHun1Oeqn4K+A263n38WQ+X/ma90ul7xTz6vptHdny9PIfZi0qEejjT48D6KOZVOIJq11CFaft4FkojqF2Aj89YKJjgaM5oKwvGU4hTs1Ce1NAEcTkenX4f+qxM5gn+coW8uzXioukjw7Ad/GI1QX7QlPXsumd3jZ+9Ln4EIP3h8/GWRgzoPvkwHouB98vzrlwP5fJfxtfk8V/ziM7IJ7M2iSiThXroHnpKb5hfsAH2sKA5qTwyfkfKtjxGmVZzaW+mTFB3CiKa632zNywgtzk6QTXUwyAglErX+Do/hfbf9vV56g04Fz306sIzyNf303d8axUxr5ij1p5XjL9Uw0XWN75+1Kv6+1SPrXMZxL1i/Ym5tU+0a/MNs8PfEO3b+jPxOyp8W7v2/b9fLB+6mFGfA1h4GgmM9LWo+eecyjupWbVxCyonXJowD8NLzmJPzLk9Au33ujz4YmE1amPuPcyO348GeASv7mKQ+x7UjlRE/1dvqw9+21Fid/BKxz1sSp1RKOECL96IXAFvGJIks7bJxZScg72PqW86uzgQ9gkaskZyjAVVkxlbvrp09nugBrsWt0DCN73R1o+TUTFLUptWZ7x2S5xnBK523wLpXZuLyIUp/FToGf51K9Xq/7Y6K5+DxakHfIrUkM1pOTtYSZPgDoQNzpOOK0SEbf3jW1n92Zny/cX1NAC4z/b9Dj4ue5fwACMb0/76evgJM0Jz5LkVLSWQ/A6Ded7x1XcRorv2oeeL8rY+thM3XK89LcEsv5I7UQR9piFvv6alJKcwdjCuQn/ugfXsyqf4sJPKGNoHSMIoyMnGaJbmP6pdEnJeeP7ZvArNpxmM1LavMPJSA+uJEqwwJ796n2nzbapf0U5OGTybMrnJxdAVmQojFRWnFAS1FTcy1xoKqMCr/oGFeBUzBgtos18WfNKljlEdG51wth71NV+G+zI4e0xcjxhmN9NedrJWah3iFfqEkLp6/n7lFs+l4iArrGyvRZ+w3GYYcK5cu/kNz8/4hNcxzfOEaxsyX1NXHvedzQRfL7gBA2JfaEHTj62ND1ecyVpOivKzrXfwRhGeSnmFiccfPmpGMIwMqI4QqhZCn60R4gz08TW1aLkPsJaCKA94dPQUgSC4d405I5yBD6i7pB8Y6d8w2X3UDCvZJv+YngDCSH7duYL1Xzu3Qk9n45oGG1MV1PBx4oayaKsSerjTICi1zMs3V5LskyuSyen7mNemQHXUP4IM6Icl6z0Bu9fUNv4swdQpNqTTmaYTwueQFtaR9NBIc0nyquUoRv5bTd2x+1tNFX/IJ0YEE9oLQ5/ubOjfQeaU2/kYDjO3QIaHoLvrdQ4bxNzm2s/QHOsZHjgxNKZ2v4qZMyUAgsmjyC6UOCTaLAzekcuZ2GBol//fUYsTr/f3VNI9dbPFvuCZgoBccVhBusjmAoqA7Z+pzrPfXzMMLpXLUei2ID7bSeZYTPUVz9IcC+iKoUc9iiBhEWhIGEtV4XKizewkIX0nOXpB2zg/sxiwRtRPa/D3PF8/nBLqkCgl4CqIfRuvf/VKsO/pasMNvWqEvaVudWSRzB99k5/tNvTS4H6+eN2N56gCqQBimfuFYGb7UUhBiQI0/3XFx36KY31Rr1WHET0PZgV95nV9WGa2c/X2BU1tpG3hgnmzTS5Uk3Z12HXtt3H1qbAzASchXbJP5kn0V+tH0hHbL+h93fKf+X/h2rWQ3k8ScdbGqtbxiNXnA9W/9L8T1CK/+qmb8a3XxDTto/0dLDVHtkBMpY2ohal7vmX+e3auJG6KD6ATd8Ttj0kGWvgeP22c+zWDg43/7+rn/7hY/SJ/K9KuOwJrOxTpnAXIoHpynN/C7lQfW4TKhutklRY0jFyiMef2c6q0ykDTk+exKquOF9IlZx3ofyZ0X+1acWV9Lvc00Zsvbr51VpAbEGI1Q1P9asH9yXckqX56oKbiZSYia6D6NQbLF7lV4GHDzxsmHE2hAwvv/TwOOsIEdQ4njvCxYkojJE7/7Uo77zoIo8XSpsvoI6Cq7i6YGR7xxqrM2lIAJYL2GQqMM/QwnEsdGTvy2rnnBnK4T0T6JsbUvyufK+6qsjmwAdkQQZ9Ftk70u20pyShK4cg+WqQEs5GXlf6cezRi0N6tMJRl4K16AAju0tStZ9wd3RWqaAD0XFkznD0cwllBX9I4RfZrEqfM/rpxoVxOX/BEY5u7rFqnpmgLb1PBydutaVFdTH8ybJTlEMKvHvjgsVGBPS1eX4V1SNQ4lTlxaCwyZZn/qejS19Io3/1XW1j1b4HMHGLYP7T3NddTsi+8gDXprw4tPkFQhK49hVAHOSWAsX/NNJZlOR2TzZkIzIuJtJ2ojmCVl2vjx1wsUfwsaLHfz3UAN5LN4cI6JMn9G5ySuyxbLaVv0bD+m9P2EwZyQF5j3EYeu0ymHJnQP2xQ9i9C5XhlBXqU6VYAUnQudU+Umm11vy+fsnu6VjsUeyi6eRG4cYtW3vleFiHlmFmS3wWJqZn16ZX3faks6xtV4ObeFdVxWNCBb2nW/S6CytVLasTQkxJMiG/BH4q290b6T7dtAIODHfuyVsnmA3S5eFY8/X6n48ZxsyQQ16RiBF369qUEc8aMGbiJEi8adJwb5oUzVsd23/9W/mp/dXNaoQTTZVD91HO/MX1Qr4eqGWN7q4NV/eZXBxTO7bBMm6EAL/nFJXsZmq+Hu6S2T7Inw8Gr7o9sn0nZPrtzMQwibghuni86JxD0jX27dZDd327tcA0FbheG6p9YesyVsZLJEYT+Ekb+gdlbPNVLFAJ18Yh1v+JiFlhh+alhd9xNA2UMXjtvOqJATIn2qrEgC/97tCQAXY4YVbbmqWyrZ6Hfxu/J7+M3pACASHWGw6Q1OP8wV2YiePpLsOoxgkwLMfB8zSc3AL5s5FNsbyskH5lI2Bg7rOI0S8lTjXqa/ryFk7ctakWLLiOnSY2ZsSUYnVD3UjVzJoD5OhpmBGiu2/PSeZKAnPfy01eDwfDvRGbkYvHedLtATntG5ChIz44NEHVVLWd51odtVgRZO7RhGpyLvcBPW2uu+Jgl1WnVC9+bw1UoogEzpOwoJeRXbNCU5TRfMblnbMiuwRCsRw20zWtC0y/mVgwUPC/d+Eq3yru/V/K3tfXOdzj7un69cux/9uKf7fu0EU4ADBZcB4pYfOM+wAvLozX0EiZbV1C3Z5cZK+F+nJUZJWWgecrdlp5+cX19c2LqQtImF6u97vIyPj5WNwRQNqA+Yj0onrrBWmr/1OTz1cTad2i8MtF2MqiwfbknvyRjoPqq+UjvxtzOsKzBbbRWq2Ayq0JmFGMPWH14oMXncH+GfEwJM9c2yzQdcqHZpjbUDRuv4DMF6KAyK6CW2qRAvrTo0gY8zzVpa2F04Dc75/+y86ywooI7TLJbAPBDDxBEpW8tJMmZocCo2DiBxEJzRAuOqmqMI9M8Iu9yooYSJs1tEHcI/PbTOSnoM9BPxI/Sx5p6vzisV/QIe7crLUuPnh/7lvSsv2JVRNyGyqPVw0dHAWT/QNhWRgGoqy7cmCsn20l3fyWmRDDGGkayCNnbJJjn7eVba2ocQktj0BOER5qDT6xTbWrc3H5B5kVcgIAERXhd4dDXWTF443txKZS5JaK6pz+Rd9u2gbiR4YZHyy5g0QGfIvaMkI5HTOmE1NefiVUNTZLp2916uiOiARKOuOdiaWPZvjNMeMBPpH8kOzs0n7fnAj8LtD80xyERVeMQopIe2MrZtjgfS90CcVMxfgYttlKayo7nPm9JzbN96ZZIDDuuaUahescb9FN+3HTCTPQXkDYGArwIBeSjI+kQ4W1YcX++VMQMtd2/RejyQn0pokXocAMFG/fh1I+NfmJ2wz7060a5qSj/ZEXKc4sxPkL1UUwBZkLf3EysdEWcYrZqiRzpPinfLdytUCXoTNi9LRD9fIwEk4d6hjq++xZAnrk1Nf6e8MbUjbpA+td8Ju5+9R37OGsaZgzL6U3wMzU1cIqdiMH9AAAVATQRGGHkVTq/i7XeG/ehFgzQ5MuqZioAL6p3W9fCX9I3pb8IPRGmTMEBrC38gpfGAmwLxKvThvB0/iUADVBHpQXqDaTQaAKk+NWg9V8ChbOJiTPdgtoC78x0OHcLpOCke80pd1Uz7Eviagej922e++bXDj9xbaJpvYGr4iwcAa0AJE/vYamy0Xhe5nHZHKtnvHVCeFI/IspDOyT9wKTJ0k5y3kiRFFC94OLRG0r/Z+nuJBeoeQSq8h0+NgM0ES69rdRIvN5NibYT8IQilZRHizFumv+BafekoaoSiFvsVdUjSSmAI1sgtaSE7vAEYfBgqbuTDeGT+jH+5cTSkTehVeC5guqibyX2r3+XGFAWKbT6I5/PyuRM1K1WSjY4OSRXFqCzoOn2q4CiYE+WXEq0ST9GNXdT9zhmnOlGDfgYPYqxKUhr48LUPlh19cu7qJolSXBXySauSENjR3SpkiY6/sOGphkh/ZJneY8wliss+Gb0t7+MHu5HWn0oqilYUIA1xR3UR2ejbC2nPWkzdgXYTLqZV6jG7ic2lO6FgwNRfTEuqt7qHmox+RPdkyOrjr2BBSz3wpvpXojRF9NnGWoE/uvULRBhvJXMU64euNQeensGllmarVfoZ9Uwb4TBV7Acn0oBOzcZYX7Th2Tk/7B4/f+8WC6eD2hBwy8q/Q/2g4Nm6V0BfvMoZxDAhYbjAIEzTgwvyuRHbp5pl/EbK/h3COUqc7ZGEz5jJedsQ3qcm8qDLFgF5drG7iZHRu0M9RvBqyOyt7C9Vm+aA3xs49U5fZpNVevOvk0CblDbv2E257vtd74f9Jdu2DNqMdiwtGrIzH5CEcM25IJ4fU9Tm+HCpieUjVFXvBVu4RMvxbL9j0W5wFtJbX5++rr37EsMnlXOLt/j2l+Ac/61sc/bjRoFezse7ZWIKjOhnUXE527k1RwprpvKGP9qE1n6nefquhSIUStLoxSXy/ijgwdpHvxLNaYNPUDN/lwqcAjmDJTIA9LC3aaAl/WRfH7lt0Lo89RwlP8UyMP0bH0VwrAZYhaAW+/bpUYAKbA14cfyVHW/Gtj4K6DvgE7UUa51wKjfOzWeHiJen6rM7XwppuQVLMxOR8wFXErUYG92m+ZrSHjtb0JdJ0lywVCWXOqRlbMCq/RZWz/lr5295zth2O2kbkZAhAcS7hBW/Gi7bAiTjqyqytCa2iqHQtodKyy633Bz02jqUwdGd9hRjUyQk/puLPZ9kC0jv6CddS0t+wL/hZdFcySireqMW4nbEc3+uxMZq+KZdolS6UUDj6wYA+pmDP8pCWa9wCqZwi77CqVkvb+Zx/4R5nV03tVZCWUy7FLRrdbJGQq/EDzgVNQVMRQbPyeH/RgMVjEjtLyP8VClRXlN7u5sV2DCHkYFAHV/5oLKtG3eWvTgi2q/SgPq1WGQLR3AofCLLPVC90Ti7OcA/9rflwAJd6/ASTlUk+YD5K1h6Zvy+fPs9+PRwSuz6l9BkpE39Tk7+shnhx9LdX25aVG0K/MsqHg9JInFm6GG9myBDN6oojLvFOm+EvOE/guSOx2xXt6LlRnQpNrhxKjcXs5gfwws9zTVZyrwyDfEFv7bBEDCAxumo5JbxAOEEQjfAsUsLORl7RmvRI2lBwLXRGJnbV5LYW76bPNkt3vifICxeL30WNv0QlztbwUfG+8B+MaNu1nHCwamFgIW7W1B3fDhnJ0V+7+CSciPVDUkvOdUVR+JyA0Vr8eCnqQWSTB3o8WUSDudTyxhcwc9UUGhU1sgtk4/LdgKDErSbKT17A8UAePD2VKfX1wmBoDXmGpeG2zAOXF+YuLNvDT/IXTqa3Ezwf+2BCD/6kcOofEnxVRAIfvZ1qwFs84UNI9Wlv6RVVhVYeKhzlpurBJDV0+wWEf7zqr+gB0pHdlg535oigDSY0bNJIXlrgXXpqwMtLVcIKXtJPf/TDSBy+W0ZLAKwsP6FW44JBLB+cI5aflCxMDXbfL+Enrbzi2N2l3IG6wCR+daeY5BEool+ZdXrZ9kFrEZCVO/eP8q0qKeL6blg7izTirulqvvxp5/ykP1z5gCpbpfd5G9rq7aVN8sSV5VA/gNXMNk91l9BmFS5i0XerRpsrdu1UotZa3UqUKBbUvSPXD4a9f9Gf+dA5TvnoSPN9Z+5aVi8O+K4UqQ+yDulc77OIBX9X/o+3rtUt63fv1TNxwQodwh0jDpP3bxbf2Ps9f//yKw/pzWu75evHneoAeo+/VeKBIcMPNHSbhCnpVtkPsePvjtOGfCBrNn+RahvKmfluaer36fkrLQIkJO8W57qr33vF3TufAtxRt/qU0LY+CfNOF8fkGColFzzUV33thlvTYTHz+1p6kq1p6X1M2SUmaI6uwqLWhS523C5m1Sx7Tmz4fZaBgr0JpSGsj5WV+P3P7sxHz3Mu0x/4E9AepDuV/Fre3DBnfDBu8AHCRkF8igogq8XAm0rXRqfUAuPcvaQH7zPxLTgf4Tgoz4lYcIOPVYF4ajzjJv1/quez1dLVsRv28BJ5JM/Chbfxw+bP77thoJ3Sotvt17j9Gtrp9/tz04+uPhW1/Mnt7ftjtytGneNTYOtnD3TbFo/wD/0d2ujrtKRofeGq/FfY2m3rWTiVL7QYzZfMGEketc3NNkn1Rx3rK3mjlUHFK6C153d1WV8PVgqHznlm+AkPnWSgzed3kx+wdy9AeMyfrLoGZbr8aCTBnva6rwe//784f++nxkj2yOH0YavKqqS0N+OUajOOOi8psqTCgGKGqzcD59/vVqSMIzIxCcGyVvVlNZmBJRHzrB6XM2eGHsB7ufXkaa2Ustcu+sm7zFlW1B9RF9uA+oRTF3c2cG2oZG0uLHBufno/l46zy1l0QFhbL5yPHsBB6rxjGScB4Klvvqwuyhb91be/yJOK+T4o/jVCaBPxFf/AhSRIAWKt1Kdfm8Oc/oGk4+LXXWkJLNCWtMLRu+WLdsjFgLHF1ZguKrZBQaxiCL49aoF9i7qacqbrv/7EyV6IvaD+n/QFUlxnkajBTWR0l1EqqhZdWp7oF+HpfRr1Kec4WtVbOFE/dn5jq/RSU85Ydv3Env2q4cP6tMmpOpu+Sv/qcVRrh+R96zX7VhkKt+c5cklWtehtzujL7SUBWFI7Jbj+oBkWNOzVbGLDENLbqvZo0A8ZGEHl4GyaegijqslAlhfZP3KyeGozr/V3vfHddU9u2bgIiKgmUQ6eNYcKgi0qvDqD9FYRyFSIkoKCglCKGFmhkHGQvEEQGVOjqCGggikBBCcVATaQFBCJACEkhCSeg1lHeAAzJzf/e9++59n/veuzf8IZjv2fusvfZa3/VdOydwecFczg5Dp2jZB9Aiukb6WS11t+KI+zLc96/aULZiw7PTt/vHP2Z3qChFdWhFuVy57luFIX49ht8YbDnbjUXYKApbjEgEaoIiMiyBFOfstZ+7v0LHNaNoX0hZe0DYSInX/iBrnDkaoYNX527nppX2FX/mqiyH/vj25XRlPACKwImiqKEppw3Bci0Hy8MgaYo6ClaDrfPkn+DrIxf+fOq0OVzbLR57R9ydAGy2xcIIxVsm01rrZRqd/f14c3FwEMFgojJ/yWIXHehyQp1u00WnD9w1lYO/neKI8Uz8tNzgzjtfdjgRiWV9GIu54Euz2m6seW9ob73K/Nbjp7NYdA3JBl0fum4HEIL4bhjXghLjvlTpii+sBuotSMnLLur8ugY1HVZ3wAfVyBl+bxup3RPB0adX4UkKPKQ4b5clVTGvNsfvG7S0/1HJ2A5ap2rUiD0iTwtIhUsCBW780sFhZ9jGZZGIqI6HjuF7vekqiyGmXOReGS4FHQs+EMmeY1Q279tvjOMpxWeUVx/xKuuu6n/J9GLLivM25al5JuYHCRrittLZI9719RWzw4y/W/s6HDLX9la1Xf+mXT3rvQar24tCTxPn9d3HlE8bE86ZKOWFWtoObIcGntK0Dfzd+bcC5WS7eHoj/Ds4DHcwLcbfd3YoIe+1lKqOl6B1YoI8MbXL0FOTyhaj33l5tpuSVyF8Jn3ryAjxnRFRMD7yN/fH7Uo+gYBJC0ojIh1q1mPqApXOa+z0rDRF9JKrfpjqfp/i9TNdVw3Lww/XxbGT+H5Bgw8P6Xgj+V4vFo3zSMkP4LeR64JYE7ZkLPwKKpVeXFbGcvpAJIU7hlNuHUJQ9fBSZrQtGXezkzHL/lQA/YlzhXXFVw0s5gKwsz9MB2hrpZKPlOQQlSeA226+7v78IbkpI2qO1+Tn3v3UL0qFFoRTD0sdKt4nM2jLpP4Ov0vccfb2rff65Fe+JcqqFO3ZUZ3onGna0ffm14S9Ppn0SE78aXln7gn3dL59N/POJXbrlGHF7aagPd3VTcZxShUeUQLQGXuWnQGRuxczzMA6hCxRDFoR5JpOt4CY3qrkRMzytl1b3jaIdudTu4rFR3WNUMNZzNCwCW0sDzAz+M4SWnxm9bL5G8flTTLSy7BxFDvXSIDQhgOWz/jXTLXoBCA0/KKjR5Iron7LE8qoKCtFLQB8VWy8dAlDDLqmhr5SAEcufV3UX7e2jfPasPZov3nr2mqL3b28puUvB+u13WDOTciaNwHOb/mvdEMXFlAsgLz+DGwG4n2usXl4yFhdPZDvzUCI1WkBXM0+nhHVT2U0z7myOzwiFF2VLSN7flpiWe+9yzN6mM/10ipmx+8QYRHh16ciyyt6bs3xB+26PtHC40CGmcDGLszXl7QasZ/5tc9JYtzwAAG51Pzi7qB7kbXACNgBDTQoRzl3fe8aPVkDHy9PsKx8aM+INX1UH7pQP5dLnZNgfu7gPBPnTe17V1f/G/urECF9aSEs52V/XGyhdcyNAGxxSIraeciG0hoAWBJBmssdLK1zLIuITJq7QtNwdbq7I9nY0ZgCWzRrX3tPrd3oHFBnJlXNbtOC9Bt0OwVQQQ8Z08aZ8ieMOrU38VudXd2TmKz64ri2zqj5HkzISIj/R6Hqjvg5upupoC82I6IIV1E36/yr6rHN6dy4/mpuAEzXZNGgIRZYHwpU5oWWruUWNZO+l4lzMOHDZjZfsgHw+W67MMDXNCOfY826oYTIyaIMkjONlQTw0j5YbVnSi+D6rvb3+0Jgyqr9gfKZGaYf4klwQVR6ehkp4RlFJ3KBcnLq9sch/oIv56r7O9UKr+UwuV6zHBJvbDlP6p2lMwHq7GkkAiss6VIoYcec0vYM14IGsspqthQJC4rJztsm8fCLwv7BqBcSN5HjPUjVJm0SfCYKES3VMtnnd+mIkBQ2PTMQduez8xS99uzdhfA3p12kl25AXLlR0p6apoKQaQ6Q97kx1wgLfQ6LxbVVZUHFMrJoDqY9PZ1suVjdAfpq3SWs5xv38lIyCvB3j5DHr1YA8ujhsYF7HRyjfLukOsfreLhfyO5EPtmIP4EQ06+PERRIBbvv529qSDj7sor2bfuwe4bZ3kE78zslGUzlh0p7qSmYb8u98vwDRnQ5xXasjIietBe6SBuLOQShfbfkNZn6lB2jVRnfu9RoT+olJws2TREl4XT2V/wp3X/wVf36CIenNR6TFvLNqYmed/lI+0Dh132GpbNPHwttiEkVdSVkZdUjF9iVqh7mWbv2+gVpNViE3AmefbtuceW7lhkbnaZ5PElmYS4j23PwQrkFaaHzjNYOIbBmjyPOEpdTUgEvyHZ4EE2J3O7DFoBjZvsARyBOtD90Jic/+hwFEN/xjtlUz1rrgNgqex9CRQxV9yelPwJaDdDxNTm3D6/HMJNuMH1MvN0SNTFnX0a6zTK0+ukMrZqBu9/3q3AQQZb0HXVbfkx2Dafmbk2VtM1qZJZU5lvfZDJ39AZ7y/1CrXmhmML0ZRUSj77WQMe7u1vY97dII2VMohPk2Zw9NZMow5HIeacu99JHs7JajIUpAx1LPCVnpxhvonl9A9LyZVXFA+9peo53zrVU4YaA5z1H89zvj8cmJOTdUfD7KIh+uJSHYKl4ldDz4fXc+X3+cpEO1x2lmji7pcKDFyUw/n7t1SK4kYFa27Eq2RF8XpVUjmAU8MMu/P2G9vRRH+/OGAfTG0ynaaMsJyyXevpbNVc5FmvIRYVUJsMvuKr6Z+XXzB13r9U2k4N8AMnI5ApuEaSO0poyZi+dmrfFL9y+4e2AlPVh1U9wPzIniCQF8ZaHbbqeY0pCAuFw8gOcRbFwaXF9nUNCp7fCJxpWOgvPSyoe9M/QlaLVuBY/w8V4LpSwEZop6wlz4eASjR4DqUVNLk4TuVD1e4n1zolUs1fhRcNXk4M4uxO0xrs7x+enerE5SUCWBdVdDZcMIFSpFzpoppt97H6ws73HAK7sGUCEhF26ycwJGOYQn6URKnKrU0nwb9BUcXYH4kUvUSgvSaaasppbLYgnQ0JskAp8O4JQto65MLulW4yMrEnyW9hlReE/jrBiY7xKm2kjBOMLbCImEz4W1lZ1x9Bfo31fvdo/2YcaiYaE992XIZEIZxSg6mE5i8QBhCa9Mj0Fp80LrrGPch9SsJTMi0lN9ixXsrKz7c0S5/ErTGgudyaBsgt0M14CaqA3hDKfj2T0VVHkDNXL52ZrVEehi9Z/bbT+BS9iOoqDHNxvHAJzdyeFIkll2OekDEE8NDCq1qK4ZtgZeecx4GWEFtpiclt3xtvLJ1nztiNf5SMnF9bfJVydtDy1VKd+W652rVVH99QA8jigjXbblN26qGxkHFsLxgFOJ5ccNiDnF+UMPMRxpPmNBYAotbvQ+dCdk6/fnOoZHurwO3c9KeFt/Fmnq8nuscWWQU9sJBvaDnD7SnV/qnrERTNvzAOGa+xB2MmJ4+cE30GU99S+L048RLHu0D1Q3+8VLYMM0SfRJ9yQ4QLV0bxth9jpS6nQqlW/a6FFofEpsIXTx4O8oWPamK9x2ojvwil9hvfY7+wDFwhvKrXa52R2LAUKWBCD71+5TDrnOwMoNPqGYvgh4xTaRGK+u0qj9CGCZ8iEbmtdjIf7G4alJf7ZNZ96FuECs/rPIjpQS/TjM6Z9DOvvFhRwUnOc+t9UVYYiThpPO102tORsqU89TL7r7l6rZLY/9adrwg0711fFpHKfcB2ONQJF0ybukeoo3ec3NtbIxlbT7x8DSdiT3N52Zh8bCJL8fRP1728WxORuO5StsoNeJXwkTu6UpdmympUKLvizIi4To+cC3MQSjTAVT2KEqqTmr/MjX3fVGZ+aH0qKPsd2rQ6a8w2uSICrHPG56/xp/mBXR6hrcuodX+5MF+qMf3TX9wmEqwJUzwirxub0Us1b1iHo0aCgAN/6fR7e7OJ6ruv8w0eLYiLlJw/lHzU21fMdDwXVwUgGvqS5CinqwjhSjpiVIOf3el3csFqyOSLvidRjd67Xsf4/5AfJFexDzfQOt7aw09obzWxfmKvbfrzgZPvtaJfSQRbls+NeQoKryh8p59MjXc6ZZhw99a10ldp2rm/GP26+ytfVa0u1ankzvRVZiyDsOjh5Nxq5u694aFY928mfL5gswJn7fWTciN/mFT759sMDYhdnIpCZd1UwT7FAGU83j+R5X4rsHz6uP5kcMF5RJwgJEOy5uqDk9XI6u31+4+UDGfAgi7nS3UjC1REUWA3goAhLGnh9ecRJe294E+6niV+XXjovB3YX4Z8XS4B/B1A2k9qX5P/FIFDJDcYAGjcSkBqLHRoFuGBREQFiLMgT8rcpAOK58XZwYYSm0xUENJmhrrrLOjHn1/+6evU/4YaCxo75+W6d6LlvXBfzCnHXsGi4165ivkqbiBMUxFoy2vlzTQxy6ROAqxCfXfyTkNGxw1uRsQBh9u2MUiGgppemC7dZtpiRn2055/TomnPwPKCJcVeGlOkdi1rYmdSd4+G3Gy1NULXq4KUttqq4KGNS/SsFXpUe2Uhe4JkcAT/rNIVyqelZsjInbXnRxe520TNBAfJM794b7m/gXh99zvvx7y+8gwa6fPLN6k6+/rtnmZKV56SLRrKrU3qPbdTSeySral3Qutg8zpBcA3SZofapYeOQw8JPSHqHy89OkMig6a2TxuhyXkF5GsTEzl/NUmbJUfqglA3RBCqEH9NTttAXomDaDUOWXbuZO10trmfrK5eEe1h02okujhwKUxVSfhqPGtHkk4On+wSf0tRdvO8zYXAplm+Vo70nwzbUDMZsbPedxZviPRIJJYITpp+HXfjfesW2nydg046Z/1pSH6Q3epJkTGtzJ4Q99vdJexalaGrRT6TQbMO10ThjWsFVOyeas/X7lIiOHhr/wchzYsbx8GnmFstJzJMoLXYhN6qVO1+4tG7B7RW3yVr5pZjoGTj8+giKiKrlIWvN2W8Yv0sr0QS5Er8j37x8QtIscmuYerm+ChJoZmNKmDKQvIWxb9Je1xD0KPEJvn8HN/e5hm/2b0icd+3ZbiM2sT29mDRU5T5aOuwrSA3xA1pwC3+l+yHFr9sZeuQqZBGtlUOF15XOuU8y4tosmtQL2PSJxuDolgSMjiFHePtuPRxaUpaBggfdUXeJ/9gVqWhFORNkTZ1DFSZnZNec5fZgoh30YxUqkngWk7FlNXZL506dOJBcTVvWNyR48/CPrtGISYxsbAC3sRlxjynOG9bkM0Yi7fEJvUgvxS5ierFUJrLW5DLDKPlmiOHvFrYqKTQLh1LSqVDTHRrc3P6b/J2yAgGS9HKYCA2UNp18ez4KsNCv9nHIxky6ECWozxLO2QG3CiGl1Va21zMZx7jU68kZS+eOb+DbwMjI2ZJJOC3jlOiVIkZ7UsE2KqIKdgnxpOaREv0PAuhYaJLT6xJ4cyg9R8mlR2AUC1iV+6Z/qP3hDQztUEgJMfwQyofJCmt+3CK3JZOOveo31SpE+GkCwsHRzqJ8YhIfDmGykgTPBdvJHQs9Yjy+anK1IBAaiY2sZs7w2I87pCy1lkKVBB5OCM7LWfl5qjf3yGbWtH506HpEwT8a7O5t3xWyOZNUoEnIRWKHtL/CofLHs5SJSb25Gn0e5detR+7hnqhg0nISCDBnaIlNrJ8amjW8aEHVXWEANJBUPnIaiIapeO8n3HddWGL/y2uDI01LzXCxxjLtdMYvdsP5W+boHRnnIhx1+ycI6KBTt925Brf5Yrxaq353rfpUikO/PIVM8C1zmvZJzGE6lvze9T0xv84zRCaT3hfoEmxo127wopnakkNGFrG7N6BwRHf6nPs8ey+wJaP02dYWMp2+KTMkogWJycuCW6KrICVxn7BaOO8c50J3SFo2S6BkRWhSEechOKhr+gmCXozlQFXGcVP7hc9LxgrugTlh43jZVvsSfT/eHmk78Y6I3GJveo7Vrv0uxfha+QsDAp52tcjatKyn4BNZE03SVct7dqzGXeOgr1pbFoHdExJ7N2S/Z/oLRPJnqrKzIh0fGlDJJHq9mXnJrIhLId0nZcn5tVu3T+qGGrZ3I3zDy2oKVFQ7umUuusiSOGbacuaG85ePwgvMJxEhCS9OUGWrEipqFYgcy8m3KtEqoPS2+3+xQvzTG5LLFtZ8xO7V+oXpjAXUoOU823JeZ838CoyCDQZrrtv5n1YeX81JvlGImB2mzN9ZuhakkQXpzAXVNyxh5w2ZWbmlZ4HB+4hdtVqedGW6KXP0POTigo+B4vKEP4D9v6rYVZtaMWHWnN+DBTdw6OK/wHDwHs3/2pTA6+BGgytHQxTAa1cWuK6B1jvEKqui0RMS/LmUlLrRp09jPuKzs/lf20lLu7lvHu+bMpJONYWVpiurkNOlhO9eJOvsPfY8zV0B1ehdAdf1uFsRsUPb63PWdOSmZXMsocsL+Bpd7uFnZ3uorK4Lr96tPVrH3Pldt5qkZLOqXbwZ0S64Wd7KTtA08WdNNkLSxy4sbuR7bkurnPL16Sz4Plr65jaQ+wgnIKBD/QzQOHSxVLxGc5qPl1x1Z2uxkhVFGAMJ+70Kwe2Iv3djYGFTgymrEKs5qIXeCTKn7epoM7TKju5geY62Pk4zFPGxq9XIcMToU3eb92wMpOROJHsOIB8a68fBgCZtuKVUpsSy+y1WnMszPQ+dmf54JsKUeGiMUUKV8lbhpsvbux5Ap9egNKjxMCULwdDA0Cshnlxr3P1sLmNh2pL+e1egfRRFeZfkteMC7egAbg2zEG9Rb9qAuKazN9arIo1+IeR1+jWLLqLsC3C5yftXNsZQ0crS0kQh2Zl6IHgEi7e0mHSxn9NWakz8M5GvnfOrS/LBR0e4aHs92uum5gOU5p5n75MUXuJ08Z+EtTHeQ0rG+x2Oa2UMbzfUOk7V4/wyii9MZpzWhFUIvuMS/fsmyBvyzSnGhKpjy/4Z+OIndbQKbTNO+dBnX/c2jfUNpBxIWenz0ec79agwKtEmgf6GIMabPR8X5JtnW2J6NIjMR4xHfb6bXHwNZfj6DTWHSMKlIgUGOD84dIxhNH5q1H3gosRV8PSsbCUOZzxg6HSf66R4vJY3fWSKkXiD1JymlnwMMfliMiFcO+OJc1FJZE83qQE1cvOdUkniK6we7jfSWzmq0SNvnY5C/+faFQhxnlcyBRKGSN2USbIvA/1HO7q6EH00zgofXnQ0YF8FcuO4C4T50p0U2XcXeYMyS8pTX4B/eCAnxgs+0mNUmtZ3GcKE11TKq4U4l19DBo0ANdBfCVoI8vi1lYyLxELHgATRjsv9BsU4D0UYfrevEgkNHNDTPpQm/DTG2WkTr0wedcgyy3pDAirZOcJIoKIVzQI5PR5KripGTWcVeTLM0Tg/b2kke8NKhJ3esRJhdKnMgp4055Li3GvYp/wA1lRrUpGsIcH/unTx1hM0eTXnz4+jCdGEKX9l4cDQwQqnDZn9z7XdBIe6Zs/v+fQB6Zl6ByOHcCL8EKh037PDHE29GY74Z4tI8/Lv8Ydz+27QY+5hbdNdJEt2WqrQfHCQEIE+0e4ZmY8i/SDkV50gkxL3YE4jTT1UWKeDXJxNtIn999X8/hHeGOzGludqMgqHW3oevHTCkQ7b5ng488eNbA0XEERvkLeK/kOshF6+doVdv0avB6ddYW3o4a+Xr10h51kVKz+DlGjIgOpf+XMQeviNBehiZ5CrZVdNMF+9akwSIvQsaAM5FdQ581utnN12thryo5/+L+j737Sq8G5W2Vsi7fPngrK0iT//THj4ubd3woks75ofKeN5B9yoHSsbVeYKHauqoociA8fM6B0DgTIyGXxniLJezmRKHfvxtOz7r/kxsK+i4raMxXjQL+wHb6+64qAxlRfVRKlMet7En8PD2H54Imo3WsXvfUbnoX9BNUKeNLZDWbGHLpO5cCr5FmjI4RXfXzgOgV8ZAuwNy8B+xRXit+PiYmPr3RYQz9t/VGR3BN/bFZ16ApF3lqtB+4cgvt1HhZsUWlATkSTOM/lYbBfXIWizr2Em4gtybe44BpHiknsNv12+88QvK87L85DgtYdeH9rbAetU9HvdFReN5N4Os7Nl4V2v3HHRv54iQUmf9o15j0pqPV+zmzJP9L97Vw9NnTGO9Y19nFLvAjGXU+VuHm3dVZp1hvvSu+qlqSFHntLGoRLt7Duno0pPrfs7nSdKNDBfU64cQlMxfKH/rR5dHdzZUwLiVituZ1AoucHxYH2d5yUJntOJkjSr/TXGHuV554mKr5jn901ehih3xO/YaSW1HCpze1fcqCGVqZbA8Irpp8d0Fn/DRjx3+oPocKT8KoQ53mSMrb2js82Ktq4d2ZzY4o040TsRMJKo57ghk44RA+nxVcZK6IQxoYEe5bLQwe1WGKm9nsVKziOn1zc0b+Le/pAsnalTJhZ42gd35sIFxXDcRQtDNF4MzPJWz9Xg6YKUBHy+HVK/JZN9r92zAJWqiN2IGw2+cwCmyrBlT03Ze7zz/TH1I/IZWXafqzYawb3Hxuj50G5THxjvT0J6y9TGJUADL8C2NDL5Jf/Se2UJ8ogydRecFn+GAhQAX63U1I1+ZfVJhIkcE+LEizz1+wiZvAPEtPMka9IQ0nS+MqJdyq/CS6pX4ZXWK9K2duFZyXhFUpsDxPyCe8gjMOnMVxOltOJQJOJGAHjb9BWGvLquYdVXCisrrQvv4/Gmy8Jjp03MIjg3wbns/82Jupj7HgXTkm/mwbw4ukoo4gN6XxgDJBCQdlqsV+oM9O8G/e/rsv8k+vEOChiZABgo9H0KIyBiVp2gpGTWO1EbaWtH4M9fKkAxttyPj0+vj1S8EZL9kOFrBtOYrC8ofEvWwLkxos3eA7TFuJ+HWDALL3UjIGpCvUDjb68yjvoVqrOuP+JFK0EqYjRS9o2vtZIiMha/Oz6OQsnbXxEXZ+w0m+K3P0Sxvrm5ljjX2Xmi/JZ7wXPqSxI9euQrXzWmRAc/6bE1KfquHsxjD8gRqasc0fjx42h1msbJ9Fm8GE97g0ryZeqHYnqFEM8qlJjo/hpgDC2AGW8/LDiH22gnbZr+xNxms5G2Atz03EamSiNLCbS35Iu9ykpmL04Ra9LoPY/0DlkYnsRd+QPQBP4ojnaIYP0jU5jWBIPc0GZOoUzhvThTXpqJci2x1CPtu0xYmB1Xk6tB8ZQTv2oioDkagR4Ye1AFZprunEh8wvU/0jODh5eiNmfSjwCM+PhH04stze7h5ob1yGRkfMpW8fjEicuycWC9k1rh3PkCiQZ4J8nmAUOl/IddOpINCVj9QRUrLtno8iUUZxhbtbck5e13yuCdzyuvcvUzgz3xhrLWGamlfDceYo6te9LCKLRR0DT+jkmQNadU+G5m8vGl7YHKu5pq2sgVQayqpxzbbcfjFEnj6SRI2O5XK4rQ8suUTU18IL/4KRGuNYqe8ma4eEbPe6AC9LmXu07htRLpl1EMX+MrLID4J8J2HG+uJcU8S7bzFwRQ861NY9lsmOwdcDNb/rGSNbS+qalmYFJZeRoloiesCg6BdzhEM1Qac1XMo+iIvJFQBMHfBuZHwaZdiDv7U4BP1XRt2jeswj3dr/xDfTJMhcQ/D4MRX7/xX5EE/8dy899PD8BV0UMW01NsTMdb7ISmi7B98P5f2rhOGeiYsODBgBDVnB7j7SqEj7j6gKYuLyEmG3hd7u+pXHm2vrJI6u9r+fzC83O7xF+EEtoCDexLBymktRzIbYKu20CD7wlJSbu+e1OhoVOa8/yb1TRAZACbxJ7YdSRUHR3MBwdKgH5wk+C9fev56FuYTCTAGRW344Z1DYJj3BLr+BSDu7htwKxcRHY23SCMytzf5PX5xYbWImEMOAdYGqkbM0cjg6qG9yfwvNIo74gG2hGm6xuI+wNxilpmslBSMOjqvWCb8JNspp0dYZjD46Gc1T0pSnmhevI6DhBlcbz8WPemBl/Y2lFWx5ddVbu+YfyllzHtJ1yXsWF6aqmvJRUo8T/wjdiwyrPbXnmDl50CT1u5ORBmdXMm6TJqUjZzVB8HgW8cZ2xYunJSCtxqsPUcULCiUNoXGTO41UeFcCmQ8AuS7wINnLSXaCDiA00zh86tG2gHxySAa8FBA5OqmV4Nj/QxNkaqyuYYGqAbhN0/+ELgpPcvYrK/uUgDk/chmBwzEJMaToT9OxdFEsa3zQx10fea67Avbjc8D8Gly9h5j8hepm3WG6TiTcv5O0tYZ1pYzNPPz88+aZuMyTqDCvN9YXyOfcFZ/VKeYmPwEPGHkPDk/cdTzHqNPhC3XY9Lzb5DOkfQ1bHc3xY0DfttY1QdnxH7o1zjXJ7YSkm9/hQ0fWLu1EE1WpnAq/3pU64v/bGUOyAQcC+NJGtLZtSt+Qe4Lo7IC592zXPIU4TTcdhhuFEw4xCqcXtyavavQuC+ETvhlmmqyIXUxmfivIfN3b4ZmpUhpWWr90lZ7QJvBP/GwbWUVTfWSEEDyyt4lfVysmfjCk5pf8+8cBR+rrkKLp/6LZJczkcnPI1TSyP9FGRI9vyodRxOCYaO9aj82e2uTGHsy13VYnS1lQRRveu9m2AjAWzWOMmRx6FOl3/X6sREDaRoTNfti0M+b9Wi3IrLt15fzpSnNxWxuwltgxyCMd3pa2Mp5mPn/e+JdnFJbO5V9us6/QSDGwhC4NPT6YVZnziVQXokz99GH2Gfa6AFPw+Enp3MrR4oeYRqDPuR//QF0MLmII7jviu56SvOU8iu7o3QRr7dtNLp9awWHskErBzsoynng5qaH32ngXd7WMKcd6lq8lbcA7wC49Q1dge+re6IW6z6LeyjeOYhbBzG19NMm8XwoKCShuk4dRXYoXitINX2KxhSnH77yAn6+GLdMruOgHKCJXibMt1PjmeV5efrZn+lOOpETkwfJcef9aWF4qDuhYwK347R8ub7rKIPhRAn8F2UdatlJ1MjsMAz9+jPJNlMtRrOKfjovVMeagU0JyLqtRpVNhNbXTdpv5EwCMCkQJLiJU1Mf2nRL8hTmfAHJUzP0tut0Yz0p2nhjXAxnjIMDbTo1dXeNnwHaGDIQLyGFQ1tjN31u/IfDmjc7TCXSzMBFdZgyCl9MaDfW0Y6vdDbbPEB4i6GtkLaRp9cCDx39OEQywPCzB02k7cKKai+TcgtUUvp3JxFwbb2/MHv6R6pZRc81LiPvA805CHTcEha3cxlCFwDidGwdj2MZpWFrwaJzWrDLUNGFMPZQJOEwbimpZbmKr/k5UJKTjI2RYTIZGJncuOInEDDOGAtswaSt/xI9lj2kAFaRWpgCp/VHlTmvosZj7/eGOwu5E9pHjqEyDuAHSNCTGCduPCAj5CSFj9cf3UDcTvXxABGxLUQzf3iG3D30jpsj3WvZgLYlGfKZCL1GRFxUnOCbxKaapTDudBAuhLtEFm+3UMq5U/v8qr54uAPWBwz4N6UoQ2vivTY0deB2KbKNfK9mKbsqzjFoUQLCQtw8ZaIke+bp1oYJU1xMSHOEELFT9pDuRgkkDv8rHOTntOOhQUvE/CK3qmlGfx9nxDTB/qlaRNVqlyGTgWetu9TDBeGejaOfS4lt+KrFLCe7XdAUz0CXbBT5hszB0+SIEhnd4zGzgo1rH9FvcZvIIFxQNbvlwGqlthVgEnBumX4Pfg8nCaamtcl6xdQAyg5QEtOFbeZUZXjMa7N5Iizz/xMfx4qTKqLpwGd5jDizkc4aSU+V+sCxOQGpzVdAhlR62N4lnM7hF5ujC/UDdT20ESTC67zwZK60jfYQgOd9TLSEQXh8RhfSFmbWfwiB5OKoIVDX30pnzUgcZtKNDgaYKCBWlJpea3lSlYAZ8uldzkWB/91rzpnISYW+FykT/07Y0DA+RWEa3PXN/ClK8+ua4iKBWtmyOq+GqZQip4gy9QdqAYlzEZ+W/zQeznLnhSAWIuGxwI1/pnZE7c3euz72GwiZTes6UICm/Hd4EUnl84E6jj+itaqqhXb1xq4kkv2sMWSTxupByTaL9mhO3FwMMvBJHsVabnj1FqpsPJsLOCXT6vmrNU/FNXoWcxkFahRBuHb/3qc4it2FR0JHibgwdEaqyc2YWBUdIjzZFhqwEzD4aH/VOvM7kZHRSfdj7TMawes8K6w+ctR+j+3Dg1xCu1bdcEXnadlNr7quy+HSDvTBcwCI4uooEHWpVJAuFCECQkEWhAOcOfm8NApn4zoWNR0gpCS+8FU78J3iApcuD71EuO+od48f+IWrPRFHCCcAti9vQ5gOKetaEapzMl+x9R0hEa3uUlYVNwZP4l3QiUrmLWZIDUkq4tdbMzf7YuM0BpHmsb62zDebn4MUFz3qS53VmtpVZFzFOmHIDAYV5QHwBBjUeZ3aj01wixMwuYvAM2AFSOoSn80NMNGx1M2svd9YrLfp8okE3fzzGBpwCz1Tzj+8HxAIn7ZpKurWwoJG0w/qm3AkCh2nCFju9oBLcdMB9qkgZRRLLD6okB/TqWsFTe96NcRC8kG1Eb/aV16yUSrWt5z7eDPASNu3vfCKu7dyFC0olnL27VLt+IHdFFgwAWtehvNInmeyUWmmPoZYApy6mJ+KaAAjkiPvJ5URNS1JFcsjLvm0SO76O27bbexL1uXJslmIsO1nwMaipmE6BkI1uWUGj866XkG3jzC6GsnrWto/pHgiExJ4bZhY8GTfNp3K4pYoiF8RlP9BuCXC58Dyl++yJVIL+Dxkw5TvyPEIejKDnJWIXcucO3PbTeH7bLTprs4Trv8Vsre1IBqFBhw0o0D6K8JZ2X/fgQmxpsL27lYjdUNYUaCas4E1idTR86qPogcrmgF2EJ+5y9bdBu5vqHoIDK4KqHNf0BesZ/6joLTXDxpLSqk/ECywbo7GIcamoPeObPWO5AZoO++HYa9SPUyuEPvS2d3uHyFWjx7AhgeNqe2IRN5uqfE0v8zMRWJyHD5nahV6f2Zm3+mnLGpQddjiylhIDAV25IK/saz60dX6aVgk68r8zUJ9uAR5/wp6q1pl31pDHOzuvKCx07wESYOYk7Y7694mCY9vT/5G+pks6SnmnLerGyzdNEcImO8cvCVQleql3YrA+G3g1sijqw5SrMnKHKBDlianTRzPrqmqBBp+rb0M2mhDIxPJPgYzi3ZzIIDdb8cfko+Zeunhaa2jAK9bd/x0RGs0OX8Ppiarz6CFlUTUhWdD7ZmS3bbQuD9NRf8t9Ck2nxUdC5TDLeleySZJ9X585F6txS/Qe8ERP3fnrOdhgZqi8FrDgKBxXbvqRzXlerVvDWaKGXMFe7SkqyaY381bm94UVlF2H3Ka663Xe9p94xBx6fNyMqajeOhzcah8KDEDv2A05oTVWc/mY0GouKM6aUyqI1iDl+q08pbBqmqVp4vUuF+EfZ+XYlVfoIEaGBE+PWhvaMdjPvy/j4YzLCFTJWmUcVtrUQpmLPLdEB4nxlMsDX23AMlUy6BOBwAlBszrhF/U0MRa3Qqi6k1n9vmsKB1UfbLquDgqt4DCugKBmuDkLNFsDk4ddwfoZszR7G71CRTpTL7Tzu8d4SFoALTetQ/Xws/am9AoL22gaQluMS/2gZdfWfqKLgVo+K8nChSZ7H90ZE0yQZ97p2b2bqxwe3D5Ul5uNfGlA5/Cd6ErSD9So0z3BQkz0fLJGGkhqYOEZ6wTiV5B3WHJmhYAyXPL/lXandITqqaOK91ewdeQ8NufYMxtn23ZOrmTNK24M2Z9CgTcu1brA/OEBBa65uM46YMLxg7leZLFwKNHxglK5+XmoGEFaBStyHLSmTTvIW9vRPd3b77K+xlPC+7vnCCQC4fPPH9kXMnUvP6stmJqEDTKHKT40HaPH+D4y6acKL11O1+uklNt0Ij0Cu2XSdkY89eloFnf1D2slGiX/CQaAsKEmupOfpm3Lpa1W7SdCCprfwdajTZoT5MFRc5298/f6DEsnbmc4/qOeEZsMA4gi7jK+OO0LWkfXvg0EDSqVD70ul8hZkeSNhkJkpGnFea+rjRY7R4C48dqfXjhaOhF44KDfVDVpqjjBtrSB9oi54VkVxriNbKKhYpzgfCtGgsoLF9MuoCYXowit6OVHLBum0HFjmGIyTN35PUkAdoG7jl3eAetoMPxk8vMN7QNWL4bHNjWxMtf1y8Jt1osv57I8OWH5h5+d+wY64xgNRpUhTntadDA6kLtvOuYn/LE6Bn+wkgRqEmUNaAbt+IwBoFdELtA73pOExRfKjKwyvXr/w5vb+m0+xg8K/Wblwl9cl6PQ61eWeHPQT+bbDcYc98OOzj+gZ4iRZ49vhutcJCyrJkM+lexvYQZlSibmCZW63uVcHNl/dDcWXlPbKZlEzUJQleiR/q2cpaT32hauG4pvr3ghZL6sTkd9BAmLjOuoZhv4jEbFYCxCTbUM4qeVPmwrsthV+qFnqhnspkH75fdGmXQKLOVn1y0/4Jhf2T2/cHnZyX8BC/vOd7W6CVyNhT1kgflyXf9Hg8cSPPZh/WxfIm++xWpglYO5vrjvbU1JxHkcqiYRC4MPGQqnQ9F4bG3QwdOGfFgI49inluuRuNG7w0LZUD0F1PKGlzphDbbwcepbhivmxynr92mDKv3WQ2LYvU89vJJJITrqDI9duhgDhuGN1/aOTpTHW7sfyp6MpWIaxvAyl+dpq7kNRxzLXpbd6ZMSsLlLL38lYNPfriUF/tu6Aoe7fm8IZ4EOSJrdZfTn84la3LCW+1+YuMAVpykLx0v+ggr38xqaUYr85jlKZFrDuTIuVeP5cEBosmqNcB4rte99fXPFaPsAJA3aYKHVMlXC5oY3Q+r4vJz462mXdfe361IMajO56cMDgOrMl8znlE9a/n1P+hVb0xQbMQgxWR9Fx8SWdoKmU+aiHQyIw27H+ZEL7LtCkw5LWLGSoYRRr6ClrI/WF59lJQlBnli41FLYzx6YLroYI59YemaIFtySaOHnTM2zOZIGXXkyt2tf735WtDwee6rwMhwSPK/WTheFAqU1eOrL3sCYtYUIRvtRoMlnGPLo2fu1bSPwfUB1pj2Q+BGbnhFLiOOG9mm3t4xKy2mayVIki0neDihrwgc4euREXMRlmgcTcST06+rB/fza5++5lomeuXd6MI6SF/bfHgrNUclPkXQdEz+gzosy9G2UDgXvnckp6emQYs3TubMGO1dDWoFdVAVquBBupXYzAdOusbylKR+g1+MpmWueE702+j48C4+B7sfOXEeLfTsWfKd1lhaPn2vNlDaJxZWMSHkYkZR3aQklKGj8RVaGE+2NVRwb3sh5Q0djc7wANy+83wFQvz2cHk9ySmNX9w0i5osDgn2CQRN0Z82hdlaqsV7ZZnPEeqbJp5P5YF2w6dZMPqT5jbEg5OzN8wQdVMqfRJXRuXKzQ5sHyDcvVlLx3s4CgU6hxnOuK/mSbUH80zLY8Q4t5MFoVNzVAsToeUnQzj5/Rxm2G68Z8uUryrn4N18PjqqQrmDOwq9h/zfGS+S0gEkTqsaDl0PTQ9i/QuH6P2KnpU93aCNe5ZSzKgcuT0L1T0NWks3z/pS15GwpFnbPwzvn1IeaH+ByVReb7FwON6RXQfgX2uLFcjL3qgphglb12x0yovvTW5uRh8cidszQRB24YextBawll8Fa/4vtcnU/u7/L1qL552y37rDx3b9Z4kxuvRB6Nj52pnAzG5JsGzsE/mT9qViY3VeG9n+628cW9k94VMafpyyofznFi6pkB57qluwHp3kcs3P6ZATG9GaaEvHKtn61/5BE6+Z61RyPwOy9xvOPyJ8i7OpjThY7a/imniEYy3lyfKDx5sZJZ9N3KWo9/IMla1wuj8cYy5Er/eO1b2PuyxwGuOySq/bD99yCx3hmhwZsQP8zEcIMakb69bPknUx3ALXvLSi3voxZASyXIXRlgzEuPbZkWTe20GqoHyg2CWuUkAUjFcvt1bcHyBztuJvDQA3q4ajGQpaCA/uuzoX3jiGzCV4mUz+0N9g3qKszB3fUllqpKU9+P4171R9JC4tOH8yrO1MatMkAxmtz5akNvH9UqbFGZvetzfeZhpX13KZME6IsyoQfhgcr+R/b7A4/ViV2tj8kEBkwHGvnYOpOy1E5MozivpAfhn2N4MTvjU1bB4l5VLMWB6DG7IzO5FpL7MJIrxnDgo4g+BEg1FFSWEpF93prutMvMs+Kb6UAukpIQ77OSpgcZJpCcnx5HCyrgmphP9T2f0KLa5ilpmRyF846/AqUEHtkADtZpdnO2pNa9RPrJWGH5oKoEuLC8WcpzWleByUku0sepOkLhVwh1qAml09rd1BUkxgtwdnp+/XfXomzyQ6C2+sqKZNChb0+7Xr12YK3hoE3EADQRz2DT3WsmOtSv5EaSq8rp1Z9fUnr3b/yfUP7sh0zClzpXQvVwuJp1XPsUHnoTLQQ+/0d/x19ckVh4G+fD3p0N+/fe/wAHqoqSV2MLa9mT5a+tfHvZ795fHAnXXPkC4UrlEw0TDRMNEw0TDRMNEw0TDRMNEw0TDRMNEw0TDRMP+vx32pmKgHboR+AGduZBH38aTBj8saLBu7UcKrdd+TlAEiSARJIJEkAgSQSJIBIkgESSCRJAIEkEiSASJoP9OELq1SHzpzycdWXAl7GlQXvrtaJBXu63WHLYprv0jLSJIBIkgESSCRJAIEkEiSASJIBEkgkSQCBJBIkgE/feC8r0l9y5+/3m+AnE803TpD6Oht0DX/AL61q1rf429CBJBIkgEiSARJIJEkAgSQSJIBIkgESSCRJAIEkH/vSAvmvQ/Fr+vm4tmxluFbFj82WfDmg+Gvrm59qOgIkgEiSARJIJEkAgSQSJIBIkgESSCRJAI+r8Mrcux7/gNv/7d/OL/Thy1/R733cWf/wdQSwcIRQ+V8vJ0AAB15AAAUEsDBBQACAgIALBDTFIAAAAAAAAAAAAAAAAVAAAAUEFDRVJfU3RhdHVzTGluazIucG5n7LpnXFPZ3jYMOMooCuMooNRRR1Fpg0oL1VFARWAEBSQQBlGRGoFAaCHMoKAgwUpvSpPeWwigtCAdAoQeIUASIARISEhCyLNR59xzzjPnw/3+3vfbuz8YyCY7a/3X9b/KWj79zdzkwD6pfQICAgeuXrlsKSAgBvz4/cPvhYAX+Un7kwICYQJXL1+8GTC+PCWSEOeXarAdHDETH2B3pV73XlOnZ5eoV1zOAsGxrmjsfqRZj7Ib72pddnXVjYmBlqSESGQiOhv2y4DouzsilXLnLg/aG5l8ELz74eIe4w8PBWKdI4RDCZG01Y0lhEHfLz8Jm0BKlhr6/Pp4k6RAZh15tgc7W+DoyKPirNMDOYu+vUXzwgbknthQhv31LTWMHwfuDo6gNjHmh9MNnDaeEK3F5Bs5q2Il+rOluWJaAUYd+tDbR8qXINS2AtqYJz5vYpmBvYM9U7U/8XW5Q1fVMSNcq+CrWbeD/3C9KDpmpmxE/5yzSzQIrzPt99k1N0Wf2fmU6lu/oBx4h9n85jxIPr3xc9kI6k1gc+fz0od4jLi3mV3C8MbdKyGay0ckZpNqy1feNoO9EbpXAmJEnBDccItIfO29NfYhN8+FklCEX95e2a5+ivopTDI8I1KMRjWMbBVlbNMSKvrAEivVS0PPbcNRsuTpaV81fdVL+JcjWbt3P/jHsSon5MS9yxtllkAC+/mBNM1tYqE0tKGgIbP+xv0qgwSJO83rz5jz9Djdgz8Srokg5F043cWw51u/VaDTnpk8KTFSUovVKrZ+sD0Y7669kdwXyq20G2AzaExmWktzYi6rMQLetPGGNBvnVPI8E5V34I/tehbzEYbqgIzyzbASRMNFYdMBonni0VgDvrPcfxljvGE1r8CmcQXZtP3eYj+/7V5TkobLR8xJi9c5WqRPwgb4fT1j7ikEGUdT7vTANGKpO5uPGzkKgSaOHITQkiq0CvfvNTHdTZ5+yUiaim4xsHf/xca9n8Dp9PVWgl3Jv4x9XHoKI21ighWCXZESkn0J6lfL2+UgLZTarpsrBbt+9lKJ7/eM+8XXuMtRT/7vq8M6Rc8/eENHLIR1O7O3kYeqvmcqjXqYNtCo2xhRqbz4FDFPWuoS0+dtLY0H9lnl9ojVea9P4c3duNQeeOTjWhlIC6f047NerNULkFyRhiAnLNxmayo4WJT/sOjj1tNYfcmu/rKd1S7bm9rUHgG7omQYSXUWBC2nSWbApwp4u2XJ6sMkkk5/2Zq9rJAs/q74XKmpZ8lbfOTyLx53AjzlfMyQJiY2mksuhzOMLv/DdUeYo16CIP1Bk2P34JA6lNgKyeKUmrmnFBG5JVkm5n4x/RnqHrwHfBAYKBO1Um2kV3UAZJM16Lus1kcO2SrWjgYKvYatz7meuk2nVDRqwbeFJZTH4QPv8H1N/DDX8wR+/VXH2i28pMM5JlqxpEF9JMOlUhVKtT0aPdRwKIMV2NW8SxSyVg3nnYn509w3A/cD+YIgaK4bl16iH/lYfuv3DW3SiHWE5x0Ud/nEMRP5hl/mwuXRqnP8LQT3ojChmi8Ib9vaAEOLcb/3Jve7RxhC8T6eo+6tpBW9pWW2jUXA6rh7/ORDeidhqva4Uuz2Vfyn3G6dBWINhunXdCapfcXS/taiSs0yg9vAX8h5/rB4W8HDMXcP9YTi8X+4LO15aD6P0ycD3/LD852YDaksPyWKbPfk9u8pHN1M59tFOcCPUsMyEGd5dM3ZqQEEYVeTRxMf24U2WFt1rjegexwsD/KzOmMq77bdg0Qygg22KCedS3bgQAD5uuqau9lI1q8Mywlr8NMvSaoGfR5LSxv2o3fnk3611r0d3JC50VcmgBgezW2ORQZ6+V1pvHhlcuntm77Hj1pU7KqDvFz6MOyCX3MI3KE6SaUHR9e7OOEp0WsTVfZcC+z1Bs6iQVX1xqOGFUeM2/b6sGl9uqjIjJbTMZW+RXs/8FLngAGFE3niVGRm9ilYQMPnrd6HcaXcoPkccL2Y9t3B0jvXtW766+kX/lNljldh2GZQNqsk1R9nVtPnhlxtRJ0EwPSsYU4rt+5CvrZ4BnGZtEosX7FoHfQNoNrV8ioTafwWKi1NkwZNC3GLxOzixd9qu9UUyHpfodo4uygNTQlhMRIdGmIWe7EtgtFT/qlogJKPlQmk5nd7H8O0tsb52n+fLMsaM0Hx5k4Ab2tckcb3ZPYVhZIpdta67Mk3RB1IGdHIiJ5dhXkoygDg4v8p4TGOhnCzdiliyZQ/uK3sHejKwnkfKy5RVgq5Oz6JbVFpEPaQmtCdS/JVtf1t3Dv1qTg1NmQu6l22f4rdATtBu39qop+7FKt5jkgeR/PZ1gJFcwrGBYbtPe2bsiZjoo8VhS0r9kFqz2Ei1POOIfgvkeAGNOVTrn/tgqZJKJHxqolddN44FbEG7+MO3MLLJFuEi3Y5Jb8gbC0fJfEYne7QhrwqenGgYvNKmamDoiH2C9Wfh27n21r3FvQNq0fHFW3nOufIIRjNwPpFeVKMs0mb1koWkYUB5RrHg9YyC0pkCGoByaqSbe/jZjEkrLJYQ+iczYprOk6Hol2iaiM56JOyV89zhQgNwBnNhHmH+gIscyibyEgN+HA7tUD/YSv5XeDd2nxqVDQekmCR/w88+OQKNMkuCkFgMwckeXNMnfEc82QDxH0bJcOaKUdFw0j8hW3tuLfuNP/iJxtk5m6CA1CC9jMtTf6cQMJmbEVj8HRsaABF3bmdt0KKt7CtfEAI+Z5xvk9Ccps0YZLms9LWdEQ+0pAwMC0beZ0lkREtm4uZ6cGNk3RT8fHBQdZwmBIUitTqeyec1sAcPynP7hDnP2ydE+mlXTcivUabkZt0a0BmYZAt8qJjrLtsNX3NiP607TMNW9ZjpBYKcIUZlWTr2JurRZIlY6pkNJMnxiq60hyVkkwidnnZ2G+Fi5DaPJvreVd17bQ2ZuS1KuqOQC6k2ifvmrrgHz97Nv3GPyqX7sT2sKLBVlnmKfOUC56cyaOsSbgF2IQ7WXyU2uXiV0ym6sH1IV1J+jD7J1Pzt2XjdbdGVyQdg9puS0KC1shd2GfcqZhXNFE2QA47ZGopyFEwQFL3KjzbYs8faq6vub70xGxp/DsyYE12HArQIFKQSGRI+wHNEvu1OV+AIDZ8C9L3itAl9X3YJV7s0QGC/uZn1ccypfyrXNnNN7vEdIn9LIjP5luipSCa1sqkZ459R37Y/VZH9kZlYZ5UyRlDeZ+OrJHqtCE/lRgkZJzHoOLkObSlFVGdiMlfsp2BhqF7ji8UhfAg6W4qqP3CHmd6uX10lwUsRSdPQK+mgrQqlnauNoCv0XbVSC3fuqtYvQJh/I9CBHmO59HwSB6hKXCpCF7TS07x7kPgcvpSQZ7bgAQBHkQtExHYkVJs4vaGzBSmJdUc7/1DlDZ9ngQHuNW7bVgTAgiMu0JVTPqFjQWdCWh98IBZzdYa0GinxTP6QC7pfYg1dwMMI6l0XpY6NaN1rGpvP8CL4GWt7CPn8pggBgffuKIpz1l91IXtTZsYAzjX7hAoK9dlA+kIZ61aONb2TSs0zisTRuHp55k65HI4NXj+tktfyUiqDiguHbmd8Ny3r2hex2XkR4lG785YK31/Ro3jAOxBUhWmpfRpJnLQjz97q6xKJhKUu4c+FBwXsi1CmOLG0Ma8yRN2e6jDF8gxOsu1hEbake3UilBp9/4yAd44HpGRvdkPlO/SnvRDCobY8Cz71cw1YPQKITPBgdvzj0RwS171yNIHoHcP9MuytUpGulXaubB/8ipPbvp+uEjjUBK6SN1pwRZgbCXFFwwmXU/VQAI6BlD1/qtW6cFI+/PCnDTuCpW8NbJ51epScf29oCLO5Dg7ciJXv9Ij3SVNeV2IkWlxOH2LYbLNc8/lba3vdeoC5/h1uyFL4UIM+m7ysVduXWbO0R8JhJVbBP3VD+cbfUegJNWQn83DRUvw9pru6Q0Wk+4l0Ib7fTeCG2bWNXnUGIX0c6qNyaSIq0XcLerb4KY1PSQ9gtXA9JMf9WSJtS+X0oPhUkFk1IT8j4OVVKcJz2DGZ89Ge+nKyRCKsFgTgtNgke3UzX5Aks6BYUiIdCndB7nvAvtyLkKVkqYdLjSQxM0i23eA3ySHl9JIHq47m1LwAKQkkcGnbyVmq/U5JSN11wExDAf7i2FdpRgjOTk1pDNJzGhhqEoE1DHk1j9TfxZNZuPpjFXO5Jh+jftCIZcoQx45mgoYvViz+ee3HSza1/qc3lK3x38gl370hKuiAfenSRgL7apEGVROb+bOl/QV9B2z0K9qcXXZohrIclUBF7kZVQDdL4zJbAg2JhGrMv30Ia3TvtfVGByHqAKINqNcE0N51xcSOrmDy8netMg0iKyluwYB8zBer2kzSc+EisbGOnLRhGWepiZirSs67faG/XTodpdv1e2BMt4Wp0G/iuSOQg73YkUn2JvPPWtoZmrk2lU7d4OSo3zdwiO+I2N03CZpNBhlRs5jKT2lksY/k+40vaM8WZjtuNj2xDPqVdTCC4BBe9pWH87RUjYmJnINDpvjLUNOF8YeyjAlpresue8m23HZRe5RvSaHw1H7TRRPymD859Srlt+5egRI6ceX5/nizLqsXXr14MUux4/vOjmj6O7X1vxYL3lmKFa3fLEi3XND8YcXZq9Xb1lzwseeHRWLVG/a3ng3WPPbVoV9gDJVvOlHYrtTVyli26WptuFJx4LFNrWSfajRqAWfR/jz7xa9SwkaigMbOzJejbH8q/uo+0pYlX6V1b17EzUQK5XaIgswvXMFS5+YKDt4oDG2HODm3D5KGqh+CTkOgqbWMXJGel0rQlfnrHRe3zeAK09udznqaVWnIwG9Aoy8CBhY4jLThvtCjKS1PiAY3iFvIHkjyRb696bNavx3HFyktX7N7CeSHKLY2qTR6RqWZIFevqUjXz9V0NhA7DWYch4dLpmms07ow6GjP8kLycap8oeVd9B/YIryZDRu+l4sjao7170pde7u6Pvxpc++UR8JqnYqboC7e/i+QEH3SEGf6++AZiNJ3WoAfFWTWIW34oRlby/paaZOWqZIWhWciQTUaj9o5cOuPlurB3IQrvcqC/lwBjO4SapL1eMHzEmOdD8PtfD1vjsQcsezS3ftt7b34y/AKvlmzcUxSA1BOw2TmpzLx4wv74EJgkaHGuJM5G6L974TUD4OzheYIoPfo208DCLf5AFvlA9LZLTYkO9vhr/7O/d4vAgJ2jQgBJq4k7aMAM+ciJ9W8x3hle3RA4Sx9BfAOSsBJjTIh/Mn1i0Rp1fA+wgGu/ipbF+GIES7HERq+NtiTBFh3ZlHL/jeTLYk/84WQE7ETRKQoitANo/CHz0mKRhGPj7fVP8e0YsDLFHog3nfaPmiqucTC0WYkOVlCwRnGU/bKJvy538u8Nf351L5fni9UAy2tKBFBWBasm8Bv1zDKXC72cQrYYhDwE/JnvMe3IWH1P88B9cs/r7EBkWrBfxzzBFvuqI/5nR1OvxMcRCOMB1gspSOu0r8sLDqrLURPM3K22GdO01a43WnjT1t7O2TezD3dX2Ve+KZGm+TzYs9fwjuVpbkkdjn6QBudvFirEK3Yk1CZwChXP/jhDFy7oTNoxByyyHLHYl5uPqwcvzMiAwmsEN9X3/50W2mJrQv66yT38PfKSVR9LoBV9aFYHWMPnMUx37ePNj968EXMbZhvSb68UGhfk2Fs/ibQYqqu9unTF9l4W7PchTSAnKGKlFmrR2SqU88FoVg22KjzZ1+5mG9fMSV0QYgd8kq8889I43r8rMuXz6cUcA/VMWg+eDkJ5pZYIpj2BzBhqJznn/uOlJLideizX9p9jcmnLsXp9l0j+ZozywwShV7NIkv+xn1Z5r20rYrjlRd3Zu4I+cLSg/qm4KtSVGjj7yottp+/nggDmQt0l9ZUB+SpqA6xGeX9H0n19K5s/hGwBqStsjrpu0QOHGufkfOZakNPEqpc6GVpPcW3V8Zv/KLx+yO1RnnwZQOqIbCNpaZaQD7bwXZL803oU/mVOv6M58c1GzyId9r618yCVmZjrQe2devBqx2P66q9VP/jLpKJP7hh9oQXNFU/coacdR5Ort2MTySIGf+OhaJkvyFXc31n/BLVz+fLCZ989npqBstUWoN4YnOXO17ZgfQNXunfG5sqqULpO7rZ6lCxIuPTf8uc05WRX/rSD0eQKUsopuWDrVhoZDWYXFmkMIzfhuzjtrYJg+vm0DF7UCEU46+tIbYhY2PmzVDaXVPPHqFYJmqBYur3IBHi7qUgJRBznwX/yVLiD5ulhdy4vj6j6qG8Y0fZ+OdNrpwSLnLlzUuCYL4cHe2wYf3oWeyOT4bYn5ryOmzhtF/b7zHY54sh6b1eWQ6AkoabEPaTVYxgGhWtkfW5GJfLakRkKtjwGC7gYQikeHiZ/9yvO8YwYDP544qxEpvJx7asd+s0E3czkJMbSA3d5Lq0Lg24j4esGWuzxiM3bFFiQINOQv1Dl1Vyjq87Yhkm/ZF+iXFdNPhmcFYp8BucVmdlS2cjWjDckIs4ceROWVS7fORrNbAQTXNqXE9gNOOhfflicdHbq2noxJBBb63dENTBGSju+L5i3FxF4PV1Rsa6rTK4UzfQh0DRzM5/p/nYFIiUxeYwpK9YGDtdR0wjxl2nna5IStZ0i1P3YwWc8rqD9ucMezKMZ/iBwRNn/IA6g0vlMixygS9SSM6apMOGH1plOIox2sxjYV3FE6Fvs1+0ed0zCyit6m1GUVRooicN/CpyjoNdoou8BqG3D0knmFK+HVJyRAvGyMPMV0irrU0Zh8cmE3u0Uz2SNtppE/5yF+jCaHs9M5Bn+0mWyLcbkoIdoNNk3r671pEC8D/gXfk1md32aiAx2Xd+6m+9bOnycHjIDsw6dH1ZH04J2XFLrkOEYh9WWJA91jrL0eM329gI1dGqekoXvwh8yPai8vR39SnHvATNb32Uhr17r2zFBG56GESYDoiHslfinrnegeookh/3pMUVoSzMBo+QxkGOGw0sCMR8JK+DLWmWOmsKF833VwhmF0i6mFLj0gkNSQEEIAit8kQVyVD7NXuwDPsP+VjoEcrbQYYKwt3AqCC6JsIr/5HO20yKSLRmtnW0o6HzWHup5LOp8vbXIhVSjJfUQYrGnaZVgk4UC/NLeHe3gk+NfzgWmaO0WWNG4IgRJE6pzwqNWEQqa3HkxzGfbRyQYNc0HZFI2JWc+tHnwvahBVzxaVQ6UGROePc+/SeU8lFAg48k4qY7UdxjQJ05HRcUzYgM/9zlQ/fj8VjmJMVTZpN7t6scvGyXbIQ4mlyIFX2vMuUI5DRQC6LlexjOBf/KSAsWK1ssuebGsndNCQ12lGP8uiQMUp3fjLaxDG0rZaPnon13PFnJsFFjJ3sPu3rju1clUruN1K7O5jEXG2VjTCT4b0qBmLx/RrW9WRuwATmjZPTop5ps7utqPsdr/Tt/gRFUPXU9mZqZEpgNxZLaAq4JUW1T2KkKFSnO7M3I5IlV7Y7Y8XDUYpJ5ip2KqAFYk03dfkqde5meONnE2L0gl50Tgvgr7zP+tKfuweZflpLIro32D8MdXFF+1atpcS/dY5AcprHKykBaC0LO0CbEWWn0rPebCfV2T1YqRdwUL6e6xzhcM3hEoBxcBjK8WLep/jtOiOAWYBfe8Us0QJj+5L/lHu8nyEEy/9xgY++dLtfM/mJUOXf9Xp/2AXxdLntPvq4jtxt9mh59tQxOlpuX0k0SL62xPmq62EGFV7JWys+g+TgLgL+9VLKLl6XoxxoPTmX/znXGak3szCxArkARLZgE7jnnC8pqnRyvOzcXcDRet+zVbnjHFAf534pKqdshxqOtRgfAJwoEDvV7o4G18hzVhJSI+SkRlo9aqgDPW0vJg4rtAFjPYgt9rU9v5F28hW0XnWBSRHLnk+Ixk6Ko6wLdqIqv+XgK5ca1ut2g0j77QJw0p4GdVVDF6tEbsIuPe/42XyRXtozky7HnRySZV0N2bxS2/G8VMbRWX+DUiEsSZP/i+BntACpvfoqSLlM7xD/pRat8SYhBnnLniNN1t8+peNxVLOXfwp8+a4VoI+O7gB9rKtWbtWrFFuoJ9UGa92vAvwQwe/BsMe8n4rYRY07d+iq/IVPJDXSF/rAzrsJou00C3NupkkQPI4nvxdw4MSZZpJx6f3ryFppfO78VqzTGvcs4WQopW2DQiBzlP++Khh7ejWCELixSdDfak2PV3FMdOs3leS7euMHuaA4WK/jkH7NUlo1amengSvraUU7wgJsayFkitFdYRSiRxLGxoC4s44WtWzA1NYvFD2gkVeohnC9RInZC+SjqbGS7NPzehEOvGJEySQto4s5RXpGrdYLeri2/Y6iZ4RzcprZCEYshvEs9o3R1bGS4ajCqkfJJnL0tTVAQdoE+7zbfTt2G0g1dRVAJMuJ/TWPl0uJoccmxBBw+yddMwlAXrAN0597frXIU6/MIDXWpXEBfduJOK6eJQTLW7KHC8Fwrc+1BDm7qaT5gibfhYSWaf4nFoZmReNy+1q3eDOOV0SOXYKDjtuPftlQOKuTapHl0TyXTVpEzoHi+D5rJVFEx2Px2+4UP/4pHc/EvvkfD45d3k1mVEngL3DK80M33ty/gndw1DPVn2sMkjj4QpLPs34Z1cGu+c1ApJ8iko9GrADJoyg08KxIVIexqiGL1KUQajW/i0LUdJpCtiazcun8C0DsTURWcVQP/53aMUoVWK8SfVowqYQcuqlqoc/r6MTeOQT6eSSDtmR7Djn954V9QQAPWZ1y3AYo3brEK4o9ryrGG6eQHLai1/BT5xr8jF08p+nhFiRZMkDlyQ0P76XsSRXPiIQYrCuyJkfQ6wDkH+ORm+TH4VEHjwFN8TiETWiP3LCi3fZhj45NQPklRvSOd5Q5Z3390IFdfe1B3koqO76oTvL6kcny4AGMixVuAj65/RxYzZIHoEqNjkCzF6Cs7M3fPLd8tX5Vc6ufnd3ZBAFkWZZlFrmvBLeg30jTiWj6XQgWjvY903Op+Ix4xqUFf+YW8YXjESBhjz8+EOSMy6iJ6HI/y1RMmpZ1xM+VasWj/dELpuIZ9+hZHHw3RTUcN1q0Ce8L5J0kKN7i5e8mhxjGmygfT34rkNoYvZ6IzFYtuECpu3laCUHLbrHuexmlxbYP4U9fuqzhtQ7NGoy/ta08lC4EWxSK29efzfmdsws8LcsgrP3woscqTMUvlW5gla2avcqz5liEABZ1bUL1FG9NCbBlJSyDG3/fbILEBbZV85de8beQJLhy6NZAWmT6Jv1VrEHVO+5MoIPY48eAKkdsdMX5EwD3erd3ue6Y1SnCOWbnU6vcRgOJDNX6WVoju+h8aCj70bQQjLtuJxzkKQhSypXHm4ehjgbxaF72B01bDinorUZoOhwG9x4DlLZiSc6gkTl+suz6FuDvsW9M5OlcQD4GuxdGf98hfPCXrZ+iBue0ZAsZTE+8czRaw15b5rycvxm37oFUPRBQVI9W/NITar4ruaV5r+PmtGKSqOzNZwEXT9S53qnj6TI4duVwVa2m8/J8TCWXsmqnaFiz3LjQPG21H1T+4Kicimr2EZi9Z6Gfv9NXWyRxVeYB+mC0znYF5fj6y2uQHw5/OWfb5Oub8ReVeF0/xP7bDt1ibp7W5wy4WWJIV74Lfz1eIR0VCJQOKJW/KrjMwxXeMVucDejCg/SJ4RH9kiq/3tdn4BDvjRgbCA8aLUEN5tzOTfGetlA9GjwFhTZyUcyVam69S5XB6HhZeUNmsDF3fdPO3SAS3yveJ5nB2k5OBqS11elTVZSvx9kS112R+xXbZeBbqTNFpR9ZoVqe3NmCmSLbL5u5QLKO34clQX45FvcsmNsa3uRYoFpjfxhiNSt4qTkQCGj7TFDYvZ90+msskA+adjVZuiuUKJ+0ydWP7JIDVBzIzpuLekjChJ2XFDdchJQdniXjN2QDKEeZBiqo3zuwRkdG9yRkQiTXjHu589Sn9zd8rVmuuamnMJsVr433Rz3xaMXQEEgy0XR5i06zCpN4IZh0u0KOQuT20A+++CPZmOAhzyN7IvixnSmfGH8/LBk0gfCS9EK9x0rSNunEgjReV3r6bd7yoktayFbec6w89WlmRrwyNY1QtQl4daC4CYB5T4VXTgctTTWxSwiPG1TkEOyEruLGHQN4fSlhoBFT5XzPQzf3kTpAxYXKhmKJN01xreGijZ7WpHx2lw1hBO1Tb4Oot3aEgMOKxf9Mbm905xPMAQcz+hnwJF5NvCYvx5CNE/J1x63f4boX2mKBqKQjigAPwGwBT0hb6Ykf+VH0R0crN8+F8SV3R1ZyshdVJQaJ6mqSwwd9/sPlkWJe1XvHftPimEK5tbpgJJwYxZUsSQqlWe1s8QWMxh1rwnze6sWYyoKn5HU4E1X3mRkngmMlSvJfb40fzrj3k0LMwno87vi6ZfQXK9IhcE1GSJZNE/k7y14hjG2XVEuzN6D65etlLjYGrxYMDdZIWHlRfs39w7COqJXIeJVtHGBXvhqVT8+CV+rpqJFkLzQPvcR/yKtqEhEpKvIdX6F50chpuI2OZ8z5GXWlPoitu4GF46ptgCfVts5/R4jE5EK5GHaVEKP1qtjhcJS7SgTUKuW1ZIaY9l3Lyc/VI29KAoYlm+vzBGQL+liqxQ3BOzvs2BNNDzeFLdgfDmYaMGb27hxCJIghVkcqS1tKn+a5TOrOJZX+ArD5oyncW8vUoC+bDYNr80jpJsLFeGot3QIcsXVumZvT1LBWS6Rhvp7Xtb5iSmQIIw16C/RZf+72ToOF1MQ9jh3a128GLel55QWqqzF3WATF7xvxHq+Mzfynnd8OEO5myHo6n/auV3h7fQ7XVxx66melrBv9sQbjdECnfl3w0xtq8GgDGpnlp7Q3EQBbypgvtClT+T4gWUXnQc6CIEzvYpAPYN9wkroj/kg44IttI0IbBRAdx17dSWYD0kQtJ0kmR59wFgyyVbsP+C2qXbEee6h69EbjzMLjFn/9xrojoUMDzrPXyVpe2j12XlCk1l0Am+i99Vsk9nlHbUZ5iCgDpcOHAYFRrChExcwLpU5OKLWpzZ+ws4morN7o9qI9bcnH1ZIfDjYwOdZSt2VR6UBML9nZv4rK4TUjxM0UWKLBKsOpBVSX//K/Cbbnw8KnN7D8OvXqdCsgdz0HFMC344SiPBgdcg8IDwD3q67Yod/T/2DWOVTQqJjcIudxRh0AGbeS8yCAtLQy6WsjqDfnx+Nr4EP3f+1btD/I7TeC9sA7smxobC6FpX+rQEQ1ZE7Hhec/2ouV7FGoPkw6oNheuZ89byB7Xh0jLYIFOgY9VW2iKWki58dIYDIjnVu0RjLolj52V8TnKn2A+QO6YSXdgsl5gjH1vmUbgG+0MU9hGLqWwOZsn0KAzBukSbgP1E7P0TdEjVz7LvCu1rKYSkq8TXrLEi/aZviUoSQX+Ce3bGTJw0Dx3/YD/nUxVHcOLO3VVpqs9bjxlsKgwr1PL2XYwAwwMHYn2yGa+B2ZTZeo7KMmnQ9e0fOUnakCmB2goPZTDEaigycLjh3rA6qwc7I5koE/nIG/GQoQLvpud7OtZNpw3SKeaMfnJR8ygA/GKKSP+28MI908l54S0y81c+JmL3kLwVJaU/AvljTS6Bq+HfPOLlCAgSTMFHJFYcrKkrKh5NrVkcneNLcDQa4snF+sRPzE12OmfTa3pIX0NrnAA1y7MlGca0Ampcw5tSU07uvP4xX+WzT8H7ptwrjFp/ZJ+fkDS2yxxV57fm8KmUSoCoCYcAGg515vPDnHcUdqruQTHtkHfbpHSoGHduS5pBz131tigFl9V7qe66wi7zs27FySouU9m1XKA9KPWfqYeu7Si+fftiDxJJF+I9zoJdHEofGRQ6YtVd69IvKJE2PnC3xvQU40IjiXqm53mUW27e2vmAheNEegcBmm98gMYpvzyrjXRKaw+ImoO0P03eQF0xpFFblzHje1lg9oqhZWv6e/7WW/aDmZGvzx0bGWaZ3aACTAx2cNsTu7f+PfkXNqSpyFYBCEdZjEPyGeAv92MCsPCRioLQilR3eF+k2zeg3ch8ZONG33WGzT+bxVLGofu56F/GnueROXWzrm2ORU8nxnN0+z0Ymm2URRhk6wUoVlQjoEhRsUG0NnEyy2u1wMkItHXSBAtXYOvAuZwmCds4cyLtlFbPm0PknO7UFgbuqYpxKrAxUjgbgKOM7waJbYWWMZzrRpc7v3OViA2dPzWUROqQw+K/yRvGrjHGvmJ+8jdLrDXE6ZU2BPrEKTd8l5A+TgPby9pmJK2YUDoIaImm0uur7JuzOWNcV33hEnqzLHJAHEep7nGsa0Ph0Vf6GmguRsgqx/EARXMsSfMmTl/ldI0IRgA0PlWHcIF4hUR9cXapZl4+ATCLyTzoEpQGMUk6I20aeUXd9Wjw7W59ybkJ3tLF2N8uTj5eobOD3QoK4b6UdCewNJFok+LhO8qQp0mtLISAg2d996pL7uTOearPeqb/fgSi7Jn/noTSRy9XWOp1iwEe7t1zh74GhI70wkSofREB/y+cmAsPxWdpPBlshOztk5vNq3V+SYk5mt+RKx8zmCoIYxFwzq2Q3YoMrDpMcbRvSnO6df+sHpm3kW6byqV0i/ld2HVDYHNhOgKetEoCc6G7lIj0hZlrsUoz3nItRzx5qj3se8FtWptmd0vo2Xpa+B9ddfKG7PZEpGuKMkSydW5JWSRIM/jlJsg+TO5Tlxb/+X0y4+pUid5JqnxDjFTMNjRj6N34EViTewJraZjvpctrcN737vn8LRhRTwkjw+6WPbeypkg7pzykxXcGACAxVfV1WwD1j96DjuSn5rhKuPzmFl5XsX5U36DDz/SPKwSrlZud+Rbj36ecqsLRSRxfopHKWUZBFyUbLuSBNAhFc8delJXaeTTEauDYajQoBqNkR6BgUrh09LWV5oyxwuzq3TOgexLDKfCnGlfq8smS2xMS6io+QhgTqqUt/73YP/ogmSDmHmbfNBfiSQOKmysfKilIhs/A4SThgEDe10TPPefvezHVU+q59p2HVv07W37yil6rtn7fZI0hxxx/TLaniYHDf7JRnJzGrVRtD7Iwf9n5aouZrZ3d4PUinO88uJvuEeoReLCBVijGv3N9xajou+cwDkgVn43iRiKc/hQ4Zd86+6v4/+BLGgDYzIOVF/pryY+dMdXNywrOWLDuxQX3qv/18ovNBl0QIWWua3GBfnCR8lqpfwlkkWShBbJpUqD7WxT6mJdD9JvIgdNlaKnC/NOSKu09rgSVwwDa5RNd4w8A6CyfC3QiTrLMNRJit6AbVpliNyZz2YWyezRRlJIoqpjN020/CN/4KEuWzL/GKz8FA6mKnSSSVVzRMvjNdpuo+3l0XLjOBzLsfv0SgZy7Z+AHk1emWFehJ73CdEEeVvXpI91uf3ijbocwMdMd1FJmq5l+RX3w5tryz79+2nfxkXw09Jf/QfEOkP/EPLOibYtDvmbJdrPGMcCx4O3594k3QOYlsa+hEGLNvKAKcRQ7I5+8+V2p8hCjMNF4JlMh8auGhAbUcCj0rz7Pf1/+P/ZNqloJoi0DDWiV3y+Pm/VP7KFEPgf679P+zr/5/fPoS9FTjwt5tH/vEm+EWeZ3Qykz/2Z/E8Aqrh3blVevtaIwLo+Zb7yaRyMSm1twNHpRuGsX4a6PpBToKzRbJ9Q5qVCSERej5osnvzd1NFYnv2oXlJa3TzVtHDqIDj8nZfvuH0jbA9wEtY0a/TK9R6AT3gj0t7Lp441SpPd7jTo+n/Z4s7hD4Fa37TGv205nl62QAYYe8iD5esKQSbFV+TJQ9utL6ZEVqPKVBevJlgLk6qPSWrPH0D3bsYSIfjAjVXoD9LlGte6tGbXgYFs3lbAZEKPyC7shUmyTVWrHgwYl31IpvWME6JTX/vN70cLak/7cdP/WC8xWsc0i/7UgGJ3K8VUEVms1sRmgedC84NGzsTNfz3EcFld5JRdVeDY8o+JamcSvNOhW54pyImHVwnfTw8md6elEDrdN9p4QOkoriXBbvJtk298vdHc7wO1Hh1+aba1DcOai2aOSiYTc1Lsi9GxV5w8KxSkZdfB/X9aPDjrncCU1YlYBmvwPM3YzT5NFY2/enunWFA9h3OEARef3d/0T7LzBVwSIrWrfL0XpRst3SlYM2yLjRpp3+eIBc1llQMTA3r+eX96PAyQo30uGtwLVjqsKW0eIbpK9gS5MPCGUMWpjYQPdPJdQyYsj30p2lT+Wr9ab2+RmFxkmTTQZH+pY3TI/j70sWYbJVzyxN8i4y9X4BRuvHbtxUzyhSCLS/njPw+rhQXwX2gW1IhkOp/1YxwU8r8HqEyZ+UgR8s5s4bT2GsMt2ENITTPFNDTWvKsBEFUcA0MrGxIkhx5/yrVYDjeRxA0PbWgahjpkiAZTzzR0zfYFzz2ZDd5A3F4qYBB1qA0GY/aStZBRpYOvf8GR7HdD3ZeR+2GlA1twBi9DbfOG3kVE3BBkJy2xFW6a4+3NjSHqRYP37WvfwkDjCB+ySW99gJNO+UdQ7cl1i/dokog1SCx0b2fd8YwPmiaslk2Lg23wP8WJOqK0O0ALWWtDQFehG+LwPipFnpdrIaNMoKXiUGzr66KKev3VSJctWAbOOkaMeibff3ZjtdA5hs/UQYePx6tKdaPYoB7LQ4i1V256PNtS6HP100kIfTgbkLU8CoDumvwvp/BrrxKWYtUR5dQEwpLPH2Usx2KZ1/s5LMvb/CPLqVdEZTamVu13NdOLK0ik74jp13b+EX9J1NcElclayGbpH/qKjb/Qab7dKkQjIAfI69ck0yHX8Wzr+ACg8sj3JWyRqiIEWVgiUt32bHibzVsu129QBPMPdPBvpVNCOaIZ1HpT9vW1JgOCgdoOeArDTPGzrFLEFuL9N1jDz/cfCAqXVhxOTnem7iRJW/1UdP6j2DIaLxZ01rtOcTZwYOzHEZgQfDzShs7q6DDM0rsg+tIuecWV/v6IHqm8vIJsApXxKga4hrRiZ7rwNs/94a8+QEXSH+JqF3Y1CXWmGw/GVliTbCE83I/fkc2VrD8BqdIoQs70/VQlhLPWPKS6HrsyvHQN67xolTnx5ZVuQ559YmQ1ovpP/GUDFlAmxEcQqe3h05bSWozYfS0B5gEYzj+vYBDUE0s04VwKMNU7Jgec5EyONzu8lITxrVSKDIvEg1WP2uoiS7V31c+c2f9YjNv6zk25tJgLKXmlcEEQ/GJIr2rAPzBTKx05WIQBOhW5Ju1kWsueeCmlds6RXWxFTeRCF6KgENDFjr9j8E9gQ31KyUZQXgen8fkXbQj8RXizLP+E54MoCdim5TN3HvbFp309TVOoiKoFh81lbIOLMr9LH8iFZWYj46ZdoOl8jD1lom1K49P5tUmlpSAHVHYp8m3RPqHhcW5Y8MKhHQhmNS0fdI4WLmj/ehw4JmQhn397EcLg6kjvIThhp0ZrUkNCgekyq/DVAOttM0lUVixrmzC71O58RZ6FhOkiucFwpTAGd2Fxcz3cUM4Wo2XIHrgdr7L9VgV5GWgBfC8/ReA2nB+eZ3jVYKn1dDELOUVioKPf5tH0GnDXTtkOPLuhiBIwtPZ/ReN761synM//kQKeN84kbhWyn6bT2P6yvjl21i7aOMRBQN+TPrKovk1r5/TWSnyb4P0KGzW3d3kSpvR7JuT3ZG3SCO3w7wqUwg2kABlgJMmCn2FYFXxk+8FplhGGpyfW60eeXK238/JF2GqZJBKG8sAOEGhkLCVT4vLCPksGJd9mITxTOH/yj0viDaQb0Jb3E/dTTZO/0P/lCGempHb1x3BC+Vu/rRx4bShJujFN2jp/cWdN2oEUpNq836R6qp3HfTM6wDLOkxeyTsqY54kmcO1eosSlVI7dqBVeeMZN2BnJgj4AMf/dIGFulwdDL72ctbIGim51rxe4MkI4dwOQ5mgwn1wZxbjkul3vKbR5pJjWNzpN0EtKjMdeRfB8Er/jWaOSkcEnG7nb2BAoiTh3n/ecn5lMBowt+WKrUfJF5WWrzwe1rsCOacinkHMfNLA32rMb0rCFNqzlGLkXOWhGzfCikP3AG1hGrMFU8sWYgCEAcwtuyJ+kRbzn5gLYJuaEV6HfPDUFwRFpTYPxg3nM4JSay7sC2rIj3K1h/lxF8EAI6LhNuiFjSAMGzOTtTLcXm/+iRBl0pFuO/VHrZ+qvt4joLlfVRNoOP6tICVKUeUPqrWV+o63WS8tLUCE31ObSmBxXaemk/2hQy96xMTlb8inp1gia1a0Fhehx/jDc4cy6C7Sr66hh8PnYo+r/kCSTBG11TMqvBiPGiPvskJXW2qC+D/F6NKqK1NKxDQtefu3sLG0wnrvvNr02Me9qsAXEDZ4P93iOxlmig06uPPlHYW/cuKeb+6EYTo1vTji3wWeubR6UeiLMLp9XVwB20gtl5qBRwvxBQPE+3H3gyPVXYUu6F/5IuZx7755nQ3Z4PG5HB4y7g5M7csd0z++YuTr9cvvXwH/7doV8b+/iTmdi2qscOWnt133BIcsu77CxR7K7RaTViLbpY1cADUDHsfjdfReyee94j+aN5ShJErOF8vred3PFBEFR8Ad9zSNGGv+6KWLFI0Jzf3yZA/Qt7mrWis151R7F1628ASnQHHv1WQ0p213k8mjuFO5L1f2RDdQR2dWblt9j5I8CvUnQlYND66AJrnRyOovn8b8ZfCkL06Lo4ZnQkJXh6rbEN1GKmZh+szKT6rrdzSuCaJBC9oOtvKHMhyZ6191X8Dj4L8+mOcrE9od3D1TdEEefVbVEPraa834jKFFyjkDqB/pcAbi85eFqP7pKyLDYn4aeYyLddL++U2a1T0mMExsza851crmtHZ9b9srtPanA94JMFfuphflcB1GQJZ5zeRJ6nIl9KxaPCr90YFZcPZGnkCqiipfzS+H6IPOg+XFjOAbxgJU164tVpfh9OJUThXFspKtc5Kvna8j7pm57HQMcp1iPHgiyuZlmmdVXVrx26EIC9Ybx71fh2/8VV9/P9GhWGE1IYE199x27hMxHWQ/IRsfymhRw/lM1oyvFSkChkSZOOYsrSURbeWslVo5HmqOt9ZzRneUPjd/Xaw87bfIbZe3gtYOcNCayfktiO6+XulpyrlmNRwHEy2j08mmKaadRJ7Klqbcnhg1l5QQO5J+PUiUbXUN78iZj3gcoqL17+MhXkldABzzUfcq11mfvCbpyB92HJVbVfbgQ/mK57g3c0WEtKo3k4t352GCCIKd62EYpqPURuqdzHCqgIOew9RGjFd1kOqtYX04ZmiQgzmbih4YdurLlt5r0gXuQliEFUMsQnlsja+L+ctfa3PiQECvdIPrh4eHk1ud7o3u0Khbi5ZdCSA4djKmDUDlr6Gd3q4MNHeGKMF0zRe/w8te5t3Z1x/j5Q94K4rkDQdHuIBvkk/qdA/0Z77ZRiFSEH2BGZzK+tKVH0BnvraDh0yZenIUZg1bmhLUkD3oiwR4WnkZMLCpjpeW1eL39eu5c2tjztbNHM429qktrT3lcHd6z0rgwKGMpenlCLMwVLwNHAhE4a3WcF0bYFAsDL5GQBb61stR5ss8DmR+7ezSgdZ8d7fGnMC+NSxGVVqCo2IY+fjmWxQ0+0ZPzL5+75feugGQIJQ09kZroCCICeOeNiQpRBm0B1+VvI1ulrQK84JV8FQNcxG4NVOjuUHnWAsl+QFZ1G+AXRWO7aK83cgVkB1hTVkLf1kyxF+zuxAoUs1xLhzO2eMps1dGcjDg882ymI0xhnNHWa5Zb+xvUn2TFdWZ9vkmucTcx1tTAd1o1o8aItDshsGTb0ay5pegDQbKjvre5qGpZd/Lra+V8BtXOLYXVaY8+sb3BHLU0tBBxLxPgGFlXLhWRas8F9cGGErwFLviWuS++BenDEnB831ZsOmtIuOmr6Aaif5KSh9G3FNb3jj+CYiHtHqdo5tNwdcyrR7/a+TZp8wT0y3CQynRuNcFRqR4D0EQxNY15tvHo7+pS6nf7f4qDMBmj/e3rvXdApgstubQuSrPNVPqunFscqKK6hzQ19zvviw65sr/PmD+x03wddy2QcEC8Ewo+rw5QCyp5Ek1eCS+9FTTy22ZuaEBeDE+W4VsJ1cjphM3DXrQ+sg411w6F/eYONSQsOhkAgxJQ7RrGEHsXFTO2shecq3U+/Lc5PRvE4t7nVRV9jY5NGW8uja9nsW3n0koeyzTt153nv8DhHhwFrxjMwuVT7JyD8hM9K2tXLs3/9RqQRPdw7AeP2lgvoHKj5eUtPwIIqhN+tjKx7coZ9U/oa7W3rM1n7gwLvcFksq/fmts07PiGcEjNz24Y0ZpWve2g954E+vy/WbSzG6H9Zr2Zf/oO6X4iZDv5Th+cutI8dvKc5OmMu6paZZ5Aoj+J3vzAmQtXnSOUFCznMaar6iL/prABEZf5gOpcvTAJzDmVln51qCqofyFO7+GnqBgYcnDx0ZmbrS+YR9ZWIx1Si69VyXgwCm7GVaskdCiRqTM0q8mt/lulH0tCvjRX0W5qWyYq+Kjv1v7pIY3TiM7H2b3SkwXdeee9s5K5NLbVaBAbNpzg7QxD3tkCWQtZaiCCaIykiieU6+o92rTS/9lnYvnG2297ICUA4qGpAMLmP6UleNTpoSJL2ArZf+FuqvDQrDF77DHoUrHARWTica4KnlPqm2EEyFrU6PmXrDiITGUSTE4TBT7NP6whZR0t/c9e3Ojxa2OpVthvY/fBLpry1bHCsFCJdmNTsmDc8vAYKYCOGo0zdxIQh/1i/yMbn0zBNVZfhIZrzBAOFW69Zyo4l03tGuFAiRFFeyhtvlS08ZyF08sCKqAH+4Tgo3+lF6bovHgZpj5iXfBZ3eTBy8t5dmErdwGL6j0DKNMRCdyB9mgb8tAt/q3ZVBWT3Ce0ZIftD9rSJJuvRncDiAoV+TKXnDcIv4LmPJESZqWNYmymqaSiQZRIfmwAMVt2/wTJLHS9N3krY859U+GSVu3b7HO+pX/5wTcBEG3EomxZU3SCodYN8JUeKPYOo62ICj19NmiZaQgyCOx94jwrzY1e4UtJuYOLNQitu/mF62ECMECLg+PdSMOZxDN1KVOOeR72fxfELq2mzzkY240zXAeP0dQ670vSsv502dSrbBQ1E6lKk5aPAN3lQieab6jrGUQmvLRPt+RhEt6hWmVqS7RSCC+IP6qFUApt0KCIE5+BEyVvSx/ElcrIJtuDEnozdWPR+P9/vML79zJrn1tGa058prIqX3uhs2mWj2tC3qe5lEK0/013wprCd22poxbFmn7/4m7H3gVvbPKTtnsTsoDtpE13IKUrxOkLZ7RUu9HupRbkQU3pVKNLc6kFsf+x6J/ucIEL31twa/XkV/+X775+6Vncpo7Hu/WeYAKwxozAYqApuFkgS4MuTOD4Y3p29tONsIei6DjciORgAek1zTTjnvKxHFr62u5eZm0bpsFA2uCWfAtJAURcmRR7kutwja+udTSmWttY2j1SWPALEEI1TCD+mbpU5NG/KUO6fl9zsJog/rrADN6pDA7g7sRjKc48NrIokSGM7U+6ADwjdg3eQEOoBsgu0LrXMd7mRsxqC+t94Fj+W0lHmZfc1/GMCuGggGaAfpK1GUsazdZEjr7ms1TQuYq9PNd3qC7Ao+Chl9L65VVyggbATJdxrNn1fwwva9+TvK5fBEsd6Zo0/l/nr3nr1V+OJzYWDaULIWOkQGMtvHwBFrqwNlQypN5mtmNMNTU/E2TXuT1zNQCCx/g29idboJor5OgM8OvTdvmLSu0zeErzohM4pdilwp+K72GfZWAbHLPcIQXRNR8Yu4WpbLc7lMMlfQ6YO6CJzro0aq1vahOjsiT8FdEH1fi1uEyVEr1M/HpLTlnqNbJlTSVHJhItntvzX7J384aYk3zmeGm6rMBgmuYtVLvcEsWGpbiNqXt11nQ1PpwdRD61i6sV/WMqiHegUD+qqgeAt8c0wEbam9O89qfxfPs3+ZsmTFV40PHzE9EEeudEIXdcQtHIzfy+mXwrT2zgS2Nedxk1ssCzwVYSu3F5e04tzHveNhjp3t2KE/ihXoQ5FKhY2TNNZPo4Da4lbKWbL6C+69NCUIw13tuypHy+NthorkiT11ic6/QIhBWzjq8P68doGx1EhtYZY0D3l8GNSrwlycvpgnBGu9Bwsx1FoivnG20VGx0yrOFYFtqcsoqWNxw6rHUdJDqURbgXiSAjv9Z1dAmVgLZbXG4us8mR8RUc/gKcl//mhKlwym+UXpwbZmd5ywP4v1oKlwiEY/zWB4MoBkvSct+g2f2X/Dc4b1Fs6rPaYXXU+IRdCFY3jmwZw/z5r5+1/e++ut1sNHBk56TANMH5rr5AA28hzJN7NxQNsSKXHGJlV2zlNYptjApjnu2M9X61ujYliLTetYNe6+bHcX1kK8t9rnN6l9wBR60Lz6pU+9NOdRPCKY/V5u/8h3ZzS/g/OEMZwcdj7igCW8W+lCGqdnKYGeoRAYxLu+1jET+7rWA1Vqz2t5FtQKA6gLMDdqxljUZkybe2jJZK2A/vOK3vBbwr1LeDEPFTKNPfgbSALGRXQ/0ElDMvNQUeLwVW6vwGXWu57cw89zTDpdAdlo3AjSr0LjXS7X6VEvlaBLe+kem2aWqJRRY1H0dC0kVcwBmeym7F4b+uC2ZQYQMa/hnbuj99U3h33Q34soGwXJ90RMIFBAo5Hvz+lwqLi6PkmwaeQ0AsNC6j69rAgwEDT1QlpYc1/J2PfOxb1svDJMQom1gCrJz48Qtfs6eiFXETZK3OtYSGTfCemmaen/cfKtSFVNg0kFTIZwz+DUJ6uBmQ4K/kPNARw+2x4xogkS/DsLw/1OK/I+bIxb/8nXbiola90LRYbsduoidQFRvV3dyIqappBxPVUnjZBw81Mx5SPOeB7LpDHZVKs5CFkHKqV972B6waI9ZY8j4UO40/0rxnm8aQeNlRMFB1dkI3C5VxB6pIjGbxqehF798LXjvt57diEMXlYkkhz478Hl7eXu25NjGM+IY3QprvB6RelImd8Chtd1Xl1bnnNMGNodmuz+ZIpsNfW9xcsdWVEUV9Cw81Ftrbq6IEicFPK+8t/gCD9ikN34WB+V80C8fdlGKpYvERLxZm0e47D++zPKnb2cGpdNAr6V57FsHsVIB42d8Rhjr/n5iDKEG9I13cXHs46nFyfkHDRyCKqR2afFNq5wvYNNqGCmd/ewYG/n7tZkPR/XNXxgUB0TtkGw2gh7+Bar9Ft8AtFRkF2Zu9YhbXNkutWZaLSALD9nRxtg17UdwusM1A+aF04bxI6/NX2gm4y42U6SKVGUxAy3f7Xw0A/q3Z6B4n4euoMRHX48+Npt4nT/oauYX5E35LS9WWmKw0y0VfTNMH3DYld52iY7XdT2k7jgog3KD4EDmU93Z04ONBtyigHAH10/kYm3RmICTfvVTFCb3dhjKb67WdDtjtp0dJ20f1pvcEyiIRjfCQHzklyGUOv0FCjDgKt06AxMD3CZmbRNjPPFaMVolStiG2foyRXvQjcaLyxK517wMFAyxPZaKmg6+i9yIlrhrE7xEgdSo3jVsCHZQL4fjZ4fqoYVUBNDyjmMOivRTzmlkCMhWn+mhF6cdh7hxyoZmiotpgU4bIRU93V8YJUD769mTgC10SclQARhcrqVor2k3YBBrezRPqycAUzC/Vo9XPgpFC8EwJSHacWn04BJUuVcWYNhGtSzqC6GCaI7Hkn8hXXCCjXOv1De4yYce/YK4y98cQsMtkf6yPju3X7AoKOSwijqCfuDOtaJ5zEn7pH4MBCheYOAhTa+4krGU3WT9U4YlVgYi/d4rfkGahJOYW6DmPZIZdOqSRBKAMHzGN1AJ/r1s+d1r2NHXB5KzF7wbnV2FYPLKo+jd5I0kAVnWPvdrPMrPBgsLSjvnAHFTfKavRZNIP7vlaU06v/GaixIAlYH8vreAwwr5abhGqijWpIC7tOs/0AFYYaPpxdPzlfcaiUCWRfHGb55A6US8YQtQ0gobgVR7LflsRZm0Q41uqmQGzodi74QAuVYJTD3Y9Ea/iLEMM6/HN2zrd37knTGMjD6j111qo3sfszm4ArD5VIUmIMUEo6pfph4g0Dzjlqwv8yL/RYucq5ei6a855WXN0njs45vfq3imJ7XGnG1y9fGt4tmDfF6fxWfv8R9VYsY6szRljjncPbvPRgFswn6/UBscyoSlBLSHvPcFkOmjFRqaqpaHmwRMP+GkXzQ9HLsAl68oM9VMcPTF1AcExjB7SLewJnZFb/EO6fyz0m+avu4kKnylD4HqZ26xGDudL2AJ+/GvN8OsTAi3pQZDAPfkKqH+5b0L35zbB4nSDPdA160K5vkv7/P+H0Tg///m/+5m6VrMVzM+vHN+HEIJRqYAnHu/9tlgXm61MmpJ3m6bDABY1L3Z3XbaI3Y+J0+EGEj03eSrplcDi1Wbv1obcv/LI8nf1j3MbPbtfGwo8KTr88TRtQbXxWaxWMyx4r0iyW9DdL07t4BYpnTTxsstF9V4PkUFs7MfEbq/xNssSKtu1SsgSNr/nWSFqsCWgf+KixFKEcwo5dy6wKwUDo24/GDBKdwxw1Dss76ev17Y56C7p/szYj9EOLdqv/5FmPCH0uoHh+8dHx38NeCna227D7iF0ECQgMBg2pP3hfyjI6wXT7o7nsjqHC/X5QTu9Gu9xdcSPHQY762VIthAzd2IhO1txinSw2gghl/Q32YUeAUzx5wFELSPr0QIKV0yIl9qt3Loq/mxj/8kALobklKytBILvVdGuqESobenP7epeP/U7v66c4y24wt/feTs91/Zp7hLQ5DhZ/JJ50dD/Ekkc5VbzNYPYld7mYe8yWPs/p+/j/rX3wfahKEQO0MZDWBtZwY4Og73JjLbmfYkLX8uZyK9/tVCzdqtlZDVHgsHganefI12Cjomsg9Curv+jHoG0qCdZwUr8VImvTzUa7Nfx1wnsue8f8n4MVQ+WNIFCl587Fz/f9r78qgmz2/dAOKEotUCKpMzFQQFyjxWi7ZFoa1CBAIoKCiQBAiEGWIVUUaFMsnoiIIEMZAQwqBWiEwBRQiQhKCBJAIJ8xDCcD/gA21/56x1zlpn3XV/94R/EJ68w97v3s9+9vslSKIyFnSTsdcNkV4V5Q23QnwBY1WJrIc05eWt2HzzxdqZtoykrunOv4Y8OaeuT01Wx0zZqUMzQkJHq8ppgWeGyP5Zns3Tet1kKPwxLETJNMQEMQvskXYrjuFtGCzQJTeeeUO+2/G68GYB/4/PxE3l/b0IGU4FNhNuwzCI6nOlkaA0snqpJvaJ1bsTjUERLl3+bT4W/pN9rkvOKDsmvhxhA1prW4ofnUaq5RRKpuFy43iC4m0f0e8+NVfP7kE/kUygteBf9xk+d+wi2nPQLknyQ90R4/1NP5OC/bLuu2lReMOdA5Gkb4QJMSfINr0HEliEK741nT484qUXC9kxeWQeK0WV6GnqI/BHDrDf1NITmzW3r+7BfmUP7w/WTJRP9dR1zwcwPpFt1lJTZtOkjuXovuKTc8Lb4Fdcmbvche1Bvq5WSF+Cj2VTb2PvFOA+fC8W6mBl7QRteoh4m7yuhVdj2wf7VJEEVdSbbfznGlpYiMnT9i1KzlKv+K931aZuyUWxgiS46jSm/vOGXMCsszEXmi0affx9zg9O9jfVcZznvfvE/J5YlKJCMp9U7aJi+e21TvqyS7MVHFgu3GUaDmtbkrJ8OBWeO5ydIY6cQotnng3HJhzU9AjQxVCPHCHdFIxTJR+ahUyHKeikB+c4GWLiL9DiBfy5k8UHqg3HDDTAOG3bthIcUmtabGQC0CoYIJ51U49XAZ4ZqRN2uSPYOrQ6PGkXV1uCu8OMIl/U+KxoH0baxyJEyGzrUY6YsUEUqeeYzIbzd3Hil96s0eOxYSX4U8TGr7RS8SZ8YCpDj4brU2vFua33xuOmUFLQ1LTesvso/dBJw3VPJxJVigrQBXGpm3LVKrIzbWrbicf1jnklNBSZmC2MRmkn/HPiSbFx9y3VSOoOU9Mg5aLApALFHISiOTR1MY+Ij95/DKwR+rjIrc91dfG5j2JEZ/LKQn3pKfxt/eW+kZ8Px3qygDNOdpwO/A1FxhP08GRymYGrj5Jch9PZrL1m4XO8Zv+fNiU2H6it8y9K/efiNWWnfEm+3hwgGOx1A70es17aF+tv7/ax1LO68frkEabtdnq8gZ0FIQ6JUCBkzttOxR8ae6FLxabM9GTkuOB3qlGz4XQYBz50saLLJoVMjKPRBgojM0mk1NKAzO9YbGNX0ksUY7guMFhwbomZsbchy11hv/8BflpjPMAKgsGPU8lHOO9fX1F42HCXdiHBqaoJoncj+oqxcCQ1ZEv2m7frmLPfYwdgNuP6H30slbqzyrOOk3agVB5/uz3GM/YCzc/INN5xGoi3X8eKYqJD3k+2dpoThI2KGVp4SlKtMa3gLUnur9riEWS4TN7AibfJeahdBuFNqxEOZjKEskeKRYQW8jct/UT9ERQCgt6NrUlH1JSXYsubsWa5cmX+VbnOen6UeiTeqQqup5RT0ay66BL63mUrk5etxKDKQhZ+u0Ehqwx5sj7iqFNKxrdShcs3Lf4gc3tLF3Vnhs73bYkQClurZydiQhmVC5eRC6Si6rnOpqUt9qxd/3Vn1rb166eXBXuWU2n5y/b414X22Q3IVz3cuc1iXz3nfL4LtHvp67zOmq9Lssf/Twv2fAKjLGDIzFcN0Qgk8DVk+Mx0a1H23LQlQjDboMw3CfxEobfPObOYbqHyzoqmIbyrS09CPPcvr+1mAgTj4ukQoaEkwoJjVfXHW3O8IWvWB2hIHHCsBqZBzPCJ4ZyF/Jg4bafpx8AZfucWMj7KSz6l7yYjwZ5rVqd+Y+7OyiAcsBqfIJgxbYeMBPti7WrCypIFsVMLjcx+unOL+jzcSR8T73yMPqtgYOVDql6ytOcayJZuYUA2A/xkiuvZpIHzi1UHeKuGkFc9kaVnUABohhfVg8F9UjE+n7RU1DjT/d3XVOQup2qbNU0BRZgJbMgJ2mZOxtDWlcnJm7llsMgMiucVa8IlZFikHTrEjKXrdk0oSDWj1zNrgoYiTulPImN4ZQUALbaVz+uOIfeE79AMzNbDquU0wGu4S6e2znL5LBqDp5sjKoNRiUO0t6Pj1EnNAnLGltxFys4eB7IC690Rm+86jBBOepoFELCV6s4RQhQ2LeTAGV52TXKMJR9raNr+WcvcDHVbPYDUMWdsGhShZpngPD2fkDx84MHHjAVa47vam2bhbeCB3ljmL0xho0WOnoK5MpB+j1BACfKr0/EjS6XDKJO/iHMrQuTkPYTuPpGEvXw46eUklTkPk9rE6W9wN30MR5OG54zn1M8xn1ZHSvKG+gECLFC/gexBaltrzg+JUX0MlkLIHawpDnbxhxOsuzkZAB99eF2SV41e9IuNV0LElpxK0zmd1NnFIAI2MD4K94qd40xm+gHsbedQu5sVXLJo7al96LdIVGaHSgP7sD4NSyDdrke7ZqJD9K7e5Ryb6pQkaSahJbl1h9p6B77lTRdbKyVO5WVbMJr50qekt3GayN86l1L1DQQ7UHSVIeuqUcqHNOKBnHCCA+/2tZIoTtMtQa/1XuylDGF6g2WA5Cz9GpbnE42e3fFwMkFvwuHurEwTY6FDiVOvXTtJVC0P2zoh7zT/W9PcI1gd082RlZKwu8jn4xac0plNiYRy2cs5JAuH+QtL8R+7nKUvbVP2NUQtzFKB3AECDbD0bMObcIC07FpsxToP5gEBRibY8a34BgZxCWZzqtWAxMI7JOqyU0YuuZUt5sc0O8/YVSnR6BTWJWTGgauw/e0PqlFwCW5ZY/5PrsMdcIOOpse4g7Z1o/qPulRqmxkvqpoYLxopP5XwL/Btp3Am7+i7/QWlHPrGV0E9F1UZhWoKRhc7GCZ3EAT0D9yKzPLiTgb7dIbDfpI4V1+XfaYUwTs6lTuml66JMH0RmhOwj8kpOmBam1Hn/O71XAJybNQ1pNFjDwbhDIeYTD24O2tJTKxuKq+9W5uesDvK3mnc8KBdBODv8icjsvCFqKX3HRz9KhZoCTbbAt65S6aWHoUrvXjuzhlARiDU6mJtaZGuqET4n7A9SOHdipf9pkAxi7ugtqGQZ9CMX+t0uVS7ozA5wTW/NJhP/9N31P8jb3NzXzFN2GIaM/nN4U3vTV6l1cLgMDLe0ogaxs8OJP3qZzJXp1zbO9Q7TtUvc9OBvmLPeUUoMeA5pALN83HpiqgTzcURIZaonz/3XyMtGVc0OVldoFPRTBIfH03IF1oS86ubRgJ82fs6DmIo/s9UIipZ6l3zW7YvsTBIb3jf7rdaUzkK+UYXLzTXSZCg8gloO3clrc7fraWdhoAYp3gIpnvDqLH4gN0BGc+OedZ8qtt+2urKPUdEa5vPQTmpXDm3jiZVOWS2Q5dgnGCTjiIAIizo/CxNXcckwIz1siOogbSLpgL9zEdcsXow9xldfZ8ozKm+CnsZiOgcbTVb2+JDOqjcMv1gF3IieRYeTw1k77ssV+mEBhKKHo2uG6tzKJlTPrgUiz8tk45Xn4vY+EVNg53mOZ22SpWhNJkCoM4CLPAB/9z9cYFUOcM3mbmjorb5leceTl/6kXUtSWfK+ZCZcSpFh/opbILdy7KuvkvSZux6WRwxqEAIHh2piYtGLoq0UHNAb2mvj/9B1dC5KkdAJ/1MYbR1dGh00xFDqv38PNIlSJYybgvfd7adfp/dYJYvL5XbHLpGwDmankioTjK2GKTPVYv9x24eBagGNln6iaI/CVBj7XHZSa8woPkq1oiL8/FSVzN6XEA8ThofBKR8kpw+Oy3I67QOp1Mp24ab/orf+5z1p2xXX8cevnUW97WYn2490RB56rwv2+D8VO7ixutv0lprMPBq0lZz8nqUJuJR40gLYVP9WHkX8y+6YxMfX9lBzxaSZz2vN5apRFhITZmhG7Rrq0tvjF/WwACUwDgHqWzad7MgJqOlu3hmc6++jwxjQf25dwx+YfnWcccK817c2alhkwHUzfcnXvIS6zor8EWximO30beJJiRcwiuExvfyEux5QbH6adeQyaqJfltpLGOxdfSZbXQnBbllZulwLrbZr7OSrUWdqa+j7iUJNJGB7IeabgryruwezY+bTtFOPj/6k0avsZwJQStxHujdPBtn05huMQrONXa+LkHHXQgwG0NrKt9WeTHJ1IsjNHQz1b3ibhtMpHVYdTcrHF1bVIYexbLTJqLH2Psa5gZSt29/8iZoVkadvtBRuPYWL0kGSbkwGkWYfbBr4XdsPxInzPIaW+/iSr8/GfXNQq2wvBfmZUSVa46JFm5XuVthgWpWS51ycvJYEhzmy0GYWViQ5BmioekgTw4zBQ6gUWHIJDDxqpvi72obm3l2Wv5NUJIunDQXsZGyMP00Btb6roFg90ftdFKDEgH6TrKpGKXzwP99bACL6ZPe38p06Qw+rbHB2OqpiarVOyd7q0NjnxSOdpM/2u0nJDkrPcw4lx0GO2uUY3HqkHSdyjYOPOenG8+LNbU7M83bXwq2ohoRhB1Hp2IjUHv6y4ZnVfPsfXiTUzisCfId/Vr8Nx4hU3+9/ZP4iT3pxyi6zJ8nmwYZCNpGizwvhA2MnNSZSvUVVDfxF5ni8oKCR74gr2t+w8Xvchz9Tecq9qAIl0eDwMOHg2ItxQt3cdReY39IK/bq5M3lGze5ZQX2ct1Hbh8N4cNkJU2ldC11Hef9QcWnfJ00pRwGFA+gwWCTgRcABXIMpxzh4w75xxRAc1w5N7Qosz/5L904aC7Lu2c3/x+Umf8+CyJaF++WjkTM7XVe1CaIWL3Skc6E6tk6DSKWj4tiMjt4c6302or7QKlH9MB8UrQjoka2oqKAyt6/NlxJL0iwNJ0RqP7oL9zN5n9Pv+KAngcUcdHFYXUac1ErxDn62uL0tppHAVqwaMIqfPYzNLU6k+d+bvN4707XzE1TOMuq/EPqs8bY3tHl+3CrrybUIsbyk8dfafboll7WfaaHrov4BDHU6D94ZlRKn4pzks7FhWCTG44cbvZVM9uyZKwOWKAJg4AxoYBUJqYhKlStKkMhd8P603lIjR/UMVUVoTdJCuY5U3bMU5CsvLLknKVHoi93gaHtALT5n5EMd5kSOGSXUS8UVXnlRqGgXkLbCi6Xgk0rPW1Pk0ANBysLyVcnwkcP82rRgn7+hyxVmGciA+oo1Q2vs7Nxp1sFGkMZ77vgs3gjvFsyoZz/s9HHERjvkEdU1zlCQdYJk5vlzf7aY7+QDKidroTguz5eWY/C5R1MB4hkqlWIBgZrQMVdtranOhyvyQhl9lF5f44+IeacDBEwNpuNJdwPV2eVcMI73OdLls4BEbMcK2WXZMxzdP3dvJ5t1Zagz6a946SF1F4lHlfUxzIcpI5xMDYWAXYeNbkjNpsTxbiBKWjECFx6m3LBY8f1uQNaahZwqgrF4Tdol9U+DoyalvfWpxZVauIT8DGJzA5i0egGQ91A/x32SX//kPelUqJ7bBLHo6i4KYt0VzCewEDpuQlPFTTGI2mWtHk7a9MqetqQmpYpSpI7Gc72b1PP9zY4ETMFhyiebNtsMMZ55xSerWGdlWo2b9em4DFrf1/YqDypa6a+dJC0vWCc2smbW2Pv0dweO3LsfXOw9VmWUNIP+C25ZFwJqmHKptPqcfNT+E1O8CcNDEVz4LYPC7arm3F9Rj/Iy0l4bgSh/bE1/ZwB0lHPi/DEOyCHZhPXvCkX1UFUrh3FZYeGurZXnIYwupu1I3QZQxFamOwKGu+ibHs4n61riLpBm/2nd+GQsK7xXJun+EPe6jNG8WcGBuOLkSQH9SKHa17K5gnuTw8UAEtYZyRfK6Arco5StxNkAhWd5FHDI/ZsK70A64MJhTSHIvvWmQoxvxAZ3mblEGar56JwaE9KKJqrhCubEwiPjPJJ10emIooBnZJgeSmgHFPVZtqHCBv3aRqKzFm6PHsJB29BCc+kcq3dVdv6ZHIbOt7Zfkon49OHej937QjYlEvCHSYUogqGNb7FBhVPPFYkpnwuVOt3q/I+Pnobe18pIetZkvURgrhfqjSQB5V9i+5I2jlVI85Fh/UNAOEwrE79sflWDRRFtWntZuctEbi3A9gMqIdMso64ys8Qqs0Kp1+4tLcyxds1D8Vn0b7DS+VqSxQmlBqjlBwK3RXkmfgJjz6czQu0++cb0dv7anVzGKYYREGrTyfD+Artoa2RA25Xc1t80r5eIjsePpUgSEiiAyoVOebqIJ/TfXZpZyGhOrwZsVNrW+APneA+jq6M++oSXOOJz+1ifkY8TQzfLTvVVvtz9vz0X9mzQSVnJpQ1FjfZIwtmNO1PC3bvNjzcxQFQHNaZRtRfS4/3FfKOVaQnsTM8UJ4hcbZGJa0OppbwRvEyedSovUeJMV68FZ0IDzZyCg94G+juy07vR+/k04tLi+ExKir0rIK1z4q65mhlRDWiZ/DIY5OHYcrXAh6c5rfjqTTjgZGR0/OQWptiTwrL9x2KZW37QYemPYTWS7/bC7tjLGh4dsdzHmU2OMIB2Rh9/d+mttAFzl9+hHgOOy9MOAfMj5ktjC2IfzX/K8WY81/txfP/Xp3LW4Ccu2ZtKngTUbyELk83bCY2viDREaQcNn5nwWXphcszAyJueZrVCarXtSiLDWY3ue1b3nP08vamj0Pgt+zOU0sW4kadvcChi9+A4ctrrGz2X6cUvwy+dsVW4PfLr10xCQOZUeUxidqC4AC/7/mzgbggH+/nR7s+j/gYvW2trOzYcbzS1DhWgkORKeIIhcWc16Y+/X1St77x4KSdyB6vR0Jjd7KOMK+P2ZddCc8Br0isVzdY1EF68OAUEldWuJHYEIoiRG4VfO52miAn7bPmJzn6r21JEpaEDY8+pYnRkpzuGb9L15kMWgerupJaV6pyHA2m/GmwtopzBzbnqu3m/8H6xV8loytSS19XY13LSPgejNPlFzQBYV/vblK1+HiKHk+rIUQqV3J5dOH2ldGeAHmvITreIFrGqUllO5To61LijKV1giZ3RezB8F2YgRGKYuPJhA80eokUtVn8MuhcqVVHydpiwn28tzKtsJtMCNix13fJRPcTbZyNuRzf7mgcSyYqwciYyRyqKtRESQddWeAwFyoVVa2gfQH0qz630b38UZWAqo7TngNjFRK8lMljvk8maUSev8pAOntftsOdXcvreV9YOcywSrHxmGvXfIh9sS4q1R5ClnazTdvQ6z2OO2Gd/NfRb/03JO30kz6ng1I3cozzhTk62Xs9vde/y9WyshlWtrb5jquL/4fRnUe8W317jV2t9JGWIXWMN74TAxp+2fJ5CGTsVhoqUzvDC/Ty5KqZ5eJcn6aerj3bu3VTKi8CTdnGloYYwwQPTVZoXybpe+LmUDUMJaHtHHWy/yHpzFl3Ot92SI4SeDUjJWCf1GDjXdJAvQEHwZpplzFvjjvT/L1ZrbQtRnb5FKCWq6ERIMmtW0sYuEx7gVdPaIYZlDkwgnyv9KJzgs2InNFD5TYFNKhVlVSWCvKnxnsOG0iGrF1Eo9CPsUnEydHT8lH9owO6GCw6aFMup/YppNyhTR70n82qISckuBsvkqAO+6GjRqm/Nku2FBriaXkUfb3Axmph/igz8lTQHgxC7mz8X7SnVmtbGKWHM318CX0ZulAV58MYJfI35lLL6TRwcDkj17To7TKv1tfnvu9QTSTHyfSg953dayxnTjZl7W0lWp9GIop7Oy4YIy/Vu24E6rvjSX81a4KYH0871TnBPTM2IxVpH1LLk+DO4NlH9eIh9su+gOkt73w3pooIMXToJj6Kod3FG3ZpcOIS4HYOPij5dRyM1B2/LJ8XMlhBgDAgRpla3Dw1NVYQCSmP79/L1thHSdA5FmccUEucDvz42F/KgrwnaBJYx6uMU/sfGAF9KgtVovpjTcsc1xP7e+v8cz1HWD5N7I3eHKck4VkPejZBqpSpqHipwsFgtON7giv7I+MsufQRK5GkETR6o0QFrqKb7UN5fVoe6Wj1NL+v3JL1xgPf5pTA8hsbSiGdAM3asGLWWjDEVnhT7Pvdy1tZ4eP/ESZ7OSQ27oYTrHvJBzWKxfKAWSVziUEtMDhUlxe2kmzBLE9zbgvI0yGQuW9e8ju9dJdnzQXXN1vTkpImiT4tZH63UAP6bzm8doE7Wyl3a1an3PyfGj4uTUS5R/BLqxdC3fMqCVPfuwWGhgYfYMUWdVRdw4Ebpm9cGd9dCJnhch0rDPQD7/CQ6HKhsDlAHRO/s13YxPZpmk10uT35Wm1j9eu1MzAc/Mj2fxJWcNTZPrpkCw9K6hkenmjD1ldsNU8gfLL2TgeNk1rlRke/mLahlLjRpnUtEY8bwOdPsLQVVxftw2C1ApFDVyqbbaLHwhw2UGvn5jjFEXpn4U/jRpBGP8WaUfYTqE/Hkj33B5yE6yagLCs63UwbxPyyLtPzapFTg/l9/F9one2Pap6VM2obxjO+XV7Z6NhKBEBx4n5wOi3k7pDacJye3UhtNRFlUXny5FBX0QsL7K6ypj9cm2fxrz8ZW3o967vtukDXP1G709x9LvMv/PGmJncNTHZMAupGkNcmp9YnqLbSi21Z8mOxLC8Uh56nOhxq5nQQjBa51bOoF+ciOllaO8055Mm5sjejaXLUQwenYOtzUcOGxq7cw2kcNu65uF/hfobV7qQ+BW0m9Bl9cwfiWWKIFiYeSd6wWmIQqwUqWbIl6WdE6esJ3jFv2B0fvbPq72EFu3P0MPyZz5k27BpgcU9xHrH/lwEdwkO/EANBffrhNS28k2Ily57uOL0S/5V8iKE2MxpD2JBLlkzUhsWrCw5KcD0iURa9Uuta5JzEyg/qUr87UhRnAj2as9PcQQwkk5VI341x8oE4Er1rSO5rW3x+4uE6jSlxbWuoQSSLPwu2IPJ8AqcNtT/pHqJwib+zohOPyJoTUG9HyDvxnhbu9QrbG4il69i1dRDDooK1n/lox3/1HqVuE8FJRoOagp5joQkzeFkrynVCt3uDQ4htFkz4ASrzMyEK+ifd6hnjnuM0UTHigikvkuBcGum3uUO2g7GeN/dUghzH8FLDKBUVk06BiRK/mu2msHRTwg8G4LLkDSvMAZTlkn+mGVvC33v4EyVrLpQ3ZBZwHJxL9b/MNj1TkGBc56zE+SkwL8AeMHxLrhg6fXk1fRlQ5X0hoqj/VFL996kBw5TgJkDQzW64f5DXHgz+zeHnnl0LJwRHdMGh/1W2+VfDqf1cLiPLSDgSrUfsGx72R3TSQrp46UIF5Ry8MAogFb2fDPUDNafgm7qzXHwJI7BCulnze2n5orJon4W6M70pgTVENv/3UIehqamcHKLZP49nXPWSE123qvhSxEIQ/ArtU2hOVMlmn8GcQ96DLTdeF48ANNRLKNY8GRMx1tSLYBHL7xoQhngmTXo+XrJtdv4BQuvsvZNF6X6vAqDGUMXsKxOv50H/MFRW7C7w8x6+78uJTlSpLoSUd3HrviM6yhHlC+fw3SWSk727UZxo9YwmIKZxFtgN1tJGQdH6R6+xd100/o16kUCbuw566Zcve26bIbvy6RrNmWHD6b/5qu+rBGiyQTuAiNJ7Syd2Saap3aDwDVp7G++i7nH55V1n3iAEpic8MwYNjalx2TDrrqGTYESkrvKlDgb7HmiFaTJ3SEVs20tYrkE39S2DwPvU5AoxwT4DNAP1zy4xHNbJKYNoZKExbNyJIkM1CRoYypk3lhLqy7a2r4qlBS8xPy9kRg/8fu/ksOYP2YPJZEiwbykbqPH0MpgKwbnmqesTr7skF6PqfJ175A2xnlCwiWj/QrBPm26yTsu8BCi1fEe5Whj5uyCA0EnWcuYBTFtDhQW8ph+BNurR6n/+1BF3+YX2II6sP9/qm2u9iE7zhFsoYf/aWFfJFvDEH63WmGQPOAt9hxVYTZgq2dtjvz5ozy/dzAgn5bG51wT4U/rBBhai4RCqtGHiYHx+urVGs3H23vimDX4Dv1t3P8K+xKLAFLE9+SVGgcAkVfiENUKxqUD5YkS/BY4Tkd6r66xUDSdAjxsTaPT+hrYD5IIsp7gzBXbkFI8s8pkPu3n3P/A+OkIUt2ONWOR9/3Th/0iv9M/EBhhCL6PJDIJOWB7y3Sqh7DqfCl4CnPkiPcDQC/4q503354SO1q0LbMuO9HQWOv69wwOyf947JXHuaFEXzpvnWW05H7NizVLolgx/AH7/z03aB/bblaH/aa668cRhGOnvnNGyrgVwrVHAJI366lWM7olYxXL1K0BQKG5TBvKbXM34VWBoGBwQOB1MV9q33lqyBasITgtu8NQzSGX1grF2X/+9LVucOdBiTdPaWuyvz14Q5zpuvNN5DcxK501Pl8Rlowh1JfaBquJoXvie5S3tBv2jLc4NdXb0rajbX27P0fTBxkkx48X8sBuyBk5IWVu8XFny6M/gUw9XSS6L1RqIAlhAPRnnGg+tSI+VU8PEi9E2BftKcvEFstnRGEcjUMaBceAmwQ22Kc0cMIeOZMonxHeXKnOA6v8EnTmi9vHp+o5S8GUHV/Zki0H0ebQ4vqiY29gi2AXFYK8HI9YsvVIYCZ7eynO1zbksV7iBcaiikZduAu1oucNrIhoLKRfmi3NhDuWKvy4ZDY75GTwrGsTQsg+hw228Sz6QuUXa6Y0nICnCfJ8AHQ3j04fXZ7557gnmQyNYD8IgWZdQVaou2DgGGe+VbfwcX1I0rUu9jYUSxpqi8nQEG1943kgPcKcpMtFSjshDnkP8g2cPh3cPCmGtT4wr8R8U8n2K1JOfUzdfMZqGPSFVWiY9OJ3tp9DbuL7sBKW1xjGflpaqnDRYPtvwdk01G80+/lTq8zxUbKXaltmCoT3+16mjKtRKvkfXtWtycNpdKVegV8Lm669rLJ/ROg4/xIHZoZw+7Jhn104TTscVjDjqo+laQe+3pWbm3RT+GhASKutolqWMWsh8HynBTWvrheccfk2oqFxpt72TVtu3B+g7bGx7ZeP7BikxvyqzodfNHJkzcbhTGj8ynCwcz7bVOe7MPISqreJhkh7EqWSRrvrr1bq/Uz/pSEaLjdcovep1VSTTDxbKrjRAGaslRDnOcw/BUpJwwW+CZMdlUwRVxzrsGUGDGWqCpgNxqCcd6uRbccXH11YxdtJaS1m9hM4hNsGAZr/bQIpx1+FgDdE6LoXFucx60aSTpHsNQfADXFny+AP7tb82yf3OWHrBEzUM/4/BwDNThfWD5elB74N/5z14mqWS+gxxEnus/AZcgrsrr/5zqAbqr40rIrJmVVmdTCqQg74zYr9dFL+yup5dwUlznhXKqVuxf+J30U9dYTHxnU0/uESp3ipIj2doFQBdoruxRjfdjRyUMkLDqipBteLV/ZW7LiWQ4nS6Rn+mTTyUE+caeyPE2GhJ7sZc118mHlcWF2vmfSs/Zl+bnD1WG38GTg3EirmW0KvhzLGqtsTu0rclq+3puhWBMf9EzQ/nXmjxB0kmV6WBfcpx7PYpNxUc1Z4Y9EKFIpNbUN80ZbOBMATAJD+S/IXDCQMVpddRp3Id/yxnuFdEd0TQsx9kBb2Hi3PVoRiEBLe+3tOSZyvmFzCYomZOxRgU7Lin+NAWg40Ohl2YcaleUXIKXzYw4Dk1mY33NA4AGOITXWNX1gavQohj4VjacPdFCKNwxHineQCuPppQWK6S0bPpMbmgg/2Q19c72sjCpaklohJRwGICR0hW08xFiKMaKkHtOCDOu6tCVoPkS0uUUIsoc2QRpXIBZlNWrCxQzOcCeuMX+sZQwpbcgpnCOCLbTy8OsGVWd90tJMmmgDWsi1GSGpzGP+7yr3TdwYjHe79Huwp504e1tBBF3xWMA909tAcb4tsNKW9HYgfqW4jbOIa6UCK2nWiCjG/B3s5iWp3oXc0E8CIod0suSoceGic1h9iX1BqjGDIg5kdToGrV7uxyk8p45VlVN1+GfluAZfjentaz5NaR7trBbYmdyhx9+PksRbj8NJscISQsOEq0h47+2DbdTi9vjYsMcIAQqq9qDBcmoIDc4T0+O+UusCvB5Sfh5T0zK3J4Bz4gBN8NSFMn65Q59CPVeOqBD5EcaNCjiYInUnKrNwqgvjxoi6G4+cEKpiU25CItSRCUg2uCmmzE7gKfiLdqd0BqZYMUWLAlNxIQ0QDDyS17euXdjplHMJSiTzJI34bFqpFYNF0GtCyK0lucqbWhZx4hjf4YLklpiqd2d7eOIGLeOZJW4nM/6K54iOE1dke2JCq00UvvDDs6gFZlgC/R9NNwO4ypXS2TPS4r7yoS83PQVlbOcZtSUKYB+j9IoQhod9CeEpc/HgJqMbg5OXD3+I25OC8lCa69rKFzcZgBxlQ/cI9xzZdZX4Ozdor5hXo5cDqyb6E0OApMtykYBVCBitfz1ufOSUv+7abNXNkcqZvgacEJtnmWCfcjPaLhFD/GHAlv1Fu37ogHa2TkKWRX8+tS0NcxYB3ISz11VO0Wtt0uMNr9Yxc4ow4Ipm7MBWob0H7TdswMD5cOf/tlvCfY02iQxMfdxspSIgCRpvG1BTPg+bRu0X71bXawLNYRVEN3VtSQlLWJFFXj7y3FrJJ5xGidysL07dA0KM+ubHKi+8A/rloy/j200G6MbDafjtM3Dg3jUMIrpIGiLHzwIADqjwXaok2k6oXQ1IioIEGSkFz41mi73O/yABGxawElUnD3HGOha9sQiqWfPhnefvGTaldIdtG0Lcieiavuyw0YsAMarW4iLucd6gQBusPcHUdqEPOrYaIcfbvjKivz7FTIpb0ZkV4z4umBWQeYb3o6Ncjk0KSEp5PNBm+qSx3C5ZGqDfFT8N/ABkHjxIq6lWwhTRx+kVXIFfT01KyTMSdMDF+EZJn4+DcDAk81lhVWSApNdzjbYAmdApS+miHZdKQY4VrRfNzlF2LxKBf9W//0pIvnWTBYUr7aM9+ud9tbxzWZp+EVWnVN68toKFxQZhgqPDkLwb8diZBsIXJqZPdXfYQYHrlXzqmY9fiTdq6i6U+STNbYwTe7iU/QVTmNrzxlOLo3lJq1iA6F3YrMeO2nc2DkXlo9PkgwJ9uilALnVwBpf1aPakAJ1DtOC0wiwhGNCSNDEQtTGeicaTz65pk3+snfFF2S5DbepCFZrjKNSWJ+8EYN45h+1WpyWymwlAYGW5OBepl5EeElF4flvN+cwSsFVYzx6mGbD3FxTzbN9PRYRDYI8o8RZAMpZXiH9/pQI0RGDzpKZ22LnRLH/1IovfYT/DGs9p5LTn09+XxwA6Tc4SpJuk4vScoyoXhlWshX07bj9A2DqbZE4jAKqktwviQRVgwJvnCvT3FTLs4fa1lwkyiVOpbP0sE38F60FBfzT2FVswIeO1IM0G81aaWPWDTES0OLQViDMSeRVmotHFTNUBrzBPPm4FfrwCAMPC65zk0rQ9Hbv9mOS5FsEWiiugfzF9aI+XWno7PYjTEkpXJ4Fm1vhXoGZ4ZVph2UErw9hD094Zb5u16cbgXlJPpAQN3fHlcBHYFdJL6o4c8Y1DfukWnu0YLG5CyofLabv/3pQg0BGijb1P18pV8lm0qPV93KsZ0LVqtrsjJ0EqjlK3oIeaYDkcwLOi0GbbG3PLtKf0I5vRtV/tAb3SAldZSjfEXPi8Hh18ZHPGcRXTLROit1bieYtC6S3MOKnvc68fiKdIjh5NPg0VpxrsepsdGCE1kxP6KsBS/ayhyFp7sP/O0i9uVOMb+3pYEEZ5xgVDeDLNU54n89L/1SwiUUTEg/9enG+lyghwC5jH4UXBINyYoxp2o1AskxfY7oHdZ4zNDyU2jfMQrQ2Df84LugbxHWtvlcFNnUIMk+onyy8TtiVZOezl+Zw77HTJz8pZ2gjn0BcbDtMWGj3+o0Gzs6uVJ0h447/YEJuHgnFQK5VPPzjz+ctVkzuMLPK58dcge8q+pOlXduywi8NJohvAhRZPJ5Jk2zeoSLJxRorMWE1JKiFLlY9r1uk4VW0bMNm5ON3uyROUCmCOCIinMQhmyzgRVJ3K9wyrjqSkBMhCe+LULq3BcLYTKghVUyuZ6drP5EWmQSrYxYEK12CKhes6q1dWJA4xOcZOPT3uao5OhOPBXY5fRbchOv1Gu7OWd/6j6vH1+uChAnsDQMQgwLmBr6CJs7oYD2aBJUfLzSeC8LXVHUV1DgRRkhwMTKK5No7p2jttR4kFTBZw2U9bnas4VP9JL67BUNunvrW4DS1nXgvrZAUY0DVFv8GwKvvh7IX0o++q2YigQXcV1dgovPidccG1bNGGiCQbJe+Vntm4+Dxssin0moA40UuKV8sGyYYrq9lNzfwIoQFpyu8NDQYL9xjSRmfhRuPwU60TpSb1yuaMb6fDjNcwF9/XDsQFiI18GaCXjWJd/Nn9UXn4/QWtsOvYjCnumVLj0QDz+C+2Ow3FBsoGZvz8yevoQ8oSK6wcu5p0JgWeBeKUXtntfxr66dNVs3GuVYTZghFZi1TXsI/VvAU155H0+rA+wa3kGhq54kzkWnD9ffHXPVGW8QG5/8YUx6bQsj8WPpi0BG1IyqijOpb3LTA3B0TsZXpAsw2KNSknND+nHekFmOw3fBFiMBjscqkNCtyCOFm3Ndc6KzC8Gy+Hnl3UNSuajSLvQ9Z4BKy8N3wKdp0bwR+A3KCBvQFM/sDUNmDPHh54k3ffnKzn2THeeOA6ZsvCn32Kew+i/DK7YUmT8IBT8QxPycungal8D6gogFLz/njp45LzZOMY0Ber4A/mBz4VQo4GjtvlMpLNfCfdnr3Foyw7wHW3XfBJ0f3Br1hmJwlp/j3pjlea+PBvQb4jsvkPej8oM++hgAZ80oqbgIPnPhLIXJvJlRQGzGT9tuXAiU/l5vD2dH5gXf+KOHDum9lPPGv8g0cvtEITx0VqXq7mgMhI+9GnsSuatcPuA3k+2VqkuFw/CKJLfYXsMEo7RlYndg4x/uzkbC/F+irUuozpMKeBLvwWU9uyljh54gWXPm5O8rN1j7V5pBce7A3RilvdQXTa5FoVcgJg7Sgh8hDCfavZlWppK5nr92shaVW7unWZw7coN2u3p0Hjww6kqncFlsvK3Joq/B9VmFvQnsW3Nq+KOXJEbDZ5lctYMIo9Jpvy03rQ//ONfZfIEUVV4cjRvonkk4E+RX3TyJL5qBqYA1V/7glw15ZsZUSfvBbcygg0bhv9f5FqUMXOZBLUywIzBkiJpxuI0ZDh2/ttVZoGDbZ3yjC4cIge0hMdDKgzz1hcPghceqAoLANWJBdnizetX18SnxKCiLtq7eDkfmsV93LFtnvumLKgJafFANa36RVR7/MmmR2Lgvcdbfmo8CGuEOVASoA4+C8XkFyFgseJmeBlL3/hUZaC4NRsQu84UKlYa+UemTwK5N5qCjZl9fes9vN2c2//5iysADdWHwc3Xiwtel67+x1f/Q/kYJblv/R3LChFfB9knhUx5St5nEsAzrNrUrUqZRXIpN7DWUTAydNIwtIDwD8PHVEHilEP8MUtlpvDBd3M1zmgmXaTTB8LP8ZBpVxLmE+PhUKeu+QvHLzfeWjQ9UWSnmGCyXeEQ8rOS8rLnr6h5DN6/CTsDC4SFwYUwNfkh5c26IOkMumn9yoAvddgHiGHEfbm0dcR1opVzBq6JM0Evdm3K3nGHn5ZnlSXBnnv/+uaofFfazEYoQ8pnZfqRoiyfnjdb7xSum4pBjX85h8ftjlJr51B8CEzG/pzXZA4l/TdxzT6VaMfulIvP2nl9ZRQH8QBBlXUvbd2Ymcwby5lN9mQVXwyMgc5cYuOGza7wGwQu+uyB7bDeHjsPiRjsh5ZX4wmOcvyDlo9zJA6y+CUKXp/B5GE4GkK+1YOXQ/2H1NH5JcnfwryvFomjhC/N56K66gQnXxVPxhxsVooNVHT+jEvKFNPTl2Ziwps9DG60HascfQ7eJTZGLspOCM/kXBueUP7yz7Br61ewn6MIfbsobQaIEDXgshF2b9P5g0mC7P0IIG/cnkwlyklXItr+oZpM1LjToz0VZdnPGwkNdKjodk3e1PMAI/WaliZgz7N8Il6ljmsqxylksQ/LQ7GsG/1Jxx8H4SpOrcxTad/HSxBR75dQYrHJ+ZXd/q9rysidWmxBMFZb45FGZ9beNvF9l3vMalebb2928cUF8JO1esIO700IHuSwo9h5zY6679eAFHbDzQiR8qRNFGuII3HB7cDPgmabfsmxvobLo0qU7n/08+NkbkIcnfH6DmGSDHSz/6pdxSbYYflR/SRObWAQJC7RymVVfeX9G3oZVPT5Tzr6/rgmXQmiivIMEw3YGo63oHeRc4ubn5BakZIvrON3pzAmwUJge+9KIQPXkMprGDrs4FSqpIrAtxBwc0xqep8VFW/Fiqe1XgJyq76BlUX8SUj5Dyud26/RXgTtEgBUwbV0LEPHtTB7ttG1y1Mcrbc2ltxKrTU4MDZhTdR+/nPum8BnRJMfGYuqWPLNWsiWsh/WpHZdNgrtKOJq9nb4FSnLw9qTn7caWtoTJS5eLiMpzEQ8cGiOLQcJVA3OXsqalNCIkBmhvm1axH8HBf8jkDox19TeirRYewgvajgufZ8GQahl8pNAGnhdWOPwt6uMKFaSCD4GRa1vCCmaI9hzAu3+wZ7yLO2zrgbpwllnBtPYvQXd5Gp094JeQLdmStspVESsJbCcW7IYvR23JHUicC/fIaf70ufyhbJRstssXdgDfsFe2G+N0GM8DdLgMoGObWcfeAd/nB7vs99oHRq9S2zAVTPAQCW5/Ns1TsRBSLhuoZO0JnZjIHrhMKyrqZ3aiPRiXPx76wk9lN1ePofQsCm5jAEhpmioGQQs3K7TdMtfbrUfd2+Lv1vfB397mnfjlLw6tBivY44T9aaWH/ZjBnw4b18B2gH329CbQp8fF/AolGK5c+1G7r7f6M7jVKHHuxEzxkYWKc16ReV98lPML+MRhKv38xn89qcWeXkeuFswRF1AdUiHBRNh8ucpywSBWJ/69/HwPfKeeAucFZcG2lYc+u//5eHf3Px8L/dd/kZbS0GeNWTNP/qpvWf5aqbPLX1v/9v7EN397V6WmaJhomGiYaJhomGiYaJhomGiYaJhomGiYaJhomGjY/8PDho+Q0OaLn1HczV0YQK8pPw6B6K75+tOFx7/+jKIIEkEiSASJIBEkgkSQCBJBIkgEiSARJIJEkAgSQf/roN1oHmbxb8CatyxQeev9oiDP95h/ddkm//V/oi2CRJAIEkEiSASJIBEkgkSQCBJBIkgEiSARJIJE0P8+yHywS2zxvxLD5C4U0b7hSl/dLPbVH7/v2Pr1X7QXQSJIBIkgESSCRJAIEkEiSASJIBEkgkSQCBJBIuh/IdRVKrFt8R8/LDgT9rUoItZ//X9C3vj6o6BeIkgEiSARJIJEkAgSQSJIBIkgESSCRJAI+veATvz5bNeDN3oZaos//Wxh9SP22Pk//g9QSwcIssXo0oh2AAAK5gAAUEsBAhQAFAAICAgAsENMUs4ct0OdwAAAQOYAAA8AAAAAAAAAAAAAAAAAAAAAAEFDU1Jlc291cmNlLnBkZlBLAQIUABQACAgIALBDTFLeMnX84R0FAPidBQAPAAAAAAAAAAAAAAAAANrAAABOb3J0aGFtcHRvbi5wbmdQSwECFAAUAAgICACwQ0xSAV8FQR+8AQC/OwIAFgAAAAAAAAAAAAAAAAD43gUAUEFDRVJfQ2FzZVN1bW1hcnkwLnBuZ1BLAQIUABQACAgIALBDTFKnJv9PosYBAPVEAgAWAAAAAAAAAAAAAAAAAFubBwBQQUNFUl9DYXNlU3VtbWFyeTEucG5nUEsBAhQAFAAICAgAsENMUr4/V1ZM5wAAc1YBABYAAAAAAAAAAAAAAAAAQWIJAFBBQ0VSX0Nhc2VTdW1tYXJ5Mi5wbmdQSwECFAAUAAgICACwQ0xStHuUPqXlAABDXwEAFQAAAAAAAAAAAAAAAADRSQoAUEFDRVJfUmVwb3J0TGluazAucG5nUEsBAhQAFAAICAgAsENMUsem+cnb9AAAwW8BABUAAAAAAAAAAAAAAAAAuS8LAFBBQ0VSX1JlcG9ydExpbmsxLnBuZ1BLAQIUABQACAgIALBDTFIoopCCyG0CAIfiAgAVAAAAAAAAAAAAAAAAANckDABQQUNFUl9SZXBvcnRMaW5rMi5wbmdQSwECFAAUAAgICACwQ0xSW+7KvfpyAAB54gAAFQAAAAAAAAAAAAAAAADikg4AUEFDRVJfU3RhdHVzTGluazAucG5nUEsBAhQAFAAICAgAsENMUkUPlfLydAAAdeQAABUAAAAAAAAAAAAAAAAAHwYPAFBBQ0VSX1N0YXR1c0xpbmsxLnBuZ1BLAQIUABQACAgIALBDTFKyxejSiHYAAArmAAAVAAAAAAAAAAAAAAAAAFR7DwBQQUNFUl9TdGF0dXNMaW5rMi5wbmdQSwUGAAAAAAsACwDYAgAAH/IPAAAA
streamjava.io.BufferedOutputStream@551976c2
**Converted ZIP folder**
**ZIP folder path is : C:\Users\Vchavala\eclipse-workspace\ma\DownloadPDF\197048_021220210815.zip
**Folder deleted :C:\Users\Vchavala\eclipse-workspace\ma\DownloadPDF\197048_021220210815
Able to login AWS S3
cookies list : pippinTitleAdm=%7B%22token%22%3A%22eyJhbGciOiJIUzI1NiIsInR5cCI6IkpXVCJ9.eyJpZCI6eyJ1c2VyIjoiYWM1YmYyMWQtNDZkYy00YjcwLTlmODYtMGU2YzVmMzFjZjNjIiwiYXMiOiJhZG1pbiIsImZyb20iOiJhZG1pbiJ9LCJpYXQiOjE2MTMxMzY2MTEsImV4cCI6MTYxMzE2NTQxMX0.7gkv61ST5e7h6EiN5JUgutdS7rnz9o8NL1xHb-_gdNA%22%2C%22user%22%3A%7B%22User_ID%22%3A%22ac5bf21d-46dc-4b70-9f86-0e6c5f31cf3c%22%2C%22User_First_Name%22%3A%22ad%22%2C%22User_Last_Name%22%3A%22User4%22%2C%22User_Role%22%3A3%2C%22User_TOSA%22%3A6%2C%22User_Type%22%3Anull%2C%22Organization_ID%22%3Anull%2C%22User_Code%22%3A4%7D%7D; path=/; domain=devadmin.pippintitle.com
Cookie is: %7B%22token%22%3A%22eyJhbGciOiJIUzI1NiIsInR5cCI6IkpXVCJ9.eyJpZCI6eyJ1c2VyIjoiYWM1YmYyMWQtNDZkYy00YjcwLTlmODYtMGU2YzVmMzFjZjNjIiwiYXMiOiJhZG1pbiIsImZyb20iOiJhZG1pbiJ9LCJpYXQiOjE2MTMxMzY2MTEsImV4cCI6MTYxMzE2NTQxMX0.7gkv61ST5e7h6EiN5JUgutdS7rnz9o8NL1xHb-_gdNA%22%2C%22user%22%3A%7B%22User_ID%22%3A%22ac5bf21d-46dc-4b70-9f86-0e6c5f31cf3c%22%2C%22User_First_Name%22%3A%22ad%22%2C%22User_Last_Name%22%3A%22User4%22%2C%22User_Role%22%3A3%2C%22User_TOSA%22%3A6%2C%22User_Type%22%3Anull%2C%22Organization_ID%22%3Anull%2C%22User_Code%22%3A4%7D%7D
O2 is: {"User_Last_Name":"User4","User_TOSA":6,"Organization_ID":null,"User_Role":3,"User_Code":4,"User_ID":"ac5bf21d-46dc-4b70-9f86-0e6c5f31cf3c","User_First_Name":"ad","User_Type":null}
Property Id is: 8db6ec14-7d86-4245-8cc6-5c2993e2e433
**document add order api===============>{"Order_ID":"197048","Property_ID":"8db6ec14-7d86-4245-8cc6-5c2993e2e433","Created_By":"ac5bf21d-46dc-4b70-9f86-0e6c5f31cf3c","File":{"Path":"AutomateMA\/197048_021220210815.zip","Type":4,"Original_Name":"197048_021220210815.zip","Name":"197048_021220210815.zip"}}
Add Document API POST Response Code55 :  200
Add Document API POST Response Message55 : OK
]]></system-out>
    <system-err><![CDATA[Starting ChromeDriver 87.0.4280.20 (c99e81631faa0b2a448e658c0dbd8311fb04ddbd-refs/branch-heads/4280@{#355}) on port 23539
Only local connections are allowed.
Please see https://chromedriver.chromium.org/security-considerations for suggestions on keeping ChromeDriver safe.
ChromeDriver was started successfully.
[1613135743.046][WARNING]: This version of ChromeDriver has not been tested with Chrome version 88.
Feb 12, 2021 8:15:45 AM org.openqa.selenium.remote.ProtocolHandshake createSession
INFO: Detected dialect: W3C
org.openqa.selenium.NoSuchElementException: no such element: Unable to locate element: {"method":"xpath","selector":"//*[text()='Next']"}
  (Session info: headless chrome=88.0.4324.150)
For documentation on this error, please visit: http://seleniumhq.org/exceptions/no_such_element.html
Build info: version: '3.13.0', revision: '2f0d292', time: '2018-06-25T15:24:21.231Z'
System info: host: 'LAPTOP-6BHRP2ML', ip: '10.61.1.174', os.name: 'Windows 10', os.arch: 'amd64', os.version: '10.0', java.version: '1.8.0_271'
Driver info: org.openqa.selenium.chrome.ChromeDriver
Capabilities {acceptInsecureCerts: false, browserName: chrome, browserVersion: 88.0.4324.150, chrome: {chromedriverVersion: 87.0.4280.20 (c99e81631faa0..., userDataDir: C:\Users\Vchavala\AppData\L...}, goog:chromeOptions: {debuggerAddress: localhost:52646}, javascriptEnabled: true, networkConnectionEnabled: false, pageLoadStrategy: normal, platform: WINDOWS, platformName: WINDOWS, proxy: Proxy(), setWindowRect: true, strictFileInteractability: false, timeouts: {implicit: 0, pageLoad: 300000, script: 30000}, unhandledPromptBehavior: dismiss and notify, webauthn:virtualAuthenticators: true}
Session ID: 9c1c37448ad4daec498e94c9bbd647a6
*** Element info: {Using=xpath, value=//*[text()='Next']}
	at sun.reflect.NativeConstructorAccessorImpl.newInstance0(Native Method)
	at sun.reflect.NativeConstructorAccessorImpl.newInstance(NativeConstructorAccessorImpl.java:62)
	at sun.reflect.DelegatingConstructorAccessorImpl.newInstance(DelegatingConstructorAccessorImpl.java:45)
	at java.lang.reflect.Constructor.newInstance(Constructor.java:423)
	at org.openqa.selenium.remote.http.W3CHttpResponseCodec.createException(W3CHttpResponseCodec.java:187)
	at org.openqa.selenium.remote.http.W3CHttpResponseCodec.decode(W3CHttpResponseCodec.java:122)
	at org.openqa.selenium.remote.http.W3CHttpResponseCodec.decode(W3CHttpResponseCodec.java:49)
	at org.openqa.selenium.remote.HttpCommandExecutor.execute(HttpCommandExecutor.java:158)
	at org.openqa.selenium.remote.service.DriverCommandExecutor.execute(DriverCommandExecutor.java:83)
	at org.openqa.selenium.remote.RemoteWebDriver.execute(RemoteWebDriver.java:548)
	at org.openqa.selenium.remote.RemoteWebDriver.findElement(RemoteWebDriver.java:322)
	at org.openqa.selenium.remote.RemoteWebDriver.findElementByXPath(RemoteWebDriver.java:424)
	at org.openqa.selenium.By$ByXPath.findElement(By.java:353)
	at org.openqa.selenium.remote.RemoteWebDriver.findElement(RemoteWebDriver.java:314)
	at ma.Barnstable.Berkshireprocess(Barnstable.java:1653)
	at ma.Barnstable.CountyUrls(Barnstable.java:557)
	at ma.Barnstable.BarnstableTest(Barnstable.java:201)
	at sun.reflect.NativeMethodAccessorImpl.invoke0(Native Method)
	at sun.reflect.NativeMethodAccessorImpl.invoke(NativeMethodAccessorImpl.java:62)
	at sun.reflect.DelegatingMethodAccessorImpl.invoke(DelegatingMethodAccessorImpl.java:43)
	at java.lang.reflect.Method.invoke(Method.java:498)
	at org.testng.internal.MethodInvocationHelper.invokeMethod(MethodInvocationHelper.java:124)
	at org.testng.internal.Invoker.invokeMethod(Invoker.java:583)
	at org.testng.internal.Invoker.invokeTestMethod(Invoker.java:719)
	at org.testng.internal.Invoker.invokeTestMethods(Invoker.java:989)
	at org.testng.internal.TestMethodWorker.invokeTestMethods(TestMethodWorker.java:125)
	at org.testng.internal.TestMethodWorker.run(TestMethodWorker.java:109)
	at org.testng.TestRunner.privateRun(TestRunner.java:648)
	at org.testng.TestRunner.run(TestRunner.java:505)
	at org.testng.SuiteRunner.runTest(SuiteRunner.java:455)
	at org.testng.SuiteRunner.runSequentially(SuiteRunner.java:450)
	at org.testng.SuiteRunner.privateRun(SuiteRunner.java:415)
	at org.testng.SuiteRunner.run(SuiteRunner.java:364)
	at org.testng.SuiteRunnerWorker.runSuite(SuiteRunnerWorker.java:52)
	at org.testng.SuiteRunnerWorker.run(SuiteRunnerWorker.java:84)
	at org.testng.TestNG.runSuitesSequentially(TestNG.java:1208)
	at org.testng.TestNG.runSuitesLocally(TestNG.java:1137)
	at org.testng.TestNG.runSuites(TestNG.java:1049)
	at org.testng.TestNG.run(TestNG.java:1017)
	at org.apache.maven.surefire.testng.TestNGExecutor.run(TestNGExecutor.java:284)
	at org.apache.maven.surefire.testng.TestNGXmlTestSuite.execute(TestNGXmlTestSuite.java:75)
	at org.apache.maven.surefire.testng.TestNGProvider.invoke(TestNGProvider.java:119)
	at org.apache.maven.surefire.booter.ForkedBooter.runSuitesInProcess(ForkedBooter.java:428)
	at org.apache.maven.surefire.booter.ForkedBooter.execute(ForkedBooter.java:162)
	at org.apache.maven.surefire.booter.ForkedBooter.run(ForkedBooter.java:562)
	at org.apache.maven.surefire.booter.ForkedBooter.main(ForkedBooter.java:548)
org.openqa.selenium.NoSuchElementException: no such element: Unable to locate element: {"method":"xpath","selector":"//*[text()='Next']"}
  (Session info: headless chrome=88.0.4324.150)
For documentation on this error, please visit: http://seleniumhq.org/exceptions/no_such_element.html
Build info: version: '3.13.0', revision: '2f0d292', time: '2018-06-25T15:24:21.231Z'
System info: host: 'LAPTOP-6BHRP2ML', ip: '10.61.1.174', os.name: 'Windows 10', os.arch: 'amd64', os.version: '10.0', java.version: '1.8.0_271'
Driver info: org.openqa.selenium.chrome.ChromeDriver
Capabilities {acceptInsecureCerts: false, browserName: chrome, browserVersion: 88.0.4324.150, chrome: {chromedriverVersion: 87.0.4280.20 (c99e81631faa0..., userDataDir: C:\Users\Vchavala\AppData\L...}, goog:chromeOptions: {debuggerAddress: localhost:52646}, javascriptEnabled: true, networkConnectionEnabled: false, pageLoadStrategy: normal, platform: WINDOWS, platformName: WINDOWS, proxy: Proxy(), setWindowRect: true, strictFileInteractability: false, timeouts: {implicit: 0, pageLoad: 300000, script: 30000}, unhandledPromptBehavior: dismiss and notify, webauthn:virtualAuthenticators: true}
Session ID: 9c1c37448ad4daec498e94c9bbd647a6
*** Element info: {Using=xpath, value=//*[text()='Next']}
	at sun.reflect.NativeConstructorAccessorImpl.newInstance0(Native Method)
	at sun.reflect.NativeConstructorAccessorImpl.newInstance(NativeConstructorAccessorImpl.java:62)
	at sun.reflect.DelegatingConstructorAccessorImpl.newInstance(DelegatingConstructorAccessorImpl.java:45)
	at java.lang.reflect.Constructor.newInstance(Constructor.java:423)
	at org.openqa.selenium.remote.http.W3CHttpResponseCodec.createException(W3CHttpResponseCodec.java:187)
	at org.openqa.selenium.remote.http.W3CHttpResponseCodec.decode(W3CHttpResponseCodec.java:122)
	at org.openqa.selenium.remote.http.W3CHttpResponseCodec.decode(W3CHttpResponseCodec.java:49)
	at org.openqa.selenium.remote.HttpCommandExecutor.execute(HttpCommandExecutor.java:158)
	at org.openqa.selenium.remote.service.DriverCommandExecutor.execute(DriverCommandExecutor.java:83)
	at org.openqa.selenium.remote.RemoteWebDriver.execute(RemoteWebDriver.java:548)
	at org.openqa.selenium.remote.RemoteWebDriver.findElement(RemoteWebDriver.java:322)
	at org.openqa.selenium.remote.RemoteWebDriver.findElementByXPath(RemoteWebDriver.java:424)
	at org.openqa.selenium.By$ByXPath.findElement(By.java:353)
	at org.openqa.selenium.remote.RemoteWebDriver.findElement(RemoteWebDriver.java:314)
	at ma.Barnstable.Berkshireprocess(Barnstable.java:1697)
	at ma.Barnstable.CountyUrls(Barnstable.java:557)
	at ma.Barnstable.BarnstableTest(Barnstable.java:201)
	at sun.reflect.NativeMethodAccessorImpl.invoke0(Native Method)
	at sun.reflect.NativeMethodAccessorImpl.invoke(NativeMethodAccessorImpl.java:62)
	at sun.reflect.DelegatingMethodAccessorImpl.invoke(DelegatingMethodAccessorImpl.java:43)
	at java.lang.reflect.Method.invoke(Method.java:498)
	at org.testng.internal.MethodInvocationHelper.invokeMethod(MethodInvocationHelper.java:124)
	at org.testng.internal.Invoker.invokeMethod(Invoker.java:583)
	at org.testng.internal.Invoker.invokeTestMethod(Invoker.java:719)
	at org.testng.internal.Invoker.invokeTestMethods(Invoker.java:989)
	at org.testng.internal.TestMethodWorker.invokeTestMethods(TestMethodWorker.java:125)
	at org.testng.internal.TestMethodWorker.run(TestMethodWorker.java:109)
	at org.testng.TestRunner.privateRun(TestRunner.java:648)
	at org.testng.TestRunner.run(TestRunner.java:505)
	at org.testng.SuiteRunner.runTest(SuiteRunner.java:455)
	at org.testng.SuiteRunner.runSequentially(SuiteRunner.java:450)
	at org.testng.SuiteRunner.privateRun(SuiteRunner.java:415)
	at org.testng.SuiteRunner.run(SuiteRunner.java:364)
	at org.testng.SuiteRunnerWorker.runSuite(SuiteRunnerWorker.java:52)
	at org.testng.SuiteRunnerWorker.run(SuiteRunnerWorker.java:84)
	at org.testng.TestNG.runSuitesSequentially(TestNG.java:1208)
	at org.testng.TestNG.runSuitesLocally(TestNG.java:1137)
	at org.testng.TestNG.runSuites(TestNG.java:1049)
	at org.testng.TestNG.run(TestNG.java:1017)
	at org.apache.maven.surefire.testng.TestNGExecutor.run(TestNGExecutor.java:284)
	at org.apache.maven.surefire.testng.TestNGXmlTestSuite.execute(TestNGXmlTestSuite.java:75)
	at org.apache.maven.surefire.testng.TestNGProvider.invoke(TestNGProvider.java:119)
	at org.apache.maven.surefire.booter.ForkedBooter.runSuitesInProcess(ForkedBooter.java:428)
	at org.apache.maven.surefire.booter.ForkedBooter.execute(ForkedBooter.java:162)
	at org.apache.maven.surefire.booter.ForkedBooter.run(ForkedBooter.java:562)
	at org.apache.maven.surefire.booter.ForkedBooter.main(ForkedBooter.java:548)
Feb 12, 2021 8:25:14 AM org.openqa.selenium.remote.Augmenter extractRemoteWebDriver
WARNING: Augmenter should be applied to the instances of @Augmentable classes or previously augmented instances only (instance class was: class org.openqa.selenium.chrome.ChromeDriver)
Feb 12, 2021 8:26:04 AM org.openqa.selenium.remote.Augmenter extractRemoteWebDriver
WARNING: Augmenter should be applied to the instances of @Augmentable classes or previously augmented instances only (instance class was: class org.openqa.selenium.chrome.ChromeDriver)
Feb 12, 2021 8:26:19 AM org.openqa.selenium.remote.Augmenter extractRemoteWebDriver
WARNING: Augmenter should be applied to the instances of @Augmentable classes or previously augmented instances only (instance class was: class org.openqa.selenium.chrome.ChromeDriver)
Feb 12, 2021 8:26:35 AM org.openqa.selenium.remote.Augmenter extractRemoteWebDriver
WARNING: Augmenter should be applied to the instances of @Augmentable classes or previously augmented instances only (instance class was: class org.openqa.selenium.chrome.ChromeDriver)
Feb 12, 2021 8:27:11 AM org.openqa.selenium.remote.Augmenter extractRemoteWebDriver
WARNING: Augmenter should be applied to the instances of @Augmentable classes or previously augmented instances only (instance class was: class org.openqa.selenium.chrome.ChromeDriver)
Feb 12, 2021 8:27:25 AM org.openqa.selenium.remote.Augmenter extractRemoteWebDriver
WARNING: Augmenter should be applied to the instances of @Augmentable classes or previously augmented instances only (instance class was: class org.openqa.selenium.chrome.ChromeDriver)
Feb 12, 2021 8:27:41 AM org.openqa.selenium.remote.Augmenter extractRemoteWebDriver
WARNING: Augmenter should be applied to the instances of @Augmentable classes or previously augmented instances only (instance class was: class org.openqa.selenium.chrome.ChromeDriver)
Feb 12, 2021 8:28:17 AM org.openqa.selenium.remote.Augmenter extractRemoteWebDriver
WARNING: Augmenter should be applied to the instances of @Augmentable classes or previously augmented instances only (instance class was: class org.openqa.selenium.chrome.ChromeDriver)
Feb 12, 2021 8:28:31 AM org.openqa.selenium.remote.Augmenter extractRemoteWebDriver
WARNING: Augmenter should be applied to the instances of @Augmentable classes or previously augmented instances only (instance class was: class org.openqa.selenium.chrome.ChromeDriver)
Feb 12, 2021 8:28:47 AM org.openqa.selenium.remote.Augmenter extractRemoteWebDriver
WARNING: Augmenter should be applied to the instances of @Augmentable classes or previously augmented instances only (instance class was: class org.openqa.selenium.chrome.ChromeDriver)
log4j:WARN No appenders could be found for logger (com.amazonaws.internal.config.InternalConfig).
log4j:WARN Please initialize the log4j system properly.
]]></system-err>
  </testcase>
</testsuite>